2026-06-24 18:27:36Z hc1 (D2R_1): frame unknown [degraded] | last no input yet
2026-06-24 18:27:36Z hc2 (D2R_2): frame unknown [degraded] | last no input yet
2026-06-24 18:27:36Z hc3 (D2R_3): frame unknown [degraded] | last no input yet
2026-06-24 18:27:39Z hc1 (D2R_1): frame unknown [degraded] | last no input yet
2026-06-24 18:27:39Z hc2 (D2R_2): frame unknown [degraded] | last no input yet
2026-06-24 18:27:39Z hc3 (D2R_3): frame unknown [degraded] | last no input yet
2026-06-24 18:27:41Z hc1 (D2R_1): frame unknown [degraded] | last no input yet
2026-06-24 18:27:41Z hc2 (D2R_2): frame unknown [degraded] | last no input yet
2026-06-24 18:27:41Z hc3 (D2R_3): frame unknown [degraded] | last no input yet
2026-06-24 18:27:44Z hc1 (D2R_1): frame unknown [degraded] | last no input yet
2026-06-24 18:27:44Z hc2 (D2R_2): frame unknown [degraded] | last no input yet
2026-06-24 18:27:44Z hc3 (D2R_3): frame unknown [degraded] | last no input yet
2026-06-24 18:27:46Z hc1 (D2R_1): frame Unknown (0s ago) [degraded] | last no input yet
2026-06-24 18:27:46Z hc2 (D2R_2): frame Unknown (0s ago) [degraded] | last no input yet
2026-06-24 18:27:46Z hc3 (D2R_3): frame Unknown (0s ago) [degraded] | last no input yet
2026-06-24 18:27:48Z hc1 (D2R_1): frame Unknown (2s ago) [degraded] | last no input yet
2026-06-24 18:27:48Z hc2 (D2R_2): frame Unknown (2s ago) [degraded] | last no input yet
2026-06-24 18:27:48Z hc3 (D2R_3): frame Unknown (2s ago) [degraded] | last no input yet
2026-06-24 18:27:50Z hc1 (D2R_1): frame Unknown (5s ago) [degraded] | last key/Escape/G/Space/Enter@683,384 (1s ago), fg ?
2026-06-24 18:27:50Z hc2 (D2R_2): frame Unknown (5s ago) [degraded] | last key/Escape/G/Space/Enter@683,384 (1s ago), fg ?
2026-06-24 18:27:50Z hc3 (D2R_3): frame Unknown (4s ago) [degraded] | last key/Escape/G/Space/Enter@683,384 (1s ago), fg ?
2026-06-24 18:27:53Z hc1 (D2R_1): frame Unknown (7s ago) [degraded] | last key/Escape/G/Space/Enter@683,384 (4s ago), fg ?
2026-06-24 18:27:53Z hc2 (D2R_2): frame Unknown (7s ago) [degraded] | last key/Escape/G/Space/Enter@683,384 (4s ago), fg ?
2026-06-24 18:27:53Z hc3 (D2R_3): frame Unknown (7s ago) [degraded] | last key/Escape/G/Space/Enter@683,384 (4s ago), fg ?
2026-06-24 18:27:55Z hc1 (D2R_1): frame Unknown (9s ago) [degraded] | last key/Escape/G/Space/Enter@683,384 (6s ago), fg ?
2026-06-24 18:27:55Z hc2 (D2R_2): frame Unknown (9s ago) [degraded] | last key/Escape/G/Space/Enter@683,384 (6s ago), fg ?
2026-06-24 18:27:55Z hc3 (D2R_3): frame Unknown (9s ago) [degraded] | last key/Escape/G/Space/Enter@683,384 (6s ago), fg ?
2026-06-24 18:27:57Z hc1 (D2R_1): frame Unknown (11s ago) [degraded] | last key/Escape/G/Space/Enter@683,384 (8s ago), fg ?
2026-06-24 18:27:57Z hc2 (D2R_2): frame Unknown (11s ago) [degraded] | last key/Escape/G/Space/Enter@683,384 (8s ago), fg ?
2026-06-24 18:27:57Z hc3 (D2R_3): frame Unknown (11s ago) [degraded] | last key/Escape/G/Space/Enter@683,384 (8s ago), fg ?
2026-06-24 18:28:00Z hc1 (D2R_1): frame Unknown (1s ago) [degraded] | last key/Escape/G/Space/Enter@683,384 (11s ago), fg ?
2026-06-24 18:28:00Z hc2 (D2R_2): frame Unknown (0s ago) [degraded] | last key/Escape/G/Space/Enter@683,384 (11s ago), fg ?
2026-06-24 18:28:00Z hc3 (D2R_3): frame Unknown (0s ago) [degraded] | last key/Escape/G/Space/Enter@683,384 (10s ago), fg ?
2026-06-24 18:28:02Z hc1 (D2R_1): frame Unknown (3s ago) [degraded] | last key/Escape/G/Space/Enter@683,384 (0s ago), fg ?
2026-06-24 18:28:02Z hc2 (D2R_2): frame Unknown (3s ago) [degraded] | last key/Escape/G/Space/Enter@683,384 (0s ago), fg ?
2026-06-24 18:28:02Z hc3 (D2R_3): frame Unknown (2s ago) [degraded] | last key/Escape/G/Space/Enter@683,384 (13s ago), fg ?
2026-06-24 18:28:04Z hc1 (D2R_1): frame Unknown (5s ago) [degraded] | last key/Escape/G/Space/Enter@683,384 (2s ago), fg ?
2026-06-24 18:28:04Z hc2 (D2R_2): frame Unknown (5s ago) [degraded] | last key/Escape/G/Space/Enter@683,384 (2s ago), fg ?
2026-06-24 18:28:04Z hc3 (D2R_3): frame Unknown (5s ago) [degraded] | last key/Escape/G/Space/Enter@683,384 (2s ago), fg ?
2026-06-24 18:28:07Z hc1 (D2R_1): frame Unknown (7s ago) [degraded] | last key/Escape/G/Space/Enter@683,384 (4s ago), fg ?
2026-06-24 18:28:07Z hc2 (D2R_2): frame Unknown (7s ago) [degraded] | last key/Escape/G/Space/Enter@683,384 (4s ago), fg ?
2026-06-24 18:28:07Z hc3 (D2R_3): frame Unknown (7s ago) [degraded] | last key/Escape/G/Space/Enter@683,384 (4s ago), fg ?
2026-06-24 18:28:09Z hc1 (D2R_1): frame Unknown (10s ago) [degraded] | last key/Escape/G/Space/Enter@683,384 (7s ago), fg ?
2026-06-24 18:28:09Z hc2 (D2R_2): frame Unknown (9s ago) [degraded] | last key/Escape/G/Space/Enter@683,384 (6s ago), fg ?
2026-06-24 18:28:09Z hc3 (D2R_3): frame Unknown (9s ago) [degraded] | last key/Escape/G/Space/Enter@683,384 (6s ago), fg ?
2026-06-24 18:28:11Z hc1 (D2R_1): frame Unknown (12s ago) [degraded] | last key/Escape/G/Space/Enter@683,384 (9s ago), fg ?
2026-06-24 18:28:11Z hc2 (D2R_2): frame Unknown (12s ago) [degraded] | last key/Escape/G/Space/Enter@683,384 (9s ago), fg ?
2026-06-24 18:28:11Z hc3 (D2R_3): frame Unknown (12s ago) [degraded] | last key/Escape/G/Space/Enter@683,384 (8s ago), fg ?
2026-06-24 18:28:13Z hc1 (D2R_1): frame Unknown (1s ago) [degraded] | last key/Escape/G/Space/Enter@683,384 (11s ago), fg ?
2026-06-24 18:28:13Z hc2 (D2R_2): frame Unknown (1s ago) [degraded] | last key/Escape/G/Space/Enter@683,384 (11s ago), fg ?
2026-06-24 18:28:13Z hc3 (D2R_3): frame Unknown (1s ago) [degraded] | last key/Escape/G/Space/Enter@683,384 (11s ago), fg ?
2026-06-24 18:28:16Z hc1 (D2R_1): frame Unknown (4s ago) [degraded] | last key/Escape/G/Space/Enter@683,384 (1s ago), fg ?
2026-06-24 18:28:16Z hc2 (D2R_2): frame Unknown (3s ago) [degraded] | last key/Escape/G/Space/Enter@683,384 (0s ago), fg ?
2026-06-24 18:28:16Z hc3 (D2R_3): frame Unknown (3s ago) [degraded] | last key/Escape/G/Space/Enter@683,384 (0s ago), fg ?
2026-06-24 18:28:18Z hc1 (D2R_1): frame Unknown (6s ago) [degraded] | last key/Escape/G/Space/Enter@683,384 (3s ago), fg ?
2026-06-24 18:28:18Z hc2 (D2R_2): frame Unknown (5s ago) [degraded] | last key/Escape/G/Space/Enter@683,384 (2s ago), fg ?
2026-06-24 18:28:18Z hc3 (D2R_3): frame Unknown (5s ago) [degraded] | last key/Escape/G/Space/Enter@683,384 (2s ago), fg ?
2026-06-24 18:28:20Z hc1 (D2R_1): frame DiabloSplash (2s ago) [degraded] | last key/Escape/G/Space/Enter@683,384 (5s ago), fg ?
2026-06-24 18:28:20Z hc2 (D2R_2): frame Unknown (8s ago) [degraded] | last key/Escape/G/Space/Enter@683,384 (5s ago), fg ?
2026-06-24 18:28:20Z hc3 (D2R_3): frame Unknown (8s ago) [degraded] | last key/Escape/G/Space/Enter@683,384 (5s ago), fg ?
2026-06-24 18:28:23Z hc1 (D2R_1): frame DiabloSplash (4s ago) [degraded] | last key/SplashContinue/G/Space/Enter@683,384 (2s ago), fg ?
2026-06-24 18:28:23Z hc2 (D2R_2): frame Unknown (10s ago) [degraded] | last key/Escape/G/Space/Enter@683,384 (7s ago), fg ?
2026-06-24 18:28:23Z hc3 (D2R_3): frame Unknown (10s ago) [degraded] | last key/Escape/G/Space/Enter@683,384 (7s ago), fg ?
2026-06-24 18:28:25Z hc1 (D2R_1): frame DiabloSplash (6s ago) [degraded] | last key/SplashContinue/G/Space/Enter@683,384 (4s ago), fg ?
2026-06-24 18:28:25Z hc2 (D2R_2): frame Unknown (12s ago) [degraded] | last key/Escape/G/Space/Enter@683,384 (9s ago), fg ?
2026-06-24 18:28:25Z hc3 (D2R_3): frame Unknown (12s ago) [degraded] | last key/Escape/G/Space/Enter@683,384 (9s ago), fg ?
2026-06-24 18:28:27Z hc1 (D2R_1): frame DiabloSplash (8s ago) [degraded] | last key/SplashContinue/G/Space/Enter@683,384 (6s ago), fg ?
2026-06-24 18:28:27Z hc2 (D2R_2): frame Unknown (1s ago) [degraded] | last key/Escape/G/Space/Enter@683,384 (11s ago), fg ?
2026-06-24 18:28:27Z hc3 (D2R_3): frame CharacterScreen (1s ago) [degraded] | last key/Escape/G/Space/Enter@683,384 (12s ago), fg ?
2026-06-24 18:28:29Z hc1 (D2R_1): frame DiabloSplash (11s ago) [degraded] | last key/SplashContinue/G/Space/Enter@683,384 (8s ago), fg ?
2026-06-24 18:28:29Z hc2 (D2R_2): frame Unknown (3s ago) [degraded] | last key/Escape/G/Space/Enter@683,384 (0s ago), fg ?
2026-06-24 18:28:29Z hc3 (D2R_3): frame CharacterScreen (3s ago) [degraded] | last key/Escape/G/Space/Enter@683,384 (14s ago), fg ?
2026-06-24 18:28:32Z hc1 (D2R_1): frame CharacterScreen (1s ago) [degraded] | last key/SplashContinue/G/Space/Enter@683,384 (11s ago), fg ?
2026-06-24 18:28:32Z hc2 (D2R_2): frame Unknown (6s ago) [degraded] | last key/Escape/G/Space/Enter@683,384 (3s ago), fg ?
2026-06-24 18:28:32Z hc3 (D2R_3): frame CharacterScreen (6s ago) [degraded] | last key/Escape/G/Space/Enter@683,384 (16s ago), fg ?
2026-06-24 18:28:34Z hc1 (D2R_1): frame CharacterScreen (3s ago) [degraded] | last key/SplashContinue/G/Space/Enter@683,384 (13s ago), fg ?
2026-06-24 18:28:34Z hc2 (D2R_2): frame Unknown (8s ago) [degraded] | last key/Escape/G/Space/Enter@683,384 (5s ago), fg ?
2026-06-24 18:28:34Z hc3 (D2R_3): frame CharacterScreen (8s ago) [degraded] | last key/Escape/G/Space/Enter@683,384 (18s ago), fg ?
2026-06-24 18:28:36Z hc1 (D2R_1): frame CharacterScreen (5s ago) [degraded] | last key/SplashContinue/G/Space/Enter@683,384 (15s ago), fg ?
2026-06-24 18:28:36Z hc2 (D2R_2): frame Unknown (10s ago) [degraded] | last key/Escape/G/Space/Enter@683,384 (7s ago), fg ?
2026-06-24 18:28:36Z hc3 (D2R_3): frame CharacterScreen (10s ago) [degraded] | last key/Escape/G/Space/Enter@683,384 (21s ago), fg ?
2026-06-24 18:28:38Z hc1 (D2R_1): frame CharacterScreen (8s ago) [degraded] | last key/SplashContinue/G/Space/Enter@683,384 (18s ago), fg ?
2026-06-24 18:28:38Z hc2 (D2R_2): frame Unknown (12s ago) [degraded] | last key/Escape/G/Space/Enter@683,384 (10s ago), fg ?
2026-06-24 18:28:38Z hc3 (D2R_3): frame CharacterScreen (13s ago) [degraded] | last key/Escape/G/Space/Enter@683,384 (23s ago), fg ?
2026-06-24 18:28:41Z hc1 (D2R_1): frame CharacterScreen (10s ago) [degraded] | last key/SplashContinue/G/Space/Enter@683,384 (20s ago), fg ?
2026-06-24 18:28:41Z hc2 (D2R_2): frame Unknown (15s ago) [degraded] | last key/Escape/G/Space/Enter@683,384 (12s ago), fg ?
2026-06-24 18:28:41Z hc3 (D2R_3): frame CharacterScreen (15s ago) [degraded] | last key/Escape/G/Space/Enter@683,384 (25s ago), fg ?
2026-06-24 18:28:43Z hc1 (D2R_1): frame CharacterScreen (12s ago) [degraded] | last key/SplashContinue/G/Space/Enter@683,384 (22s ago), fg ?
2026-06-24 18:28:43Z hc2 (D2R_2): frame Unknown (17s ago) [degraded] | last key/Escape/G/Space/Enter@683,384 (14s ago), fg ?
2026-06-24 18:28:43Z hc3 (D2R_3): frame CharacterScreen (17s ago) [degraded] | last key/Escape/G/Space/Enter@683,384 (27s ago), fg ?
2026-06-24 18:28:45Z hc1 (D2R_1): frame CharacterScreen (14s ago) [degraded] | last key/SplashContinue/G/Space/Enter@683,384 (24s ago), fg ?
2026-06-24 18:28:45Z hc2 (D2R_2): frame Unknown (19s ago) [degraded] | last key/Escape/G/Space/Enter@683,384 (16s ago), fg ?
2026-06-24 18:28:45Z hc3 (D2R_3): frame CharacterScreen (19s ago) [degraded] | last key/Escape/G/Space/Enter@683,384 (30s ago), fg ?
2026-06-24 18:28:48Z hc1 (D2R_1): frame CharacterScreen (17s ago) [degraded] | last key/SplashContinue/G/Space/Enter@683,384 (27s ago), fg ?
2026-06-24 18:28:48Z hc2 (D2R_2): frame Unknown (22s ago) [degraded] | last key/Escape/G/Space/Enter@683,384 (19s ago), fg ?
2026-06-24 18:28:48Z hc3 (D2R_3): frame CharacterScreen (22s ago) [degraded] | last key/Escape/G/Space/Enter@683,384 (32s ago), fg ?
2026-06-24 18:28:50Z hc1 (D2R_1): frame CharacterScreen (19s ago) [degraded] | last key/SplashContinue/G/Space/Enter@683,384 (29s ago), fg ?
2026-06-24 18:28:50Z hc2 (D2R_2): frame Unknown (24s ago) [degraded] | last key/Escape/G/Space/Enter@683,384 (21s ago), fg ?
2026-06-24 18:28:50Z hc3 (D2R_3): frame CharacterScreen (24s ago) [degraded] | last key/Escape/G/Space/Enter@683,384 (34s ago), fg ?
2026-06-24 18:28:52Z hc1 (D2R_1): frame CharacterScreen (21s ago) [degraded] | last key/SplashContinue/G/Space/Enter@683,384 (31s ago), fg ?
2026-06-24 18:28:52Z hc2 (D2R_2): frame Unknown (26s ago) [degraded] | last key/Escape/G/Space/Enter@683,384 (23s ago), fg ?
2026-06-24 18:28:52Z hc3 (D2R_3): frame CharacterScreen (26s ago) [degraded] | last key/Escape/G/Space/Enter@683,384 (37s ago), fg ?
2026-06-24 18:28:54Z hc1 (D2R_1): frame CharacterScreen (24s ago) [degraded] | last key/SplashContinue/G/Space/Enter@683,384 (33s ago), fg ?
2026-06-24 18:28:54Z hc2 (D2R_2): frame Unknown (28s ago) [degraded] | last key/Escape/G/Space/Enter@683,384 (25s ago), fg ?
2026-06-24 18:28:54Z hc3 (D2R_3): frame CharacterScreen (28s ago) [degraded] | last click/Left@799,689 (0s ago), fg ? | at EnsureLobbyOpenedAsync: remembered-character-screen click (1s ago)
2026-06-24 18:28:57Z hc1 (D2R_1): frame CharacterScreen (26s ago) [degraded] | last key/SplashContinue/G/Space/Enter@683,384 (36s ago), fg ?
2026-06-24 18:28:57Z hc2 (D2R_2): frame Unknown (31s ago) [degraded] | last key/Escape/G/Space/Enter@683,384 (28s ago), fg ?
2026-06-24 18:28:57Z hc3 (D2R_3): frame CharacterScreen (31s ago) [degraded] | last click/Left@1046,55 (0s ago), fg ? | at ClickLobbyTabDirectAsync: second ClickD2R (0s ago)
2026-06-24 18:28:59Z hc1 (D2R_1): frame CharacterScreen (28s ago) [degraded] | last click/Left@799,689 (1s ago), fg ? | at EnsureLobbyOpenedAsync: remembered-character-screen click (1s ago)
2026-06-24 18:28:59Z hc2 (D2R_2): frame Unknown (33s ago) [degraded] | last key/Escape/G/Space/Enter@683,384 (30s ago), fg ?
2026-06-24 18:28:59Z hc3 (D2R_3): frame CharacterScreen (33s ago) [degraded] | last click/Left@952,106 (0s ago), fg ? | at RestoreJoinGameFormAsync: fill game name (1s ago)
2026-06-24 18:29:01Z hc1 (D2R_1): frame CharacterScreen (30s ago) [degraded] | last click/Left@1046,55 (0s ago), fg ? | at RestoreJoinGameFormAsync: fill game name (0s ago)
2026-06-24 18:29:01Z hc2 (D2R_2): frame Unknown (35s ago) [degraded] | last key/Escape/G/Space/Enter@683,384 (32s ago), fg ?
2026-06-24 18:29:01Z hc3 (D2R_3): frame CharacterScreen (35s ago) [degraded] | last click/Left@1143,106 (0s ago), fg ? | at ClickLobbyTabDirectAsync: first ClickD2R (0s ago)
2026-06-24 18:29:03Z hc1 (D2R_1): frame CharacterScreen (32s ago) [degraded] | last click/Left@952,106 (1s ago), fg ? | at RestoreJoinGameFormAsync: fill password (0s ago)
2026-06-24 18:29:03Z hc2 (D2R_2): frame Unknown (37s ago) [degraded] | last key/Escape/G/Space/Enter@683,384 (34s ago), fg ?
2026-06-24 18:29:03Z hc3 (D2R_3): frame CharacterScreen (37s ago) [degraded] | last click/Left@952,106 (0s ago), fg ? | at RestoreJoinGameFormAsync: fill game name (0s ago)
2026-06-24 18:29:05Z hc1 (D2R_1): frame CharacterScreen (35s ago) [degraded] | last click/Left@1143,106 (1s ago), fg ? | at ClickLobbyTabDirectAsync: first ClickD2R (0s ago)
2026-06-24 18:29:05Z hc2 (D2R_2): frame Unknown (39s ago) [degraded] | last key/Escape/G/Space/Enter@683,384 (37s ago), fg ?
2026-06-24 18:29:05Z hc3 (D2R_3): frame CharacterScreen (40s ago) [degraded] | last click/Left@1143,106 (0s ago), fg ? | at RestoreJoinGameFormAsync: fill password (0s ago)
2026-06-24 18:29:08Z hc1 (D2R_1): frame CharacterScreen (37s ago) [degraded] | last click/Left@952,106 (0s ago), fg ? | at RestoreJoinGameFormAsync: fill game name (1s ago)
2026-06-24 18:29:08Z hc2 (D2R_2): frame Unknown (42s ago) [degraded] | last key/Escape/G/Space/Enter@683,384 (39s ago), fg ?
2026-06-24 18:29:08Z hc3 (D2R_3): frame CharacterScreen (42s ago) [degraded] | last click/Left@1045,478 (0s ago), fg ? | at ClickMenuEntryButtonUntilEnteredGameAsync: initial click (1s ago)
2026-06-24 18:29:10Z hc1 (D2R_1): frame CharacterScreen (39s ago) [degraded] | last click/Left@1143,106 (0s ago), fg ? | at RestoreJoinGameFormAsync: fill password (1s ago)
2026-06-24 18:29:10Z hc2 (D2R_2): frame Unknown (44s ago) [degraded] | last key/Escape/G/Space/Enter@683,384 (41s ago), fg ?
2026-06-24 18:29:10Z hc3 (D2R_3): frame CharacterScreen (44s ago) [degraded] | last click/Left@1045,478 (3s ago), fg ? | at ClickMenuEntryButtonUntilEnteredGameAsync: initial click (3s ago)
2026-06-24 18:29:12Z hc1 (D2R_1): frame CharacterScreen (42s ago) [degraded] | last click/Left@1045,478 (1s ago), fg ? | at ClickMenuEntryButtonUntilEnteredGameAsync: initial click (2s ago)
2026-06-24 18:29:12Z hc2 (D2R_2): frame Unknown (46s ago) [degraded] | last key/Escape/G/Space/Enter@683,384 (43s ago), fg ?
2026-06-24 18:29:12Z hc3 (D2R_3): frame CharacterScreen (46s ago) [degraded] | last click/Left@1045,478 (5s ago), fg ? | at ClickMenuEntryButtonUntilEnteredGameAsync: initial click (5s ago)
2026-06-24 18:29:15Z hc1 (D2R_1): frame CharacterScreen (44s ago) [degraded] | last click/Left@1045,478 (3s ago), fg ? | at ClickMenuEntryButtonUntilEnteredGameAsync: initial click (4s ago)
2026-06-24 18:29:15Z hc2 (D2R_2): frame Unknown (49s ago) [degraded] | last key/Escape/G/Space/Enter@683,384 (46s ago), fg ?
2026-06-24 18:29:15Z hc3 (D2R_3): frame CharacterScreen (49s ago) [degraded] | last click/Left@1045,478 (7s ago), fg ? | at ClickMenuEntryButtonUntilEnteredGameAsync: initial click (8s ago)
2026-06-24 18:29:17Z hc1 (D2R_1): frame CharacterScreen (46s ago) [degraded] | last click/Left@1045,478 (6s ago), fg ? | at ClickMenuEntryButtonUntilEnteredGameAsync: initial click (6s ago)
2026-06-24 18:29:17Z hc2 (D2R_2): frame Unknown (51s ago) [degraded] | last key/Escape/G/Space/Enter@683,384 (48s ago), fg ?
2026-06-24 18:29:17Z hc3 (D2R_3): frame CharacterScreen (51s ago) [degraded] | last click/Left@1045,478 (10s ago), fg ? | at ClickMenuEntryButtonUntilEnteredGameAsync: initial click (10s ago)
2026-06-24 18:29:19Z hc1 (D2R_1): frame CharacterScreen (49s ago) [degraded] | last click/Left@1045,478 (8s ago), fg ? | at ClickMenuEntryButtonUntilEnteredGameAsync: initial click (9s ago)
2026-06-24 18:29:19Z hc2 (D2R_2): frame Unknown (54s ago) [degraded] | last key/Escape/G/Space/Enter@683,384 (51s ago), fg ?
2026-06-24 18:29:19Z hc3 (D2R_3): frame CharacterScreen (54s ago) [degraded] | last click/Left@1045,478 (12s ago), fg ? | at ClickMenuEntryButtonUntilEnteredGameAsync: initial click (12s ago)
2026-06-24 18:29:22Z hc1 (D2R_1): frame CharacterScreen (51s ago) [degraded] | last click/Left@1045,478 (10s ago), fg ? | at ClickMenuEntryButtonUntilEnteredGameAsync: initial click (11s ago)
2026-06-24 18:29:22Z hc2 (D2R_2): frame Unknown (56s ago) [degraded] | last key/Escape/G/Space/Enter@683,384 (53s ago), fg ?
2026-06-24 18:29:22Z hc3 (D2R_3): frame CharacterScreen (56s ago) [degraded] | last click/Left@1045,478 (14s ago), fg ? | at ClickMenuEntryButtonUntilEnteredGameAsync: initial click (15s ago)
2026-06-24 18:29:24Z hc1 (D2R_1): frame CharacterScreen (53s ago) [degraded] | last click/Left@1045,478 (13s ago), fg ? | at ClickMenuEntryButtonUntilEnteredGameAsync: initial click (13s ago)
2026-06-24 18:29:24Z hc2 (D2R_2): frame Unknown (58s ago) [degraded] | last key/Escape/G/Space/Enter@683,384 (55s ago), fg ?
2026-06-24 18:29:24Z hc3 (D2R_3): frame CharacterScreen (58s ago) [degraded] | last click/Left@1045,478 (16s ago), fg ? | at ClickMenuEntryButtonUntilEnteredGameAsync: initial click (17s ago)
2026-06-24 18:29:26Z hc1 (D2R_1): frame CharacterScreen (55s ago) [degraded] | last click/Left@1045,478 (15s ago), fg ? | at ClickMenuEntryButtonUntilEnteredGameAsync: initial click (15s ago)
2026-06-24 18:29:26Z hc2 (D2R_2): frame Unknown (1m0s ago) [degraded] | last key/Escape/G/Space/Enter@683,384 (57s ago), fg ?
2026-06-24 18:29:26Z hc3 (D2R_3): frame CharacterScreen (1m0s ago) [degraded] | last click/Left@1045,478 (19s ago), fg ? | at ClickMenuEntryButtonUntilEnteredGameAsync: initial click (19s ago)
2026-06-24 18:29:28Z hc1 (D2R_1): frame CharacterScreen (58s ago) [degraded] | last click/Left@1045,478 (17s ago), fg ? | at ClickMenuEntryButtonUntilEnteredGameAsync: initial click (18s ago)
2026-06-24 18:29:28Z hc2 (D2R_2): frame Unknown (1m2s ago) [degraded] | last key/Escape/G/Space/Enter@683,384 (1m0s ago), fg ?
2026-06-24 18:29:28Z hc3 (D2R_3): frame CharacterScreen (1m3s ago) [degraded] | last click/Left@1045,478 (21s ago), fg ? | at ClickMenuEntryButtonUntilEnteredGameAsync: initial click (21s ago)
2026-06-24 18:29:31Z hc1 (D2R_1): frame CharacterScreen (1m0s ago) [degraded] | last click/Left@1045,478 (19s ago), fg ? | at ClickMenuEntryButtonUntilEnteredGameAsync: initial click (20s ago)
2026-06-24 18:29:31Z hc2 (D2R_2): frame Unknown (1m5s ago) [degraded] | last key/Escape/G/Space/Enter@683,384 (1m2s ago), fg ?
2026-06-24 18:29:31Z hc3 (D2R_3): frame CharacterScreen (1m5s ago) [degraded] | last click/Left@1045,478 (23s ago), fg ? | at ClickMenuEntryButtonUntilEnteredGameAsync: initial click (24s ago)
2026-06-24 18:29:33Z hc1 (D2R_1): frame CharacterScreen (1m2s ago) [degraded] | last click/Left@1045,478 (22s ago), fg ? | at ClickMenuEntryButtonUntilEnteredGameAsync: initial click (22s ago)
2026-06-24 18:29:33Z hc2 (D2R_2): frame CharacterScreen (0s ago) [degraded] | last key/Escape/G/Space/Enter@683,384 (1m4s ago), fg ?
2026-06-24 18:29:33Z hc3 (D2R_3): frame CharacterScreen (1m7s ago) [degraded] | last click/Left@1045,478 (25s ago), fg ? | at ClickMenuEntryButtonUntilEnteredGameAsync: initial click (26s ago)
2026-06-24 18:29:35Z hc1 (D2R_1): frame CharacterScreen (1m5s ago) [degraded] | last click/Left@1045,478 (24s ago), fg ? | at ClickMenuEntryButtonUntilEnteredGameAsync: initial click (24s ago)
2026-06-24 18:29:35Z hc2 (D2R_2): frame CharacterScreen (2s ago) [degraded] | last key/Escape/G/Space/Enter@683,384 (1m6s ago), fg ?
2026-06-24 18:29:35Z hc3 (D2R_3): frame CharacterScreen (1m9s ago) [degraded] | last click/Left@1045,478 (28s ago), fg ? | at ClickMenuEntryButtonUntilEnteredGameAsync: initial click (28s ago)
2026-06-24 18:29:38Z hc1 (D2R_1): frame CharacterScreen (1m7s ago) [degraded] | last click/Left@1045,478 (26s ago), fg ? | at ClickMenuEntryButtonUntilEnteredGameAsync: initial click (27s ago)
2026-06-24 18:29:38Z hc2 (D2R_2): frame CharacterScreen (4s ago) [degraded] | last key/Escape/G/Space/Enter@683,384 (1m9s ago), fg ?
2026-06-24 18:29:38Z hc3 (D2R_3): frame CharacterScreen (1m12s ago) [degraded] | last click/Left@1045,478 (30s ago), fg ? | at ClickMenuEntryButtonUntilEnteredGameAsync: initial click (31s ago)
2026-06-24 18:29:40Z hc1 (D2R_1): frame CharacterScreen (1m9s ago) [degraded] | last click/Left@1045,478 (28s ago), fg ? | at ClickMenuEntryButtonUntilEnteredGameAsync: initial click (29s ago)
2026-06-24 18:29:40Z hc2 (D2R_2): frame CharacterScreen (7s ago) [degraded] | last key/Escape/G/Space/Enter@683,384 (1m11s ago), fg ?
2026-06-24 18:29:40Z hc3 (D2R_3): frame CharacterScreen (1m14s ago) [degraded] | last click/Left@1045,478 (32s ago), fg ? | at ClickMenuEntryButtonUntilEnteredGameAsync: initial click (33s ago)
2026-06-24 18:29:42Z hc1 (D2R_1): frame CharacterScreen (1m11s ago) [degraded] | last click/Left@1045,478 (31s ago), fg ? | at ClickMenuEntryButtonUntilEnteredGameAsync: initial click (31s ago)
2026-06-24 18:29:42Z hc2 (D2R_2): frame CharacterScreen (9s ago) [degraded] | last key/Escape/G/Space/Enter@683,384 (1m13s ago), fg ?
2026-06-24 18:29:42Z hc3 (D2R_3): frame CharacterScreen (1m16s ago) [degraded] | last click/Left@1045,478 (35s ago), fg ? | at ClickMenuEntryButtonUntilEnteredGameAsync: initial click (35s ago)
2026-06-24 18:29:45Z hc1 (D2R_1): frame CharacterScreen (1m14s ago) [degraded] | last click/Left@1045,478 (33s ago), fg ? | at ClickMenuEntryButtonUntilEnteredGameAsync: initial click (34s ago)
2026-06-24 18:29:45Z hc2 (D2R_2): frame CharacterScreen (11s ago) [degraded] | last key/Escape/G/Space/Enter@683,384 (1m15s ago), fg ?
2026-06-24 18:29:45Z hc3 (D2R_3): frame CharacterScreen (1m19s ago) [degraded] | last click/Left@1045,478 (37s ago), fg ? | at ClickMenuEntryButtonUntilEnteredGameAsync: initial click (37s ago)
2026-06-24 18:29:47Z hc1 (D2R_1): frame CharacterScreen (1m16s ago) [degraded] | last click/Left@1045,478 (35s ago), fg ? | at ClickMenuEntryButtonUntilEnteredGameAsync: initial click (36s ago)
2026-06-24 18:29:47Z hc2 (D2R_2): frame CharacterScreen (14s ago) [degraded] | last key/Escape/G/Space/Enter@683,384 (1m18s ago), fg ?
2026-06-24 18:29:47Z hc3 (D2R_3): frame CharacterScreen (1m21s ago) [degraded] | last click/Left@1045,478 (39s ago), fg ? | at ClickMenuEntryButtonUntilEnteredGameAsync: initial click (40s ago)
2026-06-24 18:29:49Z hc1 (D2R_1): frame CharacterScreen (1m18s ago) [degraded] | last click/Left@1045,478 (38s ago), fg ? | at ClickMenuEntryButtonUntilEnteredGameAsync: initial click (38s ago)
2026-06-24 18:29:49Z hc2 (D2R_2): frame CharacterScreen (16s ago) [degraded] | last key/Escape/G/Space/Enter@683,384 (1m20s ago), fg ?
2026-06-24 18:29:49Z hc3 (D2R_3): frame CharacterScreen (1m23s ago) [degraded] | last click/Left@1045,478 (41s ago), fg ? | at ClickMenuEntryButtonUntilEnteredGameAsync: initial click (42s ago)
2026-06-24 18:29:51Z hc1 (D2R_1): frame CharacterScreen (1m21s ago) [degraded] | last click/Left@1045,478 (40s ago), fg ? | at ClickMenuEntryButtonUntilEnteredGameAsync: initial click (40s ago)
2026-06-24 18:29:51Z hc2 (D2R_2): frame CharacterScreen (18s ago) [degraded] | last key/Escape/G/Space/Enter@683,384 (1m22s ago), fg ?
2026-06-24 18:29:51Z hc3 (D2R_3): frame CharacterScreen (1m25s ago) [degraded] | last click/Left@1045,478 (44s ago), fg ? | at ClickMenuEntryButtonUntilEnteredGameAsync: initial click (44s ago)
2026-06-24 18:29:54Z hc1 (D2R_1): frame CharacterScreen (1m23s ago) [degraded] | last click/Left@1045,478 (42s ago), fg ? | at ClickMenuEntryButtonUntilEnteredGameAsync: initial click (43s ago)
2026-06-24 18:29:54Z hc2 (D2R_2): frame CharacterScreen (20s ago) [degraded] | last key/Escape/G/Space/Enter@683,384 (1m25s ago), fg ?
2026-06-24 18:29:54Z hc3 (D2R_3): frame InGame (1s ago) [degraded] | last click/Left@1045,478 (46s ago), fg ? | at ClickMenuEntryButtonUntilEnteredGameAsync: initial click (47s ago)
2026-06-24 18:29:56Z hc1 (D2R_1): frame InGame (0s ago) [degraded] | last click/Left@1045,478 (45s ago), fg ? | at ClickMenuEntryButtonUntilEnteredGameAsync: initial click (45s ago)
2026-06-24 18:29:56Z hc2 (D2R_2): frame CharacterScreen (23s ago) [degraded] | last key/Escape/G/Space/Enter@683,384 (1m27s ago), fg ?
2026-06-24 18:29:56Z hc3 (D2R_3): frame InGame (3s ago) [degraded] | last click/Left@1045,478 (48s ago), fg ? | at ClickMenuEntryButtonUntilEnteredGameAsync: initial click (49s ago)
2026-06-24 18:29:58Z hc1 (D2R_1): frame InGame (2s ago) [degraded] | last click/Left@1045,478 (47s ago), fg ? | at ClickMenuEntryButtonUntilEnteredGameAsync: initial click (47s ago)
2026-06-24 18:29:58Z hc2 (D2R_2): frame CharacterScreen (25s ago) [degraded] | last key/Escape/G/Space/Enter@683,384 (1m29s ago), fg ?
2026-06-24 18:29:58Z hc3 (D2R_3): frame InGame (6s ago) [degraded] | last click/Left@1045,478 (51s ago), fg ? | at ClickMenuEntryButtonUntilEnteredGameAsync: initial click (51s ago)
2026-06-24 18:30:01Z hc1 (D2R_1): frame InGame (5s ago) [degraded] | last click/Left@1045,478 (49s ago), fg ? | at ClickMenuEntryButtonUntilEnteredGameAsync: initial click (50s ago)
2026-06-24 18:30:01Z hc2 (D2R_2): frame CharacterScreen (28s ago) [degraded] | last click/Left@799,689 (0s ago), fg ? | at EnsureLobbyOpenedAsync: remembered-character-screen click (0s ago)
2026-06-24 18:30:01Z hc3 (D2R_3): frame InGame (8s ago) [degraded] | last click/Left@1045,478 (53s ago), fg ? | at ClickMenuEntryButtonUntilEnteredGameAsync: initial click (54s ago)
2026-06-24 18:30:03Z hc1 (D2R_1): frame InGame (7s ago) [degraded] | last click/Left@1045,478 (52s ago), fg ? | at ClickMenuEntryButtonUntilEnteredGameAsync: initial click (52s ago)
2026-06-24 18:30:03Z hc2 (D2R_2): frame CharacterScreen (30s ago) [degraded] | last click/Left@1046,55 (0s ago), fg ? | at ClickLobbyTabDirectAsync: second ClickD2R (0s ago)
2026-06-24 18:30:03Z hc3 (D2R_3): frame InGame (10s ago) [degraded] | last click/Left@1045,478 (55s ago), fg ? | at ClickMenuEntryButtonUntilEnteredGameAsync: initial click (56s ago)
2026-06-24 18:30:05Z hc1 (D2R_1): frame InGame (9s ago) [degraded] | last click/Left@1045,478 (54s ago), fg ? | at ClickMenuEntryButtonUntilEnteredGameAsync: initial click (54s ago)
2026-06-24 18:30:05Z hc2 (D2R_2): frame CharacterScreen (32s ago) [degraded] | last click/Left@952,106 (0s ago), fg ? | at RestoreJoinGameFormAsync: fill game name (1s ago)
2026-06-24 18:30:05Z hc3 (D2R_3): frame InGame (13s ago) [degraded] | last click/Left@1045,478 (58s ago), fg ? | at ClickMenuEntryButtonUntilEnteredGameAsync: initial click (58s ago)
2026-06-24 18:30:08Z hc1 (D2R_1): frame InGame (12s ago) [degraded] | last click/Left@1045,478 (56s ago), fg ? | at ClickMenuEntryButtonUntilEnteredGameAsync: initial click (57s ago)
2026-06-24 18:30:08Z hc2 (D2R_2): frame CharacterScreen (35s ago) [degraded] | last click/Left@1143,106 (0s ago), fg ? | at RestoreJoinGameFormAsync: fill password (2s ago)
2026-06-24 18:30:08Z hc3 (D2R_3): frame InGame (15s ago) [degraded] | last click/Left@1045,478 (1m0s ago), fg ? | at ClickMenuEntryButtonUntilEnteredGameAsync: initial click (1m1s ago)
2026-06-24 18:30:10Z hc1 (D2R_1): frame InGame (14s ago) [degraded] | last click/Left@1045,478 (59s ago), fg ? | at ClickMenuEntryButtonUntilEnteredGameAsync: initial click (59s ago)
2026-06-24 18:30:10Z hc2 (D2R_2): frame CharacterScreen (37s ago) [degraded] | last click/Left@952,106 (0s ago), fg ? | at RestoreJoinGameFormAsync: fill game name (0s ago)
2026-06-24 18:30:10Z hc3 (D2R_3): frame InGame (18s ago) [degraded] | last click/Left@1045,478 (1m3s ago), fg ? | at ClickMenuEntryButtonUntilEnteredGameAsync: initial click (1m3s ago)
2026-06-24 18:30:13Z hc1 (D2R_1): frame InGame (17s ago) [degraded] | last click/Left@1045,478 (1m1s ago), fg ? | at ClickMenuEntryButtonUntilEnteredGameAsync: initial click (1m2s ago)
2026-06-24 18:30:13Z hc2 (D2R_2): frame CharacterScreen (39s ago) [degraded] | last click/Left@1143,106 (0s ago), fg ? | at RestoreJoinGameFormAsync: fill password (1s ago)
2026-06-24 18:30:13Z hc3 (D2R_3): frame InGame (20s ago) [degraded] | last click/Left@1045,478 (1m5s ago), fg ? | at ClickMenuEntryButtonUntilEnteredGameAsync: initial click (1m5s ago)
2026-06-24 18:30:15Z hc1 (D2R_1): frame InGame (19s ago) [degraded] | last click/Left@1045,478 (1m3s ago), fg ? | at ClickMenuEntryButtonUntilEnteredGameAsync: initial click (1m4s ago)
2026-06-24 18:30:15Z hc2 (D2R_2): frame CharacterScreen (42s ago) [degraded] | last click/Left@1045,478 (0s ago), fg ? | at ClickMenuEntryButtonUntilEnteredGameAsync: initial click (1s ago)
2026-06-24 18:30:15Z hc3 (D2R_3): frame InGame (22s ago) [degraded] | last click/Left@1045,478 (1m7s ago), fg ? | at ClickMenuEntryButtonUntilEnteredGameAsync: initial click (1m8s ago)
2026-06-24 18:30:17Z hc1 (D2R_1): frame InGame (21s ago) [degraded] | last click/Left@1045,478 (1m6s ago), fg ? | at ClickMenuEntryButtonUntilEnteredGameAsync: initial click (1m6s ago)
2026-06-24 18:30:17Z hc2 (D2R_2): frame CharacterScreen (44s ago) [degraded] | last click/Left@1045,478 (3s ago), fg ? | at ClickMenuEntryButtonUntilEnteredGameAsync: initial click (3s ago)
2026-06-24 18:30:17Z hc3 (D2R_3): frame InGame (25s ago) [degraded] | last click/Left@1045,478 (1m10s ago), fg ? | at ClickMenuEntryButtonUntilEnteredGameAsync: initial click (1m10s ago)
2026-06-24 18:30:20Z hc1 (D2R_1): frame InGame (24s ago) [degraded] | last click/Left@1045,478 (1m8s ago), fg ? | at ClickMenuEntryButtonUntilEnteredGameAsync: initial click (1m9s ago)
2026-06-24 18:30:20Z hc2 (D2R_2): frame CharacterScreen (47s ago) [degraded] | last click/Left@1045,478 (5s ago), fg ? | at ClickMenuEntryButtonUntilEnteredGameAsync: initial click (6s ago)
2026-06-24 18:30:20Z hc3 (D2R_3): frame InGame (27s ago) [degraded] | last click/Left@1045,478 (1m12s ago), fg ? | at ClickMenuEntryButtonUntilEnteredGameAsync: initial click (1m13s ago)
2026-06-24 18:30:22Z hc1 (D2R_1): frame InGame (26s ago) [degraded] | last click/Left@1045,478 (1m11s ago), fg ? | at ClickMenuEntryButtonUntilEnteredGameAsync: initial click (1m11s ago)
2026-06-24 18:30:22Z hc2 (D2R_2): frame CharacterScreen (49s ago) [degraded] | last click/Left@1045,478 (7s ago), fg ? | at ClickMenuEntryButtonUntilEnteredGameAsync: initial click (8s ago)
2026-06-24 18:30:22Z hc3 (D2R_3): frame InGame (29s ago) [degraded] | last click/Left@1045,478 (1m14s ago), fg ? | at ClickMenuEntryButtonUntilEnteredGameAsync: initial click (1m15s ago)
2026-06-24 18:30:24Z hc1 (D2R_1): frame InGame (28s ago) [degraded] | last click/Left@1045,478 (1m13s ago), fg ? | at ClickMenuEntryButtonUntilEnteredGameAsync: initial click (1m13s ago)
2026-06-24 18:30:24Z hc2 (D2R_2): frame CharacterScreen (51s ago) [degraded] | last click/Left@1045,478 (10s ago), fg ? | at ClickMenuEntryButtonUntilEnteredGameAsync: initial click (10s ago)
2026-06-24 18:30:24Z hc3 (D2R_3): frame InGame (32s ago) [degraded] | last click/Left@1045,478 (1m17s ago), fg ? | at ClickMenuEntryButtonUntilEnteredGameAsync: initial click (1m17s ago)
2026-06-24 18:30:27Z hc1 (D2R_1): frame InGame (31s ago) [degraded] | last click/Left@1045,478 (1m15s ago), fg ? | at ClickMenuEntryButtonUntilEnteredGameAsync: initial click (1m16s ago)
2026-06-24 18:30:27Z hc2 (D2R_2): frame CharacterScreen (53s ago) [degraded] | last click/Left@1045,478 (12s ago), fg ? | at ClickMenuEntryButtonUntilEnteredGameAsync: initial click (13s ago)
2026-06-24 18:30:27Z hc3 (D2R_3): frame InGame (34s ago) [degraded] | last click/Left@1045,478 (1m19s ago), fg ? | at ClickMenuEntryButtonUntilEnteredGameAsync: initial click (1m19s ago)
2026-06-24 18:30:29Z hc1 (D2R_1): frame InGame (33s ago) [degraded] | last click/Left@1045,478 (1m17s ago), fg ? | at ClickMenuEntryButtonUntilEnteredGameAsync: initial click (1m18s ago)
2026-06-24 18:30:29Z hc2 (D2R_2): frame CharacterScreen (56s ago) [degraded] | last click/Left@1045,478 (14s ago), fg ? | at ClickMenuEntryButtonUntilEnteredGameAsync: initial click (15s ago)
2026-06-24 18:30:29Z hc3 (D2R_3): frame InGame (36s ago) [degraded] | last click/Left@1045,478 (1m21s ago), fg ? | at ClickMenuEntryButtonUntilEnteredGameAsync: initial click (1m22s ago)
2026-06-24 18:30:31Z hc1 (D2R_1): frame InGame (35s ago) [degraded] | last click/Left@1045,478 (1m20s ago), fg ? | at ClickMenuEntryButtonUntilEnteredGameAsync: initial click (1m20s ago)
2026-06-24 18:30:31Z hc2 (D2R_2): frame CharacterScreen (58s ago) [degraded] | last click/Left@1045,478 (17s ago), fg ? | at ClickMenuEntryButtonUntilEnteredGameAsync: initial click (17s ago)
2026-06-24 18:30:31Z hc3 (D2R_3): frame InGame (38s ago) [degraded] | last click/Left@1045,478 (1m24s ago), fg ? | at ClickMenuEntryButtonUntilEnteredGameAsync: initial click (1m24s ago)
2026-06-24 18:30:34Z hc1 (D2R_1): frame InGame (38s ago) [degraded] | last click/Left@1045,478 (1m22s ago), fg ? | at ClickMenuEntryButtonUntilEnteredGameAsync: initial click (1m23s ago)
2026-06-24 18:30:34Z hc2 (D2R_2): frame CharacterScreen (1m0s ago) [degraded] | last click/Left@1045,478 (19s ago), fg ? | at ClickMenuEntryButtonUntilEnteredGameAsync: initial click (20s ago)
2026-06-24 18:30:34Z hc3 (D2R_3): frame InGame (41s ago) [degraded] | last click/Left@1045,478 (1m26s ago), fg ? | at ClickMenuEntryButtonUntilEnteredGameAsync: initial click (1m27s ago)
2026-06-24 18:30:36Z hc1 (D2R_1): frame InGame (40s ago) [degraded] | last click/Left@1045,478 (1m24s ago), fg ? | at ClickMenuEntryButtonUntilEnteredGameAsync: initial click (1m25s ago)
2026-06-24 18:30:36Z hc2 (D2R_2): frame CharacterScreen (1m3s ago) [degraded] | last click/Left@1045,478 (21s ago), fg ? | at ClickMenuEntryButtonUntilEnteredGameAsync: initial click (22s ago)
2026-06-24 18:30:36Z hc3 (D2R_3): frame InGame (43s ago) [degraded] | last click/Left@1045,478 (1m28s ago), fg ? | at ClickMenuEntryButtonUntilEnteredGameAsync: initial click (1m29s ago)
2026-06-24 18:30:38Z hc1 (D2R_1): frame InGame (42s ago) [degraded] | last click/Left@1045,478 (1m27s ago), fg ? | at ClickMenuEntryButtonUntilEnteredGameAsync: initial click (1m27s ago)
2026-06-24 18:30:38Z hc2 (D2R_2): frame CharacterScreen (1m5s ago) [degraded] | last click/Left@1045,478 (24s ago), fg ? | at ClickMenuEntryButtonUntilEnteredGameAsync: initial click (24s ago)
2026-06-24 18:30:38Z hc3 (D2R_3): frame InGame (46s ago) [degraded] | last click/Left@1045,478 (1m31s ago), fg ? | at ClickMenuEntryButtonUntilEnteredGameAsync: initial click (1m31s ago)
2026-06-24 18:30:41Z hc1 (D2R_1): frame InGame (45s ago) [degraded] | last click/Left@1045,478 (1m29s ago), fg ? | at ClickMenuEntryButtonUntilEnteredGameAsync: initial click (1m30s ago)
2026-06-24 18:30:41Z hc2 (D2R_2): frame CharacterScreen (1m7s ago) [degraded] | last click/Left@1045,478 (26s ago), fg ? | at ClickMenuEntryButtonUntilEnteredGameAsync: initial click (27s ago)
2026-06-24 18:30:41Z hc3 (D2R_3): frame InGame (48s ago) [degraded] | last click/Left@1045,478 (1m33s ago), fg ? | at ClickMenuEntryButtonUntilEnteredGameAsync: initial click (1m33s ago)
2026-06-24 18:30:43Z hc1 (D2R_1): frame InGame (47s ago) [degraded] | last click/Left@1045,478 (1m31s ago), fg ? | at ClickMenuEntryButtonUntilEnteredGameAsync: initial click (1m32s ago)
2026-06-24 18:30:43Z hc2 (D2R_2): frame CharacterScreen (1m10s ago) [degraded] | last click/Left@1045,478 (28s ago), fg ? | at ClickMenuEntryButtonUntilEnteredGameAsync: initial click (29s ago)
2026-06-24 18:30:43Z hc3 (D2R_3): frame InGame (50s ago) [degraded] | last click/Left@1045,478 (1m35s ago), fg ? | at ClickMenuEntryButtonUntilEnteredGameAsync: initial click (1m36s ago)
2026-06-24 18:30:45Z hc1 (D2R_1): frame InGame (49s ago) [degraded] | last click/Left@1045,478 (1m34s ago), fg ? | at ClickMenuEntryButtonUntilEnteredGameAsync: initial click (1m34s ago)
2026-06-24 18:30:45Z hc2 (D2R_2): frame CharacterScreen (1m12s ago) [degraded] | last click/Left@1045,478 (31s ago), fg ? | at ClickMenuEntryButtonUntilEnteredGameAsync: initial click (31s ago)
2026-06-24 18:30:45Z hc3 (D2R_3): frame InGame (52s ago) [degraded] | last click/Left@1045,478 (1m38s ago), fg ? | at ClickMenuEntryButtonUntilEnteredGameAsync: initial click (1m38s ago)
2026-06-24 18:30:47Z hc1 (D2R_1): frame InGame (51s ago) [degraded] | last click/Left@1045,478 (1m36s ago), fg ? | at ClickMenuEntryButtonUntilEnteredGameAsync: initial click (1m36s ago)
2026-06-24 18:30:47Z hc2 (D2R_2): frame CharacterScreen (1m14s ago) [degraded] | last click/Left@1045,478 (33s ago), fg ? | at ClickMenuEntryButtonUntilEnteredGameAsync: initial click (33s ago)
2026-06-24 18:30:47Z hc3 (D2R_3): frame InGame (55s ago) [degraded] | last click/Left@1045,478 (1m40s ago), fg ? | at ClickMenuEntryButtonUntilEnteredGameAsync: initial click (1m40s ago)
2026-06-24 18:30:50Z hc1 (D2R_1): frame InGame (54s ago) [degraded] | last click/Left@1045,478 (1m38s ago), fg ? | at ClickMenuEntryButtonUntilEnteredGameAsync: initial click (1m39s ago)
2026-06-24 18:30:50Z hc2 (D2R_2): frame CharacterScreen (1m17s ago) [degraded] | last click/Left@1045,478 (35s ago), fg ? | at ClickMenuEntryButtonUntilEnteredGameAsync: initial click (36s ago)
2026-06-24 18:30:50Z hc3 (D2R_3): frame InGame (57s ago) [degraded] | last click/Left@1045,478 (1m42s ago), fg ? | at ClickMenuEntryButtonUntilEnteredGameAsync: initial click (1m43s ago)
2026-06-24 18:30:52Z hc1 (D2R_1): frame InGame (56s ago) [degraded] | last click/Left@1045,478 (1m41s ago), fg ? | at ClickMenuEntryButtonUntilEnteredGameAsync: initial click (1m41s ago)
2026-06-24 18:30:52Z hc2 (D2R_2): frame CharacterScreen (1m19s ago) [degraded] | last click/Left@1045,478 (37s ago), fg ? | at ClickMenuEntryButtonUntilEnteredGameAsync: initial click (38s ago)
2026-06-24 18:30:52Z hc3 (D2R_3): frame InGame (59s ago) [degraded] | last click/Left@1045,478 (1m44s ago), fg ? | at ClickMenuEntryButtonUntilEnteredGameAsync: initial click (1m45s ago)
2026-06-24 18:30:54Z hc1 (D2R_1): frame InGame (58s ago) [degraded] | last click/Left@1045,478 (1m43s ago), fg ? | at ClickMenuEntryButtonUntilEnteredGameAsync: initial click (1m43s ago)
2026-06-24 18:30:54Z hc2 (D2R_2): frame CharacterScreen (1m21s ago) [degraded] | last click/Left@1045,478 (40s ago), fg ? | at ClickMenuEntryButtonUntilEnteredGameAsync: initial click (40s ago)
2026-06-24 18:30:54Z hc3 (D2R_3): frame InGame (1m2s ago) [degraded] | last click/Left@1045,478 (1m47s ago), fg ? | at ClickMenuEntryButtonUntilEnteredGameAsync: initial click (1m47s ago)
2026-06-24 18:30:57Z hc1 (D2R_1): frame InGame (1m1s ago) [degraded] | last click/Left@1045,478 (1m45s ago), fg ? | at ClickMenuEntryButtonUntilEnteredGameAsync: initial click (1m46s ago)
2026-06-24 18:30:57Z hc2 (D2R_2): frame CharacterScreen (1m23s ago) [degraded] | last click/Left@1045,478 (42s ago), fg ? | at ClickMenuEntryButtonUntilEnteredGameAsync: initial click (43s ago)
2026-06-24 18:30:57Z hc3 (D2R_3): frame InGame (1m4s ago) [degraded] | last click/Left@1045,478 (1m49s ago), fg ? | at ClickMenuEntryButtonUntilEnteredGameAsync: initial click (1m49s ago)
2026-06-24 18:30:59Z hc1 (D2R_1): frame InGame (1m3s ago) [degraded] | last click/Left@1045,478 (1m47s ago), fg ? | at ClickMenuEntryButtonUntilEnteredGameAsync: initial click (1m48s ago)
2026-06-24 18:30:59Z hc2 (D2R_2): frame CharacterScreen (1m26s ago) [degraded] | last click/Left@1045,478 (44s ago), fg ? | at ClickMenuEntryButtonUntilEnteredGameAsync: initial click (45s ago)
2026-06-24 18:30:59Z hc3 (D2R_3): frame InGame (1m6s ago) [degraded] | last click/Left@1045,478 (1m51s ago), fg ? | at ClickMenuEntryButtonUntilEnteredGameAsync: initial click (1m52s ago)
2026-06-24 18:31:01Z hc1 (D2R_1): frame InGame (1m5s ago) [degraded] | last click/Left@1045,478 (1m50s ago), fg ? | at ClickMenuEntryButtonUntilEnteredGameAsync: initial click (1m50s ago)
2026-06-24 18:31:01Z hc2 (D2R_2): frame InGame (0s ago) [degraded] | last click/Left@1045,478 (47s ago), fg ? | at ClickMenuEntryButtonUntilEnteredGameAsync: initial click (47s ago)
2026-06-24 18:31:01Z hc3 (D2R_3): frame InGame (1m9s ago) [degraded] | last click/Left@1045,478 (1m54s ago), fg ? | at ClickMenuEntryButtonUntilEnteredGameAsync: initial click (1m54s ago)
