2026-06-25 20:19:32Z hc1 (D2R_1): frame unknown [degraded: UI command is active; using process-only status so diagnostics cannot starve menu input.] | last no input yet | pool threads=6,pending=0
2026-06-25 20:19:32Z hc2 (D2R_2): frame unknown [degraded: UI command is active; using process-only status so diagnostics cannot starve menu input.] | last no input yet | pool threads=6,pending=0
2026-06-25 20:19:32Z hc3 (D2R_3): frame unknown [degraded: UI command is active; using process-only status so diagnostics cannot starve menu input.] | last no input yet | pool threads=6,pending=0
2026-06-25 20:19:34Z hc1 (D2R_1): frame unknown [degraded: UI command is active; using process-only status so diagnostics cannot starve menu input.] | last no input yet | pool threads=6,pending=0
2026-06-25 20:19:34Z hc2 (D2R_2): frame unknown [degraded: UI command is active; using process-only status so diagnostics cannot starve menu input.] | last no input yet | pool threads=6,pending=0
2026-06-25 20:19:34Z hc3 (D2R_3): frame unknown [degraded: UI command is active; using process-only status so diagnostics cannot starve menu input.] | last no input yet | pool threads=6,pending=0
2026-06-25 20:19:37Z hc1 (D2R_1): frame unknown [degraded: UI command is active; using process-only status so diagnostics cannot starve menu input.] | last no input yet | pool threads=6,pending=0
2026-06-25 20:19:37Z hc2 (D2R_2): frame unknown [degraded: UI command is active; using process-only status so diagnostics cannot starve menu input.] | last no input yet | pool threads=6,pending=0
2026-06-25 20:19:37Z hc3 (D2R_3): frame unknown [degraded: UI command is active; using process-only status so diagnostics cannot starve menu input.] | last no input yet | pool threads=6,pending=0
2026-06-25 20:19:39Z hc1 (D2R_1): frame unknown [degraded: UI command is active; using process-only status so diagnostics cannot starve menu input.] | last no input yet | pool threads=6,pending=0
2026-06-25 20:19:39Z hc2 (D2R_2): frame unknown [degraded: UI command is active; using process-only status so diagnostics cannot starve menu input.] | last no input yet | pool threads=7,pending=0
2026-06-25 20:19:39Z hc3 (D2R_3): frame unknown [degraded: UI command is active; using process-only status so diagnostics cannot starve menu input.] | last no input yet | pool threads=6,pending=0
2026-06-25 20:19:41Z hc1 (D2R_1): frame unknown [degraded: UI command is active; using process-only status so diagnostics cannot starve menu input.] | last no input yet | pool threads=6,pending=0
2026-06-25 20:19:41Z hc2 (D2R_2): frame unknown [degraded: UI command is active; using process-only status so diagnostics cannot starve menu input.] | last no input yet | pool threads=7,pending=0
2026-06-25 20:19:41Z hc3 (D2R_3): frame unknown [degraded: UI command is active; using process-only status so diagnostics cannot starve menu input.] | last no input yet | pool threads=7,pending=0
2026-06-25 20:19:44Z hc1 (D2R_1): frame unknown [degraded: UI command is active; using process-only status so diagnostics cannot starve menu input.] | last no input yet | pool threads=6,pending=0
2026-06-25 20:19:44Z hc2 (D2R_2): frame unknown [degraded: UI command is active; using process-only status so diagnostics cannot starve menu input.] | last no input yet | pool threads=7,pending=0
2026-06-25 20:19:44Z hc3 (D2R_3): frame unknown [degraded: UI command is active; using process-only status so diagnostics cannot starve menu input.] | last no input yet | pool threads=7,pending=0
2026-06-25 20:19:46Z hc1 (D2R_1): frame unknown [degraded: UI command is active; using process-only status so diagnostics cannot starve menu input.] | last no input yet | pool threads=6,pending=0
2026-06-25 20:19:46Z hc2 (D2R_2): frame unknown [degraded: UI command is active; using process-only status so diagnostics cannot starve menu input.] | last no input yet | pool threads=7,pending=0
2026-06-25 20:19:46Z hc3 (D2R_3): frame unknown [degraded: UI command is active; using process-only status so diagnostics cannot starve menu input.] | last no input yet | pool threads=7,pending=0
2026-06-25 20:19:48Z hc1 (D2R_1): frame unknown [degraded: UI command is active; using process-only status so diagnostics cannot starve menu input.] | last no input yet | pool threads=7,pending=0
2026-06-25 20:19:48Z hc2 (D2R_2): frame unknown [degraded: UI command is active; using process-only status so diagnostics cannot starve menu input.] | last no input yet | pool threads=7,pending=0
2026-06-25 20:19:48Z hc3 (D2R_3): frame unknown [degraded: UI command is active; using process-only status so diagnostics cannot starve menu input.] | last no input yet | pool threads=7,pending=0
2026-06-25 20:19:51Z hc1 (D2R_1): frame Unknown (2s ago) [degraded: UI command is active; using process-only status so diagnostics cannot starve menu input.] | last no input yet | pool threads=7,pending=0
2026-06-25 20:19:51Z hc2 (D2R_2): frame Unknown (0s ago) [degraded: UI command is active; using process-only status so diagnostics cannot starve menu input.] | last no input yet | pool threads=7,pending=0
2026-06-25 20:19:51Z hc3 (D2R_3): frame Unknown (1s ago) [degraded: UI command is active; using process-only status so diagnostics cannot starve menu input.] | last no input yet | pool threads=7,pending=0
2026-06-25 20:19:53Z hc1 (D2R_1): frame Unknown (4s ago) [degraded: UI command is active; using process-only status so diagnostics cannot starve menu input.] | last key/Escape/G/Space/Enter@683,384 (1s ago), fg ? | pool threads=7,pending=0
2026-06-25 20:19:53Z hc2 (D2R_2): frame Unknown (3s ago) [degraded: UI command is active; using process-only status so diagnostics cannot starve menu input.] | last no input yet | pool threads=7,pending=0
2026-06-25 20:19:53Z hc3 (D2R_3): frame Unknown (3s ago) [degraded: UI command is active; using process-only status so diagnostics cannot starve menu input.] | last key/Escape/G/Space/Enter@683,384 (0s ago), fg ? | pool threads=7,pending=0
2026-06-25 20:19:55Z hc1 (D2R_1): frame Unknown (7s ago) [degraded: UI command is active; using process-only status so diagnostics cannot starve menu input.] | last key/Escape/G/Space/Enter@683,384 (3s ago), fg ? | pool threads=7,pending=0
2026-06-25 20:19:55Z hc2 (D2R_2): frame Unknown (5s ago) [degraded: UI command is active; using process-only status so diagnostics cannot starve menu input.] | last key/Escape/G/Space/Enter@683,384 (2s ago), fg ? | pool threads=7,pending=0
2026-06-25 20:19:55Z hc3 (D2R_3): frame Unknown (5s ago) [degraded: UI command is active; using process-only status so diagnostics cannot starve menu input.] | last key/Escape/G/Space/Enter@683,384 (2s ago), fg ? | pool threads=7,pending=0
2026-06-25 20:19:57Z hc1 (D2R_1): frame Unknown (9s ago) [degraded: UI command is active; using process-only status so diagnostics cannot starve menu input.] | last key/Escape/G/Space/Enter@683,384 (6s ago), fg ? | pool threads=7,pending=1
2026-06-25 20:19:57Z hc2 (D2R_2): frame Unknown (7s ago) [degraded: UI command is active; using process-only status so diagnostics cannot starve menu input.] | last key/Escape/G/Space/Enter@683,384 (4s ago), fg ? | pool threads=7,pending=0
2026-06-25 20:19:57Z hc3 (D2R_3): frame Unknown (8s ago) [degraded: UI command is active; using process-only status so diagnostics cannot starve menu input.] | last key/Escape/G/Space/Enter@683,384 (5s ago), fg ? | pool threads=7,pending=0
2026-06-25 20:20:00Z hc1 (D2R_1): frame Unknown (11s ago) [degraded: UI command is active; using process-only status so diagnostics cannot starve menu input.] | last key/Escape/G/Space/Enter@683,384 (8s ago), fg ? | pool threads=7,pending=0
2026-06-25 20:20:00Z hc2 (D2R_2): frame Unknown (9s ago) [degraded: UI command is active; using process-only status so diagnostics cannot starve menu input.] | last key/Escape/G/Space/Enter@683,384 (6s ago), fg ? | pool threads=7,pending=0
2026-06-25 20:20:00Z hc3 (D2R_3): frame Unknown (10s ago) [degraded: UI command is active; using process-only status so diagnostics cannot starve menu input.] | last key/Escape/G/Space/Enter@683,384 (7s ago), fg ? | pool threads=7,pending=0
2026-06-25 20:20:02Z hc1 (D2R_1): frame Unknown (13s ago) [degraded: UI command is active; using process-only status so diagnostics cannot starve menu input.] | last key/Escape/G/Space/Enter@683,384 (10s ago), fg ? | pool threads=7,pending=0
2026-06-25 20:20:02Z hc2 (D2R_2): frame Unknown (12s ago) [degraded: UI command is active; using process-only status so diagnostics cannot starve menu input.] | last key/Escape/G/Space/Enter@683,384 (9s ago), fg ? | pool threads=7,pending=0
2026-06-25 20:20:02Z hc3 (D2R_3): frame Unknown (12s ago) [degraded: UI command is active; using process-only status so diagnostics cannot starve menu input.] | last key/Escape/G/Space/Enter@683,384 (9s ago), fg ? | pool threads=7,pending=0
2026-06-25 20:20:04Z hc1 (D2R_1): frame Unknown (16s ago) [degraded: UI command is active; using process-only status so diagnostics cannot starve menu input.] | last key/Escape/G/Space/Enter@683,384 (12s ago), fg ? | pool threads=7,pending=0
2026-06-25 20:20:04Z hc2 (D2R_2): frame Unknown (14s ago) [degraded: UI command is active; using process-only status so diagnostics cannot starve menu input.] | last key/Escape/G/Space/Enter@683,384 (11s ago), fg ? | pool threads=7,pending=0
2026-06-25 20:20:04Z hc3 (D2R_3): frame Unknown (15s ago) [degraded: UI command is active; using process-only status so diagnostics cannot starve menu input.] | last key/Escape/G/Space/Enter@683,384 (11s ago), fg ? | pool threads=7,pending=0
2026-06-25 20:20:06Z hc1 (D2R_1): frame Unknown (18s ago) [degraded: UI command is active; using process-only status so diagnostics cannot starve menu input.] | last key/Escape/G/Space/Enter@683,384 (15s ago), fg ? | pool threads=7,pending=0
2026-06-25 20:20:06Z hc2 (D2R_2): frame Unknown (16s ago) [degraded: UI command is active; using process-only status so diagnostics cannot starve menu input.] | last key/Escape/G/Space/Enter@683,384 (13s ago), fg ? | pool threads=7,pending=0
2026-06-25 20:20:06Z hc3 (D2R_3): frame Unknown (17s ago) [degraded: UI command is active; using process-only status so diagnostics cannot starve menu input.] | last key/Escape/G/Space/Enter@683,384 (14s ago), fg ? | pool threads=7,pending=0
2026-06-25 20:20:09Z hc1 (D2R_1): frame Unknown (20s ago) [degraded: UI command is active; using process-only status so diagnostics cannot starve menu input.] | last key/Escape/G/Space/Enter@683,384 (17s ago), fg ? | pool threads=7,pending=0
2026-06-25 20:20:09Z hc2 (D2R_2): frame Unknown (19s ago) [degraded: UI command is active; using process-only status so diagnostics cannot starve menu input.] | last key/Escape/G/Space/Enter@683,384 (15s ago), fg ? | pool threads=7,pending=0
2026-06-25 20:20:09Z hc3 (D2R_3): frame Unknown (19s ago) [degraded: UI command is active; using process-only status so diagnostics cannot starve menu input.] | last key/Escape/G/Space/Enter@683,384 (16s ago), fg ? | pool threads=7,pending=0
2026-06-25 20:20:11Z hc1 (D2R_1): frame Unknown (23s ago) [degraded: UI command is active; using process-only status so diagnostics cannot starve menu input.] | last key/Escape/G/Space/Enter@683,384 (19s ago), fg ? | pool threads=7,pending=0
2026-06-25 20:20:11Z hc2 (D2R_2): frame Unknown (21s ago) [degraded: UI command is active; using process-only status so diagnostics cannot starve menu input.] | last key/Escape/G/Space/Enter@683,384 (18s ago), fg ? | pool threads=7,pending=0
2026-06-25 20:20:11Z hc3 (D2R_3): frame Unknown (21s ago) [degraded: UI command is active; using process-only status so diagnostics cannot starve menu input.] | last key/Escape/G/Space/Enter@683,384 (18s ago), fg ? | pool threads=7,pending=0
2026-06-25 20:20:13Z hc1 (D2R_1): frame Unknown (25s ago) [degraded: UI command is active; using process-only status so diagnostics cannot starve menu input.] | last key/Escape/G/Space/Enter@683,384 (22s ago), fg ? | pool threads=7,pending=1
2026-06-25 20:20:13Z hc2 (D2R_2): frame Unknown (23s ago) [degraded: UI command is active; using process-only status so diagnostics cannot starve menu input.] | last key/Escape/G/Space/Enter@683,384 (20s ago), fg ? | pool threads=7,pending=0
2026-06-25 20:20:13Z hc3 (D2R_3): frame Unknown (24s ago) [degraded: UI command is active; using process-only status so diagnostics cannot starve menu input.] | last key/Escape/G/Space/Enter@683,384 (20s ago), fg ? | pool threads=7,pending=0
2026-06-25 20:20:16Z hc1 (D2R_1): frame Unknown (0s ago) [degraded: UI command is active; using process-only status so diagnostics cannot starve menu input.] | last key/Escape/G/Space/Enter@683,384 (24s ago), fg ? | pool threads=7,pending=1
2026-06-25 20:20:16Z hc2 (D2R_2): frame Unknown (25s ago) [degraded: UI command is active; using process-only status so diagnostics cannot starve menu input.] | last key/Escape/G/Space/Enter@683,384 (22s ago), fg ? | pool threads=7,pending=1
2026-06-25 20:20:16Z hc3 (D2R_3): frame Unknown (26s ago) [degraded: UI command is active; using process-only status so diagnostics cannot starve menu input.] | last key/Escape/G/Space/Enter@683,384 (23s ago), fg ? | pool threads=7,pending=1
2026-06-25 20:20:18Z hc1 (D2R_1): frame Unknown (2s ago) [degraded: UI command is active; using process-only status so diagnostics cannot starve menu input.] | last key/Escape/G/Space/Enter@683,384 (26s ago), fg ? | pool threads=7,pending=1
2026-06-25 20:20:18Z hc2 (D2R_2): frame Unknown (0s ago) [degraded: UI command is active; using process-only status so diagnostics cannot starve menu input.] | last key/Escape/G/Space/Enter@683,384 (24s ago), fg ? | pool threads=7,pending=1
2026-06-25 20:20:18Z hc3 (D2R_3): frame Unknown (1s ago) [degraded: UI command is active; using process-only status so diagnostics cannot starve menu input.] | last key/Escape/G/Space/Enter@683,384 (25s ago), fg ? | pool threads=7,pending=1
2026-06-25 20:20:20Z hc1 (D2R_1): frame Unknown (5s ago) [degraded: UI command is active; using process-only status so diagnostics cannot starve menu input.] | last key/Escape/G/Space/Enter@683,384 (2s ago), fg ? | pool threads=7,pending=1
2026-06-25 20:20:20Z hc2 (D2R_2): frame Unknown (2s ago) [degraded: UI command is active; using process-only status so diagnostics cannot starve menu input.] | last key/Escape/G/Space/Enter@683,384 (27s ago), fg ? | pool threads=7,pending=1
2026-06-25 20:20:20Z hc3 (D2R_3): frame Unknown (3s ago) [degraded: UI command is active; using process-only status so diagnostics cannot starve menu input.] | last key/Escape/G/Space/Enter@683,384 (0s ago), fg ? | pool threads=7,pending=0
2026-06-25 20:20:22Z hc1 (D2R_1): frame Unknown (7s ago) [degraded: UI command is active; using process-only status so diagnostics cannot starve menu input.] | last key/Escape/G/Space/Enter@683,384 (4s ago), fg ? | pool threads=7,pending=1
2026-06-25 20:20:22Z hc2 (D2R_2): frame Unknown (5s ago) [degraded: UI command is active; using process-only status so diagnostics cannot starve menu input.] | last key/Escape/G/Space/Enter@683,384 (1s ago), fg ? | pool threads=7,pending=1
2026-06-25 20:20:22Z hc3 (D2R_3): frame Unknown (5s ago) [degraded: UI command is active; using process-only status so diagnostics cannot starve menu input.] | last key/Escape/G/Space/Enter@683,384 (2s ago), fg ? | pool threads=7,pending=1
2026-06-25 20:20:24Z hc1 (D2R_1): frame Unknown (9s ago) [degraded: UI command is active; using process-only status so diagnostics cannot starve menu input.] | last key/Escape/G/Space/Enter@683,384 (6s ago), fg ? | pool threads=7,pending=1
2026-06-25 20:20:24Z hc2 (D2R_2): frame Unknown (7s ago) [degraded: UI command is active; using process-only status so diagnostics cannot starve menu input.] | last key/Escape/G/Space/Enter@683,384 (4s ago), fg ? | pool threads=7,pending=1
2026-06-25 20:20:24Z hc3 (D2R_3): frame Unknown (8s ago) [degraded: UI command is active; using process-only status so diagnostics cannot starve menu input.] | last key/Escape/G/Space/Enter@683,384 (4s ago), fg ? | pool threads=7,pending=1
2026-06-25 20:20:27Z hc1 (D2R_1): frame Unknown (11s ago) [degraded: UI command is active; using process-only status so diagnostics cannot starve menu input.] | last key/Escape/G/Space/Enter@683,384 (8s ago), fg ? | pool threads=7,pending=0
2026-06-25 20:20:27Z hc2 (D2R_2): frame Unknown (9s ago) [degraded: UI command is active; using process-only status so diagnostics cannot starve menu input.] | last key/Escape/G/Space/Enter@683,384 (6s ago), fg ? | pool threads=7,pending=1
2026-06-25 20:20:27Z hc3 (D2R_3): frame Unknown (10s ago) [degraded: UI command is active; using process-only status so diagnostics cannot starve menu input.] | last key/Escape/G/Space/Enter@683,384 (7s ago), fg ? | pool threads=7,pending=1
2026-06-25 20:20:29Z hc1 (D2R_1): frame Unknown (14s ago) [degraded: UI command is active; using process-only status so diagnostics cannot starve menu input.] | last key/Escape/G/Space/Enter@683,384 (10s ago), fg ? | pool threads=7,pending=0
2026-06-25 20:20:29Z hc2 (D2R_2): frame Unknown (11s ago) [degraded: UI command is active; using process-only status so diagnostics cannot starve menu input.] | last key/Escape/G/Space/Enter@683,384 (8s ago), fg ? | pool threads=7,pending=0
2026-06-25 20:20:29Z hc3 (D2R_3): frame Unknown (12s ago) [degraded: UI command is active; using process-only status so diagnostics cannot starve menu input.] | last key/Escape/G/Space/Enter@683,384 (9s ago), fg ? | pool threads=7,pending=0
2026-06-25 20:20:31Z hc1 (D2R_1): frame Unknown (16s ago) [degraded: UI command is active; using process-only status so diagnostics cannot starve menu input.] | last key/Escape/G/Space/Enter@683,384 (13s ago), fg ? | pool threads=7,pending=0
2026-06-25 20:20:31Z hc2 (D2R_2): frame Unknown (14s ago) [degraded: UI command is active; using process-only status so diagnostics cannot starve menu input.] | last key/Escape/G/Space/Enter@683,384 (10s ago), fg ? | pool threads=7,pending=0
2026-06-25 20:20:31Z hc3 (D2R_3): frame Unknown (14s ago) [degraded: UI command is active; using process-only status so diagnostics cannot starve menu input.] | last key/Escape/G/Space/Enter@683,384 (11s ago), fg ? | pool threads=7,pending=0
2026-06-25 20:20:34Z hc1 (D2R_1): frame Unknown (18s ago) [degraded: UI command is active; using process-only status so diagnostics cannot starve menu input.] | last key/Escape/G/Space/Enter@683,384 (15s ago), fg ? | pool threads=7,pending=1
2026-06-25 20:20:34Z hc2 (D2R_2): frame Unknown (16s ago) [degraded: UI command is active; using process-only status so diagnostics cannot starve menu input.] | last key/Escape/G/Space/Enter@683,384 (13s ago), fg ? | pool threads=7,pending=0
2026-06-25 20:20:34Z hc3 (D2R_3): frame Unknown (17s ago) [degraded: UI command is active; using process-only status so diagnostics cannot starve menu input.] | last key/Escape/G/Space/Enter@683,384 (14s ago), fg ? | pool threads=7,pending=0
2026-06-25 20:20:36Z hc1 (D2R_1): frame Unknown (20s ago) [degraded: UI command is active; using process-only status so diagnostics cannot starve menu input.] | last key/Escape/G/Space/Enter@683,384 (17s ago), fg ? | pool threads=7,pending=0
2026-06-25 20:20:36Z hc2 (D2R_2): frame Unknown (18s ago) [degraded: UI command is active; using process-only status so diagnostics cannot starve menu input.] | last key/Escape/G/Space/Enter@683,384 (15s ago), fg ? | pool threads=7,pending=1
2026-06-25 20:20:36Z hc3 (D2R_3): frame Unknown (19s ago) [degraded: UI command is active; using process-only status so diagnostics cannot starve menu input.] | last key/Escape/G/Space/Enter@683,384 (16s ago), fg ? | pool threads=7,pending=0
2026-06-25 20:20:38Z hc1 (D2R_1): frame Unknown (23s ago) [degraded: UI command is active; using process-only status so diagnostics cannot starve menu input.] | last key/Escape/G/Space/Enter@683,384 (20s ago), fg ? | pool threads=7,pending=0
2026-06-25 20:20:38Z hc2 (D2R_2): frame Unknown (20s ago) [degraded: UI command is active; using process-only status so diagnostics cannot starve menu input.] | last key/Escape/G/Space/Enter@683,384 (17s ago), fg ? | pool threads=7,pending=1
2026-06-25 20:20:38Z hc3 (D2R_3): frame Unknown (21s ago) [degraded: UI command is active; using process-only status so diagnostics cannot starve menu input.] | last key/Escape/G/Space/Enter@683,384 (18s ago), fg ? | pool threads=7,pending=0
2026-06-25 20:20:40Z hc1 (D2R_1): frame Unknown (25s ago) [degraded: UI command is active; using process-only status so diagnostics cannot starve menu input.] | last key/Escape/G/Space/Enter@683,384 (22s ago), fg ? | pool threads=7,pending=0
2026-06-25 20:20:40Z hc2 (D2R_2): frame Unknown (23s ago) [degraded: UI command is active; using process-only status so diagnostics cannot starve menu input.] | last key/Escape/G/Space/Enter@683,384 (19s ago), fg ? | pool threads=7,pending=0
2026-06-25 20:20:40Z hc3 (D2R_3): frame Unknown (23s ago) [degraded: UI command is active; using process-only status so diagnostics cannot starve menu input.] | last key/Escape/G/Space/Enter@683,384 (20s ago), fg ? | pool threads=7,pending=0
2026-06-25 20:20:43Z hc1 (D2R_1): frame CharacterScreen (0s ago) [degraded: UI command is active; using process-only status so diagnostics cannot starve menu input.] | last key/Escape/G/Space/Enter@683,384 (25s ago), fg ? | at EnsureReadyCharacterScreenOnlineAsync: ready loop detected CharacterScreen (0s ago) | pool threads=7,pending=2
2026-06-25 20:20:43Z hc2 (D2R_2): frame Unknown (25s ago) [degraded: UI command is active; using process-only status so diagnostics cannot starve menu input.] | last key/Escape/G/Space/Enter@683,384 (22s ago), fg ? | pool threads=7,pending=0
2026-06-25 20:20:43Z hc3 (D2R_3): frame Unknown (26s ago) [degraded: UI command is active; using process-only status so diagnostics cannot starve menu input.] | last key/Escape/G/Space/Enter@683,384 (23s ago), fg ? | pool threads=7,pending=0
2026-06-25 20:20:47Z hc1 (D2R_1): frame CharacterScreen (3s ago) [degraded: UI command is active; using process-only status so diagnostics cannot starve menu input.] | last click/Left@799,689 (1s ago), fg ? | at EnsureLobbyOpenedAsync: remembered-character-screen click (1s ago) | pool threads=8,pending=3
2026-06-25 20:20:47Z hc2 (D2R_2): frame Unknown (28s ago) [degraded: UI command is active; using process-only status so diagnostics cannot starve menu input.] | last key/Escape/G/Space/Enter@683,384 (25s ago), fg ? | pool threads=7,pending=0
2026-06-25 20:20:47Z hc3 (D2R_3): frame CharacterScreen (2s ago) [degraded: UI command is active; using process-only status so diagnostics cannot starve menu input.] | last click/Left@799,689 (0s ago), fg ? | at EnsureLobbyOpenedAsync: remembered-character-screen click (1s ago) | pool threads=7,pending=0
2026-06-25 20:20:50Z hc1 (D2R_1): frame CharacterScreen (6s ago) [degraded: UI command is active; using process-only status so diagnostics cannot starve menu input.] | last click/Left@919,55 (0s ago), fg ? | at ClickLobbyTabDirectAsync: second ClickD2R (0s ago) | pool threads=10,pending=2
2026-06-25 20:20:50Z hc2 (D2R_2): frame Unknown (31s ago) [degraded: UI command is active; using process-only status so diagnostics cannot starve menu input.] | last key/Escape/G/Space/Enter@683,384 (28s ago), fg ? | pool threads=8,pending=0
2026-06-25 20:20:50Z hc3 (D2R_3): frame CharacterScreen (6s ago) [degraded: UI command is active; using process-only status so diagnostics cannot starve menu input.] | last click/Left@952,106 (0s ago), fg ? | at FillTextFieldAsync: first click (0s ago) | pool threads=7,pending=1
2026-06-25 20:20:53Z hc1 (D2R_1): frame CharacterScreen (9s ago) [degraded: UI command is active; using process-only status so diagnostics cannot starve menu input.] | last click/Left@1046,123 (0s ago), fg ? | at FillTextFieldAsync: second click (1s ago) | pool threads=12,pending=2
2026-06-25 20:20:53Z hc2 (D2R_2): frame CharacterMenu (2s ago) [degraded: UI command is active; using process-only status so diagnostics cannot starve menu input.] | last click/Left@799,689 (0s ago), fg ? | at EnsureLobbyOpenedAsync: remembered-character-screen click (1s ago) | pool threads=8,pending=2
2026-06-25 20:20:53Z hc3 (D2R_3): frame CharacterScreen (10s ago) [degraded: UI command is active; using process-only status so diagnostics cannot starve menu input.] | last click/Left@1143,106 (0s ago), fg ? | at FillTextFieldAsync: second click (1s ago) | pool threads=8,pending=3
2026-06-25 20:20:56Z hc1 (D2R_1): frame CharacterScreen (12s ago) [degraded: UI command is active; using process-only status so diagnostics cannot starve menu input.] | last click/Left@1046,172 (0s ago), fg ? | at FillTextFieldAsync: select all (0s ago) | pool threads=14,pending=1
2026-06-25 20:20:56Z hc2 (D2R_2): frame CharacterMenu (5s ago) [degraded: UI command is active; using process-only status so diagnostics cannot starve menu input.] | last click/Left@1046,55 (0s ago), fg ? | at ClickLobbyTabDirectAsync: second ClickD2R (1s ago) | pool threads=10,pending=1
2026-06-25 20:20:56Z hc3 (D2R_3): frame CharacterScreen (13s ago) [degraded: Detailed status collection is still running; using process-only fallback.] | last click/Left@1143,106 (3s ago), fg ? | at FillTextFieldAsync: type text (1s ago) | pool threads=11,pending=2
2026-06-25 20:20:59Z hc1 (D2R_1): frame CharacterScreen (15s ago) [degraded: UI command is active; using process-only status so diagnostics cannot starve menu input.] | last click/Left@1045,475 (1s ago), fg ? | at ClickMenuEntryButtonUntilEnteredGameAsync: loop iteration 4, waiting entry grace before HUD check (0s ago) | pool threads=14,pending=3
2026-06-25 20:20:59Z hc2 (D2R_2): frame CharacterMenu (8s ago) [degraded: UI command is active; using process-only status so diagnostics cannot starve menu input.] | last click/Left@1143,106 (0s ago), fg ? | at FillTextFieldAsync: first click (0s ago) | pool threads=12,pending=1
2026-06-25 20:20:59Z hc3 (D2R_3): frame CharacterScreen (15s ago) [degraded: Detailed status collection is still running; using process-only fallback.] | last click/Left@1143,106 (5s ago), fg ? | at FillTextFieldAsync: type text (3s ago) | pool threads=13,pending=1
2026-06-25 20:21:01Z hc1 (D2R_1): frame CharacterScreen (18s ago) [degraded: UI command is active; using process-only status so diagnostics cannot starve menu input.] | last click/Left@1045,475 (4s ago), fg ? | at ClickMenuEntryButtonUntilEnteredGameAsync: loop iteration 18, waiting entry grace before HUD check (0s ago) | pool threads=14,pending=2
2026-06-25 20:21:01Z hc2 (D2R_2): frame CharacterMenu (11s ago) [degraded: UI command is active; using process-only status so diagnostics cannot starve menu input.] | last click/Left@1143,106 (0s ago), fg ? | at FillTextFieldAsync: type text (0s ago) | pool threads=14,pending=1
2026-06-25 20:21:01Z hc3 (D2R_3): frame CharacterScreen (18s ago) [degraded: Detailed status collection is still running; using process-only fallback.] | last click/Left@1143,106 (8s ago), fg ? | at FillTextFieldAsync: type text (6s ago) | pool threads=13,pending=1
2026-06-25 20:21:04Z hc1 (D2R_1): frame CharacterScreen (20s ago) [degraded: UI command is active; using process-only status so diagnostics cannot starve menu input.] | last click/Left@1045,475 (6s ago), fg ? | at ClickMenuEntryButtonUntilEnteredGameAsync: loop iteration 29, waiting entry grace before HUD check (0s ago) | pool threads=14,pending=2
2026-06-25 20:21:04Z hc2 (D2R_2): frame CharacterMenu (13s ago) [degraded: Detailed status collection is still running; using process-only fallback.] | last click/Left@1143,106 (3s ago), fg ? | at FillTextFieldAsync: type text (2s ago) | pool threads=14,pending=0
2026-06-25 20:21:04Z hc3 (D2R_3): frame CharacterScreen (20s ago) [degraded: Detailed status collection is still running; using process-only fallback.] | last click/Left@1143,106 (10s ago), fg ? | at FillTextFieldAsync: type text (8s ago) | pool threads=13,pending=1
2026-06-25 20:21:06Z hc1 (D2R_1): frame CharacterScreen (23s ago) [degraded: UI command is active; using process-only status so diagnostics cannot starve menu input.] | last click/Left@1045,475 (8s ago), fg ? | at ClickMenuEntryButtonUntilEnteredGameAsync: entry grace elapsed (iteration 30), blind re-clicking entry button (2s ago) | pool threads=16,pending=1
2026-06-25 20:21:06Z hc2 (D2R_2): frame CharacterMenu (16s ago) [degraded: Detailed status collection is still running; using process-only fallback.] | last click/Left@1143,106 (5s ago), fg ? | at FillTextFieldAsync: type text (5s ago) | pool threads=14,pending=0
2026-06-25 20:21:06Z hc3 (D2R_3): frame CharacterScreen (22s ago) [degraded: Detailed status collection is still running; using process-only fallback.] | last click/Left@1143,106 (13s ago), fg ? | at FillTextFieldAsync: type text (11s ago) | pool threads=13,pending=1
2026-06-25 20:21:08Z hc1 (D2R_1): frame CharacterScreen (25s ago) [degraded: UI command is active; using process-only status so diagnostics cannot starve menu input.] | last click/Left@1045,475 (11s ago), fg ? | at ClickMenuEntryButtonUntilEnteredGameAsync: loop iteration 41, waiting entry grace before HUD check (0s ago) | pool threads=16,pending=0
2026-06-25 20:21:08Z hc2 (D2R_2): frame CharacterMenu (18s ago) [degraded: Detailed status collection is still running; using process-only fallback.] | last click/Left@1143,106 (8s ago), fg ? | at FillTextFieldAsync: type text (7s ago) | pool threads=14,pending=0
2026-06-25 20:21:08Z hc3 (D2R_3): frame CharacterScreen (25s ago) [degraded: Detailed status collection is still running; using process-only fallback.] | last click/Left@1143,106 (15s ago), fg ? | at FillTextFieldAsync: type text (13s ago) | pool threads=13,pending=1
2026-06-25 20:21:10Z hc1 (D2R_1): frame CharacterScreen (27s ago) [degraded: UI command is active; using process-only status so diagnostics cannot starve menu input.] | last click/Left@1045,475 (13s ago), fg ? | at ClickMenuEntryButtonUntilEnteredGameAsync: loop iteration 52, waiting entry grace before HUD check (0s ago) | pool threads=16,pending=0
2026-06-25 20:21:10Z hc2 (D2R_2): frame CharacterMenu (20s ago) [degraded: Detailed status collection is still running; using process-only fallback.] | last click/Left@1143,106 (10s ago), fg ? | at FillTextFieldAsync: type text (9s ago) | pool threads=14,pending=0
2026-06-25 20:21:10Z hc3 (D2R_3): frame CharacterScreen (27s ago) [degraded: Detailed status collection is still running; using process-only fallback.] | last click/Left@1143,106 (17s ago), fg ? | at FillTextFieldAsync: type text (15s ago) | pool threads=13,pending=1
2026-06-25 20:21:13Z hc1 (D2R_1): frame CharacterScreen (30s ago) [degraded: UI command is active; using process-only status so diagnostics cannot starve menu input.] | last click/Left@1045,475 (15s ago), fg ? | at ClickMenuEntryButtonUntilEnteredGameAsync: loop iteration 61, checking entry (1s ago) | pool threads=16,pending=0
2026-06-25 20:21:13Z hc2 (D2R_2): frame CharacterMenu (23s ago) [degraded: Detailed status collection is still running; using process-only fallback.] | last click/Left@1143,106 (12s ago), fg ? | at FillTextFieldAsync: type text (12s ago) | pool threads=14,pending=0
2026-06-25 20:21:13Z hc3 (D2R_3): frame CharacterScreen (29s ago) [degraded: Detailed status collection is still running; using process-only fallback.] | last click/Left@1143,106 (20s ago), fg ? | at FillTextFieldAsync: type text (18s ago) | pool threads=13,pending=0
2026-06-25 20:21:15Z hc1 (D2R_1): frame CharacterScreen (32s ago) [degraded: UI command is active; using process-only status so diagnostics cannot starve menu input.] | last click/Left@1045,475 (18s ago), fg ? | at ClickMenuEntryButtonUntilEnteredGameAsync: loop iteration 61: sampling process-relative HUD (1s ago) | hud F(scr:hpR=0.00,mpB=0.00,lhpR=0.00,lmpB=0.00,bar(l=0,sd=0,d=0.00,br=0.00,g=0.00),bot(sd=0,d=0.00),ctr(sd=0,d=0.00,br=0.00,g=0.00),win:hpR=0.00,mpB=0.00,lhpR=0.00,lmpB=0.00,bar(l=0,sd=0,d=0.00,br=0.00,g=0.00),bot(sd=0,d=0.00),ctr(sd=0,d=0.00,br=0.00,g=0.00)) (1s ago) | pool threads=16,pending=0
2026-06-25 20:21:15Z hc2 (D2R_2): frame CharacterMenu (25s ago) [degraded: Detailed status collection is still running; using process-only fallback.] | last click/Left@1143,106 (14s ago), fg ? | at FillTextFieldAsync: type text (14s ago) | pool threads=14,pending=0
2026-06-25 20:21:15Z hc3 (D2R_3): frame CharacterScreen (32s ago) [degraded: Detailed status collection is still running; using process-only fallback.] | last click/Left@1143,106 (22s ago), fg ? | at FillTextFieldAsync: type text (20s ago) | pool threads=13,pending=0
2026-06-25 20:21:17Z hc1 (D2R_1): frame CharacterScreen (34s ago) [degraded: UI command is active; using process-only status so diagnostics cannot starve menu input.] | last click/Left@1045,475 (20s ago), fg ? | at ClickMenuEntryButtonUntilEnteredGameAsync: loop iteration 61, checking game-entry error dialog (1s ago) | hud F(scr:hpR=0.00,mpB=0.00,lhpR=0.00,lmpB=0.00,bar(l=0,sd=0,d=0.00,br=0.00,g=0.00),bot(sd=0,d=0.00),ctr(sd=0,d=0.00,br=0.00,g=0.00),win:hpR=0.00,mpB=0.00,lhpR=0.00,lmpB=0.00,bar(l=0,sd=0,d=0.00,br=0.00,g=0.00),bot(sd=0,d=0.00),ctr(sd=0,d=0.00,br=0.00,g=0.00)) (3s ago) | pool threads=17,pending=1
2026-06-25 20:21:17Z hc2 (D2R_2): frame CharacterMenu (27s ago) [degraded: Detailed status collection is still running; using process-only fallback.] | last click/Left@1143,106 (17s ago), fg ? | at FillTextFieldAsync: type text (16s ago) | pool threads=14,pending=0
2026-06-25 20:21:17Z hc3 (D2R_3): frame CharacterScreen (34s ago) [degraded: Detailed status collection is still running; using process-only fallback.] | last click/Left@1143,106 (24s ago), fg ? | at FillTextFieldAsync: type text (22s ago) | pool threads=13,pending=0
2026-06-25 20:21:20Z hc1 (D2R_1): frame CharacterScreen (37s ago) [degraded: UI command is active; using process-only status so diagnostics cannot starve menu input.] | last click/Left@1045,475 (22s ago), fg ? | at ClickMenuEntryButtonUntilEnteredGameAsync: loop iteration 61, checking offline character screen (0s ago) | hud F(scr:hpR=0.00,mpB=0.00,lhpR=0.00,lmpB=0.00,bar(l=0,sd=0,d=0.00,br=0.00,g=0.00),bot(sd=0,d=0.00),ctr(sd=0,d=0.00,br=0.00,g=0.00),win:hpR=0.00,mpB=0.00,lhpR=0.00,lmpB=0.00,bar(l=0,sd=0,d=0.00,br=0.00,g=0.00),bot(sd=0,d=0.00),ctr(sd=0,d=0.00,br=0.00,g=0.00)) (5s ago) | pool threads=19,pending=1
2026-06-25 20:21:20Z hc2 (D2R_2): frame CharacterMenu (29s ago) [degraded: Detailed status collection is still running; using process-only fallback.] | last click/Left@1143,106 (19s ago), fg ? | at FillTextFieldAsync: type text (19s ago) | pool threads=14,pending=0
2026-06-25 20:21:20Z hc3 (D2R_3): frame CharacterScreen (36s ago) [degraded: Detailed status collection is still running; using process-only fallback.] | last click/Left@1143,106 (27s ago), fg ? | at FillTextFieldAsync: type text (25s ago) | pool threads=13,pending=0
2026-06-25 20:21:22Z hc1 (D2R_1): frame CharacterScreen (39s ago) [degraded: UI command is active; using process-only status so diagnostics cannot starve menu input.] | last click/Left@1045,475 (25s ago), fg ? | at ClickMenuEntryButtonUntilEnteredGameAsync: loop iteration 61, checking character select (1s ago) | hud F(scr:hpR=0.00,mpB=0.00,lhpR=0.00,lmpB=0.00,bar(l=0,sd=0,d=0.00,br=0.00,g=0.00),bot(sd=0,d=0.00),ctr(sd=0,d=0.00,br=0.00,g=0.00),win:hpR=0.00,mpB=0.00,lhpR=0.00,lmpB=0.00,bar(l=0,sd=0,d=0.00,br=0.00,g=0.00),bot(sd=0,d=0.00),ctr(sd=0,d=0.00,br=0.00,g=0.00)) (8s ago) | pool threads=20,pending=1
2026-06-25 20:21:22Z hc2 (D2R_2): frame CharacterMenu (32s ago) [degraded: Detailed status collection is still running; using process-only fallback.] | last click/Left@1143,106 (21s ago), fg ? | at FillTextFieldAsync: type text (21s ago) | pool threads=14,pending=0
2026-06-25 20:21:22Z hc3 (D2R_3): frame CharacterScreen (39s ago) [degraded: Detailed status collection is still running; using process-only fallback.] | last click/Left@1143,106 (29s ago), fg ? | at FillTextFieldAsync: type text (27s ago) | pool threads=13,pending=0
2026-06-25 20:21:25Z hc1 (D2R_1): frame CharacterScreen (42s ago) [degraded: UI command is active; using process-only status so diagnostics cannot starve menu input.] | last click/Left@1045,475 (27s ago), fg ? | at WaitForGameEntryAsync: poll iteration 1: sampling process-relative HUD (0s ago) | hud F(scr:hpR=0.00,mpB=0.00,lhpR=0.00,lmpB=0.00,bar(l=0,sd=0,d=0.00,br=0.00,g=0.00),bot(sd=0,d=0.00),ctr(sd=0,d=0.00,br=0.00,g=0.00),win:hpR=0.00,mpB=0.00,lhpR=0.00,lmpB=0.00,bar(l=0,sd=0,d=0.00,br=0.00,g=0.00),bot(sd=0,d=0.00),ctr(sd=0,d=0.00,br=0.00,g=0.00)) (0s ago) | pool threads=23,pending=1
2026-06-25 20:21:25Z hc2 (D2R_2): frame CharacterMenu (34s ago) [degraded: Detailed status collection is still running; using process-only fallback.] | last click/Left@1143,106 (24s ago), fg ? | at FillTextFieldAsync: type text (23s ago) | pool threads=14,pending=0
2026-06-25 20:21:25Z hc3 (D2R_3): frame CharacterScreen (41s ago) [degraded: Detailed status collection is still running; using process-only fallback.] | last click/Left@1143,106 (31s ago), fg ? | at FillTextFieldAsync: type text (29s ago) | pool threads=13,pending=0
2026-06-25 20:21:27Z hc1 (D2R_1): frame CharacterScreen (44s ago) [degraded: UI command is active; using process-only status so diagnostics cannot starve menu input.] | last click/Left@1045,475 (30s ago), fg ? | at WaitForGameEntryAsync: poll iteration 1, checking connection interruption (1s ago) | hud F(scr:hpR=0.00,mpB=0.00,lhpR=0.00,lmpB=0.00,bar(l=0,sd=0,d=0.00,br=0.00,g=0.00),bot(sd=0,d=0.00),ctr(sd=0,d=0.00,br=0.00,g=0.00),win:hpR=0.00,mpB=0.00,lhpR=0.00,lmpB=0.00,bar(l=0,sd=0,d=0.00,br=0.00,g=0.00),bot(sd=0,d=0.00),ctr(sd=0,d=0.00,br=0.00,g=0.00)) (3s ago) | pool threads=25,pending=1
2026-06-25 20:21:27Z hc2 (D2R_2): frame CharacterMenu (37s ago) [degraded: Detailed status collection is still running; using process-only fallback.] | last click/Left@1143,106 (26s ago), fg ? | at FillTextFieldAsync: type text (26s ago) | pool threads=14,pending=0
2026-06-25 20:21:27Z hc3 (D2R_3): frame CharacterScreen (44s ago) [degraded: Detailed status collection is still running; using process-only fallback.] | last click/Left@1143,106 (34s ago), fg ? | at FillTextFieldAsync: type text (32s ago) | pool threads=13,pending=0
2026-06-25 20:21:30Z hc1 (D2R_1): frame CharacterScreen (47s ago) [degraded: UI command is active; using process-only status so diagnostics cannot starve menu input.] | last click/Left@1045,475 (32s ago), fg ? | at WaitForGameEntryAsync: poll iteration 1, checking offline character screen (1s ago) | hud F(scr:hpR=0.00,mpB=0.00,lhpR=0.00,lmpB=0.00,bar(l=0,sd=0,d=0.00,br=0.00,g=0.00),bot(sd=0,d=0.00),ctr(sd=0,d=0.00,br=0.00,g=0.00),win:hpR=0.00,mpB=0.00,lhpR=0.00,lmpB=0.00,bar(l=0,sd=0,d=0.00,br=0.00,g=0.00),bot(sd=0,d=0.00),ctr(sd=0,d=0.00,br=0.00,g=0.00)) (6s ago) | pool threads=27,pending=1
2026-06-25 20:21:30Z hc2 (D2R_2): frame CharacterMenu (39s ago) [degraded: Detailed status collection is still running; using process-only fallback.] | last click/Left@1143,106 (29s ago), fg ? | at FillTextFieldAsync: type text (28s ago) | pool threads=14,pending=0
2026-06-25 20:21:30Z hc3 (D2R_3): frame CharacterScreen (46s ago) [degraded: Detailed status collection is still running; using process-only fallback.] | last click/Left@1143,106 (36s ago), fg ? | at FillTextFieldAsync: type text (34s ago) | pool threads=13,pending=0
2026-06-25 20:21:33Z hc1 (D2R_1): frame CharacterScreen (50s ago) [degraded: UI command is active; using process-only status so diagnostics cannot starve menu input.] | last click/Left@1045,475 (36s ago), fg ? | at WaitForGameEntryAsync: poll iteration 2: sampling process-relative HUD (0s ago) | hud F(scr:hpR=0.00,mpB=0.00,lhpR=0.00,lmpB=0.00,bar(l=0,sd=0,d=0.00,br=0.00,g=0.00),bot(sd=0,d=0.00),ctr(sd=0,d=0.00,br=0.00,g=0.00),win:hpR=0.00,mpB=0.00,lhpR=0.00,lmpB=0.00,bar(l=0,sd=0,d=0.00,br=0.00,g=0.00),bot(sd=0,d=0.00),ctr(sd=0,d=0.00,br=0.00,g=0.00)) (0s ago) | pool threads=29,pending=2
2026-06-25 20:21:33Z hc2 (D2R_2): frame CharacterMenu (42s ago) [degraded: Detailed status collection is still running; using process-only fallback.] | last click/Left@1143,106 (32s ago), fg ? | at FillTextFieldAsync: type text (31s ago) | pool threads=14,pending=0
2026-06-25 20:21:33Z hc3 (D2R_3): frame CharacterScreen (49s ago) [degraded: Detailed status collection is still running; using process-only fallback.] | last click/Left@1143,106 (39s ago), fg ? | at FillTextFieldAsync: type text (37s ago) | pool threads=13,pending=0
2026-06-25 20:21:36Z hc1 (D2R_1): frame CharacterScreen (53s ago) [degraded: UI command is active; using process-only status so diagnostics cannot starve menu input.] | last click/Left@1045,475 (39s ago), fg ? | at WaitForGameEntryAsync: poll iteration 2, checking connection interruption (1s ago) | hud F(scr:hpR=0.00,mpB=0.00,lhpR=0.00,lmpB=0.00,bar(l=0,sd=0,d=0.00,br=0.00,g=0.00),bot(sd=0,d=0.00),ctr(sd=0,d=0.00,br=0.00,g=0.00),win:hpR=0.00,mpB=0.00,lhpR=0.00,lmpB=0.00,bar(l=0,sd=0,d=0.00,br=0.00,g=0.00),bot(sd=0,d=0.00),ctr(sd=0,d=0.00,br=0.00,g=0.00)) (3s ago) | pool threads=32,pending=2
2026-06-25 20:21:36Z hc2 (D2R_2): frame CharacterMenu (45s ago) [degraded: Detailed status collection is still running; using process-only fallback.] | last click/Left@1143,106 (35s ago), fg ? | at FillTextFieldAsync: type text (34s ago) | pool threads=11,pending=0
2026-06-25 20:21:36Z hc3 (D2R_3): frame CharacterScreen (52s ago) [degraded: Detailed status collection is still running; using process-only fallback.] | last click/Left@1143,106 (42s ago), fg ? | at FillTextFieldAsync: type text (40s ago) | pool threads=11,pending=0
2026-06-25 20:21:38Z hc1 (D2R_1): frame CharacterScreen (55s ago) [degraded: UI command is active; using process-only status so diagnostics cannot starve menu input.] | last click/Left@1045,475 (41s ago), fg ? | at WaitForGameEntryAsync: poll iteration 2, checking offline character screen (0s ago) | hud F(scr:hpR=0.00,mpB=0.00,lhpR=0.00,lmpB=0.00,bar(l=0,sd=0,d=0.00,br=0.00,g=0.00),bot(sd=0,d=0.00),ctr(sd=0,d=0.00,br=0.00,g=0.00),win:hpR=0.00,mpB=0.00,lhpR=0.00,lmpB=0.00,bar(l=0,sd=0,d=0.00,br=0.00,g=0.00),bot(sd=0,d=0.00),ctr(sd=0,d=0.00,br=0.00,g=0.00)) (5s ago) | pool threads=33,pending=1
2026-06-25 20:21:38Z hc2 (D2R_2): frame CharacterMenu (48s ago) [degraded: Detailed status collection is still running; using process-only fallback.] | last click/Left@1143,106 (38s ago), fg ? | at FillTextFieldAsync: type text (37s ago) | pool threads=10,pending=0
2026-06-25 20:21:38Z hc3 (D2R_3): frame CharacterScreen (55s ago) [degraded: Detailed status collection is still running; using process-only fallback.] | last click/Left@1143,106 (45s ago), fg ? | at FillTextFieldAsync: type text (43s ago) | pool threads=11,pending=0
2026-06-25 20:21:41Z hc1 (D2R_1): frame CharacterScreen (57s ago) [degraded: UI command is active; using process-only status so diagnostics cannot starve menu input.] | last click/Left@1045,475 (43s ago), fg ? | at WaitForGameEntryAsync: poll iteration 2, checking character screen return (1s ago) | hud F(scr:hpR=0.00,mpB=0.00,lhpR=0.00,lmpB=0.00,bar(l=0,sd=0,d=0.00,br=0.00,g=0.00),bot(sd=0,d=0.00),ctr(sd=0,d=0.00,br=0.00,g=0.00),win:hpR=0.00,mpB=0.00,lhpR=0.00,lmpB=0.00,bar(l=0,sd=0,d=0.00,br=0.00,g=0.00),bot(sd=0,d=0.00),ctr(sd=0,d=0.00,br=0.00,g=0.00)) (7s ago) | pool threads=34,pending=1
2026-06-25 20:21:41Z hc2 (D2R_2): frame CharacterMenu (50s ago) [degraded: Detailed status collection is still running; using process-only fallback.] | last click/Left@1143,106 (40s ago), fg ? | at FillTextFieldAsync: type text (39s ago) | pool threads=10,pending=0
2026-06-25 20:21:41Z hc3 (D2R_3): frame CharacterScreen (57s ago) [degraded: Detailed status collection is still running; using process-only fallback.] | last click/Left@1143,106 (47s ago), fg ? | at FillTextFieldAsync: type text (45s ago) | pool threads=11,pending=0
2026-06-25 20:21:43Z hc1 (D2R_1): frame CharacterScreen (1m0s ago) [degraded: UI command is active; using process-only status so diagnostics cannot starve menu input.] | last click/Left@1045,475 (45s ago), fg ? | at WaitForGameEntryAsync: poll iteration 6, lobby menu absent; waiting for HUD confirmation (0s ago) | hud F(scr:hpR=0.00,mpB=0.00,lhpR=0.00,lmpB=0.00,bar(l=0,sd=0,d=0.00,br=0.00,g=0.00),bot(sd=0,d=0.00),ctr(sd=0,d=0.00,br=0.00,g=0.00),win:hpR=0.00,mpB=0.00,lhpR=0.00,lmpB=0.00,bar(l=0,sd=0,d=0.00,br=0.00,g=0.00),bot(sd=0,d=0.00),ctr(sd=0,d=0.00,br=0.00,g=0.00)) (0s ago) | pool threads=35,pending=0
2026-06-25 20:21:43Z hc2 (D2R_2): frame CharacterMenu (53s ago) [degraded: Detailed status collection is still running; using process-only fallback.] | last click/Left@1143,106 (42s ago), fg ? | at FillTextFieldAsync: type text (42s ago) | pool threads=10,pending=0
2026-06-25 20:21:43Z hc3 (D2R_3): frame CharacterScreen (59s ago) [degraded: Detailed status collection is still running; using process-only fallback.] | last click/Left@1143,106 (50s ago), fg ? | at FillTextFieldAsync: type text (48s ago) | pool threads=11,pending=0
2026-06-25 20:21:46Z hc1 (D2R_1): frame CharacterScreen (1m2s ago) [degraded: UI command is active; using process-only status so diagnostics cannot starve menu input.] | last click/Left@1045,475 (48s ago), fg ? | at WaitForGameEntryAsync: poll iteration 17, lobby menu absent; waiting for HUD confirmation (0s ago) | hud F(scr:hpR=0.00,mpB=0.00,lhpR=0.00,lmpB=0.00,bar(l=0,sd=0,d=0.00,br=0.00,g=0.00),bot(sd=0,d=0.00),ctr(sd=0,d=0.00,br=0.00,g=0.00),win:hpR=0.00,mpB=0.00,lhpR=0.00,lmpB=0.00,bar(l=0,sd=0,d=0.00,br=0.00,g=0.00),bot(sd=0,d=0.00),ctr(sd=0,d=0.00,br=0.00,g=0.00)) (1s ago) | pool threads=35,pending=0
2026-06-25 20:21:46Z hc2 (D2R_2): frame CharacterMenu (55s ago) [degraded: Detailed status collection is still running; using process-only fallback.] | last click/Left@1143,106 (44s ago), fg ? | at FillTextFieldAsync: type text (44s ago) | pool threads=10,pending=0
2026-06-25 20:21:46Z hc3 (D2R_3): frame CharacterScreen (1m2s ago) [degraded: Detailed status collection is still running; using process-only fallback.] | last click/Left@1143,106 (52s ago), fg ? | at FillTextFieldAsync: type text (50s ago) | pool threads=11,pending=0
2026-06-25 20:21:49Z hc1 (D2R_1): frame CharacterScreen (1m5s ago) [degraded: UI command is active; using process-only status so diagnostics cannot starve menu input.] | last click/Left@1045,475 (50s ago), fg ? | at WaitForGameEntryAsync: poll iteration 30, lobby menu absent; waiting for HUD confirmation (0s ago) | hud F(scr:hpR=0.00,mpB=0.00,lhpR=0.00,lmpB=0.00,bar(l=0,sd=0,d=0.00,br=0.00,g=0.00),bot(sd=0,d=0.00),ctr(sd=0,d=0.00,br=0.00,g=0.00),win:hpR=0.00,mpB=0.00,lhpR=0.00,lmpB=0.00,bar(l=0,sd=0,d=0.00,br=0.00,g=0.00),bot(sd=0,d=0.00),ctr(sd=0,d=0.00,br=0.00,g=0.00)) (0s ago) | pool threads=35,pending=0
2026-06-25 20:21:49Z hc2 (D2R_2): frame CharacterMenu (58s ago) [degraded: Detailed status collection is still running; using process-only fallback.] | last click/Left@1143,106 (47s ago), fg ? | at FillTextFieldAsync: type text (47s ago) | pool threads=10,pending=0
2026-06-25 20:21:49Z hc3 (D2R_3): frame CharacterScreen (1m4s ago) [degraded: Detailed status collection is still running; using process-only fallback.] | last click/Left@1143,106 (55s ago), fg ? | at FillTextFieldAsync: type text (53s ago) | pool threads=11,pending=0
2026-06-25 20:21:51Z hc1 (D2R_1): frame CharacterScreen (1m8s ago) [degraded: UI command is active; using process-only status so diagnostics cannot starve menu input.] | last click/Left@1045,475 (54s ago), fg ? | at WaitForGameEntryAsync: poll iteration 46, lobby menu absent; waiting for HUD confirmation (0s ago) | hud F(scr:hpR=0.00,mpB=0.00,lhpR=0.00,lmpB=0.00,bar(l=0,sd=0,d=0.00,br=0.00,g=0.00),bot(sd=0,d=0.00),ctr(sd=0,d=0.00,br=0.00,g=0.00),win:hpR=0.00,mpB=0.00,lhpR=0.00,lmpB=0.00,bar(l=0,sd=0,d=0.00,br=0.00,g=0.00),bot(sd=0,d=0.00),ctr(sd=0,d=0.00,br=0.00,g=0.00)) (0s ago) | pool threads=35,pending=0
2026-06-25 20:21:51Z hc2 (D2R_2): frame CharacterMenu (1m1s ago) [degraded: Detailed status collection is still running; using process-only fallback.] | last click/Left@1143,106 (50s ago), fg ? | at FillTextFieldAsync: type text (50s ago) | pool threads=10,pending=0
2026-06-25 20:21:51Z hc3 (D2R_3): frame CharacterScreen (1m8s ago) [degraded: Detailed status collection is still running; using process-only fallback.] | last click/Left@1143,106 (58s ago), fg ? | at FillTextFieldAsync: type text (56s ago) | pool threads=10,pending=0
2026-06-25 20:21:53Z hc1 (D2R_1): frame CharacterScreen (1m10s ago) [degraded: UI command is active; using process-only status so diagnostics cannot starve menu input.] | last click/Left@1045,475 (56s ago), fg ? | at FormatEntryTimeoutMessage: diagnostics formatted (0s ago) | hud F(scr:hpR=0.00,mpB=0.00,lhpR=0.00,lmpB=0.00,bar(l=0,sd=0,d=0.00,br=0.00,g=0.00),bot(sd=0,d=0.00),ctr(sd=0,d=0.00,br=0.00,g=0.00),win:hpR=0.00,mpB=0.00,lhpR=0.00,lmpB=0.00,bar(l=0,sd=0,d=0.00,br=0.00,g=0.00),bot(sd=0,d=0.00),ctr(sd=0,d=0.00,br=0.00,g=0.00)) (0s ago) | pool threads=35,pending=1
2026-06-25 20:21:53Z hc2 (D2R_2): frame CharacterMenu (1m3s ago) [degraded: Detailed status collection is still running; using process-only fallback.] | last click/Left@1143,106 (53s ago), fg ? | at FillTextFieldAsync: type text (52s ago) | pool threads=10,pending=0
2026-06-25 20:21:53Z hc3 (D2R_3): frame CharacterScreen (1m10s ago) [degraded: Detailed status collection is still running; using process-only fallback.] | last click/Left@1143,106 (1m0s ago), fg ? | at FillTextFieldAsync: type text (58s ago) | pool threads=10,pending=0
