2026-06-25 19:00:42Z hc1 (D2R_1): frame unknown [degraded: UI command is active; using process-only status so diagnostics cannot starve menu input.] | last no input yet
2026-06-25 19:00:42Z hc2 (D2R_2): frame unknown [degraded: UI command is active; using process-only status so diagnostics cannot starve menu input.] | last no input yet
2026-06-25 19:00:42Z hc3 (D2R_3): frame unknown [degraded: UI command is active; using process-only status so diagnostics cannot starve menu input.] | last no input yet
2026-06-25 19:00:44Z hc1 (D2R_1): frame unknown [degraded: UI command is active; using process-only status so diagnostics cannot starve menu input.] | last no input yet
2026-06-25 19:00:44Z hc2 (D2R_2): frame unknown [degraded: UI command is active; using process-only status so diagnostics cannot starve menu input.] | last no input yet
2026-06-25 19:00:44Z hc3 (D2R_3): frame unknown [degraded: UI command is active; using process-only status so diagnostics cannot starve menu input.] | last no input yet
2026-06-25 19:00:47Z hc1 (D2R_1): frame unknown [degraded: UI command is active; using process-only status so diagnostics cannot starve menu input.] | last no input yet
2026-06-25 19:00:47Z hc2 (D2R_2): frame unknown [degraded: UI command is active; using process-only status so diagnostics cannot starve menu input.] | last no input yet
2026-06-25 19:00:47Z hc3 (D2R_3): frame unknown [degraded: UI command is active; using process-only status so diagnostics cannot starve menu input.] | last no input yet
2026-06-25 19:00:49Z hc1 (D2R_1): frame unknown [degraded: UI command is active; using process-only status so diagnostics cannot starve menu input.] | last no input yet
2026-06-25 19:00:49Z hc2 (D2R_2): frame unknown [degraded: UI command is active; using process-only status so diagnostics cannot starve menu input.] | last no input yet
2026-06-25 19:00:49Z hc3 (D2R_3): frame unknown [degraded: UI command is active; using process-only status so diagnostics cannot starve menu input.] | last no input yet
2026-06-25 19:00:51Z hc1 (D2R_1): frame unknown [degraded: UI command is active; using process-only status so diagnostics cannot starve menu input.] | last no input yet
2026-06-25 19:00:51Z hc2 (D2R_2): frame unknown [degraded: UI command is active; using process-only status so diagnostics cannot starve menu input.] | last no input yet
2026-06-25 19:00:51Z hc3 (D2R_3): frame unknown [degraded: UI command is active; using process-only status so diagnostics cannot starve menu input.] | last no input yet
2026-06-25 19:00:54Z hc1 (D2R_1): frame unknown [degraded: UI command is active; using process-only status so diagnostics cannot starve menu input.] | last no input yet
2026-06-25 19:00:54Z hc2 (D2R_2): frame unknown [degraded: UI command is active; using process-only status so diagnostics cannot starve menu input.] | last no input yet
2026-06-25 19:00:54Z hc3 (D2R_3): frame unknown [degraded: UI command is active; using process-only status so diagnostics cannot starve menu input.] | last no input yet
2026-06-25 19:00:56Z hc1 (D2R_1): frame unknown [degraded: UI command is active; using process-only status so diagnostics cannot starve menu input.] | last no input yet
2026-06-25 19:00:56Z hc2 (D2R_2): frame unknown [degraded: UI command is active; using process-only status so diagnostics cannot starve menu input.] | last no input yet
2026-06-25 19:00:56Z hc3 (D2R_3): frame unknown [degraded: UI command is active; using process-only status so diagnostics cannot starve menu input.] | last no input yet
2026-06-25 19:00:58Z hc1 (D2R_1): frame unknown [degraded: UI command is active; using process-only status so diagnostics cannot starve menu input.] | last no input yet
2026-06-25 19:00:58Z hc2 (D2R_2): frame unknown [degraded: UI command is active; using process-only status so diagnostics cannot starve menu input.] | last no input yet
2026-06-25 19:00:58Z hc3 (D2R_3): frame unknown [degraded: UI command is active; using process-only status so diagnostics cannot starve menu input.] | last no input yet
2026-06-25 19:01:01Z hc1 (D2R_1): frame unknown [degraded: UI command is active; using process-only status so diagnostics cannot starve menu input.] | last no input yet
2026-06-25 19:01:01Z hc2 (D2R_2): frame unknown [degraded: UI command is active; using process-only status so diagnostics cannot starve menu input.] | last no input yet
2026-06-25 19:01:01Z hc3 (D2R_3): frame unknown [degraded: UI command is active; using process-only status so diagnostics cannot starve menu input.] | last no input yet
2026-06-25 19:01:03Z hc1 (D2R_1): frame Unknown (0s ago) [degraded: UI command is active; using process-only status so diagnostics cannot starve menu input.] | last no input yet
2026-06-25 19:01:03Z hc2 (D2R_2): frame Unknown (0s ago) [degraded: UI command is active; using process-only status so diagnostics cannot starve menu input.] | last no input yet
2026-06-25 19:01:03Z hc3 (D2R_3): frame Unknown (0s ago) [degraded: UI command is active; using process-only status so diagnostics cannot starve menu input.] | last no input yet
2026-06-25 19:01:05Z hc1 (D2R_1): frame Unknown (2s ago) [degraded: UI command is active; using process-only status so diagnostics cannot starve menu input.] | last no input yet
2026-06-25 19:01:05Z hc2 (D2R_2): frame Unknown (2s ago) [degraded: UI command is active; using process-only status so diagnostics cannot starve menu input.] | last no input yet
2026-06-25 19:01:05Z hc3 (D2R_3): frame Unknown (2s ago) [degraded: UI command is active; using process-only status so diagnostics cannot starve menu input.] | last no input yet
2026-06-25 19:01:08Z hc1 (D2R_1): frame Unknown (4s ago) [degraded: UI command is active; using process-only status so diagnostics cannot starve menu input.] | last key/Escape/G/Space/Enter@683,384 (1s ago), fg ?
2026-06-25 19:01:08Z hc2 (D2R_2): frame Unknown (5s ago) [degraded: UI command is active; using process-only status so diagnostics cannot starve menu input.] | last key/Escape/G/Space/Enter@683,384 (2s ago), fg ?
2026-06-25 19:01:08Z hc3 (D2R_3): frame Unknown (4s ago) [degraded: UI command is active; using process-only status so diagnostics cannot starve menu input.] | last key/Escape/G/Space/Enter@683,384 (1s ago), fg ?
2026-06-25 19:01:10Z hc1 (D2R_1): frame Unknown (7s ago) [degraded: UI command is active; using process-only status so diagnostics cannot starve menu input.] | last key/Escape/G/Space/Enter@683,384 (3s ago), fg ?
2026-06-25 19:01:10Z hc2 (D2R_2): frame Unknown (7s ago) [degraded: UI command is active; using process-only status so diagnostics cannot starve menu input.] | last key/Escape/G/Space/Enter@683,384 (4s ago), fg ?
2026-06-25 19:01:10Z hc3 (D2R_3): frame Unknown (7s ago) [degraded: UI command is active; using process-only status so diagnostics cannot starve menu input.] | last key/Escape/G/Space/Enter@683,384 (4s ago), fg ?
2026-06-25 19:01:12Z hc1 (D2R_1): frame Unknown (9s ago) [degraded: UI command is active; using process-only status so diagnostics cannot starve menu input.] | last key/Escape/G/Space/Enter@683,384 (6s ago), fg ?
2026-06-25 19:01:12Z hc2 (D2R_2): frame Unknown (9s ago) [degraded: UI command is active; using process-only status so diagnostics cannot starve menu input.] | last key/Escape/G/Space/Enter@683,384 (6s ago), fg ?
2026-06-25 19:01:12Z hc3 (D2R_3): frame Unknown (9s ago) [degraded: UI command is active; using process-only status so diagnostics cannot starve menu input.] | last key/Escape/G/Space/Enter@683,384 (6s ago), fg ?
2026-06-25 19:01:15Z hc1 (D2R_1): frame Unknown (11s ago) [degraded: UI command is active; using process-only status so diagnostics cannot starve menu input.] | last key/Escape/G/Space/Enter@683,384 (8s ago), fg ?
2026-06-25 19:01:15Z hc2 (D2R_2): frame Unknown (12s ago) [degraded: UI command is active; using process-only status so diagnostics cannot starve menu input.] | last key/Escape/G/Space/Enter@683,384 (8s ago), fg ?
2026-06-25 19:01:15Z hc3 (D2R_3): frame Unknown (11s ago) [degraded: UI command is active; using process-only status so diagnostics cannot starve menu input.] | last key/Escape/G/Space/Enter@683,384 (8s ago), fg ?
2026-06-25 19:01:17Z hc1 (D2R_1): frame Unknown (13s ago) [degraded: UI command is active; using process-only status so diagnostics cannot starve menu input.] | last key/Escape/G/Space/Enter@683,384 (10s ago), fg ?
2026-06-25 19:01:17Z hc2 (D2R_2): frame Unknown (14s ago) [degraded: UI command is active; using process-only status so diagnostics cannot starve menu input.] | last key/Escape/G/Space/Enter@683,384 (11s ago), fg ?
2026-06-25 19:01:17Z hc3 (D2R_3): frame Unknown (14s ago) [degraded: UI command is active; using process-only status so diagnostics cannot starve menu input.] | last key/Escape/G/Space/Enter@683,384 (11s ago), fg ?
2026-06-25 19:01:19Z hc1 (D2R_1): frame Unknown (16s ago) [degraded: UI command is active; using process-only status so diagnostics cannot starve menu input.] | last key/Escape/G/Space/Enter@683,384 (12s ago), fg ?
2026-06-25 19:01:19Z hc2 (D2R_2): frame Unknown (16s ago) [degraded: UI command is active; using process-only status so diagnostics cannot starve menu input.] | last key/Escape/G/Space/Enter@683,384 (13s ago), fg ?
2026-06-25 19:01:19Z hc3 (D2R_3): frame Unknown (16s ago) [degraded: UI command is active; using process-only status so diagnostics cannot starve menu input.] | last key/Escape/G/Space/Enter@683,384 (13s ago), fg ?
2026-06-25 19:01:21Z hc1 (D2R_1): frame Unknown (18s ago) [degraded: UI command is active; using process-only status so diagnostics cannot starve menu input.] | last key/Escape/G/Space/Enter@683,384 (15s ago), fg ?
2026-06-25 19:01:21Z hc2 (D2R_2): frame Unknown (18s ago) [degraded: UI command is active; using process-only status so diagnostics cannot starve menu input.] | last key/Escape/G/Space/Enter@683,384 (15s ago), fg ?
2026-06-25 19:01:21Z hc3 (D2R_3): frame Unknown (18s ago) [degraded: UI command is active; using process-only status so diagnostics cannot starve menu input.] | last key/Escape/G/Space/Enter@683,384 (15s ago), fg ?
2026-06-25 19:01:24Z hc1 (D2R_1): frame Unknown (20s ago) [degraded: UI command is active; using process-only status so diagnostics cannot starve menu input.] | last key/Escape/G/Space/Enter@683,384 (17s ago), fg ?
2026-06-25 19:01:24Z hc2 (D2R_2): frame Unknown (21s ago) [degraded: UI command is active; using process-only status so diagnostics cannot starve menu input.] | last key/Escape/G/Space/Enter@683,384 (18s ago), fg ?
2026-06-25 19:01:24Z hc3 (D2R_3): frame Unknown (21s ago) [degraded: UI command is active; using process-only status so diagnostics cannot starve menu input.] | last key/Escape/G/Space/Enter@683,384 (17s ago), fg ?
2026-06-25 19:01:26Z hc1 (D2R_1): frame Unknown (23s ago) [degraded: UI command is active; using process-only status so diagnostics cannot starve menu input.] | last key/Escape/G/Space/Enter@683,384 (20s ago), fg ?
2026-06-25 19:01:26Z hc2 (D2R_2): frame Unknown (23s ago) [degraded: UI command is active; using process-only status so diagnostics cannot starve menu input.] | last key/Escape/G/Space/Enter@683,384 (20s ago), fg ?
2026-06-25 19:01:26Z hc3 (D2R_3): frame Unknown (23s ago) [degraded: UI command is active; using process-only status so diagnostics cannot starve menu input.] | last key/Escape/G/Space/Enter@683,384 (20s ago), fg ?
2026-06-25 19:01:29Z hc1 (D2R_1): frame Unknown (25s ago) [degraded: UI command is active; using process-only status so diagnostics cannot starve menu input.] | last key/Escape/G/Space/Enter@683,384 (22s ago), fg ?
2026-06-25 19:01:29Z hc2 (D2R_2): frame Unknown (26s ago) [degraded: UI command is active; using process-only status so diagnostics cannot starve menu input.] | last key/Escape/G/Space/Enter@683,384 (23s ago), fg ?
2026-06-25 19:01:29Z hc3 (D2R_3): frame Unknown (26s ago) [degraded: UI command is active; using process-only status so diagnostics cannot starve menu input.] | last key/Escape/G/Space/Enter@683,384 (22s ago), fg ?
2026-06-25 19:01:31Z hc1 (D2R_1): frame Unknown (0s ago) [degraded: UI command is active; using process-only status so diagnostics cannot starve menu input.] | last key/Escape/G/Space/Enter@683,384 (24s ago), fg ?
2026-06-25 19:01:31Z hc2 (D2R_2): frame Unknown (0s ago) [degraded: UI command is active; using process-only status so diagnostics cannot starve menu input.] | last key/Escape/G/Space/Enter@683,384 (25s ago), fg ?
2026-06-25 19:01:31Z hc3 (D2R_3): frame Unknown (0s ago) [degraded: UI command is active; using process-only status so diagnostics cannot starve menu input.] | last key/Escape/G/Space/Enter@683,384 (25s ago), fg ?
2026-06-25 19:01:33Z hc1 (D2R_1): frame Unknown (3s ago) [degraded: UI command is active; using process-only status so diagnostics cannot starve menu input.] | last key/Escape/G/Space/Enter@683,384 (0s ago), fg ?
2026-06-25 19:01:33Z hc2 (D2R_2): frame Unknown (3s ago) [degraded: UI command is active; using process-only status so diagnostics cannot starve menu input.] | last key/Escape/G/Space/Enter@683,384 (0s ago), fg ?
2026-06-25 19:01:33Z hc3 (D2R_3): frame Unknown (2s ago) [degraded: UI command is active; using process-only status so diagnostics cannot starve menu input.] | last key/Escape/G/Space/Enter@683,384 (27s ago), fg ?
2026-06-25 19:01:35Z hc1 (D2R_1): frame Unknown (5s ago) [degraded: UI command is active; using process-only status so diagnostics cannot starve menu input.] | last key/Escape/G/Space/Enter@683,384 (2s ago), fg ?
2026-06-25 19:01:35Z hc2 (D2R_2): frame Unknown (5s ago) [degraded: UI command is active; using process-only status so diagnostics cannot starve menu input.] | last key/Escape/G/Space/Enter@683,384 (2s ago), fg ?
2026-06-25 19:01:35Z hc3 (D2R_3): frame Unknown (4s ago) [degraded: UI command is active; using process-only status so diagnostics cannot starve menu input.] | last key/Escape/G/Space/Enter@683,384 (1s ago), fg ?
2026-06-25 19:01:38Z hc1 (D2R_1): frame Unknown (7s ago) [degraded: UI command is active; using process-only status so diagnostics cannot starve menu input.] | last key/Escape/G/Space/Enter@683,384 (4s ago), fg ?
2026-06-25 19:01:38Z hc2 (D2R_2): frame Unknown (7s ago) [degraded: UI command is active; using process-only status so diagnostics cannot starve menu input.] | last key/Escape/G/Space/Enter@683,384 (4s ago), fg ?
2026-06-25 19:01:38Z hc3 (D2R_3): frame Unknown (7s ago) [degraded: UI command is active; using process-only status so diagnostics cannot starve menu input.] | last key/Escape/G/Space/Enter@683,384 (3s ago), fg ?
2026-06-25 19:01:40Z hc1 (D2R_1): frame Unknown (9s ago) [degraded: UI command is active; using process-only status so diagnostics cannot starve menu input.] | last key/Escape/G/Space/Enter@683,384 (6s ago), fg ?
2026-06-25 19:01:40Z hc2 (D2R_2): frame Unknown (9s ago) [degraded: UI command is active; using process-only status so diagnostics cannot starve menu input.] | last key/Escape/G/Space/Enter@683,384 (6s ago), fg ?
2026-06-25 19:01:40Z hc3 (D2R_3): frame Unknown (9s ago) [degraded: UI command is active; using process-only status so diagnostics cannot starve menu input.] | last key/Escape/G/Space/Enter@683,384 (6s ago), fg ?
2026-06-25 19:01:42Z hc1 (D2R_1): frame Unknown (12s ago) [degraded: UI command is active; using process-only status so diagnostics cannot starve menu input.] | last key/Escape/G/Space/Enter@683,384 (9s ago), fg ?
2026-06-25 19:01:42Z hc2 (D2R_2): frame Unknown (12s ago) [degraded: UI command is active; using process-only status so diagnostics cannot starve menu input.] | last key/Escape/G/Space/Enter@683,384 (9s ago), fg ?
2026-06-25 19:01:42Z hc3 (D2R_3): frame Unknown (11s ago) [degraded: UI command is active; using process-only status so diagnostics cannot starve menu input.] | last key/Escape/G/Space/Enter@683,384 (8s ago), fg ?
2026-06-25 19:01:45Z hc1 (D2R_1): frame Unknown (14s ago) [degraded: UI command is active; using process-only status so diagnostics cannot starve menu input.] | last key/Escape/G/Space/Enter@683,384 (11s ago), fg ?
2026-06-25 19:01:45Z hc2 (D2R_2): frame Unknown (14s ago) [degraded: UI command is active; using process-only status so diagnostics cannot starve menu input.] | last key/Escape/G/Space/Enter@683,384 (11s ago), fg ?
2026-06-25 19:01:45Z hc3 (D2R_3): frame Unknown (14s ago) [degraded: UI command is active; using process-only status so diagnostics cannot starve menu input.] | last key/Escape/G/Space/Enter@683,384 (10s ago), fg ?
2026-06-25 19:01:47Z hc1 (D2R_1): frame Unknown (16s ago) [degraded: UI command is active; using process-only status so diagnostics cannot starve menu input.] | last key/Escape/G/Space/Enter@683,384 (13s ago), fg ?
2026-06-25 19:01:47Z hc2 (D2R_2): frame Unknown (16s ago) [degraded: UI command is active; using process-only status so diagnostics cannot starve menu input.] | last key/Escape/G/Space/Enter@683,384 (13s ago), fg ?
2026-06-25 19:01:47Z hc3 (D2R_3): frame Unknown (16s ago) [degraded: UI command is active; using process-only status so diagnostics cannot starve menu input.] | last key/Escape/G/Space/Enter@683,384 (13s ago), fg ?
2026-06-25 19:01:49Z hc1 (D2R_1): frame Unknown (19s ago) [degraded: UI command is active; using process-only status so diagnostics cannot starve menu input.] | last key/Escape/G/Space/Enter@683,384 (16s ago), fg ?
2026-06-25 19:01:49Z hc2 (D2R_2): frame Unknown (19s ago) [degraded: UI command is active; using process-only status so diagnostics cannot starve menu input.] | last key/Escape/G/Space/Enter@683,384 (16s ago), fg ?
2026-06-25 19:01:49Z hc3 (D2R_3): frame Unknown (18s ago) [degraded: UI command is active; using process-only status so diagnostics cannot starve menu input.] | last key/Escape/G/Space/Enter@683,384 (15s ago), fg ?
2026-06-25 19:01:51Z hc1 (D2R_1): frame Unknown (21s ago) [degraded: UI command is active; using process-only status so diagnostics cannot starve menu input.] | last key/Escape/G/Space/Enter@683,384 (18s ago), fg ?
2026-06-25 19:01:51Z hc2 (D2R_2): frame Unknown (21s ago) [degraded: UI command is active; using process-only status so diagnostics cannot starve menu input.] | last key/Escape/G/Space/Enter@683,384 (18s ago), fg ?
2026-06-25 19:01:51Z hc3 (D2R_3): frame Unknown (20s ago) [degraded: UI command is active; using process-only status so diagnostics cannot starve menu input.] | last key/Escape/G/Space/Enter@683,384 (17s ago), fg ?
2026-06-25 19:01:54Z hc1 (D2R_1): frame Unknown (23s ago) [degraded: UI command is active; using process-only status so diagnostics cannot starve menu input.] | last key/Escape/G/Space/Enter@683,384 (20s ago), fg ?
2026-06-25 19:01:54Z hc2 (D2R_2): frame Unknown (23s ago) [degraded: UI command is active; using process-only status so diagnostics cannot starve menu input.] | last key/Escape/G/Space/Enter@683,384 (20s ago), fg ?
2026-06-25 19:01:54Z hc3 (D2R_3): frame Unknown (23s ago) [degraded: UI command is active; using process-only status so diagnostics cannot starve menu input.] | last key/Escape/G/Space/Enter@683,384 (19s ago), fg ?
2026-06-25 19:01:56Z hc1 (D2R_1): frame CharacterScreen (1s ago) [degraded: UI command is active; using process-only status so diagnostics cannot starve menu input.] | last key/Escape/G/Space/Enter@683,384 (23s ago), fg ? | at EnsureLobbyOpenedAsync: remembered-character-screen click (0s ago)
2026-06-25 19:01:56Z hc2 (D2R_2): frame Unknown (26s ago) [degraded: UI command is active; using process-only status so diagnostics cannot starve menu input.] | last key/Escape/G/Space/Enter@683,384 (23s ago), fg ?
2026-06-25 19:01:56Z hc3 (D2R_3): frame Unknown (25s ago) [degraded: UI command is active; using process-only status so diagnostics cannot starve menu input.] | last key/Escape/G/Space/Enter@683,384 (22s ago), fg ?
2026-06-25 19:01:58Z hc1 (D2R_1): frame CharacterScreen (3s ago) [degraded: UI command is active; using process-only status so diagnostics cannot starve menu input.] | last click/Left@799,689 (1s ago), fg ? | at ClickLobbyTabDirectAsync: first ClickD2R (0s ago)
2026-06-25 19:01:58Z hc2 (D2R_2): frame Unknown (28s ago) [degraded: UI command is active; using process-only status so diagnostics cannot starve menu input.] | last key/Escape/G/Space/Enter@683,384 (25s ago), fg ?
2026-06-25 19:01:58Z hc3 (D2R_3): frame CharacterScreen (1s ago) [degraded: UI command is active; using process-only status so diagnostics cannot starve menu input.] | last key/Escape/G/Space/Enter@683,384 (24s ago), fg ? | at EnsureLobbyOpenedAsync: remembered-character-screen click (0s ago)
2026-06-25 19:02:01Z hc1 (D2R_1): frame CharacterScreen (6s ago) [degraded: UI command is active; using process-only status so diagnostics cannot starve menu input.] | last click/Left@1046,123 (0s ago), fg ? | at FillTextFieldAsync: second click (0s ago)
2026-06-25 19:02:01Z hc2 (D2R_2): frame Unknown (30s ago) [degraded: UI command is active; using process-only status so diagnostics cannot starve menu input.] | last key/Escape/G/Space/Enter@683,384 (27s ago), fg ?
2026-06-25 19:02:01Z hc3 (D2R_3): frame CharacterScreen (3s ago) [degraded: UI command is active; using process-only status so diagnostics cannot starve menu input.] | last click/Left@799,689 (1s ago), fg ? | at ClickLobbyTabDirectAsync: first ClickD2R (0s ago)
2026-06-25 19:02:03Z hc1 (D2R_1): frame CharacterScreen (8s ago) [degraded: UI command is active; using process-only status so diagnostics cannot starve menu input.] | last click/Left@1046,172 (0s ago), fg ? | at FillTextFieldAsync: second click (0s ago)
2026-06-25 19:02:03Z hc2 (D2R_2): frame Unknown (33s ago) [degraded: UI command is active; using process-only status so diagnostics cannot starve menu input.] | last key/Escape/G/Space/Enter@683,384 (29s ago), fg ?
2026-06-25 19:02:03Z hc3 (D2R_3): frame CharacterScreen (5s ago) [degraded: UI command is active; using process-only status so diagnostics cannot starve menu input.] | last click/Left@952,106 (0s ago), fg ? | at FillTextFieldAsync: second click (0s ago)
2026-06-25 19:02:05Z hc1 (D2R_1): frame CharacterScreen (10s ago) [degraded: UI command is active; using process-only status so diagnostics cannot starve menu input.] | last click/Left@952,269 (0s ago), fg ? | at ClickMenuEntryButtonUntilEnteredGameAsync: initial click (0s ago)
2026-06-25 19:02:05Z hc2 (D2R_2): frame Unknown (1s ago) [degraded: UI command is active; using process-only status so diagnostics cannot starve menu input.] | last key/Escape/G/Space/Enter@683,384 (32s ago), fg ?
2026-06-25 19:02:05Z hc3 (D2R_3): frame CharacterScreen (8s ago) [degraded: UI command is active; using process-only status so diagnostics cannot starve menu input.] | last click/Left@1143,106 (0s ago), fg ? | at FillTextFieldAsync: second click (0s ago)
2026-06-25 19:02:08Z hc1 (D2R_1): frame CharacterScreen (13s ago) [degraded: UI command is active; using process-only status so diagnostics cannot starve menu input.] | last click/Left@1045,475 (2s ago), fg ? | at ClickMenuEntryButtonUntilEnteredGameAsync: loop iteration 10, waiting entry grace before HUD check (0s ago)
2026-06-25 19:02:08Z hc2 (D2R_2): frame Unknown (3s ago) [degraded: UI command is active; using process-only status so diagnostics cannot starve menu input.] | last key/Escape/G/Space/Enter@683,384 (34s ago), fg ?
2026-06-25 19:02:08Z hc3 (D2R_3): frame CharacterScreen (10s ago) [degraded: Detailed status collection is still running; using process-only fallback.] | last click/Left@1143,106 (2s ago), fg ? | at FillTextFieldAsync: type text (1s ago)
2026-06-25 19:02:10Z hc1 (D2R_1): frame CharacterScreen (15s ago) [degraded: UI command is active; using process-only status so diagnostics cannot starve menu input.] | last click/Left@1045,475 (4s ago), fg ? | at ClickMenuEntryButtonUntilEnteredGameAsync: loop iteration 21, waiting entry grace before HUD check (0s ago)
2026-06-25 19:02:10Z hc2 (D2R_2): frame Unknown (6s ago) [degraded: UI command is active; using process-only status so diagnostics cannot starve menu input.] | last key/Escape/G/Space/Enter@683,384 (36s ago), fg ?
2026-06-25 19:02:10Z hc3 (D2R_3): frame CharacterScreen (12s ago) [degraded: Detailed status collection is still running; using process-only fallback.] | last click/Left@1143,106 (4s ago), fg ? | at FillTextFieldAsync: type text (3s ago)
2026-06-25 19:02:13Z hc1 (D2R_1): frame CharacterScreen (18s ago) [degraded: UI command is active; using process-only status so diagnostics cannot starve menu input.] | last click/Left@1045,475 (7s ago), fg ? | at ClickMenuEntryButtonUntilEnteredGameAsync: entry grace elapsed (iteration 911), blind re-clicking entry button (1s ago)
2026-06-25 19:02:13Z hc2 (D2R_2): frame Unknown (8s ago) [degraded: UI command is active; using process-only status so diagnostics cannot starve menu input.] | last key/Escape/G/Space/Enter@683,384 (39s ago), fg ?
2026-06-25 19:02:13Z hc3 (D2R_3): frame CharacterScreen (15s ago) [degraded: Detailed status collection is still running; using process-only fallback.] | last click/Left@1143,106 (6s ago), fg ? | at FillTextFieldAsync: type text (6s ago)
2026-06-25 19:02:16Z hc1 (D2R_1): frame CharacterScreen (21s ago) [degraded: UI command is active; using process-only status so diagnostics cannot starve menu input.] | last click/Left@1045,475 (10s ago), fg ? | at ClickMenuEntryButtonUntilEnteredGameAsync: loop iteration 915, waiting entry grace before HUD check (0s ago)
2026-06-25 19:02:16Z hc2 (D2R_2): frame Unknown (11s ago) [degraded: UI command is active; using process-only status so diagnostics cannot starve menu input.] | last key/Escape/G/Space/Enter@683,384 (42s ago), fg ?
2026-06-25 19:02:16Z hc3 (D2R_3): frame CharacterScreen (18s ago) [degraded: Detailed status collection is still running; using process-only fallback.] | last click/Left@1143,106 (10s ago), fg ? | at FillTextFieldAsync: type text (9s ago)
2026-06-25 19:02:18Z hc1 (D2R_1): frame CharacterScreen (23s ago) [degraded: UI command is active; using process-only status so diagnostics cannot starve menu input.] | last click/Left@1045,475 (12s ago), fg ? | at ClickMenuEntryButtonUntilEnteredGameAsync: loop iteration 922, waiting entry grace before HUD check (0s ago)
2026-06-25 19:02:18Z hc2 (D2R_2): frame Unknown (14s ago) [degraded: UI command is active; using process-only status so diagnostics cannot starve menu input.] | last key/Escape/G/Space/Enter@683,384 (45s ago), fg ?
2026-06-25 19:02:18Z hc3 (D2R_3): frame CharacterScreen (21s ago) [degraded: Detailed status collection is still running; using process-only fallback.] | last click/Left@1143,106 (12s ago), fg ? | at FillTextFieldAsync: type text (12s ago)
2026-06-25 19:02:21Z hc1 (D2R_1): frame CharacterScreen (26s ago) [degraded: UI command is active; using process-only status so diagnostics cannot starve menu input.] | last click/Left@1045,475 (15s ago), fg ? | at ClickMenuEntryButtonUntilEnteredGameAsync: loop iteration 930, checking entry (0s ago)
2026-06-25 19:02:21Z hc2 (D2R_2): frame Unknown (16s ago) [degraded: UI command is active; using process-only status so diagnostics cannot starve menu input.] | last key/Escape/G/Space/Enter@683,384 (47s ago), fg ?
2026-06-25 19:02:21Z hc3 (D2R_3): frame CharacterScreen (23s ago) [degraded: Detailed status collection is still running; using process-only fallback.] | last click/Left@1143,106 (15s ago), fg ? | at FillTextFieldAsync: type text (14s ago)
2026-06-25 19:02:24Z hc1 (D2R_1): frame CharacterScreen (28s ago) [degraded: UI command is active; using process-only status so diagnostics cannot starve menu input.] | last click/Left@1045,475 (18s ago), fg ? | at ClickMenuEntryButtonUntilEnteredGameAsync: loop iteration 930: sampling screen-relative HUD (0s ago) | hud F(scr:hpR=0.00,mpB=0.00,lhpR=0.00,lmpB=0.00,bar(l=0,sd=0,d=0.00,br=0.00,g=0.00),bot(sd=0,d=0.00),ctr(sd=0,d=0.00,br=0.00,g=0.00),win:hpR=0.00,mpB=0.00,lhpR=0.00,lmpB=0.00,bar(l=0,sd=0,d=0.00,br=0.00,g=0.00),bot(sd=0,d=0.00),ctr(sd=0,d=0.00,br=0.00,g=0.00)) (1s ago)
2026-06-25 19:02:24Z hc2 (D2R_2): frame Unknown (19s ago) [degraded: UI command is active; using process-only status so diagnostics cannot starve menu input.] | last key/Escape/G/Space/Enter@683,384 (50s ago), fg ?
2026-06-25 19:02:24Z hc3 (D2R_3): frame CharacterScreen (26s ago) [degraded: Detailed status collection is still running; using process-only fallback.] | last click/Left@1143,106 (17s ago), fg ? | at FillTextFieldAsync: type text (17s ago)
2026-06-25 19:02:27Z hc1 (D2R_1): frame CharacterScreen (32s ago) [degraded: UI command is active; using process-only status so diagnostics cannot starve menu input.] | last click/Left@1045,475 (21s ago), fg ? | at ClickMenuEntryButtonUntilEnteredGameAsync: loop iteration 930, checking connection interruption (0s ago) | hud F(scr:hpR=0.00,mpB=0.00,lhpR=0.00,lmpB=0.00,bar(l=0,sd=0,d=0.00,br=0.00,g=0.00),bot(sd=0,d=0.00),ctr(sd=0,d=0.00,br=0.00,g=0.00),win:hpR=0.00,mpB=0.00,lhpR=0.00,lmpB=0.00,bar(l=0,sd=0,d=0.00,br=0.00,g=0.00),bot(sd=0,d=0.00),ctr(sd=0,d=0.00,br=0.00,g=0.00)) (4s ago)
2026-06-25 19:02:27Z hc2 (D2R_2): frame Unknown (22s ago) [degraded: UI command is active; using process-only status so diagnostics cannot starve menu input.] | last key/Escape/G/Space/Enter@683,384 (52s ago), fg ?
2026-06-25 19:02:27Z hc3 (D2R_3): frame CharacterScreen (28s ago) [degraded: Detailed status collection is still running; using process-only fallback.] | last click/Left@1143,106 (20s ago), fg ? | at FillTextFieldAsync: type text (19s ago)
2026-06-25 19:02:30Z hc1 (D2R_1): frame CharacterScreen (35s ago) [degraded: UI command is active; using process-only status so diagnostics cannot starve menu input.] | last click/Left@1045,475 (24s ago), fg ? | at ClickMenuEntryButtonUntilEnteredGameAsync: loop iteration 930, checking character select (0s ago) | hud F(scr:hpR=0.00,mpB=0.00,lhpR=0.00,lmpB=0.00,bar(l=0,sd=0,d=0.00,br=0.00,g=0.00),bot(sd=0,d=0.00),ctr(sd=0,d=0.00,br=0.00,g=0.00),win:hpR=0.00,mpB=0.00,lhpR=0.00,lmpB=0.00,bar(l=0,sd=0,d=0.00,br=0.00,g=0.00),bot(sd=0,d=0.00),ctr(sd=0,d=0.00,br=0.00,g=0.00)) (7s ago)
2026-06-25 19:02:30Z hc2 (D2R_2): frame Unknown (25s ago) [degraded: UI command is active; using process-only status so diagnostics cannot starve menu input.] | last key/Escape/G/Space/Enter@683,384 (55s ago), fg ?
2026-06-25 19:02:30Z hc3 (D2R_3): frame CharacterScreen (31s ago) [degraded: Detailed status collection is still running; using process-only fallback.] | last click/Left@1143,106 (23s ago), fg ? | at FillTextFieldAsync: type text (22s ago)
2026-06-25 19:02:32Z hc1 (D2R_1): frame CharacterScreen (37s ago) [degraded: UI command is active; using process-only status so diagnostics cannot starve menu input.] | last click/Left@1045,475 (26s ago), fg ? | at WaitForGameEntryAsync: polling for HUD/menu/connection state (1s ago) | hud F(scr:hpR=0.00,mpB=0.00,lhpR=0.00,lmpB=0.00,bar(l=0,sd=0,d=0.00,br=0.00,g=0.00),bot(sd=0,d=0.00),ctr(sd=0,d=0.00,br=0.00,g=0.00),win:hpR=0.00,mpB=0.00,lhpR=0.00,lmpB=0.00,bar(l=0,sd=0,d=0.00,br=0.00,g=0.00),bot(sd=0,d=0.00),ctr(sd=0,d=0.00,br=0.00,g=0.00)) (9s ago)
2026-06-25 19:02:32Z hc2 (D2R_2): frame Unknown (28s ago) [degraded: UI command is active; using process-only status so diagnostics cannot starve menu input.] | last key/Escape/G/Space/Enter@683,384 (58s ago), fg ?
2026-06-25 19:02:32Z hc3 (D2R_3): frame CharacterScreen (34s ago) [degraded: Detailed status collection is still running; using process-only fallback.] | last click/Left@1143,106 (26s ago), fg ? | at FillTextFieldAsync: type text (26s ago)
2026-06-25 19:02:35Z hc1 (D2R_1): frame CharacterScreen (40s ago) [degraded: UI command is active; using process-only status so diagnostics cannot starve menu input.] | last click/Left@1045,475 (29s ago), fg ? | at WaitForGameEntryAsync: poll iteration 1, checking connection interruption (0s ago) | hud F(scr:hpR=0.00,mpB=0.00,lhpR=0.00,lmpB=0.00,bar(l=0,sd=0,d=0.00,br=0.00,g=0.00),bot(sd=0,d=0.00),ctr(sd=0,d=0.00,br=0.00,g=0.00),win:hpR=0.00,mpB=0.00,lhpR=0.00,lmpB=0.00,bar(l=0,sd=0,d=0.00,br=0.00,g=0.00),bot(sd=0,d=0.00),ctr(sd=0,d=0.00,br=0.00,g=0.00)) (2s ago)
2026-06-25 19:02:35Z hc2 (D2R_2): frame Unknown (30s ago) [degraded: UI command is active; using process-only status so diagnostics cannot starve menu input.] | last key/Escape/G/Space/Enter@683,384 (1m1s ago), fg ?
2026-06-25 19:02:35Z hc3 (D2R_3): frame CharacterScreen (37s ago) [degraded: Detailed status collection is still running; using process-only fallback.] | last click/Left@1143,106 (28s ago), fg ? | at FillTextFieldAsync: type text (28s ago)
2026-06-25 19:02:38Z hc1 (D2R_1): frame CharacterScreen (43s ago) [degraded: UI command is active; using process-only status so diagnostics cannot starve menu input.] | last click/Left@1045,475 (32s ago), fg ? | at WaitForGameEntryAsync: poll iteration 1, checking offline character screen (0s ago) | hud F(scr:hpR=0.00,mpB=0.00,lhpR=0.00,lmpB=0.00,bar(l=0,sd=0,d=0.00,br=0.00,g=0.00),bot(sd=0,d=0.00),ctr(sd=0,d=0.00,br=0.00,g=0.00),win:hpR=0.00,mpB=0.00,lhpR=0.00,lmpB=0.00,bar(l=0,sd=0,d=0.00,br=0.00,g=0.00),bot(sd=0,d=0.00),ctr(sd=0,d=0.00,br=0.00,g=0.00)) (6s ago)
2026-06-25 19:02:38Z hc2 (D2R_2): frame Unknown (33s ago) [degraded: UI command is active; using process-only status so diagnostics cannot starve menu input.] | last key/Escape/G/Space/Enter@683,384 (1m4s ago), fg ?
2026-06-25 19:02:38Z hc3 (D2R_3): frame CharacterScreen (40s ago) [degraded: Detailed status collection is still running; using process-only fallback.] | last click/Left@1143,106 (31s ago), fg ? | at FillTextFieldAsync: type text (31s ago)
2026-06-25 19:02:41Z hc1 (D2R_1): frame CharacterScreen (46s ago) [degraded: UI command is active; using process-only status so diagnostics cannot starve menu input.] | last click/Left@1045,475 (35s ago), fg ? | at WaitForGameEntryAsync: poll iteration 1, checking offline character screen (3s ago) | hud F(scr:hpR=0.00,mpB=0.00,lhpR=0.00,lmpB=0.00,bar(l=0,sd=0,d=0.00,br=0.00,g=0.00),bot(sd=0,d=0.00),ctr(sd=0,d=0.00,br=0.00,g=0.00),win:hpR=0.00,mpB=0.00,lhpR=0.00,lmpB=0.00,bar(l=0,sd=0,d=0.00,br=0.00,g=0.00),bot(sd=0,d=0.00),ctr(sd=0,d=0.00,br=0.00,g=0.00)) (8s ago)
2026-06-25 19:02:41Z hc2 (D2R_2): frame Unknown (36s ago) [degraded: UI command is active; using process-only status so diagnostics cannot starve menu input.] | last key/Escape/G/Space/Enter@683,384 (1m7s ago), fg ?
2026-06-25 19:02:41Z hc3 (D2R_3): frame CharacterScreen (43s ago) [degraded: Detailed status collection is still running; using process-only fallback.] | last click/Left@1143,106 (34s ago), fg ? | at FillTextFieldAsync: type text (34s ago)
2026-06-25 19:02:43Z hc1 (D2R_1): frame CharacterScreen (48s ago) [degraded: UI command is active; using process-only status so diagnostics cannot starve menu input.] | last click/Left@1045,475 (37s ago), fg ? | at WaitForGameEntryAsync: poll iteration 2, checking connection interruption (0s ago) | hud F(scr:hpR=0.00,mpB=0.00,lhpR=0.00,lmpB=0.00,bar(l=0,sd=0,d=0.00,br=0.00,g=0.00),bot(sd=0,d=0.00),ctr(sd=0,d=0.00,br=0.00,g=0.00),win:hpR=0.00,mpB=0.00,lhpR=0.00,lmpB=0.00,bar(l=0,sd=0,d=0.00,br=0.00,g=0.00),bot(sd=0,d=0.00),ctr(sd=0,d=0.00,br=0.00,g=0.00)) (2s ago)
2026-06-25 19:02:43Z hc2 (D2R_2): frame Unknown (39s ago) [degraded: UI command is active; using process-only status so diagnostics cannot starve menu input.] | last key/Escape/G/Space/Enter@683,384 (1m9s ago), fg ?
2026-06-25 19:02:43Z hc3 (D2R_3): frame CharacterScreen (45s ago) [degraded: Detailed status collection is still running; using process-only fallback.] | last click/Left@1143,106 (37s ago), fg ? | at FillTextFieldAsync: type text (37s ago)
2026-06-25 19:02:45Z hc1 (D2R_1): frame CharacterScreen (50s ago) [degraded: UI command is active; using process-only status so diagnostics cannot starve menu input.] | last click/Left@1045,475 (39s ago), fg ? | at WaitForGameEntryAsync: poll iteration 2, checking game-entry error dialog (0s ago) | hud F(scr:hpR=0.00,mpB=0.00,lhpR=0.00,lmpB=0.00,bar(l=0,sd=0,d=0.00,br=0.00,g=0.00),bot(sd=0,d=0.00),ctr(sd=0,d=0.00,br=0.00,g=0.00),win:hpR=0.00,mpB=0.00,lhpR=0.00,lmpB=0.00,bar(l=0,sd=0,d=0.00,br=0.00,g=0.00),bot(sd=0,d=0.00),ctr(sd=0,d=0.00,br=0.00,g=0.00)) (4s ago)
2026-06-25 19:02:45Z hc2 (D2R_2): frame Unknown (41s ago) [degraded: UI command is active; using process-only status so diagnostics cannot starve menu input.] | last key/Escape/G/Space/Enter@683,384 (1m12s ago), fg ?
2026-06-25 19:02:45Z hc3 (D2R_3): frame CharacterScreen (48s ago) [degraded: Detailed status collection is still running; using process-only fallback.] | last click/Left@1143,106 (39s ago), fg ? | at FillTextFieldAsync: type text (39s ago)
2026-06-25 19:02:48Z hc1 (D2R_1): frame CharacterScreen (53s ago) [degraded: UI command is active; using process-only status so diagnostics cannot starve menu input.] | last click/Left@1045,475 (42s ago), fg ? | at WaitForGameEntryAsync: poll iteration 2, checking character screen return (0s ago) | hud F(scr:hpR=0.00,mpB=0.00,lhpR=0.00,lmpB=0.00,bar(l=0,sd=0,d=0.00,br=0.00,g=0.00),bot(sd=0,d=0.00),ctr(sd=0,d=0.00,br=0.00,g=0.00),win:hpR=0.00,mpB=0.00,lhpR=0.00,lmpB=0.00,bar(l=0,sd=0,d=0.00,br=0.00,g=0.00),bot(sd=0,d=0.00),ctr(sd=0,d=0.00,br=0.00,g=0.00)) (6s ago)
2026-06-25 19:02:48Z hc2 (D2R_2): frame Unknown (43s ago) [degraded: UI command is active; using process-only status so diagnostics cannot starve menu input.] | last key/Escape/G/Space/Enter@683,384 (1m14s ago), fg ?
2026-06-25 19:02:48Z hc3 (D2R_3): frame CharacterScreen (50s ago) [degraded: Detailed status collection is still running; using process-only fallback.] | last click/Left@1143,106 (42s ago), fg ? | at FillTextFieldAsync: type text (41s ago)
2026-06-25 19:02:51Z hc1 (D2R_1): frame CharacterScreen (56s ago) [degraded: UI command is active; using process-only status so diagnostics cannot starve menu input.] | last click/Left@1045,475 (45s ago), fg ? | at WaitForGameEntryAsync: poll iteration 2, lobby menu absent; waiting for HUD confirmation (0s ago) | hud F(scr:hpR=0.00,mpB=0.00,lhpR=0.00,lmpB=0.00,bar(l=0,sd=0,d=0.00,br=0.00,g=0.00),bot(sd=0,d=0.00),ctr(sd=0,d=0.00,br=0.00,g=0.00),win:hpR=0.00,mpB=0.00,lhpR=0.00,lmpB=0.00,bar(l=0,sd=0,d=0.00,br=0.00,g=0.00),bot(sd=0,d=0.00),ctr(sd=0,d=0.00,br=0.00,g=0.00)) (9s ago)
2026-06-25 19:02:51Z hc2 (D2R_2): frame Unknown (46s ago) [degraded: UI command is active; using process-only status so diagnostics cannot starve menu input.] | last key/Escape/G/Space/Enter@683,384 (1m16s ago), fg ?
2026-06-25 19:02:51Z hc3 (D2R_3): frame CharacterScreen (52s ago) [degraded: Detailed status collection is still running; using process-only fallback.] | last click/Left@1143,106 (44s ago), fg ? | at FillTextFieldAsync: type text (43s ago)
2026-06-25 19:02:53Z hc1 (D2R_1): frame CharacterScreen (58s ago) [degraded: UI command is active; using process-only status so diagnostics cannot starve menu input.] | last click/Left@1045,475 (47s ago), fg ? | at WaitForGameEntryAsync: poll iteration 3: sampling process-relative HUD (0s ago) | hud F(scr:hpR=0.00,mpB=0.00,lhpR=0.00,lmpB=0.00,bar(l=0,sd=0,d=0.00,br=0.00,g=0.00),bot(sd=0,d=0.00),ctr(sd=0,d=0.00,br=0.00,g=0.00),win:hpR=0.00,mpB=0.00,lhpR=0.00,lmpB=0.00,bar(l=0,sd=0,d=0.00,br=0.00,g=0.00),bot(sd=0,d=0.00),ctr(sd=0,d=0.00,br=0.00,g=0.00)) (0s ago)
2026-06-25 19:02:53Z hc2 (D2R_2): frame Unknown (49s ago) [degraded: UI command is active; using process-only status so diagnostics cannot starve menu input.] | last key/Escape/G/Space/Enter@683,384 (1m19s ago), fg ?
2026-06-25 19:02:53Z hc3 (D2R_3): frame CharacterScreen (55s ago) [degraded: Detailed status collection is still running; using process-only fallback.] | last click/Left@1143,106 (47s ago), fg ? | at FillTextFieldAsync: type text (46s ago)
2026-06-25 19:02:56Z hc1 (D2R_1): frame CharacterScreen (1m1s ago) [degraded: UI command is active; using process-only status so diagnostics cannot starve menu input.] | last click/Left@1045,475 (50s ago), fg ? | at WaitForGameEntryAsync: poll iteration 3, checking connection interruption (0s ago) | hud F(scr:hpR=0.00,mpB=0.00,lhpR=0.00,lmpB=0.00,bar(l=0,sd=0,d=0.00,br=0.00,g=0.00),bot(sd=0,d=0.00),ctr(sd=0,d=0.00,br=0.00,g=0.00),win:hpR=0.00,mpB=0.00,lhpR=0.00,lmpB=0.00,bar(l=0,sd=0,d=0.00,br=0.00,g=0.00),bot(sd=0,d=0.00),ctr(sd=0,d=0.00,br=0.00,g=0.00)) (2s ago)
2026-06-25 19:02:56Z hc2 (D2R_2): frame Unknown (51s ago) [degraded: UI command is active; using process-only status so diagnostics cannot starve menu input.] | last key/Escape/G/Space/Enter@683,384 (1m22s ago), fg ?
2026-06-25 19:02:56Z hc3 (D2R_3): frame CharacterScreen (58s ago) [degraded: Detailed status collection is still running; using process-only fallback.] | last click/Left@1143,106 (50s ago), fg ? | at FillTextFieldAsync: type text (49s ago)
2026-06-25 19:02:59Z hc1 (D2R_1): frame CharacterScreen (1m4s ago) [degraded: UI command is active; using process-only status so diagnostics cannot starve menu input.] | last click/Left@1045,475 (53s ago), fg ? | at WaitForGameEntryAsync: poll iteration 3, checking offline character screen (0s ago) | hud F(scr:hpR=0.00,mpB=0.00,lhpR=0.00,lmpB=0.00,bar(l=0,sd=0,d=0.00,br=0.00,g=0.00),bot(sd=0,d=0.00),ctr(sd=0,d=0.00,br=0.00,g=0.00),win:hpR=0.00,mpB=0.00,lhpR=0.00,lmpB=0.00,bar(l=0,sd=0,d=0.00,br=0.00,g=0.00),bot(sd=0,d=0.00),ctr(sd=0,d=0.00,br=0.00,g=0.00)) (5s ago)
2026-06-25 19:02:59Z hc2 (D2R_2): frame Unknown (54s ago) [degraded: UI command is active; using process-only status so diagnostics cannot starve menu input.] | last key/Escape/G/Space/Enter@683,384 (1m25s ago), fg ?
2026-06-25 19:02:59Z hc3 (D2R_3): frame CharacterScreen (1m1s ago) [degraded: Detailed status collection is still running; using process-only fallback.] | last click/Left@1143,106 (52s ago), fg ? | at FillTextFieldAsync: type text (52s ago)
2026-06-25 19:03:01Z hc1 (D2R_1): frame CharacterScreen (1m6s ago) [degraded: UI command is active; using process-only status so diagnostics cannot starve menu input.] | last click/Left@1045,475 (55s ago), fg ? | at WaitForGameEntryAsync: poll iteration 3, checking character screen return (1s ago) | hud F(scr:hpR=0.00,mpB=0.00,lhpR=0.00,lmpB=0.00,bar(l=0,sd=0,d=0.00,br=0.00,g=0.00),bot(sd=0,d=0.00),ctr(sd=0,d=0.00,br=0.00,g=0.00),win:hpR=0.00,mpB=0.00,lhpR=0.00,lmpB=0.00,bar(l=0,sd=0,d=0.00,br=0.00,g=0.00),bot(sd=0,d=0.00),ctr(sd=0,d=0.00,br=0.00,g=0.00)) (8s ago)
2026-06-25 19:03:01Z hc2 (D2R_2): frame CharacterMenu (1s ago) [degraded: UI command is active; using process-only status so diagnostics cannot starve menu input.] | last key/Escape/G/Space/Enter@683,384 (1m28s ago), fg ? | at EnsureLobbyOpenedAsync: remembered-character-screen click (0s ago)
2026-06-25 19:03:01Z hc3 (D2R_3): frame CharacterScreen (1m4s ago) [degraded: Detailed status collection is still running; using process-only fallback.] | last click/Left@1143,106 (55s ago), fg ? | at FillTextFieldAsync: type text (55s ago)
2026-06-25 19:03:04Z hc1 (D2R_1): frame CharacterScreen (1m9s ago) [degraded: UI command is active; using process-only status so diagnostics cannot starve menu input.] | last click/Left@1045,475 (58s ago), fg ? | at WaitForGameEntryAsync: poll iteration 3, lobby menu absent; waiting for HUD confirmation (0s ago) | hud F(scr:hpR=0.00,mpB=0.00,lhpR=0.00,lmpB=0.00,bar(l=0,sd=0,d=0.00,br=0.00,g=0.00),bot(sd=0,d=0.00),ctr(sd=0,d=0.00,br=0.00,g=0.00),win:hpR=0.00,mpB=0.00,lhpR=0.00,lmpB=0.00,bar(l=0,sd=0,d=0.00,br=0.00,g=0.00),bot(sd=0,d=0.00),ctr(sd=0,d=0.00,br=0.00,g=0.00)) (10s ago)
2026-06-25 19:03:04Z hc2 (D2R_2): frame CharacterMenu (3s ago) [degraded: UI command is active; using process-only status so diagnostics cannot starve menu input.] | last click/Left@799,689 (1s ago), fg ? | at ClickLobbyTabDirectAsync: first ClickD2R (0s ago)
2026-06-25 19:03:04Z hc3 (D2R_3): frame CharacterScreen (1m6s ago) [degraded: Detailed status collection is still running; using process-only fallback.] | last click/Left@1143,106 (57s ago), fg ? | at FillTextFieldAsync: type text (57s ago)
2026-06-25 19:03:06Z hc1 (D2R_1): frame CharacterScreen (1m11s ago) [degraded: UI command is active; using process-only status so diagnostics cannot starve menu input.] | last click/Left@1045,475 (1m0s ago), fg ? | at WaitForGameEntryAsync: deadline: sampling screen-relative HUD (0s ago) | hud F(scr:hpR=0.00,mpB=0.00,lhpR=0.00,lmpB=0.00,bar(l=0,sd=0,d=0.00,br=0.00,g=0.00),bot(sd=0,d=0.00),ctr(sd=0,d=0.00,br=0.00,g=0.00),win:hpR=0.00,mpB=0.00,lhpR=0.00,lmpB=0.00,bar(l=0,sd=0,d=0.00,br=0.00,g=0.00),bot(sd=0,d=0.00),ctr(sd=0,d=0.00,br=0.00,g=0.00)) (1s ago)
2026-06-25 19:03:06Z hc2 (D2R_2): frame CharacterMenu (6s ago) [degraded: UI command is active; using process-only status so diagnostics cannot starve menu input.] | last click/Left@952,106 (0s ago), fg ? | at FillTextFieldAsync: second click (0s ago)
2026-06-25 19:03:06Z hc3 (D2R_3): frame CharacterScreen (1m8s ago) [degraded: Detailed status collection is still running; using process-only fallback.] | last click/Left@1143,106 (1m0s ago), fg ? | at FillTextFieldAsync: type text (59s ago)
2026-06-25 19:03:09Z hc1 (D2R_1): frame CharacterScreen (1m14s ago) [degraded: UI command is active; using process-only status so diagnostics cannot starve menu input.] | last click/Left@1045,475 (1m3s ago), fg ? | at WaitForGameEntryAsync: deadline, checking lobby menu return (0s ago) | hud F(scr:hpR=0.00,mpB=0.00,lhpR=0.00,lmpB=0.00,bar(l=0,sd=0,d=0.00,br=0.00,g=0.00),bot(sd=0,d=0.00),ctr(sd=0,d=0.00,br=0.00,g=0.00),win:hpR=0.00,mpB=0.00,lhpR=0.00,lmpB=0.00,bar(l=0,sd=0,d=0.00,br=0.00,g=0.00),bot(sd=0,d=0.00),ctr(sd=0,d=0.00,br=0.00,g=0.00)) (3s ago)
2026-06-25 19:03:09Z hc2 (D2R_2): frame CharacterMenu (8s ago) [degraded: UI command is active; using process-only status so diagnostics cannot starve menu input.] | last click/Left@1143,106 (0s ago), fg ? | at FillTextFieldAsync: second click (0s ago)
2026-06-25 19:03:09Z hc3 (D2R_3): frame CharacterScreen (1m11s ago) [degraded: Detailed status collection is still running; using process-only fallback.] | last click/Left@1143,106 (1m2s ago), fg ? | at FillTextFieldAsync: type text (1m2s ago)
2026-06-25 19:03:11Z hc1 (D2R_1): frame CharacterScreen (1m16s ago) [degraded: UI command is active; using process-only status so diagnostics cannot starve menu input.] | last click/Left@1045,475 (1m5s ago), fg ? | at WaitForGameEntryAsync: deadline, checking offline character screen (1s ago) | hud F(scr:hpR=0.00,mpB=0.00,lhpR=0.00,lmpB=0.00,bar(l=0,sd=0,d=0.00,br=0.00,g=0.00),bot(sd=0,d=0.00),ctr(sd=0,d=0.00,br=0.00,g=0.00),win:hpR=0.00,mpB=0.00,lhpR=0.00,lmpB=0.00,bar(l=0,sd=0,d=0.00,br=0.00,g=0.00),bot(sd=0,d=0.00),ctr(sd=0,d=0.00,br=0.00,g=0.00)) (6s ago)
2026-06-25 19:03:11Z hc2 (D2R_2): frame CharacterMenu (11s ago) [degraded: Detailed status collection is still running; using process-only fallback.] | last click/Left@1143,106 (2s ago), fg ? | at FillTextFieldAsync: type text (2s ago)
2026-06-25 19:03:11Z hc3 (D2R_3): frame CharacterScreen (1m13s ago) [degraded: Detailed status collection is still running; using process-only fallback.] | last click/Left@1143,106 (1m5s ago), fg ? | at FillTextFieldAsync: type text (1m5s ago)
2026-06-25 19:03:14Z hc1 (D2R_1): frame CharacterScreen (1m19s ago) [degraded: UI command is active; using process-only status so diagnostics cannot starve menu input.] | last click/Left@1045,475 (1m8s ago), fg ? | at WaitForGameEntryAsync: deadline, checking character screen return (2s ago) | hud F(scr:hpR=0.00,mpB=0.00,lhpR=0.00,lmpB=0.00,bar(l=0,sd=0,d=0.00,br=0.00,g=0.00),bot(sd=0,d=0.00),ctr(sd=0,d=0.00,br=0.00,g=0.00),win:hpR=0.00,mpB=0.00,lhpR=0.00,lmpB=0.00,bar(l=0,sd=0,d=0.00,br=0.00,g=0.00),bot(sd=0,d=0.00),ctr(sd=0,d=0.00,br=0.00,g=0.00)) (8s ago)
2026-06-25 19:03:14Z hc2 (D2R_2): frame CharacterMenu (13s ago) [degraded: Detailed status collection is still running; using process-only fallback.] | last click/Left@1143,106 (4s ago), fg ? | at FillTextFieldAsync: type text (4s ago)
2026-06-25 19:03:14Z hc3 (D2R_3): frame CharacterScreen (1m16s ago) [degraded: Detailed status collection is still running; using process-only fallback.] | last click/Left@1143,106 (1m7s ago), fg ? | at FillTextFieldAsync: type text (1m7s ago)
2026-06-25 19:03:17Z hc1 (D2R_1): frame CharacterScreen (1m22s ago) [degraded: UI command is active; using process-only status so diagnostics cannot starve menu input.] | last click/Left@1045,475 (1m11s ago), fg ? | at ClickMenuEntryButtonUntilEnteredGameAsync: after wait result (iteration 930): sampling screen-relative HUD (0s ago) | hud F(scr:hpR=0.00,mpB=0.00,lhpR=0.00,lmpB=0.00,bar(l=0,sd=0,d=0.00,br=0.00,g=0.00),bot(sd=0,d=0.00),ctr(sd=0,d=0.00,br=0.00,g=0.00),win:hpR=0.00,mpB=0.00,lhpR=0.00,lmpB=0.00,bar(l=0,sd=0,d=0.00,br=0.00,g=0.00),bot(sd=0,d=0.00),ctr(sd=0,d=0.00,br=0.00,g=0.00)) (1s ago)
2026-06-25 19:03:17Z hc2 (D2R_2): frame CharacterMenu (16s ago) [degraded: Detailed status collection is still running; using process-only fallback.] | last click/Left@1143,106 (7s ago), fg ? | at FillTextFieldAsync: type text (7s ago)
2026-06-25 19:03:17Z hc3 (D2R_3): frame CharacterScreen (1m18s ago) [degraded: Detailed status collection is still running; using process-only fallback.] | last click/Left@1143,106 (1m10s ago), fg ? | at FillTextFieldAsync: type text (1m10s ago)
2026-06-25 19:03:20Z hc1 (D2R_1): frame CharacterScreen (1m25s ago) [degraded: UI command is active; using process-only status so diagnostics cannot starve menu input.] | last click/Left@1045,475 (1m14s ago), fg ? | at ClickMenuEntryButtonUntilEnteredGameAsync: loop iteration 931: sampling process-relative HUD (0s ago) | hud F(scr:hpR=0.00,mpB=0.00,lhpR=0.00,lmpB=0.00,bar(l=0,sd=0,d=0.00,br=0.00,g=0.00),bot(sd=0,d=0.00),ctr(sd=0,d=0.00,br=0.00,g=0.00),win:hpR=0.00,mpB=0.00,lhpR=0.00,lmpB=0.00,bar(l=0,sd=0,d=0.00,br=0.00,g=0.00),bot(sd=0,d=0.00),ctr(sd=0,d=0.00,br=0.00,g=0.00)) (0s ago)
2026-06-25 19:03:20Z hc2 (D2R_2): frame CharacterMenu (19s ago) [degraded: Detailed status collection is still running; using process-only fallback.] | last click/Left@1143,106 (10s ago), fg ? | at FillTextFieldAsync: type text (10s ago)
2026-06-25 19:03:20Z hc3 (D2R_3): frame CharacterScreen (1m21s ago) [degraded: Detailed status collection is still running; using process-only fallback.] | last click/Left@1143,106 (1m13s ago), fg ? | at FillTextFieldAsync: type text (1m13s ago)
2026-06-25 19:03:22Z hc1 (D2R_1): frame CharacterScreen (1m27s ago) [degraded: UI command is active; using process-only status so diagnostics cannot starve menu input.] | last click/Left@1045,475 (1m16s ago), fg ? | at ClickMenuEntryButtonUntilEnteredGameAsync: loop iteration 931, checking game-entry error dialog (1s ago) | hud F(scr:hpR=0.00,mpB=0.00,lhpR=0.00,lmpB=0.00,bar(l=0,sd=0,d=0.00,br=0.00,g=0.00),bot(sd=0,d=0.00),ctr(sd=0,d=0.00,br=0.00,g=0.00),win:hpR=0.00,mpB=0.00,lhpR=0.00,lmpB=0.00,bar(l=0,sd=0,d=0.00,br=0.00,g=0.00),bot(sd=0,d=0.00),ctr(sd=0,d=0.00,br=0.00,g=0.00)) (3s ago)
2026-06-25 19:03:22Z hc2 (D2R_2): frame CharacterMenu (22s ago) [degraded: Detailed status collection is still running; using process-only fallback.] | last click/Left@1143,106 (13s ago), fg ? | at FillTextFieldAsync: type text (13s ago)
2026-06-25 19:03:22Z hc3 (D2R_3): frame CharacterScreen (1m24s ago) [degraded: Detailed status collection is still running; using process-only fallback.] | last click/Left@1143,106 (1m16s ago), fg ? | at FillTextFieldAsync: type text (1m16s ago)
2026-06-25 19:03:25Z hc1 (D2R_1): frame CharacterScreen (1m30s ago) [degraded: UI command is active; using process-only status so diagnostics cannot starve menu input.] | last click/Left@1045,475 (1m19s ago), fg ? | at ClickMenuEntryButtonUntilEnteredGameAsync: loop iteration 931, checking connection interruption (2s ago) | hud F(scr:hpR=0.00,mpB=0.00,lhpR=0.00,lmpB=0.00,bar(l=0,sd=0,d=0.00,br=0.00,g=0.00),bot(sd=0,d=0.00),ctr(sd=0,d=0.00,br=0.00,g=0.00),win:hpR=0.00,mpB=0.00,lhpR=0.00,lmpB=0.00,bar(l=0,sd=0,d=0.00,br=0.00,g=0.00),bot(sd=0,d=0.00),ctr(sd=0,d=0.00,br=0.00,g=0.00)) (6s ago)
2026-06-25 19:03:25Z hc2 (D2R_2): frame CharacterMenu (24s ago) [degraded: Detailed status collection is still running; using process-only fallback.] | last click/Left@1143,106 (16s ago), fg ? | at FillTextFieldAsync: type text (15s ago)
2026-06-25 19:03:25Z hc3 (D2R_3): frame CharacterScreen (1m27s ago) [degraded: Detailed status collection is still running; using process-only fallback.] | last click/Left@1143,106 (1m19s ago), fg ? | at FillTextFieldAsync: type text (1m18s ago)
2026-06-25 19:03:28Z hc1 (D2R_1): frame CharacterScreen (1m33s ago) [degraded: UI command is active; using process-only status so diagnostics cannot starve menu input.] | last click/Left@1045,475 (1m22s ago), fg ? | at ClickMenuEntryButtonUntilEnteredGameAsync: timeout boundary after connection check (iteration 931): sampling screen-relative HUD (0s ago) | hud F(scr:hpR=0.00,mpB=0.00,lhpR=0.00,lmpB=0.00,bar(l=0,sd=0,d=0.00,br=0.00,g=0.00),bot(sd=0,d=0.00),ctr(sd=0,d=0.00,br=0.00,g=0.00),win:hpR=0.00,mpB=0.00,lhpR=0.00,lmpB=0.00,bar(l=0,sd=0,d=0.00,br=0.00,g=0.00),bot(sd=0,d=0.00),ctr(sd=0,d=0.00,br=0.00,g=0.00)) (1s ago)
2026-06-25 19:03:28Z hc2 (D2R_2): frame CharacterMenu (27s ago) [degraded: Detailed status collection is still running; using process-only fallback.] | last click/Left@1143,106 (19s ago), fg ? | at FillTextFieldAsync: type text (18s ago)
2026-06-25 19:03:28Z hc3 (D2R_3): frame CharacterScreen (1m30s ago) [degraded: Detailed status collection is still running; using process-only fallback.] | last click/Left@1143,106 (1m22s ago), fg ? | at FillTextFieldAsync: type text (1m21s ago)
2026-06-25 19:03:31Z hc1 (D2R_1): frame CharacterScreen (1m36s ago) [degraded: UI command is active; using process-only status so diagnostics cannot starve menu input.] | last click/Left@1045,475 (1m25s ago), fg ? | at ClickMenuEntryButtonUntilEnteredGameAsync: loop iteration 931, checking offline character screen (1s ago) | hud F(scr:hpR=0.00,mpB=0.00,lhpR=0.00,lmpB=0.00,bar(l=0,sd=0,d=0.00,br=0.00,g=0.00),bot(sd=0,d=0.00),ctr(sd=0,d=0.00,br=0.00,g=0.00),win:hpR=0.00,mpB=0.00,lhpR=0.00,lmpB=0.00,bar(l=0,sd=0,d=0.00,br=0.00,g=0.00),bot(sd=0,d=0.00),ctr(sd=0,d=0.00,br=0.00,g=0.00)) (5s ago)
2026-06-25 19:03:31Z hc2 (D2R_2): frame CharacterMenu (30s ago) [degraded: Detailed status collection is still running; using process-only fallback.] | last click/Left@1143,106 (21s ago), fg ? | at FillTextFieldAsync: type text (21s ago)
2026-06-25 19:03:31Z hc3 (D2R_3): frame CharacterScreen (1m33s ago) [degraded: Detailed status collection is still running; using process-only fallback.] | last click/Left@1143,106 (1m24s ago), fg ? | at FillTextFieldAsync: type text (1m24s ago)
2026-06-25 19:03:34Z hc1 (D2R_1): frame CharacterScreen (1m39s ago) [degraded: UI command is active; using process-only status so diagnostics cannot starve menu input.] | last click/Left@1045,475 (1m28s ago), fg ? | at ClickMenuEntryButtonUntilEnteredGameAsync: timeout boundary after offline-screen check (iteration 931): sampling process-relative HUD (0s ago) | hud F(scr:hpR=0.00,mpB=0.00,lhpR=0.00,lmpB=0.00,bar(l=0,sd=0,d=0.00,br=0.00,g=0.00),bot(sd=0,d=0.00),ctr(sd=0,d=0.00,br=0.00,g=0.00),win:hpR=0.00,mpB=0.00,lhpR=0.00,lmpB=0.00,bar(l=0,sd=0,d=0.00,br=0.00,g=0.00),bot(sd=0,d=0.00),ctr(sd=0,d=0.00,br=0.00,g=0.00)) (0s ago)
2026-06-25 19:03:34Z hc2 (D2R_2): frame CharacterMenu (33s ago) [degraded: Detailed status collection is still running; using process-only fallback.] | last click/Left@1143,106 (24s ago), fg ? | at FillTextFieldAsync: type text (24s ago)
2026-06-25 19:03:34Z hc3 (D2R_3): frame CharacterScreen (1m36s ago) [degraded: Detailed status collection is still running; using process-only fallback.] | last click/Left@1143,106 (1m27s ago), fg ? | at FillTextFieldAsync: type text (1m27s ago)
2026-06-25 19:03:36Z hc1 (D2R_1): frame CharacterScreen (1m41s ago) [degraded: UI command is active; using process-only status so diagnostics cannot starve menu input.] | last click/Left@1045,475 (1m30s ago), fg ? | at ClickMenuEntryButtonUntilEnteredGameAsync: timeout boundary after offline-screen check (iteration 931): HUD not ready (0s ago) | hud F(scr:hpR=0.00,mpB=0.00,lhpR=0.00,lmpB=0.00,bar(l=0,sd=0,d=0.00,br=0.00,g=0.00),bot(sd=0,d=0.00),ctr(sd=0,d=0.00,br=0.00,g=0.00),win:hpR=0.00,mpB=0.00,lhpR=0.00,lmpB=0.00,bar(l=0,sd=0,d=0.00,br=0.00,g=0.00),bot(sd=0,d=0.00),ctr(sd=0,d=0.00,br=0.00,g=0.00)) (2s ago)
2026-06-25 19:03:36Z hc2 (D2R_2): frame CharacterMenu (35s ago) [degraded: Detailed status collection is still running; using process-only fallback.] | last click/Left@1143,106 (27s ago), fg ? | at FillTextFieldAsync: type text (26s ago)
2026-06-25 19:03:36Z hc3 (D2R_3): frame CharacterScreen (1m38s ago) [degraded: Detailed status collection is still running; using process-only fallback.] | last click/Left@1143,106 (1m30s ago), fg ? | at FillTextFieldAsync: type text (1m29s ago)
2026-06-25 19:03:38Z hc1 (D2R_1): frame CharacterScreen (1m43s ago) [degraded: UI command is active; using process-only status so diagnostics cannot starve menu input.] | last click/Left@1045,475 (1m32s ago), fg ? | at ClickMenuEntryButtonUntilEnteredGameAsync: loop iteration 931, checking character select (0s ago) | hud F(scr:hpR=0.00,mpB=0.00,lhpR=0.00,lmpB=0.00,bar(l=0,sd=0,d=0.00,br=0.00,g=0.00),bot(sd=0,d=0.00),ctr(sd=0,d=0.00,br=0.00,g=0.00),win:hpR=0.00,mpB=0.00,lhpR=0.00,lmpB=0.00,bar(l=0,sd=0,d=0.00,br=0.00,g=0.00),bot(sd=0,d=0.00),ctr(sd=0,d=0.00,br=0.00,g=0.00)) (4s ago)
2026-06-25 19:03:38Z hc2 (D2R_2): frame CharacterMenu (38s ago) [degraded: Detailed status collection is still running; using process-only fallback.] | last click/Left@1143,106 (29s ago), fg ? | at FillTextFieldAsync: type text (29s ago)
2026-06-25 19:03:38Z hc3 (D2R_3): frame CharacterScreen (1m41s ago) [degraded: Detailed status collection is still running; using process-only fallback.] | last click/Left@1143,106 (1m32s ago), fg ? | at FillTextFieldAsync: type text (1m32s ago)
2026-06-25 19:03:41Z hc1 (D2R_1): frame CharacterScreen (1m46s ago) [degraded: UI command is active; using process-only status so diagnostics cannot starve menu input.] | last click/Left@1045,475 (1m35s ago), fg ? | at ClickMenuEntryButtonUntilEnteredGameAsync: loop iteration 931, checking character select (3s ago) | hud F(scr:hpR=0.00,mpB=0.00,lhpR=0.00,lmpB=0.00,bar(l=0,sd=0,d=0.00,br=0.00,g=0.00),bot(sd=0,d=0.00),ctr(sd=0,d=0.00,br=0.00,g=0.00),win:hpR=0.00,mpB=0.00,lhpR=0.00,lmpB=0.00,bar(l=0,sd=0,d=0.00,br=0.00,g=0.00),bot(sd=0,d=0.00),ctr(sd=0,d=0.00,br=0.00,g=0.00)) (7s ago)
2026-06-25 19:03:41Z hc2 (D2R_2): frame CharacterMenu (40s ago) [degraded: Detailed status collection is still running; using process-only fallback.] | last click/Left@1143,106 (32s ago), fg ? | at FillTextFieldAsync: type text (31s ago)
2026-06-25 19:03:41Z hc3 (D2R_3): frame CharacterScreen (1m43s ago) [degraded: Detailed status collection is still running; using process-only fallback.] | last click/Left@1143,106 (1m35s ago), fg ? | at FillTextFieldAsync: type text (1m34s ago)
2026-06-25 19:03:44Z hc1 (D2R_1): frame CharacterScreen (1m49s ago) [degraded: UI command is active; using process-only status so diagnostics cannot starve menu input.] | last click/Left@1045,475 (1m38s ago), fg ? | at FormatGameEntryMenuDiagnostics: checking lobby tab (0s ago) | hud F(scr:hpR=0.00,mpB=0.00,lhpR=0.00,lmpB=0.00,bar(l=0,sd=0,d=0.00,br=0.00,g=0.00),bot(sd=0,d=0.00),ctr(sd=0,d=0.00,br=0.00,g=0.00),win:hpR=0.00,mpB=0.00,lhpR=0.00,lmpB=0.00,bar(l=0,sd=0,d=0.00,br=0.00,g=0.00),bot(sd=0,d=0.00),ctr(sd=0,d=0.00,br=0.00,g=0.00)) (2s ago)
2026-06-25 19:03:44Z hc2 (D2R_2): frame CharacterMenu (43s ago) [degraded: Detailed status collection is still running; using process-only fallback.] | last click/Left@1143,106 (34s ago), fg ? | at FillTextFieldAsync: type text (34s ago)
2026-06-25 19:03:44Z hc3 (D2R_3): frame CharacterScreen (1m46s ago) [degraded: Detailed status collection is still running; using process-only fallback.] | last click/Left@1143,106 (1m37s ago), fg ? | at FillTextFieldAsync: type text (1m37s ago)
2026-06-25 19:03:47Z hc1 (D2R_1): frame CharacterScreen (1m52s ago) [degraded: UI command is active; using process-only status so diagnostics cannot starve menu input.] | last click/Left@1045,475 (1m41s ago), fg ? | at FormatGameEntryMenuDiagnostics: checking entry button (0s ago) | hud F(scr:hpR=0.00,mpB=0.00,lhpR=0.00,lmpB=0.00,bar(l=0,sd=0,d=0.00,br=0.00,g=0.00),bot(sd=0,d=0.00),ctr(sd=0,d=0.00,br=0.00,g=0.00),win:hpR=0.00,mpB=0.00,lhpR=0.00,lmpB=0.00,bar(l=0,sd=0,d=0.00,br=0.00,g=0.00),bot(sd=0,d=0.00),ctr(sd=0,d=0.00,br=0.00,g=0.00)) (5s ago)
2026-06-25 19:03:47Z hc2 (D2R_2): frame CharacterMenu (46s ago) [degraded: Detailed status collection is still running; using process-only fallback.] | last click/Left@1143,106 (37s ago), fg ? | at FillTextFieldAsync: type text (37s ago)
2026-06-25 19:03:47Z hc3 (D2R_3): frame CharacterScreen (1m49s ago) [degraded: Detailed status collection is still running; using process-only fallback.] | last click/Left@1143,106 (1m40s ago), fg ? | at FillTextFieldAsync: type text (1m40s ago)
2026-06-25 19:03:49Z hc1 (D2R_1): frame CharacterScreen (1m54s ago) [degraded: UI command is active; using process-only status so diagnostics cannot starve menu input.] | last click/Left@1045,475 (1m43s ago), fg ? | at FormatGameEntryMenuDiagnostics: checking entry button (2s ago) | hud F(scr:hpR=0.00,mpB=0.00,lhpR=0.00,lmpB=0.00,bar(l=0,sd=0,d=0.00,br=0.00,g=0.00),bot(sd=0,d=0.00),ctr(sd=0,d=0.00,br=0.00,g=0.00),win:hpR=0.00,mpB=0.00,lhpR=0.00,lmpB=0.00,bar(l=0,sd=0,d=0.00,br=0.00,g=0.00),bot(sd=0,d=0.00),ctr(sd=0,d=0.00,br=0.00,g=0.00)) (7s ago)
2026-06-25 19:03:49Z hc2 (D2R_2): frame CharacterMenu (49s ago) [degraded: Detailed status collection is still running; using process-only fallback.] | last click/Left@1143,106 (40s ago), fg ? | at FillTextFieldAsync: type text (40s ago)
2026-06-25 19:03:49Z hc3 (D2R_3): frame CharacterScreen (1m51s ago) [degraded: Detailed status collection is still running; using process-only fallback.] | last click/Left@1143,106 (1m43s ago), fg ? | at FillTextFieldAsync: type text (1m43s ago)
2026-06-25 19:03:52Z hc1 (D2R_1): frame CharacterScreen (1m56s ago) [degraded: UI command is active; using process-only status so diagnostics cannot starve menu input.] | last click/Left@1045,475 (1m45s ago), fg ? | at FormatGameEntryMenuDiagnostics: checking form panel (window-relative) (0s ago) | hud F(scr:hpR=0.00,mpB=0.00,lhpR=0.00,lmpB=0.00,bar(l=0,sd=0,d=0.00,br=0.00,g=0.00),bot(sd=0,d=0.00),ctr(sd=0,d=0.00,br=0.00,g=0.00),win:hpR=0.00,mpB=0.00,lhpR=0.00,lmpB=0.00,bar(l=0,sd=0,d=0.00,br=0.00,g=0.00),bot(sd=0,d=0.00),ctr(sd=0,d=0.00,br=0.00,g=0.00)) (10s ago)
2026-06-25 19:03:52Z hc2 (D2R_2): frame CharacterMenu (51s ago) [degraded: Detailed status collection is still running; using process-only fallback.] | last click/Left@1143,106 (42s ago), fg ? | at FillTextFieldAsync: type text (42s ago)
2026-06-25 19:03:52Z hc3 (D2R_3): frame CharacterScreen (1m54s ago) [degraded: Detailed status collection is still running; using process-only fallback.] | last click/Left@1143,106 (1m45s ago), fg ? | at FillTextFieldAsync: type text (1m45s ago)
2026-06-25 19:03:54Z hc1 (D2R_1): frame CharacterScreen (1m59s ago) [degraded: UI command is active; using process-only status so diagnostics cannot starve menu input.] | last click/Left@1045,475 (1m48s ago), fg ? | at FormatGameEntryMenuDiagnostics: sampling HUD evidence (1s ago) | hud F(scr:hpR=0.00,mpB=0.00,lhpR=0.00,lmpB=0.00,bar(l=0,sd=0,d=0.00,br=0.00,g=0.00),bot(sd=0,d=0.00),ctr(sd=0,d=0.00,br=0.00,g=0.00),win:hpR=0.00,mpB=0.00,lhpR=0.00,lmpB=0.00,bar(l=0,sd=0,d=0.00,br=0.00,g=0.00),bot(sd=0,d=0.00),ctr(sd=0,d=0.00,br=0.00,g=0.00)) (12s ago)
2026-06-25 19:03:54Z hc2 (D2R_2): frame CharacterMenu (53s ago) [degraded: Detailed status collection is still running; using process-only fallback.] | last click/Left@1143,106 (45s ago), fg ? | at FillTextFieldAsync: type text (44s ago)
2026-06-25 19:03:54Z hc3 (D2R_3): frame CharacterScreen (1m56s ago) [degraded: Detailed status collection is still running; using process-only fallback.] | last click/Left@1143,106 (1m48s ago), fg ? | at FillTextFieldAsync: type text (1m47s ago)
