2026-06-24 16:27:17Z hc1 (D2R_1): frame unknown [degraded] | last no input yet
2026-06-24 16:27:17Z hc2 (D2R_2): frame unknown [degraded] | last no input yet
2026-06-24 16:27:17Z hc3 (D2R_3): frame unknown [degraded] | last no input yet
2026-06-24 16:27:19Z hc1 (D2R_1): frame unknown [degraded] | last no input yet
2026-06-24 16:27:19Z hc2 (D2R_2): frame unknown [degraded] | last no input yet
2026-06-24 16:27:19Z hc3 (D2R_3): frame unknown [degraded] | last no input yet
2026-06-24 16:27:21Z hc1 (D2R_1): frame unknown [degraded] | last no input yet
2026-06-24 16:27:21Z hc2 (D2R_2): frame unknown [degraded] | last no input yet
2026-06-24 16:27:21Z hc3 (D2R_3): frame unknown [degraded] | last no input yet
2026-06-24 16:27:24Z hc1 (D2R_1): frame unknown [degraded] | last no input yet
2026-06-24 16:27:24Z hc2 (D2R_2): frame unknown [degraded] | last no input yet
2026-06-24 16:27:24Z hc3 (D2R_3): frame unknown [degraded] | last no input yet
2026-06-24 16:27:26Z hc1 (D2R_1): frame unknown [degraded] | last no input yet
2026-06-24 16:27:26Z hc2 (D2R_2): frame unknown [degraded] | last no input yet
2026-06-24 16:27:26Z hc3 (D2R_3): frame unknown [degraded] | last no input yet
2026-06-24 16:27:28Z hc1 (D2R_1): frame unknown [degraded] | last no input yet
2026-06-24 16:27:28Z hc2 (D2R_2): frame unknown [degraded] | last no input yet
2026-06-24 16:27:28Z hc3 (D2R_3): frame unknown [degraded] | last no input yet
2026-06-24 16:27:31Z hc1 (D2R_1): frame unknown [degraded] | last no input yet
2026-06-24 16:27:31Z hc2 (D2R_2): frame unknown [degraded] | last no input yet
2026-06-24 16:27:31Z hc3 (D2R_3): frame unknown [degraded] | last no input yet
2026-06-24 16:27:33Z hc1 (D2R_1): frame unknown [degraded] | last no input yet
2026-06-24 16:27:33Z hc2 (D2R_2): frame unknown [degraded] | last no input yet
2026-06-24 16:27:33Z hc3 (D2R_3): frame unknown [degraded] | last no input yet
2026-06-24 16:27:35Z hc1 (D2R_1): frame unknown [degraded] | last no input yet
2026-06-24 16:27:35Z hc2 (D2R_2): frame unknown [degraded] | last no input yet
2026-06-24 16:27:35Z hc3 (D2R_3): frame unknown [degraded] | last no input yet
2026-06-24 16:27:37Z hc1 (D2R_1): frame unknown [degraded] | last no input yet
2026-06-24 16:27:37Z hc2 (D2R_2): frame unknown [degraded] | last no input yet
2026-06-24 16:27:37Z hc3 (D2R_3): frame unknown [degraded] | last no input yet
2026-06-24 16:27:40Z hc1 (D2R_1): frame unknown [degraded] | last no input yet
2026-06-24 16:27:40Z hc2 (D2R_2): frame unknown [degraded] | last no input yet
2026-06-24 16:27:40Z hc3 (D2R_3): frame unknown [degraded] | last no input yet
2026-06-24 16:27:42Z hc1 (D2R_1): frame unknown [degraded] | last no input yet
2026-06-24 16:27:42Z hc2 (D2R_2): frame unknown [degraded] | last no input yet
2026-06-24 16:27:42Z hc3 (D2R_3): frame unknown [degraded] | last no input yet
2026-06-24 16:27:44Z hc1 (D2R_1): frame unknown [degraded] | last no input yet
2026-06-24 16:27:44Z hc2 (D2R_2): frame unknown [degraded] | last no input yet
2026-06-24 16:27:44Z hc3 (D2R_3): frame unknown [degraded] | last no input yet
2026-06-24 16:27:46Z hc1 (D2R_1): frame unknown [degraded] | last no input yet
2026-06-24 16:27:46Z hc2 (D2R_2): frame unknown [degraded] | last no input yet
2026-06-24 16:27:46Z hc3 (D2R_3): frame unknown [degraded] | last no input yet
2026-06-24 16:27:49Z hc1 (D2R_1): frame unknown [degraded] | last no input yet
2026-06-24 16:27:49Z hc2 (D2R_2): frame unknown [degraded] | last no input yet
2026-06-24 16:27:49Z hc3 (D2R_3): frame unknown [degraded] | last no input yet
2026-06-24 16:27:51Z hc1 (D2R_1): frame unknown [degraded] | last no input yet
2026-06-24 16:27:51Z hc2 (D2R_2): frame unknown [degraded] | last no input yet
2026-06-24 16:27:51Z hc3 (D2R_3): frame unknown [degraded] | last no input yet
2026-06-24 16:27:53Z hc1 (D2R_1): frame unknown [degraded] | last no input yet
2026-06-24 16:27:53Z hc2 (D2R_2): frame unknown [degraded] | last no input yet
2026-06-24 16:27:53Z hc3 (D2R_3): frame unknown [degraded] | last no input yet
2026-06-24 16:27:55Z hc1 (D2R_1): frame unknown [degraded] | last no input yet
2026-06-24 16:27:55Z hc2 (D2R_2): frame unknown [degraded] | last no input yet
2026-06-24 16:27:55Z hc3 (D2R_3): frame unknown [degraded] | last no input yet
2026-06-24 16:27:58Z hc1 (D2R_1): frame unknown [degraded] | last no input yet
2026-06-24 16:27:58Z hc2 (D2R_2): frame unknown [degraded] | last no input yet
2026-06-24 16:27:58Z hc3 (D2R_3): frame unknown [degraded] | last no input yet
2026-06-24 16:28:00Z hc1 (D2R_1): frame unknown [degraded] | last no input yet
2026-06-24 16:28:00Z hc2 (D2R_2): frame unknown [degraded] | last no input yet
2026-06-24 16:28:00Z hc3 (D2R_3): frame unknown [degraded] | last no input yet
2026-06-24 16:28:02Z hc1 (D2R_1): frame unknown [degraded] | last no input yet
2026-06-24 16:28:02Z hc2 (D2R_2): frame unknown [degraded] | last no input yet
2026-06-24 16:28:02Z hc3 (D2R_3): frame unknown [degraded] | last no input yet
2026-06-24 16:28:05Z hc1 (D2R_1): frame unknown [degraded] | last no input yet
2026-06-24 16:28:05Z hc2 (D2R_2): frame unknown [degraded] | last no input yet
2026-06-24 16:28:05Z hc3 (D2R_3): frame unknown [degraded] | last no input yet
2026-06-24 16:28:07Z hc1 (D2R_1): frame unknown [degraded] | last no input yet
2026-06-24 16:28:07Z hc2 (D2R_2): frame unknown [degraded] | last no input yet
2026-06-24 16:28:07Z hc3 (D2R_3): frame unknown [degraded] | last no input yet
2026-06-24 16:28:09Z hc1 (D2R_1): frame unknown [degraded] | last no input yet
2026-06-24 16:28:09Z hc2 (D2R_2): frame unknown [degraded] | last no input yet
2026-06-24 16:28:09Z hc3 (D2R_3): frame unknown [degraded] | last no input yet
2026-06-24 16:28:12Z hc1 (D2R_1): frame unknown [degraded] | last no input yet
2026-06-24 16:28:12Z hc2 (D2R_2): frame unknown [degraded] | last no input yet
2026-06-24 16:28:12Z hc3 (D2R_3): frame unknown [degraded] | last no input yet
2026-06-24 16:28:14Z hc1 (D2R_1): frame unknown [degraded] | last no input yet
2026-06-24 16:28:14Z hc2 (D2R_2): frame unknown [degraded] | last no input yet
2026-06-24 16:28:14Z hc3 (D2R_3): frame unknown [degraded] | last no input yet
2026-06-24 16:28:16Z hc1 (D2R_1): frame unknown [degraded] | last no input yet
2026-06-24 16:28:16Z hc2 (D2R_2): frame unknown [degraded] | last no input yet
2026-06-24 16:28:16Z hc3 (D2R_3): frame unknown [degraded] | last no input yet
2026-06-24 16:28:19Z hc1 (D2R_1): frame unknown [degraded] | last no input yet
2026-06-24 16:28:19Z hc2 (D2R_2): frame unknown [degraded] | last no input yet
2026-06-24 16:28:19Z hc3 (D2R_3): frame unknown [degraded] | last no input yet
2026-06-24 16:28:21Z hc1 (D2R_1): frame unknown [degraded] | last no input yet
2026-06-24 16:28:21Z hc2 (D2R_2): frame unknown [degraded] | last no input yet
2026-06-24 16:28:21Z hc3 (D2R_3): frame DiabloSplash (2s ago) [degraded] | last no input yet
2026-06-24 16:28:23Z hc1 (D2R_1): frame unknown [degraded] | last no input yet
2026-06-24 16:28:23Z hc2 (D2R_2): frame DiabloSplash (1s ago) [degraded] | last no input yet
2026-06-24 16:28:23Z hc3 (D2R_3): frame DiabloSplash (4s ago) [degraded] | last key/SplashContinue/G/Space/Enter@683,384 (2s ago), fg ?
2026-06-24 16:28:25Z hc1 (D2R_1): frame unknown [degraded] | last no input yet
2026-06-24 16:28:25Z hc2 (D2R_2): frame DiabloSplash (3s ago) [degraded] | last key/SplashContinue/G/Space/Enter@683,384 (1s ago), fg ?
2026-06-24 16:28:25Z hc3 (D2R_3): frame DiabloSplash (6s ago) [degraded] | last key/SplashContinue/G/Space/Enter@683,384 (4s ago), fg ?
2026-06-24 16:28:28Z hc1 (D2R_1): frame unknown [degraded] | last no input yet
2026-06-24 16:28:28Z hc2 (D2R_2): frame DiabloSplash (6s ago) [degraded] | last key/SplashContinue/G/Space/Enter@683,384 (3s ago), fg ?
2026-06-24 16:28:28Z hc3 (D2R_3): frame DiabloSplash (9s ago) [degraded] | last key/SplashContinue/G/Space/Enter@683,384 (6s ago), fg ?
2026-06-24 16:28:30Z hc1 (D2R_1): frame unknown [degraded] | last no input yet
2026-06-24 16:28:30Z hc2 (D2R_2): frame DiabloSplash (8s ago) [degraded] | last key/SplashContinue/G/Space/Enter@683,384 (6s ago), fg ?
2026-06-24 16:28:30Z hc3 (D2R_3): frame DiabloSplash (11s ago) [degraded] | last key/SplashContinue/G/Space/Enter@683,384 (8s ago), fg ?
2026-06-24 16:28:32Z hc1 (D2R_1): frame unknown [degraded] | last no input yet
2026-06-24 16:28:32Z hc2 (D2R_2): frame DiabloSplash (10s ago) [degraded] | last key/SplashContinue/G/Space/Enter@683,384 (8s ago), fg ?
2026-06-24 16:28:32Z hc3 (D2R_3): frame DiabloSplash (13s ago) [degraded] | last key/SplashContinue/G/Space/Enter@683,384 (11s ago), fg ?
2026-06-24 16:28:34Z hc1 (D2R_1): frame unknown [degraded] | last no input yet
2026-06-24 16:28:34Z hc2 (D2R_2): frame DiabloSplash (12s ago) [degraded] | last key/SplashContinue/G/Space/Enter@683,384 (10s ago), fg ?
2026-06-24 16:28:34Z hc3 (D2R_3): frame DiabloSplash (15s ago) [degraded] | last key/SplashContinue/G/Space/Enter@683,384 (13s ago), fg ?
2026-06-24 16:28:37Z hc1 (D2R_1): frame Unknown (0s ago) [degraded] | last no input yet
2026-06-24 16:28:37Z hc2 (D2R_2): frame DiabloSplash (15s ago) [degraded] | last key/SplashContinue/G/Space/Enter@683,384 (12s ago), fg ?
2026-06-24 16:28:37Z hc3 (D2R_3): frame DiabloSplash (17s ago) [degraded] | last key/SplashContinue/G/Space/Enter@683,384 (15s ago), fg ?
2026-06-24 16:28:39Z hc1 (D2R_1): frame NotRunning (1s ago) [degraded] | last no input yet
2026-06-24 16:28:39Z hc2 (D2R_2): frame NotRunning (0s ago) [degraded] | last key/SplashContinue/G/Space/Enter@683,384 (15s ago), fg ?
2026-06-24 16:28:39Z hc3 (D2R_3): frame DiabloSplash (20s ago) [degraded] | last key/SplashContinue/G/Space/Enter@683,384 (17s ago), fg ?
2026-06-24 16:28:41Z hc1 (D2R_1): frame NotRunning (3s ago) [degraded] | last key/Escape/G/Space/Enter@683,384 (2s ago), fg ?
2026-06-24 16:28:41Z hc2 (D2R_2): frame NotRunning (2s ago) [degraded] | last key/SplashContinue/G/Space/Enter@683,384 (17s ago), fg ?
2026-06-24 16:28:41Z hc3 (D2R_3): frame NotRunning (0s ago) [degraded] | last key/SplashContinue/G/Space/Enter@683,384 (20s ago), fg ?
2026-06-24 16:28:43Z hc1 (D2R_1): frame NotRunning (6s ago) [degraded] | last key/Escape/G/Space/Enter@683,384 (4s ago), fg ?
2026-06-24 16:28:43Z hc2 (D2R_2): frame NotRunning (4s ago) [degraded] | last key/SplashContinue/G/Space/Enter@683,384 (19s ago), fg ?
2026-06-24 16:28:43Z hc3 (D2R_3): frame NotRunning (2s ago) [degraded] | last key/SplashContinue/G/Space/Enter@683,384 (22s ago), fg ?
2026-06-24 16:28:46Z hc1 (D2R_1): frame NotRunning (8s ago) [degraded] | last key/Escape/G/Space/Enter@683,384 (6s ago), fg ?
2026-06-24 16:28:46Z hc2 (D2R_2): frame NotRunning (6s ago) [degraded] | last key/SplashContinue/G/Space/Enter@683,384 (21s ago), fg ?
2026-06-24 16:28:46Z hc3 (D2R_3): frame NotRunning (5s ago) [degraded] | last key/SplashContinue/G/Space/Enter@683,384 (24s ago), fg ?
2026-06-24 16:28:48Z hc1 (D2R_1): frame NotRunning (10s ago) [degraded] | last key/Escape/G/Space/Enter@683,384 (8s ago), fg ?
2026-06-24 16:28:48Z hc2 (D2R_2): frame NotRunning (9s ago) [degraded] | last key/SplashContinue/G/Space/Enter@683,384 (24s ago), fg ?
2026-06-24 16:28:48Z hc3 (D2R_3): frame NotRunning (7s ago) [degraded] | last key/SplashContinue/G/Space/Enter@683,384 (26s ago), fg ?
2026-06-24 16:28:50Z hc1 (D2R_1): frame NotRunning (12s ago) [degraded] | last key/Escape/G/Space/Enter@683,384 (10s ago), fg ?
2026-06-24 16:28:50Z hc2 (D2R_2): frame NotRunning (11s ago) [degraded] | last key/SplashContinue/G/Space/Enter@683,384 (26s ago), fg ?
2026-06-24 16:28:50Z hc3 (D2R_3): frame NotRunning (9s ago) [degraded] | last key/SplashContinue/G/Space/Enter@683,384 (29s ago), fg ?
2026-06-24 16:28:52Z hc1 (D2R_1): frame NotRunning (15s ago) [degraded] | last key/Escape/G/Space/Enter@683,384 (13s ago), fg ?
2026-06-24 16:28:52Z hc2 (D2R_2): frame NotRunning (13s ago) [degraded] | last key/SplashContinue/G/Space/Enter@683,384 (28s ago), fg ?
2026-06-24 16:28:52Z hc3 (D2R_3): frame NotRunning (11s ago) [degraded] | last key/SplashContinue/G/Space/Enter@683,384 (31s ago), fg ?
2026-06-24 16:28:55Z hc1 (D2R_1): frame NotRunning (17s ago) [degraded] | last key/Escape/G/Space/Enter@683,384 (15s ago), fg ?
2026-06-24 16:28:55Z hc2 (D2R_2): frame NotRunning (15s ago) [degraded] | last key/SplashContinue/G/Space/Enter@683,384 (30s ago), fg ?
2026-06-24 16:28:55Z hc3 (D2R_3): frame NotRunning (13s ago) [degraded] | last key/SplashContinue/G/Space/Enter@683,384 (33s ago), fg ?
2026-06-24 16:28:57Z hc1 (D2R_1): frame NotRunning (19s ago) [degraded] | last key/Escape/G/Space/Enter@683,384 (17s ago), fg ?
2026-06-24 16:28:57Z hc2 (D2R_2): frame NotRunning (18s ago) [degraded] | last key/SplashContinue/G/Space/Enter@683,384 (33s ago), fg ?
2026-06-24 16:28:57Z hc3 (D2R_3): frame NotRunning (16s ago) [degraded] | last key/SplashContinue/G/Space/Enter@683,384 (35s ago), fg ?
2026-06-24 16:28:59Z hc1 (D2R_1): frame NotRunning (21s ago) [degraded] | last key/Escape/G/Space/Enter@683,384 (19s ago), fg ?
2026-06-24 16:28:59Z hc2 (D2R_2): frame NotRunning (20s ago) [degraded] | last key/SplashContinue/G/Space/Enter@683,384 (35s ago), fg ?
2026-06-24 16:28:59Z hc3 (D2R_3): frame NotRunning (18s ago) [degraded] | last key/SplashContinue/G/Space/Enter@683,384 (37s ago), fg ?
2026-06-24 16:29:01Z hc1 (D2R_1): frame NotRunning (23s ago) [degraded] | last key/Escape/G/Space/Enter@683,384 (21s ago), fg ?
2026-06-24 16:29:01Z hc2 (D2R_2): frame NotRunning (22s ago) [degraded] | last key/SplashContinue/G/Space/Enter@683,384 (37s ago), fg ?
2026-06-24 16:29:01Z hc3 (D2R_3): frame NotRunning (20s ago) [degraded] | last key/SplashContinue/G/Space/Enter@683,384 (40s ago), fg ?
2026-06-24 16:29:03Z hc1 (D2R_1): frame CharacterScreen (0s ago) [degraded] | last key/Escape/G/Space/Enter@683,384 (24s ago), fg ?
2026-06-24 16:29:03Z hc2 (D2R_2): frame NotRunning (24s ago) [degraded] | last key/SplashContinue/G/Space/Enter@683,384 (39s ago), fg ?
2026-06-24 16:29:03Z hc3 (D2R_3): frame CharacterScreen (0s ago) [degraded] | last key/SplashContinue/G/Space/Enter@683,384 (42s ago), fg ?
2026-06-24 16:29:06Z hc1 (D2R_1): frame CharacterScreen (3s ago) [degraded] | last key/Escape/G/Space/Enter@683,384 (26s ago), fg ?
2026-06-24 16:29:06Z hc2 (D2R_2): frame CharacterScreen (2s ago) [degraded] | last key/SplashContinue/G/Space/Enter@683,384 (41s ago), fg ?
2026-06-24 16:29:06Z hc3 (D2R_3): frame CharacterScreen (2s ago) [degraded] | last key/SplashContinue/G/Space/Enter@683,384 (44s ago), fg ?
2026-06-24 16:29:08Z hc1 (D2R_1): frame CharacterScreen (5s ago) [degraded] | last key/Escape/G/Space/Enter@683,384 (28s ago), fg ?
2026-06-24 16:29:08Z hc2 (D2R_2): frame CharacterScreen (4s ago) [degraded] | last key/SplashContinue/G/Space/Enter@683,384 (44s ago), fg ?
2026-06-24 16:29:08Z hc3 (D2R_3): frame CharacterScreen (4s ago) [degraded] | last key/SplashContinue/G/Space/Enter@683,384 (46s ago), fg ?
2026-06-24 16:29:10Z hc1 (D2R_1): frame CharacterScreen (7s ago) [degraded] | last key/Escape/G/Space/Enter@683,384 (30s ago), fg ?
2026-06-24 16:29:10Z hc2 (D2R_2): frame CharacterScreen (6s ago) [degraded] | last key/SplashContinue/G/Space/Enter@683,384 (46s ago), fg ?
2026-06-24 16:29:10Z hc3 (D2R_3): frame CharacterScreen (6s ago) [degraded] | last key/SplashContinue/G/Space/Enter@683,384 (49s ago), fg ?
2026-06-24 16:29:12Z hc1 (D2R_1): frame CharacterScreen (9s ago) [degraded] | last key/Escape/G/Space/Enter@683,384 (33s ago), fg ?
2026-06-24 16:29:12Z hc2 (D2R_2): frame CharacterScreen (8s ago) [degraded] | last key/SplashContinue/G/Space/Enter@683,384 (48s ago), fg ?
2026-06-24 16:29:12Z hc3 (D2R_3): frame CharacterScreen (9s ago) [degraded] | last key/SplashContinue/G/Space/Enter@683,384 (51s ago), fg ?
2026-06-24 16:29:15Z hc1 (D2R_1): frame CharacterScreen (12s ago) [degraded] | last key/Escape/G/Space/Enter@683,384 (35s ago), fg ?
2026-06-24 16:29:15Z hc2 (D2R_2): frame CharacterScreen (11s ago) [degraded] | last key/SplashContinue/G/Space/Enter@683,384 (50s ago), fg ?
2026-06-24 16:29:15Z hc3 (D2R_3): frame CharacterScreen (11s ago) [degraded] | last key/SplashContinue/G/Space/Enter@683,384 (53s ago), fg ?
2026-06-24 16:29:17Z hc1 (D2R_1): frame CharacterScreen (14s ago) [degraded] | last key/Escape/G/Space/Enter@683,384 (37s ago), fg ?
2026-06-24 16:29:17Z hc2 (D2R_2): frame CharacterScreen (13s ago) [degraded] | last key/SplashContinue/G/Space/Enter@683,384 (53s ago), fg ?
2026-06-24 16:29:17Z hc3 (D2R_3): frame CharacterScreen (13s ago) [degraded] | last key/SplashContinue/G/Space/Enter@683,384 (55s ago), fg ?
2026-06-24 16:29:19Z hc1 (D2R_1): frame CharacterScreen (16s ago) [degraded] | last click/Left@799,689 (0s ago), fg ? | at EnsureLobbyOpenedAsync: remembered-character-screen click (0s ago)
2026-06-24 16:29:19Z hc2 (D2R_2): frame CharacterScreen (15s ago) [degraded] | last key/SplashContinue/G/Space/Enter@683,384 (55s ago), fg ?
2026-06-24 16:29:19Z hc3 (D2R_3): frame CharacterScreen (15s ago) [degraded] | last key/SplashContinue/G/Space/Enter@683,384 (58s ago), fg ?
2026-06-24 16:29:21Z hc1 (D2R_1): frame CharacterScreen (19s ago) [degraded] | last click/Left@919,55 (0s ago), fg ? | at ClickLobbyTabDirectAsync: second ClickD2R (0s ago)
2026-06-24 16:29:21Z hc2 (D2R_2): frame CharacterScreen (17s ago) [degraded] | last click/Left@799,689 (1s ago), fg ? | at EnsureLobbyOpenedAsync: remembered-character-screen click (1s ago)
2026-06-24 16:29:21Z hc3 (D2R_3): frame CharacterScreen (18s ago) [degraded] | last click/Left@799,689 (1s ago), fg ? | at ClickLobbyTabDirectAsync: first ClickD2R (0s ago)
2026-06-24 16:29:24Z hc1 (D2R_1): frame CharacterScreen (21s ago) [degraded] | last click/Left@1046,123 (0s ago), fg ? | at CreateGameAsync: filling game name/password fields (1s ago)
2026-06-24 16:29:24Z hc2 (D2R_2): frame CharacterScreen (20s ago) [degraded] | last click/Left@1046,55 (0s ago), fg ? | at RestoreJoinGameFormAsync: fill game name (0s ago)
2026-06-24 16:29:24Z hc3 (D2R_3): frame CharacterScreen (20s ago) [degraded] | last click/Left@952,106 (0s ago), fg ? | at RestoreJoinGameFormAsync: fill game name (0s ago)
2026-06-24 16:29:27Z hc1 (D2R_1): frame CharacterScreen (23s ago) [degraded] | last click/Left@1046,172 (0s ago), fg ? | at CreateGameAsync: filling game name/password fields (3s ago)
2026-06-24 16:29:27Z hc2 (D2R_2): frame CharacterScreen (22s ago) [degraded] | last click/Left@952,106 (1s ago), fg ? | at RestoreJoinGameFormAsync: fill password (0s ago)
2026-06-24 16:29:27Z hc3 (D2R_3): frame CharacterScreen (22s ago) [degraded] | last click/Left@1143,106 (0s ago), fg ? | at RestoreJoinGameFormAsync: fill password (0s ago)
2026-06-24 16:29:34Z hc1 (D2R_1): frame CharacterScreen (27s ago) [degraded] | last click/Left@1045,475 (2s ago), fg ? | at ClickMenuEntryButtonUntilEnteredGameAsync: initial click (2s ago)
2026-06-24 16:29:34Z hc2 (D2R_2): frame CharacterScreen (30s ago) [degraded] | last click/Left@1143,106 (6s ago), fg ? | at RestoreJoinGameFormAsync: fill password (8s ago)
2026-06-24 16:29:34Z hc3 (D2R_3): frame CharacterScreen (30s ago) [degraded] | last click/Left@1143,106 (7s ago), fg ? | at RestoreJoinGameFormAsync: fill password (8s ago)
2026-06-24 16:29:36Z hc1 (D2R_1): frame CharacterScreen (33s ago) [degraded] | last click/Left@1045,475 (8s ago), fg ? | at ClickMenuEntryButtonUntilEnteredGameAsync: initial click (9s ago)
2026-06-24 16:29:36Z hc2 (D2R_2): frame CharacterScreen (32s ago) [degraded] | last click/Left@1143,106 (9s ago), fg ? | at RestoreJoinGameFormAsync: fill password (10s ago)
2026-06-24 16:29:36Z hc3 (D2R_3): frame CharacterScreen (32s ago) [degraded] | last click/Left@1143,106 (10s ago), fg ? | at RestoreJoinGameFormAsync: fill password (11s ago)
2026-06-24 16:29:38Z hc1 (D2R_1): frame CharacterScreen (36s ago) [degraded] | last click/Left@1045,475 (11s ago), fg ? | at ClickMenuEntryButtonUntilEnteredGameAsync: initial click (11s ago)
2026-06-24 16:29:38Z hc2 (D2R_2): frame CharacterScreen (34s ago) [degraded] | last click/Left@1143,106 (11s ago), fg ? | at RestoreJoinGameFormAsync: fill password (12s ago)
2026-06-24 16:29:38Z hc3 (D2R_3): frame CharacterScreen (35s ago) [degraded] | last click/Left@1143,106 (12s ago), fg ? | at RestoreJoinGameFormAsync: fill password (13s ago)
2026-06-24 16:29:41Z hc1 (D2R_1): frame CharacterScreen (38s ago) [degraded] | last click/Left@1045,475 (13s ago), fg ? | at ClickMenuEntryButtonUntilEnteredGameAsync: initial click (13s ago)
2026-06-24 16:29:41Z hc2 (D2R_2): frame CharacterScreen (37s ago) [degraded] | last click/Left@1143,106 (14s ago), fg ? | at RestoreJoinGameFormAsync: fill password (15s ago)
2026-06-24 16:29:41Z hc3 (D2R_3): frame CharacterScreen (37s ago) [degraded] | last click/Left@1143,106 (14s ago), fg ? | at RestoreJoinGameFormAsync: fill password (15s ago)
2026-06-24 16:29:43Z hc1 (D2R_1): frame CharacterScreen (40s ago) [degraded] | last click/Left@1045,475 (15s ago), fg ? | at ClickMenuEntryButtonUntilEnteredGameAsync: initial click (16s ago)
2026-06-24 16:29:43Z hc2 (D2R_2): frame CharacterScreen (39s ago) [degraded] | last click/Left@1143,106 (16s ago), fg ? | at RestoreJoinGameFormAsync: fill password (17s ago)
2026-06-24 16:29:43Z hc3 (D2R_3): frame CharacterScreen (39s ago) [degraded] | last click/Left@1143,106 (17s ago), fg ? | at RestoreJoinGameFormAsync: fill password (18s ago)
2026-06-24 16:29:45Z hc1 (D2R_1): frame CharacterScreen (43s ago) [degraded] | last click/Left@1045,475 (18s ago), fg ? | at ClickMenuEntryButtonUntilEnteredGameAsync: initial click (18s ago)
2026-06-24 16:29:45Z hc2 (D2R_2): frame CharacterScreen (41s ago) [degraded] | last click/Left@1143,106 (18s ago), fg ? | at RestoreJoinGameFormAsync: fill password (20s ago)
2026-06-24 16:29:45Z hc3 (D2R_3): frame CharacterScreen (42s ago) [degraded] | last click/Left@1143,106 (19s ago), fg ? | at RestoreJoinGameFormAsync: fill password (20s ago)
2026-06-24 16:29:48Z hc1 (D2R_1): frame CharacterScreen (45s ago) [degraded] | last click/Left@1045,475 (20s ago), fg ? | at ClickMenuEntryButtonUntilEnteredGameAsync: initial click (20s ago)
2026-06-24 16:29:48Z hc2 (D2R_2): frame CharacterScreen (44s ago) [degraded] | last click/Left@1143,106 (21s ago), fg ? | at RestoreJoinGameFormAsync: fill password (22s ago)
2026-06-24 16:29:48Z hc3 (D2R_3): frame CharacterScreen (44s ago) [degraded] | last click/Left@1143,106 (21s ago), fg ? | at RestoreJoinGameFormAsync: fill password (22s ago)
2026-06-24 16:29:50Z hc1 (D2R_1): frame CharacterScreen (47s ago) [degraded] | last click/Left@1045,475 (22s ago), fg ? | at ClickMenuEntryButtonUntilEnteredGameAsync: initial click (23s ago)
2026-06-24 16:29:50Z hc2 (D2R_2): frame CharacterScreen (46s ago) [degraded] | last click/Left@1143,106 (23s ago), fg ? | at RestoreJoinGameFormAsync: fill password (24s ago)
2026-06-24 16:29:50Z hc3 (D2R_3): frame CharacterScreen (46s ago) [degraded] | last click/Left@1143,106 (23s ago), fg ? | at RestoreJoinGameFormAsync: fill password (25s ago)
2026-06-24 16:29:52Z hc1 (D2R_1): frame CharacterScreen (49s ago) [degraded] | last click/Left@1045,475 (24s ago), fg ? | at ClickMenuEntryButtonUntilEnteredGameAsync: initial click (25s ago)
2026-06-24 16:29:52Z hc2 (D2R_2): frame CharacterScreen (48s ago) [degraded] | last click/Left@1143,106 (25s ago), fg ? | at RestoreJoinGameFormAsync: fill password (26s ago)
2026-06-24 16:29:52Z hc3 (D2R_3): frame CharacterScreen (48s ago) [degraded] | last click/Left@1143,106 (26s ago), fg ? | at RestoreJoinGameFormAsync: fill password (27s ago)
2026-06-24 16:29:54Z hc1 (D2R_1): frame CharacterScreen (52s ago) [degraded] | last click/Left@1045,475 (27s ago), fg ? | at ClickMenuEntryButtonUntilEnteredGameAsync: initial click (27s ago)
2026-06-24 16:29:54Z hc2 (D2R_2): frame CharacterScreen (50s ago) [degraded] | last click/Left@1143,106 (27s ago), fg ? | at RestoreJoinGameFormAsync: fill password (29s ago)
2026-06-24 16:29:54Z hc3 (D2R_3): frame CharacterScreen (51s ago) [degraded] | last click/Left@1143,106 (28s ago), fg ? | at RestoreJoinGameFormAsync: fill password (29s ago)
2026-06-24 16:29:57Z hc1 (D2R_1): frame CharacterScreen (54s ago) [degraded] | last click/Left@1045,475 (29s ago), fg ? | at ClickMenuEntryButtonUntilEnteredGameAsync: initial click (29s ago)
2026-06-24 16:29:57Z hc2 (D2R_2): frame CharacterScreen (53s ago) [degraded] | last click/Left@1143,106 (30s ago), fg ? | at RestoreJoinGameFormAsync: fill password (31s ago)
2026-06-24 16:29:57Z hc3 (D2R_3): frame CharacterScreen (53s ago) [degraded] | last click/Left@1143,106 (30s ago), fg ? | at RestoreJoinGameFormAsync: fill password (31s ago)
2026-06-24 16:29:59Z hc1 (D2R_1): frame CharacterScreen (56s ago) [degraded] | last click/Left@1045,475 (31s ago), fg ? | at ClickMenuEntryButtonUntilEnteredGameAsync: initial click (31s ago)
2026-06-24 16:29:59Z hc2 (D2R_2): frame CharacterScreen (55s ago) [degraded] | last click/Left@1143,106 (32s ago), fg ? | at RestoreJoinGameFormAsync: fill password (33s ago)
2026-06-24 16:29:59Z hc3 (D2R_3): frame CharacterScreen (55s ago) [degraded] | last click/Left@1143,106 (32s ago), fg ? | at RestoreJoinGameFormAsync: fill password (33s ago)
2026-06-24 16:30:01Z hc1 (D2R_1): frame CharacterScreen (58s ago) [degraded] | last click/Left@1045,475 (33s ago), fg ? | at ClickMenuEntryButtonUntilEnteredGameAsync: initial click (34s ago)
2026-06-24 16:30:01Z hc2 (D2R_2): frame CharacterScreen (57s ago) [degraded] | last click/Left@1143,106 (34s ago), fg ? | at RestoreJoinGameFormAsync: fill password (35s ago)
2026-06-24 16:30:01Z hc3 (D2R_3): frame CharacterScreen (57s ago) [degraded] | last click/Left@1143,106 (34s ago), fg ? | at RestoreJoinGameFormAsync: fill password (36s ago)
2026-06-24 16:30:03Z hc1 (D2R_1): frame CharacterScreen (1m1s ago) [degraded] | last click/Left@1045,475 (36s ago), fg ? | at ClickMenuEntryButtonUntilEnteredGameAsync: initial click (36s ago)
2026-06-24 16:30:03Z hc2 (D2R_2): frame CharacterScreen (59s ago) [degraded] | last click/Left@1143,106 (36s ago), fg ? | at RestoreJoinGameFormAsync: fill password (38s ago)
2026-06-24 16:30:03Z hc3 (D2R_3): frame CharacterScreen (1m0s ago) [degraded] | last click/Left@1143,106 (37s ago), fg ? | at RestoreJoinGameFormAsync: fill password (38s ago)
2026-06-24 16:30:06Z hc1 (D2R_1): frame CharacterScreen (1m3s ago) [degraded] | last click/Left@1045,475 (38s ago), fg ? | at ClickMenuEntryButtonUntilEnteredGameAsync: initial click (38s ago)
2026-06-24 16:30:06Z hc2 (D2R_2): frame CharacterScreen (1m2s ago) [degraded] | last click/Left@1143,106 (39s ago), fg ? | at RestoreJoinGameFormAsync: fill password (40s ago)
2026-06-24 16:30:06Z hc3 (D2R_3): frame CharacterScreen (1m2s ago) [degraded] | last click/Left@1143,106 (39s ago), fg ? | at RestoreJoinGameFormAsync: fill password (40s ago)
2026-06-24 16:30:08Z hc1 (D2R_1): frame CharacterScreen (1m5s ago) [degraded] | last click/Left@1045,475 (40s ago), fg ? | at ClickMenuEntryButtonUntilEnteredGameAsync: initial click (41s ago)
2026-06-24 16:30:08Z hc2 (D2R_2): frame CharacterScreen (1m4s ago) [degraded] | last click/Left@1143,106 (41s ago), fg ? | at RestoreJoinGameFormAsync: fill password (42s ago)
2026-06-24 16:30:08Z hc3 (D2R_3): frame CharacterScreen (1m4s ago) [degraded] | last click/Left@1143,106 (41s ago), fg ? | at RestoreJoinGameFormAsync: fill password (43s ago)
2026-06-24 16:30:10Z hc1 (D2R_1): frame CharacterScreen (1m7s ago) [degraded] | last click/Left@1045,475 (42s ago), fg ? | at ClickMenuEntryButtonUntilEnteredGameAsync: initial click (43s ago)
2026-06-24 16:30:10Z hc2 (D2R_2): frame CharacterScreen (1m6s ago) [degraded] | last click/Left@1143,106 (43s ago), fg ? | at RestoreJoinGameFormAsync: fill password (44s ago)
2026-06-24 16:30:10Z hc3 (D2R_3): frame CharacterScreen (1m6s ago) [degraded] | last click/Left@1143,106 (44s ago), fg ? | at RestoreJoinGameFormAsync: fill password (45s ago)
2026-06-24 16:30:13Z hc1 (D2R_1): frame CharacterScreen (1m10s ago) [degraded] | last click/Left@1045,475 (45s ago), fg ? | at ClickMenuEntryButtonUntilEnteredGameAsync: initial click (45s ago)
2026-06-24 16:30:13Z hc2 (D2R_2): frame CharacterScreen (1m8s ago) [degraded] | last click/Left@1143,106 (45s ago), fg ? | at RestoreJoinGameFormAsync: fill password (46s ago)
2026-06-24 16:30:13Z hc3 (D2R_3): frame CharacterScreen (1m9s ago) [degraded] | last click/Left@1143,106 (46s ago), fg ? | at RestoreJoinGameFormAsync: fill password (47s ago)
2026-06-24 16:30:16Z hc1 (D2R_1): frame CharacterScreen (1m13s ago) [degraded] | last click/Left@1045,475 (48s ago), fg ? | at ClickMenuEntryButtonUntilEnteredGameAsync: initial click (48s ago)
2026-06-24 16:30:16Z hc2 (D2R_2): frame CharacterScreen (1m12s ago) [degraded] | last click/Left@1143,106 (48s ago), fg ? | at RestoreJoinGameFormAsync: fill password (50s ago)
2026-06-24 16:30:16Z hc3 (D2R_3): frame CharacterScreen (1m12s ago) [degraded] | last click/Left@1143,106 (49s ago), fg ? | at RestoreJoinGameFormAsync: fill password (50s ago)
2026-06-24 16:30:18Z hc1 (D2R_1): frame CharacterScreen (1m15s ago) [degraded] | last click/Left@1045,475 (50s ago), fg ? | at ClickMenuEntryButtonUntilEnteredGameAsync: initial click (51s ago)
2026-06-24 16:30:18Z hc2 (D2R_2): frame CharacterScreen (1m14s ago) [degraded] | last click/Left@1143,106 (51s ago), fg ? | at RestoreJoinGameFormAsync: fill password (52s ago)
2026-06-24 16:30:18Z hc3 (D2R_3): frame CharacterScreen (1m14s ago) [degraded] | last click/Left@1143,106 (51s ago), fg ? | at RestoreJoinGameFormAsync: fill password (53s ago)
2026-06-24 16:30:20Z hc1 (D2R_1): frame CharacterScreen (1m17s ago) [degraded] | last click/Left@1045,475 (52s ago), fg ? | at ClickMenuEntryButtonUntilEnteredGameAsync: initial click (53s ago)
2026-06-24 16:30:20Z hc2 (D2R_2): frame CharacterScreen (1m16s ago) [degraded] | last click/Left@1143,106 (53s ago), fg ? | at RestoreJoinGameFormAsync: fill password (54s ago)
2026-06-24 16:30:20Z hc3 (D2R_3): frame CharacterScreen (1m16s ago) [degraded] | last click/Left@1143,106 (54s ago), fg ? | at RestoreJoinGameFormAsync: fill password (55s ago)
2026-06-24 16:30:22Z hc1 (D2R_1): frame CharacterScreen (1m19s ago) [degraded] | last click/Left@1045,475 (54s ago), fg ? | at ClickMenuEntryButtonUntilEnteredGameAsync: initial click (55s ago)
2026-06-24 16:30:22Z hc2 (D2R_2): frame CharacterScreen (1m18s ago) [degraded] | last click/Left@1143,106 (55s ago), fg ? | at RestoreJoinGameFormAsync: fill password (56s ago)
2026-06-24 16:30:22Z hc3 (D2R_3): frame CharacterScreen (1m19s ago) [degraded] | last click/Left@1143,106 (56s ago), fg ? | at RestoreJoinGameFormAsync: fill password (57s ago)
2026-06-24 16:30:25Z hc1 (D2R_1): frame CharacterScreen (1m22s ago) [degraded] | last click/Left@1045,475 (57s ago), fg ? | at ClickMenuEntryButtonUntilEnteredGameAsync: initial click (57s ago)
2026-06-24 16:30:25Z hc2 (D2R_2): frame CharacterScreen (1m21s ago) [degraded] | last click/Left@1143,106 (58s ago), fg ? | at RestoreJoinGameFormAsync: fill password (59s ago)
2026-06-24 16:30:25Z hc3 (D2R_3): frame CharacterScreen (1m21s ago) [degraded] | last click/Left@1143,106 (58s ago), fg ? | at RestoreJoinGameFormAsync: fill password (59s ago)
2026-06-24 16:30:27Z hc1 (D2R_1): frame CharacterScreen (1m24s ago) [degraded] | last click/Left@1045,475 (59s ago), fg ? | at ClickMenuEntryButtonUntilEnteredGameAsync: initial click (1m0s ago)
2026-06-24 16:30:27Z hc2 (D2R_2): frame CharacterScreen (1m23s ago) [degraded] | last click/Left@1143,106 (1m0s ago), fg ? | at RestoreJoinGameFormAsync: fill password (1m1s ago)
2026-06-24 16:30:27Z hc3 (D2R_3): frame CharacterScreen (1m23s ago) [degraded] | last click/Left@1143,106 (1m0s ago), fg ? | at RestoreJoinGameFormAsync: fill password (1m2s ago)
2026-06-24 16:30:29Z hc1 (D2R_1): frame CharacterScreen (1m26s ago) [degraded] | last click/Left@1045,475 (1m1s ago), fg ? | at ClickMenuEntryButtonUntilEnteredGameAsync: initial click (1m2s ago)
2026-06-24 16:30:29Z hc2 (D2R_2): frame CharacterScreen (1m25s ago) [degraded] | last click/Left@1143,106 (1m2s ago), fg ? | at RestoreJoinGameFormAsync: fill password (1m3s ago)
2026-06-24 16:30:29Z hc3 (D2R_3): frame CharacterScreen (1m25s ago) [degraded] | last click/Left@1143,106 (1m3s ago), fg ? | at RestoreJoinGameFormAsync: fill password (1m4s ago)
2026-06-24 16:30:31Z hc1 (D2R_1): frame CharacterScreen (1m29s ago) [degraded] | last click/Left@1045,475 (1m4s ago), fg ? | at ClickMenuEntryButtonUntilEnteredGameAsync: initial click (1m4s ago)
2026-06-24 16:30:31Z hc2 (D2R_2): frame CharacterScreen (1m27s ago) [degraded] | last click/Left@1143,106 (1m4s ago), fg ? | at RestoreJoinGameFormAsync: fill password (1m6s ago)
2026-06-24 16:30:31Z hc3 (D2R_3): frame CharacterScreen (1m28s ago) [degraded] | last click/Left@1143,106 (1m5s ago), fg ? | at RestoreJoinGameFormAsync: fill password (1m6s ago)
2026-06-24 16:30:34Z hc1 (D2R_1): frame CharacterScreen (1m31s ago) [degraded] | last click/Left@1045,475 (1m6s ago), fg ? | at ClickMenuEntryButtonUntilEnteredGameAsync: initial click (1m6s ago)
2026-06-24 16:30:34Z hc2 (D2R_2): frame CharacterScreen (1m30s ago) [degraded] | last click/Left@1143,106 (1m7s ago), fg ? | at RestoreJoinGameFormAsync: fill password (1m8s ago)
2026-06-24 16:30:34Z hc3 (D2R_3): frame CharacterScreen (1m30s ago) [degraded] | last click/Left@1143,106 (1m7s ago), fg ? | at RestoreJoinGameFormAsync: fill password (1m8s ago)
2026-06-24 16:30:36Z hc1 (D2R_1): frame CharacterScreen (1m33s ago) [degraded] | last click/Left@1045,475 (1m8s ago), fg ? | at ClickMenuEntryButtonUntilEnteredGameAsync: initial click (1m9s ago)
2026-06-24 16:30:36Z hc2 (D2R_2): frame CharacterScreen (1m32s ago) [degraded] | last click/Left@1143,106 (1m9s ago), fg ? | at RestoreJoinGameFormAsync: fill password (1m10s ago)
2026-06-24 16:30:36Z hc3 (D2R_3): frame CharacterScreen (1m33s ago) [degraded] | last click/Left@1143,106 (1m10s ago), fg ? | at RestoreJoinGameFormAsync: fill password (1m11s ago)
2026-06-24 16:30:39Z hc1 (D2R_1): frame CharacterScreen (1m36s ago) [degraded] | last click/Left@1045,475 (1m11s ago), fg ? | at ClickMenuEntryButtonUntilEnteredGameAsync: initial click (1m11s ago)
2026-06-24 16:30:39Z hc2 (D2R_2): frame CharacterScreen (1m35s ago) [degraded] | last click/Left@1143,106 (1m11s ago), fg ? | at RestoreJoinGameFormAsync: fill password (1m13s ago)
2026-06-24 16:30:39Z hc3 (D2R_3): frame CharacterScreen (1m35s ago) [degraded] | last click/Left@1143,106 (1m12s ago), fg ? | at RestoreJoinGameFormAsync: fill password (1m13s ago)
2026-06-24 16:30:41Z hc1 (D2R_1): frame CharacterScreen (1m38s ago) [degraded] | last click/Left@1045,475 (1m13s ago), fg ? | at ClickMenuEntryButtonUntilEnteredGameAsync: initial click (1m14s ago)
2026-06-24 16:30:41Z hc2 (D2R_2): frame CharacterScreen (1m37s ago) [degraded] | last click/Left@1143,106 (1m14s ago), fg ? | at RestoreJoinGameFormAsync: fill password (1m15s ago)
2026-06-24 16:30:41Z hc3 (D2R_3): frame CharacterScreen (1m37s ago) [degraded] | last click/Left@1143,106 (1m14s ago), fg ? | at RestoreJoinGameFormAsync: fill password (1m16s ago)
2026-06-24 16:30:43Z hc1 (D2R_1): frame CharacterScreen (1m40s ago) [degraded] | last click/Left@1045,475 (1m15s ago), fg ? | at ClickMenuEntryButtonUntilEnteredGameAsync: initial click (1m16s ago)
2026-06-24 16:30:43Z hc2 (D2R_2): frame CharacterScreen (1m39s ago) [degraded] | last click/Left@1143,106 (1m16s ago), fg ? | at RestoreJoinGameFormAsync: fill password (1m17s ago)
2026-06-24 16:30:43Z hc3 (D2R_3): frame CharacterScreen (1m39s ago) [degraded] | last click/Left@1143,106 (1m17s ago), fg ? | at RestoreJoinGameFormAsync: fill password (1m18s ago)
2026-06-24 16:30:45Z hc1 (D2R_1): frame CharacterScreen (1m43s ago) [degraded] | last click/Left@1045,475 (1m18s ago), fg ? | at ClickMenuEntryButtonUntilEnteredGameAsync: initial click (1m18s ago)
2026-06-24 16:30:45Z hc2 (D2R_2): frame CharacterScreen (1m42s ago) [degraded] | last click/Left@1143,106 (1m18s ago), fg ? | at RestoreJoinGameFormAsync: fill password (1m20s ago)
2026-06-24 16:30:45Z hc3 (D2R_3): frame CharacterScreen (1m42s ago) [degraded] | last click/Left@1143,106 (1m19s ago), fg ? | at RestoreJoinGameFormAsync: fill password (1m20s ago)
2026-06-24 16:30:48Z hc1 (D2R_1): frame CharacterScreen (1m45s ago) [degraded] | last click/Left@1045,475 (1m20s ago), fg ? | at ClickMenuEntryButtonUntilEnteredGameAsync: initial click (1m20s ago)
2026-06-24 16:30:48Z hc2 (D2R_2): frame CharacterScreen (1m44s ago) [degraded] | last click/Left@1143,106 (1m21s ago), fg ? | at RestoreJoinGameFormAsync: fill password (1m22s ago)
2026-06-24 16:30:48Z hc3 (D2R_3): frame CharacterScreen (1m44s ago) [degraded] | last click/Left@1143,106 (1m21s ago), fg ? | at RestoreJoinGameFormAsync: fill password (1m22s ago)
2026-06-24 16:30:54Z hc1 (D2R_1): frame InGame (5s ago) [degraded] | last click/Left@1045,475 (1m26s ago), fg ? | at ClickMenuEntryButtonUntilEnteredGameAsync: initial click (1m27s ago)
2026-06-24 16:30:54Z hc2 (D2R_2): frame CharacterScreen (1m46s ago) [degraded] | last click/Left@1143,106 (1m23s ago), fg ? | at ClickLobbyTabDirectAsync: first ClickD2R (0s ago)
2026-06-24 16:30:54Z hc3 (D2R_3): frame CharacterScreen (1m46s ago) [degraded] | last click/Left@1143,106 (1m23s ago), fg ? | at ClickLobbyTabDirectAsync: first ClickD2R (0s ago)
2026-06-24 16:30:56Z hc1 (D2R_1): frame InGame (7s ago) [degraded] | last click/Left@1045,475 (1m28s ago), fg ? | at ClickMenuEntryButtonUntilEnteredGameAsync: initial click (1m29s ago)
2026-06-24 16:30:56Z hc2 (D2R_2): frame CharacterScreen (1m52s ago) [degraded] | last click/Left@1045,478 (0s ago), fg ? | at ClickMenuEntryButtonUntilEnteredGameAsync: initial click (0s ago)
2026-06-24 16:30:56Z hc3 (D2R_3): frame CharacterScreen (1m52s ago) [degraded] | last click/Left@1045,478 (0s ago), fg ? | at ClickMenuEntryButtonUntilEnteredGameAsync: initial click (0s ago)
2026-06-24 16:30:59Z hc1 (D2R_1): frame InGame (9s ago) [degraded] | last click/Left@1045,475 (1m31s ago), fg ? | at ClickMenuEntryButtonUntilEnteredGameAsync: initial click (1m31s ago)
2026-06-24 16:30:59Z hc2 (D2R_2): frame CharacterScreen (1m55s ago) [degraded] | last click/Left@1045,478 (2s ago), fg ? | at ClickMenuEntryButtonUntilEnteredGameAsync: initial click (3s ago)
2026-06-24 16:30:59Z hc3 (D2R_3): frame CharacterScreen (1m55s ago) [degraded] | last click/Left@1045,478 (2s ago), fg ? | at ClickMenuEntryButtonUntilEnteredGameAsync: initial click (3s ago)
2026-06-24 16:31:01Z hc1 (D2R_1): frame InGame (12s ago) [degraded] | last click/Left@1045,475 (1m33s ago), fg ? | at ClickMenuEntryButtonUntilEnteredGameAsync: initial click (1m33s ago)
2026-06-24 16:31:01Z hc2 (D2R_2): frame CharacterScreen (1m57s ago) [degraded] | last click/Left@1045,478 (4s ago), fg ? | at ClickMenuEntryButtonUntilEnteredGameAsync: initial click (5s ago)
2026-06-24 16:31:01Z hc3 (D2R_3): frame CharacterScreen (1m57s ago) [degraded] | last click/Left@1045,478 (5s ago), fg ? | at ClickMenuEntryButtonUntilEnteredGameAsync: initial click (5s ago)
2026-06-24 16:31:03Z hc1 (D2R_1): frame InGame (14s ago) [degraded] | last click/Left@1045,475 (1m36s ago), fg ? | at ClickMenuEntryButtonUntilEnteredGameAsync: initial click (1m36s ago)
2026-06-24 16:31:03Z hc2 (D2R_2): frame CharacterScreen (1m59s ago) [degraded] | last click/Left@1045,478 (7s ago), fg ? | at ClickMenuEntryButtonUntilEnteredGameAsync: initial click (7s ago)
2026-06-24 16:31:03Z hc3 (D2R_3): frame CharacterScreen (2m0s ago) [degraded] | last click/Left@1045,478 (7s ago), fg ? | at ClickMenuEntryButtonUntilEnteredGameAsync: initial click (7s ago)
2026-06-24 16:31:06Z hc1 (D2R_1): frame InGame (16s ago) [degraded] | last click/Left@1045,475 (1m38s ago), fg ? | at ClickMenuEntryButtonUntilEnteredGameAsync: initial click (1m38s ago)
2026-06-24 16:31:06Z hc2 (D2R_2): frame CharacterScreen (2m2s ago) [degraded] | last click/Left@1045,478 (10s ago), fg ? | at ClickMenuEntryButtonUntilEnteredGameAsync: initial click (10s ago)
2026-06-24 16:31:06Z hc3 (D2R_3): frame CharacterScreen (2m2s ago) [degraded] | last click/Left@1045,478 (9s ago), fg ? | at ClickMenuEntryButtonUntilEnteredGameAsync: initial click (10s ago)
2026-06-24 16:31:08Z hc1 (D2R_1): frame InGame (19s ago) [degraded] | last click/Left@1045,475 (1m40s ago), fg ? | at ClickMenuEntryButtonUntilEnteredGameAsync: initial click (1m41s ago)
2026-06-24 16:31:08Z hc2 (D2R_2): frame CharacterScreen (2m4s ago) [degraded] | last click/Left@1045,478 (12s ago), fg ? | at ClickMenuEntryButtonUntilEnteredGameAsync: initial click (12s ago)
2026-06-24 16:31:08Z hc3 (D2R_3): frame CharacterScreen (2m5s ago) [degraded] | last click/Left@1045,478 (12s ago), fg ? | at ClickMenuEntryButtonUntilEnteredGameAsync: initial click (12s ago)
2026-06-24 16:31:11Z hc1 (D2R_1): frame InGame (21s ago) [degraded] | last click/Left@1045,475 (1m43s ago), fg ? | at ClickMenuEntryButtonUntilEnteredGameAsync: initial click (1m43s ago)
2026-06-24 16:31:11Z hc2 (D2R_2): frame CharacterScreen (2m7s ago) [degraded] | last click/Left@1045,478 (14s ago), fg ? | at ClickMenuEntryButtonUntilEnteredGameAsync: initial click (15s ago)
2026-06-24 16:31:11Z hc3 (D2R_3): frame CharacterScreen (2m7s ago) [degraded] | last click/Left@1045,478 (14s ago), fg ? | at ClickMenuEntryButtonUntilEnteredGameAsync: initial click (15s ago)
2026-06-24 16:31:13Z hc1 (D2R_1): frame InGame (24s ago) [degraded] | last click/Left@1045,475 (1m45s ago), fg ? | at ClickMenuEntryButtonUntilEnteredGameAsync: initial click (1m46s ago)
2026-06-24 16:31:13Z hc2 (D2R_2): frame CharacterScreen (2m9s ago) [degraded] | last click/Left@1045,478 (16s ago), fg ? | at ClickMenuEntryButtonUntilEnteredGameAsync: initial click (17s ago)
2026-06-24 16:31:13Z hc3 (D2R_3): frame CharacterScreen (2m9s ago) [degraded] | last click/Left@1045,478 (17s ago), fg ? | at ClickMenuEntryButtonUntilEnteredGameAsync: initial click (17s ago)
2026-06-24 16:31:15Z hc1 (D2R_1): frame InGame (26s ago) [degraded] | last click/Left@1045,475 (1m47s ago), fg ? | at ClickMenuEntryButtonUntilEnteredGameAsync: initial click (1m48s ago)
2026-06-24 16:31:15Z hc2 (D2R_2): frame CharacterScreen (2m11s ago) [degraded] | last click/Left@1045,478 (19s ago), fg ? | at ClickMenuEntryButtonUntilEnteredGameAsync: initial click (19s ago)
2026-06-24 16:31:15Z hc3 (D2R_3): frame CharacterScreen (2m12s ago) [degraded] | last click/Left@1045,478 (19s ago), fg ? | at ClickMenuEntryButtonUntilEnteredGameAsync: initial click (19s ago)
2026-06-24 16:31:18Z hc1 (D2R_1): frame InGame (28s ago) [degraded] | last click/Left@1045,475 (1m50s ago), fg ? | at ClickMenuEntryButtonUntilEnteredGameAsync: initial click (1m50s ago)
2026-06-24 16:31:18Z hc2 (D2R_2): frame CharacterScreen (2m14s ago) [degraded] | last click/Left@1045,478 (21s ago), fg ? | at ClickMenuEntryButtonUntilEnteredGameAsync: initial click (22s ago)
2026-06-24 16:31:18Z hc3 (D2R_3): frame CharacterScreen (2m14s ago) [degraded] | last click/Left@1045,478 (21s ago), fg ? | at ClickMenuEntryButtonUntilEnteredGameAsync: initial click (22s ago)
2026-06-24 16:31:20Z hc1 (D2R_1): frame InGame (31s ago) [degraded] | last click/Left@1045,475 (1m52s ago), fg ? | at ClickMenuEntryButtonUntilEnteredGameAsync: initial click (1m53s ago)
2026-06-24 16:31:20Z hc2 (D2R_2): frame CharacterScreen (2m16s ago) [degraded] | last click/Left@1045,478 (24s ago), fg ? | at ClickMenuEntryButtonUntilEnteredGameAsync: initial click (24s ago)
2026-06-24 16:31:20Z hc3 (D2R_3): frame CharacterScreen (2m16s ago) [degraded] | last click/Left@1045,478 (24s ago), fg ? | at ClickMenuEntryButtonUntilEnteredGameAsync: initial click (24s ago)
2026-06-24 16:31:23Z hc1 (D2R_1): frame InGame (33s ago) [degraded] | last click/Left@1045,475 (1m55s ago), fg ? | at ClickMenuEntryButtonUntilEnteredGameAsync: initial click (1m55s ago)
2026-06-24 16:31:23Z hc2 (D2R_2): frame CharacterScreen (2m19s ago) [degraded] | last click/Left@1045,478 (26s ago), fg ? | at ClickMenuEntryButtonUntilEnteredGameAsync: initial click (27s ago)
2026-06-24 16:31:23Z hc3 (D2R_3): frame CharacterScreen (2m19s ago) [degraded] | last click/Left@1045,478 (26s ago), fg ? | at ClickMenuEntryButtonUntilEnteredGameAsync: initial click (26s ago)
2026-06-24 16:31:25Z hc1 (D2R_1): frame InGame (36s ago) [degraded] | last click/Left@1045,475 (1m57s ago), fg ? | at ClickMenuEntryButtonUntilEnteredGameAsync: initial click (1m57s ago)
2026-06-24 16:31:25Z hc2 (D2R_2): frame CharacterScreen (2m21s ago) [degraded] | last click/Left@1045,478 (28s ago), fg ? | at ClickMenuEntryButtonUntilEnteredGameAsync: initial click (29s ago)
2026-06-24 16:31:25Z hc3 (D2R_3): frame CharacterScreen (2m21s ago) [degraded] | last click/Left@1045,478 (28s ago), fg ? | at ClickMenuEntryButtonUntilEnteredGameAsync: initial click (29s ago)
2026-06-24 16:31:27Z hc1 (D2R_1): frame InGame (38s ago) [degraded] | last click/Left@1045,475 (1m59s ago), fg ? | at ClickMenuEntryButtonUntilEnteredGameAsync: initial click (2m0s ago)
2026-06-24 16:31:27Z hc2 (D2R_2): frame CharacterScreen (2m23s ago) [degraded] | last click/Left@1045,478 (31s ago), fg ? | at ClickMenuEntryButtonUntilEnteredGameAsync: initial click (31s ago)
2026-06-24 16:31:27Z hc3 (D2R_3): frame CharacterScreen (2m23s ago) [degraded] | last click/Left@1045,478 (31s ago), fg ? | at ClickMenuEntryButtonUntilEnteredGameAsync: initial click (31s ago)
2026-06-24 16:31:30Z hc1 (D2R_1): frame InGame (40s ago) [degraded] | last click/Left@1045,475 (2m2s ago), fg ? | at ClickMenuEntryButtonUntilEnteredGameAsync: initial click (2m2s ago)
2026-06-24 16:31:30Z hc2 (D2R_2): frame CharacterScreen (2m26s ago) [degraded] | last click/Left@1045,478 (33s ago), fg ? | at ClickMenuEntryButtonUntilEnteredGameAsync: initial click (34s ago)
2026-06-24 16:31:30Z hc3 (D2R_3): frame CharacterScreen (2m26s ago) [degraded] | last click/Left@1045,478 (33s ago), fg ? | at ClickMenuEntryButtonUntilEnteredGameAsync: initial click (34s ago)
2026-06-24 16:31:32Z hc1 (D2R_1): frame InGame (43s ago) [degraded] | last click/Left@1045,475 (2m4s ago), fg ? | at ClickMenuEntryButtonUntilEnteredGameAsync: initial click (2m5s ago)
2026-06-24 16:31:32Z hc2 (D2R_2): frame CharacterScreen (2m28s ago) [degraded] | last click/Left@1045,478 (36s ago), fg ? | at ClickMenuEntryButtonUntilEnteredGameAsync: initial click (36s ago)
2026-06-24 16:31:32Z hc3 (D2R_3): frame CharacterScreen (2m28s ago) [degraded] | last click/Left@1045,478 (35s ago), fg ? | at ClickMenuEntryButtonUntilEnteredGameAsync: initial click (36s ago)
2026-06-24 16:31:35Z hc1 (D2R_1): frame InGame (45s ago) [degraded] | last click/Left@1045,475 (2m6s ago), fg ? | at ClickMenuEntryButtonUntilEnteredGameAsync: initial click (2m7s ago)
2026-06-24 16:31:35Z hc2 (D2R_2): frame CharacterScreen (2m31s ago) [degraded] | last click/Left@1045,478 (38s ago), fg ? | at ClickMenuEntryButtonUntilEnteredGameAsync: initial click (39s ago)
2026-06-24 16:31:35Z hc3 (D2R_3): frame CharacterScreen (2m31s ago) [degraded] | last click/Left@1045,478 (38s ago), fg ? | at ClickMenuEntryButtonUntilEnteredGameAsync: initial click (38s ago)
2026-06-24 16:31:37Z hc1 (D2R_1): frame InGame (47s ago) [degraded] | last click/Left@1045,475 (2m9s ago), fg ? | at ClickMenuEntryButtonUntilEnteredGameAsync: initial click (2m9s ago)
2026-06-24 16:31:37Z hc2 (D2R_2): frame CharacterScreen (2m33s ago) [degraded] | last click/Left@1045,478 (40s ago), fg ? | at ClickMenuEntryButtonUntilEnteredGameAsync: initial click (41s ago)
2026-06-24 16:31:37Z hc3 (D2R_3): frame CharacterScreen (2m33s ago) [degraded] | last click/Left@1045,478 (40s ago), fg ? | at ClickMenuEntryButtonUntilEnteredGameAsync: initial click (41s ago)
2026-06-24 16:31:39Z hc1 (D2R_1): frame InGame (50s ago) [degraded] | last click/Left@1045,475 (2m11s ago), fg ? | at ClickMenuEntryButtonUntilEnteredGameAsync: initial click (2m12s ago)
2026-06-24 16:31:39Z hc2 (D2R_2): frame CharacterScreen (2m35s ago) [degraded] | last click/Left@1045,478 (43s ago), fg ? | at ClickMenuEntryButtonUntilEnteredGameAsync: initial click (43s ago)
2026-06-24 16:31:39Z hc3 (D2R_3): frame CharacterScreen (2m35s ago) [degraded] | last click/Left@1045,478 (43s ago), fg ? | at ClickMenuEntryButtonUntilEnteredGameAsync: initial click (43s ago)
2026-06-24 16:31:42Z hc1 (D2R_1): frame InGame (52s ago) [degraded] | last click/Left@1045,475 (2m14s ago), fg ? | at ClickMenuEntryButtonUntilEnteredGameAsync: initial click (2m14s ago)
2026-06-24 16:31:42Z hc2 (D2R_2): frame InGame (0s ago) [degraded] | last click/Left@1045,478 (45s ago), fg ? | at ClickMenuEntryButtonUntilEnteredGameAsync: initial click (46s ago)
2026-06-24 16:31:42Z hc3 (D2R_3): frame CharacterScreen (2m38s ago) [degraded] | last click/Left@1045,478 (45s ago), fg ? | at ClickMenuEntryButtonUntilEnteredGameAsync: initial click (46s ago)
2026-06-24 16:31:44Z hc1 (D2R_1): frame InGame (55s ago) [degraded] | last click/Left@1045,475 (2m16s ago), fg ? | at ClickMenuEntryButtonUntilEnteredGameAsync: initial click (2m17s ago)
2026-06-24 16:31:44Z hc2 (D2R_2): frame InGame (2s ago) [degraded] | last click/Left@1045,478 (47s ago), fg ? | at ClickMenuEntryButtonUntilEnteredGameAsync: initial click (48s ago)
2026-06-24 16:31:44Z hc3 (D2R_3): frame InGame (0s ago) [degraded] | last click/Left@1045,478 (48s ago), fg ? | at ClickMenuEntryButtonUntilEnteredGameAsync: initial click (48s ago)
