2026-06-24 11:28:22Z hc1 (D2R_1): frame CharacterScreen (8s ago) [degraded] | last key/Escape/G/Space/Enter@683,384 (4m49s ago), fg ? | at EnsureLobbyOpenedAsync: remembered-character-screen click (2m15s ago)
2026-06-24 11:28:22Z hc2 (D2R_2): frame CharacterScreen (47s ago) [degraded] | last key/SplashContinue/G/Space/Enter@683,384 (4m55s ago), fg ? | at EnsureLobbyOpenedAsync: remembered-character-screen click (1m25s ago)
2026-06-24 11:28:22Z hc3 (D2R_3): frame CharacterScreen (31s ago) [degraded] | last key/Escape/G/Space/Enter@683,384 (4m44s ago), fg ? | at EnsureLobbyOpenedAsync: remembered-character-screen click (1m10s ago)
2026-06-24 11:28:28Z hc1 (D2R_1): frame CharacterScreen (10s ago) [degraded] | last key/Escape/G/Space/Enter@683,384 (4m51s ago), fg ? | at EnsureLobbyOpenedAsync: remembered-character-screen click (2m17s ago)
2026-06-24 11:28:28Z hc2 (D2R_2): frame CharacterScreen (4s ago) [degraded] | last key/SplashContinue/G/Space/Enter@683,384 (5m5s ago), fg ? | at EnsureLobbyOpenedAsync: remembered-character-screen click (1m35s ago)
2026-06-24 11:28:28Z hc3 (D2R_3): frame CharacterScreen (37s ago) [degraded] | last key/Escape/G/Space/Enter@683,384 (4m50s ago), fg ? | at EnsureLobbyOpenedAsync: remembered-character-screen click (1m16s ago)
2026-06-24 11:28:31Z hc1 (D2R_1): frame CharacterScreen (16s ago) [degraded] | last key/Escape/G/Space/Enter@683,384 (4m57s ago), fg ? | at EnsureLobbyOpenedAsync: remembered-character-screen click (2m23s ago)
2026-06-24 11:28:31Z hc2 (D2R_2): frame CharacterScreen (6s ago) [degraded] | last key/SplashContinue/G/Space/Enter@683,384 (5m7s ago), fg ? | at EnsureLobbyOpenedAsync: remembered-character-screen click (1m37s ago)
2026-06-24 11:28:31Z hc3 (D2R_3): frame CharacterScreen (43s ago) [degraded] | last key/Escape/G/Space/Enter@683,384 (4m56s ago), fg ? | at EnsureLobbyOpenedAsync: remembered-character-screen click (1m22s ago)
2026-06-24 11:28:33Z hc1 (D2R_1): frame CharacterScreen (19s ago) [degraded] | last key/Escape/G/Space/Enter@683,384 (4m59s ago), fg ? | at EnsureLobbyOpenedAsync: remembered-character-screen click (2m26s ago)
2026-06-24 11:28:33Z hc2 (D2R_2): frame CharacterScreen (8s ago) [degraded] | last key/SplashContinue/G/Space/Enter@683,384 (5m10s ago), fg ? | at EnsureLobbyOpenedAsync: remembered-character-screen click (1m39s ago)
2026-06-24 11:28:33Z hc3 (D2R_3): frame CharacterScreen (45s ago) [degraded] | last key/Escape/G/Space/Enter@683,384 (4m58s ago), fg ? | at EnsureLobbyOpenedAsync: remembered-character-screen click (1m25s ago)
2026-06-24 11:28:35Z hc1 (D2R_1): frame CharacterScreen (21s ago) [degraded] | last key/Escape/G/Space/Enter@683,384 (5m2s ago), fg ? | at EnsureLobbyOpenedAsync: remembered-character-screen click (2m28s ago)
2026-06-24 11:28:35Z hc2 (D2R_2): frame CharacterScreen (11s ago) [degraded] | last key/SplashContinue/G/Space/Enter@683,384 (5m12s ago), fg ? | at EnsureLobbyOpenedAsync: remembered-character-screen click (1m41s ago)
2026-06-24 11:28:35Z hc3 (D2R_3): frame CharacterScreen (47s ago) [degraded] | last key/Escape/G/Space/Enter@683,384 (5m0s ago), fg ? | at EnsureLobbyOpenedAsync: remembered-character-screen click (1m27s ago)
2026-06-24 11:28:37Z hc1 (D2R_1): frame CharacterScreen (23s ago) [degraded] | last key/Escape/G/Space/Enter@683,384 (5m4s ago), fg ? | at EnsureLobbyOpenedAsync: remembered-character-screen click (2m30s ago)
2026-06-24 11:28:37Z hc2 (D2R_2): frame CharacterScreen (13s ago) [degraded] | last key/SplashContinue/G/Space/Enter@683,384 (5m14s ago), fg ? | at EnsureLobbyOpenedAsync: remembered-character-screen click (1m44s ago)
2026-06-24 11:28:37Z hc3 (D2R_3): frame CharacterScreen (50s ago) [degraded] | last key/Escape/G/Space/Enter@683,384 (5m3s ago), fg ? | at EnsureLobbyOpenedAsync: remembered-character-screen click (1m29s ago)
2026-06-24 11:28:40Z hc1 (D2R_1): frame CharacterScreen (25s ago) [degraded] | last key/Escape/G/Space/Enter@683,384 (5m6s ago), fg ? | at EnsureLobbyOpenedAsync: remembered-character-screen click (2m32s ago)
2026-06-24 11:28:40Z hc2 (D2R_2): frame CharacterScreen (15s ago) [degraded] | last key/SplashContinue/G/Space/Enter@683,384 (5m17s ago), fg ? | at EnsureLobbyOpenedAsync: remembered-character-screen click (1m46s ago)
2026-06-24 11:28:40Z hc3 (D2R_3): frame CharacterScreen (52s ago) [degraded] | last key/Escape/G/Space/Enter@683,384 (5m5s ago), fg ? | at EnsureLobbyOpenedAsync: remembered-character-screen click (1m31s ago)
2026-06-24 11:28:42Z hc1 (D2R_1): frame CharacterScreen (28s ago) [degraded] | last key/Escape/G/Space/Enter@683,384 (5m8s ago), fg ? | at EnsureLobbyOpenedAsync: remembered-character-screen click (2m35s ago)
2026-06-24 11:28:42Z hc2 (D2R_2): frame CharacterScreen (17s ago) [degraded] | last key/SplashContinue/G/Space/Enter@683,384 (5m19s ago), fg ? | at EnsureLobbyOpenedAsync: remembered-character-screen click (1m48s ago)
2026-06-24 11:28:42Z hc3 (D2R_3): frame CharacterScreen (54s ago) [degraded] | last key/Escape/G/Space/Enter@683,384 (5m7s ago), fg ? | at EnsureLobbyOpenedAsync: remembered-character-screen click (1m34s ago)
2026-06-24 11:28:44Z hc1 (D2R_1): frame CharacterScreen (30s ago) [degraded] | last key/Escape/G/Space/Enter@683,384 (5m11s ago), fg ? | at EnsureLobbyOpenedAsync: remembered-character-screen click (2m37s ago)
2026-06-24 11:28:44Z hc2 (D2R_2): frame CharacterScreen (20s ago) [degraded] | last key/SplashContinue/G/Space/Enter@683,384 (5m21s ago), fg ? | at EnsureLobbyOpenedAsync: remembered-character-screen click (1m51s ago)
2026-06-24 11:28:44Z hc3 (D2R_3): frame CharacterScreen (57s ago) [degraded] | last key/Escape/G/Space/Enter@683,384 (5m9s ago), fg ? | at EnsureLobbyOpenedAsync: remembered-character-screen click (1m36s ago)
2026-06-24 11:28:46Z hc1 (D2R_1): frame CharacterScreen (32s ago) [degraded] | last key/Escape/G/Space/Enter@683,384 (5m13s ago), fg ? | at EnsureLobbyOpenedAsync: remembered-character-screen click (2m39s ago)
2026-06-24 11:28:46Z hc2 (D2R_2): frame CharacterScreen (22s ago) [degraded] | last key/SplashContinue/G/Space/Enter@683,384 (5m23s ago), fg ? | at EnsureLobbyOpenedAsync: remembered-character-screen click (1m53s ago)
2026-06-24 11:28:46Z hc3 (D2R_3): frame CharacterScreen (59s ago) [degraded] | last key/Escape/G/Space/Enter@683,384 (5m12s ago), fg ? | at EnsureLobbyOpenedAsync: remembered-character-screen click (1m38s ago)
2026-06-24 11:28:49Z hc1 (D2R_1): frame CharacterScreen (34s ago) [degraded] | last key/Escape/G/Space/Enter@683,384 (5m15s ago), fg ? | at EnsureLobbyOpenedAsync: remembered-character-screen click (2m41s ago)
2026-06-24 11:28:49Z hc2 (D2R_2): frame CharacterScreen (24s ago) [degraded] | last key/SplashContinue/G/Space/Enter@683,384 (5m26s ago), fg ? | at EnsureLobbyOpenedAsync: remembered-character-screen click (1m55s ago)
2026-06-24 11:28:49Z hc3 (D2R_3): frame CharacterScreen (1m1s ago) [degraded] | last key/Escape/G/Space/Enter@683,384 (5m14s ago), fg ? | at EnsureLobbyOpenedAsync: remembered-character-screen click (1m40s ago)
2026-06-24 11:28:51Z hc1 (D2R_1): frame CharacterScreen (37s ago) [degraded] | last key/Escape/G/Space/Enter@683,384 (5m17s ago), fg ? | at EnsureLobbyOpenedAsync: remembered-character-screen click (2m44s ago)
2026-06-24 11:28:51Z hc2 (D2R_2): frame CharacterScreen (26s ago) [degraded] | last key/SplashContinue/G/Space/Enter@683,384 (5m28s ago), fg ? | at EnsureLobbyOpenedAsync: remembered-character-screen click (1m57s ago)
2026-06-24 11:28:51Z hc3 (D2R_3): frame CharacterScreen (1m3s ago) [degraded] | last key/Escape/G/Space/Enter@683,384 (5m16s ago), fg ? | at EnsureLobbyOpenedAsync: remembered-character-screen click (1m43s ago)
2026-06-24 11:28:53Z hc1 (D2R_1): frame CharacterScreen (39s ago) [degraded] | last key/Escape/G/Space/Enter@683,384 (5m20s ago), fg ? | at EnsureLobbyOpenedAsync: remembered-character-screen click (2m46s ago)
2026-06-24 11:28:53Z hc2 (D2R_2): frame CharacterScreen (29s ago) [degraded] | last key/SplashContinue/G/Space/Enter@683,384 (5m30s ago), fg ? | at EnsureLobbyOpenedAsync: remembered-character-screen click (1m59s ago)
2026-06-24 11:28:53Z hc3 (D2R_3): frame CharacterScreen (1m5s ago) [degraded] | last key/Escape/G/Space/Enter@683,384 (5m18s ago), fg ? | at EnsureLobbyOpenedAsync: remembered-character-screen click (1m45s ago)
2026-06-24 11:28:55Z hc1 (D2R_1): frame CharacterScreen (41s ago) [degraded] | last key/Escape/G/Space/Enter@683,384 (5m22s ago), fg ? | at EnsureLobbyOpenedAsync: remembered-character-screen click (2m48s ago)
2026-06-24 11:28:55Z hc2 (D2R_2): frame CharacterScreen (31s ago) [degraded] | last key/SplashContinue/G/Space/Enter@683,384 (5m32s ago), fg ? | at EnsureLobbyOpenedAsync: remembered-character-screen click (2m2s ago)
2026-06-24 11:28:55Z hc3 (D2R_3): frame CharacterScreen (1m8s ago) [degraded] | last key/Escape/G/Space/Enter@683,384 (5m21s ago), fg ? | at EnsureLobbyOpenedAsync: remembered-character-screen click (1m47s ago)
2026-06-24 11:28:58Z hc1 (D2R_1): frame CharacterScreen (43s ago) [degraded] | last key/Escape/G/Space/Enter@683,384 (5m24s ago), fg ? | at EnsureLobbyOpenedAsync: remembered-character-screen click (2m50s ago)
2026-06-24 11:28:58Z hc2 (D2R_2): frame CharacterScreen (33s ago) [degraded] | last key/SplashContinue/G/Space/Enter@683,384 (5m35s ago), fg ? | at EnsureLobbyOpenedAsync: remembered-character-screen click (2m4s ago)
2026-06-24 11:28:58Z hc3 (D2R_3): frame CharacterScreen (1m10s ago) [degraded] | last key/Escape/G/Space/Enter@683,384 (5m23s ago), fg ? | at EnsureLobbyOpenedAsync: remembered-character-screen click (1m49s ago)
2026-06-24 11:29:00Z hc1 (D2R_1): frame CharacterScreen (45s ago) [degraded] | last key/Escape/G/Space/Enter@683,384 (5m26s ago), fg ? | at EnsureLobbyOpenedAsync: remembered-character-screen click (2m53s ago)
2026-06-24 11:29:00Z hc2 (D2R_2): frame CharacterScreen (35s ago) [degraded] | last key/SplashContinue/G/Space/Enter@683,384 (5m37s ago), fg ? | at EnsureLobbyOpenedAsync: remembered-character-screen click (2m6s ago)
2026-06-24 11:29:00Z hc3 (D2R_3): frame CharacterScreen (1m12s ago) [degraded] | last key/Escape/G/Space/Enter@683,384 (5m25s ago), fg ? | at EnsureLobbyOpenedAsync: remembered-character-screen click (1m52s ago)
2026-06-24 11:29:02Z hc1 (D2R_1): frame CharacterScreen (48s ago) [degraded] | last key/Escape/G/Space/Enter@683,384 (5m29s ago), fg ? | at EnsureLobbyOpenedAsync: remembered-character-screen click (2m55s ago)
2026-06-24 11:29:02Z hc2 (D2R_2): frame CharacterScreen (38s ago) [degraded] | last key/SplashContinue/G/Space/Enter@683,384 (5m39s ago), fg ? | at EnsureLobbyOpenedAsync: remembered-character-screen click (2m8s ago)
2026-06-24 11:29:02Z hc3 (D2R_3): frame CharacterScreen (1m14s ago) [degraded] | last key/Escape/G/Space/Enter@683,384 (5m27s ago), fg ? | at EnsureLobbyOpenedAsync: remembered-character-screen click (1m54s ago)
2026-06-24 11:29:08Z hc1 (D2R_1): frame CharacterScreen (1s ago) [degraded] | last key/Escape/G/Space/Enter@683,384 (5m31s ago), fg ? | at EnsureLobbyOpenedAsync: remembered-character-screen click (2m57s ago)
2026-06-24 11:29:08Z hc2 (D2R_2): frame CharacterScreen (40s ago) [degraded] | last key/SplashContinue/G/Space/Enter@683,384 (5m41s ago), fg ? | at EnsureLobbyOpenedAsync: remembered-character-screen click (2m11s ago)
2026-06-24 11:29:08Z hc3 (D2R_3): frame CharacterScreen (5s ago) [degraded] | last key/Escape/G/Space/Enter@683,384 (5m34s ago), fg ? | at EnsureLobbyOpenedAsync: remembered-character-screen click (2m0s ago)
2026-06-24 11:29:11Z hc1 (D2R_1): frame CharacterScreen (8s ago) [degraded] | last key/Escape/G/Space/Enter@683,384 (5m37s ago), fg ? | at EnsureLobbyOpenedAsync: remembered-character-screen click (3m3s ago)
2026-06-24 11:29:11Z hc2 (D2R_2): frame CharacterScreen (46s ago) [degraded] | last key/SplashContinue/G/Space/Enter@683,384 (5m48s ago), fg ? | at EnsureLobbyOpenedAsync: remembered-character-screen click (2m17s ago)
2026-06-24 11:29:11Z hc3 (D2R_3): frame CharacterScreen (7s ago) [degraded] | last key/Escape/G/Space/Enter@683,384 (5m36s ago), fg ? | at EnsureLobbyOpenedAsync: remembered-character-screen click (2m2s ago)
2026-06-24 11:29:13Z hc1 (D2R_1): frame CharacterScreen (10s ago) [degraded] | last key/Escape/G/Space/Enter@683,384 (5m39s ago), fg ? | at EnsureLobbyOpenedAsync: remembered-character-screen click (3m6s ago)
2026-06-24 11:29:13Z hc2 (D2R_2): frame CharacterScreen (48s ago) [degraded] | last key/SplashContinue/G/Space/Enter@683,384 (5m50s ago), fg ? | at EnsureLobbyOpenedAsync: remembered-character-screen click (2m19s ago)
2026-06-24 11:29:13Z hc3 (D2R_3): frame CharacterScreen (9s ago) [degraded] | last key/Escape/G/Space/Enter@683,384 (5m38s ago), fg ? | at EnsureLobbyOpenedAsync: remembered-character-screen click (2m5s ago)
2026-06-24 11:29:15Z hc1 (D2R_1): frame CharacterScreen (12s ago) [degraded] | last key/Escape/G/Space/Enter@683,384 (5m42s ago), fg ? | at EnsureLobbyOpenedAsync: remembered-character-screen click (3m8s ago)
2026-06-24 11:29:15Z hc2 (D2R_2): frame CharacterScreen (51s ago) [degraded] | last key/SplashContinue/G/Space/Enter@683,384 (5m52s ago), fg ? | at EnsureLobbyOpenedAsync: remembered-character-screen click (2m22s ago)
2026-06-24 11:29:15Z hc3 (D2R_3): frame CharacterScreen (11s ago) [degraded] | last key/Escape/G/Space/Enter@683,384 (5m41s ago), fg ? | at EnsureLobbyOpenedAsync: remembered-character-screen click (2m7s ago)
2026-06-24 11:29:17Z hc1 (D2R_1): frame CharacterScreen (14s ago) [degraded] | last key/Escape/G/Space/Enter@683,384 (5m44s ago), fg ? | at EnsureLobbyOpenedAsync: remembered-character-screen click (3m10s ago)
2026-06-24 11:29:17Z hc2 (D2R_2): frame CharacterScreen (53s ago) [degraded] | last key/SplashContinue/G/Space/Enter@683,384 (5m54s ago), fg ? | at EnsureLobbyOpenedAsync: remembered-character-screen click (2m24s ago)
2026-06-24 11:29:17Z hc3 (D2R_3): frame CharacterScreen (14s ago) [degraded] | last key/Escape/G/Space/Enter@683,384 (5m43s ago), fg ? | at EnsureLobbyOpenedAsync: remembered-character-screen click (2m9s ago)
2026-06-24 11:29:20Z hc1 (D2R_1): frame CharacterScreen (17s ago) [degraded] | last key/Escape/G/Space/Enter@683,384 (5m46s ago), fg ? | at EnsureLobbyOpenedAsync: remembered-character-screen click (3m13s ago)
2026-06-24 11:29:20Z hc2 (D2R_2): frame CharacterScreen (55s ago) [degraded] | last key/SplashContinue/G/Space/Enter@683,384 (5m57s ago), fg ? | at EnsureLobbyOpenedAsync: remembered-character-screen click (2m26s ago)
2026-06-24 11:29:20Z hc3 (D2R_3): frame CharacterScreen (16s ago) [degraded] | last key/Escape/G/Space/Enter@683,384 (5m45s ago), fg ? | at EnsureLobbyOpenedAsync: remembered-character-screen click (2m12s ago)
2026-06-24 11:29:22Z hc1 (D2R_1): frame CharacterScreen (19s ago) [degraded] | last key/Escape/G/Space/Enter@683,384 (5m48s ago), fg ? | at EnsureLobbyOpenedAsync: remembered-character-screen click (3m15s ago)
2026-06-24 11:29:22Z hc2 (D2R_2): frame CharacterScreen (58s ago) [degraded] | last key/SplashContinue/G/Space/Enter@683,384 (5m59s ago), fg ? | at EnsureLobbyOpenedAsync: remembered-character-screen click (2m28s ago)
2026-06-24 11:29:22Z hc3 (D2R_3): frame CharacterScreen (18s ago) [degraded] | last key/Escape/G/Space/Enter@683,384 (5m47s ago), fg ? | at EnsureLobbyOpenedAsync: remembered-character-screen click (2m14s ago)
2026-06-24 11:29:24Z hc1 (D2R_1): frame CharacterScreen (21s ago) [degraded] | last key/Escape/G/Space/Enter@683,384 (5m51s ago), fg ? | at EnsureLobbyOpenedAsync: remembered-character-screen click (3m17s ago)
2026-06-24 11:29:24Z hc2 (D2R_2): frame CharacterScreen (0s ago) [degraded] | last key/SplashContinue/G/Space/Enter@683,384 (6m1s ago), fg ? | at EnsureLobbyOpenedAsync: remembered-character-screen click (2m31s ago)
2026-06-24 11:29:24Z hc3 (D2R_3): frame CharacterScreen (1s ago) [degraded] | last key/Escape/G/Space/Enter@683,384 (5m49s ago), fg ? | at EnsureLobbyOpenedAsync: remembered-character-screen click (2m16s ago)
2026-06-24 11:29:26Z hc1 (D2R_1): frame CharacterScreen (24s ago) [degraded] | last key/Escape/G/Space/Enter@683,384 (5m53s ago), fg ? | at EnsureLobbyOpenedAsync: remembered-character-screen click (3m19s ago)
2026-06-24 11:29:26Z hc2 (D2R_2): frame CharacterScreen (2s ago) [degraded] | last key/SplashContinue/G/Space/Enter@683,384 (6m3s ago), fg ? | at EnsureLobbyOpenedAsync: remembered-character-screen click (2m33s ago)
2026-06-24 11:29:26Z hc3 (D2R_3): frame CharacterScreen (3s ago) [degraded] | last key/Escape/G/Space/Enter@683,384 (5m52s ago), fg ? | at EnsureLobbyOpenedAsync: remembered-character-screen click (2m18s ago)
2026-06-24 11:29:29Z hc1 (D2R_1): frame CharacterScreen (26s ago) [degraded] | last key/Escape/G/Space/Enter@683,384 (5m55s ago), fg ? | at EnsureLobbyOpenedAsync: remembered-character-screen click (3m22s ago)
2026-06-24 11:29:29Z hc2 (D2R_2): frame CharacterScreen (5s ago) [degraded] | last key/SplashContinue/G/Space/Enter@683,384 (6m6s ago), fg ? | at EnsureLobbyOpenedAsync: remembered-character-screen click (2m35s ago)
2026-06-24 11:29:29Z hc3 (D2R_3): frame CharacterScreen (5s ago) [degraded] | last key/Escape/G/Space/Enter@683,384 (5m54s ago), fg ? | at EnsureLobbyOpenedAsync: remembered-character-screen click (2m21s ago)
2026-06-24 11:29:31Z hc1 (D2R_1): frame CharacterScreen (28s ago) [degraded] | last key/Escape/G/Space/Enter@683,384 (5m57s ago), fg ? | at EnsureLobbyOpenedAsync: start (0s ago)
2026-06-24 11:29:31Z hc2 (D2R_2): frame CharacterScreen (7s ago) [degraded] | last key/SplashContinue/G/Space/Enter@683,384 (6m8s ago), fg ? | at EnsureLobbyOpenedAsync: remembered-character-screen click (2m37s ago)
2026-06-24 11:29:31Z hc3 (D2R_3): frame CharacterScreen (7s ago) [degraded] | last key/Escape/G/Space/Enter@683,384 (5m56s ago), fg ? | at EnsureLobbyOpenedAsync: remembered-character-screen click (2m23s ago)
2026-06-24 11:29:33Z hc1 (D2R_1): frame CharacterScreen (30s ago) [degraded] | last key/Escape/G/Space/Enter@683,384 (6m0s ago), fg ? | at EnsureLobbyOpenedAsync: start (2s ago)
2026-06-24 11:29:33Z hc2 (D2R_2): frame CharacterScreen (9s ago) [degraded] | last key/SplashContinue/G/Space/Enter@683,384 (6m10s ago), fg ? | at EnsureLobbyOpenedAsync: remembered-character-screen click (2m40s ago)
2026-06-24 11:29:33Z hc3 (D2R_3): frame CharacterScreen (10s ago) [degraded] | last key/Escape/G/Space/Enter@683,384 (5m58s ago), fg ? | at EnsureLobbyOpenedAsync: remembered-character-screen click (2m25s ago)
2026-06-24 11:29:39Z hc1 (D2R_1): frame CharacterScreen (5s ago) [degraded] | last key/Escape/G/Space/Enter@683,384 (6m6s ago), fg ? | at EnsureLobbyOpenedAsync: start (8s ago)
2026-06-24 11:29:39Z hc2 (D2R_2): frame CharacterScreen (11s ago) [degraded] | last key/SplashContinue/G/Space/Enter@683,384 (6m12s ago), fg ? | at EnsureLobbyOpenedAsync: remembered-character-screen click (2m42s ago)
2026-06-24 11:29:39Z hc3 (D2R_3): frame CharacterScreen (12s ago) [degraded] | last key/Escape/G/Space/Enter@683,384 (6m1s ago), fg ? | at EnsureLobbyOpenedAsync: remembered-character-screen click (2m27s ago)
2026-06-24 11:29:42Z hc1 (D2R_1): frame CharacterScreen (7s ago) [degraded] | last key/Escape/G/Space/Enter@683,384 (6m8s ago), fg ? | at EnsureLobbyOpenedAsync: start (10s ago)
2026-06-24 11:29:42Z hc2 (D2R_2): frame CharacterScreen (18s ago) [degraded] | last key/SplashContinue/G/Space/Enter@683,384 (6m19s ago), fg ? | at EnsureLobbyOpenedAsync: remembered-character-screen click (2m48s ago)
2026-06-24 11:29:42Z hc3 (D2R_3): frame CharacterScreen (18s ago) [degraded] | last key/Escape/G/Space/Enter@683,384 (6m7s ago), fg ? | at EnsureLobbyOpenedAsync: remembered-character-screen click (2m33s ago)
2026-06-24 11:29:44Z hc1 (D2R_1): frame CharacterScreen (9s ago) [degraded] | last key/Escape/G/Space/Enter@683,384 (6m10s ago), fg ? | at EnsureLobbyOpenedAsync: start (13s ago)
2026-06-24 11:29:44Z hc2 (D2R_2): frame CharacterScreen (20s ago) [degraded] | last key/SplashContinue/G/Space/Enter@683,384 (6m21s ago), fg ? | at EnsureLobbyOpenedAsync: remembered-character-screen click (2m50s ago)
2026-06-24 11:29:44Z hc3 (D2R_3): frame CharacterScreen (20s ago) [degraded] | last key/Escape/G/Space/Enter@683,384 (6m9s ago), fg ? | at EnsureLobbyOpenedAsync: remembered-character-screen click (2m36s ago)
2026-06-24 11:29:46Z hc1 (D2R_1): frame CharacterScreen (11s ago) [degraded] | last key/Escape/G/Space/Enter@683,384 (6m13s ago), fg ? | at EnsureLobbyOpenedAsync: start (15s ago)
2026-06-24 11:29:46Z hc2 (D2R_2): frame CharacterScreen (22s ago) [degraded] | last key/SplashContinue/G/Space/Enter@683,384 (6m23s ago), fg ? | at EnsureLobbyOpenedAsync: remembered-character-screen click (2m53s ago)
2026-06-24 11:29:46Z hc3 (D2R_3): frame CharacterScreen (23s ago) [degraded] | last key/Escape/G/Space/Enter@683,384 (6m12s ago), fg ? | at EnsureLobbyOpenedAsync: remembered-character-screen click (2m38s ago)
2026-06-24 11:29:49Z hc1 (D2R_1): frame CharacterScreen (14s ago) [degraded] | last key/Escape/G/Space/Enter@683,384 (6m15s ago), fg ? | at EnsureLobbyOpenedAsync: start (17s ago)
2026-06-24 11:29:49Z hc2 (D2R_2): frame CharacterScreen (25s ago) [degraded] | last key/SplashContinue/G/Space/Enter@683,384 (6m25s ago), fg ? | at EnsureLobbyOpenedAsync: remembered-character-screen click (2m55s ago)
2026-06-24 11:29:49Z hc3 (D2R_3): frame CharacterScreen (25s ago) [degraded] | last key/Escape/G/Space/Enter@683,384 (6m14s ago), fg ? | at EnsureLobbyOpenedAsync: remembered-character-screen click (2m40s ago)
2026-06-24 11:29:51Z hc1 (D2R_1): frame CharacterScreen (16s ago) [degraded] | last key/Escape/G/Space/Enter@683,384 (6m17s ago), fg ? | at EnsureLobbyOpenedAsync: start (19s ago)
2026-06-24 11:29:51Z hc2 (D2R_2): frame CharacterScreen (27s ago) [degraded] | last key/SplashContinue/G/Space/Enter@683,384 (6m28s ago), fg ? | at EnsureLobbyOpenedAsync: remembered-character-screen click (2m57s ago)
2026-06-24 11:29:51Z hc3 (D2R_3): frame CharacterScreen (27s ago) [degraded] | last key/Escape/G/Space/Enter@683,384 (6m16s ago), fg ? | at EnsureLobbyOpenedAsync: remembered-character-screen click (2m43s ago)
2026-06-24 11:29:53Z hc1 (D2R_1): frame CharacterScreen (18s ago) [degraded] | last key/Escape/G/Space/Enter@683,384 (6m20s ago), fg ? | at EnsureLobbyOpenedAsync: start (22s ago)
2026-06-24 11:29:53Z hc2 (D2R_2): frame CharacterScreen (29s ago) [degraded] | last key/SplashContinue/G/Space/Enter@683,384 (6m30s ago), fg ? | at EnsureLobbyOpenedAsync: remembered-character-screen click (2m59s ago)
2026-06-24 11:29:53Z hc3 (D2R_3): frame CharacterScreen (29s ago) [degraded] | last key/Escape/G/Space/Enter@683,384 (6m18s ago), fg ? | at EnsureLobbyOpenedAsync: remembered-character-screen click (2m45s ago)
2026-06-24 11:29:55Z hc1 (D2R_1): frame CharacterScreen (20s ago) [degraded] | last key/Escape/G/Space/Enter@683,384 (6m22s ago), fg ? | at EnsureLobbyOpenedAsync: start (24s ago)
2026-06-24 11:29:55Z hc2 (D2R_2): frame CharacterScreen (31s ago) [degraded] | last key/SplashContinue/G/Space/Enter@683,384 (6m32s ago), fg ? | at EnsureLobbyOpenedAsync: remembered-character-screen click (3m2s ago)
2026-06-24 11:29:55Z hc3 (D2R_3): frame CharacterScreen (32s ago) [degraded] | last key/Escape/G/Space/Enter@683,384 (6m21s ago), fg ? | at EnsureLobbyOpenedAsync: remembered-character-screen click (2m47s ago)
2026-06-24 11:29:57Z hc1 (D2R_1): frame CharacterScreen (23s ago) [degraded] | last key/Escape/G/Space/Enter@683,384 (6m24s ago), fg ? | at EnsureLobbyOpenedAsync: start (26s ago)
2026-06-24 11:29:57Z hc2 (D2R_2): frame CharacterScreen (33s ago) [degraded] | last key/SplashContinue/G/Space/Enter@683,384 (6m34s ago), fg ? | at EnsureLobbyOpenedAsync: remembered-character-screen click (3m4s ago)
2026-06-24 11:29:57Z hc3 (D2R_3): frame CharacterScreen (34s ago) [degraded] | last key/Escape/G/Space/Enter@683,384 (6m23s ago), fg ? | at EnsureLobbyOpenedAsync: remembered-character-screen click (2m49s ago)
2026-06-24 11:30:00Z hc1 (D2R_1): frame CharacterScreen (25s ago) [degraded] | last key/Escape/G/Space/Enter@683,384 (6m26s ago), fg ? | at EnsureLobbyOpenedAsync: start (28s ago)
2026-06-24 11:30:00Z hc2 (D2R_2): frame CharacterScreen (36s ago) [degraded] | last key/SplashContinue/G/Space/Enter@683,384 (6m37s ago), fg ? | at EnsureLobbyOpenedAsync: remembered-character-screen click (3m6s ago)
2026-06-24 11:30:00Z hc3 (D2R_3): frame CharacterScreen (36s ago) [degraded] | last key/Escape/G/Space/Enter@683,384 (6m25s ago), fg ? | at EnsureLobbyOpenedAsync: remembered-character-screen click (2m52s ago)
2026-06-24 11:30:02Z hc1 (D2R_1): frame CharacterScreen (27s ago) [degraded] | last key/Escape/G/Space/Enter@683,384 (6m28s ago), fg ? | at EnsureLobbyOpenedAsync: start (31s ago)
2026-06-24 11:30:02Z hc2 (D2R_2): frame CharacterScreen (38s ago) [degraded] | last key/SplashContinue/G/Space/Enter@683,384 (6m39s ago), fg ? | at EnsureLobbyOpenedAsync: remembered-character-screen click (3m8s ago)
2026-06-24 11:30:02Z hc3 (D2R_3): frame CharacterScreen (38s ago) [degraded] | last key/Escape/G/Space/Enter@683,384 (6m27s ago), fg ? | at EnsureLobbyOpenedAsync: remembered-character-screen click (2m54s ago)
2026-06-24 11:30:08Z hc1 (D2R_1): frame CharacterScreen (29s ago) [degraded] | last key/Escape/G/Space/Enter@683,384 (6m31s ago), fg ? | at EnsureLobbyOpenedAsync: start (33s ago)
2026-06-24 11:30:08Z hc2 (D2R_2): frame CharacterScreen (4s ago) [degraded] | last key/SplashContinue/G/Space/Enter@683,384 (6m45s ago), fg ? | at EnsureLobbyOpenedAsync: remembered-character-screen click (3m15s ago)
2026-06-24 11:30:08Z hc3 (D2R_3): frame CharacterScreen (41s ago) [degraded] | last key/Escape/G/Space/Enter@683,384 (6m30s ago), fg ? | at EnsureLobbyOpenedAsync: remembered-character-screen click (2m56s ago)
2026-06-24 11:30:11Z hc1 (D2R_1): frame CharacterScreen (36s ago) [degraded] | last key/Escape/G/Space/Enter@683,384 (6m37s ago), fg ? | at EnsureLobbyOpenedAsync: start (39s ago)
2026-06-24 11:30:11Z hc2 (D2R_2): frame CharacterScreen (7s ago) [degraded] | last key/SplashContinue/G/Space/Enter@683,384 (6m48s ago), fg ? | at EnsureLobbyOpenedAsync: remembered-character-screen click (3m17s ago)
2026-06-24 11:30:11Z hc3 (D2R_3): frame CharacterScreen (47s ago) [degraded] | last key/Escape/G/Space/Enter@683,384 (6m36s ago), fg ? | at EnsureLobbyOpenedAsync: remembered-character-screen click (3m2s ago)
2026-06-24 11:30:13Z hc1 (D2R_1): frame CharacterScreen (38s ago) [degraded] | last key/Escape/G/Space/Enter@683,384 (6m39s ago), fg ? | at EnsureLobbyOpenedAsync: start (41s ago)
2026-06-24 11:30:13Z hc2 (D2R_2): frame CharacterScreen (9s ago) [degraded] | last key/SplashContinue/G/Space/Enter@683,384 (6m50s ago), fg ? | at EnsureLobbyOpenedAsync: remembered-character-screen click (3m19s ago)
2026-06-24 11:30:13Z hc3 (D2R_3): frame CharacterScreen (49s ago) [degraded] | last key/Escape/G/Space/Enter@683,384 (6m38s ago), fg ? | at EnsureLobbyOpenedAsync: remembered-character-screen click (3m5s ago)
2026-06-24 11:30:15Z hc1 (D2R_1): frame CharacterScreen (40s ago) [degraded] | last key/Escape/G/Space/Enter@683,384 (6m42s ago), fg ? | at EnsureLobbyOpenedAsync: start (44s ago)
2026-06-24 11:30:15Z hc2 (D2R_2): frame CharacterScreen (11s ago) [degraded] | last key/SplashContinue/G/Space/Enter@683,384 (6m52s ago), fg ? | at EnsureLobbyOpenedAsync: remembered-character-screen click (3m22s ago)
2026-06-24 11:30:15Z hc3 (D2R_3): frame CharacterScreen (52s ago) [degraded] | last key/Escape/G/Space/Enter@683,384 (6m41s ago), fg ? | at EnsureLobbyOpenedAsync: remembered-character-screen click (3m7s ago)
2026-06-24 11:30:17Z hc1 (D2R_1): frame CharacterScreen (43s ago) [degraded] | last click/Left@799,689 (0s ago), fg ? | at EnsureLobbyOpenedAsync: remembered-character-screen click (1s ago)
2026-06-24 11:30:17Z hc2 (D2R_2): frame CharacterScreen (14s ago) [degraded] | last key/SplashContinue/G/Space/Enter@683,384 (6m54s ago), fg ? | at EnsureLobbyOpenedAsync: remembered-character-screen click (3m24s ago)
2026-06-24 11:30:17Z hc3 (D2R_3): frame CharacterScreen (54s ago) [degraded] | last key/Escape/G/Space/Enter@683,384 (6m43s ago), fg ? | at EnsureLobbyOpenedAsync: remembered-character-screen click (3m9s ago)
2026-06-24 11:30:20Z hc1 (D2R_1): frame CharacterScreen (45s ago) [degraded] | last click/Left@919,55 (1s ago), fg ? | at ClickLobbyTabDirectAsync: second ClickD2R (0s ago)
2026-06-24 11:30:20Z hc2 (D2R_2): frame CharacterScreen (16s ago) [degraded] | last key/SplashContinue/G/Space/Enter@683,384 (6m57s ago), fg ? | at EnsureLobbyOpenedAsync: remembered-character-screen click (3m26s ago)
2026-06-24 11:30:20Z hc3 (D2R_3): frame CharacterScreen (56s ago) [degraded] | last key/Escape/G/Space/Enter@683,384 (6m45s ago), fg ? | at EnsureLobbyOpenedAsync: remembered-character-screen click (3m12s ago)
2026-06-24 11:30:22Z hc1 (D2R_1): frame CharacterScreen (47s ago) [degraded] | last click/Left@1046,123 (0s ago), fg ? | at CreateGameAsync: filling game name/password fields (2s ago)
2026-06-24 11:30:22Z hc2 (D2R_2): frame CharacterScreen (18s ago) [degraded] | last key/SplashContinue/G/Space/Enter@683,384 (6m59s ago), fg ? | at EnsureLobbyOpenedAsync: remembered-character-screen click (3m28s ago)
2026-06-24 11:30:22Z hc3 (D2R_3): frame CharacterScreen (59s ago) [degraded] | last key/Escape/G/Space/Enter@683,384 (6m47s ago), fg ? | at EnsureLobbyOpenedAsync: remembered-character-screen click (3m14s ago)
2026-06-24 11:30:24Z hc1 (D2R_1): frame CharacterScreen (50s ago) [degraded] | last click/Left@1046,172 (0s ago), fg ? | at CreateGameAsync: filling game name/password fields (4s ago)
2026-06-24 11:30:24Z hc2 (D2R_2): frame CharacterScreen (20s ago) [degraded] | last key/SplashContinue/G/Space/Enter@683,384 (7m1s ago), fg ? | at EnsureLobbyOpenedAsync: remembered-character-screen click (3m31s ago)
2026-06-24 11:30:24Z hc3 (D2R_3): frame CharacterScreen (1m1s ago) [degraded] | last key/Escape/G/Space/Enter@683,384 (6m50s ago), fg ? | at EnsureLobbyOpenedAsync: remembered-character-screen click (3m16s ago)
2026-06-24 11:30:27Z hc1 (D2R_1): frame CharacterScreen (52s ago) [degraded] | last click/Left@1045,475 (0s ago), fg ? | at CreateGameAsync: filling game name/password fields (6s ago)
2026-06-24 11:30:27Z hc2 (D2R_2): frame CharacterScreen (23s ago) [degraded] | last key/SplashContinue/G/Space/Enter@683,384 (7m4s ago), fg ? | at EnsureLobbyOpenedAsync: remembered-character-screen click (3m33s ago)
2026-06-24 11:30:27Z hc3 (D2R_3): frame CharacterScreen (1m3s ago) [degraded] | last key/Escape/G/Space/Enter@683,384 (6m52s ago), fg ? | at EnsureLobbyOpenedAsync: remembered-character-screen click (3m19s ago)
2026-06-24 11:30:29Z hc1 (D2R_1): frame CharacterScreen (54s ago) [degraded] | last click/Left@1045,475 (2s ago), fg ? | at CreateGameAsync: filling game name/password fields (9s ago)
2026-06-24 11:30:29Z hc2 (D2R_2): frame CharacterScreen (25s ago) [degraded] | last key/SplashContinue/G/Space/Enter@683,384 (7m6s ago), fg ? | at EnsureLobbyOpenedAsync: remembered-character-screen click (3m35s ago)
2026-06-24 11:30:29Z hc3 (D2R_3): frame CharacterScreen (1m5s ago) [degraded] | last key/Escape/G/Space/Enter@683,384 (6m54s ago), fg ? | at EnsureLobbyOpenedAsync: remembered-character-screen click (3m21s ago)
2026-06-24 11:30:32Z hc1 (D2R_1): frame CharacterScreen (57s ago) [degraded] | last click/Left@1045,475 (5s ago), fg ? | at CreateGameAsync: filling game name/password fields (11s ago)
2026-06-24 11:30:32Z hc2 (D2R_2): frame CharacterScreen (27s ago) [degraded] | last key/SplashContinue/G/Space/Enter@683,384 (7m8s ago), fg ? | at EnsureLobbyOpenedAsync: remembered-character-screen click (3m38s ago)
2026-06-24 11:30:32Z hc3 (D2R_3): frame CharacterScreen (1m8s ago) [degraded] | last key/Escape/G/Space/Enter@683,384 (6m57s ago), fg ? | at EnsureLobbyOpenedAsync: remembered-character-screen click (3m23s ago)
2026-06-24 11:30:34Z hc1 (D2R_1): frame CharacterScreen (59s ago) [degraded] | last click/Left@1045,475 (7s ago), fg ? | at CreateGameAsync: filling game name/password fields (13s ago)
2026-06-24 11:30:34Z hc2 (D2R_2): frame CharacterScreen (30s ago) [degraded] | last key/SplashContinue/G/Space/Enter@683,384 (7m11s ago), fg ? | at EnsureLobbyOpenedAsync: remembered-character-screen click (3m40s ago)
2026-06-24 11:30:34Z hc3 (D2R_3): frame CharacterScreen (1m10s ago) [degraded] | last key/Escape/G/Space/Enter@683,384 (6m59s ago), fg ? | at EnsureLobbyOpenedAsync: remembered-character-screen click (3m26s ago)
2026-06-24 11:30:36Z hc1 (D2R_1): frame CharacterScreen (1m1s ago) [degraded] | last click/Left@1045,475 (9s ago), fg ? | at CreateGameAsync: filling game name/password fields (16s ago)
2026-06-24 11:30:36Z hc2 (D2R_2): frame CharacterScreen (32s ago) [degraded] | last key/SplashContinue/G/Space/Enter@683,384 (7m13s ago), fg ? | at EnsureLobbyOpenedAsync: remembered-character-screen click (3m42s ago)
2026-06-24 11:30:36Z hc3 (D2R_3): frame CharacterScreen (1m13s ago) [degraded] | last key/Escape/G/Space/Enter@683,384 (7m1s ago), fg ? | at EnsureLobbyOpenedAsync: remembered-character-screen click (3m28s ago)
2026-06-24 11:30:39Z hc1 (D2R_1): frame CharacterScreen (1m4s ago) [degraded] | last click/Left@1045,475 (12s ago), fg ? | at CreateGameAsync: filling game name/password fields (18s ago)
2026-06-24 11:30:39Z hc2 (D2R_2): frame CharacterScreen (34s ago) [degraded] | last key/SplashContinue/G/Space/Enter@683,384 (7m15s ago), fg ? | at EnsureLobbyOpenedAsync: remembered-character-screen click (3m45s ago)
2026-06-24 11:30:39Z hc3 (D2R_3): frame CharacterScreen (1m15s ago) [degraded] | last key/Escape/G/Space/Enter@683,384 (7m4s ago), fg ? | at EnsureLobbyOpenedAsync: remembered-character-screen click (3m30s ago)
2026-06-24 11:30:41Z hc1 (D2R_1): frame CharacterScreen (1m6s ago) [degraded] | last click/Left@1045,475 (14s ago), fg ? | at CreateGameAsync: filling game name/password fields (20s ago)
2026-06-24 11:30:41Z hc2 (D2R_2): frame CharacterScreen (37s ago) [degraded] | last key/SplashContinue/G/Space/Enter@683,384 (7m18s ago), fg ? | at EnsureLobbyOpenedAsync: remembered-character-screen click (3m47s ago)
2026-06-24 11:30:41Z hc3 (D2R_3): frame CharacterScreen (1m17s ago) [degraded] | last key/Escape/G/Space/Enter@683,384 (7m6s ago), fg ? | at EnsureLobbyOpenedAsync: remembered-character-screen click (3m33s ago)
2026-06-24 11:30:47Z hc1 (D2R_1): frame CharacterScreen (1m8s ago) [degraded] | last click/Left@1045,475 (16s ago), fg ? | at CreateGameAsync: filling game name/password fields (23s ago)
2026-06-24 11:30:47Z hc2 (D2R_2): frame CharacterScreen (39s ago) [degraded] | last key/SplashContinue/G/Space/Enter@683,384 (7m20s ago), fg ? | at EnsureLobbyOpenedAsync: remembered-character-screen click (3m49s ago)
2026-06-24 11:30:47Z hc3 (D2R_3): frame CharacterScreen (5s ago) [degraded] | last key/Escape/G/Space/Enter@683,384 (7m12s ago), fg ? | at EnsureLobbyOpenedAsync: remembered-character-screen click (3m39s ago)
2026-06-24 11:30:49Z hc1 (D2R_1): frame CharacterScreen (1m15s ago) [degraded] | last click/Left@1045,475 (23s ago), fg ? | at CreateGameAsync: filling game name/password fields (29s ago)
2026-06-24 11:30:49Z hc2 (D2R_2): frame CharacterScreen (45s ago) [degraded] | last key/SplashContinue/G/Space/Enter@683,384 (7m26s ago), fg ? | at EnsureLobbyOpenedAsync: remembered-character-screen click (3m56s ago)
2026-06-24 11:30:49Z hc3 (D2R_3): frame CharacterScreen (7s ago) [degraded] | last key/Escape/G/Space/Enter@683,384 (7m15s ago), fg ? | at EnsureLobbyOpenedAsync: remembered-character-screen click (3m41s ago)
2026-06-24 11:30:52Z hc1 (D2R_1): frame CharacterScreen (1m17s ago) [degraded] | last click/Left@1045,475 (25s ago), fg ? | at CreateGameAsync: filling game name/password fields (31s ago)
2026-06-24 11:30:52Z hc2 (D2R_2): frame CharacterScreen (48s ago) [degraded] | last key/SplashContinue/G/Space/Enter@683,384 (7m29s ago), fg ? | at EnsureLobbyOpenedAsync: remembered-character-screen click (3m58s ago)
2026-06-24 11:30:52Z hc3 (D2R_3): frame CharacterScreen (9s ago) [degraded] | last key/Escape/G/Space/Enter@683,384 (7m17s ago), fg ? | at EnsureLobbyOpenedAsync: remembered-character-screen click (3m43s ago)
2026-06-24 11:30:54Z hc1 (D2R_1): frame CharacterScreen (1m19s ago) [degraded] | last click/Left@1045,475 (27s ago), fg ? | at CreateGameAsync: filling game name/password fields (33s ago)
2026-06-24 11:30:54Z hc2 (D2R_2): frame CharacterScreen (50s ago) [degraded] | last key/SplashContinue/G/Space/Enter@683,384 (7m31s ago), fg ? | at EnsureLobbyOpenedAsync: remembered-character-screen click (4m0s ago)
2026-06-24 11:30:54Z hc3 (D2R_3): frame CharacterScreen (11s ago) [degraded] | last key/Escape/G/Space/Enter@683,384 (7m19s ago), fg ? | at EnsureLobbyOpenedAsync: remembered-character-screen click (3m46s ago)
2026-06-24 11:30:56Z hc1 (D2R_1): frame CharacterScreen (1m21s ago) [degraded] | last click/Left@1045,475 (29s ago), fg ? | at CreateGameAsync: filling game name/password fields (36s ago)
2026-06-24 11:30:56Z hc2 (D2R_2): frame CharacterScreen (52s ago) [degraded] | last key/SplashContinue/G/Space/Enter@683,384 (7m33s ago), fg ? | at EnsureLobbyOpenedAsync: remembered-character-screen click (4m2s ago)
2026-06-24 11:30:56Z hc3 (D2R_3): frame CharacterScreen (14s ago) [degraded] | last key/Escape/G/Space/Enter@683,384 (7m21s ago), fg ? | at EnsureLobbyOpenedAsync: remembered-character-screen click (3m48s ago)
2026-06-24 11:30:58Z hc1 (D2R_1): frame CharacterScreen (1m23s ago) [degraded] | last click/Left@1045,475 (32s ago), fg ? | at CreateGameAsync: filling game name/password fields (38s ago)
2026-06-24 11:30:58Z hc2 (D2R_2): frame CharacterScreen (54s ago) [degraded] | last key/SplashContinue/G/Space/Enter@683,384 (7m35s ago), fg ? | at EnsureLobbyOpenedAsync: start (1s ago)
2026-06-24 11:30:58Z hc3 (D2R_3): frame CharacterScreen (16s ago) [degraded] | last key/Escape/G/Space/Enter@683,384 (7m24s ago), fg ? | at EnsureLobbyOpenedAsync: start (1s ago)
2026-06-24 11:31:01Z hc1 (D2R_1): frame CharacterScreen (1m26s ago) [degraded] | last click/Left@1045,475 (34s ago), fg ? | at CreateGameAsync: filling game name/password fields (40s ago)
2026-06-24 11:31:01Z hc2 (D2R_2): frame CharacterScreen (57s ago) [degraded] | last key/SplashContinue/G/Space/Enter@683,384 (7m37s ago), fg ? | at EnsureLobbyOpenedAsync: start (4s ago)
2026-06-24 11:31:01Z hc3 (D2R_3): frame CharacterScreen (18s ago) [degraded] | last key/Escape/G/Space/Enter@683,384 (7m26s ago), fg ? | at EnsureLobbyOpenedAsync: start (4s ago)
2026-06-24 11:31:03Z hc1 (D2R_1): frame CharacterScreen (1m28s ago) [degraded] | last click/Left@1045,475 (36s ago), fg ? | at CreateGameAsync: filling game name/password fields (42s ago)
2026-06-24 11:31:03Z hc2 (D2R_2): frame CharacterScreen (59s ago) [degraded] | last key/SplashContinue/G/Space/Enter@683,384 (7m40s ago), fg ? | at EnsureLobbyOpenedAsync: start (6s ago)
2026-06-24 11:31:03Z hc3 (D2R_3): frame CharacterScreen (20s ago) [degraded] | last key/Escape/G/Space/Enter@683,384 (7m28s ago), fg ? | at EnsureLobbyOpenedAsync: start (6s ago)
2026-06-24 11:31:05Z hc1 (D2R_1): frame CharacterScreen (1m30s ago) [degraded] | last click/Left@1045,475 (39s ago), fg ? | at CreateGameAsync: filling game name/password fields (45s ago)
2026-06-24 11:31:05Z hc2 (D2R_2): frame CharacterScreen (1m1s ago) [degraded] | last key/SplashContinue/G/Space/Enter@683,384 (7m42s ago), fg ? | at EnsureLobbyOpenedAsync: start (8s ago)
2026-06-24 11:31:05Z hc3 (D2R_3): frame CharacterScreen (23s ago) [degraded] | last key/Escape/G/Space/Enter@683,384 (7m30s ago), fg ? | at EnsureLobbyOpenedAsync: start (8s ago)
2026-06-24 11:31:07Z hc1 (D2R_1): frame CharacterScreen (1m33s ago) [degraded] | last click/Left@1045,475 (41s ago), fg ? | at CreateGameAsync: filling game name/password fields (47s ago)
2026-06-24 11:31:07Z hc2 (D2R_2): frame CharacterScreen (1m3s ago) [degraded] | last key/SplashContinue/G/Space/Enter@683,384 (7m44s ago), fg ? | at EnsureLobbyOpenedAsync: start (11s ago)
2026-06-24 11:31:07Z hc3 (D2R_3): frame CharacterScreen (25s ago) [degraded] | last key/Escape/G/Space/Enter@683,384 (7m33s ago), fg ? | at EnsureLobbyOpenedAsync: start (10s ago)
2026-06-24 11:31:10Z hc1 (D2R_1): frame CharacterScreen (1m35s ago) [degraded] | last click/Left@1045,475 (43s ago), fg ? | at CreateGameAsync: filling game name/password fields (49s ago)
2026-06-24 11:31:10Z hc2 (D2R_2): frame CharacterScreen (1m6s ago) [degraded] | last key/SplashContinue/G/Space/Enter@683,384 (7m46s ago), fg ? | at EnsureLobbyOpenedAsync: start (13s ago)
2026-06-24 11:31:10Z hc3 (D2R_3): frame CharacterScreen (27s ago) [degraded] | last key/Escape/G/Space/Enter@683,384 (7m35s ago), fg ? | at EnsureLobbyOpenedAsync: start (13s ago)
2026-06-24 11:31:12Z hc1 (D2R_1): frame CharacterScreen (1m37s ago) [degraded] | last click/Left@1045,475 (45s ago), fg ? | at CreateGameAsync: filling game name/password fields (51s ago)
2026-06-24 11:31:12Z hc2 (D2R_2): frame CharacterScreen (1m8s ago) [degraded] | last key/SplashContinue/G/Space/Enter@683,384 (7m49s ago), fg ? | at EnsureLobbyOpenedAsync: start (15s ago)
2026-06-24 11:31:12Z hc3 (D2R_3): frame CharacterScreen (29s ago) [degraded] | last key/Escape/G/Space/Enter@683,384 (7m37s ago), fg ? | at EnsureLobbyOpenedAsync: start (15s ago)
