2026-06-25 16:26:17Z hc1 (D2R_1): frame unknown [degraded: UI command is active; using process-only status so diagnostics cannot starve menu input.] | last no input yet
2026-06-25 16:26:17Z hc2 (D2R_2): frame unknown [degraded: UI command is active; using process-only status so diagnostics cannot starve menu input.] | last no input yet
2026-06-25 16:26:17Z hc3 (D2R_3): frame unknown [degraded: UI command is active; using process-only status so diagnostics cannot starve menu input.] | last no input yet
2026-06-25 16:26:19Z hc1 (D2R_1): frame unknown [degraded: UI command is active; using process-only status so diagnostics cannot starve menu input.] | last no input yet
2026-06-25 16:26:19Z hc2 (D2R_2): frame unknown [degraded: UI command is active; using process-only status so diagnostics cannot starve menu input.] | last no input yet
2026-06-25 16:26:19Z hc3 (D2R_3): frame unknown [degraded: UI command is active; using process-only status so diagnostics cannot starve menu input.] | last no input yet
2026-06-25 16:26:22Z hc1 (D2R_1): frame unknown [degraded: UI command is active; using process-only status so diagnostics cannot starve menu input.] | last no input yet
2026-06-25 16:26:22Z hc2 (D2R_2): frame unknown [degraded: UI command is active; using process-only status so diagnostics cannot starve menu input.] | last no input yet
2026-06-25 16:26:22Z hc3 (D2R_3): frame unknown [degraded: UI command is active; using process-only status so diagnostics cannot starve menu input.] | last no input yet
2026-06-25 16:26:25Z hc1 (D2R_1): frame unknown [degraded: UI command is active; using process-only status so diagnostics cannot starve menu input.] | last no input yet
2026-06-25 16:26:25Z hc2 (D2R_2): frame unknown [degraded: UI command is active; using process-only status so diagnostics cannot starve menu input.] | last no input yet
2026-06-25 16:26:25Z hc3 (D2R_3): frame unknown [degraded: UI command is active; using process-only status so diagnostics cannot starve menu input.] | last no input yet
2026-06-25 16:26:27Z hc1 (D2R_1): frame unknown [degraded: UI command is active; using process-only status so diagnostics cannot starve menu input.] | last no input yet
2026-06-25 16:26:27Z hc2 (D2R_2): frame unknown [degraded: UI command is active; using process-only status so diagnostics cannot starve menu input.] | last no input yet
2026-06-25 16:26:27Z hc3 (D2R_3): frame unknown [degraded: UI command is active; using process-only status so diagnostics cannot starve menu input.] | last no input yet
2026-06-25 16:26:30Z hc1 (D2R_1): frame Unknown (0s ago) [degraded: UI command is active; using process-only status so diagnostics cannot starve menu input.] | last no input yet
2026-06-25 16:26:30Z hc2 (D2R_2): frame unknown [degraded: UI command is active; using process-only status so diagnostics cannot starve menu input.] | last no input yet
2026-06-25 16:26:30Z hc3 (D2R_3): frame Unknown (0s ago) [degraded: UI command is active; using process-only status so diagnostics cannot starve menu input.] | last no input yet
2026-06-25 16:26:32Z hc1 (D2R_1): frame Unknown (2s ago) [degraded: UI command is active; using process-only status so diagnostics cannot starve menu input.] | last no input yet
2026-06-25 16:26:32Z hc2 (D2R_2): frame Unknown (2s ago) [degraded: UI command is active; using process-only status so diagnostics cannot starve menu input.] | last no input yet
2026-06-25 16:26:32Z hc3 (D2R_3): frame Unknown (2s ago) [degraded: UI command is active; using process-only status so diagnostics cannot starve menu input.] | last no input yet
2026-06-25 16:26:35Z hc1 (D2R_1): frame Unknown (5s ago) [degraded: UI command is active; using process-only status so diagnostics cannot starve menu input.] | last key/Escape/G/Space/Enter@683,384 (1s ago), fg ?
2026-06-25 16:26:35Z hc2 (D2R_2): frame Unknown (4s ago) [degraded: UI command is active; using process-only status so diagnostics cannot starve menu input.] | last key/Escape/G/Space/Enter@683,384 (1s ago), fg ?
2026-06-25 16:26:35Z hc3 (D2R_3): frame Unknown (4s ago) [degraded: UI command is active; using process-only status so diagnostics cannot starve menu input.] | last key/Escape/G/Space/Enter@683,384 (1s ago), fg ?
2026-06-25 16:26:37Z hc1 (D2R_1): frame Unknown (7s ago) [degraded: UI command is active; using process-only status so diagnostics cannot starve menu input.] | last key/Escape/G/Space/Enter@683,384 (4s ago), fg ?
2026-06-25 16:26:37Z hc2 (D2R_2): frame Unknown (7s ago) [degraded: UI command is active; using process-only status so diagnostics cannot starve menu input.] | last key/Escape/G/Space/Enter@683,384 (3s ago), fg ?
2026-06-25 16:26:37Z hc3 (D2R_3): frame Unknown (7s ago) [degraded: UI command is active; using process-only status so diagnostics cannot starve menu input.] | last key/Escape/G/Space/Enter@683,384 (3s ago), fg ?
2026-06-25 16:26:39Z hc1 (D2R_1): frame Unknown (10s ago) [degraded: UI command is active; using process-only status so diagnostics cannot starve menu input.] | last key/Escape/G/Space/Enter@683,384 (6s ago), fg ?
2026-06-25 16:26:39Z hc2 (D2R_2): frame Unknown (9s ago) [degraded: UI command is active; using process-only status so diagnostics cannot starve menu input.] | last key/Escape/G/Space/Enter@683,384 (6s ago), fg ?
2026-06-25 16:26:39Z hc3 (D2R_3): frame Unknown (9s ago) [degraded: UI command is active; using process-only status so diagnostics cannot starve menu input.] | last key/Escape/G/Space/Enter@683,384 (6s ago), fg ?
2026-06-25 16:26:42Z hc1 (D2R_1): frame Unknown (12s ago) [degraded: UI command is active; using process-only status so diagnostics cannot starve menu input.] | last key/Escape/G/Space/Enter@683,384 (8s ago), fg ?
2026-06-25 16:26:42Z hc2 (D2R_2): frame Unknown (11s ago) [degraded: UI command is active; using process-only status so diagnostics cannot starve menu input.] | last key/Escape/G/Space/Enter@683,384 (8s ago), fg ?
2026-06-25 16:26:42Z hc3 (D2R_3): frame Unknown (11s ago) [degraded: UI command is active; using process-only status so diagnostics cannot starve menu input.] | last key/Escape/G/Space/Enter@683,384 (8s ago), fg ?
2026-06-25 16:26:44Z hc1 (D2R_1): frame Unknown (14s ago) [degraded: UI command is active; using process-only status so diagnostics cannot starve menu input.] | last key/Escape/G/Space/Enter@683,384 (11s ago), fg ?
2026-06-25 16:26:44Z hc2 (D2R_2): frame Unknown (14s ago) [degraded: UI command is active; using process-only status so diagnostics cannot starve menu input.] | last key/Escape/G/Space/Enter@683,384 (10s ago), fg ?
2026-06-25 16:26:44Z hc3 (D2R_3): frame Unknown (14s ago) [degraded: UI command is active; using process-only status so diagnostics cannot starve menu input.] | last key/Escape/G/Space/Enter@683,384 (10s ago), fg ?
2026-06-25 16:26:46Z hc1 (D2R_1): frame Unknown (17s ago) [degraded: UI command is active; using process-only status so diagnostics cannot starve menu input.] | last key/Escape/G/Space/Enter@683,384 (13s ago), fg ?
2026-06-25 16:26:46Z hc2 (D2R_2): frame Unknown (16s ago) [degraded: UI command is active; using process-only status so diagnostics cannot starve menu input.] | last key/Escape/G/Space/Enter@683,384 (13s ago), fg ?
2026-06-25 16:26:46Z hc3 (D2R_3): frame Unknown (16s ago) [degraded: UI command is active; using process-only status so diagnostics cannot starve menu input.] | last key/Escape/G/Space/Enter@683,384 (13s ago), fg ?
2026-06-25 16:26:49Z hc1 (D2R_1): frame Unknown (19s ago) [degraded: UI command is active; using process-only status so diagnostics cannot starve menu input.] | last key/Escape/G/Space/Enter@683,384 (15s ago), fg ?
2026-06-25 16:26:49Z hc2 (D2R_2): frame Unknown (18s ago) [degraded: UI command is active; using process-only status so diagnostics cannot starve menu input.] | last key/Escape/G/Space/Enter@683,384 (15s ago), fg ?
2026-06-25 16:26:49Z hc3 (D2R_3): frame Unknown (18s ago) [degraded: UI command is active; using process-only status so diagnostics cannot starve menu input.] | last key/Escape/G/Space/Enter@683,384 (15s ago), fg ?
2026-06-25 16:26:51Z hc1 (D2R_1): frame Unknown (21s ago) [degraded: UI command is active; using process-only status so diagnostics cannot starve menu input.] | last key/Escape/G/Space/Enter@683,384 (18s ago), fg ?
2026-06-25 16:26:51Z hc2 (D2R_2): frame Unknown (21s ago) [degraded: UI command is active; using process-only status so diagnostics cannot starve menu input.] | last key/Escape/G/Space/Enter@683,384 (17s ago), fg ?
2026-06-25 16:26:51Z hc3 (D2R_3): frame Unknown (21s ago) [degraded: UI command is active; using process-only status so diagnostics cannot starve menu input.] | last key/Escape/G/Space/Enter@683,384 (17s ago), fg ?
2026-06-25 16:26:53Z hc1 (D2R_1): frame Unknown (1s ago) [degraded: UI command is active; using process-only status so diagnostics cannot starve menu input.] | last key/Escape/G/Space/Enter@683,384 (20s ago), fg ?
2026-06-25 16:26:53Z hc2 (D2R_2): frame Unknown (1s ago) [degraded: UI command is active; using process-only status so diagnostics cannot starve menu input.] | last key/Escape/G/Space/Enter@683,384 (20s ago), fg ?
2026-06-25 16:26:53Z hc3 (D2R_3): frame Unknown (2s ago) [degraded: UI command is active; using process-only status so diagnostics cannot starve menu input.] | last key/Escape/G/Space/Enter@683,384 (20s ago), fg ?
2026-06-25 16:26:55Z hc1 (D2R_1): frame Unknown (4s ago) [degraded: UI command is active; using process-only status so diagnostics cannot starve menu input.] | last key/Escape/G/Space/Enter@683,384 (0s ago), fg ?
2026-06-25 16:26:55Z hc2 (D2R_2): frame Unknown (3s ago) [degraded: UI command is active; using process-only status so diagnostics cannot starve menu input.] | last key/Escape/G/Space/Enter@683,384 (0s ago), fg ?
2026-06-25 16:26:55Z hc3 (D2R_3): frame Unknown (4s ago) [degraded: UI command is active; using process-only status so diagnostics cannot starve menu input.] | last key/Escape/G/Space/Enter@683,384 (1s ago), fg ?
2026-06-25 16:26:58Z hc1 (D2R_1): frame Unknown (6s ago) [degraded: UI command is active; using process-only status so diagnostics cannot starve menu input.] | last key/Escape/G/Space/Enter@683,384 (3s ago), fg ?
2026-06-25 16:26:58Z hc2 (D2R_2): frame Unknown (6s ago) [degraded: UI command is active; using process-only status so diagnostics cannot starve menu input.] | last key/Escape/G/Space/Enter@683,384 (3s ago), fg ?
2026-06-25 16:26:58Z hc3 (D2R_3): frame Unknown (6s ago) [degraded: UI command is active; using process-only status so diagnostics cannot starve menu input.] | last key/Escape/G/Space/Enter@683,384 (3s ago), fg ?
2026-06-25 16:27:00Z hc1 (D2R_1): frame Unknown (8s ago) [degraded: UI command is active; using process-only status so diagnostics cannot starve menu input.] | last key/Escape/G/Space/Enter@683,384 (5s ago), fg ?
2026-06-25 16:27:00Z hc2 (D2R_2): frame Unknown (8s ago) [degraded: UI command is active; using process-only status so diagnostics cannot starve menu input.] | last key/Escape/G/Space/Enter@683,384 (5s ago), fg ?
2026-06-25 16:27:00Z hc3 (D2R_3): frame Unknown (9s ago) [degraded: UI command is active; using process-only status so diagnostics cannot starve menu input.] | last key/Escape/G/Space/Enter@683,384 (5s ago), fg ?
2026-06-25 16:27:02Z hc1 (D2R_1): frame Unknown (10s ago) [degraded: UI command is active; using process-only status so diagnostics cannot starve menu input.] | last key/Escape/G/Space/Enter@683,384 (7s ago), fg ?
2026-06-25 16:27:02Z hc2 (D2R_2): frame Unknown (10s ago) [degraded: UI command is active; using process-only status so diagnostics cannot starve menu input.] | last key/Escape/G/Space/Enter@683,384 (7s ago), fg ?
2026-06-25 16:27:02Z hc3 (D2R_3): frame Unknown (11s ago) [degraded: UI command is active; using process-only status so diagnostics cannot starve menu input.] | last key/Escape/G/Space/Enter@683,384 (8s ago), fg ?
2026-06-25 16:27:05Z hc1 (D2R_1): frame Unknown (13s ago) [degraded: UI command is active; using process-only status so diagnostics cannot starve menu input.] | last key/Escape/G/Space/Enter@683,384 (10s ago), fg ?
2026-06-25 16:27:05Z hc2 (D2R_2): frame Unknown (13s ago) [degraded: UI command is active; using process-only status so diagnostics cannot starve menu input.] | last key/Escape/G/Space/Enter@683,384 (9s ago), fg ?
2026-06-25 16:27:05Z hc3 (D2R_3): frame Unknown (13s ago) [degraded: UI command is active; using process-only status so diagnostics cannot starve menu input.] | last key/Escape/G/Space/Enter@683,384 (10s ago), fg ?
2026-06-25 16:27:07Z hc1 (D2R_1): frame Unknown (15s ago) [degraded: UI command is active; using process-only status so diagnostics cannot starve menu input.] | last key/Escape/G/Space/Enter@683,384 (12s ago), fg ?
2026-06-25 16:27:07Z hc2 (D2R_2): frame Unknown (15s ago) [degraded: UI command is active; using process-only status so diagnostics cannot starve menu input.] | last key/Escape/G/Space/Enter@683,384 (12s ago), fg ?
2026-06-25 16:27:07Z hc3 (D2R_3): frame Unknown (15s ago) [degraded: UI command is active; using process-only status so diagnostics cannot starve menu input.] | last key/Escape/G/Space/Enter@683,384 (12s ago), fg ?
2026-06-25 16:27:09Z hc1 (D2R_1): frame Unknown (17s ago) [degraded: UI command is active; using process-only status so diagnostics cannot starve menu input.] | last key/Escape/G/Space/Enter@683,384 (14s ago), fg ?
2026-06-25 16:27:09Z hc2 (D2R_2): frame Unknown (17s ago) [degraded: UI command is active; using process-only status so diagnostics cannot starve menu input.] | last key/Escape/G/Space/Enter@683,384 (14s ago), fg ?
2026-06-25 16:27:09Z hc3 (D2R_3): frame Unknown (18s ago) [degraded: UI command is active; using process-only status so diagnostics cannot starve menu input.] | last key/Escape/G/Space/Enter@683,384 (14s ago), fg ?
2026-06-25 16:27:11Z hc1 (D2R_1): frame Unknown (20s ago) [degraded: UI command is active; using process-only status so diagnostics cannot starve menu input.] | last key/Escape/G/Space/Enter@683,384 (17s ago), fg ?
2026-06-25 16:27:11Z hc2 (D2R_2): frame Unknown (19s ago) [degraded: UI command is active; using process-only status so diagnostics cannot starve menu input.] | last key/Escape/G/Space/Enter@683,384 (16s ago), fg ?
2026-06-25 16:27:11Z hc3 (D2R_3): frame Unknown (20s ago) [degraded: UI command is active; using process-only status so diagnostics cannot starve menu input.] | last key/Escape/G/Space/Enter@683,384 (17s ago), fg ?
2026-06-25 16:27:14Z hc1 (D2R_1): frame Unknown (22s ago) [degraded: UI command is active; using process-only status so diagnostics cannot starve menu input.] | last key/Escape/G/Space/Enter@683,384 (19s ago), fg ?
2026-06-25 16:27:14Z hc2 (D2R_2): frame Unknown (22s ago) [degraded: UI command is active; using process-only status so diagnostics cannot starve menu input.] | last key/Escape/G/Space/Enter@683,384 (19s ago), fg ?
2026-06-25 16:27:14Z hc3 (D2R_3): frame Unknown (22s ago) [degraded: UI command is active; using process-only status so diagnostics cannot starve menu input.] | last key/Escape/G/Space/Enter@683,384 (19s ago), fg ?
2026-06-25 16:27:16Z hc1 (D2R_1): frame Unknown (1s ago) [degraded: UI command is active; using process-only status so diagnostics cannot starve menu input.] | last key/Escape/G/Space/Enter@683,384 (21s ago), fg ?
2026-06-25 16:27:16Z hc2 (D2R_2): frame Unknown (1s ago) [degraded: UI command is active; using process-only status so diagnostics cannot starve menu input.] | last key/Escape/G/Space/Enter@683,384 (21s ago), fg ?
2026-06-25 16:27:16Z hc3 (D2R_3): frame Unknown (1s ago) [degraded: UI command is active; using process-only status so diagnostics cannot starve menu input.] | last key/Escape/G/Space/Enter@683,384 (21s ago), fg ?
2026-06-25 16:27:18Z hc1 (D2R_1): frame Unknown (3s ago) [degraded: UI command is active; using process-only status so diagnostics cannot starve menu input.] | last key/Escape/G/Space/Enter@683,384 (0s ago), fg ?
2026-06-25 16:27:18Z hc2 (D2R_2): frame Unknown (3s ago) [degraded: UI command is active; using process-only status so diagnostics cannot starve menu input.] | last key/Escape/G/Space/Enter@683,384 (0s ago), fg ?
2026-06-25 16:27:18Z hc3 (D2R_3): frame Unknown (4s ago) [degraded: UI command is active; using process-only status so diagnostics cannot starve menu input.] | last key/Escape/G/Space/Enter@683,384 (0s ago), fg ?
2026-06-25 16:27:21Z hc1 (D2R_1): frame Unknown (5s ago) [degraded: UI command is active; using process-only status so diagnostics cannot starve menu input.] | last key/Escape/G/Space/Enter@683,384 (2s ago), fg ?
2026-06-25 16:27:21Z hc2 (D2R_2): frame Unknown (5s ago) [degraded: UI command is active; using process-only status so diagnostics cannot starve menu input.] | last key/Escape/G/Space/Enter@683,384 (2s ago), fg ?
2026-06-25 16:27:21Z hc3 (D2R_3): frame Unknown (6s ago) [degraded: UI command is active; using process-only status so diagnostics cannot starve menu input.] | last key/Escape/G/Space/Enter@683,384 (3s ago), fg ?
2026-06-25 16:27:23Z hc1 (D2R_1): frame Unknown (8s ago) [degraded: UI command is active; using process-only status so diagnostics cannot starve menu input.] | last key/Escape/G/Space/Enter@683,384 (4s ago), fg ?
2026-06-25 16:27:23Z hc2 (D2R_2): frame Unknown (8s ago) [degraded: UI command is active; using process-only status so diagnostics cannot starve menu input.] | last key/Escape/G/Space/Enter@683,384 (4s ago), fg ?
2026-06-25 16:27:23Z hc3 (D2R_3): frame Unknown (8s ago) [degraded: UI command is active; using process-only status so diagnostics cannot starve menu input.] | last key/Escape/G/Space/Enter@683,384 (5s ago), fg ?
2026-06-25 16:27:25Z hc1 (D2R_1): frame Unknown (10s ago) [degraded: UI command is active; using process-only status so diagnostics cannot starve menu input.] | last key/Escape/G/Space/Enter@683,384 (7s ago), fg ?
2026-06-25 16:27:25Z hc2 (D2R_2): frame Unknown (10s ago) [degraded: UI command is active; using process-only status so diagnostics cannot starve menu input.] | last key/Escape/G/Space/Enter@683,384 (7s ago), fg ?
2026-06-25 16:27:25Z hc3 (D2R_3): frame Unknown (10s ago) [degraded: UI command is active; using process-only status so diagnostics cannot starve menu input.] | last key/Escape/G/Space/Enter@683,384 (7s ago), fg ?
2026-06-25 16:27:27Z hc1 (D2R_1): frame Unknown (12s ago) [degraded: UI command is active; using process-only status so diagnostics cannot starve menu input.] | last key/Escape/G/Space/Enter@683,384 (9s ago), fg ?
2026-06-25 16:27:27Z hc2 (D2R_2): frame Unknown (12s ago) [degraded: UI command is active; using process-only status so diagnostics cannot starve menu input.] | last key/Escape/G/Space/Enter@683,384 (9s ago), fg ?
2026-06-25 16:27:27Z hc3 (D2R_3): frame Unknown (13s ago) [degraded: UI command is active; using process-only status so diagnostics cannot starve menu input.] | last key/Escape/G/Space/Enter@683,384 (10s ago), fg ?
2026-06-25 16:27:30Z hc1 (D2R_1): frame Unknown (14s ago) [degraded: UI command is active; using process-only status so diagnostics cannot starve menu input.] | last key/Escape/G/Space/Enter@683,384 (11s ago), fg ?
2026-06-25 16:27:30Z hc2 (D2R_2): frame Unknown (15s ago) [degraded: UI command is active; using process-only status so diagnostics cannot starve menu input.] | last key/Escape/G/Space/Enter@683,384 (11s ago), fg ?
2026-06-25 16:27:30Z hc3 (D2R_3): frame Unknown (15s ago) [degraded: UI command is active; using process-only status so diagnostics cannot starve menu input.] | last key/Escape/G/Space/Enter@683,384 (12s ago), fg ?
2026-06-25 16:27:32Z hc1 (D2R_1): frame Unknown (17s ago) [degraded: UI command is active; using process-only status so diagnostics cannot starve menu input.] | last key/Escape/G/Space/Enter@683,384 (14s ago), fg ?
2026-06-25 16:27:32Z hc2 (D2R_2): frame Unknown (17s ago) [degraded: UI command is active; using process-only status so diagnostics cannot starve menu input.] | last key/Escape/G/Space/Enter@683,384 (14s ago), fg ?
2026-06-25 16:27:32Z hc3 (D2R_3): frame Unknown (17s ago) [degraded: UI command is active; using process-only status so diagnostics cannot starve menu input.] | last key/Escape/G/Space/Enter@683,384 (14s ago), fg ?
2026-06-25 16:27:34Z hc1 (D2R_1): frame Unknown (19s ago) [degraded: UI command is active; using process-only status so diagnostics cannot starve menu input.] | last key/Escape/G/Space/Enter@683,384 (16s ago), fg ?
2026-06-25 16:27:34Z hc2 (D2R_2): frame Unknown (19s ago) [degraded: UI command is active; using process-only status so diagnostics cannot starve menu input.] | last key/Escape/G/Space/Enter@683,384 (16s ago), fg ?
2026-06-25 16:27:34Z hc3 (D2R_3): frame CharacterScreen (0s ago) [degraded: UI command is active; using process-only status so diagnostics cannot starve menu input.] | last key/Escape/G/Space/Enter@683,384 (16s ago), fg ? | at EnsureReadyCharacterScreenOnlineAsync: ready loop detected CharacterScreen (0s ago)
2026-06-25 16:27:37Z hc1 (D2R_1): frame CharacterScreen (2s ago) [degraded: UI command is active; using process-only status so diagnostics cannot starve menu input.] | last click/Left@799,689 (0s ago), fg ? | at EnsureLobbyOpenedAsync: remembered-character-screen click (0s ago)
2026-06-25 16:27:37Z hc2 (D2R_2): frame Unknown (21s ago) [degraded: UI command is active; using process-only status so diagnostics cannot starve menu input.] | last key/Escape/G/Space/Enter@683,384 (18s ago), fg ?
2026-06-25 16:27:37Z hc3 (D2R_3): frame CharacterScreen (2s ago) [degraded: UI command is active; using process-only status so diagnostics cannot starve menu input.] | last click/Left@799,689 (0s ago), fg ? | at EnsureLobbyOpenedAsync: remembered-character-screen click (1s ago)
2026-06-25 16:27:39Z hc1 (D2R_1): frame CharacterScreen (4s ago) [degraded: UI command is active; using process-only status so diagnostics cannot starve menu input.] | last click/Left@799,689 (2s ago), fg ? | at CreateGameAsync: ClickLobbyTabDirectAsync(CreateGameTab) (0s ago)
2026-06-25 16:27:39Z hc2 (D2R_2): frame CharacterMenu (0s ago) [degraded: UI command is active; using process-only status so diagnostics cannot starve menu input.] | last key/Escape/G/Space/Enter@683,384 (21s ago), fg ? | at EnsureReadyCharacterScreenOnlineAsync: ready loop detected CharacterMenu (0s ago)
2026-06-25 16:27:39Z hc3 (D2R_3): frame CharacterScreen (5s ago) [degraded: UI command is active; using process-only status so diagnostics cannot starve menu input.] | last click/Left@799,689 (3s ago), fg ? | at RestoreJoinGameFormAsync: click Join Game tab (1s ago)
2026-06-25 16:27:41Z hc1 (D2R_1): frame CharacterScreen (6s ago) [degraded: UI command is active; using process-only status so diagnostics cannot starve menu input.] | last click/Left@799,689 (4s ago), fg ? | at CreateGameAsync: filling game name/password fields (0s ago)
2026-06-25 16:27:41Z hc2 (D2R_2): frame CharacterMenu (2s ago) [degraded: UI command is active; using process-only status so diagnostics cannot starve menu input.] | last click/Left@799,689 (0s ago), fg ? | at EnsureLobbyOpenedAsync: remembered-character-screen click (1s ago)
2026-06-25 16:27:41Z hc3 (D2R_3): frame CharacterScreen (7s ago) [degraded: UI command is active; using process-only status so diagnostics cannot starve menu input.] | last click/Left@799,689 (5s ago), fg ? | at RestoreJoinGameFormAsync: fill game name (1s ago)
2026-06-25 16:27:44Z hc1 (D2R_1): frame CharacterScreen (9s ago) [degraded: UI command is active; using process-only status so diagnostics cannot starve menu input.] | last click/Left@799,689 (6s ago), fg ? | at FillTextFieldAsync: skipped, might already be in-game (0s ago)
2026-06-25 16:27:44Z hc2 (D2R_2): frame CharacterMenu (5s ago) [degraded: UI command is active; using process-only status so diagnostics cannot starve menu input.] | last click/Left@799,689 (3s ago), fg ? | at RestoreJoinGameFormAsync: click Join Game tab (1s ago)
2026-06-25 16:27:44Z hc3 (D2R_3): frame CharacterScreen (9s ago) [degraded: UI command is active; using process-only status so diagnostics cannot starve menu input.] | last click/Left@799,689 (7s ago), fg ? | at RestoreJoinGameFormAsync: fill password (1s ago)
2026-06-25 16:27:46Z hc1 (D2R_1): frame CharacterScreen (11s ago) [degraded: UI command is active; using process-only status so diagnostics cannot starve menu input.] | last click/Left@799,689 (9s ago), fg ? | at FillTextFieldAsync: skipped, might already be in-game (0s ago)
2026-06-25 16:27:46Z hc2 (D2R_2): frame CharacterMenu (7s ago) [degraded: UI command is active; using process-only status so diagnostics cannot starve menu input.] | last click/Left@799,689 (5s ago), fg ? | at RestoreJoinGameFormAsync: fill game name (1s ago)
2026-06-25 16:27:46Z hc3 (D2R_3): frame CharacterScreen (11s ago) [degraded: Detailed status collection is still running; using process-only fallback.] | last click/Left@799,689 (10s ago), fg ? | at FillTextFieldAsync: skipped, might already be in-game (0s ago)
2026-06-25 16:27:48Z hc1 (D2R_1): frame CharacterScreen (13s ago) [degraded: UI command is active; using process-only status so diagnostics cannot starve menu input.] | last click/Left@952,269 (1s ago), fg ? | at ClickMenuEntryButtonUntilEnteredGameAsync: initial click (1s ago)
2026-06-25 16:27:48Z hc2 (D2R_2): frame CharacterMenu (9s ago) [degraded: UI command is active; using process-only status so diagnostics cannot starve menu input.] | last click/Left@799,689 (7s ago), fg ? | at RestoreJoinGameFormAsync: fill password (1s ago)
2026-06-25 16:27:48Z hc3 (D2R_3): frame CharacterScreen (14s ago) [degraded: Detailed status collection is still running; using process-only fallback.] | last click/Left@799,689 (12s ago), fg ? | at FillTextFieldAsync: skipped, might already be in-game (3s ago)
2026-06-25 16:27:50Z hc1 (D2R_1): frame CharacterScreen (16s ago) [degraded: UI command is active; using process-only status so diagnostics cannot starve menu input.] | last click/Left@952,269 (4s ago), fg ? | at ClickMenuEntryButtonUntilEnteredGameAsync: loop iteration 7, waiting entry grace before HUD check (0s ago)
2026-06-25 16:27:50Z hc2 (D2R_2): frame CharacterMenu (11s ago) [degraded: Detailed status collection is still running; using process-only fallback.] | last click/Left@799,689 (10s ago), fg ? | at FillTextFieldAsync: skipped, might already be in-game (1s ago)
2026-06-25 16:27:50Z hc3 (D2R_3): frame CharacterScreen (16s ago) [degraded: Detailed status collection is still running; using process-only fallback.] | last click/Left@799,689 (14s ago), fg ? | at FillTextFieldAsync: skipped, might already be in-game (5s ago)
2026-06-25 16:27:53Z hc1 (D2R_1): frame CharacterScreen (18s ago) [degraded: UI command is active; using process-only status so diagnostics cannot starve menu input.] | last click/Left@952,269 (6s ago), fg ? | at ClickMenuEntryButtonUntilEnteredGameAsync: loop iteration 18, waiting entry grace before HUD check (0s ago)
2026-06-25 16:27:53Z hc2 (D2R_2): frame CharacterMenu (14s ago) [degraded: Detailed status collection is still running; using process-only fallback.] | last click/Left@799,689 (12s ago), fg ? | at FillTextFieldAsync: skipped, might already be in-game (3s ago)
2026-06-25 16:27:53Z hc3 (D2R_3): frame CharacterScreen (18s ago) [degraded: Detailed status collection is still running; using process-only fallback.] | last click/Left@799,689 (16s ago), fg ? | at FillTextFieldAsync: skipped, might already be in-game (7s ago)
2026-06-25 16:27:55Z hc1 (D2R_1): frame CharacterScreen (20s ago) [degraded: UI command is active; using process-only status so diagnostics cannot starve menu input.] | last click/Left@952,269 (8s ago), fg ? | at ClickMenuEntryButtonUntilEnteredGameAsync: loop iteration 30, waiting entry grace before HUD check (0s ago)
2026-06-25 16:27:55Z hc2 (D2R_2): frame CharacterMenu (16s ago) [degraded: Detailed status collection is still running; using process-only fallback.] | last click/Left@799,689 (14s ago), fg ? | at FillTextFieldAsync: skipped, might already be in-game (5s ago)
2026-06-25 16:27:55Z hc3 (D2R_3): frame CharacterScreen (21s ago) [degraded: Detailed status collection is still running; using process-only fallback.] | last click/Left@799,689 (19s ago), fg ? | at FillTextFieldAsync: skipped, might already be in-game (10s ago)
2026-06-25 16:27:57Z hc1 (D2R_1): frame CharacterScreen (22s ago) [degraded: UI command is active; using process-only status so diagnostics cannot starve menu input.] | last click/Left@952,269 (11s ago), fg ? | at ClickMenuEntryButtonUntilEnteredGameAsync: entry grace elapsed (iteration 31), blind re-clicking entry button (2s ago)
2026-06-25 16:27:57Z hc2 (D2R_2): frame CharacterMenu (18s ago) [degraded: Detailed status collection is still running; using process-only fallback.] | last click/Left@799,689 (16s ago), fg ? | at FillTextFieldAsync: skipped, might already be in-game (7s ago)
2026-06-25 16:27:57Z hc3 (D2R_3): frame CharacterScreen (23s ago) [degraded: Detailed status collection is still running; using process-only fallback.] | last click/Left@799,689 (21s ago), fg ? | at FillTextFieldAsync: skipped, might already be in-game (12s ago)
2026-06-25 16:28:00Z hc1 (D2R_1): frame CharacterScreen (25s ago) [degraded: UI command is active; using process-only status so diagnostics cannot starve menu input.] | last click/Left@952,269 (13s ago), fg ? | at ClickMenuEntryButtonUntilEnteredGameAsync: loop iteration 41, waiting entry grace before HUD check (0s ago)
2026-06-25 16:28:00Z hc2 (D2R_2): frame CharacterMenu (21s ago) [degraded: Detailed status collection is still running; using process-only fallback.] | last click/Left@799,689 (19s ago), fg ? | at FillTextFieldAsync: skipped, might already be in-game (10s ago)
2026-06-25 16:28:00Z hc3 (D2R_3): frame CharacterScreen (25s ago) [degraded: Detailed status collection is still running; using process-only fallback.] | last click/Left@799,689 (23s ago), fg ? | at FillTextFieldAsync: skipped, might already be in-game (14s ago)
2026-06-25 16:28:02Z hc1 (D2R_1): frame CharacterScreen (27s ago) [degraded: UI command is active; using process-only status so diagnostics cannot starve menu input.] | last click/Left@952,269 (15s ago), fg ? | at ClickMenuEntryButtonUntilEnteredGameAsync: loop iteration 53, waiting entry grace before HUD check (0s ago)
2026-06-25 16:28:02Z hc2 (D2R_2): frame CharacterMenu (23s ago) [degraded: Detailed status collection is still running; using process-only fallback.] | last click/Left@799,689 (21s ago), fg ? | at FillTextFieldAsync: skipped, might already be in-game (12s ago)
2026-06-25 16:28:02Z hc3 (D2R_3): frame CharacterScreen (28s ago) [degraded: Detailed status collection is still running; using process-only fallback.] | last click/Left@799,689 (26s ago), fg ? | at FillTextFieldAsync: skipped, might already be in-game (17s ago)
2026-06-25 16:28:04Z hc1 (D2R_1): frame CharacterScreen (29s ago) [degraded: UI command is active; using process-only status so diagnostics cannot starve menu input.] | last click/Left@952,269 (18s ago), fg ? | at ClickMenuEntryButtonUntilEnteredGameAsync: loop iteration 62: sampling process-relative HUD (0s ago)
2026-06-25 16:28:04Z hc2 (D2R_2): frame CharacterMenu (25s ago) [degraded: Detailed status collection is still running; using process-only fallback.] | last click/Left@799,689 (23s ago), fg ? | at FillTextFieldAsync: skipped, might already be in-game (14s ago)
2026-06-25 16:28:04Z hc3 (D2R_3): frame CharacterScreen (30s ago) [degraded: Detailed status collection is still running; using process-only fallback.] | last click/Left@799,689 (28s ago), fg ? | at FillTextFieldAsync: skipped, might already be in-game (19s ago)
2026-06-25 16:28:07Z hc1 (D2R_1): frame CharacterScreen (32s ago) [degraded: UI command is active; using process-only status so diagnostics cannot starve menu input.] | last click/Left@952,269 (20s ago), fg ? | at ClickMenuEntryButtonUntilEnteredGameAsync: loop iteration 62: sampling process-relative HUD (2s ago)
2026-06-25 16:28:07Z hc2 (D2R_2): frame CharacterMenu (27s ago) [degraded: Detailed status collection is still running; using process-only fallback.] | last click/Left@799,689 (26s ago), fg ? | at FillTextFieldAsync: skipped, might already be in-game (17s ago)
2026-06-25 16:28:07Z hc3 (D2R_3): frame CharacterScreen (32s ago) [degraded: Detailed status collection is still running; using process-only fallback.] | last click/Left@799,689 (30s ago), fg ? | at FillTextFieldAsync: skipped, might already be in-game (21s ago)
2026-06-25 16:28:09Z hc1 (D2R_1): frame CharacterScreen (34s ago) [degraded: UI command is active; using process-only status so diagnostics cannot starve menu input.] | last click/Left@952,269 (22s ago), fg ? | at ClickMenuEntryButtonUntilEnteredGameAsync: loop iteration 62: sampling process-relative HUD (5s ago)
2026-06-25 16:28:09Z hc2 (D2R_2): frame CharacterMenu (30s ago) [degraded: Detailed status collection is still running; using process-only fallback.] | last click/Left@799,689 (28s ago), fg ? | at FillTextFieldAsync: skipped, might already be in-game (19s ago)
2026-06-25 16:28:09Z hc3 (D2R_3): frame CharacterScreen (34s ago) [degraded: Detailed status collection is still running; using process-only fallback.] | last click/Left@799,689 (33s ago), fg ? | at FillTextFieldAsync: skipped, might already be in-game (24s ago)
2026-06-25 16:28:11Z hc1 (D2R_1): frame CharacterScreen (36s ago) [degraded: UI command is active; using process-only status so diagnostics cannot starve menu input.] | last click/Left@952,269 (24s ago), fg ? | at ClickMenuEntryButtonUntilEnteredGameAsync: loop iteration 62: sampling process-relative HUD (7s ago)
2026-06-25 16:28:11Z hc2 (D2R_2): frame CharacterMenu (32s ago) [degraded: Detailed status collection is still running; using process-only fallback.] | last click/Left@799,689 (30s ago), fg ? | at FillTextFieldAsync: skipped, might already be in-game (21s ago)
2026-06-25 16:28:11Z hc3 (D2R_3): frame CharacterScreen (37s ago) [degraded: Detailed status collection is still running; using process-only fallback.] | last click/Left@799,689 (35s ago), fg ? | at FillTextFieldAsync: skipped, might already be in-game (26s ago)
2026-06-25 16:28:14Z hc1 (D2R_1): frame CharacterScreen (39s ago) [degraded: UI command is active; using process-only status so diagnostics cannot starve menu input.] | last click/Left@952,269 (27s ago), fg ? | at ClickMenuEntryButtonUntilEnteredGameAsync: loop iteration 62: sampling process-relative HUD (9s ago)
2026-06-25 16:28:14Z hc2 (D2R_2): frame CharacterMenu (34s ago) [degraded: Detailed status collection is still running; using process-only fallback.] | last click/Left@799,689 (33s ago), fg ? | at FillTextFieldAsync: skipped, might already be in-game (24s ago)
2026-06-25 16:28:14Z hc3 (D2R_3): frame CharacterScreen (39s ago) [degraded: Detailed status collection is still running; using process-only fallback.] | last click/Left@799,689 (37s ago), fg ? | at FillTextFieldAsync: skipped, might already be in-game (28s ago)
2026-06-25 16:28:16Z hc1 (D2R_1): frame CharacterScreen (41s ago) [degraded: UI command is active; using process-only status so diagnostics cannot starve menu input.] | last click/Left@952,269 (29s ago), fg ? | at ClickMenuEntryButtonUntilEnteredGameAsync: loop iteration 62: sampling process-relative HUD (12s ago)
2026-06-25 16:28:16Z hc2 (D2R_2): frame CharacterMenu (37s ago) [degraded: Detailed status collection is still running; using process-only fallback.] | last click/Left@799,689 (35s ago), fg ? | at FillTextFieldAsync: skipped, might already be in-game (26s ago)
2026-06-25 16:28:16Z hc3 (D2R_3): frame CharacterScreen (41s ago) [degraded: Detailed status collection is still running; using process-only fallback.] | last click/Left@799,689 (40s ago), fg ? | at FillTextFieldAsync: skipped, might already be in-game (31s ago)
2026-06-25 16:28:18Z hc1 (D2R_1): frame CharacterScreen (43s ago) [degraded: UI command is active; using process-only status so diagnostics cannot starve menu input.] | last click/Left@952,269 (31s ago), fg ? | at ClickMenuEntryButtonUntilEnteredGameAsync: loop iteration 62: sampling process-relative HUD (14s ago)
2026-06-25 16:28:18Z hc2 (D2R_2): frame CharacterMenu (39s ago) [degraded: Detailed status collection is still running; using process-only fallback.] | last click/Left@799,689 (37s ago), fg ? | at FillTextFieldAsync: skipped, might already be in-game (28s ago)
2026-06-25 16:28:18Z hc3 (D2R_3): frame CharacterScreen (44s ago) [degraded: Detailed status collection is still running; using process-only fallback.] | last click/Left@799,689 (42s ago), fg ? | at FillTextFieldAsync: skipped, might already be in-game (33s ago)
2026-06-25 16:28:21Z hc1 (D2R_1): frame CharacterScreen (46s ago) [degraded: UI command is active; using process-only status so diagnostics cannot starve menu input.] | last click/Left@952,269 (34s ago), fg ? | at ClickMenuEntryButtonUntilEnteredGameAsync: loop iteration 62: sampling process-relative HUD (16s ago)
2026-06-25 16:28:21Z hc2 (D2R_2): frame CharacterMenu (41s ago) [degraded: Detailed status collection is still running; using process-only fallback.] | last click/Left@799,689 (40s ago), fg ? | at FillTextFieldAsync: skipped, might already be in-game (31s ago)
2026-06-25 16:28:21Z hc3 (D2R_3): frame CharacterScreen (46s ago) [degraded: Detailed status collection is still running; using process-only fallback.] | last click/Left@799,689 (44s ago), fg ? | at FillTextFieldAsync: skipped, might already be in-game (35s ago)
2026-06-25 16:28:23Z hc1 (D2R_1): frame CharacterScreen (48s ago) [degraded: UI command is active; using process-only status so diagnostics cannot starve menu input.] | last click/Left@952,269 (36s ago), fg ? | at ClickMenuEntryButtonUntilEnteredGameAsync: loop iteration 62: sampling process-relative HUD (19s ago)
2026-06-25 16:28:23Z hc2 (D2R_2): frame CharacterMenu (44s ago) [degraded: Detailed status collection is still running; using process-only fallback.] | last click/Left@799,689 (42s ago), fg ? | at FillTextFieldAsync: skipped, might already be in-game (33s ago)
2026-06-25 16:28:23Z hc3 (D2R_3): frame CharacterScreen (48s ago) [degraded: Detailed status collection is still running; using process-only fallback.] | last click/Left@799,689 (47s ago), fg ? | at FillTextFieldAsync: skipped, might already be in-game (38s ago)
2026-06-25 16:28:25Z hc1 (D2R_1): frame CharacterScreen (50s ago) [degraded: UI command is active; using process-only status so diagnostics cannot starve menu input.] | last click/Left@952,269 (39s ago), fg ? | at ClickMenuEntryButtonUntilEnteredGameAsync: loop iteration 62: sampling process-relative HUD (21s ago)
2026-06-25 16:28:25Z hc2 (D2R_2): frame CharacterMenu (46s ago) [degraded: Detailed status collection is still running; using process-only fallback.] | last click/Left@799,689 (44s ago), fg ? | at FillTextFieldAsync: skipped, might already be in-game (35s ago)
2026-06-25 16:28:25Z hc3 (D2R_3): frame CharacterScreen (51s ago) [degraded: Detailed status collection is still running; using process-only fallback.] | last click/Left@799,689 (49s ago), fg ? | at FillTextFieldAsync: skipped, might already be in-game (40s ago)
2026-06-25 16:28:28Z hc1 (D2R_1): frame CharacterScreen (53s ago) [degraded: UI command is active; using process-only status so diagnostics cannot starve menu input.] | last click/Left@952,269 (41s ago), fg ? | at ClickMenuEntryButtonUntilEnteredGameAsync: loop iteration 62: sampling process-relative HUD (23s ago)
2026-06-25 16:28:28Z hc2 (D2R_2): frame CharacterMenu (48s ago) [degraded: Detailed status collection is still running; using process-only fallback.] | last click/Left@799,689 (47s ago), fg ? | at FillTextFieldAsync: skipped, might already be in-game (38s ago)
2026-06-25 16:28:28Z hc3 (D2R_3): frame CharacterScreen (53s ago) [degraded: Detailed status collection is still running; using process-only fallback.] | last click/Left@799,689 (51s ago), fg ? | at FillTextFieldAsync: skipped, might already be in-game (42s ago)
2026-06-25 16:28:30Z hc1 (D2R_1): frame CharacterScreen (55s ago) [degraded: UI command is active; using process-only status so diagnostics cannot starve menu input.] | last click/Left@952,269 (43s ago), fg ? | at ClickMenuEntryButtonUntilEnteredGameAsync: loop iteration 62: sampling process-relative HUD (26s ago)
2026-06-25 16:28:30Z hc2 (D2R_2): frame CharacterMenu (51s ago) [degraded: Detailed status collection is still running; using process-only fallback.] | last click/Left@799,689 (49s ago), fg ? | at FillTextFieldAsync: skipped, might already be in-game (40s ago)
2026-06-25 16:28:30Z hc3 (D2R_3): frame CharacterScreen (55s ago) [degraded: Detailed status collection is still running; using process-only fallback.] | last click/Left@799,689 (54s ago), fg ? | at FillTextFieldAsync: skipped, might already be in-game (45s ago)
2026-06-25 16:28:32Z hc1 (D2R_1): frame CharacterScreen (57s ago) [degraded: UI command is active; using process-only status so diagnostics cannot starve menu input.] | last click/Left@952,269 (45s ago), fg ? | at ClickMenuEntryButtonUntilEnteredGameAsync: loop iteration 62: sampling process-relative HUD (28s ago)
2026-06-25 16:28:32Z hc2 (D2R_2): frame CharacterMenu (53s ago) [degraded: Detailed status collection is still running; using process-only fallback.] | last click/Left@799,689 (51s ago), fg ? | at FillTextFieldAsync: skipped, might already be in-game (42s ago)
2026-06-25 16:28:32Z hc3 (D2R_3): frame CharacterScreen (58s ago) [degraded: Detailed status collection is still running; using process-only fallback.] | last click/Left@799,689 (56s ago), fg ? | at FillTextFieldAsync: skipped, might already be in-game (47s ago)
2026-06-25 16:28:34Z hc1 (D2R_1): frame CharacterScreen (1m0s ago) [degraded: UI command is active; using process-only status so diagnostics cannot starve menu input.] | last click/Left@952,269 (48s ago), fg ? | at ClickMenuEntryButtonUntilEnteredGameAsync: loop iteration 62: sampling process-relative HUD (30s ago)
2026-06-25 16:28:34Z hc2 (D2R_2): frame CharacterMenu (55s ago) [degraded: Detailed status collection is still running; using process-only fallback.] | last click/Left@799,689 (54s ago), fg ? | at FillTextFieldAsync: skipped, might already be in-game (44s ago)
2026-06-25 16:28:34Z hc3 (D2R_3): frame CharacterScreen (1m0s ago) [degraded: Detailed status collection is still running; using process-only fallback.] | last click/Left@799,689 (58s ago), fg ? | at FillTextFieldAsync: skipped, might already be in-game (49s ago)
2026-06-25 16:28:37Z hc1 (D2R_1): frame CharacterScreen (1m2s ago) [degraded: UI command is active; using process-only status so diagnostics cannot starve menu input.] | last click/Left@952,269 (50s ago), fg ? | at ClickMenuEntryButtonUntilEnteredGameAsync: loop iteration 62: sampling process-relative HUD (33s ago)
2026-06-25 16:28:37Z hc2 (D2R_2): frame CharacterMenu (58s ago) [degraded: Detailed status collection is still running; using process-only fallback.] | last click/Left@799,689 (56s ago), fg ? | at FillTextFieldAsync: skipped, might already be in-game (47s ago)
2026-06-25 16:28:37Z hc3 (D2R_3): frame CharacterScreen (1m2s ago) [degraded: Detailed status collection is still running; using process-only fallback.] | last click/Left@799,689 (1m0s ago), fg ? | at FillTextFieldAsync: skipped, might already be in-game (51s ago)
2026-06-25 16:28:39Z hc1 (D2R_1): frame CharacterScreen (1m4s ago) [degraded: UI command is active; using process-only status so diagnostics cannot starve menu input.] | last click/Left@952,269 (52s ago), fg ? | at ClickMenuEntryButtonUntilEnteredGameAsync: loop iteration 62: sampling process-relative HUD (35s ago)
2026-06-25 16:28:39Z hc2 (D2R_2): frame CharacterMenu (1m0s ago) [degraded: Detailed status collection is still running; using process-only fallback.] | last click/Left@799,689 (58s ago), fg ? | at FillTextFieldAsync: skipped, might already be in-game (49s ago)
2026-06-25 16:28:39Z hc3 (D2R_3): frame CharacterScreen (1m4s ago) [degraded: Detailed status collection is still running; using process-only fallback.] | last click/Left@799,689 (1m3s ago), fg ? | at FillTextFieldAsync: skipped, might already be in-game (54s ago)
2026-06-25 16:28:41Z hc1 (D2R_1): frame CharacterScreen (1m6s ago) [degraded: UI command is active; using process-only status so diagnostics cannot starve menu input.] | last click/Left@952,269 (54s ago), fg ? | at ClickMenuEntryButtonUntilEnteredGameAsync: loop iteration 62: sampling process-relative HUD (37s ago)
2026-06-25 16:28:41Z hc2 (D2R_2): frame CharacterMenu (1m2s ago) [degraded: Detailed status collection is still running; using process-only fallback.] | last click/Left@799,689 (1m0s ago), fg ? | at FillTextFieldAsync: skipped, might already be in-game (51s ago)
2026-06-25 16:28:41Z hc3 (D2R_3): frame CharacterScreen (1m7s ago) [degraded: Detailed status collection is still running; using process-only fallback.] | last click/Left@799,689 (1m5s ago), fg ? | at FillTextFieldAsync: skipped, might already be in-game (56s ago)
2026-06-25 16:28:43Z hc1 (D2R_1): frame CharacterScreen (1m9s ago) [degraded: UI command is active; using process-only status so diagnostics cannot starve menu input.] | last click/Left@952,269 (57s ago), fg ? | at ClickMenuEntryButtonUntilEnteredGameAsync: loop iteration 62: sampling process-relative HUD (39s ago)
2026-06-25 16:28:43Z hc2 (D2R_2): frame CharacterMenu (1m4s ago) [degraded: Detailed status collection is still running; using process-only fallback.] | last click/Left@799,689 (1m3s ago), fg ? | at FillTextFieldAsync: skipped, might already be in-game (54s ago)
2026-06-25 16:28:43Z hc3 (D2R_3): frame CharacterScreen (1m9s ago) [degraded: Detailed status collection is still running; using process-only fallback.] | last click/Left@799,689 (1m7s ago), fg ? | at FillTextFieldAsync: skipped, might already be in-game (58s ago)
2026-06-25 16:28:46Z hc1 (D2R_1): frame CharacterScreen (1m11s ago) [degraded: UI command is active; using process-only status so diagnostics cannot starve menu input.] | last click/Left@952,269 (59s ago), fg ? | at ClickMenuEntryButtonUntilEnteredGameAsync: loop iteration 62: sampling process-relative HUD (42s ago)
2026-06-25 16:28:46Z hc2 (D2R_2): frame CharacterMenu (1m7s ago) [degraded: Detailed status collection is still running; using process-only fallback.] | last click/Left@799,689 (1m5s ago), fg ? | at FillTextFieldAsync: skipped, might already be in-game (56s ago)
2026-06-25 16:28:46Z hc3 (D2R_3): frame CharacterScreen (1m11s ago) [degraded: Detailed status collection is still running; using process-only fallback.] | last click/Left@799,689 (1m9s ago), fg ? | at FillTextFieldAsync: skipped, might already be in-game (1m0s ago)
2026-06-25 16:28:48Z hc1 (D2R_1): frame CharacterScreen (1m13s ago) [degraded: UI command is active; using process-only status so diagnostics cannot starve menu input.] | last click/Left@952,269 (1m1s ago), fg ? | at ClickMenuEntryButtonUntilEnteredGameAsync: loop iteration 62: sampling process-relative HUD (44s ago)
2026-06-25 16:28:48Z hc2 (D2R_2): frame CharacterMenu (1m9s ago) [degraded: Detailed status collection is still running; using process-only fallback.] | last click/Left@799,689 (1m7s ago), fg ? | at FillTextFieldAsync: skipped, might already be in-game (58s ago)
2026-06-25 16:28:48Z hc3 (D2R_3): frame CharacterScreen (1m14s ago) [degraded: Detailed status collection is still running; using process-only fallback.] | last click/Left@799,689 (1m12s ago), fg ? | at FillTextFieldAsync: skipped, might already be in-game (1m3s ago)
2026-06-25 16:28:50Z hc1 (D2R_1): frame CharacterScreen (1m16s ago) [degraded: UI command is active; using process-only status so diagnostics cannot starve menu input.] | last click/Left@952,269 (1m4s ago), fg ? | at ClickMenuEntryButtonUntilEnteredGameAsync: loop iteration 62: sampling process-relative HUD (46s ago)
2026-06-25 16:28:50Z hc2 (D2R_2): frame CharacterMenu (1m11s ago) [degraded: Detailed status collection is still running; using process-only fallback.] | last click/Left@799,689 (1m9s ago), fg ? | at FillTextFieldAsync: skipped, might already be in-game (1m0s ago)
2026-06-25 16:28:50Z hc3 (D2R_3): frame CharacterScreen (1m16s ago) [degraded: Detailed status collection is still running; using process-only fallback.] | last click/Left@799,689 (1m14s ago), fg ? | at FillTextFieldAsync: skipped, might already be in-game (1m5s ago)
2026-06-25 16:28:53Z hc1 (D2R_1): frame CharacterScreen (1m18s ago) [degraded: UI command is active; using process-only status so diagnostics cannot starve menu input.] | last click/Left@952,269 (1m6s ago), fg ? | at ClickMenuEntryButtonUntilEnteredGameAsync: loop iteration 62: sampling process-relative HUD (48s ago)
2026-06-25 16:28:53Z hc2 (D2R_2): frame CharacterMenu (1m14s ago) [degraded: Detailed status collection is still running; using process-only fallback.] | last click/Left@799,689 (1m12s ago), fg ? | at FillTextFieldAsync: skipped, might already be in-game (1m3s ago)
2026-06-25 16:28:53Z hc3 (D2R_3): frame CharacterScreen (1m18s ago) [degraded: Detailed status collection is still running; using process-only fallback.] | last click/Left@799,689 (1m16s ago), fg ? | at FillTextFieldAsync: skipped, might already be in-game (1m7s ago)
2026-06-25 16:28:55Z hc1 (D2R_1): frame CharacterScreen (1m20s ago) [degraded: UI command is active; using process-only status so diagnostics cannot starve menu input.] | last click/Left@952,269 (1m8s ago), fg ? | at ClickMenuEntryButtonUntilEnteredGameAsync: loop iteration 62: sampling process-relative HUD (51s ago)
2026-06-25 16:28:55Z hc2 (D2R_2): frame CharacterMenu (1m16s ago) [degraded: Detailed status collection is still running; using process-only fallback.] | last click/Left@799,689 (1m14s ago), fg ? | at FillTextFieldAsync: skipped, might already be in-game (1m5s ago)
2026-06-25 16:28:55Z hc3 (D2R_3): frame CharacterScreen (1m20s ago) [degraded: Detailed status collection is still running; using process-only fallback.] | last click/Left@799,689 (1m19s ago), fg ? | at FillTextFieldAsync: skipped, might already be in-game (1m10s ago)
2026-06-25 16:28:57Z hc1 (D2R_1): frame CharacterScreen (1m22s ago) [degraded: UI command is active; using process-only status so diagnostics cannot starve menu input.] | last click/Left@952,269 (1m10s ago), fg ? | at ClickMenuEntryButtonUntilEnteredGameAsync: loop iteration 62: sampling process-relative HUD (53s ago)
2026-06-25 16:28:57Z hc2 (D2R_2): frame CharacterMenu (1m18s ago) [degraded: Detailed status collection is still running; using process-only fallback.] | last click/Left@799,689 (1m16s ago), fg ? | at FillTextFieldAsync: skipped, might already be in-game (1m7s ago)
2026-06-25 16:28:57Z hc3 (D2R_3): frame CharacterScreen (1m23s ago) [degraded: Detailed status collection is still running; using process-only fallback.] | last click/Left@799,689 (1m21s ago), fg ? | at FillTextFieldAsync: skipped, might already be in-game (1m12s ago)
2026-06-25 16:28:59Z hc1 (D2R_1): frame CharacterScreen (1m25s ago) [degraded: UI command is active; using process-only status so diagnostics cannot starve menu input.] | last click/Left@952,269 (1m13s ago), fg ? | at ClickMenuEntryButtonUntilEnteredGameAsync: loop iteration 62: sampling process-relative HUD (55s ago)
2026-06-25 16:28:59Z hc2 (D2R_2): frame CharacterMenu (1m20s ago) [degraded: Detailed status collection is still running; using process-only fallback.] | last click/Left@799,689 (1m19s ago), fg ? | at FillTextFieldAsync: skipped, might already be in-game (1m9s ago)
2026-06-25 16:28:59Z hc3 (D2R_3): frame CharacterScreen (1m25s ago) [degraded: Detailed status collection is still running; using process-only fallback.] | last click/Left@799,689 (1m23s ago), fg ? | at FillTextFieldAsync: skipped, might already be in-game (1m14s ago)
2026-06-25 16:29:02Z hc1 (D2R_1): frame CharacterScreen (1m27s ago) [degraded: UI command is active; using process-only status so diagnostics cannot starve menu input.] | last click/Left@952,269 (1m15s ago), fg ? | at ClickMenuEntryButtonUntilEnteredGameAsync: loop iteration 62: sampling process-relative HUD (58s ago)
2026-06-25 16:29:02Z hc2 (D2R_2): frame CharacterMenu (1m23s ago) [degraded: Detailed status collection is still running; using process-only fallback.] | last click/Left@799,689 (1m21s ago), fg ? | at FillTextFieldAsync: skipped, might already be in-game (1m12s ago)
2026-06-25 16:29:02Z hc3 (D2R_3): frame CharacterScreen (1m27s ago) [degraded: Detailed status collection is still running; using process-only fallback.] | last click/Left@799,689 (1m25s ago), fg ? | at FillTextFieldAsync: skipped, might already be in-game (1m16s ago)
2026-06-25 16:29:04Z hc1 (D2R_1): frame CharacterScreen (1m29s ago) [degraded: UI command is active; using process-only status so diagnostics cannot starve menu input.] | last click/Left@952,269 (1m17s ago), fg ? | at ClickMenuEntryButtonUntilEnteredGameAsync: loop iteration 62: sampling process-relative HUD (1m0s ago)
2026-06-25 16:29:04Z hc2 (D2R_2): frame CharacterMenu (1m25s ago) [degraded: Detailed status collection is still running; using process-only fallback.] | last click/Left@799,689 (1m23s ago), fg ? | at FillTextFieldAsync: skipped, might already be in-game (1m14s ago)
2026-06-25 16:29:04Z hc3 (D2R_3): frame CharacterScreen (1m30s ago) [degraded: Detailed status collection is still running; using process-only fallback.] | last click/Left@799,689 (1m28s ago), fg ? | at FillTextFieldAsync: skipped, might already be in-game (1m19s ago)
2026-06-25 16:29:06Z hc1 (D2R_1): frame CharacterScreen (1m31s ago) [degraded: UI command is active; using process-only status so diagnostics cannot starve menu input.] | last click/Left@952,269 (1m20s ago), fg ? | at ClickMenuEntryButtonUntilEnteredGameAsync: loop iteration 62: sampling process-relative HUD (1m2s ago)
2026-06-25 16:29:06Z hc2 (D2R_2): frame CharacterMenu (1m27s ago) [degraded: Detailed status collection is still running; using process-only fallback.] | last click/Left@799,689 (1m25s ago), fg ? | at FillTextFieldAsync: skipped, might already be in-game (1m16s ago)
2026-06-25 16:29:06Z hc3 (D2R_3): frame CharacterScreen (1m32s ago) [degraded: Detailed status collection is still running; using process-only fallback.] | last click/Left@799,689 (1m30s ago), fg ? | at FillTextFieldAsync: skipped, might already be in-game (1m21s ago)
2026-06-25 16:29:09Z hc1 (D2R_1): frame CharacterScreen (1m34s ago) [degraded: UI command is active; using process-only status so diagnostics cannot starve menu input.] | last click/Left@952,269 (1m22s ago), fg ? | at ClickMenuEntryButtonUntilEnteredGameAsync: loop iteration 62: sampling process-relative HUD (1m4s ago)
2026-06-25 16:29:09Z hc2 (D2R_2): frame CharacterMenu (1m29s ago) [degraded: Detailed status collection is still running; using process-only fallback.] | last click/Left@799,689 (1m28s ago), fg ? | at FillTextFieldAsync: skipped, might already be in-game (1m19s ago)
2026-06-25 16:29:09Z hc3 (D2R_3): frame CharacterScreen (1m34s ago) [degraded: Detailed status collection is still running; using process-only fallback.] | last click/Left@799,689 (1m32s ago), fg ? | at FillTextFieldAsync: skipped, might already be in-game (1m23s ago)
2026-06-25 16:29:11Z hc1 (D2R_1): frame CharacterScreen (1m36s ago) [degraded: UI command is active; using process-only status so diagnostics cannot starve menu input.] | last click/Left@952,269 (1m24s ago), fg ? | at ClickMenuEntryButtonUntilEnteredGameAsync: loop iteration 62: sampling process-relative HUD (1m7s ago)
2026-06-25 16:29:11Z hc2 (D2R_2): frame CharacterMenu (1m32s ago) [degraded: Detailed status collection is still running; using process-only fallback.] | last click/Left@799,689 (1m30s ago), fg ? | at FillTextFieldAsync: skipped, might already be in-game (1m21s ago)
2026-06-25 16:29:11Z hc3 (D2R_3): frame CharacterScreen (1m37s ago) [degraded: Detailed status collection is still running; using process-only fallback.] | last click/Left@799,689 (1m35s ago), fg ? | at FillTextFieldAsync: skipped, might already be in-game (1m26s ago)
2026-06-25 16:29:13Z hc1 (D2R_1): frame CharacterScreen (1m39s ago) [degraded: UI command is active; using process-only status so diagnostics cannot starve menu input.] | last click/Left@952,269 (1m27s ago), fg ? | at ClickMenuEntryButtonUntilEnteredGameAsync: loop iteration 62: sampling process-relative HUD (1m9s ago)
2026-06-25 16:29:13Z hc2 (D2R_2): frame CharacterMenu (1m34s ago) [degraded: Detailed status collection is still running; using process-only fallback.] | last click/Left@799,689 (1m33s ago), fg ? | at FillTextFieldAsync: skipped, might already be in-game (1m23s ago)
2026-06-25 16:29:13Z hc3 (D2R_3): frame CharacterScreen (1m39s ago) [degraded: Detailed status collection is still running; using process-only fallback.] | last click/Left@799,689 (1m37s ago), fg ? | at FillTextFieldAsync: skipped, might already be in-game (1m28s ago)
2026-06-25 16:29:16Z hc1 (D2R_1): frame CharacterScreen (1m41s ago) [degraded: UI command is active; using process-only status so diagnostics cannot starve menu input.] | last click/Left@952,269 (1m29s ago), fg ? | at ClickMenuEntryButtonUntilEnteredGameAsync: loop iteration 62: sampling process-relative HUD (1m12s ago)
2026-06-25 16:29:16Z hc2 (D2R_2): frame CharacterMenu (1m37s ago) [degraded: Detailed status collection is still running; using process-only fallback.] | last click/Left@799,689 (1m35s ago), fg ? | at FillTextFieldAsync: skipped, might already be in-game (1m26s ago)
2026-06-25 16:29:16Z hc3 (D2R_3): frame CharacterScreen (1m41s ago) [degraded: Detailed status collection is still running; using process-only fallback.] | last click/Left@799,689 (1m39s ago), fg ? | at FillTextFieldAsync: skipped, might already be in-game (1m30s ago)
2026-06-25 16:29:18Z hc1 (D2R_1): frame CharacterScreen (1m43s ago) [degraded: UI command is active; using process-only status so diagnostics cannot starve menu input.] | last click/Left@952,269 (1m31s ago), fg ? | at ClickMenuEntryButtonUntilEnteredGameAsync: loop iteration 62: sampling process-relative HUD (1m14s ago)
2026-06-25 16:29:18Z hc2 (D2R_2): frame CharacterMenu (1m39s ago) [degraded: Detailed status collection is still running; using process-only fallback.] | last click/Left@799,689 (1m37s ago), fg ? | at FillTextFieldAsync: skipped, might already be in-game (1m28s ago)
2026-06-25 16:29:18Z hc3 (D2R_3): frame CharacterScreen (1m43s ago) [degraded: Detailed status collection is still running; using process-only fallback.] | last click/Left@799,689 (1m42s ago), fg ? | at FillTextFieldAsync: skipped, might already be in-game (1m33s ago)
2026-06-25 16:29:20Z hc1 (D2R_1): frame CharacterScreen (1m45s ago) [degraded: UI command is active; using process-only status so diagnostics cannot starve menu input.] | last click/Left@952,269 (1m33s ago), fg ? | at ClickMenuEntryButtonUntilEnteredGameAsync: loop iteration 62: sampling process-relative HUD (1m16s ago)
2026-06-25 16:29:20Z hc2 (D2R_2): frame CharacterMenu (1m41s ago) [degraded: Detailed status collection is still running; using process-only fallback.] | last click/Left@799,689 (1m39s ago), fg ? | at FillTextFieldAsync: skipped, might already be in-game (1m30s ago)
2026-06-25 16:29:20Z hc3 (D2R_3): frame CharacterScreen (1m46s ago) [degraded: Detailed status collection is still running; using process-only fallback.] | last click/Left@799,689 (1m44s ago), fg ? | at FillTextFieldAsync: skipped, might already be in-game (1m35s ago)
2026-06-25 16:29:22Z hc1 (D2R_1): frame CharacterScreen (1m48s ago) [degraded: UI command is active; using process-only status so diagnostics cannot starve menu input.] | last click/Left@952,269 (1m36s ago), fg ? | at ClickMenuEntryButtonUntilEnteredGameAsync: loop iteration 62: sampling process-relative HUD (1m18s ago)
2026-06-25 16:29:22Z hc2 (D2R_2): frame CharacterMenu (1m43s ago) [degraded: Detailed status collection is still running; using process-only fallback.] | last click/Left@799,689 (1m42s ago), fg ? | at FillTextFieldAsync: skipped, might already be in-game (1m33s ago)
2026-06-25 16:29:22Z hc3 (D2R_3): frame CharacterScreen (1m48s ago) [degraded: Detailed status collection is still running; using process-only fallback.] | last click/Left@799,689 (1m46s ago), fg ? | at FillTextFieldAsync: skipped, might already be in-game (1m37s ago)
2026-06-25 16:29:25Z hc1 (D2R_1): frame CharacterScreen (1m50s ago) [degraded: UI command is active; using process-only status so diagnostics cannot starve menu input.] | last click/Left@952,269 (1m38s ago), fg ? | at ClickMenuEntryButtonUntilEnteredGameAsync: loop iteration 62: sampling process-relative HUD (1m21s ago)
2026-06-25 16:29:25Z hc2 (D2R_2): frame CharacterMenu (1m46s ago) [degraded: Detailed status collection is still running; using process-only fallback.] | last click/Left@799,689 (1m44s ago), fg ? | at FillTextFieldAsync: skipped, might already be in-game (1m35s ago)
2026-06-25 16:29:25Z hc3 (D2R_3): frame CharacterScreen (1m50s ago) [degraded: Detailed status collection is still running; using process-only fallback.] | last click/Left@799,689 (1m48s ago), fg ? | at FillTextFieldAsync: skipped, might already be in-game (1m39s ago)
2026-06-25 16:29:27Z hc1 (D2R_1): frame CharacterScreen (1m52s ago) [degraded: UI command is active; using process-only status so diagnostics cannot starve menu input.] | last click/Left@952,269 (1m40s ago), fg ? | at ClickMenuEntryButtonUntilEnteredGameAsync: loop iteration 62: sampling process-relative HUD (1m23s ago)
2026-06-25 16:29:27Z hc2 (D2R_2): frame CharacterMenu (1m48s ago) [degraded: Detailed status collection is still running; using process-only fallback.] | last click/Left@799,689 (1m46s ago), fg ? | at FillTextFieldAsync: skipped, might already be in-game (1m37s ago)
2026-06-25 16:29:27Z hc3 (D2R_3): frame CharacterScreen (1m53s ago) [degraded: Detailed status collection is still running; using process-only fallback.] | last click/Left@799,689 (1m51s ago), fg ? | at FillTextFieldAsync: skipped, might already be in-game (1m42s ago)
2026-06-25 16:29:29Z hc1 (D2R_1): frame CharacterScreen (1m55s ago) [degraded: UI command is active; using process-only status so diagnostics cannot starve menu input.] | last click/Left@952,269 (1m43s ago), fg ? | at ClickMenuEntryButtonUntilEnteredGameAsync: loop iteration 62: sampling screen-relative HUD (1s ago)
2026-06-25 16:29:29Z hc2 (D2R_2): frame CharacterMenu (1m50s ago) [degraded: Detailed status collection is still running; using process-only fallback.] | last click/Left@799,689 (1m48s ago), fg ? | at FillTextFieldAsync: skipped, might already be in-game (1m39s ago)
2026-06-25 16:29:29Z hc3 (D2R_3): frame CharacterScreen (1m55s ago) [degraded: Detailed status collection is still running; using process-only fallback.] | last click/Left@799,689 (1m53s ago), fg ? | at FillTextFieldAsync: skipped, might already be in-game (1m44s ago)
2026-06-25 16:29:32Z hc1 (D2R_1): frame CharacterScreen (1m57s ago) [degraded: UI command is active; using process-only status so diagnostics cannot starve menu input.] | last click/Left@952,269 (1m45s ago), fg ? | at ClickMenuEntryButtonUntilEnteredGameAsync: loop iteration 62: sampling screen-relative HUD (4s ago)
2026-06-25 16:29:32Z hc2 (D2R_2): frame CharacterMenu (1m53s ago) [degraded: Detailed status collection is still running; using process-only fallback.] | last click/Left@799,689 (1m51s ago), fg ? | at FillTextFieldAsync: skipped, might already be in-game (1m42s ago)
2026-06-25 16:29:32Z hc3 (D2R_3): frame CharacterScreen (1m57s ago) [degraded: Detailed status collection is still running; using process-only fallback.] | last click/Left@799,689 (1m55s ago), fg ? | at FillTextFieldAsync: skipped, might already be in-game (1m46s ago)
2026-06-25 16:29:34Z hc1 (D2R_1): frame CharacterScreen (1m59s ago) [degraded: UI command is active; using process-only status so diagnostics cannot starve menu input.] | last click/Left@952,269 (1m47s ago), fg ? | at ClickMenuEntryButtonUntilEnteredGameAsync: loop iteration 62: sampling screen-relative HUD (6s ago)
2026-06-25 16:29:34Z hc2 (D2R_2): frame CharacterMenu (1m55s ago) [degraded: Detailed status collection is still running; using process-only fallback.] | last click/Left@799,689 (1m53s ago), fg ? | at FillTextFieldAsync: skipped, might already be in-game (1m44s ago)
2026-06-25 16:29:34Z hc3 (D2R_3): frame CharacterScreen (1m59s ago) [degraded: Detailed status collection is still running; using process-only fallback.] | last click/Left@799,689 (1m58s ago), fg ? | at FillTextFieldAsync: skipped, might already be in-game (1m49s ago)
2026-06-25 16:29:36Z hc1 (D2R_1): frame CharacterScreen (2m1s ago) [degraded: UI command is active; using process-only status so diagnostics cannot starve menu input.] | last click/Left@952,269 (1m49s ago), fg ? | at ClickMenuEntryButtonUntilEnteredGameAsync: loop iteration 62: sampling screen-relative HUD (8s ago)
2026-06-25 16:29:36Z hc2 (D2R_2): frame CharacterMenu (1m57s ago) [degraded: Detailed status collection is still running; using process-only fallback.] | last click/Left@799,689 (1m55s ago), fg ? | at FillTextFieldAsync: skipped, might already be in-game (1m46s ago)
2026-06-25 16:29:36Z hc3 (D2R_3): frame CharacterScreen (2m2s ago) [degraded: Detailed status collection is still running; using process-only fallback.] | last click/Left@799,689 (2m0s ago), fg ? | at FillTextFieldAsync: skipped, might already be in-game (1m51s ago)
2026-06-25 16:29:38Z hc1 (D2R_1): frame CharacterScreen (2m3s ago) [degraded: UI command is active; using process-only status so diagnostics cannot starve menu input.] | last click/Left@952,269 (1m52s ago), fg ? | at ClickMenuEntryButtonUntilEnteredGameAsync: loop iteration 62: sampling screen-relative HUD (10s ago)
2026-06-25 16:29:38Z hc2 (D2R_2): frame CharacterMenu (1m59s ago) [degraded: Detailed status collection is still running; using process-only fallback.] | last click/Left@799,689 (1m57s ago), fg ? | at FillTextFieldAsync: skipped, might already be in-game (1m48s ago)
2026-06-25 16:29:38Z hc3 (D2R_3): frame CharacterScreen (2m4s ago) [degraded: Detailed status collection is still running; using process-only fallback.] | last click/Left@799,689 (2m2s ago), fg ? | at FillTextFieldAsync: skipped, might already be in-game (1m53s ago)
2026-06-25 16:29:41Z hc1 (D2R_1): frame CharacterScreen (2m6s ago) [degraded: UI command is active; using process-only status so diagnostics cannot starve menu input.] | last click/Left@952,269 (1m54s ago), fg ? | at ClickMenuEntryButtonUntilEnteredGameAsync: loop iteration 62: sampling screen-relative HUD (13s ago)
2026-06-25 16:29:41Z hc2 (D2R_2): frame CharacterMenu (2m2s ago) [degraded: Detailed status collection is still running; using process-only fallback.] | last click/Left@799,689 (2m0s ago), fg ? | at FillTextFieldAsync: skipped, might already be in-game (1m51s ago)
2026-06-25 16:29:41Z hc3 (D2R_3): frame CharacterScreen (2m6s ago) [degraded: Detailed status collection is still running; using process-only fallback.] | last click/Left@799,689 (2m4s ago), fg ? | at FillTextFieldAsync: skipped, might already be in-game (1m55s ago)
2026-06-25 16:29:43Z hc1 (D2R_1): frame CharacterScreen (2m8s ago) [degraded: UI command is active; using process-only status so diagnostics cannot starve menu input.] | last click/Left@952,269 (1m56s ago), fg ? | at ClickMenuEntryButtonUntilEnteredGameAsync: loop iteration 62: sampling screen-relative HUD (15s ago)
2026-06-25 16:29:43Z hc2 (D2R_2): frame CharacterMenu (2m4s ago) [degraded: Detailed status collection is still running; using process-only fallback.] | last click/Left@799,689 (2m2s ago), fg ? | at FillTextFieldAsync: skipped, might already be in-game (1m53s ago)
2026-06-25 16:29:43Z hc3 (D2R_3): frame CharacterScreen (2m8s ago) [degraded: Detailed status collection is still running; using process-only fallback.] | last click/Left@799,689 (2m7s ago), fg ? | at FillTextFieldAsync: skipped, might already be in-game (1m57s ago)
2026-06-25 16:29:45Z hc1 (D2R_1): frame CharacterScreen (2m10s ago) [degraded: UI command is active; using process-only status so diagnostics cannot starve menu input.] | last click/Left@952,269 (1m58s ago), fg ? | at ClickMenuEntryButtonUntilEnteredGameAsync: loop iteration 62: sampling screen-relative HUD (17s ago)
2026-06-25 16:29:45Z hc2 (D2R_2): frame CharacterMenu (2m6s ago) [degraded: Detailed status collection is still running; using process-only fallback.] | last click/Left@799,689 (2m4s ago), fg ? | at FillTextFieldAsync: skipped, might already be in-game (1m55s ago)
2026-06-25 16:29:45Z hc3 (D2R_3): frame CharacterScreen (2m11s ago) [degraded: Detailed status collection is still running; using process-only fallback.] | last click/Left@799,689 (2m9s ago), fg ? | at FillTextFieldAsync: skipped, might already be in-game (2m0s ago)
2026-06-25 16:29:47Z hc1 (D2R_1): frame CharacterScreen (2m13s ago) [degraded: UI command is active; using process-only status so diagnostics cannot starve menu input.] | last click/Left@952,269 (2m1s ago), fg ? | at ClickMenuEntryButtonUntilEnteredGameAsync: loop iteration 62: sampling screen-relative HUD (19s ago)
2026-06-25 16:29:47Z hc2 (D2R_2): frame CharacterMenu (2m8s ago) [degraded: Detailed status collection is still running; using process-only fallback.] | last click/Left@799,689 (2m6s ago), fg ? | at FillTextFieldAsync: skipped, might already be in-game (1m57s ago)
2026-06-25 16:29:47Z hc3 (D2R_3): frame CharacterScreen (2m13s ago) [degraded: Detailed status collection is still running; using process-only fallback.] | last click/Left@799,689 (2m11s ago), fg ? | at FillTextFieldAsync: skipped, might already be in-game (2m2s ago)
2026-06-25 16:29:50Z hc1 (D2R_1): frame CharacterScreen (2m15s ago) [degraded: UI command is active; using process-only status so diagnostics cannot starve menu input.] | last click/Left@952,269 (2m3s ago), fg ? | at ClickMenuEntryButtonUntilEnteredGameAsync: loop iteration 62: sampling screen-relative HUD (22s ago)
2026-06-25 16:29:50Z hc2 (D2R_2): frame CharacterMenu (2m11s ago) [degraded: Detailed status collection is still running; using process-only fallback.] | last click/Left@799,689 (2m9s ago), fg ? | at FillTextFieldAsync: skipped, might already be in-game (2m0s ago)
2026-06-25 16:29:50Z hc3 (D2R_3): frame CharacterScreen (2m15s ago) [degraded: Detailed status collection is still running; using process-only fallback.] | last click/Left@799,689 (2m13s ago), fg ? | at FillTextFieldAsync: skipped, might already be in-game (2m4s ago)
2026-06-25 16:29:52Z hc1 (D2R_1): frame CharacterScreen (2m17s ago) [degraded: UI command is active; using process-only status so diagnostics cannot starve menu input.] | last click/Left@952,269 (2m5s ago), fg ? | at ClickMenuEntryButtonUntilEnteredGameAsync: loop iteration 62: sampling screen-relative HUD (24s ago)
2026-06-25 16:29:52Z hc2 (D2R_2): frame CharacterMenu (2m13s ago) [degraded: Detailed status collection is still running; using process-only fallback.] | last click/Left@799,689 (2m11s ago), fg ? | at FillTextFieldAsync: skipped, might already be in-game (2m2s ago)
2026-06-25 16:29:52Z hc3 (D2R_3): frame CharacterScreen (2m18s ago) [degraded: Detailed status collection is still running; using process-only fallback.] | last click/Left@799,689 (2m16s ago), fg ? | at FillTextFieldAsync: skipped, might already be in-game (2m7s ago)
2026-06-25 16:29:54Z hc1 (D2R_1): frame CharacterScreen (2m19s ago) [degraded: UI command is active; using process-only status so diagnostics cannot starve menu input.] | last click/Left@952,269 (2m8s ago), fg ? | at ClickMenuEntryButtonUntilEnteredGameAsync: loop iteration 62: sampling screen-relative HUD (26s ago)
2026-06-25 16:29:54Z hc2 (D2R_2): frame CharacterMenu (2m15s ago) [degraded: Detailed status collection is still running; using process-only fallback.] | last click/Left@799,689 (2m13s ago), fg ? | at FillTextFieldAsync: skipped, might already be in-game (2m4s ago)
2026-06-25 16:29:54Z hc3 (D2R_3): frame CharacterScreen (2m20s ago) [degraded: Detailed status collection is still running; using process-only fallback.] | last click/Left@799,689 (2m18s ago), fg ? | at FillTextFieldAsync: skipped, might already be in-game (2m9s ago)
2026-06-25 16:29:57Z hc1 (D2R_1): frame CharacterScreen (2m22s ago) [degraded: UI command is active; using process-only status so diagnostics cannot starve menu input.] | last click/Left@952,269 (2m10s ago), fg ? | at ClickMenuEntryButtonUntilEnteredGameAsync: loop iteration 62: sampling screen-relative HUD (29s ago)
2026-06-25 16:29:57Z hc2 (D2R_2): frame CharacterMenu (2m18s ago) [degraded: Detailed status collection is still running; using process-only fallback.] | last click/Left@799,689 (2m16s ago), fg ? | at FillTextFieldAsync: skipped, might already be in-game (2m7s ago)
2026-06-25 16:29:57Z hc3 (D2R_3): frame CharacterScreen (2m22s ago) [degraded: Detailed status collection is still running; using process-only fallback.] | last click/Left@799,689 (2m20s ago), fg ? | at FillTextFieldAsync: skipped, might already be in-game (2m11s ago)
2026-06-25 16:29:59Z hc1 (D2R_1): frame CharacterScreen (2m24s ago) [degraded: UI command is active; using process-only status so diagnostics cannot starve menu input.] | last click/Left@952,269 (2m12s ago), fg ? | at ClickMenuEntryButtonUntilEnteredGameAsync: loop iteration 62: sampling screen-relative HUD (31s ago)
2026-06-25 16:29:59Z hc2 (D2R_2): frame CharacterMenu (2m20s ago) [degraded: Detailed status collection is still running; using process-only fallback.] | last click/Left@799,689 (2m18s ago), fg ? | at FillTextFieldAsync: skipped, might already be in-game (2m9s ago)
2026-06-25 16:29:59Z hc3 (D2R_3): frame CharacterScreen (2m24s ago) [degraded: Detailed status collection is still running; using process-only fallback.] | last click/Left@799,689 (2m23s ago), fg ? | at FillTextFieldAsync: skipped, might already be in-game (2m14s ago)
2026-06-25 16:30:01Z hc1 (D2R_1): frame CharacterScreen (2m26s ago) [degraded: UI command is active; using process-only status so diagnostics cannot starve menu input.] | last click/Left@952,269 (2m14s ago), fg ? | at ClickMenuEntryButtonUntilEnteredGameAsync: loop iteration 62: sampling screen-relative HUD (33s ago)
2026-06-25 16:30:01Z hc2 (D2R_2): frame CharacterMenu (2m22s ago) [degraded: Detailed status collection is still running; using process-only fallback.] | last click/Left@799,689 (2m20s ago), fg ? | at FillTextFieldAsync: skipped, might already be in-game (2m11s ago)
2026-06-25 16:30:01Z hc3 (D2R_3): frame CharacterScreen (2m27s ago) [degraded: Detailed status collection is still running; using process-only fallback.] | last click/Left@799,689 (2m25s ago), fg ? | at FillTextFieldAsync: skipped, might already be in-game (2m16s ago)
2026-06-25 16:30:07Z hc1 (D2R_1): frame CharacterScreen (2m29s ago) [degraded: UI command is active; using process-only status so diagnostics cannot starve menu input.] | last click/Left@952,269 (2m17s ago), fg ? | at ClickMenuEntryButtonUntilEnteredGameAsync: loop iteration 62: sampling screen-relative HUD (36s ago)
2026-06-25 16:30:07Z hc2 (D2R_2): frame LobbyOrGame (5s ago) [degraded: Detailed status collection did not return within 4s; using process-only fallback.] | last click/Left@799,689 (2m26s ago), fg ? | at FillTextFieldAsync: skipped, might already be in-game (2m17s ago)
2026-06-25 16:30:07Z hc3 (D2R_3): frame CharacterScreen (2m29s ago) [degraded: Detailed status collection is still running; using process-only fallback.] | last click/Left@799,689 (2m27s ago), fg ? | at FillTextFieldAsync: skipped, might already be in-game (2m18s ago)
2026-06-25 16:30:10Z hc1 (D2R_1): frame CharacterScreen (2m35s ago) [degraded: UI command is active; using process-only status so diagnostics cannot starve menu input.] | last click/Left@952,269 (2m23s ago), fg ? | at ClickMenuEntryButtonUntilEnteredGameAsync: loop iteration 62: sampling screen-relative HUD (42s ago)
2026-06-25 16:30:10Z hc2 (D2R_2): frame LobbyOrGame (7s ago) [degraded: Detailed status collection recently exceeded its budget; using process-only fallback.] | last click/Left@799,689 (2m29s ago), fg ? | at FillTextFieldAsync: skipped, might already be in-game (2m20s ago)
2026-06-25 16:30:10Z hc3 (D2R_3): frame LobbyOrGame (4s ago) [degraded: Detailed status collection is still running; using process-only fallback.] | last click/Left@799,689 (2m33s ago), fg ? | at FillTextFieldAsync: skipped, might already be in-game (2m24s ago)
2026-06-25 16:30:12Z hc1 (D2R_1): frame CharacterScreen (2m37s ago) [degraded: UI command is active; using process-only status so diagnostics cannot starve menu input.] | last click/Left@952,269 (2m25s ago), fg ? | at ClickMenuEntryButtonUntilEnteredGameAsync: loop iteration 62: sampling screen-relative HUD (44s ago)
2026-06-25 16:30:12Z hc2 (D2R_2): frame LobbyOrGame (9s ago) [degraded: Detailed status collection recently exceeded its budget; using process-only fallback.] | last click/Left@799,689 (2m31s ago), fg ? | at FillTextFieldAsync: skipped, might already be in-game (2m22s ago)
2026-06-25 16:30:12Z hc3 (D2R_3): frame LobbyOrGame (7s ago) [degraded: Detailed status collection recently exceeded its budget; using process-only fallback.] | last click/Left@799,689 (2m36s ago), fg ? | at FillTextFieldAsync: skipped, might already be in-game (2m27s ago)
2026-06-25 16:30:14Z hc1 (D2R_1): frame CharacterScreen (2m40s ago) [degraded: UI command is active; using process-only status so diagnostics cannot starve menu input.] | last click/Left@952,269 (2m28s ago), fg ? | at ClickMenuEntryButtonUntilEnteredGameAsync: loop iteration 62: sampling screen-relative HUD (47s ago)
2026-06-25 16:30:14Z hc2 (D2R_2): frame LobbyOrGame (12s ago) [degraded: Detailed status collection recently exceeded its budget; using process-only fallback.] | last click/Left@799,689 (2m33s ago), fg ? | at FillTextFieldAsync: skipped, might already be in-game (2m24s ago)
2026-06-25 16:30:14Z hc3 (D2R_3): frame LobbyOrGame (9s ago) [degraded: Detailed status collection recently exceeded its budget; using process-only fallback.] | last click/Left@799,689 (2m38s ago), fg ? | at FillTextFieldAsync: skipped, might already be in-game (2m29s ago)
2026-06-25 16:30:17Z hc1 (D2R_1): frame CharacterScreen (2m42s ago) [degraded: UI command is active; using process-only status so diagnostics cannot starve menu input.] | last click/Left@952,269 (2m30s ago), fg ? | at ClickMenuEntryButtonUntilEnteredGameAsync: loop iteration 62: sampling screen-relative HUD (49s ago)
2026-06-25 16:30:17Z hc2 (D2R_2): frame LobbyOrGame (14s ago) [degraded: Detailed status collection recently exceeded its budget; using process-only fallback.] | last click/Left@799,689 (2m36s ago), fg ? | at FillTextFieldAsync: skipped, might already be in-game (2m27s ago)
2026-06-25 16:30:17Z hc3 (D2R_3): frame LobbyOrGame (12s ago) [degraded: Detailed status collection recently exceeded its budget; using process-only fallback.] | last click/Left@799,689 (2m40s ago), fg ? | at FillTextFieldAsync: skipped, might already be in-game (2m31s ago)
2026-06-25 16:30:19Z hc1 (D2R_1): frame CharacterScreen (2m44s ago) [degraded: UI command is active; using process-only status so diagnostics cannot starve menu input.] | last click/Left@952,269 (2m32s ago), fg ? | at ClickMenuEntryButtonUntilEnteredGameAsync: loop iteration 62: sampling screen-relative HUD (51s ago)
2026-06-25 16:30:19Z hc2 (D2R_2): frame LobbyOrGame (16s ago) [degraded: Detailed status collection recently exceeded its budget; using process-only fallback.] | last click/Left@799,689 (2m38s ago), fg ? | at FillTextFieldAsync: skipped, might already be in-game (2m29s ago)
2026-06-25 16:30:19Z hc3 (D2R_3): frame LobbyOrGame (14s ago) [degraded: Detailed status collection recently exceeded its budget; using process-only fallback.] | last click/Left@799,689 (2m43s ago), fg ? | at FillTextFieldAsync: skipped, might already be in-game (2m34s ago)
2026-06-25 16:30:21Z hc1 (D2R_1): frame CharacterScreen (2m47s ago) [degraded: UI command is active; using process-only status so diagnostics cannot starve menu input.] | last click/Left@952,269 (2m35s ago), fg ? | at ClickMenuEntryButtonUntilEnteredGameAsync: loop iteration 62: sampling screen-relative HUD (54s ago)
2026-06-25 16:30:21Z hc2 (D2R_2): frame LobbyOrGame (19s ago) [degraded: Detailed status collection recently exceeded its budget; using process-only fallback.] | last click/Left@799,689 (2m41s ago), fg ? | at FillTextFieldAsync: skipped, might already be in-game (2m31s ago)
2026-06-25 16:30:21Z hc3 (D2R_3): frame LobbyOrGame (16s ago) [degraded: Detailed status collection recently exceeded its budget; using process-only fallback.] | last click/Left@799,689 (2m45s ago), fg ? | at FillTextFieldAsync: skipped, might already be in-game (2m36s ago)
2026-06-25 16:30:24Z hc1 (D2R_1): frame CharacterScreen (2m49s ago) [degraded: UI command is active; using process-only status so diagnostics cannot starve menu input.] | last click/Left@952,269 (2m37s ago), fg ? | at ClickMenuEntryButtonUntilEnteredGameAsync: loop iteration 62: sampling screen-relative HUD (56s ago)
2026-06-25 16:30:24Z hc2 (D2R_2): frame LobbyOrGame (21s ago) [degraded: Detailed status collection is still running; using process-only fallback.] | last click/Left@799,689 (2m43s ago), fg ? | at FillTextFieldAsync: skipped, might already be in-game (2m34s ago)
2026-06-25 16:30:24Z hc3 (D2R_3): frame LobbyOrGame (19s ago) [degraded: Detailed status collection recently exceeded its budget; using process-only fallback.] | last click/Left@799,689 (2m47s ago), fg ? | at FillTextFieldAsync: skipped, might already be in-game (2m38s ago)
2026-06-25 16:30:26Z hc1 (D2R_1): frame CharacterScreen (2m51s ago) [degraded: UI command is active; using process-only status so diagnostics cannot starve menu input.] | last click/Left@952,269 (2m39s ago), fg ? | at ClickMenuEntryButtonUntilEnteredGameAsync: loop iteration 62: sampling screen-relative HUD (58s ago)
2026-06-25 16:30:26Z hc2 (D2R_2): frame LobbyOrGame (23s ago) [degraded: Detailed status collection is still running; using process-only fallback.] | last click/Left@799,689 (2m45s ago), fg ? | at FillTextFieldAsync: skipped, might already be in-game (2m36s ago)
2026-06-25 16:30:26Z hc3 (D2R_3): frame LobbyOrGame (21s ago) [degraded: Detailed status collection recently exceeded its budget; using process-only fallback.] | last click/Left@799,689 (2m50s ago), fg ? | at FillTextFieldAsync: skipped, might already be in-game (2m41s ago)
2026-06-25 16:30:28Z hc1 (D2R_1): frame CharacterScreen (2m53s ago) [degraded: UI command is active; using process-only status so diagnostics cannot starve menu input.] | last click/Left@952,269 (2m42s ago), fg ? | at ClickMenuEntryButtonUntilEnteredGameAsync: loop iteration 62: sampling screen-relative HUD (1m0s ago)
2026-06-25 16:30:28Z hc2 (D2R_2): frame LobbyOrGame (26s ago) [degraded: Detailed status collection is still running; using process-only fallback.] | last click/Left@799,689 (2m47s ago), fg ? | at FillTextFieldAsync: skipped, might already be in-game (2m38s ago)
2026-06-25 16:30:28Z hc3 (D2R_3): frame LobbyOrGame (23s ago) [degraded: Detailed status collection is still running; using process-only fallback.] | last click/Left@799,689 (2m52s ago), fg ? | at FillTextFieldAsync: skipped, might already be in-game (2m43s ago)
2026-06-25 16:30:31Z hc1 (D2R_1): frame CharacterScreen (2m56s ago) [degraded: UI command is active; using process-only status so diagnostics cannot starve menu input.] | last click/Left@952,269 (2m44s ago), fg ? | at ClickMenuEntryButtonUntilEnteredGameAsync: loop iteration 62, checking game-entry error dialog (1s ago)
2026-06-25 16:30:31Z hc2 (D2R_2): frame LobbyOrGame (28s ago) [degraded: Detailed status collection is still running; using process-only fallback.] | last click/Left@799,689 (2m50s ago), fg ? | at FillTextFieldAsync: skipped, might already be in-game (2m41s ago)
2026-06-25 16:30:31Z hc3 (D2R_3): frame LobbyOrGame (25s ago) [degraded: Detailed status collection is still running; using process-only fallback.] | last click/Left@799,689 (2m54s ago), fg ? | at FillTextFieldAsync: skipped, might already be in-game (2m45s ago)
2026-06-25 16:30:33Z hc1 (D2R_1): frame CharacterScreen (2m58s ago) [degraded: UI command is active; using process-only status so diagnostics cannot starve menu input.] | last click/Left@952,269 (2m46s ago), fg ? | at ClickMenuEntryButtonUntilEnteredGameAsync: loop iteration 62, checking game-entry error dialog (4s ago)
2026-06-25 16:30:33Z hc2 (D2R_2): frame LobbyOrGame (30s ago) [degraded: Detailed status collection is still running; using process-only fallback.] | last click/Left@799,689 (2m52s ago), fg ? | at FillTextFieldAsync: skipped, might already be in-game (2m43s ago)
2026-06-25 16:30:33Z hc3 (D2R_3): frame LobbyOrGame (28s ago) [degraded: Detailed status collection is still running; using process-only fallback.] | last click/Left@799,689 (2m57s ago), fg ? | at FillTextFieldAsync: skipped, might already be in-game (2m48s ago)
2026-06-25 16:30:35Z hc1 (D2R_1): frame CharacterScreen (3m0s ago) [degraded: UI command is active; using process-only status so diagnostics cannot starve menu input.] | last click/Left@952,269 (2m48s ago), fg ? | at ClickMenuEntryButtonUntilEnteredGameAsync: loop iteration 62, checking game-entry error dialog (6s ago)
2026-06-25 16:30:35Z hc2 (D2R_2): frame LobbyOrGame (33s ago) [degraded: Detailed status collection is still running; using process-only fallback.] | last click/Left@799,689 (2m54s ago), fg ? | at FillTextFieldAsync: skipped, might already be in-game (2m45s ago)
2026-06-25 16:30:35Z hc3 (D2R_3): frame LobbyOrGame (30s ago) [degraded: Detailed status collection is still running; using process-only fallback.] | last click/Left@799,689 (2m59s ago), fg ? | at FillTextFieldAsync: skipped, might already be in-game (2m50s ago)
2026-06-25 16:30:37Z hc1 (D2R_1): frame CharacterScreen (3m3s ago) [degraded: UI command is active; using process-only status so diagnostics cannot starve menu input.] | last click/Left@952,269 (2m51s ago), fg ? | at ClickMenuEntryButtonUntilEnteredGameAsync: loop iteration 62, checking game-entry error dialog (8s ago)
2026-06-25 16:30:37Z hc2 (D2R_2): frame LobbyOrGame (35s ago) [degraded: Detailed status collection is still running; using process-only fallback.] | last click/Left@799,689 (2m57s ago), fg ? | at FillTextFieldAsync: skipped, might already be in-game (2m48s ago)
2026-06-25 16:30:37Z hc3 (D2R_3): frame LobbyOrGame (32s ago) [degraded: Detailed status collection is still running; using process-only fallback.] | last click/Left@799,689 (3m1s ago), fg ? | at FillTextFieldAsync: skipped, might already be in-game (2m52s ago)
2026-06-25 16:30:40Z hc1 (D2R_1): frame CharacterScreen (3m5s ago) [degraded: UI command is active; using process-only status so diagnostics cannot starve menu input.] | last click/Left@952,269 (2m53s ago), fg ? | at ClickMenuEntryButtonUntilEnteredGameAsync: loop iteration 62, checking connection interruption (2s ago)
2026-06-25 16:30:40Z hc2 (D2R_2): frame LobbyOrGame (37s ago) [degraded: Detailed status collection is still running; using process-only fallback.] | last click/Left@799,689 (2m59s ago), fg ? | at FillTextFieldAsync: skipped, might already be in-game (2m50s ago)
2026-06-25 16:30:40Z hc3 (D2R_3): frame LobbyOrGame (35s ago) [degraded: Detailed status collection is still running; using process-only fallback.] | last click/Left@799,689 (3m3s ago), fg ? | at FillTextFieldAsync: skipped, might already be in-game (2m54s ago)
2026-06-25 16:30:42Z hc1 (D2R_1): frame CharacterScreen (3m7s ago) [degraded: UI command is active; using process-only status so diagnostics cannot starve menu input.] | last click/Left@952,269 (2m55s ago), fg ? | at ClickMenuEntryButtonUntilEnteredGameAsync: loop iteration 62, checking connection interruption (4s ago)
2026-06-25 16:30:42Z hc2 (D2R_2): frame LobbyOrGame (39s ago) [degraded: Detailed status collection is still running; using process-only fallback.] | last click/Left@799,689 (3m1s ago), fg ? | at FillTextFieldAsync: skipped, might already be in-game (2m52s ago)
2026-06-25 16:30:42Z hc3 (D2R_3): frame LobbyOrGame (37s ago) [degraded: Detailed status collection is still running; using process-only fallback.] | last click/Left@799,689 (3m6s ago), fg ? | at FillTextFieldAsync: skipped, might already be in-game (2m57s ago)
2026-06-25 16:30:44Z hc1 (D2R_1): frame CharacterScreen (3m9s ago) [degraded: UI command is active; using process-only status so diagnostics cannot starve menu input.] | last click/Left@952,269 (2m58s ago), fg ? | at ClickMenuEntryButtonUntilEnteredGameAsync: timeout boundary after connection check (iteration 62): sampling process-relative HUD (0s ago)
2026-06-25 16:30:44Z hc2 (D2R_2): frame LobbyOrGame (42s ago) [degraded: Detailed status collection is still running; using process-only fallback.] | last click/Left@799,689 (3m3s ago), fg ? | at FillTextFieldAsync: skipped, might already be in-game (2m54s ago)
2026-06-25 16:30:44Z hc3 (D2R_3): frame LobbyOrGame (39s ago) [degraded: Detailed status collection is still running; using process-only fallback.] | last click/Left@799,689 (3m8s ago), fg ? | at FillTextFieldAsync: skipped, might already be in-game (2m59s ago)
2026-06-25 16:30:47Z hc1 (D2R_1): frame CharacterScreen (3m12s ago) [degraded: UI command is active; using process-only status so diagnostics cannot starve menu input.] | last click/Left@952,269 (3m0s ago), fg ? | at ClickMenuEntryButtonUntilEnteredGameAsync: timeout boundary after connection check (iteration 62): sampling process-relative HUD (2s ago)
2026-06-25 16:30:47Z hc2 (D2R_2): frame LobbyOrGame (44s ago) [degraded: Detailed status collection is still running; using process-only fallback.] | last click/Left@799,689 (3m6s ago), fg ? | at FillTextFieldAsync: skipped, might already be in-game (2m57s ago)
2026-06-25 16:30:47Z hc3 (D2R_3): frame LobbyOrGame (41s ago) [degraded: Detailed status collection is still running; using process-only fallback.] | last click/Left@799,689 (3m10s ago), fg ? | at FillTextFieldAsync: skipped, might already be in-game (3m1s ago)
2026-06-25 16:30:49Z hc1 (D2R_1): frame CharacterScreen (3m14s ago) [degraded: UI command is active; using process-only status so diagnostics cannot starve menu input.] | last click/Left@952,269 (3m2s ago), fg ? | at ClickMenuEntryButtonUntilEnteredGameAsync: timeout boundary after connection check (iteration 62): sampling process-relative HUD (4s ago)
2026-06-25 16:30:49Z hc2 (D2R_2): frame LobbyOrGame (46s ago) [degraded: Detailed status collection is still running; using process-only fallback.] | last click/Left@799,689 (3m8s ago), fg ? | at FillTextFieldAsync: skipped, might already be in-game (2m59s ago)
2026-06-25 16:30:49Z hc3 (D2R_3): frame LobbyOrGame (44s ago) [degraded: Detailed status collection is still running; using process-only fallback.] | last click/Left@799,689 (3m13s ago), fg ? | at FillTextFieldAsync: skipped, might already be in-game (3m3s ago)
2026-06-25 16:30:51Z hc1 (D2R_1): frame CharacterScreen (3m16s ago) [degraded: UI command is active; using process-only status so diagnostics cannot starve menu input.] | last click/Left@952,269 (3m4s ago), fg ? | at ClickMenuEntryButtonUntilEnteredGameAsync: timeout boundary after connection check (iteration 62): sampling process-relative HUD (6s ago)
2026-06-25 16:30:51Z hc2 (D2R_2): frame LobbyOrGame (48s ago) [degraded: Detailed status collection is still running; using process-only fallback.] | last click/Left@799,689 (3m10s ago), fg ? | at FillTextFieldAsync: skipped, might already be in-game (3m1s ago)
2026-06-25 16:30:51Z hc3 (D2R_3): frame LobbyOrGame (46s ago) [degraded: Detailed status collection is still running; using process-only fallback.] | last click/Left@799,689 (3m15s ago), fg ? | at FillTextFieldAsync: skipped, might already be in-game (3m6s ago)
2026-06-25 16:30:53Z hc1 (D2R_1): frame CharacterScreen (3m19s ago) [degraded: UI command is active; using process-only status so diagnostics cannot starve menu input.] | last click/Left@952,269 (3m7s ago), fg ? | at ClickMenuEntryButtonUntilEnteredGameAsync: timeout boundary after connection check (iteration 62): sampling process-relative HUD (9s ago)
2026-06-25 16:30:53Z hc2 (D2R_2): frame LobbyOrGame (51s ago) [degraded: Detailed status collection is still running; using process-only fallback.] | last click/Left@799,689 (3m12s ago), fg ? | at FillTextFieldAsync: skipped, might already be in-game (3m3s ago)
2026-06-25 16:30:53Z hc3 (D2R_3): frame LobbyOrGame (48s ago) [degraded: Detailed status collection is still running; using process-only fallback.] | last click/Left@799,689 (3m17s ago), fg ? | at FillTextFieldAsync: skipped, might already be in-game (3m8s ago)
2026-06-25 16:30:56Z hc1 (D2R_1): frame CharacterScreen (3m21s ago) [degraded: UI command is active; using process-only status so diagnostics cannot starve menu input.] | last click/Left@952,269 (3m9s ago), fg ? | at ClickMenuEntryButtonUntilEnteredGameAsync: timeout boundary after connection check (iteration 62): sampling process-relative HUD (11s ago)
2026-06-25 16:30:56Z hc2 (D2R_2): frame LobbyOrGame (53s ago) [degraded: Detailed status collection is still running; using process-only fallback.] | last click/Left@799,689 (3m15s ago), fg ? | at FillTextFieldAsync: skipped, might already be in-game (3m6s ago)
2026-06-25 16:30:56Z hc3 (D2R_3): frame LobbyOrGame (50s ago) [degraded: Detailed status collection is still running; using process-only fallback.] | last click/Left@799,689 (3m19s ago), fg ? | at FillTextFieldAsync: skipped, might already be in-game (3m10s ago)
2026-06-25 16:30:58Z hc1 (D2R_1): frame CharacterScreen (3m23s ago) [degraded: UI command is active; using process-only status so diagnostics cannot starve menu input.] | last click/Left@952,269 (3m11s ago), fg ? | at ClickMenuEntryButtonUntilEnteredGameAsync: timeout boundary after connection check (iteration 62): sampling process-relative HUD (13s ago)
2026-06-25 16:30:58Z hc2 (D2R_2): frame LobbyOrGame (55s ago) [degraded: Detailed status collection is still running; using process-only fallback.] | last click/Left@799,689 (3m17s ago), fg ? | at FillTextFieldAsync: skipped, might already be in-game (3m8s ago)
2026-06-25 16:30:58Z hc3 (D2R_3): frame LobbyOrGame (53s ago) [degraded: Detailed status collection is still running; using process-only fallback.] | last click/Left@799,689 (3m22s ago), fg ? | at FillTextFieldAsync: skipped, might already be in-game (3m13s ago)
2026-06-25 16:31:00Z hc1 (D2R_1): frame CharacterScreen (3m25s ago) [degraded: UI command is active; using process-only status so diagnostics cannot starve menu input.] | last click/Left@952,269 (3m14s ago), fg ? | at ClickMenuEntryButtonUntilEnteredGameAsync: timeout boundary after connection check (iteration 62): sampling process-relative HUD (15s ago)
2026-06-25 16:31:00Z hc2 (D2R_2): frame LobbyOrGame (58s ago) [degraded: Detailed status collection is still running; using process-only fallback.] | last click/Left@799,689 (3m19s ago), fg ? | at FillTextFieldAsync: skipped, might already be in-game (3m10s ago)
2026-06-25 16:31:00Z hc3 (D2R_3): frame LobbyOrGame (55s ago) [degraded: Detailed status collection is still running; using process-only fallback.] | last click/Left@799,689 (3m24s ago), fg ? | at FillTextFieldAsync: skipped, might already be in-game (3m15s ago)
2026-06-25 16:31:02Z hc1 (D2R_1): frame LobbyOrGame (1s ago) [degraded: UI command is active; using process-only status so diagnostics cannot starve menu input.] | last click/Left@952,269 (3m16s ago), fg ? | at ClickMenuEntryButtonUntilEnteredGameAsync: timeout boundary after connection check (iteration 62): sampling process-relative HUD (18s ago)
2026-06-25 16:31:02Z hc2 (D2R_2): frame LobbyOrGame (1m0s ago) [degraded: Detailed status collection is still running; using process-only fallback.] | last click/Left@799,689 (3m22s ago), fg ? | at FillTextFieldAsync: skipped, might already be in-game (3m13s ago)
2026-06-25 16:31:02Z hc3 (D2R_3): frame LobbyOrGame (57s ago) [degraded: Detailed status collection is still running; using process-only fallback.] | last click/Left@799,689 (3m26s ago), fg ? | at FillTextFieldAsync: skipped, might already be in-game (3m17s ago)
2026-06-25 16:31:05Z hc1 (D2R_1): frame LobbyOrGame (3s ago) [degraded: UI command is active; using process-only status so diagnostics cannot starve menu input.] | last click/Left@952,269 (3m18s ago), fg ? | at ClickMenuEntryButtonUntilEnteredGameAsync: timeout boundary after connection check (iteration 62): sampling screen-relative HUD (1s ago)
2026-06-25 16:31:05Z hc2 (D2R_2): frame LobbyOrGame (1m2s ago) [degraded: Detailed status collection is still running; using process-only fallback.] | last click/Left@799,689 (3m24s ago), fg ? | at FillTextFieldAsync: skipped, might already be in-game (3m15s ago)
2026-06-25 16:31:05Z hc3 (D2R_3): frame LobbyOrGame (1m0s ago) [degraded: Detailed status collection is still running; using process-only fallback.] | last click/Left@799,689 (3m28s ago), fg ? | at FillTextFieldAsync: skipped, might already be in-game (3m19s ago)
