2026-06-24 10:24:21Z hc1 (D2R_1): frame unknown [degraded] | last click/Left@683,337 (34s ago), fg ?
2026-06-24 10:24:21Z hc2 (D2R_2): frame unknown [degraded] | last click/Left@683,337 (34s ago), fg ?
2026-06-24 10:24:21Z hc3 (D2R_3): frame unknown [degraded] | last click/Left@683,337 (34s ago), fg ?
2026-06-24 10:24:24Z hc1 (D2R_1): frame unknown [degraded] | last click/Left@683,337 (37s ago), fg ?
2026-06-24 10:24:24Z hc2 (D2R_2): frame unknown [degraded] | last click/Left@683,337 (36s ago), fg ?
2026-06-24 10:24:24Z hc3 (D2R_3): frame unknown [degraded] | last click/Left@683,337 (37s ago), fg ?
2026-06-24 10:24:26Z hc1 (D2R_1): frame unknown [degraded] | last click/Left@683,337 (39s ago), fg ?
2026-06-24 10:24:26Z hc2 (D2R_2): frame unknown [degraded] | last click/Left@683,337 (39s ago), fg ?
2026-06-24 10:24:26Z hc3 (D2R_3): frame unknown [degraded] | last click/Left@683,337 (39s ago), fg ?
2026-06-24 10:24:29Z hc1 (D2R_1): frame unknown [degraded] | last click/Left@683,337 (41s ago), fg ?
2026-06-24 10:24:29Z hc2 (D2R_2): frame unknown [degraded] | last click/Left@683,337 (41s ago), fg ?
2026-06-24 10:24:29Z hc3 (D2R_3): frame unknown [degraded] | last click/Left@683,337 (41s ago), fg ?
2026-06-24 10:24:31Z hc1 (D2R_1): frame unknown [degraded] | last click/Left@683,337 (44s ago), fg ?
2026-06-24 10:24:31Z hc2 (D2R_2): frame unknown [degraded] | last click/Left@683,337 (43s ago), fg ?
2026-06-24 10:24:31Z hc3 (D2R_3): frame unknown [degraded] | last click/Left@683,337 (44s ago), fg ?
2026-06-24 10:24:33Z hc1 (D2R_1): frame unknown [degraded] | last click/Left@683,337 (46s ago), fg ?
2026-06-24 10:24:33Z hc2 (D2R_2): frame unknown [degraded] | last click/Left@683,337 (46s ago), fg ?
2026-06-24 10:24:33Z hc3 (D2R_3): frame unknown [degraded] | last click/Left@683,337 (46s ago), fg ?
2026-06-24 10:24:35Z hc1 (D2R_1): frame unknown [degraded] | last click/Left@683,337 (48s ago), fg ?
2026-06-24 10:24:35Z hc2 (D2R_2): frame unknown [degraded] | last click/Left@683,337 (48s ago), fg ?
2026-06-24 10:24:35Z hc3 (D2R_3): frame unknown [degraded] | last click/Left@683,337 (48s ago), fg ?
2026-06-24 10:24:38Z hc1 (D2R_1): frame unknown [degraded] | last click/Left@683,337 (51s ago), fg ?
2026-06-24 10:24:38Z hc2 (D2R_2): frame unknown [degraded] | last click/Left@683,337 (50s ago), fg ?
2026-06-24 10:24:38Z hc3 (D2R_3): frame unknown [degraded] | last click/Left@683,337 (51s ago), fg ?
2026-06-24 10:24:40Z hc1 (D2R_1): frame unknown [degraded] | last click/Left@683,337 (53s ago), fg ?
2026-06-24 10:24:40Z hc2 (D2R_2): frame unknown [degraded] | last click/Left@683,337 (53s ago), fg ?
2026-06-24 10:24:40Z hc3 (D2R_3): frame unknown [degraded] | last click/Left@683,337 (53s ago), fg ?
2026-06-24 10:24:42Z hc1 (D2R_1): frame unknown [degraded] | last click/Left@683,337 (55s ago), fg ?
2026-06-24 10:24:42Z hc2 (D2R_2): frame unknown [degraded] | last click/Left@683,337 (55s ago), fg ?
2026-06-24 10:24:42Z hc3 (D2R_3): frame unknown [degraded] | last click/Left@683,337 (55s ago), fg ?
2026-06-24 10:24:45Z hc1 (D2R_1): frame unknown [degraded] | last click/Left@683,337 (57s ago), fg ?
2026-06-24 10:24:45Z hc2 (D2R_2): frame unknown [degraded] | last click/Left@683,337 (57s ago), fg ?
2026-06-24 10:24:45Z hc3 (D2R_3): frame unknown [degraded] | last click/Left@683,337 (57s ago), fg ?
2026-06-24 10:24:47Z hc1 (D2R_1): frame unknown [degraded] | last click/Left@683,337 (1m0s ago), fg ?
2026-06-24 10:24:47Z hc2 (D2R_2): frame unknown [degraded] | last click/Left@683,337 (59s ago), fg ?
2026-06-24 10:24:47Z hc3 (D2R_3): frame unknown [degraded] | last click/Left@683,337 (1m0s ago), fg ?
2026-06-24 10:24:49Z hc1 (D2R_1): frame unknown [degraded] | last click/Left@683,337 (1m2s ago), fg ?
2026-06-24 10:24:49Z hc2 (D2R_2): frame unknown [degraded] | last click/Left@683,337 (1m2s ago), fg ?
2026-06-24 10:24:49Z hc3 (D2R_3): frame unknown [degraded] | last click/Left@683,337 (1m2s ago), fg ?
2026-06-24 10:24:51Z hc1 (D2R_1): frame unknown [degraded] | last click/Left@683,337 (1m4s ago), fg ?
2026-06-24 10:24:51Z hc2 (D2R_2): frame unknown [degraded] | last click/Left@683,337 (1m4s ago), fg ?
2026-06-24 10:24:51Z hc3 (D2R_3): frame unknown [degraded] | last click/Left@683,337 (1m4s ago), fg ?
2026-06-24 10:24:53Z hc1 (D2R_1): frame unknown [degraded] | last click/Left@683,337 (1m6s ago), fg ?
2026-06-24 10:24:53Z hc2 (D2R_2): frame unknown [degraded] | last click/Left@683,337 (1m6s ago), fg ?
2026-06-24 10:24:53Z hc3 (D2R_3): frame unknown [degraded] | last click/Left@683,337 (1m6s ago), fg ?
2026-06-24 10:24:56Z hc1 (D2R_1): frame unknown [degraded] | last click/Left@683,337 (1m9s ago), fg ?
2026-06-24 10:24:56Z hc2 (D2R_2): frame unknown [degraded] | last click/Left@683,337 (1m8s ago), fg ?
2026-06-24 10:24:56Z hc3 (D2R_3): frame unknown [degraded] | last click/Left@683,337 (1m9s ago), fg ?
2026-06-24 10:24:58Z hc1 (D2R_1): frame unknown [degraded] | last click/Left@683,337 (1m11s ago), fg ?
2026-06-24 10:24:58Z hc2 (D2R_2): frame unknown [degraded] | last click/Left@683,337 (1m10s ago), fg ?
2026-06-24 10:24:58Z hc3 (D2R_3): frame unknown [degraded] | last click/Left@683,337 (1m11s ago), fg ?
2026-06-24 10:25:00Z hc1 (D2R_1): frame unknown [degraded] | last click/Left@683,337 (1m13s ago), fg ?
2026-06-24 10:25:00Z hc2 (D2R_2): frame unknown [degraded] | last click/Left@683,337 (1m13s ago), fg ?
2026-06-24 10:25:00Z hc3 (D2R_3): frame unknown [degraded] | last click/Left@683,337 (1m13s ago), fg ?
2026-06-24 10:25:03Z hc1 (D2R_1): frame unknown [degraded] | last click/Left@683,337 (1m15s ago), fg ?
2026-06-24 10:25:03Z hc2 (D2R_2): frame unknown [degraded] | last click/Left@683,337 (1m15s ago), fg ?
2026-06-24 10:25:03Z hc3 (D2R_3): frame unknown [degraded] | last click/Left@683,337 (1m15s ago), fg ?
2026-06-24 10:25:05Z hc1 (D2R_1): frame unknown [degraded] | last click/Left@683,337 (1m18s ago), fg ?
2026-06-24 10:25:05Z hc2 (D2R_2): frame unknown [degraded] | last click/Left@683,337 (1m17s ago), fg ?
2026-06-24 10:25:05Z hc3 (D2R_3): frame unknown [degraded] | last click/Left@683,337 (1m18s ago), fg ?
2026-06-24 10:25:07Z hc1 (D2R_1): frame unknown [degraded] | last click/Left@683,337 (1m20s ago), fg ?
2026-06-24 10:25:07Z hc2 (D2R_2): frame unknown [degraded] | last click/Left@683,337 (1m20s ago), fg ?
2026-06-24 10:25:07Z hc3 (D2R_3): frame unknown [degraded] | last click/Left@683,337 (1m20s ago), fg ?
2026-06-24 10:25:09Z hc1 (D2R_1): frame unknown [degraded] | last click/Left@683,337 (1m22s ago), fg ?
2026-06-24 10:25:09Z hc2 (D2R_2): frame unknown [degraded] | last click/Left@683,337 (1m22s ago), fg ?
2026-06-24 10:25:09Z hc3 (D2R_3): frame unknown [degraded] | last click/Left@683,337 (1m22s ago), fg ?
2026-06-24 10:25:12Z hc1 (D2R_1): frame unknown [degraded] | last click/Left@683,337 (1m25s ago), fg ?
2026-06-24 10:25:12Z hc2 (D2R_2): frame unknown [degraded] | last click/Left@683,337 (1m24s ago), fg ?
2026-06-24 10:25:12Z hc3 (D2R_3): frame unknown [degraded] | last click/Left@683,337 (1m25s ago), fg ?
2026-06-24 10:25:14Z hc1 (D2R_1): frame unknown [degraded] | last click/Left@683,337 (1m27s ago), fg ?
2026-06-24 10:25:14Z hc2 (D2R_2): frame unknown [degraded] | last click/Left@683,337 (1m27s ago), fg ?
2026-06-24 10:25:14Z hc3 (D2R_3): frame unknown [degraded] | last click/Left@683,337 (1m27s ago), fg ?
2026-06-24 10:25:17Z hc1 (D2R_1): frame unknown [degraded] | last click/Left@683,337 (1m30s ago), fg ?
2026-06-24 10:25:17Z hc2 (D2R_2): frame unknown [degraded] | last click/Left@683,337 (1m29s ago), fg ?
2026-06-24 10:25:17Z hc3 (D2R_3): frame unknown [degraded] | last click/Left@683,337 (1m29s ago), fg ?
2026-06-24 10:25:19Z hc1 (D2R_1): frame unknown [degraded] | last click/Left@683,337 (1m32s ago), fg ?
2026-06-24 10:25:19Z hc2 (D2R_2): frame unknown [degraded] | last click/Left@683,337 (1m32s ago), fg ?
2026-06-24 10:25:19Z hc3 (D2R_3): frame unknown [degraded] | last click/Left@683,337 (1m32s ago), fg ?
2026-06-24 10:25:21Z hc1 (D2R_1): frame unknown [degraded] | last click/Left@683,337 (1m34s ago), fg ?
2026-06-24 10:25:21Z hc2 (D2R_2): frame unknown [degraded] | last click/Left@683,337 (1m34s ago), fg ?
2026-06-24 10:25:21Z hc3 (D2R_3): frame unknown [degraded] | last click/Left@683,337 (1m34s ago), fg ?
2026-06-24 10:25:23Z hc1 (D2R_1): frame unknown [degraded] | last click/Left@683,337 (1m36s ago), fg ?
2026-06-24 10:25:23Z hc2 (D2R_2): frame unknown [degraded] | last click/Left@683,337 (1m36s ago), fg ?
2026-06-24 10:25:23Z hc3 (D2R_3): frame unknown [degraded] | last click/Left@683,337 (1m36s ago), fg ?
2026-06-24 10:25:26Z hc1 (D2R_1): frame DiabloSplash (1s ago) [degraded] | last click/Left@683,384 (0s ago), fg ?
2026-06-24 10:25:26Z hc2 (D2R_2): frame unknown [degraded] | last click/Left@683,337 (1m38s ago), fg ?
2026-06-24 10:25:26Z hc3 (D2R_3): frame DiabloSplash (0s ago) [degraded] | last click/Left@683,337 (1m39s ago), fg ?
2026-06-24 10:25:28Z hc1 (D2R_1): frame DiabloSplash (3s ago) [degraded] | last key/SplashContinue/G/Space/Enter@683,384 (0s ago), fg ?
2026-06-24 10:25:28Z hc2 (D2R_2): frame unknown [degraded] | last click/Left@683,337 (1m41s ago), fg ?
2026-06-24 10:25:28Z hc3 (D2R_3): frame DiabloSplash (3s ago) [degraded] | last key/SplashContinue/G/Space/Enter@683,384 (0s ago), fg ?
2026-06-24 10:25:30Z hc1 (D2R_1): frame DiabloSplash (5s ago) [degraded] | last key/SplashContinue/G/Space/Enter@683,384 (2s ago), fg ?
2026-06-24 10:25:30Z hc2 (D2R_2): frame unknown [degraded] | last click/Left@683,337 (1m43s ago), fg ?
2026-06-24 10:25:30Z hc3 (D2R_3): frame DiabloSplash (5s ago) [degraded] | last key/SplashContinue/G/Space/Enter@683,384 (2s ago), fg ?
2026-06-24 10:25:33Z hc1 (D2R_1): frame DiabloSplash (8s ago) [degraded] | last key/SplashContinue/G/Space/Enter@683,384 (5s ago), fg ?
2026-06-24 10:25:33Z hc2 (D2R_2): frame unknown [degraded] | last click/Left@683,337 (1m45s ago), fg ?
2026-06-24 10:25:33Z hc3 (D2R_3): frame DiabloSplash (7s ago) [degraded] | last key/SplashContinue/G/Space/Enter@683,384 (4s ago), fg ?
2026-06-24 10:25:35Z hc1 (D2R_1): frame DiabloSplash (10s ago) [degraded] | last key/SplashContinue/G/Space/Enter@683,384 (7s ago), fg ?
2026-06-24 10:25:35Z hc2 (D2R_2): frame unknown [degraded] | last click/Left@683,337 (1m47s ago), fg ?
2026-06-24 10:25:35Z hc3 (D2R_3): frame DiabloSplash (10s ago) [degraded] | last key/SplashContinue/G/Space/Enter@683,384 (6s ago), fg ?
2026-06-24 10:25:37Z hc1 (D2R_1): frame DiabloSplash (12s ago) [degraded] | last key/SplashContinue/G/Space/Enter@683,384 (9s ago), fg ?
2026-06-24 10:25:37Z hc2 (D2R_2): frame unknown [degraded] | last click/Left@683,337 (1m50s ago), fg ?
2026-06-24 10:25:37Z hc3 (D2R_3): frame DiabloSplash (12s ago) [degraded] | last key/SplashContinue/G/Space/Enter@683,384 (9s ago), fg ?
2026-06-24 10:25:39Z hc1 (D2R_1): frame DiabloSplash (14s ago) [degraded] | last key/SplashContinue/G/Space/Enter@683,384 (11s ago), fg ?
2026-06-24 10:25:39Z hc2 (D2R_2): frame unknown [degraded] | last click/Left@683,337 (1m52s ago), fg ?
2026-06-24 10:25:39Z hc3 (D2R_3): frame DiabloSplash (14s ago) [degraded] | last key/SplashContinue/G/Space/Enter@683,384 (11s ago), fg ?
2026-06-24 10:25:42Z hc1 (D2R_1): frame DiabloSplash (17s ago) [degraded] | last key/SplashContinue/G/Space/Enter@683,384 (14s ago), fg ?
2026-06-24 10:25:42Z hc2 (D2R_2): frame Unknown (0s ago) [degraded] | last click/Left@683,337 (1m54s ago), fg ?
2026-06-24 10:25:42Z hc3 (D2R_3): frame DiabloSplash (16s ago) [degraded] | last key/SplashContinue/G/Space/Enter@683,384 (13s ago), fg ?
2026-06-24 10:25:44Z hc1 (D2R_1): frame DiabloSplash (19s ago) [degraded] | last key/SplashContinue/G/Space/Enter@683,384 (16s ago), fg ?
2026-06-24 10:25:44Z hc2 (D2R_2): frame Unknown (3s ago) [degraded] | last key/Escape/G/Space/Enter@683,384 (0s ago), fg ?
2026-06-24 10:25:44Z hc3 (D2R_3): frame DiabloSplash (19s ago) [degraded] | last key/SplashContinue/G/Space/Enter@683,384 (16s ago), fg ?
2026-06-24 10:25:46Z hc1 (D2R_1): frame DiabloSplash (21s ago) [degraded] | last key/SplashContinue/G/Space/Enter@683,384 (18s ago), fg ?
2026-06-24 10:25:46Z hc2 (D2R_2): frame Unknown (5s ago) [degraded] | last key/Escape/G/Space/Enter@683,384 (2s ago), fg ?
2026-06-24 10:25:46Z hc3 (D2R_3): frame DiabloSplash (21s ago) [degraded] | last key/SplashContinue/G/Space/Enter@683,384 (18s ago), fg ?
2026-06-24 10:25:48Z hc1 (D2R_1): frame DiabloSplash (24s ago) [degraded] | last key/SplashContinue/G/Space/Enter@683,384 (20s ago), fg ?
2026-06-24 10:25:48Z hc2 (D2R_2): frame Unknown (7s ago) [degraded] | last key/Escape/G/Space/Enter@683,384 (4s ago), fg ?
2026-06-24 10:25:48Z hc3 (D2R_3): frame DiabloSplash (23s ago) [degraded] | last key/SplashContinue/G/Space/Enter@683,384 (20s ago), fg ?
2026-06-24 10:25:51Z hc1 (D2R_1): frame DiabloSplash (26s ago) [degraded] | last key/SplashContinue/G/Space/Enter@683,384 (23s ago), fg ?
2026-06-24 10:25:51Z hc2 (D2R_2): frame Unknown (9s ago) [degraded] | last key/Escape/G/Space/Enter@683,384 (6s ago), fg ?
2026-06-24 10:25:51Z hc3 (D2R_3): frame DiabloSplash (26s ago) [degraded] | last key/SplashContinue/G/Space/Enter@683,384 (22s ago), fg ?
2026-06-24 10:25:53Z hc1 (D2R_1): frame DiabloSplash (28s ago) [degraded] | last key/SplashContinue/G/Space/Enter@683,384 (25s ago), fg ?
2026-06-24 10:25:53Z hc2 (D2R_2): frame Unknown (12s ago) [degraded] | last key/Escape/G/Space/Enter@683,384 (9s ago), fg ?
2026-06-24 10:25:53Z hc3 (D2R_3): frame DiabloSplash (28s ago) [degraded] | last key/SplashContinue/G/Space/Enter@683,384 (25s ago), fg ?
2026-06-24 10:25:55Z hc1 (D2R_1): frame DiabloSplash (30s ago) [degraded] | last key/SplashContinue/G/Space/Enter@683,384 (27s ago), fg ?
2026-06-24 10:25:55Z hc2 (D2R_2): frame Unknown (14s ago) [degraded] | last key/Escape/G/Space/Enter@683,384 (11s ago), fg ?
2026-06-24 10:25:55Z hc3 (D2R_3): frame DiabloSplash (30s ago) [degraded] | last key/SplashContinue/G/Space/Enter@683,384 (27s ago), fg ?
2026-06-24 10:25:58Z hc1 (D2R_1): frame DiabloSplash (33s ago) [degraded] | last key/SplashContinue/G/Space/Enter@683,384 (30s ago), fg ?
2026-06-24 10:25:58Z hc2 (D2R_2): frame Unknown (16s ago) [degraded] | last key/Escape/G/Space/Enter@683,384 (13s ago), fg ?
2026-06-24 10:25:58Z hc3 (D2R_3): frame DiabloSplash (32s ago) [degraded] | last key/SplashContinue/G/Space/Enter@683,384 (29s ago), fg ?
2026-06-24 10:26:00Z hc1 (D2R_1): frame DiabloSplash (35s ago) [degraded] | last key/SplashContinue/G/Space/Enter@683,384 (32s ago), fg ?
2026-06-24 10:26:00Z hc2 (D2R_2): frame Unknown (18s ago) [degraded] | last key/Escape/G/Space/Enter@683,384 (16s ago), fg ?
2026-06-24 10:26:00Z hc3 (D2R_3): frame DiabloSplash (35s ago) [degraded] | last key/SplashContinue/G/Space/Enter@683,384 (31s ago), fg ?
2026-06-24 10:26:02Z hc1 (D2R_1): frame DiabloSplash (37s ago) [degraded] | last key/SplashContinue/G/Space/Enter@683,384 (34s ago), fg ?
2026-06-24 10:26:02Z hc2 (D2R_2): frame Unknown (21s ago) [degraded] | last key/Escape/G/Space/Enter@683,384 (18s ago), fg ?
2026-06-24 10:26:02Z hc3 (D2R_3): frame DiabloSplash (37s ago) [degraded] | last key/SplashContinue/G/Space/Enter@683,384 (34s ago), fg ?
2026-06-24 10:26:04Z hc1 (D2R_1): frame DiabloSplash (39s ago) [degraded] | last key/SplashContinue/G/Space/Enter@683,384 (36s ago), fg ?
2026-06-24 10:26:04Z hc2 (D2R_2): frame Unknown (23s ago) [degraded] | last key/Escape/G/Space/Enter@683,384 (20s ago), fg ?
2026-06-24 10:26:04Z hc3 (D2R_3): frame DiabloSplash (39s ago) [degraded] | last key/SplashContinue/G/Space/Enter@683,384 (36s ago), fg ?
2026-06-24 10:26:06Z hc1 (D2R_1): frame DiabloSplash (42s ago) [degraded] | last key/SplashContinue/G/Space/Enter@683,384 (38s ago), fg ?
2026-06-24 10:26:06Z hc2 (D2R_2): frame Unknown (25s ago) [degraded] | last key/Escape/G/Space/Enter@683,384 (22s ago), fg ?
2026-06-24 10:26:06Z hc3 (D2R_3): frame DiabloSplash (41s ago) [degraded] | last key/SplashContinue/G/Space/Enter@683,384 (38s ago), fg ?
2026-06-24 10:26:09Z hc1 (D2R_1): frame DiabloSplash (44s ago) [degraded] | last key/SplashContinue/G/Space/Enter@683,384 (41s ago), fg ?
2026-06-24 10:26:09Z hc2 (D2R_2): frame Unknown (27s ago) [degraded] | last key/Escape/G/Space/Enter@683,384 (24s ago), fg ?
2026-06-24 10:26:09Z hc3 (D2R_3): frame DiabloSplash (43s ago) [degraded] | last key/SplashContinue/G/Space/Enter@683,384 (40s ago), fg ?
2026-06-24 10:26:11Z hc1 (D2R_1): frame DiabloSplash (46s ago) [degraded] | last key/SplashContinue/G/Space/Enter@683,384 (43s ago), fg ?
2026-06-24 10:26:11Z hc2 (D2R_2): frame Unknown (30s ago) [degraded] | last key/Escape/G/Space/Enter@683,384 (27s ago), fg ?
2026-06-24 10:26:11Z hc3 (D2R_3): frame DiabloSplash (46s ago) [degraded] | last key/SplashContinue/G/Space/Enter@683,384 (43s ago), fg ?
2026-06-24 10:26:13Z hc1 (D2R_1): frame CharacterScreen (1s ago) [degraded] | last key/SplashContinue/G/Space/Enter@683,384 (45s ago), fg ?
2026-06-24 10:26:13Z hc2 (D2R_2): frame Unknown (32s ago) [degraded] | last key/Escape/G/Space/Enter@683,384 (29s ago), fg ?
2026-06-24 10:26:13Z hc3 (D2R_3): frame DiabloSplash (48s ago) [degraded] | last key/SplashContinue/G/Space/Enter@683,384 (45s ago), fg ?
2026-06-24 10:26:15Z hc1 (D2R_1): frame CharacterScreen (4s ago) [degraded] | last key/SplashContinue/G/Space/Enter@683,384 (47s ago), fg ?
2026-06-24 10:26:15Z hc2 (D2R_2): frame Unknown (34s ago) [degraded] | last key/Escape/G/Space/Enter@683,384 (31s ago), fg ?
2026-06-24 10:26:15Z hc3 (D2R_3): frame DiabloSplash (50s ago) [degraded] | last key/SplashContinue/G/Space/Enter@683,384 (47s ago), fg ?
2026-06-24 10:26:18Z hc1 (D2R_1): frame CharacterScreen (6s ago) [degraded] | last key/SplashContinue/G/Space/Enter@683,384 (50s ago), fg ?
2026-06-24 10:26:18Z hc2 (D2R_2): frame Unknown (36s ago) [degraded] | last key/Escape/G/Space/Enter@683,384 (33s ago), fg ?
2026-06-24 10:26:18Z hc3 (D2R_3): frame DiabloSplash (52s ago) [degraded] | last key/SplashContinue/G/Space/Enter@683,384 (49s ago), fg ?
2026-06-24 10:26:20Z hc1 (D2R_1): frame CharacterScreen (8s ago) [degraded] | last key/SplashContinue/G/Space/Enter@683,384 (52s ago), fg ?
2026-06-24 10:26:20Z hc2 (D2R_2): frame Unknown (39s ago) [degraded] | last key/Escape/G/Space/Enter@683,384 (36s ago), fg ?
2026-06-24 10:26:20Z hc3 (D2R_3): frame DiabloSplash (55s ago) [degraded] | last key/SplashContinue/G/Space/Enter@683,384 (52s ago), fg ?
2026-06-24 10:26:22Z hc1 (D2R_1): frame CharacterScreen (10s ago) [degraded] | last key/SplashContinue/G/Space/Enter@683,384 (54s ago), fg ?
2026-06-24 10:26:22Z hc2 (D2R_2): frame Unknown (41s ago) [degraded] | last key/Escape/G/Space/Enter@683,384 (38s ago), fg ?
2026-06-24 10:26:22Z hc3 (D2R_3): frame DiabloSplash (57s ago) [degraded] | last key/SplashContinue/G/Space/Enter@683,384 (54s ago), fg ?
2026-06-24 10:26:24Z hc1 (D2R_1): frame CharacterScreen (12s ago) [degraded] | last key/SplashContinue/G/Space/Enter@683,384 (56s ago), fg ?
2026-06-24 10:26:24Z hc2 (D2R_2): frame Unknown (43s ago) [degraded] | last key/Escape/G/Space/Enter@683,384 (40s ago), fg ?
2026-06-24 10:26:24Z hc3 (D2R_3): frame DiabloSplash (59s ago) [degraded] | last key/SplashContinue/G/Space/Enter@683,384 (56s ago), fg ?
2026-06-24 10:26:26Z hc1 (D2R_1): frame CharacterScreen (15s ago) [degraded] | last key/SplashContinue/G/Space/Enter@683,384 (59s ago), fg ?
2026-06-24 10:26:26Z hc2 (D2R_2): frame Unknown (45s ago) [degraded] | last key/Escape/G/Space/Enter@683,384 (42s ago), fg ?
2026-06-24 10:26:26Z hc3 (D2R_3): frame DiabloSplash (1m1s ago) [degraded] | last key/SplashContinue/G/Space/Enter@683,384 (58s ago), fg ?
2026-06-24 10:26:29Z hc1 (D2R_1): frame CharacterScreen (17s ago) [degraded] | last key/SplashContinue/G/Space/Enter@683,384 (1m1s ago), fg ?
2026-06-24 10:26:29Z hc2 (D2R_2): frame Unknown (47s ago) [degraded] | last key/Escape/G/Space/Enter@683,384 (44s ago), fg ?
2026-06-24 10:26:29Z hc3 (D2R_3): frame DiabloSplash (1m4s ago) [degraded] | last key/SplashContinue/G/Space/Enter@683,384 (1m0s ago), fg ?
2026-06-24 10:26:35Z hc1 (D2R_1): frame Unknown (6s ago) [degraded] | last key/SplashContinue/G/Space/Enter@683,384 (1m7s ago), fg ?
2026-06-24 10:26:35Z hc2 (D2R_2): frame Unknown (50s ago) [degraded] | last key/Escape/G/Space/Enter@683,384 (47s ago), fg ?
2026-06-24 10:26:35Z hc3 (D2R_3): frame CharacterScreen (2s ago) [degraded] | last key/SplashContinue/G/Space/Enter@683,384 (1m3s ago), fg ?
2026-06-24 10:26:37Z hc1 (D2R_1): frame Unknown (8s ago) [degraded] | last key/SplashContinue/G/Space/Enter@683,384 (1m9s ago), fg ?
2026-06-24 10:26:37Z hc2 (D2R_2): frame Unknown (56s ago) [degraded] | last key/Escape/G/Space/Enter@683,384 (53s ago), fg ?
2026-06-24 10:26:37Z hc3 (D2R_3): frame CharacterScreen (8s ago) [degraded] | last key/SplashContinue/G/Space/Enter@683,384 (1m9s ago), fg ?
2026-06-24 10:26:40Z hc1 (D2R_1): frame Unknown (10s ago) [degraded] | last key/SplashContinue/G/Space/Enter@683,384 (1m12s ago), fg ?
2026-06-24 10:26:40Z hc2 (D2R_2): frame Unknown (58s ago) [degraded] | last key/Escape/G/Space/Enter@683,384 (55s ago), fg ?
2026-06-24 10:26:40Z hc3 (D2R_3): frame CharacterScreen (10s ago) [degraded] | last key/SplashContinue/G/Space/Enter@683,384 (1m11s ago), fg ?
2026-06-24 10:26:42Z hc1 (D2R_1): frame Unknown (12s ago) [degraded] | last click/Left@799,689 (0s ago), fg ? | at EnsureLobbyOpenedAsync: remembered-character-screen click (1s ago)
2026-06-24 10:26:42Z hc2 (D2R_2): frame Unknown (1m0s ago) [degraded] | last key/Escape/G/Space/Enter@683,384 (58s ago), fg ?
2026-06-24 10:26:42Z hc3 (D2R_3): frame CharacterScreen (12s ago) [degraded] | last key/SplashContinue/G/Space/Enter@683,384 (1m13s ago), fg ?
2026-06-24 10:26:44Z hc1 (D2R_1): frame Unknown (14s ago) [degraded] | last click/Left@919,55 (0s ago), fg ? | at ClickLobbyTabDirectAsync: second ClickD2R (0s ago)
2026-06-24 10:26:44Z hc2 (D2R_2): frame Unknown (1m3s ago) [degraded] | last key/Escape/G/Space/Enter@683,384 (1m0s ago), fg ?
2026-06-24 10:26:44Z hc3 (D2R_3): frame CharacterScreen (15s ago) [degraded] | last key/SplashContinue/G/Space/Enter@683,384 (1m16s ago), fg ?
2026-06-24 10:26:46Z hc1 (D2R_1): frame Unknown (17s ago) [degraded] | last click/Left@1046,123 (0s ago), fg ? | at CreateGameAsync: filling game name/password fields (1s ago)
2026-06-24 10:26:46Z hc2 (D2R_2): frame Unknown (1m5s ago) [degraded] | last key/Escape/G/Space/Enter@683,384 (1m2s ago), fg ?
2026-06-24 10:26:46Z hc3 (D2R_3): frame CharacterScreen (17s ago) [degraded] | last key/SplashContinue/G/Space/Enter@683,384 (1m18s ago), fg ?
2026-06-24 10:26:49Z hc1 (D2R_1): frame Unknown (19s ago) [degraded] | last click/Left@1046,172 (0s ago), fg ? | at CreateGameAsync: filling game name/password fields (4s ago)
2026-06-24 10:26:49Z hc2 (D2R_2): frame Unknown (1m7s ago) [degraded] | last key/Escape/G/Space/Enter@683,384 (1m4s ago), fg ?
2026-06-24 10:26:49Z hc3 (D2R_3): frame CharacterScreen (19s ago) [degraded] | last key/SplashContinue/G/Space/Enter@683,384 (1m20s ago), fg ?
2026-06-24 10:26:55Z hc1 (D2R_1): frame Unknown (21s ago) [degraded] | last click/Left@1045,475 (0s ago), fg ? | at CreateGameAsync: filling game name/password fields (6s ago)
2026-06-24 10:26:55Z hc2 (D2R_2): frame Unknown (1m10s ago) [degraded] | last key/Escape/G/Space/Enter@683,384 (1m7s ago), fg ?
2026-06-24 10:26:55Z hc3 (D2R_3): frame Unknown (5s ago) [degraded] | last key/SplashContinue/G/Space/Enter@683,384 (1m27s ago), fg ?
2026-06-24 10:27:01Z hc1 (D2R_1): frame Unknown (28s ago) [degraded] | last click/Left@1045,475 (6s ago), fg ? | at CreateGameAsync: filling game name/password fields (12s ago)
2026-06-24 10:27:01Z hc2 (D2R_2): frame Unknown (6s ago) [degraded] | last key/Escape/G/Space/Enter@683,384 (1m17s ago), fg ?
2026-06-24 10:27:01Z hc3 (D2R_3): frame Unknown (7s ago) [degraded] | last click/Left@799,689 (0s ago), fg ? | at EnsureLobbyOpenedAsync: remembered-character-screen click (1s ago)
2026-06-24 10:27:03Z hc1 (D2R_1): frame Unknown (34s ago) [degraded] | last click/Left@1045,475 (13s ago), fg ? | at CreateGameAsync: filling game name/password fields (19s ago)
2026-06-24 10:27:03Z hc2 (D2R_2): frame Unknown (8s ago) [degraded] | last key/Escape/G/Space/Enter@683,384 (1m19s ago), fg ?
2026-06-24 10:27:03Z hc3 (D2R_3): frame Unknown (13s ago) [degraded] | last click/Left@1143,106 (0s ago), fg ? | at ClickLobbyTabDirectAsync: second ClickD2R (4s ago)
2026-06-24 10:27:06Z hc1 (D2R_1): frame Unknown (36s ago) [degraded] | last click/Left@1045,475 (15s ago), fg ? | at CreateGameAsync: filling game name/password fields (21s ago)
2026-06-24 10:27:06Z hc2 (D2R_2): frame Unknown (10s ago) [degraded] | last key/Escape/G/Space/Enter@683,384 (1m21s ago), fg ?
2026-06-24 10:27:06Z hc3 (D2R_3): frame Unknown (15s ago) [degraded] | last click/Left@1143,106 (2s ago), fg ? | at ClickLobbyTabDirectAsync: second ClickD2R (6s ago)
2026-06-24 10:27:08Z hc1 (D2R_1): frame Unknown (38s ago) [degraded] | last click/Left@1045,475 (17s ago), fg ? | at CreateGameAsync: filling game name/password fields (23s ago)
2026-06-24 10:27:08Z hc2 (D2R_2): frame Unknown (12s ago) [degraded] | last key/Escape/G/Space/Enter@683,384 (1m24s ago), fg ?
2026-06-24 10:27:08Z hc3 (D2R_3): frame Unknown (18s ago) [degraded] | last click/Left@1143,106 (4s ago), fg ? | at ClickLobbyTabDirectAsync: second ClickD2R (9s ago)
2026-06-24 10:27:10Z hc1 (D2R_1): frame Unknown (41s ago) [degraded] | last click/Left@1045,475 (19s ago), fg ? | at CreateGameAsync: filling game name/password fields (25s ago)
2026-06-24 10:27:10Z hc2 (D2R_2): frame Unknown (15s ago) [degraded] | last key/Escape/G/Space/Enter@683,384 (1m26s ago), fg ?
2026-06-24 10:27:10Z hc3 (D2R_3): frame Unknown (20s ago) [degraded] | last click/Left@1143,106 (6s ago), fg ? | at ClickLobbyTabDirectAsync: second ClickD2R (11s ago)
2026-06-24 10:27:12Z hc1 (D2R_1): frame Unknown (43s ago) [degraded] | last click/Left@1045,475 (21s ago), fg ? | at CreateGameAsync: filling game name/password fields (27s ago)
2026-06-24 10:27:12Z hc2 (D2R_2): frame Unknown (17s ago) [degraded] | last key/Escape/G/Space/Enter@683,384 (1m28s ago), fg ?
2026-06-24 10:27:12Z hc3 (D2R_3): frame Unknown (22s ago) [degraded] | last click/Left@1143,106 (8s ago), fg ? | at ClickLobbyTabDirectAsync: second ClickD2R (13s ago)
2026-06-24 10:27:15Z hc1 (D2R_1): frame Unknown (45s ago) [degraded] | last click/Left@1045,475 (24s ago), fg ? | at CreateGameAsync: filling game name/password fields (30s ago)
2026-06-24 10:27:15Z hc2 (D2R_2): frame Unknown (19s ago) [degraded] | last key/Escape/G/Space/Enter@683,384 (1m30s ago), fg ?
2026-06-24 10:27:15Z hc3 (D2R_3): frame Unknown (24s ago) [degraded] | last click/Left@1143,106 (11s ago), fg ? | at ClickLobbyTabDirectAsync: second ClickD2R (15s ago)
2026-06-24 10:27:17Z hc1 (D2R_1): frame Unknown (47s ago) [degraded] | last click/Left@1045,475 (26s ago), fg ? | at CreateGameAsync: filling game name/password fields (32s ago)
2026-06-24 10:27:17Z hc2 (D2R_2): frame Unknown (21s ago) [degraded] | last key/Escape/G/Space/Enter@683,384 (1m33s ago), fg ? | at EnsureLobbyOpenedAsync: remembered-character-screen click (0s ago)
2026-06-24 10:27:17Z hc3 (D2R_3): frame Unknown (27s ago) [degraded] | last click/Left@1143,106 (13s ago), fg ? | at ClickLobbyTabDirectAsync: second ClickD2R (18s ago)
2026-06-24 10:27:19Z hc1 (D2R_1): frame Unknown (50s ago) [degraded] | last click/Left@1045,475 (28s ago), fg ? | at CreateGameAsync: filling game name/password fields (34s ago)
2026-06-24 10:27:19Z hc2 (D2R_2): frame Unknown (24s ago) [degraded] | last click/Left@799,689 (1s ago), fg ? | at ClickLobbyTabDirectAsync: first ClickD2R (0s ago)
2026-06-24 10:27:19Z hc3 (D2R_3): frame Unknown (29s ago) [degraded] | last click/Left@1143,106 (15s ago), fg ? | at ClickLobbyTabDirectAsync: second ClickD2R (20s ago)
2026-06-24 10:27:21Z hc1 (D2R_1): frame Unknown (52s ago) [degraded] | last click/Left@1045,475 (30s ago), fg ? | at CreateGameAsync: filling game name/password fields (36s ago)
2026-06-24 10:27:21Z hc2 (D2R_2): frame Unknown (26s ago) [degraded] | last click/Left@1046,55 (0s ago), fg ? | at ClickLobbyTabDirectAsync: second ClickD2R (1s ago)
2026-06-24 10:27:21Z hc3 (D2R_3): frame Unknown (31s ago) [degraded] | last click/Left@1143,106 (17s ago), fg ? | at ClickLobbyTabDirectAsync: second ClickD2R (22s ago)
2026-06-24 10:27:24Z hc1 (D2R_1): frame Unknown (54s ago) [degraded] | last click/Left@1045,475 (33s ago), fg ? | at CreateGameAsync: filling game name/password fields (39s ago)
2026-06-24 10:27:24Z hc2 (D2R_2): frame Unknown (28s ago) [degraded] | last click/Left@952,106 (1s ago), fg ? | at ClickLobbyTabDirectAsync: second ClickD2R (3s ago)
2026-06-24 10:27:24Z hc3 (D2R_3): frame Unknown (33s ago) [degraded] | last click/Left@1143,106 (19s ago), fg ? | at ClickLobbyTabDirectAsync: second ClickD2R (24s ago)
2026-06-24 10:27:26Z hc1 (D2R_1): frame Unknown (56s ago) [degraded] | last click/Left@1045,475 (35s ago), fg ? | at CreateGameAsync: filling game name/password fields (41s ago)
2026-06-24 10:27:26Z hc2 (D2R_2): frame Unknown (30s ago) [degraded] | last click/Left@1143,106 (0s ago), fg ? | at ClickLobbyTabDirectAsync: second ClickD2R (5s ago)
2026-06-24 10:27:26Z hc3 (D2R_3): frame Unknown (35s ago) [degraded] | last click/Left@1143,106 (22s ago), fg ? | at ClickLobbyTabDirectAsync: second ClickD2R (26s ago)
2026-06-24 10:27:28Z hc1 (D2R_1): frame Unknown (58s ago) [degraded] | last click/Left@1045,475 (37s ago), fg ? | at CreateGameAsync: filling game name/password fields (43s ago)
2026-06-24 10:27:28Z hc2 (D2R_2): frame Unknown (32s ago) [degraded] | last click/Left@1143,106 (3s ago), fg ? | at ClickLobbyTabDirectAsync: second ClickD2R (8s ago)
2026-06-24 10:27:28Z hc3 (D2R_3): frame Unknown (38s ago) [degraded] | last click/Left@1143,106 (24s ago), fg ? | at ClickLobbyTabDirectAsync: second ClickD2R (29s ago)
2026-06-24 10:27:30Z hc1 (D2R_1): frame Unknown (1m1s ago) [degraded] | last click/Left@1045,475 (39s ago), fg ? | at CreateGameAsync: filling game name/password fields (45s ago)
2026-06-24 10:27:30Z hc2 (D2R_2): frame Unknown (35s ago) [degraded] | last click/Left@1143,106 (5s ago), fg ? | at ClickLobbyTabDirectAsync: second ClickD2R (10s ago)
2026-06-24 10:27:30Z hc3 (D2R_3): frame Unknown (40s ago) [degraded] | last click/Left@1143,106 (26s ago), fg ? | at ClickLobbyTabDirectAsync: second ClickD2R (31s ago)
2026-06-24 10:27:33Z hc1 (D2R_1): frame Unknown (1m3s ago) [degraded] | last click/Left@1045,475 (41s ago), fg ? | at CreateGameAsync: filling game name/password fields (48s ago)
2026-06-24 10:27:33Z hc2 (D2R_2): frame Unknown (37s ago) [degraded] | last click/Left@1143,106 (7s ago), fg ? | at ClickLobbyTabDirectAsync: second ClickD2R (12s ago)
2026-06-24 10:27:33Z hc3 (D2R_3): frame Unknown (42s ago) [degraded] | last click/Left@1143,106 (28s ago), fg ? | at ClickLobbyTabDirectAsync: second ClickD2R (33s ago)
2026-06-24 10:27:35Z hc1 (D2R_1): frame Unknown (1m5s ago) [degraded] | last click/Left@1045,475 (44s ago), fg ? | at CreateGameAsync: filling game name/password fields (50s ago)
2026-06-24 10:27:35Z hc2 (D2R_2): frame Unknown (39s ago) [degraded] | last click/Left@1143,106 (10s ago), fg ? | at ClickLobbyTabDirectAsync: second ClickD2R (14s ago)
2026-06-24 10:27:35Z hc3 (D2R_3): frame Unknown (44s ago) [degraded] | last click/Left@1143,106 (31s ago), fg ? | at ClickLobbyTabDirectAsync: second ClickD2R (35s ago)
2026-06-24 10:27:37Z hc1 (D2R_1): frame Unknown (1m8s ago) [degraded] | last click/Left@1045,475 (46s ago), fg ? | at CreateGameAsync: filling game name/password fields (52s ago)
2026-06-24 10:27:37Z hc2 (D2R_2): frame Unknown (42s ago) [degraded] | last click/Left@1143,106 (12s ago), fg ? | at ClickLobbyTabDirectAsync: second ClickD2R (17s ago)
2026-06-24 10:27:37Z hc3 (D2R_3): frame Unknown (47s ago) [degraded] | last click/Left@1143,106 (33s ago), fg ? | at ClickLobbyTabDirectAsync: second ClickD2R (38s ago)
2026-06-24 10:27:39Z hc1 (D2R_1): frame Unknown (1m10s ago) [degraded] | last click/Left@1045,475 (48s ago), fg ? | at CreateGameAsync: filling game name/password fields (54s ago)
2026-06-24 10:27:39Z hc2 (D2R_2): frame Unknown (44s ago) [degraded] | last click/Left@1046,55 (0s ago), fg ? | at ClickLobbyTabDirectAsync: second ClickD2R (1s ago)
2026-06-24 10:27:39Z hc3 (D2R_3): frame Unknown (49s ago) [degraded] | last click/Left@1046,55 (0s ago), fg ? | at ClickLobbyTabDirectAsync: second ClickD2R (1s ago)
2026-06-24 10:27:42Z hc1 (D2R_1): frame Unknown (1m12s ago) [degraded] | last click/Left@1045,475 (51s ago), fg ? | at CreateGameAsync: filling game name/password fields (57s ago)
2026-06-24 10:27:42Z hc2 (D2R_2): frame Unknown (46s ago) [degraded] | last click/Left@952,106 (1s ago), fg ? | at ClickLobbyTabDirectAsync: second ClickD2R (3s ago)
2026-06-24 10:27:42Z hc3 (D2R_3): frame Unknown (51s ago) [degraded] | last click/Left@952,106 (1s ago), fg ? | at ClickLobbyTabDirectAsync: second ClickD2R (3s ago)
2026-06-24 10:27:44Z hc1 (D2R_1): frame Unknown (1m14s ago) [degraded] | last click/Left@1045,475 (53s ago), fg ? | at CreateGameAsync: filling game name/password fields (59s ago)
2026-06-24 10:27:44Z hc2 (D2R_2): frame Unknown (48s ago) [degraded] | last click/Left@1143,106 (1s ago), fg ? | at ClickLobbyTabDirectAsync: second ClickD2R (5s ago)
2026-06-24 10:27:44Z hc3 (D2R_3): frame Unknown (54s ago) [degraded] | last click/Left@1143,106 (1s ago), fg ? | at ClickLobbyTabDirectAsync: second ClickD2R (5s ago)
2026-06-24 10:27:46Z hc1 (D2R_1): frame Unknown (1m17s ago) [degraded] | last click/Left@1045,475 (55s ago), fg ? | at CreateGameAsync: filling game name/password fields (1m1s ago)
2026-06-24 10:27:46Z hc2 (D2R_2): frame Unknown (51s ago) [degraded] | last click/Left@1045,478 (2s ago), fg ? | at ClickLobbyTabDirectAsync: second ClickD2R (8s ago)
2026-06-24 10:27:46Z hc3 (D2R_3): frame Unknown (56s ago) [degraded] | last click/Left@1045,478 (1s ago), fg ? | at ClickLobbyTabDirectAsync: second ClickD2R (8s ago)
2026-06-24 10:27:49Z hc1 (D2R_1): frame Unknown (1m19s ago) [degraded] | last click/Left@1045,475 (58s ago), fg ? | at CreateGameAsync: filling game name/password fields (1m4s ago)
2026-06-24 10:27:49Z hc2 (D2R_2): frame Unknown (53s ago) [degraded] | last click/Left@1045,478 (4s ago), fg ? | at ClickLobbyTabDirectAsync: second ClickD2R (10s ago)
2026-06-24 10:27:49Z hc3 (D2R_3): frame Unknown (59s ago) [degraded] | last click/Left@1045,478 (4s ago), fg ? | at ClickLobbyTabDirectAsync: second ClickD2R (10s ago)
2026-06-24 10:27:51Z hc1 (D2R_1): frame Unknown (1m21s ago) [degraded] | last click/Left@1045,475 (1m0s ago), fg ? | at CreateGameAsync: filling game name/password fields (1m6s ago)
2026-06-24 10:27:51Z hc2 (D2R_2): frame Unknown (56s ago) [degraded] | last click/Left@1045,478 (6s ago), fg ? | at ClickLobbyTabDirectAsync: second ClickD2R (12s ago)
2026-06-24 10:27:51Z hc3 (D2R_3): frame Unknown (1m1s ago) [degraded] | last click/Left@1045,478 (6s ago), fg ? | at ClickLobbyTabDirectAsync: second ClickD2R (12s ago)
2026-06-24 10:27:53Z hc1 (D2R_1): frame InGame (0s ago) [degraded] | last click/Left@1045,475 (1m2s ago), fg ? | at CreateGameAsync: filling game name/password fields (1m8s ago)
2026-06-24 10:27:53Z hc2 (D2R_2): frame Unknown (58s ago) [degraded] | last click/Left@1045,478 (9s ago), fg ? | at ClickLobbyTabDirectAsync: second ClickD2R (15s ago)
2026-06-24 10:27:53Z hc3 (D2R_3): frame Unknown (1m3s ago) [degraded] | last click/Left@1045,478 (9s ago), fg ? | at ClickLobbyTabDirectAsync: second ClickD2R (15s ago)
2026-06-24 10:28:00Z hc1 (D2R_1): frame InGame (6s ago) [degraded] | last click/Left@1045,475 (1m9s ago), fg ? | at CreateGameAsync: filling game name/password fields (1m15s ago)
2026-06-24 10:28:00Z hc2 (D2R_2): frame Unknown (1m0s ago) [degraded] | last click/Left@1045,478 (11s ago), fg ? | at ClickLobbyTabDirectAsync: second ClickD2R (17s ago)
2026-06-24 10:28:00Z hc3 (D2R_3): frame Unknown (1m5s ago) [degraded] | last click/Left@1045,478 (11s ago), fg ? | at ClickLobbyTabDirectAsync: second ClickD2R (17s ago)
2026-06-24 10:28:02Z hc1 (D2R_1): frame InGame (8s ago) [degraded] | last click/Left@1045,475 (1m11s ago), fg ? | at CreateGameAsync: filling game name/password fields (1m17s ago)
2026-06-24 10:28:02Z hc2 (D2R_2): frame Unknown (1m7s ago) [degraded] | last click/Left@1045,478 (17s ago), fg ? | at ClickLobbyTabDirectAsync: second ClickD2R (23s ago)
2026-06-24 10:28:02Z hc3 (D2R_3): frame Unknown (1m12s ago) [degraded] | last click/Left@1045,478 (17s ago), fg ? | at ClickLobbyTabDirectAsync: second ClickD2R (23s ago)
2026-06-24 10:28:04Z hc1 (D2R_1): frame InGame (11s ago) [degraded] | last click/Left@1045,475 (1m13s ago), fg ? | at CreateGameAsync: filling game name/password fields (1m19s ago)
2026-06-24 10:28:04Z hc2 (D2R_2): frame Unknown (1m9s ago) [degraded] | last click/Left@1045,478 (20s ago), fg ? | at ClickLobbyTabDirectAsync: second ClickD2R (26s ago)
2026-06-24 10:28:04Z hc3 (D2R_3): frame Unknown (1m14s ago) [degraded] | last click/Left@1045,478 (20s ago), fg ? | at ClickLobbyTabDirectAsync: second ClickD2R (26s ago)
2026-06-24 10:28:07Z hc1 (D2R_1): frame InGame (13s ago) [degraded] | last click/Left@1045,475 (1m16s ago), fg ? | at CreateGameAsync: filling game name/password fields (1m22s ago)
2026-06-24 10:28:07Z hc2 (D2R_2): frame Unknown (1m11s ago) [degraded] | last click/Left@1045,478 (22s ago), fg ? | at ClickLobbyTabDirectAsync: second ClickD2R (28s ago)
2026-06-24 10:28:07Z hc3 (D2R_3): frame Unknown (1m16s ago) [degraded] | last click/Left@1045,478 (22s ago), fg ? | at ClickLobbyTabDirectAsync: second ClickD2R (28s ago)
2026-06-24 10:28:09Z hc1 (D2R_1): frame InGame (16s ago) [degraded] | last click/Left@1045,475 (1m18s ago), fg ? | at CreateGameAsync: filling game name/password fields (1m24s ago)
2026-06-24 10:28:09Z hc2 (D2R_2): frame Unknown (1m14s ago) [degraded] | last click/Left@1045,478 (25s ago), fg ? | at ClickLobbyTabDirectAsync: second ClickD2R (31s ago)
2026-06-24 10:28:09Z hc3 (D2R_3): frame Unknown (1m19s ago) [degraded] | last click/Left@1045,478 (24s ago), fg ? | at ClickLobbyTabDirectAsync: second ClickD2R (31s ago)
2026-06-24 10:28:12Z hc1 (D2R_1): frame InGame (18s ago) [degraded] | last click/Left@1045,475 (1m21s ago), fg ? | at CreateGameAsync: filling game name/password fields (1m27s ago)
2026-06-24 10:28:12Z hc2 (D2R_2): frame Unknown (1m16s ago) [degraded] | last click/Left@1045,478 (27s ago), fg ? | at ClickLobbyTabDirectAsync: second ClickD2R (33s ago)
2026-06-24 10:28:12Z hc3 (D2R_3): frame Unknown (1m21s ago) [degraded] | last click/Left@1045,478 (27s ago), fg ? | at ClickLobbyTabDirectAsync: second ClickD2R (33s ago)
2026-06-24 10:28:14Z hc1 (D2R_1): frame InGame (20s ago) [degraded] | last click/Left@1045,475 (1m23s ago), fg ? | at CreateGameAsync: filling game name/password fields (1m29s ago)
2026-06-24 10:28:14Z hc2 (D2R_2): frame Unknown (1m19s ago) [degraded] | last click/Left@1045,478 (30s ago), fg ? | at ClickLobbyTabDirectAsync: second ClickD2R (36s ago)
2026-06-24 10:28:14Z hc3 (D2R_3): frame Unknown (1m24s ago) [degraded] | last click/Left@1045,478 (29s ago), fg ? | at ClickLobbyTabDirectAsync: second ClickD2R (36s ago)
2026-06-24 10:28:17Z hc1 (D2R_1): frame InGame (23s ago) [degraded] | last click/Left@1045,475 (1m25s ago), fg ? | at CreateGameAsync: filling game name/password fields (1m32s ago)
2026-06-24 10:28:17Z hc2 (D2R_2): frame Unknown (1m21s ago) [degraded] | last click/Left@1045,478 (32s ago), fg ? | at ClickLobbyTabDirectAsync: second ClickD2R (38s ago)
2026-06-24 10:28:17Z hc3 (D2R_3): frame Unknown (1m26s ago) [degraded] | last click/Left@1045,478 (32s ago), fg ? | at ClickLobbyTabDirectAsync: second ClickD2R (38s ago)
2026-06-24 10:28:19Z hc1 (D2R_1): frame InGame (25s ago) [degraded] | last click/Left@1045,475 (1m28s ago), fg ? | at CreateGameAsync: filling game name/password fields (1m34s ago)
2026-06-24 10:28:19Z hc2 (D2R_2): frame Unknown (1m23s ago) [degraded] | last click/Left@1045,478 (34s ago), fg ? | at ClickLobbyTabDirectAsync: second ClickD2R (40s ago)
2026-06-24 10:28:19Z hc3 (D2R_3): frame Unknown (1m29s ago) [degraded] | last click/Left@1045,478 (34s ago), fg ? | at ClickLobbyTabDirectAsync: second ClickD2R (40s ago)
2026-06-24 10:28:21Z hc1 (D2R_1): frame InGame (28s ago) [degraded] | last click/Left@1045,475 (1m30s ago), fg ? | at CreateGameAsync: filling game name/password fields (1m36s ago)
2026-06-24 10:28:21Z hc2 (D2R_2): frame Unknown (1m26s ago) [degraded] | last click/Left@1045,478 (37s ago), fg ? | at ClickLobbyTabDirectAsync: second ClickD2R (43s ago)
2026-06-24 10:28:21Z hc3 (D2R_3): frame Unknown (1m31s ago) [degraded] | last click/Left@1045,478 (36s ago), fg ? | at ClickLobbyTabDirectAsync: second ClickD2R (43s ago)
2026-06-24 10:28:28Z hc1 (D2R_1): frame InGame (30s ago) [degraded] | last click/Left@1045,475 (1m33s ago), fg ? | at CreateGameAsync: filling game name/password fields (1m39s ago)
2026-06-24 10:28:28Z hc2 (D2R_2): frame InGame (5s ago) [degraded] | last click/Left@1045,478 (43s ago), fg ? | at ClickLobbyTabDirectAsync: second ClickD2R (49s ago)
2026-06-24 10:28:28Z hc3 (D2R_3): frame Unknown (1m33s ago) [degraded] | last click/Left@1045,478 (39s ago), fg ? | at ClickLobbyTabDirectAsync: second ClickD2R (45s ago)
2026-06-24 10:28:30Z hc1 (D2R_1): frame InGame (36s ago) [degraded] | last click/Left@1045,475 (1m39s ago), fg ? | at CreateGameAsync: filling game name/password fields (1m45s ago)
2026-06-24 10:28:30Z hc2 (D2R_2): frame InGame (7s ago) [degraded] | last click/Left@1045,478 (46s ago), fg ? | at ClickLobbyTabDirectAsync: second ClickD2R (52s ago)
2026-06-24 10:28:30Z hc3 (D2R_3): frame Unknown (1m40s ago) [degraded] | last click/Left@1045,478 (45s ago), fg ? | at ClickLobbyTabDirectAsync: second ClickD2R (51s ago)
