2026-06-24 18:15:33Z hc1 (D2R_1): frame NotRunning (45s ago) [degraded] | last click/Left@1045,478 (2m7s ago), fg ? | at ClickMenuEntryButtonUntilEnteredGameAsync: initial click (2m8s ago)
2026-06-24 18:15:33Z hc2 (D2R_2): frame NotRunning (26s ago) [degraded] | last click/Left@1045,478 (1m38s ago), fg ? | at ClickMenuEntryButtonUntilEnteredGameAsync: initial click (1m39s ago)
2026-06-24 18:15:33Z hc3 (D2R_3): frame InGame (40s ago) [degraded] | last click/Left@1045,478 (2m2s ago), fg ? | at ClickMenuEntryButtonUntilEnteredGameAsync: initial click (2m2s ago)
2026-06-24 18:15:35Z hc1 (D2R_1): frame NotRunning (47s ago) [degraded] | last click/Left@1045,478 (2m10s ago), fg ? | at ClickMenuEntryButtonUntilEnteredGameAsync: initial click (2m10s ago)
2026-06-24 18:15:35Z hc2 (D2R_2): frame NotRunning (29s ago) [degraded] | last click/Left@1045,478 (1m41s ago), fg ? | at ClickMenuEntryButtonUntilEnteredGameAsync: initial click (1m41s ago)
2026-06-24 18:15:35Z hc3 (D2R_3): frame InGame (43s ago) [degraded] | last click/Left@1045,478 (2m4s ago), fg ? | at ClickMenuEntryButtonUntilEnteredGameAsync: initial click (2m5s ago)
2026-06-24 18:15:38Z hc1 (D2R_1): frame NotRunning (50s ago) [degraded] | last click/Left@1045,478 (2m12s ago), fg ? | at ClickMenuEntryButtonUntilEnteredGameAsync: initial click (2m13s ago)
2026-06-24 18:15:38Z hc2 (D2R_2): frame NotRunning (31s ago) [degraded] | last click/Left@1045,478 (1m43s ago), fg ? | at ClickMenuEntryButtonUntilEnteredGameAsync: initial click (1m44s ago)
2026-06-24 18:15:38Z hc3 (D2R_3): frame InGame (45s ago) [degraded] | last click/Left@1045,478 (2m7s ago), fg ? | at ClickMenuEntryButtonUntilEnteredGameAsync: initial click (2m7s ago)
2026-06-24 18:15:40Z hc1 (D2R_1): frame NotRunning (52s ago) [degraded] | last click/Left@1045,478 (2m15s ago), fg ? | at ClickMenuEntryButtonUntilEnteredGameAsync: initial click (2m15s ago)
2026-06-24 18:15:40Z hc2 (D2R_2): frame NotRunning (34s ago) [degraded] | last click/Left@1045,478 (1m46s ago), fg ? | at ClickMenuEntryButtonUntilEnteredGameAsync: initial click (1m46s ago)
2026-06-24 18:15:40Z hc3 (D2R_3): frame InGame (48s ago) [degraded] | last click/Left@1045,478 (2m9s ago), fg ? | at ClickMenuEntryButtonUntilEnteredGameAsync: initial click (2m9s ago)
2026-06-24 18:15:42Z hc1 (D2R_1): frame Unknown (0s ago) [degraded] | last click/Left@1045,478 (2m17s ago), fg ? | at ClickMenuEntryButtonUntilEnteredGameAsync: initial click (2m17s ago)
2026-06-24 18:15:42Z hc2 (D2R_2): frame Unknown (0s ago) [degraded] | last click/Left@1045,478 (1m48s ago), fg ? | at ClickMenuEntryButtonUntilEnteredGameAsync: initial click (1m48s ago)
2026-06-24 18:15:42Z hc3 (D2R_3): frame Unknown (0s ago) [degraded] | last click/Left@1045,478 (2m11s ago), fg ? | at ClickMenuEntryButtonUntilEnteredGameAsync: initial click (2m12s ago)
2026-06-24 18:15:44Z hc1 (D2R_1): frame Unknown (2s ago) [degraded] | last click/Left@1045,478 (2m19s ago), fg ? | at ClickMenuEntryButtonUntilEnteredGameAsync: initial click (2m20s ago)
2026-06-24 18:15:44Z hc2 (D2R_2): frame Unknown (2s ago) [degraded] | last click/Left@1045,478 (1m50s ago), fg ? | at ClickMenuEntryButtonUntilEnteredGameAsync: initial click (1m51s ago)
2026-06-24 18:15:44Z hc3 (D2R_3): frame Unknown (2s ago) [degraded] | last click/Left@1045,478 (2m13s ago), fg ? | at ClickMenuEntryButtonUntilEnteredGameAsync: initial click (2m14s ago)
2026-06-24 18:15:47Z hc1 (D2R_1): frame Unknown (4s ago) [degraded] | last key/Escape/G/Space/Enter@683,384 (1s ago), fg ? | at ClickMenuEntryButtonUntilEnteredGameAsync: initial click (2m22s ago)
2026-06-24 18:15:47Z hc2 (D2R_2): frame Unknown (4s ago) [degraded] | last key/Escape/G/Space/Enter@683,384 (1s ago), fg ? | at ClickMenuEntryButtonUntilEnteredGameAsync: initial click (1m53s ago)
2026-06-24 18:15:47Z hc3 (D2R_3): frame Unknown (4s ago) [degraded] | last key/Escape/G/Space/Enter@683,384 (1s ago), fg ? | at ClickMenuEntryButtonUntilEnteredGameAsync: initial click (2m16s ago)
2026-06-24 18:15:49Z hc1 (D2R_1): frame Unknown (7s ago) [degraded] | last key/Escape/G/Space/Enter@683,384 (3s ago), fg ? | at ClickMenuEntryButtonUntilEnteredGameAsync: initial click (2m24s ago)
2026-06-24 18:15:49Z hc2 (D2R_2): frame Unknown (7s ago) [degraded] | last key/Escape/G/Space/Enter@683,384 (3s ago), fg ? | at ClickMenuEntryButtonUntilEnteredGameAsync: initial click (1m55s ago)
2026-06-24 18:15:49Z hc3 (D2R_3): frame Unknown (7s ago) [degraded] | last key/Escape/G/Space/Enter@683,384 (3s ago), fg ? | at ClickMenuEntryButtonUntilEnteredGameAsync: initial click (2m18s ago)
2026-06-24 18:15:51Z hc1 (D2R_1): frame Unknown (9s ago) [degraded] | last key/Escape/G/Space/Enter@683,384 (6s ago), fg ? | at ClickMenuEntryButtonUntilEnteredGameAsync: initial click (2m26s ago)
2026-06-24 18:15:51Z hc2 (D2R_2): frame Unknown (9s ago) [degraded] | last key/Escape/G/Space/Enter@683,384 (6s ago), fg ? | at ClickMenuEntryButtonUntilEnteredGameAsync: initial click (1m57s ago)
2026-06-24 18:15:51Z hc3 (D2R_3): frame Unknown (9s ago) [degraded] | last key/Escape/G/Space/Enter@683,384 (6s ago), fg ? | at ClickMenuEntryButtonUntilEnteredGameAsync: initial click (2m21s ago)
2026-06-24 18:15:54Z hc1 (D2R_1): frame Unknown (11s ago) [degraded] | last key/Escape/G/Space/Enter@683,384 (8s ago), fg ? | at ClickMenuEntryButtonUntilEnteredGameAsync: initial click (2m29s ago)
2026-06-24 18:15:54Z hc2 (D2R_2): frame Unknown (11s ago) [degraded] | last key/Escape/G/Space/Enter@683,384 (8s ago), fg ? | at ClickMenuEntryButtonUntilEnteredGameAsync: initial click (2m0s ago)
2026-06-24 18:15:54Z hc3 (D2R_3): frame Unknown (11s ago) [degraded] | last key/Escape/G/Space/Enter@683,384 (8s ago), fg ? | at ClickMenuEntryButtonUntilEnteredGameAsync: initial click (2m23s ago)
2026-06-24 18:15:56Z hc1 (D2R_1): frame Unknown (0s ago) [degraded] | last key/Escape/G/Space/Enter@683,384 (10s ago), fg ? | at ClickMenuEntryButtonUntilEnteredGameAsync: initial click (2m31s ago)
2026-06-24 18:15:56Z hc2 (D2R_2): frame Unknown (0s ago) [degraded] | last key/Escape/G/Space/Enter@683,384 (10s ago), fg ? | at ClickMenuEntryButtonUntilEnteredGameAsync: initial click (2m2s ago)
2026-06-24 18:15:56Z hc3 (D2R_3): frame Unknown (0s ago) [degraded] | last key/Escape/G/Space/Enter@683,384 (10s ago), fg ? | at ClickMenuEntryButtonUntilEnteredGameAsync: initial click (2m25s ago)
2026-06-24 18:15:58Z hc1 (D2R_1): frame Unknown (3s ago) [degraded] | last key/Escape/G/Space/Enter@683,384 (0s ago), fg ? | at ClickMenuEntryButtonUntilEnteredGameAsync: initial click (2m33s ago)
2026-06-24 18:15:58Z hc2 (D2R_2): frame Unknown (2s ago) [degraded] | last key/Escape/G/Space/Enter@683,384 (12s ago), fg ? | at ClickMenuEntryButtonUntilEnteredGameAsync: initial click (2m4s ago)
2026-06-24 18:15:58Z hc3 (D2R_3): frame Unknown (2s ago) [degraded] | last key/Escape/G/Space/Enter@683,384 (13s ago), fg ? | at ClickMenuEntryButtonUntilEnteredGameAsync: initial click (2m28s ago)
2026-06-24 18:16:00Z hc1 (D2R_1): frame Unknown (5s ago) [degraded] | last key/Escape/G/Space/Enter@683,384 (2s ago), fg ? | at ClickMenuEntryButtonUntilEnteredGameAsync: initial click (2m35s ago)
2026-06-24 18:16:00Z hc2 (D2R_2): frame Unknown (4s ago) [degraded] | last key/Escape/G/Space/Enter@683,384 (1s ago), fg ? | at ClickMenuEntryButtonUntilEnteredGameAsync: initial click (2m6s ago)
2026-06-24 18:16:00Z hc3 (D2R_3): frame Unknown (4s ago) [degraded] | last key/Escape/G/Space/Enter@683,384 (1s ago), fg ? | at ClickMenuEntryButtonUntilEnteredGameAsync: initial click (2m30s ago)
2026-06-24 18:16:03Z hc1 (D2R_1): frame Unknown (7s ago) [degraded] | last key/Escape/G/Space/Enter@683,384 (4s ago), fg ? | at ClickMenuEntryButtonUntilEnteredGameAsync: initial click (2m38s ago)
2026-06-24 18:16:03Z hc2 (D2R_2): frame Unknown (7s ago) [degraded] | last key/Escape/G/Space/Enter@683,384 (4s ago), fg ? | at ClickMenuEntryButtonUntilEnteredGameAsync: initial click (2m9s ago)
2026-06-24 18:16:03Z hc3 (D2R_3): frame Unknown (7s ago) [degraded] | last key/Escape/G/Space/Enter@683,384 (4s ago), fg ? | at ClickMenuEntryButtonUntilEnteredGameAsync: initial click (2m32s ago)
2026-06-24 18:16:05Z hc1 (D2R_1): frame Unknown (10s ago) [degraded] | last key/Escape/G/Space/Enter@683,384 (7s ago), fg ? | at ClickMenuEntryButtonUntilEnteredGameAsync: initial click (2m40s ago)
2026-06-24 18:16:05Z hc2 (D2R_2): frame Unknown (9s ago) [degraded] | last key/Escape/G/Space/Enter@683,384 (6s ago), fg ? | at ClickMenuEntryButtonUntilEnteredGameAsync: initial click (2m11s ago)
2026-06-24 18:16:05Z hc3 (D2R_3): frame Unknown (9s ago) [degraded] | last key/Escape/G/Space/Enter@683,384 (6s ago), fg ? | at ClickMenuEntryButtonUntilEnteredGameAsync: initial click (2m34s ago)
2026-06-24 18:16:07Z hc1 (D2R_1): frame Unknown (12s ago) [degraded] | last key/Escape/G/Space/Enter@683,384 (9s ago), fg ? | at ClickMenuEntryButtonUntilEnteredGameAsync: initial click (2m42s ago)
2026-06-24 18:16:07Z hc2 (D2R_2): frame Unknown (11s ago) [degraded] | last key/Escape/G/Space/Enter@683,384 (8s ago), fg ? | at ClickMenuEntryButtonUntilEnteredGameAsync: initial click (2m14s ago)
2026-06-24 18:16:07Z hc3 (D2R_3): frame Unknown (11s ago) [degraded] | last key/Escape/G/Space/Enter@683,384 (8s ago), fg ? | at ClickMenuEntryButtonUntilEnteredGameAsync: initial click (2m37s ago)
2026-06-24 18:16:10Z hc1 (D2R_1): frame Unknown (1s ago) [degraded] | last key/Escape/G/Space/Enter@683,384 (11s ago), fg ? | at ClickMenuEntryButtonUntilEnteredGameAsync: initial click (2m45s ago)
2026-06-24 18:16:10Z hc2 (D2R_2): frame Unknown (0s ago) [degraded] | last key/Escape/G/Space/Enter@683,384 (11s ago), fg ? | at ClickMenuEntryButtonUntilEnteredGameAsync: initial click (2m16s ago)
2026-06-24 18:16:10Z hc3 (D2R_3): frame Unknown (1s ago) [degraded] | last key/Escape/G/Space/Enter@683,384 (11s ago), fg ? | at ClickMenuEntryButtonUntilEnteredGameAsync: initial click (2m39s ago)
2026-06-24 18:16:12Z hc1 (D2R_1): frame Unknown (3s ago) [degraded] | last key/Escape/G/Space/Enter@683,384 (1s ago), fg ? | at ClickMenuEntryButtonUntilEnteredGameAsync: initial click (2m47s ago)
2026-06-24 18:16:12Z hc2 (D2R_2): frame Unknown (2s ago) [degraded] | last key/Escape/G/Space/Enter@683,384 (13s ago), fg ? | at ClickMenuEntryButtonUntilEnteredGameAsync: initial click (2m18s ago)
2026-06-24 18:16:12Z hc3 (D2R_3): frame Unknown (3s ago) [degraded] | last key/Escape/G/Space/Enter@683,384 (0s ago), fg ? | at ClickMenuEntryButtonUntilEnteredGameAsync: initial click (2m41s ago)
2026-06-24 18:16:14Z hc1 (D2R_1): frame Unknown (6s ago) [degraded] | last key/Escape/G/Space/Enter@683,384 (3s ago), fg ? | at ClickMenuEntryButtonUntilEnteredGameAsync: initial click (2m49s ago)
2026-06-24 18:16:14Z hc2 (D2R_2): frame Unknown (5s ago) [degraded] | last key/Escape/G/Space/Enter@683,384 (2s ago), fg ? | at ClickMenuEntryButtonUntilEnteredGameAsync: initial click (2m20s ago)
2026-06-24 18:16:14Z hc3 (D2R_3): frame Unknown (6s ago) [degraded] | last key/Escape/G/Space/Enter@683,384 (3s ago), fg ? | at ClickMenuEntryButtonUntilEnteredGameAsync: initial click (2m44s ago)
2026-06-24 18:16:17Z hc1 (D2R_1): frame DiabloSplash (2s ago) [degraded] | last key/Escape/G/Space/Enter@683,384 (5s ago), fg ? | at ClickMenuEntryButtonUntilEnteredGameAsync: initial click (2m52s ago)
2026-06-24 18:16:17Z hc2 (D2R_2): frame Unknown (7s ago) [degraded] | last key/Escape/G/Space/Enter@683,384 (4s ago), fg ? | at ClickMenuEntryButtonUntilEnteredGameAsync: initial click (2m23s ago)
2026-06-24 18:16:17Z hc3 (D2R_3): frame DiabloSplash (1s ago) [degraded] | last key/Escape/G/Space/Enter@683,384 (5s ago), fg ? | at ClickMenuEntryButtonUntilEnteredGameAsync: initial click (2m46s ago)
2026-06-24 18:16:19Z hc1 (D2R_1): frame DiabloSplash (4s ago) [degraded] | last key/SplashContinue/G/Space/Enter@683,384 (2s ago), fg ? | at ClickMenuEntryButtonUntilEnteredGameAsync: initial click (2m54s ago)
2026-06-24 18:16:19Z hc2 (D2R_2): frame Unknown (9s ago) [degraded] | last key/Escape/G/Space/Enter@683,384 (6s ago), fg ? | at ClickMenuEntryButtonUntilEnteredGameAsync: initial click (2m25s ago)
2026-06-24 18:16:19Z hc3 (D2R_3): frame DiabloSplash (4s ago) [degraded] | last key/SplashContinue/G/Space/Enter@683,384 (1s ago), fg ? | at ClickMenuEntryButtonUntilEnteredGameAsync: initial click (2m48s ago)
2026-06-24 18:16:21Z hc1 (D2R_1): frame DiabloSplash (6s ago) [degraded] | last key/SplashContinue/G/Space/Enter@683,384 (4s ago), fg ? | at ClickMenuEntryButtonUntilEnteredGameAsync: initial click (2m56s ago)
2026-06-24 18:16:21Z hc2 (D2R_2): frame Unknown (12s ago) [degraded] | last key/Escape/G/Space/Enter@683,384 (9s ago), fg ? | at ClickMenuEntryButtonUntilEnteredGameAsync: initial click (2m27s ago)
2026-06-24 18:16:21Z hc3 (D2R_3): frame ConnectingToBattleNet (0s ago) [degraded] | last key/SplashContinue/G/Space/Enter@683,384 (3s ago), fg ? | at ClickMenuEntryButtonUntilEnteredGameAsync: initial click (2m50s ago)
2026-06-24 18:16:23Z hc1 (D2R_1): frame DiabloSplash (8s ago) [degraded] | last key/SplashContinue/G/Space/Enter@683,384 (6s ago), fg ? | at ClickMenuEntryButtonUntilEnteredGameAsync: initial click (2m58s ago)
2026-06-24 18:16:23Z hc2 (D2R_2): frame Unknown (14s ago) [degraded] | last key/Escape/G/Space/Enter@683,384 (11s ago), fg ? | at ClickMenuEntryButtonUntilEnteredGameAsync: initial click (2m29s ago)
2026-06-24 18:16:23Z hc3 (D2R_3): frame ConnectingToBattleNet (2s ago) [degraded] | last key/SplashContinue/G/Space/Enter@683,384 (0s ago), fg ? | at ClickMenuEntryButtonUntilEnteredGameAsync: initial click (2m53s ago)
2026-06-24 18:16:27Z hc1 (D2R_1): frame DiabloSplash (11s ago) [degraded] | last key/SplashContinue/G/Space/Enter@683,384 (8s ago), fg ? | at ClickMenuEntryButtonUntilEnteredGameAsync: initial click (3m1s ago)
2026-06-24 18:16:27Z hc2 (D2R_2): frame Unknown (1s ago) [degraded] | last key/Escape/G/Space/Enter@683,384 (13s ago), fg ? | at ClickMenuEntryButtonUntilEnteredGameAsync: initial click (2m32s ago)
2026-06-24 18:16:27Z hc3 (D2R_3): frame ConnectingToBattleNet (4s ago) [degraded] | last key/SplashContinue/G/Space/Enter@683,384 (2s ago), fg ? | at ClickMenuEntryButtonUntilEnteredGameAsync: initial click (2m55s ago)
2026-06-24 18:16:29Z hc1 (D2R_1): frame CharacterScreen (2s ago) [degraded] | last key/SplashContinue/G/Space/Enter@683,384 (12s ago), fg ? | at ClickMenuEntryButtonUntilEnteredGameAsync: initial click (3m4s ago)
2026-06-24 18:16:29Z hc2 (D2R_2): frame Unknown (5s ago) [degraded] | last key/Escape/G/Space/Enter@683,384 (2s ago), fg ? | at ClickMenuEntryButtonUntilEnteredGameAsync: initial click (2m35s ago)
2026-06-24 18:16:29Z hc3 (D2R_3): frame ConnectingToBattleNet (8s ago) [degraded] | last key/SplashContinue/G/Space/Enter@683,384 (6s ago), fg ? | at ClickMenuEntryButtonUntilEnteredGameAsync: initial click (2m59s ago)
2026-06-24 18:16:31Z hc1 (D2R_1): frame CharacterScreen (4s ago) [degraded] | last key/SplashContinue/G/Space/Enter@683,384 (14s ago), fg ? | at ClickMenuEntryButtonUntilEnteredGameAsync: initial click (3m7s ago)
2026-06-24 18:16:31Z hc2 (D2R_2): frame Unknown (7s ago) [degraded] | last key/Escape/G/Space/Enter@683,384 (4s ago), fg ? | at ClickMenuEntryButtonUntilEnteredGameAsync: initial click (2m38s ago)
2026-06-24 18:16:31Z hc3 (D2R_3): frame ConnectingToBattleNet (10s ago) [degraded] | last key/SplashContinue/G/Space/Enter@683,384 (8s ago), fg ? | at ClickMenuEntryButtonUntilEnteredGameAsync: initial click (3m1s ago)
2026-06-24 18:16:34Z hc1 (D2R_1): frame CharacterScreen (7s ago) [degraded] | last key/SplashContinue/G/Space/Enter@683,384 (16s ago), fg ? | at ClickMenuEntryButtonUntilEnteredGameAsync: initial click (3m9s ago)
2026-06-24 18:16:34Z hc2 (D2R_2): frame Unknown (9s ago) [degraded] | last key/Escape/G/Space/Enter@683,384 (6s ago), fg ? | at ClickMenuEntryButtonUntilEnteredGameAsync: initial click (2m40s ago)
2026-06-24 18:16:34Z hc3 (D2R_3): frame ConnectingToBattleNet (13s ago) [degraded] | last key/SplashContinue/G/Space/Enter@683,384 (10s ago), fg ? | at ClickMenuEntryButtonUntilEnteredGameAsync: initial click (3m3s ago)
2026-06-24 18:16:36Z hc1 (D2R_1): frame CharacterScreen (9s ago) [degraded] | last key/SplashContinue/G/Space/Enter@683,384 (19s ago), fg ? | at ClickMenuEntryButtonUntilEnteredGameAsync: initial click (3m11s ago)
2026-06-24 18:16:36Z hc2 (D2R_2): frame Unknown (12s ago) [degraded] | last key/Escape/G/Space/Enter@683,384 (9s ago), fg ? | at ClickMenuEntryButtonUntilEnteredGameAsync: initial click (2m42s ago)
2026-06-24 18:16:36Z hc3 (D2R_3): frame ConnectingToBattleNet (15s ago) [degraded] | last key/SplashContinue/G/Space/Enter@683,384 (12s ago), fg ? | at ClickMenuEntryButtonUntilEnteredGameAsync: initial click (3m5s ago)
2026-06-24 18:16:38Z hc1 (D2R_1): frame CharacterScreen (11s ago) [degraded] | last key/SplashContinue/G/Space/Enter@683,384 (21s ago), fg ? | at ClickMenuEntryButtonUntilEnteredGameAsync: initial click (3m13s ago)
2026-06-24 18:16:38Z hc2 (D2R_2): frame Unknown (14s ago) [degraded] | last key/Escape/G/Space/Enter@683,384 (11s ago), fg ? | at ClickMenuEntryButtonUntilEnteredGameAsync: initial click (2m44s ago)
2026-06-24 18:16:38Z hc3 (D2R_3): frame ConnectingToBattleNet (17s ago) [degraded] | last key/SplashContinue/G/Space/Enter@683,384 (15s ago), fg ? | at ClickMenuEntryButtonUntilEnteredGameAsync: initial click (3m8s ago)
2026-06-24 18:16:41Z hc1 (D2R_1): frame CharacterScreen (13s ago) [degraded] | last key/SplashContinue/G/Space/Enter@683,384 (23s ago), fg ? | at ClickMenuEntryButtonUntilEnteredGameAsync: initial click (3m16s ago)
2026-06-24 18:16:41Z hc2 (D2R_2): frame Unknown (16s ago) [degraded] | last key/Escape/G/Space/Enter@683,384 (13s ago), fg ? | at ClickMenuEntryButtonUntilEnteredGameAsync: initial click (2m47s ago)
2026-06-24 18:16:41Z hc3 (D2R_3): frame ConnectingToBattleNet (19s ago) [degraded] | last key/SplashContinue/G/Space/Enter@683,384 (17s ago), fg ? | at ClickMenuEntryButtonUntilEnteredGameAsync: initial click (3m10s ago)
2026-06-24 18:16:43Z hc1 (D2R_1): frame CharacterScreen (16s ago) [degraded] | last key/SplashContinue/G/Space/Enter@683,384 (26s ago), fg ? | at ClickMenuEntryButtonUntilEnteredGameAsync: initial click (3m18s ago)
2026-06-24 18:16:43Z hc2 (D2R_2): frame Unknown (19s ago) [degraded] | last key/Escape/G/Space/Enter@683,384 (16s ago), fg ? | at ClickMenuEntryButtonUntilEnteredGameAsync: initial click (2m49s ago)
2026-06-24 18:16:43Z hc3 (D2R_3): frame ConnectingToBattleNet (22s ago) [degraded] | last key/SplashContinue/G/Space/Enter@683,384 (19s ago), fg ? | at ClickMenuEntryButtonUntilEnteredGameAsync: initial click (3m12s ago)
2026-06-24 18:16:45Z hc1 (D2R_1): frame CharacterScreen (18s ago) [degraded] | last key/SplashContinue/G/Space/Enter@683,384 (28s ago), fg ? | at ClickMenuEntryButtonUntilEnteredGameAsync: initial click (3m20s ago)
2026-06-24 18:16:45Z hc2 (D2R_2): frame Unknown (21s ago) [degraded] | last key/Escape/G/Space/Enter@683,384 (18s ago), fg ? | at ClickMenuEntryButtonUntilEnteredGameAsync: initial click (2m51s ago)
2026-06-24 18:16:45Z hc3 (D2R_3): frame ConnectingToBattleNet (24s ago) [degraded] | last key/SplashContinue/G/Space/Enter@683,384 (22s ago), fg ? | at ClickMenuEntryButtonUntilEnteredGameAsync: initial click (3m15s ago)
2026-06-24 18:16:48Z hc1 (D2R_1): frame CharacterScreen (20s ago) [degraded] | last key/SplashContinue/G/Space/Enter@683,384 (30s ago), fg ? | at ClickMenuEntryButtonUntilEnteredGameAsync: initial click (3m23s ago)
2026-06-24 18:16:48Z hc2 (D2R_2): frame Unknown (23s ago) [degraded] | last key/Escape/G/Space/Enter@683,384 (20s ago), fg ? | at ClickMenuEntryButtonUntilEnteredGameAsync: initial click (2m54s ago)
2026-06-24 18:16:48Z hc3 (D2R_3): frame ConnectingToBattleNet (26s ago) [degraded] | last key/SplashContinue/G/Space/Enter@683,384 (24s ago), fg ? | at ClickMenuEntryButtonUntilEnteredGameAsync: initial click (3m17s ago)
2026-06-24 18:16:50Z hc1 (D2R_1): frame CharacterScreen (23s ago) [degraded] | last key/SplashContinue/G/Space/Enter@683,384 (33s ago), fg ? | at ClickMenuEntryButtonUntilEnteredGameAsync: initial click (3m25s ago)
2026-06-24 18:16:50Z hc2 (D2R_2): frame Unknown (26s ago) [degraded] | last key/Escape/G/Space/Enter@683,384 (23s ago), fg ? | at ClickMenuEntryButtonUntilEnteredGameAsync: initial click (2m56s ago)
2026-06-24 18:16:50Z hc3 (D2R_3): frame ConnectingToBattleNet (29s ago) [degraded] | last key/SplashContinue/G/Space/Enter@683,384 (26s ago), fg ? | at ClickMenuEntryButtonUntilEnteredGameAsync: initial click (3m19s ago)
2026-06-24 18:16:52Z hc1 (D2R_1): frame CharacterScreen (25s ago) [degraded] | last key/SplashContinue/G/Space/Enter@683,384 (35s ago), fg ? | at ClickMenuEntryButtonUntilEnteredGameAsync: initial click (3m27s ago)
2026-06-24 18:16:52Z hc2 (D2R_2): frame Unknown (28s ago) [degraded] | last key/Escape/G/Space/Enter@683,384 (25s ago), fg ? | at ClickMenuEntryButtonUntilEnteredGameAsync: initial click (2m58s ago)
2026-06-24 18:16:52Z hc3 (D2R_3): frame ConnectingToBattleNet (31s ago) [degraded] | last key/SplashContinue/G/Space/Enter@683,384 (29s ago), fg ? | at ClickMenuEntryButtonUntilEnteredGameAsync: initial click (3m22s ago)
2026-06-24 18:16:54Z hc1 (D2R_1): frame CharacterScreen (27s ago) [degraded] | last click/Left@799,689 (0s ago), fg ? | at EnsureLobbyOpenedAsync: remembered-character-screen click (1s ago)
2026-06-24 18:16:54Z hc2 (D2R_2): frame Unknown (30s ago) [degraded] | last key/Escape/G/Space/Enter@683,384 (27s ago), fg ? | at ClickMenuEntryButtonUntilEnteredGameAsync: initial click (3m1s ago)
2026-06-24 18:16:54Z hc3 (D2R_3): frame ConnectingToBattleNet (33s ago) [degraded] | last key/SplashContinue/G/Space/Enter@683,384 (31s ago), fg ? | at ClickMenuEntryButtonUntilEnteredGameAsync: initial click (3m24s ago)
2026-06-24 18:16:57Z hc1 (D2R_1): frame CharacterScreen (30s ago) [degraded] | last click/Left@1046,55 (0s ago), fg ? | at ClickLobbyTabDirectAsync: second ClickD2R (0s ago)
2026-06-24 18:16:57Z hc2 (D2R_2): frame Unknown (32s ago) [degraded] | last key/Escape/G/Space/Enter@683,384 (29s ago), fg ? | at ClickMenuEntryButtonUntilEnteredGameAsync: initial click (3m3s ago)
2026-06-24 18:16:57Z hc3 (D2R_3): frame ConnectingToBattleNet (36s ago) [degraded] | last key/SplashContinue/G/Space/Enter@683,384 (33s ago), fg ? | at ClickMenuEntryButtonUntilEnteredGameAsync: initial click (3m26s ago)
2026-06-24 18:16:59Z hc1 (D2R_1): frame CharacterScreen (32s ago) [degraded] | last click/Left@952,106 (0s ago), fg ? | at RestoreJoinGameFormAsync: fill game name (1s ago)
2026-06-24 18:16:59Z hc2 (D2R_2): frame Unknown (35s ago) [degraded] | last key/Escape/G/Space/Enter@683,384 (32s ago), fg ? | at ClickMenuEntryButtonUntilEnteredGameAsync: initial click (3m5s ago)
2026-06-24 18:16:59Z hc3 (D2R_3): frame ConnectingToBattleNet (38s ago) [degraded] | last key/SplashContinue/G/Space/Enter@683,384 (35s ago), fg ? | at ClickMenuEntryButtonUntilEnteredGameAsync: initial click (3m28s ago)
2026-06-24 18:17:01Z hc1 (D2R_1): frame CharacterScreen (34s ago) [degraded] | last click/Left@1143,106 (0s ago), fg ? | at ClickLobbyTabDirectAsync: first ClickD2R (0s ago)
2026-06-24 18:17:01Z hc2 (D2R_2): frame Unknown (37s ago) [degraded] | last key/Escape/G/Space/Enter@683,384 (34s ago), fg ? | at ClickMenuEntryButtonUntilEnteredGameAsync: initial click (3m7s ago)
2026-06-24 18:17:01Z hc3 (D2R_3): frame ConnectingToBattleNet (40s ago) [degraded] | last key/SplashContinue/G/Space/Enter@683,384 (38s ago), fg ? | at ClickMenuEntryButtonUntilEnteredGameAsync: initial click (3m31s ago)
2026-06-24 18:17:04Z hc1 (D2R_1): frame CharacterScreen (36s ago) [degraded] | last click/Left@952,106 (0s ago), fg ? | at RestoreJoinGameFormAsync: fill game name (0s ago)
2026-06-24 18:17:04Z hc2 (D2R_2): frame Unknown (39s ago) [degraded] | last key/Escape/G/Space/Enter@683,384 (36s ago), fg ? | at ClickMenuEntryButtonUntilEnteredGameAsync: initial click (3m10s ago)
2026-06-24 18:17:04Z hc3 (D2R_3): frame ConnectingToBattleNet (42s ago) [degraded] | last key/SplashContinue/G/Space/Enter@683,384 (40s ago), fg ? | at ClickMenuEntryButtonUntilEnteredGameAsync: initial click (3m33s ago)
2026-06-24 18:17:06Z hc1 (D2R_1): frame CharacterScreen (39s ago) [degraded] | last click/Left@1143,106 (0s ago), fg ? | at RestoreJoinGameFormAsync: fill password (0s ago)
2026-06-24 18:17:06Z hc2 (D2R_2): frame Unknown (42s ago) [degraded] | last key/Escape/G/Space/Enter@683,384 (39s ago), fg ? | at ClickMenuEntryButtonUntilEnteredGameAsync: initial click (3m12s ago)
2026-06-24 18:17:06Z hc3 (D2R_3): frame ConnectingToBattleNet (45s ago) [degraded] | last key/SplashContinue/G/Space/Enter@683,384 (42s ago), fg ? | at ClickMenuEntryButtonUntilEnteredGameAsync: initial click (3m35s ago)
2026-06-24 18:17:08Z hc1 (D2R_1): frame CharacterScreen (41s ago) [degraded] | last click/Left@1045,478 (0s ago), fg ? | at ClickMenuEntryButtonUntilEnteredGameAsync: initial click (1s ago)
2026-06-24 18:17:08Z hc2 (D2R_2): frame Unknown (44s ago) [degraded] | last key/Escape/G/Space/Enter@683,384 (41s ago), fg ? | at ClickMenuEntryButtonUntilEnteredGameAsync: initial click (3m14s ago)
2026-06-24 18:17:08Z hc3 (D2R_3): frame ConnectingToBattleNet (47s ago) [degraded] | last key/SplashContinue/G/Space/Enter@683,384 (45s ago), fg ? | at ClickMenuEntryButtonUntilEnteredGameAsync: initial click (3m38s ago)
2026-06-24 18:17:11Z hc1 (D2R_1): frame CharacterScreen (44s ago) [degraded] | last click/Left@1045,478 (3s ago), fg ? | at ClickMenuEntryButtonUntilEnteredGameAsync: initial click (3s ago)
2026-06-24 18:17:11Z hc2 (D2R_2): frame Unknown (46s ago) [degraded] | last key/Escape/G/Space/Enter@683,384 (43s ago), fg ? | at ClickMenuEntryButtonUntilEnteredGameAsync: initial click (3m17s ago)
2026-06-24 18:17:11Z hc3 (D2R_3): frame ConnectingToBattleNet (49s ago) [degraded] | last key/SplashContinue/G/Space/Enter@683,384 (47s ago), fg ? | at ClickMenuEntryButtonUntilEnteredGameAsync: initial click (3m40s ago)
2026-06-24 18:17:13Z hc1 (D2R_1): frame CharacterScreen (46s ago) [degraded] | last click/Left@1045,478 (5s ago), fg ? | at ClickMenuEntryButtonUntilEnteredGameAsync: initial click (6s ago)
2026-06-24 18:17:13Z hc2 (D2R_2): frame Unknown (49s ago) [degraded] | last key/Escape/G/Space/Enter@683,384 (46s ago), fg ? | at ClickMenuEntryButtonUntilEnteredGameAsync: initial click (3m19s ago)
2026-06-24 18:17:13Z hc3 (D2R_3): frame ConnectingToBattleNet (52s ago) [degraded] | last key/SplashContinue/G/Space/Enter@683,384 (49s ago), fg ? | at ClickMenuEntryButtonUntilEnteredGameAsync: initial click (3m42s ago)
2026-06-24 18:17:15Z hc1 (D2R_1): frame CharacterScreen (48s ago) [degraded] | last click/Left@1045,478 (7s ago), fg ? | at ClickMenuEntryButtonUntilEnteredGameAsync: initial click (8s ago)
2026-06-24 18:17:15Z hc2 (D2R_2): frame Unknown (51s ago) [degraded] | last key/Escape/G/Space/Enter@683,384 (48s ago), fg ? | at ClickMenuEntryButtonUntilEnteredGameAsync: initial click (3m21s ago)
2026-06-24 18:17:15Z hc3 (D2R_3): frame ConnectingToBattleNet (54s ago) [degraded] | last key/SplashContinue/G/Space/Enter@683,384 (52s ago), fg ? | at ClickMenuEntryButtonUntilEnteredGameAsync: initial click (3m45s ago)
2026-06-24 18:17:18Z hc1 (D2R_1): frame CharacterScreen (50s ago) [degraded] | last click/Left@1045,478 (10s ago), fg ? | at ClickMenuEntryButtonUntilEnteredGameAsync: initial click (10s ago)
2026-06-24 18:17:18Z hc2 (D2R_2): frame Unknown (53s ago) [degraded] | last key/Escape/G/Space/Enter@683,384 (50s ago), fg ? | at ClickMenuEntryButtonUntilEnteredGameAsync: initial click (3m24s ago)
2026-06-24 18:17:18Z hc3 (D2R_3): frame ConnectingToBattleNet (56s ago) [degraded] | last key/SplashContinue/G/Space/Enter@683,384 (54s ago), fg ? | at ClickMenuEntryButtonUntilEnteredGameAsync: initial click (3m47s ago)
2026-06-24 18:17:20Z hc1 (D2R_1): frame CharacterScreen (53s ago) [degraded] | last click/Left@1045,478 (12s ago), fg ? | at ClickMenuEntryButtonUntilEnteredGameAsync: initial click (12s ago)
2026-06-24 18:17:20Z hc2 (D2R_2): frame Unknown (56s ago) [degraded] | last key/Escape/G/Space/Enter@683,384 (53s ago), fg ? | at ClickMenuEntryButtonUntilEnteredGameAsync: initial click (3m26s ago)
2026-06-24 18:17:20Z hc3 (D2R_3): frame ConnectingToBattleNet (59s ago) [degraded] | last key/SplashContinue/G/Space/Enter@683,384 (56s ago), fg ? | at ClickMenuEntryButtonUntilEnteredGameAsync: initial click (3m49s ago)
2026-06-24 18:17:22Z hc1 (D2R_1): frame CharacterScreen (55s ago) [degraded] | last click/Left@1045,478 (14s ago), fg ? | at ClickMenuEntryButtonUntilEnteredGameAsync: initial click (15s ago)
2026-06-24 18:17:22Z hc2 (D2R_2): frame Unknown (58s ago) [degraded] | last key/Escape/G/Space/Enter@683,384 (55s ago), fg ? | at ClickMenuEntryButtonUntilEnteredGameAsync: initial click (3m28s ago)
2026-06-24 18:17:22Z hc3 (D2R_3): frame ConnectingToBattleNet (1m1s ago) [degraded] | last key/SplashContinue/G/Space/Enter@683,384 (59s ago), fg ? | at ClickMenuEntryButtonUntilEnteredGameAsync: initial click (3m52s ago)
2026-06-24 18:17:24Z hc1 (D2R_1): frame CharacterScreen (57s ago) [degraded] | last click/Left@1045,478 (17s ago), fg ? | at ClickMenuEntryButtonUntilEnteredGameAsync: initial click (17s ago)
2026-06-24 18:17:24Z hc2 (D2R_2): frame Unknown (1m0s ago) [degraded] | last key/Escape/G/Space/Enter@683,384 (57s ago), fg ? | at ClickMenuEntryButtonUntilEnteredGameAsync: initial click (3m30s ago)
2026-06-24 18:17:24Z hc3 (D2R_3): frame ConnectingToBattleNet (1m3s ago) [degraded] | last key/SplashContinue/G/Space/Enter@683,384 (1m1s ago), fg ? | at ClickMenuEntryButtonUntilEnteredGameAsync: initial click (3m54s ago)
2026-06-24 18:17:27Z hc1 (D2R_1): frame CharacterScreen (1m0s ago) [degraded] | last click/Left@1045,478 (19s ago), fg ? | at ClickMenuEntryButtonUntilEnteredGameAsync: initial click (19s ago)
2026-06-24 18:17:27Z hc2 (D2R_2): frame Unknown (1m2s ago) [degraded] | last key/Escape/G/Space/Enter@683,384 (59s ago), fg ? | at ClickMenuEntryButtonUntilEnteredGameAsync: initial click (3m33s ago)
2026-06-24 18:17:27Z hc3 (D2R_3): frame ConnectingToBattleNet (1m6s ago) [degraded] | last key/SplashContinue/G/Space/Enter@683,384 (1m3s ago), fg ? | at ClickMenuEntryButtonUntilEnteredGameAsync: initial click (3m56s ago)
2026-06-24 18:17:29Z hc1 (D2R_1): frame CharacterScreen (1m2s ago) [degraded] | last click/Left@1045,478 (21s ago), fg ? | at ClickMenuEntryButtonUntilEnteredGameAsync: initial click (22s ago)
2026-06-24 18:17:29Z hc2 (D2R_2): frame Unknown (1m5s ago) [degraded] | last key/Escape/G/Space/Enter@683,384 (1m2s ago), fg ? | at ClickMenuEntryButtonUntilEnteredGameAsync: initial click (3m35s ago)
2026-06-24 18:17:29Z hc3 (D2R_3): frame CharacterScreen (2s ago) [degraded] | last key/SplashContinue/G/Space/Enter@683,384 (1m5s ago), fg ? | at ClickMenuEntryButtonUntilEnteredGameAsync: initial click (3m58s ago)
2026-06-24 18:17:31Z hc1 (D2R_1): frame CharacterScreen (1m4s ago) [degraded] | last click/Left@1045,478 (23s ago), fg ? | at ClickMenuEntryButtonUntilEnteredGameAsync: initial click (24s ago)
2026-06-24 18:17:31Z hc2 (D2R_2): frame Unknown (1m7s ago) [degraded] | last key/Escape/G/Space/Enter@683,384 (1m4s ago), fg ? | at ClickMenuEntryButtonUntilEnteredGameAsync: initial click (3m37s ago)
2026-06-24 18:17:31Z hc3 (D2R_3): frame CharacterScreen (4s ago) [degraded] | last key/SplashContinue/G/Space/Enter@683,384 (1m8s ago), fg ? | at ClickMenuEntryButtonUntilEnteredGameAsync: initial click (4m1s ago)
2026-06-24 18:17:34Z hc1 (D2R_1): frame CharacterScreen (1m6s ago) [degraded] | last click/Left@1045,478 (26s ago), fg ? | at ClickMenuEntryButtonUntilEnteredGameAsync: initial click (26s ago)
2026-06-24 18:17:34Z hc2 (D2R_2): frame CharacterScreen (0s ago) [degraded] | last key/Escape/G/Space/Enter@683,384 (1m6s ago), fg ? | at ClickMenuEntryButtonUntilEnteredGameAsync: initial click (3m40s ago)
2026-06-24 18:17:34Z hc3 (D2R_3): frame CharacterScreen (6s ago) [degraded] | last key/SplashContinue/G/Space/Enter@683,384 (1m10s ago), fg ? | at ClickMenuEntryButtonUntilEnteredGameAsync: initial click (4m3s ago)
2026-06-24 18:17:36Z hc1 (D2R_1): frame CharacterScreen (1m9s ago) [degraded] | last click/Left@1045,478 (28s ago), fg ? | at ClickMenuEntryButtonUntilEnteredGameAsync: initial click (28s ago)
2026-06-24 18:17:36Z hc2 (D2R_2): frame CharacterScreen (2s ago) [degraded] | last key/Escape/G/Space/Enter@683,384 (1m9s ago), fg ? | at ClickMenuEntryButtonUntilEnteredGameAsync: initial click (3m42s ago)
2026-06-24 18:17:36Z hc3 (D2R_3): frame CharacterScreen (8s ago) [degraded] | last key/SplashContinue/G/Space/Enter@683,384 (1m12s ago), fg ? | at ClickMenuEntryButtonUntilEnteredGameAsync: initial click (4m5s ago)
2026-06-24 18:17:38Z hc1 (D2R_1): frame CharacterScreen (1m11s ago) [degraded] | last click/Left@1045,478 (30s ago), fg ? | at ClickMenuEntryButtonUntilEnteredGameAsync: initial click (31s ago)
2026-06-24 18:17:38Z hc2 (D2R_2): frame CharacterScreen (4s ago) [degraded] | last key/Escape/G/Space/Enter@683,384 (1m11s ago), fg ? | at ClickMenuEntryButtonUntilEnteredGameAsync: initial click (3m44s ago)
2026-06-24 18:17:38Z hc3 (D2R_3): frame CharacterScreen (11s ago) [degraded] | last key/SplashContinue/G/Space/Enter@683,384 (1m14s ago), fg ? | at ClickMenuEntryButtonUntilEnteredGameAsync: initial click (4m7s ago)
2026-06-24 18:17:40Z hc1 (D2R_1): frame CharacterScreen (1m13s ago) [degraded] | last click/Left@1045,478 (32s ago), fg ? | at ClickMenuEntryButtonUntilEnteredGameAsync: initial click (33s ago)
2026-06-24 18:17:40Z hc2 (D2R_2): frame CharacterScreen (7s ago) [degraded] | last key/Escape/G/Space/Enter@683,384 (1m13s ago), fg ? | at ClickMenuEntryButtonUntilEnteredGameAsync: initial click (3m46s ago)
2026-06-24 18:17:40Z hc3 (D2R_3): frame CharacterScreen (13s ago) [degraded] | last key/SplashContinue/G/Space/Enter@683,384 (1m17s ago), fg ? | at ClickMenuEntryButtonUntilEnteredGameAsync: initial click (4m10s ago)
2026-06-24 18:17:43Z hc1 (D2R_1): frame CharacterScreen (1m16s ago) [degraded] | last click/Left@1045,478 (35s ago), fg ? | at ClickMenuEntryButtonUntilEnteredGameAsync: initial click (35s ago)
2026-06-24 18:17:43Z hc2 (D2R_2): frame CharacterScreen (9s ago) [degraded] | last key/Escape/G/Space/Enter@683,384 (1m15s ago), fg ? | at ClickMenuEntryButtonUntilEnteredGameAsync: initial click (3m49s ago)
2026-06-24 18:17:43Z hc3 (D2R_3): frame CharacterScreen (15s ago) [degraded] | last key/SplashContinue/G/Space/Enter@683,384 (1m19s ago), fg ? | at ClickMenuEntryButtonUntilEnteredGameAsync: initial click (4m12s ago)
2026-06-24 18:17:45Z hc1 (D2R_1): frame CharacterScreen (1m18s ago) [degraded] | last click/Left@1045,478 (37s ago), fg ? | at ClickMenuEntryButtonUntilEnteredGameAsync: initial click (37s ago)
2026-06-24 18:17:45Z hc2 (D2R_2): frame CharacterScreen (11s ago) [degraded] | last key/Escape/G/Space/Enter@683,384 (1m18s ago), fg ? | at ClickMenuEntryButtonUntilEnteredGameAsync: initial click (3m51s ago)
2026-06-24 18:17:45Z hc3 (D2R_3): frame CharacterScreen (18s ago) [degraded] | last key/SplashContinue/G/Space/Enter@683,384 (1m21s ago), fg ? | at ClickMenuEntryButtonUntilEnteredGameAsync: initial click (4m14s ago)
2026-06-24 18:17:47Z hc1 (D2R_1): frame CharacterScreen (1m20s ago) [degraded] | last click/Left@1045,478 (39s ago), fg ? | at ClickMenuEntryButtonUntilEnteredGameAsync: initial click (40s ago)
2026-06-24 18:17:47Z hc2 (D2R_2): frame CharacterScreen (13s ago) [degraded] | last key/Escape/G/Space/Enter@683,384 (1m20s ago), fg ? | at ClickMenuEntryButtonUntilEnteredGameAsync: initial click (3m53s ago)
2026-06-24 18:17:47Z hc3 (D2R_3): frame CharacterScreen (20s ago) [degraded] | last key/SplashContinue/G/Space/Enter@683,384 (1m24s ago), fg ? | at ClickMenuEntryButtonUntilEnteredGameAsync: initial click (4m17s ago)
2026-06-24 18:17:50Z hc1 (D2R_1): frame CharacterScreen (1m22s ago) [degraded] | last click/Left@1045,478 (42s ago), fg ? | at ClickMenuEntryButtonUntilEnteredGameAsync: initial click (42s ago)
2026-06-24 18:17:50Z hc2 (D2R_2): frame CharacterScreen (16s ago) [degraded] | last key/Escape/G/Space/Enter@683,384 (1m22s ago), fg ? | at ClickMenuEntryButtonUntilEnteredGameAsync: initial click (3m56s ago)
2026-06-24 18:17:50Z hc3 (D2R_3): frame CharacterScreen (22s ago) [degraded] | last key/SplashContinue/G/Space/Enter@683,384 (1m26s ago), fg ? | at ClickMenuEntryButtonUntilEnteredGameAsync: initial click (4m19s ago)
2026-06-24 18:17:52Z hc1 (D2R_1): frame CharacterScreen (1m25s ago) [degraded] | last click/Left@1045,478 (44s ago), fg ? | at ClickMenuEntryButtonUntilEnteredGameAsync: initial click (44s ago)
2026-06-24 18:17:52Z hc2 (D2R_2): frame CharacterScreen (18s ago) [degraded] | last key/Escape/G/Space/Enter@683,384 (1m25s ago), fg ? | at ClickMenuEntryButtonUntilEnteredGameAsync: initial click (3m58s ago)
2026-06-24 18:17:52Z hc3 (D2R_3): frame CharacterScreen (24s ago) [degraded] | last key/SplashContinue/G/Space/Enter@683,384 (1m28s ago), fg ? | at ClickMenuEntryButtonUntilEnteredGameAsync: initial click (4m21s ago)
2026-06-24 18:17:54Z hc1 (D2R_1): frame InGame (1s ago) [degraded] | last click/Left@1045,478 (46s ago), fg ? | at ClickMenuEntryButtonUntilEnteredGameAsync: initial click (47s ago)
2026-06-24 18:17:54Z hc2 (D2R_2): frame CharacterScreen (20s ago) [degraded] | last key/Escape/G/Space/Enter@683,384 (1m27s ago), fg ? | at ClickMenuEntryButtonUntilEnteredGameAsync: initial click (4m0s ago)
2026-06-24 18:17:54Z hc3 (D2R_3): frame CharacterScreen (27s ago) [degraded] | last key/SplashContinue/G/Space/Enter@683,384 (1m31s ago), fg ? | at ClickMenuEntryButtonUntilEnteredGameAsync: initial click (4m24s ago)
2026-06-24 18:17:56Z hc1 (D2R_1): frame InGame (3s ago) [degraded] | last click/Left@1045,478 (49s ago), fg ? | at ClickMenuEntryButtonUntilEnteredGameAsync: initial click (49s ago)
2026-06-24 18:17:56Z hc2 (D2R_2): frame CharacterScreen (23s ago) [degraded] | last key/Escape/G/Space/Enter@683,384 (1m29s ago), fg ? | at ClickMenuEntryButtonUntilEnteredGameAsync: initial click (4m3s ago)
2026-06-24 18:17:56Z hc3 (D2R_3): frame CharacterScreen (29s ago) [degraded] | last click/Left@799,689 (1s ago), fg ? | at EnsureLobbyOpenedAsync: remembered-character-screen click (1s ago)
2026-06-24 18:17:59Z hc1 (D2R_1): frame InGame (5s ago) [degraded] | last click/Left@1045,478 (51s ago), fg ? | at ClickMenuEntryButtonUntilEnteredGameAsync: initial click (51s ago)
2026-06-24 18:17:59Z hc2 (D2R_2): frame CharacterScreen (25s ago) [degraded] | last key/Escape/G/Space/Enter@683,384 (1m31s ago), fg ? | at ClickMenuEntryButtonUntilEnteredGameAsync: initial click (4m5s ago)
2026-06-24 18:17:59Z hc3 (D2R_3): frame CharacterScreen (31s ago) [degraded] | last click/Left@1046,55 (0s ago), fg ? | at RestoreJoinGameFormAsync: fill game name (0s ago)
2026-06-24 18:18:01Z hc1 (D2R_1): frame InGame (7s ago) [degraded] | last click/Left@1045,478 (53s ago), fg ? | at ClickMenuEntryButtonUntilEnteredGameAsync: initial click (54s ago)
2026-06-24 18:18:01Z hc2 (D2R_2): frame CharacterScreen (27s ago) [degraded] | last click/Left@799,689 (0s ago), fg ? | at EnsureLobbyOpenedAsync: remembered-character-screen click (1s ago)
2026-06-24 18:18:01Z hc3 (D2R_3): frame CharacterScreen (34s ago) [degraded] | last click/Left@1143,106 (0s ago), fg ? | at RestoreJoinGameFormAsync: fill password (0s ago)
2026-06-24 18:18:03Z hc1 (D2R_1): frame InGame (10s ago) [degraded] | last click/Left@1045,478 (56s ago), fg ? | at ClickMenuEntryButtonUntilEnteredGameAsync: initial click (56s ago)
2026-06-24 18:18:03Z hc2 (D2R_2): frame CharacterScreen (30s ago) [degraded] | last click/Left@1046,55 (0s ago), fg ? | at ClickLobbyTabDirectAsync: second ClickD2R (0s ago)
2026-06-24 18:18:03Z hc3 (D2R_3): frame CharacterScreen (36s ago) [degraded] | last click/Left@1046,55 (0s ago), fg ? | at ClickLobbyTabDirectAsync: second ClickD2R (0s ago)
2026-06-24 18:18:07Z hc1 (D2R_1): frame InGame (12s ago) [degraded] | last click/Left@1045,478 (58s ago), fg ? | at ClickMenuEntryButtonUntilEnteredGameAsync: initial click (58s ago)
2026-06-24 18:18:07Z hc2 (D2R_2): frame CharacterScreen (32s ago) [degraded] | last click/Left@952,106 (0s ago), fg ? | at RestoreJoinGameFormAsync: fill game name (1s ago)
2026-06-24 18:18:07Z hc3 (D2R_3): frame CharacterScreen (38s ago) [degraded] | last click/Left@952,106 (0s ago), fg ? | at RestoreJoinGameFormAsync: fill game name (1s ago)
2026-06-24 18:18:10Z hc1 (D2R_1): frame InGame (16s ago) [degraded] | last click/Left@1045,478 (1m2s ago), fg ? | at ClickMenuEntryButtonUntilEnteredGameAsync: initial click (1m2s ago)
2026-06-24 18:18:10Z hc2 (D2R_2): frame CharacterScreen (36s ago) [degraded] | last click/Left@1046,55 (0s ago), fg ? | at ClickLobbyTabDirectAsync: second ClickD2R (0s ago)
2026-06-24 18:18:10Z hc3 (D2R_3): frame CharacterScreen (42s ago) [degraded] | last click/Left@1045,478 (1s ago), fg ? | at ClickMenuEntryButtonUntilEnteredGameAsync: initial click (1s ago)
2026-06-24 18:18:12Z hc1 (D2R_1): frame InGame (18s ago) [degraded] | last click/Left@1045,478 (1m4s ago), fg ? | at ClickMenuEntryButtonUntilEnteredGameAsync: initial click (1m4s ago)
2026-06-24 18:18:12Z hc2 (D2R_2): frame CharacterScreen (38s ago) [degraded] | last click/Left@952,106 (1s ago), fg ? | at RestoreJoinGameFormAsync: fill password (0s ago)
2026-06-24 18:18:12Z hc3 (D2R_3): frame CharacterScreen (45s ago) [degraded] | last click/Left@1045,478 (3s ago), fg ? | at ClickMenuEntryButtonUntilEnteredGameAsync: initial click (4s ago)
2026-06-24 18:18:14Z hc1 (D2R_1): frame InGame (21s ago) [degraded] | last click/Left@1045,478 (1m6s ago), fg ? | at ClickMenuEntryButtonUntilEnteredGameAsync: initial click (1m7s ago)
2026-06-24 18:18:14Z hc2 (D2R_2): frame CharacterScreen (41s ago) [degraded] | last click/Left@1045,478 (0s ago), fg ? | at ClickMenuEntryButtonUntilEnteredGameAsync: initial click (0s ago)
2026-06-24 18:18:14Z hc3 (D2R_3): frame CharacterScreen (47s ago) [degraded] | last click/Left@1045,478 (5s ago), fg ? | at ClickMenuEntryButtonUntilEnteredGameAsync: initial click (6s ago)
2026-06-24 18:18:17Z hc1 (D2R_1): frame InGame (23s ago) [degraded] | last click/Left@1045,478 (1m9s ago), fg ? | at ClickMenuEntryButtonUntilEnteredGameAsync: initial click (1m9s ago)
2026-06-24 18:18:17Z hc2 (D2R_2): frame CharacterScreen (43s ago) [degraded] | last click/Left@1045,478 (2s ago), fg ? | at ClickMenuEntryButtonUntilEnteredGameAsync: initial click (3s ago)
2026-06-24 18:18:17Z hc3 (D2R_3): frame CharacterScreen (49s ago) [degraded] | last click/Left@1045,478 (8s ago), fg ? | at ClickMenuEntryButtonUntilEnteredGameAsync: initial click (8s ago)
2026-06-24 18:18:19Z hc1 (D2R_1): frame InGame (25s ago) [degraded] | last click/Left@1045,478 (1m11s ago), fg ? | at ClickMenuEntryButtonUntilEnteredGameAsync: initial click (1m12s ago)
2026-06-24 18:18:19Z hc2 (D2R_2): frame CharacterScreen (45s ago) [degraded] | last click/Left@1045,478 (5s ago), fg ? | at ClickMenuEntryButtonUntilEnteredGameAsync: initial click (5s ago)
2026-06-24 18:18:19Z hc3 (D2R_3): frame CharacterScreen (52s ago) [degraded] | last click/Left@1045,478 (10s ago), fg ? | at ClickMenuEntryButtonUntilEnteredGameAsync: initial click (11s ago)
2026-06-24 18:18:21Z hc1 (D2R_1): frame InGame (28s ago) [degraded] | last click/Left@1045,478 (1m13s ago), fg ? | at ClickMenuEntryButtonUntilEnteredGameAsync: initial click (1m14s ago)
2026-06-24 18:18:21Z hc2 (D2R_2): frame CharacterScreen (48s ago) [degraded] | last click/Left@1045,478 (7s ago), fg ? | at ClickMenuEntryButtonUntilEnteredGameAsync: initial click (7s ago)
2026-06-24 18:18:21Z hc3 (D2R_3): frame CharacterScreen (54s ago) [degraded] | last click/Left@1045,478 (12s ago), fg ? | at ClickMenuEntryButtonUntilEnteredGameAsync: initial click (13s ago)
2026-06-24 18:18:23Z hc1 (D2R_1): frame InGame (30s ago) [degraded] | last click/Left@1045,478 (1m16s ago), fg ? | at ClickMenuEntryButtonUntilEnteredGameAsync: initial click (1m16s ago)
2026-06-24 18:18:23Z hc2 (D2R_2): frame CharacterScreen (50s ago) [degraded] | last click/Left@1045,478 (9s ago), fg ? | at ClickMenuEntryButtonUntilEnteredGameAsync: initial click (10s ago)
2026-06-24 18:18:23Z hc3 (D2R_3): frame CharacterScreen (56s ago) [degraded] | last click/Left@1045,478 (15s ago), fg ? | at ClickMenuEntryButtonUntilEnteredGameAsync: initial click (15s ago)
2026-06-24 18:18:26Z hc1 (D2R_1): frame InGame (32s ago) [degraded] | last click/Left@1045,478 (1m18s ago), fg ? | at ClickMenuEntryButtonUntilEnteredGameAsync: initial click (1m18s ago)
2026-06-24 18:18:26Z hc2 (D2R_2): frame CharacterScreen (52s ago) [degraded] | last click/Left@1045,478 (11s ago), fg ? | at ClickMenuEntryButtonUntilEnteredGameAsync: initial click (12s ago)
2026-06-24 18:18:26Z hc3 (D2R_3): frame CharacterScreen (58s ago) [degraded] | last click/Left@1045,478 (17s ago), fg ? | at ClickMenuEntryButtonUntilEnteredGameAsync: initial click (17s ago)
2026-06-24 18:18:28Z hc1 (D2R_1): frame InGame (35s ago) [degraded] | last click/Left@1045,478 (1m20s ago), fg ? | at ClickMenuEntryButtonUntilEnteredGameAsync: initial click (1m21s ago)
2026-06-24 18:18:28Z hc2 (D2R_2): frame CharacterScreen (54s ago) [degraded] | last click/Left@1045,478 (14s ago), fg ? | at ClickMenuEntryButtonUntilEnteredGameAsync: initial click (14s ago)
2026-06-24 18:18:28Z hc3 (D2R_3): frame CharacterScreen (1m1s ago) [degraded] | last click/Left@1045,478 (19s ago), fg ? | at ClickMenuEntryButtonUntilEnteredGameAsync: initial click (20s ago)
2026-06-24 18:18:30Z hc1 (D2R_1): frame InGame (37s ago) [degraded] | last click/Left@1045,478 (1m22s ago), fg ? | at ClickMenuEntryButtonUntilEnteredGameAsync: initial click (1m23s ago)
2026-06-24 18:18:30Z hc2 (D2R_2): frame CharacterScreen (57s ago) [degraded] | last click/Left@1045,478 (16s ago), fg ? | at ClickMenuEntryButtonUntilEnteredGameAsync: initial click (16s ago)
2026-06-24 18:18:30Z hc3 (D2R_3): frame CharacterScreen (1m3s ago) [degraded] | last click/Left@1045,478 (21s ago), fg ? | at ClickMenuEntryButtonUntilEnteredGameAsync: initial click (22s ago)
2026-06-24 18:18:33Z hc1 (D2R_1): frame InGame (39s ago) [degraded] | last click/Left@1045,478 (1m25s ago), fg ? | at ClickMenuEntryButtonUntilEnteredGameAsync: initial click (1m25s ago)
2026-06-24 18:18:33Z hc2 (D2R_2): frame CharacterScreen (59s ago) [degraded] | last click/Left@1045,478 (18s ago), fg ? | at ClickMenuEntryButtonUntilEnteredGameAsync: initial click (19s ago)
2026-06-24 18:18:33Z hc3 (D2R_3): frame CharacterScreen (1m5s ago) [degraded] | last click/Left@1045,478 (24s ago), fg ? | at ClickMenuEntryButtonUntilEnteredGameAsync: initial click (24s ago)
2026-06-24 18:18:35Z hc1 (D2R_1): frame InGame (41s ago) [degraded] | last click/Left@1045,478 (1m27s ago), fg ? | at ClickMenuEntryButtonUntilEnteredGameAsync: initial click (1m28s ago)
2026-06-24 18:18:35Z hc2 (D2R_2): frame CharacterScreen (1m1s ago) [degraded] | last click/Left@1045,478 (20s ago), fg ? | at ClickMenuEntryButtonUntilEnteredGameAsync: initial click (21s ago)
2026-06-24 18:18:35Z hc3 (D2R_3): frame CharacterScreen (1m8s ago) [degraded] | last click/Left@1045,478 (26s ago), fg ? | at ClickMenuEntryButtonUntilEnteredGameAsync: initial click (26s ago)
2026-06-24 18:18:37Z hc1 (D2R_1): frame InGame (44s ago) [degraded] | last click/Left@1045,478 (1m29s ago), fg ? | at ClickMenuEntryButtonUntilEnteredGameAsync: initial click (1m30s ago)
2026-06-24 18:18:37Z hc2 (D2R_2): frame CharacterScreen (1m4s ago) [degraded] | last click/Left@1045,478 (23s ago), fg ? | at ClickMenuEntryButtonUntilEnteredGameAsync: initial click (23s ago)
2026-06-24 18:18:37Z hc3 (D2R_3): frame CharacterScreen (1m10s ago) [degraded] | last click/Left@1045,478 (28s ago), fg ? | at ClickMenuEntryButtonUntilEnteredGameAsync: initial click (29s ago)
2026-06-24 18:18:40Z hc1 (D2R_1): frame InGame (46s ago) [degraded] | last click/Left@1045,478 (1m32s ago), fg ? | at ClickMenuEntryButtonUntilEnteredGameAsync: initial click (1m32s ago)
2026-06-24 18:18:40Z hc2 (D2R_2): frame CharacterScreen (1m6s ago) [degraded] | last click/Left@1045,478 (25s ago), fg ? | at ClickMenuEntryButtonUntilEnteredGameAsync: initial click (26s ago)
2026-06-24 18:18:40Z hc3 (D2R_3): frame CharacterScreen (1m12s ago) [degraded] | last click/Left@1045,478 (31s ago), fg ? | at ClickMenuEntryButtonUntilEnteredGameAsync: initial click (31s ago)
2026-06-24 18:18:42Z hc1 (D2R_1): frame InGame (48s ago) [degraded] | last click/Left@1045,478 (1m34s ago), fg ? | at ClickMenuEntryButtonUntilEnteredGameAsync: initial click (1m35s ago)
2026-06-24 18:18:42Z hc2 (D2R_2): frame CharacterScreen (1m8s ago) [degraded] | last click/Left@1045,478 (27s ago), fg ? | at ClickMenuEntryButtonUntilEnteredGameAsync: initial click (28s ago)
2026-06-24 18:18:42Z hc3 (D2R_3): frame CharacterScreen (1m15s ago) [degraded] | last click/Left@1045,478 (33s ago), fg ? | at ClickMenuEntryButtonUntilEnteredGameAsync: initial click (33s ago)
2026-06-24 18:18:44Z hc1 (D2R_1): frame InGame (51s ago) [degraded] | last click/Left@1045,478 (1m36s ago), fg ? | at ClickMenuEntryButtonUntilEnteredGameAsync: initial click (1m37s ago)
2026-06-24 18:18:44Z hc2 (D2R_2): frame CharacterScreen (1m11s ago) [degraded] | last click/Left@1045,478 (30s ago), fg ? | at ClickMenuEntryButtonUntilEnteredGameAsync: initial click (30s ago)
2026-06-24 18:18:44Z hc3 (D2R_3): frame CharacterScreen (1m17s ago) [degraded] | last click/Left@1045,478 (35s ago), fg ? | at ClickMenuEntryButtonUntilEnteredGameAsync: initial click (36s ago)
2026-06-24 18:18:47Z hc1 (D2R_1): frame InGame (53s ago) [degraded] | last click/Left@1045,478 (1m39s ago), fg ? | at ClickMenuEntryButtonUntilEnteredGameAsync: initial click (1m39s ago)
2026-06-24 18:18:47Z hc2 (D2R_2): frame CharacterScreen (1m13s ago) [degraded] | last click/Left@1045,478 (32s ago), fg ? | at ClickMenuEntryButtonUntilEnteredGameAsync: initial click (33s ago)
2026-06-24 18:18:47Z hc3 (D2R_3): frame CharacterScreen (1m19s ago) [degraded] | last click/Left@1045,478 (38s ago), fg ? | at ClickMenuEntryButtonUntilEnteredGameAsync: initial click (38s ago)
2026-06-24 18:18:53Z hc1 (D2R_1): frame Unknown (5s ago) [degraded] | last click/Left@1045,478 (1m45s ago), fg ? | at ClickMenuEntryButtonUntilEnteredGameAsync: initial click (1m45s ago)
2026-06-24 18:18:53Z hc2 (D2R_2): frame CharacterScreen (1m15s ago) [degraded] | last click/Left@1045,478 (34s ago), fg ? | at ClickMenuEntryButtonUntilEnteredGameAsync: initial click (35s ago)
2026-06-24 18:18:53Z hc3 (D2R_3): frame CharacterScreen (1m21s ago) [degraded] | last click/Left@1045,478 (40s ago), fg ? | at ClickMenuEntryButtonUntilEnteredGameAsync: initial click (40s ago)
2026-06-24 18:18:55Z hc1 (D2R_1): frame Unknown (8s ago) [degraded] | last click/Left@1045,478 (1m47s ago), fg ? | at ClickMenuEntryButtonUntilEnteredGameAsync: initial click (1m48s ago)
2026-06-24 18:18:55Z hc2 (D2R_2): frame CharacterScreen (1m21s ago) [degraded] | last click/Left@1045,478 (41s ago), fg ? | at ClickMenuEntryButtonUntilEnteredGameAsync: initial click (41s ago)
2026-06-24 18:18:55Z hc3 (D2R_3): frame InGame (0s ago) [degraded] | last click/Left@1045,478 (46s ago), fg ? | at ClickMenuEntryButtonUntilEnteredGameAsync: initial click (47s ago)
2026-06-24 18:18:57Z hc1 (D2R_1): frame Unknown (10s ago) [degraded] | last click/Left@1045,478 (1m49s ago), fg ? | at ClickMenuEntryButtonUntilEnteredGameAsync: initial click (1m50s ago)
2026-06-24 18:18:57Z hc2 (D2R_2): frame CharacterScreen (1m24s ago) [degraded] | last click/Left@1045,478 (43s ago), fg ? | at ClickMenuEntryButtonUntilEnteredGameAsync: initial click (43s ago)
2026-06-24 18:18:57Z hc3 (D2R_3): frame InGame (3s ago) [degraded] | last click/Left@1045,478 (48s ago), fg ? | at ClickMenuEntryButtonUntilEnteredGameAsync: initial click (49s ago)
2026-06-24 18:19:00Z hc1 (D2R_1): frame Unknown (12s ago) [degraded] | last click/Left@1045,478 (1m52s ago), fg ? | at ClickMenuEntryButtonUntilEnteredGameAsync: initial click (1m52s ago)
2026-06-24 18:19:00Z hc2 (D2R_2): frame CharacterScreen (1m26s ago) [degraded] | last click/Left@1045,478 (45s ago), fg ? | at ClickMenuEntryButtonUntilEnteredGameAsync: initial click (46s ago)
2026-06-24 18:19:00Z hc3 (D2R_3): frame InGame (5s ago) [degraded] | last click/Left@1045,478 (51s ago), fg ? | at ClickMenuEntryButtonUntilEnteredGameAsync: initial click (51s ago)
