2026-06-24 14:29:34Z hc1 (D2R_1): frame NotRunning (27s ago) [degraded] | last click/Left@1045,475 (129m26s ago), fg ? | at ClickMenuEntryButtonUntilEnteredGameAsync: initial click (129m27s ago)
2026-06-24 14:29:34Z hc2 (D2R_2): frame NotRunning (3m15s ago) [degraded] | last click/Left@1045,478 (128m33s ago), fg ? | at ClickMenuEntryButtonUntilEnteredGameAsync: initial click (128m34s ago)
2026-06-24 14:29:34Z hc3 (D2R_3): frame NotRunning (3m47s ago) [degraded] | last click/Left@1045,478 (128m33s ago), fg ? | at ClickMenuEntryButtonUntilEnteredGameAsync: initial click (128m34s ago)
2026-06-24 14:29:37Z hc1 (D2R_1): frame NotRunning (29s ago) [degraded] | last click/Left@1045,475 (129m29s ago), fg ? | at ClickMenuEntryButtonUntilEnteredGameAsync: initial click (129m29s ago)
2026-06-24 14:29:37Z hc2 (D2R_2): frame NotRunning (3m17s ago) [degraded] | last click/Left@1045,478 (128m35s ago), fg ? | at ClickMenuEntryButtonUntilEnteredGameAsync: initial click (128m36s ago)
2026-06-24 14:29:37Z hc3 (D2R_3): frame NotRunning (1s ago) [degraded] | last click/Left@1045,478 (128m35s ago), fg ? | at ClickMenuEntryButtonUntilEnteredGameAsync: initial click (128m36s ago)
2026-06-24 14:29:39Z hc1 (D2R_1): frame NotRunning (31s ago) [degraded] | last click/Left@1045,475 (129m31s ago), fg ? | at ClickMenuEntryButtonUntilEnteredGameAsync: initial click (129m32s ago)
2026-06-24 14:29:39Z hc2 (D2R_2): frame NotRunning (3m20s ago) [degraded] | last click/Left@1045,478 (128m38s ago), fg ? | at ClickMenuEntryButtonUntilEnteredGameAsync: initial click (128m38s ago)
2026-06-24 14:29:39Z hc3 (D2R_3): frame NotRunning (4s ago) [degraded] | last click/Left@1045,478 (128m38s ago), fg ? | at ClickMenuEntryButtonUntilEnteredGameAsync: initial click (128m38s ago)
2026-06-24 14:29:42Z hc1 (D2R_1): frame NotRunning (34s ago) [degraded] | last click/Left@1045,475 (129m34s ago), fg ? | at ClickMenuEntryButtonUntilEnteredGameAsync: initial click (129m34s ago)
2026-06-24 14:29:42Z hc2 (D2R_2): frame NotRunning (3m22s ago) [degraded] | last click/Left@1045,478 (128m40s ago), fg ? | at ClickMenuEntryButtonUntilEnteredGameAsync: initial click (128m41s ago)
2026-06-24 14:29:42Z hc3 (D2R_3): frame NotRunning (6s ago) [degraded] | last click/Left@1045,478 (128m40s ago), fg ? | at ClickMenuEntryButtonUntilEnteredGameAsync: initial click (128m41s ago)
2026-06-24 14:29:44Z hc1 (D2R_1): frame NotRunning (36s ago) [degraded] | last click/Left@1045,475 (129m36s ago), fg ? | at ClickMenuEntryButtonUntilEnteredGameAsync: initial click (129m37s ago)
2026-06-24 14:29:44Z hc2 (D2R_2): frame NotRunning (3m25s ago) [degraded] | last click/Left@1045,478 (128m43s ago), fg ? | at ClickMenuEntryButtonUntilEnteredGameAsync: initial click (128m43s ago)
2026-06-24 14:29:44Z hc3 (D2R_3): frame NotRunning (8s ago) [degraded] | last click/Left@1045,478 (128m43s ago), fg ? | at ClickMenuEntryButtonUntilEnteredGameAsync: initial click (128m43s ago)
2026-06-24 14:29:46Z hc1 (D2R_1): frame NotRunning (39s ago) [degraded] | last click/Left@1045,475 (129m38s ago), fg ? | at ClickMenuEntryButtonUntilEnteredGameAsync: initial click (129m39s ago)
2026-06-24 14:29:46Z hc2 (D2R_2): frame NotRunning (3m27s ago) [degraded] | last click/Left@1045,478 (128m45s ago), fg ? | at ClickMenuEntryButtonUntilEnteredGameAsync: initial click (128m46s ago)
2026-06-24 14:29:46Z hc3 (D2R_3): frame NotRunning (11s ago) [degraded] | last click/Left@1045,478 (128m45s ago), fg ? | at ClickMenuEntryButtonUntilEnteredGameAsync: initial click (128m45s ago)
2026-06-24 14:29:49Z hc1 (D2R_1): frame NotRunning (41s ago) [degraded] | last click/Left@1045,475 (129m41s ago), fg ? | at ClickMenuEntryButtonUntilEnteredGameAsync: initial click (129m41s ago)
2026-06-24 14:29:49Z hc2 (D2R_2): frame NotRunning (3m29s ago) [degraded] | last click/Left@1045,478 (128m47s ago), fg ? | at ClickMenuEntryButtonUntilEnteredGameAsync: initial click (128m48s ago)
2026-06-24 14:29:49Z hc3 (D2R_3): frame NotRunning (13s ago) [degraded] | last click/Left@1045,478 (128m47s ago), fg ? | at ClickMenuEntryButtonUntilEnteredGameAsync: initial click (128m48s ago)
2026-06-24 14:29:51Z hc1 (D2R_1): frame NotRunning (43s ago) [degraded] | last click/Left@1045,475 (129m43s ago), fg ? | at ClickMenuEntryButtonUntilEnteredGameAsync: initial click (129m43s ago)
2026-06-24 14:29:51Z hc2 (D2R_2): frame NotRunning (3m32s ago) [degraded] | last click/Left@1045,478 (128m50s ago), fg ? | at ClickMenuEntryButtonUntilEnteredGameAsync: initial click (128m50s ago)
2026-06-24 14:29:51Z hc3 (D2R_3): frame NotRunning (15s ago) [degraded] | last click/Left@1045,478 (128m50s ago), fg ? | at ClickMenuEntryButtonUntilEnteredGameAsync: initial click (128m50s ago)
2026-06-24 14:29:53Z hc1 (D2R_1): frame NotRunning (45s ago) [degraded] | last click/Left@1045,475 (129m45s ago), fg ? | at ClickMenuEntryButtonUntilEnteredGameAsync: initial click (129m46s ago)
2026-06-24 14:29:53Z hc2 (D2R_2): frame NotRunning (3m34s ago) [degraded] | last click/Left@1045,478 (128m52s ago), fg ? | at ClickMenuEntryButtonUntilEnteredGameAsync: initial click (128m52s ago)
2026-06-24 14:29:53Z hc3 (D2R_3): frame NotRunning (18s ago) [degraded] | last click/Left@1045,478 (128m52s ago), fg ? | at ClickMenuEntryButtonUntilEnteredGameAsync: initial click (128m52s ago)
2026-06-24 14:29:55Z hc1 (D2R_1): frame NotRunning (48s ago) [degraded] | last click/Left@1045,475 (129m48s ago), fg ? | at ClickMenuEntryButtonUntilEnteredGameAsync: initial click (129m48s ago)
2026-06-24 14:29:55Z hc2 (D2R_2): frame NotRunning (3m36s ago) [degraded] | last click/Left@1045,478 (128m54s ago), fg ? | at ClickMenuEntryButtonUntilEnteredGameAsync: initial click (128m55s ago)
2026-06-24 14:29:55Z hc3 (D2R_3): frame NotRunning (20s ago) [degraded] | last click/Left@1045,478 (128m54s ago), fg ? | at ClickMenuEntryButtonUntilEnteredGameAsync: initial click (128m55s ago)
2026-06-24 14:29:58Z hc1 (D2R_1): frame NotRunning (50s ago) [degraded] | last click/Left@1045,475 (129m50s ago), fg ? | at ClickMenuEntryButtonUntilEnteredGameAsync: initial click (129m50s ago)
2026-06-24 14:29:58Z hc2 (D2R_2): frame NotRunning (3m39s ago) [degraded] | last click/Left@1045,478 (128m56s ago), fg ? | at ClickMenuEntryButtonUntilEnteredGameAsync: initial click (128m57s ago)
2026-06-24 14:29:58Z hc3 (D2R_3): frame NotRunning (22s ago) [degraded] | last click/Left@1045,478 (128m56s ago), fg ? | at ClickMenuEntryButtonUntilEnteredGameAsync: initial click (128m57s ago)
2026-06-24 14:30:00Z hc1 (D2R_1): frame NotRunning (52s ago) [degraded] | last click/Left@1045,475 (129m52s ago), fg ? | at ClickMenuEntryButtonUntilEnteredGameAsync: initial click (129m53s ago)
2026-06-24 14:30:00Z hc2 (D2R_2): frame NotRunning (3m41s ago) [degraded] | last click/Left@1045,478 (128m59s ago), fg ? | at ClickMenuEntryButtonUntilEnteredGameAsync: initial click (128m59s ago)
2026-06-24 14:30:00Z hc3 (D2R_3): frame NotRunning (24s ago) [degraded] | last click/Left@1045,478 (128m59s ago), fg ? | at ClickMenuEntryButtonUntilEnteredGameAsync: initial click (128m59s ago)
2026-06-24 14:30:02Z hc1 (D2R_1): frame NotRunning (54s ago) [degraded] | last click/Left@1045,475 (129m54s ago), fg ? | at ClickMenuEntryButtonUntilEnteredGameAsync: initial click (129m55s ago)
2026-06-24 14:30:02Z hc2 (D2R_2): frame NotRunning (3m43s ago) [degraded] | last click/Left@1045,478 (129m1s ago), fg ? | at ClickMenuEntryButtonUntilEnteredGameAsync: initial click (129m1s ago)
2026-06-24 14:30:02Z hc3 (D2R_3): frame NotRunning (27s ago) [degraded] | last click/Left@1045,478 (129m1s ago), fg ? | at ClickMenuEntryButtonUntilEnteredGameAsync: initial click (129m1s ago)
2026-06-24 14:30:05Z hc1 (D2R_1): frame NotRunning (57s ago) [degraded] | last click/Left@1045,475 (129m57s ago), fg ? | at ClickMenuEntryButtonUntilEnteredGameAsync: initial click (129m57s ago)
2026-06-24 14:30:05Z hc2 (D2R_2): frame NotRunning (3m45s ago) [degraded] | last click/Left@1045,478 (129m3s ago), fg ? | at ClickMenuEntryButtonUntilEnteredGameAsync: initial click (129m4s ago)
2026-06-24 14:30:05Z hc3 (D2R_3): frame NotRunning (29s ago) [degraded] | last click/Left@1045,478 (129m3s ago), fg ? | at ClickMenuEntryButtonUntilEnteredGameAsync: initial click (129m4s ago)
2026-06-24 14:30:07Z hc1 (D2R_1): frame NotRunning (59s ago) [degraded] | last click/Left@1045,475 (129m59s ago), fg ? | at ClickMenuEntryButtonUntilEnteredGameAsync: initial click (129m59s ago)
2026-06-24 14:30:07Z hc2 (D2R_2): frame NotRunning (3m48s ago) [degraded] | last click/Left@1045,478 (129m6s ago), fg ? | at ClickMenuEntryButtonUntilEnteredGameAsync: initial click (129m6s ago)
2026-06-24 14:30:07Z hc3 (D2R_3): frame NotRunning (31s ago) [degraded] | last click/Left@1045,478 (129m5s ago), fg ? | at ClickMenuEntryButtonUntilEnteredGameAsync: initial click (129m6s ago)
2026-06-24 14:30:09Z hc1 (D2R_1): frame NotRunning (1m1s ago) [degraded] | last click/Left@1045,475 (130m1s ago), fg ? | at ClickMenuEntryButtonUntilEnteredGameAsync: initial click (130m2s ago)
2026-06-24 14:30:09Z hc2 (D2R_2): frame NotRunning (3m50s ago) [degraded] | last click/Left@1045,478 (129m8s ago), fg ? | at ClickMenuEntryButtonUntilEnteredGameAsync: initial click (129m8s ago)
2026-06-24 14:30:09Z hc3 (D2R_3): frame NotRunning (33s ago) [degraded] | last click/Left@1045,478 (129m8s ago), fg ? | at ClickMenuEntryButtonUntilEnteredGameAsync: initial click (129m8s ago)
2026-06-24 14:30:11Z hc1 (D2R_1): frame NotRunning (1m4s ago) [degraded] | last click/Left@1045,475 (130m3s ago), fg ? | at ClickMenuEntryButtonUntilEnteredGameAsync: initial click (130m4s ago)
2026-06-24 14:30:11Z hc2 (D2R_2): frame NotRunning (3m52s ago) [degraded] | last click/Left@1045,478 (129m10s ago), fg ? | at ClickMenuEntryButtonUntilEnteredGameAsync: initial click (129m10s ago)
2026-06-24 14:30:11Z hc3 (D2R_3): frame NotRunning (36s ago) [degraded] | last click/Left@1045,478 (129m10s ago), fg ? | at ClickMenuEntryButtonUntilEnteredGameAsync: initial click (129m10s ago)
2026-06-24 14:30:13Z hc1 (D2R_1): frame NotRunning (1m6s ago) [degraded] | last click/Left@1045,475 (130m6s ago), fg ? | at ClickMenuEntryButtonUntilEnteredGameAsync: initial click (130m6s ago)
2026-06-24 14:30:13Z hc2 (D2R_2): frame NotRunning (3m54s ago) [degraded] | last click/Left@1045,478 (129m12s ago), fg ? | at ClickMenuEntryButtonUntilEnteredGameAsync: initial click (129m13s ago)
2026-06-24 14:30:13Z hc3 (D2R_3): frame NotRunning (38s ago) [degraded] | last click/Left@1045,478 (129m12s ago), fg ? | at ClickMenuEntryButtonUntilEnteredGameAsync: initial click (129m13s ago)
2026-06-24 14:30:16Z hc1 (D2R_1): frame NotRunning (1m8s ago) [degraded] | last click/Left@1045,475 (130m8s ago), fg ? | at ClickMenuEntryButtonUntilEnteredGameAsync: initial click (130m8s ago)
2026-06-24 14:30:16Z hc2 (D2R_2): frame NotRunning (3m57s ago) [degraded] | last click/Left@1045,478 (129m14s ago), fg ? | at ClickMenuEntryButtonUntilEnteredGameAsync: initial click (129m15s ago)
2026-06-24 14:30:16Z hc3 (D2R_3): frame NotRunning (40s ago) [degraded] | last click/Left@1045,478 (129m14s ago), fg ? | at ClickMenuEntryButtonUntilEnteredGameAsync: initial click (129m15s ago)
2026-06-24 14:30:19Z hc1 (D2R_1): frame NotRunning (1m11s ago) [degraded] | last click/Left@1045,475 (130m11s ago), fg ? | at ClickMenuEntryButtonUntilEnteredGameAsync: initial click (130m11s ago)
2026-06-24 14:30:19Z hc2 (D2R_2): frame NotRunning (3m59s ago) [degraded] | last click/Left@1045,478 (129m17s ago), fg ? | at ClickMenuEntryButtonUntilEnteredGameAsync: initial click (129m18s ago)
2026-06-24 14:30:19Z hc3 (D2R_3): frame NotRunning (43s ago) [degraded] | last click/Left@1045,478 (129m17s ago), fg ? | at ClickMenuEntryButtonUntilEnteredGameAsync: initial click (129m18s ago)
2026-06-24 14:30:21Z hc1 (D2R_1): frame NotRunning (1m13s ago) [degraded] | last click/Left@1045,475 (130m13s ago), fg ? | at ClickMenuEntryButtonUntilEnteredGameAsync: initial click (130m13s ago)
2026-06-24 14:30:21Z hc2 (D2R_2): frame NotRunning (4m2s ago) [degraded] | last click/Left@1045,478 (129m20s ago), fg ? | at ClickMenuEntryButtonUntilEnteredGameAsync: initial click (129m20s ago)
2026-06-24 14:30:21Z hc3 (D2R_3): frame NotRunning (45s ago) [degraded] | last click/Left@1045,478 (129m20s ago), fg ? | at ClickMenuEntryButtonUntilEnteredGameAsync: initial click (129m20s ago)
2026-06-24 14:30:23Z hc1 (D2R_1): frame NotRunning (1m15s ago) [degraded] | last click/Left@1045,475 (130m15s ago), fg ? | at ClickMenuEntryButtonUntilEnteredGameAsync: initial click (130m16s ago)
2026-06-24 14:30:23Z hc2 (D2R_2): frame NotRunning (4m4s ago) [degraded] | last click/Left@1045,478 (129m22s ago), fg ? | at ClickMenuEntryButtonUntilEnteredGameAsync: initial click (129m22s ago)
2026-06-24 14:30:23Z hc3 (D2R_3): frame NotRunning (48s ago) [degraded] | last click/Left@1045,478 (129m22s ago), fg ? | at ClickMenuEntryButtonUntilEnteredGameAsync: initial click (129m22s ago)
2026-06-24 14:30:25Z hc1 (D2R_1): frame NotRunning (1m18s ago) [degraded] | last click/Left@1045,475 (130m18s ago), fg ? | at ClickMenuEntryButtonUntilEnteredGameAsync: initial click (130m18s ago)
2026-06-24 14:30:25Z hc2 (D2R_2): frame NotRunning (4m6s ago) [degraded] | last click/Left@1045,478 (129m24s ago), fg ? | at ClickMenuEntryButtonUntilEnteredGameAsync: initial click (129m25s ago)
2026-06-24 14:30:25Z hc3 (D2R_3): frame NotRunning (50s ago) [degraded] | last click/Left@1045,478 (129m24s ago), fg ? | at ClickMenuEntryButtonUntilEnteredGameAsync: initial click (129m25s ago)
2026-06-24 14:30:32Z hc1 (D2R_1): frame NotRunning (1m20s ago) [degraded] | last click/Left@1045,475 (130m20s ago), fg ? | at ClickMenuEntryButtonUntilEnteredGameAsync: initial click (130m20s ago)
2026-06-24 14:30:32Z hc2 (D2R_2): frame NotRunning (5s ago) [degraded] | last click/Left@1045,478 (129m31s ago), fg ? | at ClickMenuEntryButtonUntilEnteredGameAsync: initial click (129m31s ago)
2026-06-24 14:30:32Z hc3 (D2R_3): frame NotRunning (52s ago) [degraded] | last click/Left@1045,478 (129m26s ago), fg ? | at ClickMenuEntryButtonUntilEnteredGameAsync: initial click (129m27s ago)
2026-06-24 14:30:34Z hc1 (D2R_1): frame NotRunning (1m26s ago) [degraded] | last click/Left@1045,475 (130m26s ago), fg ? | at ClickMenuEntryButtonUntilEnteredGameAsync: initial click (130m27s ago)
2026-06-24 14:30:34Z hc2 (D2R_2): frame NotRunning (7s ago) [degraded] | last click/Left@1045,478 (129m33s ago), fg ? | at ClickMenuEntryButtonUntilEnteredGameAsync: initial click (129m33s ago)
2026-06-24 14:30:34Z hc3 (D2R_3): frame NotRunning (58s ago) [degraded] | last click/Left@1045,478 (129m33s ago), fg ? | at ClickMenuEntryButtonUntilEnteredGameAsync: initial click (129m33s ago)
2026-06-24 14:30:36Z hc1 (D2R_1): frame NotRunning (1m29s ago) [degraded] | last click/Left@1045,475 (130m28s ago), fg ? | at ClickMenuEntryButtonUntilEnteredGameAsync: initial click (130m29s ago)
2026-06-24 14:30:36Z hc2 (D2R_2): frame NotRunning (9s ago) [degraded] | last click/Left@1045,478 (129m35s ago), fg ? | at ClickMenuEntryButtonUntilEnteredGameAsync: initial click (129m36s ago)
2026-06-24 14:30:36Z hc3 (D2R_3): frame NotRunning (1m1s ago) [degraded] | last click/Left@1045,478 (129m35s ago), fg ? | at ClickMenuEntryButtonUntilEnteredGameAsync: initial click (129m35s ago)
2026-06-24 14:30:39Z hc1 (D2R_1): frame NotRunning (1m31s ago) [degraded] | last click/Left@1045,475 (130m31s ago), fg ? | at ClickMenuEntryButtonUntilEnteredGameAsync: initial click (130m31s ago)
2026-06-24 14:30:39Z hc2 (D2R_2): frame NotRunning (11s ago) [degraded] | last click/Left@1045,478 (129m37s ago), fg ? | at ClickMenuEntryButtonUntilEnteredGameAsync: initial click (129m38s ago)
2026-06-24 14:30:39Z hc3 (D2R_3): frame NotRunning (1m3s ago) [degraded] | last click/Left@1045,478 (129m37s ago), fg ? | at ClickMenuEntryButtonUntilEnteredGameAsync: initial click (129m38s ago)
2026-06-24 14:30:41Z hc1 (D2R_1): frame DiabloSplash (1s ago) [degraded] | last click/Left@683,384 (0s ago), fg ? | at ClickMenuEntryButtonUntilEnteredGameAsync: initial click (130m33s ago)
2026-06-24 14:30:41Z hc2 (D2R_2): frame NotRunning (14s ago) [degraded] | last click/Left@1045,478 (129m40s ago), fg ? | at ClickMenuEntryButtonUntilEnteredGameAsync: initial click (129m40s ago)
2026-06-24 14:30:41Z hc3 (D2R_3): frame DiabloSplash (0s ago) [degraded] | last click/Left@683,384 (0s ago), fg ? | at ClickMenuEntryButtonUntilEnteredGameAsync: initial click (129m40s ago)
2026-06-24 14:30:43Z hc1 (D2R_1): frame DiabloSplash (3s ago) [degraded] | last key/SplashContinue/G/Space/Enter@683,384 (1s ago), fg ? | at ClickMenuEntryButtonUntilEnteredGameAsync: initial click (130m36s ago)
2026-06-24 14:30:43Z hc2 (D2R_2): frame NotRunning (16s ago) [degraded] | last click/Left@1045,478 (129m42s ago), fg ? | at ClickMenuEntryButtonUntilEnteredGameAsync: initial click (129m43s ago)
2026-06-24 14:30:43Z hc3 (D2R_3): frame DiabloSplash (3s ago) [degraded] | last key/SplashContinue/G/Space/Enter@683,384 (0s ago), fg ? | at ClickMenuEntryButtonUntilEnteredGameAsync: initial click (129m42s ago)
2026-06-24 14:30:46Z hc1 (D2R_1): frame DiabloSplash (5s ago) [degraded] | last key/SplashContinue/G/Space/Enter@683,384 (3s ago), fg ? | at ClickMenuEntryButtonUntilEnteredGameAsync: initial click (130m38s ago)
2026-06-24 14:30:46Z hc2 (D2R_2): frame NotRunning (18s ago) [degraded] | last click/Left@1045,478 (129m44s ago), fg ? | at ClickMenuEntryButtonUntilEnteredGameAsync: initial click (129m45s ago)
2026-06-24 14:30:46Z hc3 (D2R_3): frame DiabloSplash (5s ago) [degraded] | last key/SplashContinue/G/Space/Enter@683,384 (3s ago), fg ? | at ClickMenuEntryButtonUntilEnteredGameAsync: initial click (129m45s ago)
2026-06-24 14:30:48Z hc1 (D2R_1): frame DiabloSplash (8s ago) [degraded] | last key/SplashContinue/G/Space/Enter@683,384 (5s ago), fg ? | at ClickMenuEntryButtonUntilEnteredGameAsync: initial click (130m41s ago)
2026-06-24 14:30:48Z hc2 (D2R_2): frame NotRunning (21s ago) [degraded] | last click/Left@1045,478 (129m47s ago), fg ? | at ClickMenuEntryButtonUntilEnteredGameAsync: initial click (129m47s ago)
2026-06-24 14:30:48Z hc3 (D2R_3): frame DiabloSplash (7s ago) [degraded] | last key/SplashContinue/G/Space/Enter@683,384 (5s ago), fg ? | at ClickMenuEntryButtonUntilEnteredGameAsync: initial click (129m47s ago)
2026-06-24 14:30:50Z hc1 (D2R_1): frame DiabloSplash (10s ago) [degraded] | last key/SplashContinue/G/Space/Enter@683,384 (8s ago), fg ? | at ClickMenuEntryButtonUntilEnteredGameAsync: initial click (130m43s ago)
2026-06-24 14:30:50Z hc2 (D2R_2): frame NotRunning (23s ago) [degraded] | last click/Left@1045,478 (129m49s ago), fg ? | at ClickMenuEntryButtonUntilEnteredGameAsync: initial click (129m49s ago)
2026-06-24 14:30:50Z hc3 (D2R_3): frame DiabloSplash (10s ago) [degraded] | last key/SplashContinue/G/Space/Enter@683,384 (7s ago), fg ? | at ClickMenuEntryButtonUntilEnteredGameAsync: initial click (129m49s ago)
2026-06-24 14:30:52Z hc1 (D2R_1): frame DiabloSplash (12s ago) [degraded] | last key/SplashContinue/G/Space/Enter@683,384 (10s ago), fg ? | at ClickMenuEntryButtonUntilEnteredGameAsync: initial click (130m45s ago)
2026-06-24 14:30:52Z hc2 (D2R_2): frame NotRunning (25s ago) [degraded] | last click/Left@1045,478 (129m51s ago), fg ? | at ClickMenuEntryButtonUntilEnteredGameAsync: initial click (129m52s ago)
2026-06-24 14:30:52Z hc3 (D2R_3): frame DiabloSplash (12s ago) [degraded] | last key/SplashContinue/G/Space/Enter@683,384 (9s ago), fg ? | at ClickMenuEntryButtonUntilEnteredGameAsync: initial click (129m52s ago)
2026-06-24 14:30:55Z hc1 (D2R_1): frame DiabloSplash (14s ago) [degraded] | last key/SplashContinue/G/Space/Enter@683,384 (12s ago), fg ? | at ClickMenuEntryButtonUntilEnteredGameAsync: initial click (130m47s ago)
2026-06-24 14:30:55Z hc2 (D2R_2): frame Unknown (1s ago) [degraded] | last click/Left@683,384 (0s ago), fg ? | at ClickMenuEntryButtonUntilEnteredGameAsync: initial click (129m54s ago)
2026-06-24 14:30:55Z hc3 (D2R_3): frame DiabloSplash (14s ago) [degraded] | last key/SplashContinue/G/Space/Enter@683,384 (12s ago), fg ? | at ClickMenuEntryButtonUntilEnteredGameAsync: initial click (129m54s ago)
2026-06-24 14:31:01Z hc1 (D2R_1): frame DiabloSplash (17s ago) [degraded] | last key/SplashContinue/G/Space/Enter@683,384 (14s ago), fg ? | at ClickMenuEntryButtonUntilEnteredGameAsync: initial click (130m49s ago)
2026-06-24 14:31:01Z hc2 (D2R_2): frame Unknown (4s ago) [degraded] | last key/Escape/G/Space/Enter@683,384 (1s ago), fg ? | at ClickMenuEntryButtonUntilEnteredGameAsync: initial click (129m56s ago)
2026-06-24 14:31:01Z hc3 (D2R_3): frame CharacterScreen (4s ago) [degraded] | last key/SplashContinue/G/Space/Enter@683,384 (18s ago), fg ? | at ClickMenuEntryButtonUntilEnteredGameAsync: initial click (130m0s ago)
2026-06-24 14:31:03Z hc1 (D2R_1): frame DiabloSplash (23s ago) [degraded] | last key/SplashContinue/G/Space/Enter@683,384 (20s ago), fg ? | at ClickMenuEntryButtonUntilEnteredGameAsync: initial click (130m56s ago)
2026-06-24 14:31:03Z hc2 (D2R_2): frame Unknown (10s ago) [degraded] | last key/Escape/G/Space/Enter@683,384 (8s ago), fg ? | at ClickMenuEntryButtonUntilEnteredGameAsync: initial click (130m2s ago)
2026-06-24 14:31:03Z hc3 (D2R_3): frame CharacterScreen (6s ago) [degraded] | last key/SplashContinue/G/Space/Enter@683,384 (20s ago), fg ? | at ClickMenuEntryButtonUntilEnteredGameAsync: initial click (130m2s ago)
2026-06-24 14:31:05Z hc1 (D2R_1): frame DiabloSplash (25s ago) [degraded] | last key/SplashContinue/G/Space/Enter@683,384 (23s ago), fg ? | at ClickMenuEntryButtonUntilEnteredGameAsync: initial click (130m58s ago)
2026-06-24 14:31:05Z hc2 (D2R_2): frame Unknown (12s ago) [degraded] | last key/Escape/G/Space/Enter@683,384 (10s ago), fg ? | at ClickMenuEntryButtonUntilEnteredGameAsync: initial click (130m5s ago)
2026-06-24 14:31:05Z hc3 (D2R_3): frame CharacterScreen (9s ago) [degraded] | last key/SplashContinue/G/Space/Enter@683,384 (22s ago), fg ? | at ClickMenuEntryButtonUntilEnteredGameAsync: initial click (130m5s ago)
2026-06-24 14:31:08Z hc1 (D2R_1): frame DiabloSplash (27s ago) [degraded] | last key/SplashContinue/G/Space/Enter@683,384 (25s ago), fg ? | at ClickMenuEntryButtonUntilEnteredGameAsync: initial click (131m0s ago)
2026-06-24 14:31:08Z hc2 (D2R_2): frame Unknown (14s ago) [degraded] | last key/Escape/G/Space/Enter@683,384 (12s ago), fg ? | at ClickMenuEntryButtonUntilEnteredGameAsync: initial click (130m7s ago)
2026-06-24 14:31:08Z hc3 (D2R_3): frame CharacterScreen (11s ago) [degraded] | last key/SplashContinue/G/Space/Enter@683,384 (25s ago), fg ? | at ClickMenuEntryButtonUntilEnteredGameAsync: initial click (130m7s ago)
2026-06-24 14:31:10Z hc1 (D2R_1): frame DiabloSplash (30s ago) [degraded] | last key/SplashContinue/G/Space/Enter@683,384 (27s ago), fg ? | at ClickMenuEntryButtonUntilEnteredGameAsync: initial click (131m2s ago)
2026-06-24 14:31:10Z hc2 (D2R_2): frame Unknown (17s ago) [degraded] | last key/Escape/G/Space/Enter@683,384 (14s ago), fg ? | at ClickMenuEntryButtonUntilEnteredGameAsync: initial click (130m9s ago)
2026-06-24 14:31:10Z hc3 (D2R_3): frame CharacterScreen (13s ago) [degraded] | last key/SplashContinue/G/Space/Enter@683,384 (27s ago), fg ? | at ClickMenuEntryButtonUntilEnteredGameAsync: initial click (130m9s ago)
2026-06-24 14:31:12Z hc1 (D2R_1): frame DiabloSplash (32s ago) [degraded] | last key/SplashContinue/G/Space/Enter@683,384 (29s ago), fg ? | at ClickMenuEntryButtonUntilEnteredGameAsync: initial click (131m5s ago)
2026-06-24 14:31:12Z hc2 (D2R_2): frame Unknown (19s ago) [degraded] | last key/Escape/G/Space/Enter@683,384 (17s ago), fg ? | at ClickMenuEntryButtonUntilEnteredGameAsync: initial click (130m11s ago)
2026-06-24 14:31:12Z hc3 (D2R_3): frame CharacterScreen (15s ago) [degraded] | last key/SplashContinue/G/Space/Enter@683,384 (29s ago), fg ? | at ClickMenuEntryButtonUntilEnteredGameAsync: initial click (130m11s ago)
2026-06-24 14:31:14Z hc1 (D2R_1): frame DiabloSplash (34s ago) [degraded] | last key/SplashContinue/G/Space/Enter@683,384 (32s ago), fg ? | at ClickMenuEntryButtonUntilEnteredGameAsync: initial click (131m7s ago)
2026-06-24 14:31:14Z hc2 (D2R_2): frame Unknown (21s ago) [degraded] | last key/Escape/G/Space/Enter@683,384 (19s ago), fg ? | at ClickMenuEntryButtonUntilEnteredGameAsync: initial click (130m14s ago)
2026-06-24 14:31:14Z hc3 (D2R_3): frame CharacterScreen (18s ago) [degraded] | last key/SplashContinue/G/Space/Enter@683,384 (31s ago), fg ? | at ClickMenuEntryButtonUntilEnteredGameAsync: initial click (130m13s ago)
2026-06-24 14:31:17Z hc1 (D2R_1): frame DiabloSplash (36s ago) [degraded] | last key/SplashContinue/G/Space/Enter@683,384 (34s ago), fg ? | at ClickMenuEntryButtonUntilEnteredGameAsync: initial click (131m9s ago)
2026-06-24 14:31:17Z hc2 (D2R_2): frame Unknown (23s ago) [degraded] | last key/Escape/G/Space/Enter@683,384 (21s ago), fg ? | at ClickMenuEntryButtonUntilEnteredGameAsync: initial click (130m16s ago)
2026-06-24 14:31:17Z hc3 (D2R_3): frame CharacterScreen (20s ago) [degraded] | last key/SplashContinue/G/Space/Enter@683,384 (34s ago), fg ? | at ClickMenuEntryButtonUntilEnteredGameAsync: initial click (130m16s ago)
2026-06-24 14:31:19Z hc1 (D2R_1): frame DiabloSplash (39s ago) [degraded] | last key/SplashContinue/G/Space/Enter@683,384 (36s ago), fg ? | at ClickMenuEntryButtonUntilEnteredGameAsync: initial click (131m11s ago)
2026-06-24 14:31:19Z hc2 (D2R_2): frame Unknown (26s ago) [degraded] | last key/Escape/G/Space/Enter@683,384 (23s ago), fg ? | at ClickMenuEntryButtonUntilEnteredGameAsync: initial click (130m18s ago)
2026-06-24 14:31:19Z hc3 (D2R_3): frame CharacterScreen (22s ago) [degraded] | last key/SplashContinue/G/Space/Enter@683,384 (36s ago), fg ? | at ClickMenuEntryButtonUntilEnteredGameAsync: initial click (130m18s ago)
2026-06-24 14:31:21Z hc1 (D2R_1): frame DiabloSplash (41s ago) [degraded] | last key/SplashContinue/G/Space/Enter@683,384 (39s ago), fg ? | at ClickMenuEntryButtonUntilEnteredGameAsync: initial click (131m14s ago)
2026-06-24 14:31:21Z hc2 (D2R_2): frame Unknown (28s ago) [degraded] | last key/Escape/G/Space/Enter@683,384 (26s ago), fg ? | at ClickMenuEntryButtonUntilEnteredGameAsync: initial click (130m20s ago)
2026-06-24 14:31:21Z hc3 (D2R_3): frame CharacterScreen (24s ago) [degraded] | last key/SplashContinue/G/Space/Enter@683,384 (38s ago), fg ? | at ClickMenuEntryButtonUntilEnteredGameAsync: initial click (130m20s ago)
2026-06-24 14:31:23Z hc1 (D2R_1): frame DiabloSplash (43s ago) [degraded] | last key/SplashContinue/G/Space/Enter@683,384 (41s ago), fg ? | at ClickMenuEntryButtonUntilEnteredGameAsync: initial click (131m16s ago)
2026-06-24 14:31:23Z hc2 (D2R_2): frame Unknown (30s ago) [degraded] | last key/Escape/G/Space/Enter@683,384 (28s ago), fg ? | at ClickMenuEntryButtonUntilEnteredGameAsync: initial click (130m23s ago)
2026-06-24 14:31:23Z hc3 (D2R_3): frame CharacterScreen (27s ago) [degraded] | last key/SplashContinue/G/Space/Enter@683,384 (40s ago), fg ? | at ClickMenuEntryButtonUntilEnteredGameAsync: initial click (130m23s ago)
2026-06-24 14:31:26Z hc1 (D2R_1): frame DiabloSplash (45s ago) [degraded] | last key/SplashContinue/G/Space/Enter@683,384 (43s ago), fg ? | at ClickMenuEntryButtonUntilEnteredGameAsync: initial click (131m18s ago)
2026-06-24 14:31:26Z hc2 (D2R_2): frame Unknown (32s ago) [degraded] | last key/Escape/G/Space/Enter@683,384 (30s ago), fg ? | at ClickMenuEntryButtonUntilEnteredGameAsync: initial click (130m25s ago)
2026-06-24 14:31:26Z hc3 (D2R_3): frame CharacterScreen (29s ago) [degraded] | last key/SplashContinue/G/Space/Enter@683,384 (43s ago), fg ? | at ClickMenuEntryButtonUntilEnteredGameAsync: initial click (130m25s ago)
2026-06-24 14:31:28Z hc1 (D2R_1): frame CharacterScreen (1s ago) [degraded] | last key/SplashContinue/G/Space/Enter@683,384 (45s ago), fg ? | at ClickMenuEntryButtonUntilEnteredGameAsync: initial click (131m21s ago)
2026-06-24 14:31:28Z hc2 (D2R_2): frame Unknown (35s ago) [degraded] | last key/Escape/G/Space/Enter@683,384 (32s ago), fg ? | at ClickMenuEntryButtonUntilEnteredGameAsync: initial click (130m27s ago)
2026-06-24 14:31:28Z hc3 (D2R_3): frame CharacterScreen (31s ago) [degraded] | last key/SplashContinue/G/Space/Enter@683,384 (45s ago), fg ? | at ClickMenuEntryButtonUntilEnteredGameAsync: initial click (130m27s ago)
2026-06-24 14:31:30Z hc1 (D2R_1): frame CharacterScreen (3s ago) [degraded] | last key/SplashContinue/G/Space/Enter@683,384 (48s ago), fg ? | at ClickMenuEntryButtonUntilEnteredGameAsync: initial click (131m23s ago)
2026-06-24 14:31:30Z hc2 (D2R_2): frame Unknown (37s ago) [degraded] | last key/Escape/G/Space/Enter@683,384 (35s ago), fg ? | at ClickMenuEntryButtonUntilEnteredGameAsync: initial click (130m30s ago)
2026-06-24 14:31:30Z hc3 (D2R_3): frame CharacterScreen (34s ago) [degraded] | last key/SplashContinue/G/Space/Enter@683,384 (47s ago), fg ? | at ClickMenuEntryButtonUntilEnteredGameAsync: initial click (130m30s ago)
2026-06-24 14:31:33Z hc1 (D2R_1): frame CharacterScreen (5s ago) [degraded] | last key/SplashContinue/G/Space/Enter@683,384 (50s ago), fg ? | at ClickMenuEntryButtonUntilEnteredGameAsync: initial click (131m25s ago)
2026-06-24 14:31:33Z hc2 (D2R_2): frame Unknown (40s ago) [degraded] | last key/Escape/G/Space/Enter@683,384 (37s ago), fg ? | at ClickMenuEntryButtonUntilEnteredGameAsync: initial click (130m32s ago)
2026-06-24 14:31:33Z hc3 (D2R_3): frame CharacterScreen (36s ago) [degraded] | last key/SplashContinue/G/Space/Enter@683,384 (50s ago), fg ? | at ClickMenuEntryButtonUntilEnteredGameAsync: initial click (130m32s ago)
2026-06-24 14:31:35Z hc1 (D2R_1): frame CharacterScreen (8s ago) [degraded] | last key/SplashContinue/G/Space/Enter@683,384 (52s ago), fg ? | at ClickMenuEntryButtonUntilEnteredGameAsync: initial click (131m28s ago)
2026-06-24 14:31:35Z hc2 (D2R_2): frame Unknown (42s ago) [degraded] | last key/Escape/G/Space/Enter@683,384 (39s ago), fg ? | at ClickMenuEntryButtonUntilEnteredGameAsync: initial click (130m34s ago)
2026-06-24 14:31:35Z hc3 (D2R_3): frame CharacterScreen (38s ago) [degraded] | last key/SplashContinue/G/Space/Enter@683,384 (52s ago), fg ? | at ClickMenuEntryButtonUntilEnteredGameAsync: initial click (130m34s ago)
2026-06-24 14:31:37Z hc1 (D2R_1): frame CharacterScreen (10s ago) [degraded] | last key/SplashContinue/G/Space/Enter@683,384 (55s ago), fg ? | at ClickMenuEntryButtonUntilEnteredGameAsync: initial click (131m30s ago)
2026-06-24 14:31:37Z hc2 (D2R_2): frame Unknown (44s ago) [degraded] | last key/Escape/G/Space/Enter@683,384 (42s ago), fg ? | at ClickMenuEntryButtonUntilEnteredGameAsync: initial click (130m36s ago)
2026-06-24 14:31:37Z hc3 (D2R_3): frame CharacterScreen (40s ago) [degraded] | last key/SplashContinue/G/Space/Enter@683,384 (54s ago), fg ? | at ClickMenuEntryButtonUntilEnteredGameAsync: initial click (130m36s ago)
2026-06-24 14:31:39Z hc1 (D2R_1): frame CharacterScreen (12s ago) [degraded] | last key/SplashContinue/G/Space/Enter@683,384 (57s ago), fg ? | at ClickMenuEntryButtonUntilEnteredGameAsync: initial click (131m32s ago)
2026-06-24 14:31:39Z hc2 (D2R_2): frame Unknown (46s ago) [degraded] | last key/Escape/G/Space/Enter@683,384 (44s ago), fg ? | at ClickMenuEntryButtonUntilEnteredGameAsync: initial click (130m39s ago)
2026-06-24 14:31:39Z hc3 (D2R_3): frame CharacterScreen (43s ago) [degraded] | last key/SplashContinue/G/Space/Enter@683,384 (56s ago), fg ? | at ClickMenuEntryButtonUntilEnteredGameAsync: initial click (130m39s ago)
2026-06-24 14:31:42Z hc1 (D2R_1): frame CharacterScreen (14s ago) [degraded] | last key/SplashContinue/G/Space/Enter@683,384 (59s ago), fg ? | at ClickMenuEntryButtonUntilEnteredGameAsync: initial click (131m34s ago)
2026-06-24 14:31:42Z hc2 (D2R_2): frame Unknown (49s ago) [degraded] | last key/Escape/G/Space/Enter@683,384 (46s ago), fg ? | at ClickMenuEntryButtonUntilEnteredGameAsync: initial click (130m41s ago)
2026-06-24 14:31:42Z hc3 (D2R_3): frame CharacterScreen (45s ago) [degraded] | last key/SplashContinue/G/Space/Enter@683,384 (59s ago), fg ? | at ClickMenuEntryButtonUntilEnteredGameAsync: initial click (130m41s ago)
2026-06-24 14:31:44Z hc1 (D2R_1): frame CharacterScreen (17s ago) [degraded] | last key/SplashContinue/G/Space/Enter@683,384 (1m1s ago), fg ? | at ClickMenuEntryButtonUntilEnteredGameAsync: initial click (131m36s ago)
2026-06-24 14:31:44Z hc2 (D2R_2): frame Unknown (51s ago) [degraded] | last key/Escape/G/Space/Enter@683,384 (48s ago), fg ? | at ClickMenuEntryButtonUntilEnteredGameAsync: initial click (130m43s ago)
2026-06-24 14:31:44Z hc3 (D2R_3): frame CharacterScreen (47s ago) [degraded] | last key/SplashContinue/G/Space/Enter@683,384 (1m1s ago), fg ? | at ClickMenuEntryButtonUntilEnteredGameAsync: initial click (130m43s ago)
2026-06-24 14:31:46Z hc1 (D2R_1): frame CharacterScreen (19s ago) [degraded] | last key/SplashContinue/G/Space/Enter@683,384 (1m3s ago), fg ? | at ClickMenuEntryButtonUntilEnteredGameAsync: initial click (131m39s ago)
2026-06-24 14:31:46Z hc2 (D2R_2): frame Unknown (53s ago) [degraded] | last key/Escape/G/Space/Enter@683,384 (51s ago), fg ? | at ClickMenuEntryButtonUntilEnteredGameAsync: initial click (130m45s ago)
2026-06-24 14:31:46Z hc3 (D2R_3): frame CharacterScreen (49s ago) [degraded] | last key/SplashContinue/G/Space/Enter@683,384 (1m3s ago), fg ? | at ClickMenuEntryButtonUntilEnteredGameAsync: initial click (130m45s ago)
2026-06-24 14:31:48Z hc1 (D2R_1): frame CharacterScreen (21s ago) [degraded] | last key/SplashContinue/G/Space/Enter@683,384 (1m6s ago), fg ? | at ClickMenuEntryButtonUntilEnteredGameAsync: initial click (131m41s ago)
2026-06-24 14:31:48Z hc2 (D2R_2): frame Unknown (55s ago) [degraded] | last key/Escape/G/Space/Enter@683,384 (53s ago), fg ? | at ClickMenuEntryButtonUntilEnteredGameAsync: initial click (130m48s ago)
2026-06-24 14:31:48Z hc3 (D2R_3): frame CharacterScreen (0s ago) [degraded] | last key/SplashContinue/G/Space/Enter@683,384 (1m5s ago), fg ? | at ClickMenuEntryButtonUntilEnteredGameAsync: initial click (130m47s ago)
2026-06-24 14:31:51Z hc1 (D2R_1): frame CharacterScreen (23s ago) [degraded] | last key/SplashContinue/G/Space/Enter@683,384 (1m8s ago), fg ? | at ClickMenuEntryButtonUntilEnteredGameAsync: initial click (131m43s ago)
2026-06-24 14:31:51Z hc2 (D2R_2): frame Unknown (57s ago) [degraded] | last key/Escape/G/Space/Enter@683,384 (55s ago), fg ? | at ClickMenuEntryButtonUntilEnteredGameAsync: initial click (130m50s ago)
2026-06-24 14:31:51Z hc3 (D2R_3): frame CharacterScreen (2s ago) [degraded] | last key/SplashContinue/G/Space/Enter@683,384 (1m8s ago), fg ? | at ClickMenuEntryButtonUntilEnteredGameAsync: initial click (130m50s ago)
2026-06-24 14:31:53Z hc1 (D2R_1): frame CharacterScreen (26s ago) [degraded] | last key/SplashContinue/G/Space/Enter@683,384 (1m10s ago), fg ? | at ClickMenuEntryButtonUntilEnteredGameAsync: initial click (131m46s ago)
2026-06-24 14:31:53Z hc2 (D2R_2): frame Unknown (1m0s ago) [degraded] | last key/Escape/G/Space/Enter@683,384 (57s ago), fg ? | at ClickMenuEntryButtonUntilEnteredGameAsync: initial click (130m52s ago)
2026-06-24 14:31:53Z hc3 (D2R_3): frame CharacterScreen (5s ago) [degraded] | last key/SplashContinue/G/Space/Enter@683,384 (1m10s ago), fg ? | at ClickMenuEntryButtonUntilEnteredGameAsync: initial click (130m52s ago)
2026-06-24 14:31:55Z hc1 (D2R_1): frame CharacterScreen (28s ago) [degraded] | last key/SplashContinue/G/Space/Enter@683,384 (1m13s ago), fg ? | at ClickMenuEntryButtonUntilEnteredGameAsync: initial click (131m48s ago)
2026-06-24 14:31:55Z hc2 (D2R_2): frame Unknown (1m2s ago) [degraded] | last key/Escape/G/Space/Enter@683,384 (1m0s ago), fg ? | at ClickMenuEntryButtonUntilEnteredGameAsync: initial click (130m54s ago)
2026-06-24 14:31:55Z hc3 (D2R_3): frame CharacterScreen (7s ago) [degraded] | last key/SplashContinue/G/Space/Enter@683,384 (1m12s ago), fg ? | at ClickMenuEntryButtonUntilEnteredGameAsync: initial click (130m54s ago)
2026-06-24 14:31:57Z hc1 (D2R_1): frame CharacterScreen (30s ago) [degraded] | last key/SplashContinue/G/Space/Enter@683,384 (1m15s ago), fg ? | at ClickMenuEntryButtonUntilEnteredGameAsync: initial click (131m50s ago)
2026-06-24 14:31:57Z hc2 (D2R_2): frame Unknown (1m4s ago) [degraded] | last key/Escape/G/Space/Enter@683,384 (1m2s ago), fg ? | at ClickMenuEntryButtonUntilEnteredGameAsync: initial click (130m57s ago)
2026-06-24 14:31:57Z hc3 (D2R_3): frame CharacterScreen (9s ago) [degraded] | last key/SplashContinue/G/Space/Enter@683,384 (1m14s ago), fg ? | at ClickMenuEntryButtonUntilEnteredGameAsync: initial click (130m57s ago)
2026-06-24 14:32:00Z hc1 (D2R_1): frame CharacterScreen (32s ago) [degraded] | last click/Left@799,689 (1s ago), fg ? | at EnsureLobbyOpenedAsync: remembered-character-screen click (2s ago)
2026-06-24 14:32:00Z hc2 (D2R_2): frame Unknown (1m6s ago) [degraded] | last key/Escape/G/Space/Enter@683,384 (1m4s ago), fg ? | at ClickMenuEntryButtonUntilEnteredGameAsync: initial click (130m59s ago)
2026-06-24 14:32:00Z hc3 (D2R_3): frame CharacterScreen (11s ago) [degraded] | last key/SplashContinue/G/Space/Enter@683,384 (1m17s ago), fg ? | at ClickMenuEntryButtonUntilEnteredGameAsync: initial click (130m59s ago)
2026-06-24 14:32:02Z hc1 (D2R_1): frame CharacterScreen (35s ago) [degraded] | last click/Left@919,55 (0s ago), fg ? | at CreateGameAsync: filling game name/password fields (0s ago)
2026-06-24 14:32:02Z hc2 (D2R_2): frame Unknown (1m9s ago) [degraded] | last key/Escape/G/Space/Enter@683,384 (1m6s ago), fg ? | at ClickMenuEntryButtonUntilEnteredGameAsync: initial click (131m1s ago)
2026-06-24 14:32:02Z hc3 (D2R_3): frame CharacterScreen (14s ago) [degraded] | last key/SplashContinue/G/Space/Enter@683,384 (1m19s ago), fg ? | at ClickMenuEntryButtonUntilEnteredGameAsync: initial click (131m1s ago)
2026-06-24 14:32:04Z hc1 (D2R_1): frame CharacterScreen (37s ago) [degraded] | last click/Left@1046,172 (0s ago), fg ? | at CreateGameAsync: filling game name/password fields (2s ago)
2026-06-24 14:32:04Z hc2 (D2R_2): frame CharacterScreen (0s ago) [degraded] | last key/Escape/G/Space/Enter@683,384 (1m9s ago), fg ? | at ClickMenuEntryButtonUntilEnteredGameAsync: initial click (131m3s ago)
2026-06-24 14:32:04Z hc3 (D2R_3): frame CharacterScreen (16s ago) [degraded] | last key/SplashContinue/G/Space/Enter@683,384 (1m21s ago), fg ? | at ClickMenuEntryButtonUntilEnteredGameAsync: initial click (131m3s ago)
2026-06-24 14:32:06Z hc1 (D2R_1): frame CharacterScreen (39s ago) [degraded] | last click/Left@952,269 (0s ago), fg ? | at ClickMenuEntryButtonUntilEnteredGameAsync: initial click (0s ago)
2026-06-24 14:32:06Z hc2 (D2R_2): frame CharacterScreen (3s ago) [degraded] | last key/Escape/G/Space/Enter@683,384 (1m11s ago), fg ? | at ClickMenuEntryButtonUntilEnteredGameAsync: initial click (131m6s ago)
2026-06-24 14:32:06Z hc3 (D2R_3): frame CharacterScreen (18s ago) [degraded] | last key/SplashContinue/G/Space/Enter@683,384 (1m23s ago), fg ? | at ClickMenuEntryButtonUntilEnteredGameAsync: initial click (131m6s ago)
2026-06-24 14:32:09Z hc1 (D2R_1): frame CharacterScreen (42s ago) [degraded] | last click/Left@1045,475 (2s ago), fg ? | at ClickMenuEntryButtonUntilEnteredGameAsync: initial click (2s ago)
2026-06-24 14:32:09Z hc2 (D2R_2): frame CharacterScreen (5s ago) [degraded] | last key/Escape/G/Space/Enter@683,384 (1m13s ago), fg ? | at ClickMenuEntryButtonUntilEnteredGameAsync: initial click (131m8s ago)
2026-06-24 14:32:09Z hc3 (D2R_3): frame CharacterScreen (21s ago) [degraded] | last key/SplashContinue/G/Space/Enter@683,384 (1m26s ago), fg ? | at ClickMenuEntryButtonUntilEnteredGameAsync: initial click (131m8s ago)
2026-06-24 14:32:11Z hc1 (D2R_1): frame CharacterScreen (44s ago) [degraded] | last click/Left@1045,475 (4s ago), fg ? | at ClickMenuEntryButtonUntilEnteredGameAsync: initial click (5s ago)
2026-06-24 14:32:11Z hc2 (D2R_2): frame CharacterScreen (7s ago) [degraded] | last key/Escape/G/Space/Enter@683,384 (1m16s ago), fg ? | at ClickMenuEntryButtonUntilEnteredGameAsync: initial click (131m10s ago)
2026-06-24 14:32:11Z hc3 (D2R_3): frame CharacterScreen (23s ago) [degraded] | last key/SplashContinue/G/Space/Enter@683,384 (1m28s ago), fg ? | at ClickMenuEntryButtonUntilEnteredGameAsync: initial click (131m10s ago)
2026-06-24 14:32:14Z hc1 (D2R_1): frame CharacterScreen (46s ago) [degraded] | last click/Left@1045,475 (6s ago), fg ? | at ClickMenuEntryButtonUntilEnteredGameAsync: initial click (7s ago)
2026-06-24 14:32:14Z hc2 (D2R_2): frame CharacterScreen (10s ago) [degraded] | last key/Escape/G/Space/Enter@683,384 (1m18s ago), fg ? | at ClickMenuEntryButtonUntilEnteredGameAsync: initial click (131m13s ago)
2026-06-24 14:32:14Z hc3 (D2R_3): frame CharacterScreen (25s ago) [degraded] | last key/SplashContinue/G/Space/Enter@683,384 (1m31s ago), fg ? | at ClickMenuEntryButtonUntilEnteredGameAsync: initial click (131m13s ago)
2026-06-24 14:32:16Z hc1 (D2R_1): frame CharacterScreen (49s ago) [degraded] | last click/Left@1045,475 (9s ago), fg ? | at ClickMenuEntryButtonUntilEnteredGameAsync: initial click (9s ago)
2026-06-24 14:32:16Z hc2 (D2R_2): frame CharacterScreen (12s ago) [degraded] | last key/Escape/G/Space/Enter@683,384 (1m20s ago), fg ? | at ClickMenuEntryButtonUntilEnteredGameAsync: initial click (131m15s ago)
2026-06-24 14:32:16Z hc3 (D2R_3): frame CharacterScreen (28s ago) [degraded] | last click/Left@799,689 (1s ago), fg ? | at EnsureLobbyOpenedAsync: remembered-character-screen click (1s ago)
2026-06-24 14:32:18Z hc1 (D2R_1): frame CharacterScreen (51s ago) [degraded] | last click/Left@1045,475 (11s ago), fg ? | at ClickMenuEntryButtonUntilEnteredGameAsync: initial click (12s ago)
2026-06-24 14:32:18Z hc2 (D2R_2): frame CharacterScreen (14s ago) [degraded] | last key/Escape/G/Space/Enter@683,384 (1m23s ago), fg ? | at ClickMenuEntryButtonUntilEnteredGameAsync: initial click (131m17s ago)
2026-06-24 14:32:18Z hc3 (D2R_3): frame CharacterScreen (30s ago) [degraded] | last click/Left@1046,55 (0s ago), fg ? | at RestoreJoinGameFormAsync: fill game name (0s ago)
2026-06-24 14:32:20Z hc1 (D2R_1): frame CharacterScreen (53s ago) [degraded] | last click/Left@1045,475 (13s ago), fg ? | at ClickMenuEntryButtonUntilEnteredGameAsync: initial click (14s ago)
2026-06-24 14:32:20Z hc2 (D2R_2): frame CharacterScreen (17s ago) [degraded] | last key/Escape/G/Space/Enter@683,384 (1m25s ago), fg ? | at ClickMenuEntryButtonUntilEnteredGameAsync: initial click (131m20s ago)
2026-06-24 14:32:20Z hc3 (D2R_3): frame CharacterScreen (32s ago) [degraded] | last click/Left@1143,106 (0s ago), fg ? | at RestoreJoinGameFormAsync: fill password (0s ago)
2026-06-24 14:32:23Z hc1 (D2R_1): frame CharacterScreen (55s ago) [degraded] | last click/Left@1045,475 (15s ago), fg ? | at ClickMenuEntryButtonUntilEnteredGameAsync: initial click (16s ago)
2026-06-24 14:32:23Z hc2 (D2R_2): frame CharacterScreen (19s ago) [degraded] | last key/Escape/G/Space/Enter@683,384 (1m27s ago), fg ? | at ClickMenuEntryButtonUntilEnteredGameAsync: initial click (131m22s ago)
2026-06-24 14:32:23Z hc3 (D2R_3): frame CharacterScreen (34s ago) [degraded] | last click/Left@1143,106 (1s ago), fg ? | at RestoreJoinGameFormAsync: fill password (2s ago)
2026-06-24 14:32:25Z hc1 (D2R_1): frame CharacterScreen (58s ago) [degraded] | last click/Left@1045,475 (18s ago), fg ? | at ClickMenuEntryButtonUntilEnteredGameAsync: initial click (18s ago)
2026-06-24 14:32:25Z hc2 (D2R_2): frame CharacterScreen (21s ago) [degraded] | last key/Escape/G/Space/Enter@683,384 (1m29s ago), fg ? | at ClickMenuEntryButtonUntilEnteredGameAsync: initial click (131m24s ago)
2026-06-24 14:32:25Z hc3 (D2R_3): frame CharacterScreen (37s ago) [degraded] | last click/Left@1143,106 (3s ago), fg ? | at RestoreJoinGameFormAsync: fill password (5s ago)
2026-06-24 14:32:27Z hc1 (D2R_1): frame CharacterScreen (1m0s ago) [degraded] | last click/Left@1045,475 (20s ago), fg ? | at ClickMenuEntryButtonUntilEnteredGameAsync: initial click (20s ago)
2026-06-24 14:32:27Z hc2 (D2R_2): frame CharacterScreen (23s ago) [degraded] | last key/Escape/G/Space/Enter@683,384 (1m32s ago), fg ? | at ClickMenuEntryButtonUntilEnteredGameAsync: initial click (131m26s ago)
2026-06-24 14:32:27Z hc3 (D2R_3): frame CharacterScreen (39s ago) [degraded] | last click/Left@1143,106 (6s ago), fg ? | at RestoreJoinGameFormAsync: fill password (7s ago)
2026-06-24 14:32:29Z hc1 (D2R_1): frame CharacterScreen (1m2s ago) [degraded] | last click/Left@1045,475 (22s ago), fg ? | at ClickMenuEntryButtonUntilEnteredGameAsync: initial click (23s ago)
2026-06-24 14:32:29Z hc2 (D2R_2): frame CharacterScreen (26s ago) [degraded] | last key/Escape/G/Space/Enter@683,384 (1m34s ago), fg ? | at ClickMenuEntryButtonUntilEnteredGameAsync: initial click (131m29s ago)
2026-06-24 14:32:29Z hc3 (D2R_3): frame CharacterScreen (41s ago) [degraded] | last click/Left@1143,106 (8s ago), fg ? | at RestoreJoinGameFormAsync: fill password (9s ago)
2026-06-24 14:32:32Z hc1 (D2R_1): frame CharacterScreen (1m4s ago) [degraded] | last click/Left@1045,475 (25s ago), fg ? | at ClickMenuEntryButtonUntilEnteredGameAsync: initial click (25s ago)
2026-06-24 14:32:32Z hc2 (D2R_2): frame CharacterScreen (28s ago) [degraded] | last click/Left@799,689 (1s ago), fg ? | at EnsureLobbyOpenedAsync: remembered-character-screen click (1s ago)
2026-06-24 14:32:32Z hc3 (D2R_3): frame CharacterScreen (43s ago) [degraded] | last click/Left@1143,106 (10s ago), fg ? | at RestoreJoinGameFormAsync: fill password (11s ago)
2026-06-24 14:32:34Z hc1 (D2R_1): frame CharacterScreen (1m7s ago) [degraded] | last click/Left@1045,475 (27s ago), fg ? | at ClickMenuEntryButtonUntilEnteredGameAsync: initial click (27s ago)
2026-06-24 14:32:34Z hc2 (D2R_2): frame CharacterScreen (30s ago) [degraded] | last click/Left@1046,55 (0s ago), fg ? | at RestoreJoinGameFormAsync: fill game name (0s ago)
2026-06-24 14:32:34Z hc3 (D2R_3): frame CharacterScreen (46s ago) [degraded] | last click/Left@1143,106 (12s ago), fg ? | at RestoreJoinGameFormAsync: fill password (14s ago)
2026-06-24 14:32:36Z hc1 (D2R_1): frame CharacterScreen (1m9s ago) [degraded] | last click/Left@1045,475 (29s ago), fg ? | at ClickMenuEntryButtonUntilEnteredGameAsync: initial click (30s ago)
2026-06-24 14:32:36Z hc2 (D2R_2): frame CharacterScreen (32s ago) [degraded] | last click/Left@952,106 (1s ago), fg ? | at RestoreJoinGameFormAsync: fill password (0s ago)
2026-06-24 14:32:36Z hc3 (D2R_3): frame CharacterScreen (48s ago) [degraded] | last click/Left@1143,106 (15s ago), fg ? | at RestoreJoinGameFormAsync: fill password (16s ago)
2026-06-24 14:32:38Z hc1 (D2R_1): frame CharacterScreen (1m11s ago) [degraded] | last click/Left@1045,475 (31s ago), fg ? | at ClickMenuEntryButtonUntilEnteredGameAsync: initial click (32s ago)
2026-06-24 14:32:38Z hc2 (D2R_2): frame CharacterScreen (35s ago) [degraded] | last click/Left@1143,106 (1s ago), fg ? | at RestoreJoinGameFormAsync: fill password (2s ago)
2026-06-24 14:32:38Z hc3 (D2R_3): frame CharacterScreen (50s ago) [degraded] | last click/Left@1143,106 (17s ago), fg ? | at RestoreJoinGameFormAsync: fill password (18s ago)
2026-06-24 14:32:41Z hc1 (D2R_1): frame CharacterScreen (1m13s ago) [degraded] | last click/Left@1045,475 (34s ago), fg ? | at ClickMenuEntryButtonUntilEnteredGameAsync: initial click (34s ago)
2026-06-24 14:32:41Z hc2 (D2R_2): frame CharacterScreen (37s ago) [degraded] | last click/Left@1143,106 (3s ago), fg ? | at RestoreJoinGameFormAsync: fill password (5s ago)
2026-06-24 14:32:41Z hc3 (D2R_3): frame CharacterScreen (53s ago) [degraded] | last click/Left@1143,106 (19s ago), fg ? | at RestoreJoinGameFormAsync: fill password (20s ago)
2026-06-24 14:32:43Z hc1 (D2R_1): frame CharacterScreen (1m16s ago) [degraded] | last click/Left@1045,475 (36s ago), fg ? | at ClickMenuEntryButtonUntilEnteredGameAsync: initial click (36s ago)
2026-06-24 14:32:43Z hc2 (D2R_2): frame CharacterScreen (39s ago) [degraded] | last click/Left@1143,106 (6s ago), fg ? | at RestoreJoinGameFormAsync: fill password (7s ago)
2026-06-24 14:32:43Z hc3 (D2R_3): frame CharacterScreen (55s ago) [degraded] | last click/Left@1143,106 (22s ago), fg ? | at RestoreJoinGameFormAsync: fill password (23s ago)
2026-06-24 14:32:45Z hc1 (D2R_1): frame CharacterScreen (1m18s ago) [degraded] | last click/Left@1045,475 (38s ago), fg ? | at ClickMenuEntryButtonUntilEnteredGameAsync: initial click (39s ago)
2026-06-24 14:32:45Z hc2 (D2R_2): frame CharacterScreen (42s ago) [degraded] | last click/Left@1143,106 (8s ago), fg ? | at RestoreJoinGameFormAsync: fill password (9s ago)
2026-06-24 14:32:45Z hc3 (D2R_3): frame CharacterScreen (57s ago) [degraded] | last click/Left@1143,106 (24s ago), fg ? | at RestoreJoinGameFormAsync: fill password (25s ago)
2026-06-24 14:32:48Z hc1 (D2R_1): frame CharacterScreen (1m20s ago) [degraded] | last click/Left@1045,475 (41s ago), fg ? | at ClickMenuEntryButtonUntilEnteredGameAsync: initial click (41s ago)
2026-06-24 14:32:48Z hc2 (D2R_2): frame CharacterScreen (44s ago) [degraded] | last click/Left@1143,106 (10s ago), fg ? | at RestoreJoinGameFormAsync: fill password (11s ago)
2026-06-24 14:32:48Z hc3 (D2R_3): frame CharacterScreen (59s ago) [degraded] | last click/Left@1143,106 (26s ago), fg ? | at RestoreJoinGameFormAsync: fill password (27s ago)
2026-06-24 14:32:50Z hc1 (D2R_1): frame CharacterScreen (1m23s ago) [degraded] | last click/Left@1045,475 (43s ago), fg ? | at ClickMenuEntryButtonUntilEnteredGameAsync: initial click (43s ago)
2026-06-24 14:32:50Z hc2 (D2R_2): frame CharacterScreen (46s ago) [degraded] | last click/Left@1143,106 (12s ago), fg ? | at RestoreJoinGameFormAsync: fill password (14s ago)
2026-06-24 14:32:50Z hc3 (D2R_3): frame CharacterScreen (1m2s ago) [degraded] | last click/Left@1143,106 (28s ago), fg ? | at RestoreJoinGameFormAsync: fill password (30s ago)
2026-06-24 14:32:52Z hc1 (D2R_1): frame CharacterScreen (1m25s ago) [degraded] | last click/Left@1045,475 (45s ago), fg ? | at ClickMenuEntryButtonUntilEnteredGameAsync: initial click (45s ago)
2026-06-24 14:32:52Z hc2 (D2R_2): frame CharacterScreen (48s ago) [degraded] | last click/Left@1143,106 (15s ago), fg ? | at RestoreJoinGameFormAsync: fill password (16s ago)
2026-06-24 14:32:52Z hc3 (D2R_3): frame CharacterScreen (1m4s ago) [degraded] | last click/Left@1143,106 (31s ago), fg ? | at RestoreJoinGameFormAsync: fill password (32s ago)
2026-06-24 14:32:54Z hc1 (D2R_1): frame CharacterScreen (1m27s ago) [degraded] | last click/Left@1045,475 (47s ago), fg ? | at ClickMenuEntryButtonUntilEnteredGameAsync: initial click (48s ago)
2026-06-24 14:32:54Z hc2 (D2R_2): frame CharacterScreen (51s ago) [degraded] | last click/Left@1046,55 (0s ago), fg ? | at ClickLobbyTabDirectAsync: first ClickD2R (0s ago)
2026-06-24 14:32:54Z hc3 (D2R_3): frame CharacterScreen (1m6s ago) [degraded] | last click/Left@1046,55 (0s ago), fg ? | at ClickLobbyTabDirectAsync: first ClickD2R (0s ago)
2026-06-24 14:32:57Z hc1 (D2R_1): frame CharacterScreen (1m29s ago) [degraded] | last click/Left@1045,475 (50s ago), fg ? | at ClickMenuEntryButtonUntilEnteredGameAsync: initial click (50s ago)
2026-06-24 14:32:57Z hc2 (D2R_2): frame CharacterScreen (53s ago) [degraded] | last click/Left@952,106 (0s ago), fg ? | at RestoreJoinGameFormAsync: fill game name (1s ago)
2026-06-24 14:32:57Z hc3 (D2R_3): frame CharacterScreen (1m8s ago) [degraded] | last click/Left@952,106 (0s ago), fg ? | at RestoreJoinGameFormAsync: fill game name (1s ago)
2026-06-24 14:32:59Z hc1 (D2R_1): frame CharacterScreen (1m32s ago) [degraded] | last click/Left@1045,475 (52s ago), fg ? | at ClickMenuEntryButtonUntilEnteredGameAsync: initial click (52s ago)
2026-06-24 14:32:59Z hc2 (D2R_2): frame CharacterScreen (55s ago) [degraded] | last click/Left@1143,106 (0s ago), fg ? | at RestoreJoinGameFormAsync: fill password (1s ago)
2026-06-24 14:32:59Z hc3 (D2R_3): frame CharacterScreen (1m11s ago) [degraded] | last click/Left@1143,106 (0s ago), fg ? | at RestoreJoinGameFormAsync: fill password (1s ago)
2026-06-24 14:33:01Z hc1 (D2R_1): frame CharacterScreen (1m34s ago) [degraded] | last click/Left@1045,475 (54s ago), fg ? | at ClickMenuEntryButtonUntilEnteredGameAsync: initial click (55s ago)
2026-06-24 14:33:01Z hc2 (D2R_2): frame CharacterScreen (58s ago) [degraded] | last click/Left@1045,478 (1s ago), fg ? | at ClickMenuEntryButtonUntilEnteredGameAsync: initial click (1s ago)
2026-06-24 14:33:01Z hc3 (D2R_3): frame CharacterScreen (1m13s ago) [degraded] | last click/Left@1045,478 (1s ago), fg ? | at ClickMenuEntryButtonUntilEnteredGameAsync: initial click (1s ago)
2026-06-24 14:33:04Z hc1 (D2R_1): frame CharacterScreen (1m36s ago) [degraded] | last click/Left@1045,475 (56s ago), fg ? | at ClickMenuEntryButtonUntilEnteredGameAsync: initial click (57s ago)
2026-06-24 14:33:04Z hc2 (D2R_2): frame CharacterScreen (1m0s ago) [degraded] | last click/Left@1045,478 (3s ago), fg ? | at ClickMenuEntryButtonUntilEnteredGameAsync: initial click (4s ago)
2026-06-24 14:33:04Z hc3 (D2R_3): frame CharacterScreen (1m16s ago) [degraded] | last click/Left@1045,478 (3s ago), fg ? | at ClickMenuEntryButtonUntilEnteredGameAsync: initial click (4s ago)
2026-06-24 14:33:06Z hc1 (D2R_1): frame CharacterScreen (1m39s ago) [degraded] | last click/Left@1045,475 (59s ago), fg ? | at ClickMenuEntryButtonUntilEnteredGameAsync: initial click (59s ago)
2026-06-24 14:33:06Z hc2 (D2R_2): frame CharacterScreen (1m2s ago) [degraded] | last click/Left@1045,478 (6s ago), fg ? | at ClickMenuEntryButtonUntilEnteredGameAsync: initial click (6s ago)
2026-06-24 14:33:06Z hc3 (D2R_3): frame CharacterScreen (1m18s ago) [degraded] | last click/Left@1045,478 (6s ago), fg ? | at ClickMenuEntryButtonUntilEnteredGameAsync: initial click (6s ago)
2026-06-24 14:33:08Z hc1 (D2R_1): frame CharacterScreen (1m41s ago) [degraded] | last click/Left@1045,475 (1m1s ago), fg ? | at ClickMenuEntryButtonUntilEnteredGameAsync: initial click (1m2s ago)
2026-06-24 14:33:08Z hc2 (D2R_2): frame CharacterScreen (1m5s ago) [degraded] | last click/Left@1045,478 (8s ago), fg ? | at ClickMenuEntryButtonUntilEnteredGameAsync: initial click (8s ago)
2026-06-24 14:33:08Z hc3 (D2R_3): frame CharacterScreen (1m20s ago) [degraded] | last click/Left@1045,478 (8s ago), fg ? | at ClickMenuEntryButtonUntilEnteredGameAsync: initial click (8s ago)
2026-06-24 14:33:11Z hc1 (D2R_1): frame CharacterScreen (1m43s ago) [degraded] | last click/Left@1045,475 (1m4s ago), fg ? | at ClickMenuEntryButtonUntilEnteredGameAsync: initial click (1m4s ago)
2026-06-24 14:33:11Z hc2 (D2R_2): frame CharacterScreen (1m7s ago) [degraded] | last click/Left@1045,478 (10s ago), fg ? | at ClickMenuEntryButtonUntilEnteredGameAsync: initial click (11s ago)
2026-06-24 14:33:11Z hc3 (D2R_3): frame CharacterScreen (1m22s ago) [degraded] | last click/Left@1045,478 (10s ago), fg ? | at ClickMenuEntryButtonUntilEnteredGameAsync: initial click (11s ago)
2026-06-24 14:33:13Z hc1 (D2R_1): frame CharacterScreen (1m46s ago) [degraded] | last click/Left@1045,475 (1m6s ago), fg ? | at ClickMenuEntryButtonUntilEnteredGameAsync: initial click (1m6s ago)
2026-06-24 14:33:13Z hc2 (D2R_2): frame CharacterScreen (1m9s ago) [degraded] | last click/Left@1045,478 (13s ago), fg ? | at ClickMenuEntryButtonUntilEnteredGameAsync: initial click (13s ago)
2026-06-24 14:33:13Z hc3 (D2R_3): frame CharacterScreen (1m25s ago) [degraded] | last click/Left@1045,478 (13s ago), fg ? | at ClickMenuEntryButtonUntilEnteredGameAsync: initial click (13s ago)
2026-06-24 14:33:15Z hc1 (D2R_1): frame CharacterScreen (1m48s ago) [degraded] | last click/Left@1045,475 (1m8s ago), fg ? | at ClickMenuEntryButtonUntilEnteredGameAsync: initial click (1m9s ago)
2026-06-24 14:33:15Z hc2 (D2R_2): frame CharacterScreen (1m12s ago) [degraded] | last click/Left@1045,478 (15s ago), fg ? | at ClickMenuEntryButtonUntilEnteredGameAsync: initial click (16s ago)
2026-06-24 14:33:15Z hc3 (D2R_3): frame CharacterScreen (1m27s ago) [degraded] | last click/Left@1045,478 (15s ago), fg ? | at ClickMenuEntryButtonUntilEnteredGameAsync: initial click (16s ago)
2026-06-24 14:33:18Z hc1 (D2R_1): frame CharacterScreen (1m50s ago) [degraded] | last click/Left@1045,475 (1m11s ago), fg ? | at ClickMenuEntryButtonUntilEnteredGameAsync: initial click (1m11s ago)
2026-06-24 14:33:18Z hc2 (D2R_2): frame CharacterScreen (1m14s ago) [degraded] | last click/Left@1045,478 (18s ago), fg ? | at ClickMenuEntryButtonUntilEnteredGameAsync: initial click (18s ago)
2026-06-24 14:33:18Z hc3 (D2R_3): frame CharacterScreen (1m30s ago) [degraded] | last click/Left@1045,478 (18s ago), fg ? | at ClickMenuEntryButtonUntilEnteredGameAsync: initial click (18s ago)
2026-06-24 14:33:20Z hc1 (D2R_1): frame CharacterScreen (1m53s ago) [degraded] | last click/Left@1045,475 (1m13s ago), fg ? | at ClickMenuEntryButtonUntilEnteredGameAsync: initial click (1m14s ago)
2026-06-24 14:33:20Z hc2 (D2R_2): frame CharacterScreen (1m17s ago) [degraded] | last click/Left@1045,478 (20s ago), fg ? | at ClickMenuEntryButtonUntilEnteredGameAsync: initial click (20s ago)
2026-06-24 14:33:20Z hc3 (D2R_3): frame CharacterScreen (1m32s ago) [degraded] | last click/Left@1045,478 (20s ago), fg ? | at ClickMenuEntryButtonUntilEnteredGameAsync: initial click (20s ago)
2026-06-24 14:33:23Z hc1 (D2R_1): frame CharacterScreen (1m55s ago) [degraded] | last click/Left@1045,475 (1m15s ago), fg ? | at ClickMenuEntryButtonUntilEnteredGameAsync: initial click (1m16s ago)
2026-06-24 14:33:23Z hc2 (D2R_2): frame CharacterScreen (1m19s ago) [degraded] | last click/Left@1045,478 (22s ago), fg ? | at ClickMenuEntryButtonUntilEnteredGameAsync: initial click (23s ago)
2026-06-24 14:33:23Z hc3 (D2R_3): frame CharacterScreen (1m34s ago) [degraded] | last click/Left@1045,478 (22s ago), fg ? | at ClickMenuEntryButtonUntilEnteredGameAsync: initial click (23s ago)
2026-06-24 14:33:25Z hc1 (D2R_1): frame CharacterScreen (1m58s ago) [degraded] | last click/Left@1045,475 (1m18s ago), fg ? | at ClickMenuEntryButtonUntilEnteredGameAsync: initial click (1m18s ago)
2026-06-24 14:33:25Z hc2 (D2R_2): frame CharacterScreen (1m21s ago) [degraded] | last click/Left@1045,478 (24s ago), fg ? | at ClickMenuEntryButtonUntilEnteredGameAsync: initial click (25s ago)
2026-06-24 14:33:25Z hc3 (D2R_3): frame CharacterScreen (1m37s ago) [degraded] | last click/Left@1045,478 (24s ago), fg ? | at ClickMenuEntryButtonUntilEnteredGameAsync: initial click (25s ago)
2026-06-24 14:33:27Z hc1 (D2R_1): frame CharacterScreen (2m0s ago) [degraded] | last click/Left@1045,475 (1m20s ago), fg ? | at ClickMenuEntryButtonUntilEnteredGameAsync: initial click (1m21s ago)
2026-06-24 14:33:27Z hc2 (D2R_2): frame CharacterScreen (1m23s ago) [degraded] | last click/Left@1045,478 (27s ago), fg ? | at ClickMenuEntryButtonUntilEnteredGameAsync: initial click (27s ago)
2026-06-24 14:33:27Z hc3 (D2R_3): frame CharacterScreen (1m39s ago) [degraded] | last click/Left@1045,478 (27s ago), fg ? | at ClickMenuEntryButtonUntilEnteredGameAsync: initial click (27s ago)
2026-06-24 14:33:29Z hc1 (D2R_1): frame CharacterScreen (2m2s ago) [degraded] | last click/Left@1045,475 (1m22s ago), fg ? | at ClickMenuEntryButtonUntilEnteredGameAsync: initial click (1m23s ago)
2026-06-24 14:33:29Z hc2 (D2R_2): frame CharacterScreen (1m26s ago) [degraded] | last click/Left@1045,478 (29s ago), fg ? | at ClickMenuEntryButtonUntilEnteredGameAsync: initial click (30s ago)
2026-06-24 14:33:29Z hc3 (D2R_3): frame CharacterScreen (1m41s ago) [degraded] | last click/Left@1045,478 (29s ago), fg ? | at ClickMenuEntryButtonUntilEnteredGameAsync: initial click (30s ago)
2026-06-24 14:33:32Z hc1 (D2R_1): frame CharacterScreen (2m4s ago) [degraded] | last click/Left@1045,475 (1m25s ago), fg ? | at ClickMenuEntryButtonUntilEnteredGameAsync: initial click (1m25s ago)
2026-06-24 14:33:32Z hc2 (D2R_2): frame CharacterScreen (1m28s ago) [degraded] | last click/Left@1045,478 (31s ago), fg ? | at ClickMenuEntryButtonUntilEnteredGameAsync: initial click (32s ago)
2026-06-24 14:33:32Z hc3 (D2R_3): frame CharacterScreen (1m44s ago) [degraded] | last click/Left@1045,478 (31s ago), fg ? | at ClickMenuEntryButtonUntilEnteredGameAsync: initial click (32s ago)
2026-06-24 14:33:34Z hc1 (D2R_1): frame CharacterScreen (2m7s ago) [degraded] | last click/Left@1045,475 (1m27s ago), fg ? | at ClickMenuEntryButtonUntilEnteredGameAsync: initial click (1m27s ago)
2026-06-24 14:33:34Z hc2 (D2R_2): frame CharacterScreen (1m30s ago) [degraded] | last click/Left@1045,478 (34s ago), fg ? | at ClickMenuEntryButtonUntilEnteredGameAsync: initial click (34s ago)
2026-06-24 14:33:34Z hc3 (D2R_3): frame CharacterScreen (1m46s ago) [degraded] | last click/Left@1045,478 (34s ago), fg ? | at ClickMenuEntryButtonUntilEnteredGameAsync: initial click (34s ago)
2026-06-24 14:33:36Z hc1 (D2R_1): frame CharacterScreen (2m9s ago) [degraded] | last click/Left@1045,475 (1m29s ago), fg ? | at ClickMenuEntryButtonUntilEnteredGameAsync: initial click (1m30s ago)
2026-06-24 14:33:36Z hc2 (D2R_2): frame CharacterScreen (1m33s ago) [degraded] | last click/Left@1045,478 (36s ago), fg ? | at ClickMenuEntryButtonUntilEnteredGameAsync: initial click (36s ago)
2026-06-24 14:33:36Z hc3 (D2R_3): frame CharacterScreen (1m48s ago) [degraded] | last click/Left@1045,478 (36s ago), fg ? | at ClickMenuEntryButtonUntilEnteredGameAsync: initial click (36s ago)
2026-06-24 14:33:38Z hc1 (D2R_1): frame CharacterScreen (2m11s ago) [degraded] | last click/Left@1045,475 (1m31s ago), fg ? | at ClickMenuEntryButtonUntilEnteredGameAsync: initial click (1m32s ago)
2026-06-24 14:33:38Z hc2 (D2R_2): frame CharacterScreen (1m35s ago) [degraded] | last click/Left@1045,478 (38s ago), fg ? | at ClickMenuEntryButtonUntilEnteredGameAsync: initial click (39s ago)
2026-06-24 14:33:38Z hc3 (D2R_3): frame CharacterScreen (1m50s ago) [degraded] | last click/Left@1045,478 (38s ago), fg ? | at ClickMenuEntryButtonUntilEnteredGameAsync: initial click (39s ago)
2026-06-24 14:33:41Z hc1 (D2R_1): frame CharacterScreen (2m13s ago) [degraded] | last click/Left@1045,475 (1m34s ago), fg ? | at ClickMenuEntryButtonUntilEnteredGameAsync: initial click (1m34s ago)
2026-06-24 14:33:41Z hc2 (D2R_2): frame CharacterScreen (1m37s ago) [degraded] | last click/Left@1045,478 (40s ago), fg ? | at ClickMenuEntryButtonUntilEnteredGameAsync: initial click (41s ago)
2026-06-24 14:33:41Z hc3 (D2R_3): frame CharacterScreen (1m53s ago) [degraded] | last click/Left@1045,478 (40s ago), fg ? | at ClickMenuEntryButtonUntilEnteredGameAsync: initial click (41s ago)
2026-06-24 14:33:43Z hc1 (D2R_1): frame CharacterScreen (2m16s ago) [degraded] | last click/Left@1045,475 (1m36s ago), fg ? | at ClickMenuEntryButtonUntilEnteredGameAsync: initial click (1m36s ago)
2026-06-24 14:33:43Z hc2 (D2R_2): frame CharacterScreen (1m39s ago) [degraded] | last click/Left@1045,478 (43s ago), fg ? | at ClickMenuEntryButtonUntilEnteredGameAsync: initial click (43s ago)
2026-06-24 14:33:43Z hc3 (D2R_3): frame CharacterScreen (1m55s ago) [degraded] | last click/Left@1045,478 (43s ago), fg ? | at ClickMenuEntryButtonUntilEnteredGameAsync: initial click (43s ago)
2026-06-24 14:33:45Z hc1 (D2R_1): frame CharacterScreen (2m18s ago) [degraded] | last click/Left@1045,475 (1m38s ago), fg ? | at ClickMenuEntryButtonUntilEnteredGameAsync: initial click (1m39s ago)
2026-06-24 14:33:45Z hc2 (D2R_2): frame CharacterScreen (1m41s ago) [degraded] | last click/Left@1045,478 (45s ago), fg ? | at ClickMenuEntryButtonUntilEnteredGameAsync: initial click (45s ago)
2026-06-24 14:33:45Z hc3 (D2R_3): frame CharacterScreen (1m57s ago) [degraded] | last click/Left@1045,478 (45s ago), fg ? | at ClickMenuEntryButtonUntilEnteredGameAsync: initial click (45s ago)
2026-06-24 14:33:47Z hc1 (D2R_1): frame CharacterScreen (2m20s ago) [degraded] | last click/Left@1045,475 (1m40s ago), fg ? | at ClickMenuEntryButtonUntilEnteredGameAsync: initial click (1m41s ago)
2026-06-24 14:33:47Z hc2 (D2R_2): frame CharacterScreen (1m44s ago) [degraded] | last click/Left@1045,478 (47s ago), fg ? | at ClickMenuEntryButtonUntilEnteredGameAsync: initial click (48s ago)
2026-06-24 14:33:47Z hc3 (D2R_3): frame CharacterScreen (1m59s ago) [degraded] | last click/Left@1045,478 (47s ago), fg ? | at ClickMenuEntryButtonUntilEnteredGameAsync: initial click (48s ago)
2026-06-24 14:33:50Z hc1 (D2R_1): frame CharacterScreen (2m22s ago) [degraded] | last click/Left@1045,475 (1m43s ago), fg ? | at ClickMenuEntryButtonUntilEnteredGameAsync: initial click (1m43s ago)
2026-06-24 14:33:50Z hc2 (D2R_2): frame CharacterScreen (1m46s ago) [degraded] | last click/Left@1045,478 (49s ago), fg ? | at ClickMenuEntryButtonUntilEnteredGameAsync: initial click (50s ago)
2026-06-24 14:33:50Z hc3 (D2R_3): frame CharacterScreen (2m1s ago) [degraded] | last click/Left@1045,478 (49s ago), fg ? | at ClickMenuEntryButtonUntilEnteredGameAsync: initial click (50s ago)
