2026-06-23 22:00:51Z hc1 (D2R_1): frame CharacterScreen (1m7s ago) [degraded] | last key/SplashContinue/G/Space/Enter@683,384 (1m51s ago), fg ok
2026-06-23 22:00:51Z hc2 (D2R_2): frame Unknown (1m39s ago) [degraded] | last key/Escape/G/Space/Enter@683,384 (1m37s ago), fg ok
2026-06-23 22:00:51Z hc3 (D2R_3): frame CharacterScreen (44s ago) [degraded] | last key/SplashContinue/G/Space/Enter@683,384 (1m51s ago), fg ok
2026-06-23 22:00:54Z hc1 (D2R_1): frame CharacterScreen (1m9s ago) [degraded] | last key/SplashContinue/G/Space/Enter@683,384 (1m53s ago), fg ok
2026-06-23 22:00:54Z hc2 (D2R_2): frame Unknown (1m41s ago) [degraded] | last key/Escape/G/Space/Enter@683,384 (1m39s ago), fg ok
2026-06-23 22:00:54Z hc3 (D2R_3): frame CharacterScreen (47s ago) [degraded] | last key/SplashContinue/G/Space/Enter@683,384 (1m53s ago), fg ok
2026-06-23 22:00:56Z hc1 (D2R_1): frame CharacterScreen (1m12s ago) [degraded] | last key/SplashContinue/G/Space/Enter@683,384 (1m56s ago), fg ok
2026-06-23 22:00:56Z hc2 (D2R_2): frame Unknown (1m44s ago) [degraded] | last key/Escape/G/Space/Enter@683,384 (1m41s ago), fg ok
2026-06-23 22:00:56Z hc3 (D2R_3): frame CharacterScreen (49s ago) [degraded] | last key/SplashContinue/G/Space/Enter@683,384 (1m56s ago), fg ok
2026-06-23 22:00:58Z hc1 (D2R_1): frame CharacterScreen (1m14s ago) [degraded] | last key/SplashContinue/G/Space/Enter@683,384 (1m58s ago), fg ok
2026-06-23 22:00:58Z hc2 (D2R_2): frame Unknown (0s ago) [degraded] | last key/Escape/G/Space/Enter@683,384 (1m44s ago), fg ok
2026-06-23 22:00:58Z hc3 (D2R_3): frame CharacterScreen (51s ago) [degraded] | last key/SplashContinue/G/Space/Enter@683,384 (1m58s ago), fg ok
2026-06-23 22:01:00Z hc1 (D2R_1): frame CharacterScreen (1m16s ago) [degraded] | last key/SplashContinue/G/Space/Enter@683,384 (2m0s ago), fg ok
2026-06-23 22:01:00Z hc2 (D2R_2): frame Unknown (2s ago) [degraded] | last key/Escape/G/Space/Enter@683,384 (1m46s ago), fg ok
2026-06-23 22:01:00Z hc3 (D2R_3): frame CharacterScreen (54s ago) [degraded] | last key/SplashContinue/G/Space/Enter@683,384 (2m0s ago), fg ok
2026-06-23 22:01:03Z hc1 (D2R_1): frame CharacterScreen (1m18s ago) [degraded] | last key/SplashContinue/G/Space/Enter@683,384 (2m3s ago), fg ok
2026-06-23 22:01:03Z hc2 (D2R_2): frame Unknown (5s ago) [degraded] | last key/Escape/G/Space/Enter@683,384 (1m48s ago), fg ok
2026-06-23 22:01:03Z hc3 (D2R_3): frame CharacterScreen (56s ago) [degraded] | last key/SplashContinue/G/Space/Enter@683,384 (2m3s ago), fg ok
2026-06-23 22:01:05Z hc1 (D2R_1): frame CharacterScreen (1m20s ago) [degraded] | last key/SplashContinue/G/Space/Enter@683,384 (2m5s ago), fg ok
2026-06-23 22:01:05Z hc2 (D2R_2): frame Unknown (7s ago) [degraded] | last key/Escape/G/Space/Enter@683,384 (1m51s ago), fg ok
2026-06-23 22:01:05Z hc3 (D2R_3): frame CharacterScreen (58s ago) [degraded] | last key/SplashContinue/G/Space/Enter@683,384 (2m5s ago), fg ok
2026-06-23 22:01:07Z hc1 (D2R_1): frame CharacterScreen (1m23s ago) [degraded] | last key/SplashContinue/G/Space/Enter@683,384 (2m7s ago), fg ok
2026-06-23 22:01:07Z hc2 (D2R_2): frame Unknown (9s ago) [degraded] | last key/Escape/G/Space/Enter@683,384 (1m53s ago), fg ok
2026-06-23 22:01:07Z hc3 (D2R_3): frame CharacterScreen (1m0s ago) [degraded] | last key/SplashContinue/G/Space/Enter@683,384 (2m7s ago), fg ok
2026-06-23 22:01:09Z hc1 (D2R_1): frame CharacterScreen (1m25s ago) [degraded] | last key/SplashContinue/G/Space/Enter@683,384 (2m9s ago), fg ok
2026-06-23 22:01:09Z hc2 (D2R_2): frame Unknown (11s ago) [degraded] | last key/Escape/G/Space/Enter@683,384 (1m55s ago), fg ok
2026-06-23 22:01:09Z hc3 (D2R_3): frame CharacterScreen (1m2s ago) [degraded] | last key/SplashContinue/G/Space/Enter@683,384 (2m9s ago), fg ok
2026-06-23 22:01:11Z hc1 (D2R_1): frame CharacterScreen (1m27s ago) [degraded] | last key/SplashContinue/G/Space/Enter@683,384 (2m11s ago), fg ok
2026-06-23 22:01:11Z hc2 (D2R_2): frame Unknown (13s ago) [degraded] | last key/Escape/G/Space/Enter@683,384 (1m57s ago), fg ok
2026-06-23 22:01:11Z hc3 (D2R_3): frame CharacterScreen (1m5s ago) [degraded] | last key/SplashContinue/G/Space/Enter@683,384 (2m11s ago), fg ok
2026-06-23 22:01:14Z hc1 (D2R_1): frame CharacterScreen (1m29s ago) [degraded] | last key/SplashContinue/G/Space/Enter@683,384 (2m13s ago), fg ok
2026-06-23 22:01:14Z hc2 (D2R_2): frame Unknown (16s ago) [degraded] | last key/Escape/G/Space/Enter@683,384 (1m59s ago), fg ok
2026-06-23 22:01:14Z hc3 (D2R_3): frame CharacterScreen (1m7s ago) [degraded] | last key/SplashContinue/G/Space/Enter@683,384 (2m14s ago), fg ok
2026-06-23 22:01:16Z hc1 (D2R_1): frame CharacterScreen (1m31s ago) [degraded] | last key/SplashContinue/G/Space/Enter@683,384 (2m16s ago), fg ok
2026-06-23 22:01:16Z hc2 (D2R_2): frame Unknown (18s ago) [degraded] | last key/Escape/G/Space/Enter@683,384 (2m2s ago), fg ok
2026-06-23 22:01:16Z hc3 (D2R_3): frame CharacterScreen (1m9s ago) [degraded] | last key/SplashContinue/G/Space/Enter@683,384 (2m16s ago), fg ok
2026-06-23 22:01:18Z hc1 (D2R_1): frame CharacterScreen (1m34s ago) [degraded] | last key/SplashContinue/G/Space/Enter@683,384 (2m18s ago), fg ok
2026-06-23 22:01:18Z hc2 (D2R_2): frame Unknown (20s ago) [degraded] | last key/Escape/G/Space/Enter@683,384 (2m4s ago), fg ok
2026-06-23 22:01:18Z hc3 (D2R_3): frame CharacterScreen (1m11s ago) [degraded] | last key/SplashContinue/G/Space/Enter@683,384 (2m18s ago), fg ok
2026-06-23 22:01:20Z hc1 (D2R_1): frame CharacterScreen (1m36s ago) [degraded] | last key/SplashContinue/G/Space/Enter@683,384 (2m20s ago), fg ok
2026-06-23 22:01:20Z hc2 (D2R_2): frame Unknown (22s ago) [degraded] | last key/Escape/G/Space/Enter@683,384 (2m6s ago), fg ok
2026-06-23 22:01:20Z hc3 (D2R_3): frame CharacterScreen (1m14s ago) [degraded] | last key/SplashContinue/G/Space/Enter@683,384 (2m20s ago), fg ok
2026-06-23 22:01:23Z hc1 (D2R_1): frame CharacterScreen (1m38s ago) [degraded] | last key/SplashContinue/G/Space/Enter@683,384 (2m22s ago), fg ok
2026-06-23 22:01:23Z hc2 (D2R_2): frame Unknown (25s ago) [degraded] | last key/Escape/G/Space/Enter@683,384 (2m8s ago), fg ok
2026-06-23 22:01:23Z hc3 (D2R_3): frame CharacterScreen (1m16s ago) [degraded] | last key/SplashContinue/G/Space/Enter@683,384 (2m23s ago), fg ok
2026-06-23 22:01:25Z hc1 (D2R_1): frame CharacterScreen (1m40s ago) [degraded] | last key/SplashContinue/G/Space/Enter@683,384 (2m25s ago), fg ok
2026-06-23 22:01:25Z hc2 (D2R_2): frame Unknown (27s ago) [degraded] | last key/Escape/G/Space/Enter@683,384 (2m11s ago), fg ok
2026-06-23 22:01:25Z hc3 (D2R_3): frame CharacterScreen (1m18s ago) [degraded] | last key/SplashContinue/G/Space/Enter@683,384 (2m25s ago), fg ok
2026-06-23 22:01:27Z hc1 (D2R_1): frame CharacterScreen (1m43s ago) [degraded] | last key/SplashContinue/G/Space/Enter@683,384 (2m27s ago), fg ok
2026-06-23 22:01:27Z hc2 (D2R_2): frame Unknown (29s ago) [degraded] | last key/Escape/G/Space/Enter@683,384 (2m13s ago), fg ok
2026-06-23 22:01:27Z hc3 (D2R_3): frame CharacterScreen (1m20s ago) [degraded] | last key/SplashContinue/G/Space/Enter@683,384 (2m27s ago), fg ok
2026-06-23 22:01:29Z hc1 (D2R_1): frame CharacterScreen (1m45s ago) [degraded] | last key/SplashContinue/G/Space/Enter@683,384 (2m29s ago), fg ok
2026-06-23 22:01:29Z hc2 (D2R_2): frame Unknown (31s ago) [degraded] | last key/Escape/G/Space/Enter@683,384 (2m15s ago), fg ok
2026-06-23 22:01:29Z hc3 (D2R_3): frame CharacterScreen (1m22s ago) [degraded] | last key/SplashContinue/G/Space/Enter@683,384 (2m29s ago), fg ok
2026-06-23 22:01:32Z hc1 (D2R_1): frame CharacterScreen (1m47s ago) [degraded] | last key/SplashContinue/G/Space/Enter@683,384 (2m31s ago), fg ok
2026-06-23 22:01:32Z hc2 (D2R_2): frame Unknown (33s ago) [degraded] | last key/Escape/G/Space/Enter@683,384 (2m17s ago), fg ok
2026-06-23 22:01:32Z hc3 (D2R_3): frame CharacterScreen (1m25s ago) [degraded] | last key/SplashContinue/G/Space/Enter@683,384 (2m31s ago), fg ok
2026-06-23 22:01:34Z hc1 (D2R_1): frame CharacterScreen (1m49s ago) [degraded] | last key/SplashContinue/G/Space/Enter@683,384 (2m34s ago), fg ok
2026-06-23 22:01:34Z hc2 (D2R_2): frame Unknown (36s ago) [degraded] | last key/Escape/G/Space/Enter@683,384 (2m20s ago), fg ok
2026-06-23 22:01:34Z hc3 (D2R_3): frame CharacterScreen (1m27s ago) [degraded] | last key/SplashContinue/G/Space/Enter@683,384 (2m34s ago), fg ok
2026-06-23 22:01:36Z hc1 (D2R_1): frame CharacterScreen (1m52s ago) [degraded] | last key/SplashContinue/G/Space/Enter@683,384 (2m36s ago), fg ok
2026-06-23 22:01:36Z hc2 (D2R_2): frame Unknown (38s ago) [degraded] | last key/Escape/G/Space/Enter@683,384 (2m22s ago), fg ok
2026-06-23 22:01:36Z hc3 (D2R_3): frame CharacterScreen (1m29s ago) [degraded] | last key/SplashContinue/G/Space/Enter@683,384 (2m36s ago), fg ok
2026-06-23 22:01:38Z hc1 (D2R_1): frame CharacterScreen (1m54s ago) [degraded] | last key/SplashContinue/G/Space/Enter@683,384 (2m38s ago), fg ok
2026-06-23 22:01:38Z hc2 (D2R_2): frame Unknown (40s ago) [degraded] | last key/Escape/G/Space/Enter@683,384 (2m24s ago), fg ok
2026-06-23 22:01:38Z hc3 (D2R_3): frame CharacterScreen (1m31s ago) [degraded] | last key/SplashContinue/G/Space/Enter@683,384 (2m38s ago), fg ok
2026-06-23 22:01:40Z hc1 (D2R_1): frame CharacterScreen (1m56s ago) [degraded] | last key/SplashContinue/G/Space/Enter@683,384 (2m40s ago), fg ok
2026-06-23 22:01:40Z hc2 (D2R_2): frame Unknown (42s ago) [degraded] | last key/Escape/G/Space/Enter@683,384 (2m26s ago), fg ok
2026-06-23 22:01:40Z hc3 (D2R_3): frame CharacterScreen (1m34s ago) [degraded] | last key/SplashContinue/G/Space/Enter@683,384 (2m40s ago), fg ok
2026-06-23 22:01:43Z hc1 (D2R_1): frame CharacterScreen (1m58s ago) [degraded] | last key/SplashContinue/G/Space/Enter@683,384 (2m42s ago), fg ok
2026-06-23 22:01:43Z hc2 (D2R_2): frame Unknown (45s ago) [degraded] | last key/Escape/G/Space/Enter@683,384 (2m28s ago), fg ok
2026-06-23 22:01:43Z hc3 (D2R_3): frame CharacterScreen (1m36s ago) [degraded] | last key/SplashContinue/G/Space/Enter@683,384 (2m43s ago), fg ok
2026-06-23 22:01:45Z hc1 (D2R_1): frame CharacterScreen (2m0s ago) [degraded] | last key/SplashContinue/G/Space/Enter@683,384 (2m45s ago), fg ok
2026-06-23 22:01:45Z hc2 (D2R_2): frame Unknown (47s ago) [degraded] | last key/Escape/G/Space/Enter@683,384 (2m31s ago), fg ok
2026-06-23 22:01:45Z hc3 (D2R_3): frame CharacterScreen (1m38s ago) [degraded] | last key/SplashContinue/G/Space/Enter@683,384 (2m45s ago), fg ok
2026-06-23 22:01:47Z hc1 (D2R_1): frame CharacterScreen (2m3s ago) [degraded] | last key/SplashContinue/G/Space/Enter@683,384 (2m47s ago), fg ok
2026-06-23 22:01:47Z hc2 (D2R_2): frame Unknown (49s ago) [degraded] | last key/Escape/G/Space/Enter@683,384 (2m33s ago), fg ok
2026-06-23 22:01:47Z hc3 (D2R_3): frame CharacterScreen (1m40s ago) [degraded] | last key/SplashContinue/G/Space/Enter@683,384 (2m47s ago), fg ok
2026-06-23 22:01:49Z hc1 (D2R_1): frame CharacterScreen (2m5s ago) [degraded] | last key/SplashContinue/G/Space/Enter@683,384 (2m49s ago), fg ok
2026-06-23 22:01:49Z hc2 (D2R_2): frame Unknown (51s ago) [degraded] | last key/Escape/G/Space/Enter@683,384 (2m35s ago), fg ok
2026-06-23 22:01:49Z hc3 (D2R_3): frame CharacterScreen (1m42s ago) [degraded] | last key/SplashContinue/G/Space/Enter@683,384 (2m49s ago), fg ok
2026-06-23 22:01:52Z hc1 (D2R_1): frame CharacterScreen (2m7s ago) [degraded] | last key/SplashContinue/G/Space/Enter@683,384 (2m51s ago), fg ok
2026-06-23 22:01:52Z hc2 (D2R_2): frame Unknown (53s ago) [degraded] | last key/Escape/G/Space/Enter@683,384 (2m37s ago), fg ok
2026-06-23 22:01:52Z hc3 (D2R_3): frame CharacterScreen (1m45s ago) [degraded] | last key/SplashContinue/G/Space/Enter@683,384 (2m51s ago), fg ok
2026-06-23 22:01:54Z hc1 (D2R_1): frame CharacterScreen (2m9s ago) [degraded] | last key/SplashContinue/G/Space/Enter@683,384 (2m54s ago), fg ok
2026-06-23 22:01:54Z hc2 (D2R_2): frame Unknown (56s ago) [degraded] | last key/Escape/G/Space/Enter@683,384 (2m39s ago), fg ok
2026-06-23 22:01:54Z hc3 (D2R_3): frame CharacterScreen (1m47s ago) [degraded] | last key/SplashContinue/G/Space/Enter@683,384 (2m54s ago), fg ok
2026-06-23 22:01:56Z hc1 (D2R_1): frame CharacterScreen (2m11s ago) [degraded] | last key/SplashContinue/G/Space/Enter@683,384 (2m56s ago), fg ok
2026-06-23 22:01:56Z hc2 (D2R_2): frame Unknown (58s ago) [degraded] | last key/Escape/G/Space/Enter@683,384 (2m42s ago), fg ok
2026-06-23 22:01:56Z hc3 (D2R_3): frame CharacterScreen (1m49s ago) [degraded] | last key/SplashContinue/G/Space/Enter@683,384 (2m56s ago), fg ok
2026-06-23 22:01:58Z hc1 (D2R_1): frame CharacterScreen (2m14s ago) [degraded] | last key/SplashContinue/G/Space/Enter@683,384 (2m58s ago), fg ok
2026-06-23 22:01:58Z hc2 (D2R_2): frame Unknown (1m0s ago) [degraded] | last key/Escape/G/Space/Enter@683,384 (2m44s ago), fg ok
2026-06-23 22:01:58Z hc3 (D2R_3): frame CharacterScreen (1m51s ago) [degraded] | last key/SplashContinue/G/Space/Enter@683,384 (2m58s ago), fg ok
2026-06-23 22:02:00Z hc1 (D2R_1): frame DiabloSplash (1s ago) [degraded] | last click/Left@683,384 (0s ago), fg ?
2026-06-23 22:02:00Z hc2 (D2R_2): frame Unknown (1m2s ago) [degraded] | last key/Escape/G/Space/Enter@683,384 (2m46s ago), fg ok
2026-06-23 22:02:00Z hc3 (D2R_3): frame DiabloSplash (1s ago) [degraded] | last click/Left@683,384 (0s ago), fg ?
2026-06-23 22:02:03Z hc1 (D2R_1): frame DiabloSplash (3s ago) [degraded] | last key/SplashContinue/G/Space/Enter@683,384 (1s ago), fg ok
2026-06-23 22:02:03Z hc2 (D2R_2): frame Unknown (1m5s ago) [degraded] | last key/Escape/G/Space/Enter@683,384 (2m48s ago), fg ok
2026-06-23 22:02:03Z hc3 (D2R_3): frame DiabloSplash (3s ago) [degraded] | last key/SplashContinue/G/Space/Enter@683,384 (1s ago), fg ok
2026-06-23 22:02:05Z hc1 (D2R_1): frame DiabloSplash (5s ago) [degraded] | last key/SplashContinue/G/Space/Enter@683,384 (3s ago), fg ok
2026-06-23 22:02:05Z hc2 (D2R_2): frame Unknown (1m7s ago) [degraded] | last key/Escape/G/Space/Enter@683,384 (2m50s ago), fg ok
2026-06-23 22:02:05Z hc3 (D2R_3): frame DiabloSplash (5s ago) [degraded] | last key/SplashContinue/G/Space/Enter@683,384 (3s ago), fg ok
2026-06-23 22:02:07Z hc1 (D2R_1): frame DiabloSplash (7s ago) [degraded] | last key/SplashContinue/G/Space/Enter@683,384 (5s ago), fg ok
2026-06-23 22:02:07Z hc2 (D2R_2): frame Unknown (1m9s ago) [degraded] | last key/Escape/G/Space/Enter@683,384 (2m53s ago), fg ok
2026-06-23 22:02:07Z hc3 (D2R_3): frame DiabloSplash (7s ago) [degraded] | last key/SplashContinue/G/Space/Enter@683,384 (5s ago), fg ok
2026-06-23 22:02:11Z hc1 (D2R_1): frame DiabloSplash (10s ago) [degraded] | last key/SplashContinue/G/Space/Enter@683,384 (7s ago), fg ok
2026-06-23 22:02:11Z hc2 (D2R_2): frame Unknown (1m11s ago) [degraded] | last key/Escape/G/Space/Enter@683,384 (2m55s ago), fg ok
2026-06-23 22:02:11Z hc3 (D2R_3): frame DiabloSplash (10s ago) [degraded] | last key/SplashContinue/G/Space/Enter@683,384 (7s ago), fg ok
2026-06-23 22:02:17Z hc1 (D2R_1): frame Unknown (6s ago) [degraded] | last key/SplashContinue/G/Space/Enter@683,384 (15s ago), fg ok
2026-06-23 22:02:17Z hc2 (D2R_2): frame Unknown (1m15s ago) [degraded] | last key/Escape/G/Space/Enter@683,384 (2m59s ago), fg ok
2026-06-23 22:02:17Z hc3 (D2R_3): frame DiabloSplash (14s ago) [degraded] | last key/SplashContinue/G/Space/Enter@683,384 (11s ago), fg ok
2026-06-23 22:02:20Z hc1 (D2R_1): frame Unknown (8s ago) [degraded] | last key/SplashContinue/G/Space/Enter@683,384 (18s ago), fg ok
2026-06-23 22:02:20Z hc2 (D2R_2): frame Unknown (1m22s ago) [degraded] | last key/Escape/G/Space/Enter@683,384 (3m5s ago), fg ok
2026-06-23 22:02:20Z hc3 (D2R_3): frame DiabloSplash (20s ago) [degraded] | last key/SplashContinue/G/Space/Enter@683,384 (18s ago), fg ok
2026-06-23 22:02:22Z hc1 (D2R_1): frame Unknown (10s ago) [degraded] | last key/SplashContinue/G/Space/Enter@683,384 (20s ago), fg ok
2026-06-23 22:02:22Z hc2 (D2R_2): frame Unknown (1m24s ago) [degraded] | last key/Escape/G/Space/Enter@683,384 (3m8s ago), fg ok
2026-06-23 22:02:22Z hc3 (D2R_3): frame DiabloSplash (22s ago) [degraded] | last key/SplashContinue/G/Space/Enter@683,384 (20s ago), fg ok
2026-06-23 22:02:24Z hc1 (D2R_1): frame Unknown (13s ago) [degraded] | last key/SplashContinue/G/Space/Enter@683,384 (22s ago), fg ok
2026-06-23 22:02:24Z hc2 (D2R_2): frame Unknown (1m26s ago) [degraded] | last key/Escape/G/Space/Enter@683,384 (3m10s ago), fg ok
2026-06-23 22:02:24Z hc3 (D2R_3): frame DiabloSplash (24s ago) [degraded] | last key/SplashContinue/G/Space/Enter@683,384 (22s ago), fg ok
2026-06-23 22:02:26Z hc1 (D2R_1): frame Unknown (15s ago) [degraded] | last key/SplashContinue/G/Space/Enter@683,384 (24s ago), fg ok
2026-06-23 22:02:26Z hc2 (D2R_2): frame Unknown (1m28s ago) [degraded] | last key/Escape/G/Space/Enter@683,384 (3m12s ago), fg ok
2026-06-23 22:02:26Z hc3 (D2R_3): frame DiabloSplash (27s ago) [degraded] | last key/SplashContinue/G/Space/Enter@683,384 (24s ago), fg ok
2026-06-23 22:02:29Z hc1 (D2R_1): frame Unknown (17s ago) [degraded] | last key/SplashContinue/G/Space/Enter@683,384 (27s ago), fg ok
2026-06-23 22:02:29Z hc2 (D2R_2): frame Unknown (0s ago) [degraded] | last key/G/Space/Enter@683,384 (0s ago), fg lost
2026-06-23 22:02:29Z hc3 (D2R_3): frame DiabloSplash (29s ago) [degraded] | last key/SplashContinue/G/Space/Enter@683,384 (27s ago), fg ok
2026-06-23 22:02:35Z hc1 (D2R_1): frame Unknown (19s ago) [degraded] | last key/SplashContinue/G/Space/Enter@683,384 (29s ago), fg ok
2026-06-23 22:02:35Z hc2 (D2R_2): frame Unknown (3s ago) [degraded] | last key/G/Space/Enter@683,384 (2s ago), fg lost
2026-06-23 22:02:35Z hc3 (D2R_3): frame Unknown (5s ago) [degraded] | last key/SplashContinue/G/Space/Enter@683,384 (33s ago), fg ok
2026-06-23 22:02:37Z hc1 (D2R_1): frame Unknown (26s ago) [degraded] | last key/SplashContinue/G/Space/Enter@683,384 (35s ago), fg ok
2026-06-23 22:02:37Z hc2 (D2R_2): frame Unknown (9s ago) [degraded] | last key/G/Space/Enter@683,384 (8s ago), fg lost
2026-06-23 22:02:37Z hc3 (D2R_3): frame Unknown (7s ago) [degraded] | last key/SplashContinue/G/Space/Enter@683,384 (35s ago), fg ok
2026-06-23 22:02:39Z hc1 (D2R_1): frame Unknown (28s ago) [degraded] | last key/SplashContinue/G/Space/Enter@683,384 (37s ago), fg ok
2026-06-23 22:02:39Z hc2 (D2R_2): frame Unknown (11s ago) [degraded] | last key/G/Space/Enter@683,384 (10s ago), fg lost
2026-06-23 22:02:39Z hc3 (D2R_3): frame Unknown (9s ago) [degraded] | last key/SplashContinue/G/Space/Enter@683,384 (38s ago), fg ok
2026-06-23 22:02:42Z hc1 (D2R_1): frame Unknown (30s ago) [degraded] | last key/SplashContinue/G/Space/Enter@683,384 (40s ago), fg ok
2026-06-23 22:02:42Z hc2 (D2R_2): frame Unknown (14s ago) [degraded] | last key/G/Space/Enter@683,384 (13s ago), fg lost
2026-06-23 22:02:42Z hc3 (D2R_3): frame Unknown (12s ago) [degraded] | last key/SplashContinue/G/Space/Enter@683,384 (40s ago), fg ok
2026-06-23 22:02:44Z hc1 (D2R_1): frame Unknown (32s ago) [degraded] | last key/SplashContinue/G/Space/Enter@683,384 (42s ago), fg ok
2026-06-23 22:02:44Z hc2 (D2R_2): frame Unknown (16s ago) [degraded] | last key/G/Space/Enter@683,384 (15s ago), fg lost
2026-06-23 22:02:44Z hc3 (D2R_3): frame Unknown (14s ago) [degraded] | last key/SplashContinue/G/Space/Enter@683,384 (42s ago), fg ok
2026-06-23 22:02:46Z hc1 (D2R_1): frame CharacterScreen (1s ago) [degraded] | last key/SplashContinue/G/Space/Enter@683,384 (44s ago), fg ok
2026-06-23 22:02:46Z hc2 (D2R_2): frame Unknown (18s ago) [degraded] | last key/G/Space/Enter@683,384 (17s ago), fg lost
2026-06-23 22:02:46Z hc3 (D2R_3): frame Unknown (16s ago) [degraded] | last key/SplashContinue/G/Space/Enter@683,384 (44s ago), fg ok
2026-06-23 22:02:49Z hc1 (D2R_1): frame CharacterScreen (3s ago) [degraded] | last key/SplashContinue/G/Space/Enter@683,384 (47s ago), fg ok
2026-06-23 22:02:49Z hc2 (D2R_2): frame Unknown (20s ago) [degraded] | last key/G/Space/Enter@683,384 (20s ago), fg lost
2026-06-23 22:02:49Z hc3 (D2R_3): frame Unknown (18s ago) [degraded] | last key/SplashContinue/G/Space/Enter@683,384 (47s ago), fg ok
2026-06-23 22:02:51Z hc1 (D2R_1): frame CharacterScreen (5s ago) [degraded] | last key/SplashContinue/G/Space/Enter@683,384 (49s ago), fg ok
2026-06-23 22:02:51Z hc2 (D2R_2): frame Unknown (23s ago) [degraded] | last key/G/Space/Enter@683,384 (22s ago), fg lost
2026-06-23 22:02:51Z hc3 (D2R_3): frame Unknown (21s ago) [degraded] | last key/SplashContinue/G/Space/Enter@683,384 (49s ago), fg ok
2026-06-23 22:02:53Z hc1 (D2R_1): frame CharacterScreen (8s ago) [degraded] | last key/SplashContinue/G/Space/Enter@683,384 (51s ago), fg ok
2026-06-23 22:02:53Z hc2 (D2R_2): frame Unknown (25s ago) [degraded] | last key/G/Space/Enter@683,384 (24s ago), fg lost
2026-06-23 22:02:53Z hc3 (D2R_3): frame Unknown (23s ago) [degraded] | last key/SplashContinue/G/Space/Enter@683,384 (51s ago), fg ok
2026-06-23 22:02:55Z hc1 (D2R_1): frame CharacterScreen (10s ago) [degraded] | last key/SplashContinue/G/Space/Enter@683,384 (53s ago), fg ok
2026-06-23 22:02:55Z hc2 (D2R_2): frame Unknown (27s ago) [degraded] | last key/G/Space/Enter@683,384 (27s ago), fg lost
2026-06-23 22:02:55Z hc3 (D2R_3): frame Unknown (25s ago) [degraded] | last key/SplashContinue/G/Space/Enter@683,384 (54s ago), fg ok
2026-06-23 22:02:58Z hc1 (D2R_1): frame CharacterScreen (12s ago) [degraded] | last key/SplashContinue/G/Space/Enter@683,384 (56s ago), fg ok
2026-06-23 22:02:58Z hc2 (D2R_2): frame Unknown (30s ago) [degraded] | last key/G/Space/Enter@683,384 (29s ago), fg lost
2026-06-23 22:02:58Z hc3 (D2R_3): frame Unknown (28s ago) [degraded] | last key/SplashContinue/G/Space/Enter@683,384 (56s ago), fg ok
2026-06-23 22:03:00Z hc1 (D2R_1): frame CharacterScreen (14s ago) [degraded] | last key/SplashContinue/G/Space/Enter@683,384 (58s ago), fg ok
2026-06-23 22:03:00Z hc2 (D2R_2): frame Unknown (32s ago) [degraded] | last key/G/Space/Enter@683,384 (31s ago), fg lost
2026-06-23 22:03:00Z hc3 (D2R_3): frame Unknown (30s ago) [degraded] | last key/SplashContinue/G/Space/Enter@683,384 (58s ago), fg ok
2026-06-23 22:03:02Z hc1 (D2R_1): frame CharacterScreen (17s ago) [degraded] | last key/SplashContinue/G/Space/Enter@683,384 (1m0s ago), fg ok
2026-06-23 22:03:02Z hc2 (D2R_2): frame Unknown (34s ago) [degraded] | last key/G/Space/Enter@683,384 (33s ago), fg lost
2026-06-23 22:03:02Z hc3 (D2R_3): frame Unknown (32s ago) [degraded] | last key/SplashContinue/G/Space/Enter@683,384 (1m0s ago), fg ok
2026-06-23 22:03:04Z hc1 (D2R_1): frame CharacterScreen (19s ago) [degraded] | last key/SplashContinue/G/Space/Enter@683,384 (1m2s ago), fg ok
2026-06-23 22:03:04Z hc2 (D2R_2): frame Unknown (36s ago) [degraded] | last key/G/Space/Enter@683,384 (36s ago), fg lost
2026-06-23 22:03:04Z hc3 (D2R_3): frame Unknown (34s ago) [degraded] | last key/SplashContinue/G/Space/Enter@683,384 (1m3s ago), fg ok
2026-06-23 22:03:07Z hc1 (D2R_1): frame CharacterScreen (21s ago) [degraded] | last key/SplashContinue/G/Space/Enter@683,384 (1m5s ago), fg ok
2026-06-23 22:03:07Z hc2 (D2R_2): frame Unknown (1s ago) [degraded] | last key/G/Space/Enter@683,384 (38s ago), fg lost
2026-06-23 22:03:07Z hc3 (D2R_3): frame Unknown (37s ago) [degraded] | last key/SplashContinue/G/Space/Enter@683,384 (1m5s ago), fg ok
2026-06-23 22:03:09Z hc1 (D2R_1): frame CharacterScreen (24s ago) [degraded] | last key/SplashContinue/G/Space/Enter@683,384 (1m7s ago), fg ok
2026-06-23 22:03:09Z hc2 (D2R_2): frame Unknown (4s ago) [degraded] | last key/G/Space/Enter@683,384 (40s ago), fg lost
2026-06-23 22:03:09Z hc3 (D2R_3): frame CharacterScreen (1s ago) [degraded] | last key/SplashContinue/G/Space/Enter@683,384 (1m7s ago), fg ok
2026-06-23 22:03:11Z hc1 (D2R_1): frame CharacterScreen (26s ago) [degraded] | last key/SplashContinue/G/Space/Enter@683,384 (1m9s ago), fg ok
2026-06-23 22:03:11Z hc2 (D2R_2): frame Unknown (6s ago) [degraded] | last key/G/Space/Enter@683,384 (42s ago), fg lost
2026-06-23 22:03:11Z hc3 (D2R_3): frame CharacterScreen (4s ago) [degraded] | last key/SplashContinue/G/Space/Enter@683,384 (1m9s ago), fg ok
2026-06-23 22:03:14Z hc1 (D2R_1): frame CharacterScreen (28s ago) [degraded] | last key/SplashContinue/G/Space/Enter@683,384 (1m11s ago), fg ok
2026-06-23 22:03:14Z hc2 (D2R_2): frame Unknown (8s ago) [degraded] | last key/G/Space/Enter@683,384 (45s ago), fg lost
2026-06-23 22:03:14Z hc3 (D2R_3): frame CharacterScreen (6s ago) [degraded] | last key/SplashContinue/G/Space/Enter@683,384 (1m12s ago), fg ok
2026-06-23 22:03:16Z hc1 (D2R_1): frame CharacterScreen (30s ago) [degraded] | last click/Left@799,689 (0s ago), fg ?
2026-06-23 22:03:16Z hc2 (D2R_2): frame Unknown (10s ago) [degraded] | last key/G/Space/Enter@683,384 (47s ago), fg lost
2026-06-23 22:03:16Z hc3 (D2R_3): frame CharacterScreen (8s ago) [degraded] | last key/SplashContinue/G/Space/Enter@683,384 (1m14s ago), fg ok
2026-06-23 22:03:18Z hc1 (D2R_1): frame CharacterScreen (33s ago) [degraded] | last click/Left@1046,123 (0s ago), fg ?
2026-06-23 22:03:18Z hc2 (D2R_2): frame Unknown (13s ago) [degraded] | last key/G/Space/Enter@683,384 (49s ago), fg lost
2026-06-23 22:03:18Z hc3 (D2R_3): frame CharacterScreen (10s ago) [degraded] | last key/SplashContinue/G/Space/Enter@683,384 (1m16s ago), fg ok
2026-06-23 22:03:20Z hc1 (D2R_1): frame CharacterScreen (35s ago) [degraded] | last click/Left@1046,172 (0s ago), fg ?
2026-06-23 22:03:20Z hc2 (D2R_2): frame Unknown (15s ago) [degraded] | last key/G/Space/Enter@683,384 (51s ago), fg lost
2026-06-23 22:03:20Z hc3 (D2R_3): frame CharacterScreen (13s ago) [degraded] | last key/SplashContinue/G/Space/Enter@683,384 (1m19s ago), fg ok
2026-06-23 22:03:23Z hc1 (D2R_1): frame CharacterScreen (37s ago) [degraded] | last click/Left@1045,475 (0s ago), fg ?
2026-06-23 22:03:23Z hc2 (D2R_2): frame Unknown (17s ago) [degraded] | last key/G/Space/Enter@683,384 (54s ago), fg lost
2026-06-23 22:03:23Z hc3 (D2R_3): frame CharacterScreen (15s ago) [degraded] | last key/SplashContinue/G/Space/Enter@683,384 (1m21s ago), fg ok
2026-06-23 22:03:29Z hc1 (D2R_1): frame CharacterScreen (5s ago) [degraded] | last click/Left@1045,475 (7s ago), fg ?
2026-06-23 22:03:29Z hc2 (D2R_2): frame Unknown (19s ago) [degraded] | last key/G/Space/Enter@683,384 (56s ago), fg lost
2026-06-23 22:03:29Z hc3 (D2R_3): frame CharacterScreen (17s ago) [degraded] | last key/SplashContinue/G/Space/Enter@683,384 (1m23s ago), fg ok
2026-06-23 22:03:31Z hc1 (D2R_1): frame CharacterScreen (7s ago) [degraded] | last click/Left@1045,475 (9s ago), fg ?
2026-06-23 22:03:31Z hc2 (D2R_2): frame Unknown (26s ago) [degraded] | last key/G/Space/Enter@683,384 (1m2s ago), fg lost
2026-06-23 22:03:31Z hc3 (D2R_3): frame CharacterScreen (23s ago) [degraded] | last key/SplashContinue/G/Space/Enter@683,384 (1m29s ago), fg ok
2026-06-23 22:03:33Z hc1 (D2R_1): frame CharacterScreen (10s ago) [degraded] | last click/Left@1045,475 (11s ago), fg ?
2026-06-23 22:03:33Z hc2 (D2R_2): frame Unknown (28s ago) [degraded] | last key/G/Space/Enter@683,384 (1m4s ago), fg lost
2026-06-23 22:03:33Z hc3 (D2R_3): frame CharacterScreen (26s ago) [degraded] | last key/SplashContinue/G/Space/Enter@683,384 (1m31s ago), fg ok
2026-06-23 22:03:36Z hc1 (D2R_1): frame CharacterScreen (12s ago) [degraded] | last click/Left@1045,475 (13s ago), fg ?
2026-06-23 22:03:36Z hc2 (D2R_2): frame DiabloSplash (0s ago) [degraded] | last key/G/Space/Enter@683,384 (1m7s ago), fg lost
2026-06-23 22:03:36Z hc3 (D2R_3): frame CharacterScreen (28s ago) [degraded] | last key/SplashContinue/G/Space/Enter@683,384 (1m34s ago), fg ok
2026-06-23 22:03:38Z hc1 (D2R_1): frame CharacterScreen (14s ago) [degraded] | last click/Left@1045,475 (16s ago), fg ?
2026-06-23 22:03:38Z hc2 (D2R_2): frame DiabloSplash (2s ago) [degraded] | last key/SplashContinue/G/Space/Enter@683,384 (0s ago), fg ok
2026-06-23 22:03:38Z hc3 (D2R_3): frame CharacterScreen (30s ago) [degraded] | last key/SplashContinue/G/Space/Enter@683,384 (1m36s ago), fg ok
2026-06-23 22:03:40Z hc1 (D2R_1): frame CharacterScreen (16s ago) [degraded] | last click/Left@1045,475 (18s ago), fg ?
2026-06-23 22:03:40Z hc2 (D2R_2): frame DiabloSplash (4s ago) [degraded] | last key/SplashContinue/G/Space/Enter@683,384 (2s ago), fg ok
2026-06-23 22:03:40Z hc3 (D2R_3): frame CharacterScreen (32s ago) [degraded] | last key/SplashContinue/G/Space/Enter@683,384 (1m38s ago), fg ok
2026-06-23 22:03:43Z hc1 (D2R_1): frame CharacterScreen (19s ago) [degraded] | last click/Left@1045,475 (20s ago), fg ?
2026-06-23 22:03:43Z hc2 (D2R_2): frame DiabloSplash (7s ago) [degraded] | last key/SplashContinue/G/Space/Enter@683,384 (5s ago), fg ok
2026-06-23 22:03:43Z hc3 (D2R_3): frame CharacterScreen (35s ago) [degraded] | last key/SplashContinue/G/Space/Enter@683,384 (1m41s ago), fg ok
2026-06-23 22:03:45Z hc1 (D2R_1): frame CharacterScreen (21s ago) [degraded] | last click/Left@1045,475 (23s ago), fg ?
2026-06-23 22:03:45Z hc2 (D2R_2): frame DiabloSplash (9s ago) [degraded] | last key/SplashContinue/G/Space/Enter@683,384 (7s ago), fg ok
2026-06-23 22:03:45Z hc3 (D2R_3): frame CharacterScreen (37s ago) [degraded] | last key/SplashContinue/G/Space/Enter@683,384 (1m43s ago), fg ok
2026-06-23 22:03:47Z hc1 (D2R_1): frame CharacterScreen (23s ago) [degraded] | last click/Left@1045,475 (25s ago), fg ?
2026-06-23 22:03:47Z hc2 (D2R_2): frame DiabloSplash (11s ago) [degraded] | last key/SplashContinue/G/Space/Enter@683,384 (9s ago), fg ok
2026-06-23 22:03:47Z hc3 (D2R_3): frame CharacterScreen (39s ago) [degraded] | last key/SplashContinue/G/Space/Enter@683,384 (1m45s ago), fg ok
2026-06-23 22:03:49Z hc1 (D2R_1): frame CharacterScreen (26s ago) [degraded] | last click/Left@1045,475 (27s ago), fg ?
2026-06-23 22:03:49Z hc2 (D2R_2): frame DiabloSplash (14s ago) [degraded] | last key/SplashContinue/G/Space/Enter@683,384 (11s ago), fg ok
2026-06-23 22:03:49Z hc3 (D2R_3): frame CharacterScreen (42s ago) [degraded] | last key/SplashContinue/G/Space/Enter@683,384 (1m47s ago), fg ok
2026-06-23 22:03:52Z hc1 (D2R_1): frame CharacterScreen (28s ago) [degraded] | last click/Left@1045,475 (29s ago), fg ?
2026-06-23 22:03:52Z hc2 (D2R_2): frame DiabloSplash (16s ago) [degraded] | last key/SplashContinue/G/Space/Enter@683,384 (14s ago), fg ok
2026-06-23 22:03:52Z hc3 (D2R_3): frame CharacterScreen (44s ago) [degraded] | last key/SplashContinue/G/Space/Enter@683,384 (1m50s ago), fg ok
2026-06-23 22:03:55Z hc1 (D2R_1): frame CharacterScreen (30s ago) [degraded] | last click/Left@1045,475 (32s ago), fg ?
2026-06-23 22:03:55Z hc2 (D2R_2): frame DiabloSplash (18s ago) [degraded] | last key/SplashContinue/G/Space/Enter@683,384 (16s ago), fg ok
2026-06-23 22:03:55Z hc3 (D2R_3): frame CharacterScreen (46s ago) [degraded] | last key/SplashContinue/G/Space/Enter@683,384 (1m52s ago), fg ok
2026-06-23 22:03:57Z hc1 (D2R_1): frame CharacterScreen (33s ago) [degraded] | last click/Left@1045,475 (35s ago), fg ?
2026-06-23 22:03:57Z hc2 (D2R_2): frame DiabloSplash (21s ago) [degraded] | last key/SplashContinue/G/Space/Enter@683,384 (19s ago), fg ok
2026-06-23 22:03:57Z hc3 (D2R_3): frame CharacterScreen (49s ago) [degraded] | last key/SplashContinue/G/Space/Enter@683,384 (1m55s ago), fg ok
2026-06-23 22:03:59Z hc1 (D2R_1): frame CharacterScreen (35s ago) [degraded] | last click/Left@1045,475 (37s ago), fg ?
2026-06-23 22:03:59Z hc2 (D2R_2): frame DiabloSplash (23s ago) [degraded] | last key/SplashContinue/G/Space/Enter@683,384 (21s ago), fg ok
2026-06-23 22:03:59Z hc3 (D2R_3): frame CharacterScreen (51s ago) [degraded] | last key/SplashContinue/G/Space/Enter@683,384 (1m57s ago), fg ok
2026-06-23 22:04:01Z hc1 (D2R_1): frame CharacterScreen (37s ago) [degraded] | last click/Left@1045,475 (39s ago), fg ?
2026-06-23 22:04:01Z hc2 (D2R_2): frame DiabloSplash (26s ago) [degraded] | last key/SplashContinue/G/Space/Enter@683,384 (23s ago), fg ok
2026-06-23 22:04:01Z hc3 (D2R_3): frame CharacterScreen (53s ago) [degraded] | last key/SplashContinue/G/Space/Enter@683,384 (1m59s ago), fg ok
2026-06-23 22:04:03Z hc1 (D2R_1): frame CharacterScreen (40s ago) [degraded] | last click/Left@1045,475 (41s ago), fg ?
2026-06-23 22:04:03Z hc2 (D2R_2): frame DiabloSplash (28s ago) [degraded] | last key/SplashContinue/G/Space/Enter@683,384 (25s ago), fg ok
2026-06-23 22:04:03Z hc3 (D2R_3): frame CharacterScreen (56s ago) [degraded] | last key/SplashContinue/G/Space/Enter@683,384 (2m2s ago), fg ok
2026-06-23 22:04:06Z hc1 (D2R_1): frame CharacterScreen (42s ago) [degraded] | last click/Left@1045,475 (43s ago), fg ?
2026-06-23 22:04:06Z hc2 (D2R_2): frame DiabloSplash (30s ago) [degraded] | last key/SplashContinue/G/Space/Enter@683,384 (28s ago), fg ok
2026-06-23 22:04:06Z hc3 (D2R_3): frame CharacterScreen (58s ago) [degraded] | last key/SplashContinue/G/Space/Enter@683,384 (2m4s ago), fg ok
2026-06-23 22:04:08Z hc1 (D2R_1): frame CharacterScreen (44s ago) [degraded] | last click/Left@1045,475 (46s ago), fg ?
2026-06-23 22:04:08Z hc2 (D2R_2): frame DiabloSplash (32s ago) [degraded] | last key/SplashContinue/G/Space/Enter@683,384 (30s ago), fg ok
2026-06-23 22:04:08Z hc3 (D2R_3): frame CharacterScreen (1m0s ago) [degraded] | last key/SplashContinue/G/Space/Enter@683,384 (2m6s ago), fg ok
2026-06-23 22:04:10Z hc1 (D2R_1): frame CharacterScreen (46s ago) [degraded] | last click/Left@1045,475 (48s ago), fg ?
2026-06-23 22:04:10Z hc2 (D2R_2): frame DiabloSplash (34s ago) [degraded] | last key/SplashContinue/G/Space/Enter@683,384 (32s ago), fg ok
2026-06-23 22:04:10Z hc3 (D2R_3): frame CharacterScreen (1m2s ago) [degraded] | last key/SplashContinue/G/Space/Enter@683,384 (2m8s ago), fg ok
2026-06-23 22:04:16Z hc1 (D2R_1): frame CharacterScreen (49s ago) [degraded] | last click/Left@1045,475 (50s ago), fg ?
2026-06-23 22:04:16Z hc2 (D2R_2): frame DiabloSplash (37s ago) [degraded] | last key/SplashContinue/G/Space/Enter@683,384 (35s ago), fg ok
2026-06-23 22:04:16Z hc3 (D2R_3): frame CharacterScreen (5s ago) [degraded] | last key/SplashContinue/G/Space/Enter@683,384 (2m15s ago), fg ok
2026-06-23 22:04:19Z hc1 (D2R_1): frame CharacterScreen (55s ago) [degraded] | last click/Left@1045,475 (56s ago), fg ?
2026-06-23 22:04:19Z hc2 (D2R_2): frame DiabloSplash (43s ago) [degraded] | last key/SplashContinue/G/Space/Enter@683,384 (41s ago), fg ok
2026-06-23 22:04:19Z hc3 (D2R_3): frame CharacterScreen (7s ago) [degraded] | last key/SplashContinue/G/Space/Enter@683,384 (2m17s ago), fg ok
2026-06-23 22:04:21Z hc1 (D2R_1): frame CharacterScreen (57s ago) [degraded] | last click/Left@1045,475 (59s ago), fg ?
2026-06-23 22:04:21Z hc2 (D2R_2): frame DiabloSplash (45s ago) [degraded] | last key/SplashContinue/G/Space/Enter@683,384 (43s ago), fg ok
2026-06-23 22:04:21Z hc3 (D2R_3): frame CharacterScreen (9s ago) [degraded] | last key/SplashContinue/G/Space/Enter@683,384 (2m19s ago), fg ok
2026-06-23 22:04:23Z hc1 (D2R_1): frame CharacterScreen (59s ago) [degraded] | last click/Left@1045,475 (1m1s ago), fg ?
2026-06-23 22:04:23Z hc2 (D2R_2): frame DiabloSplash (47s ago) [degraded] | last key/SplashContinue/G/Space/Enter@683,384 (45s ago), fg ok
2026-06-23 22:04:23Z hc3 (D2R_3): frame CharacterScreen (12s ago) [degraded] | last key/SplashContinue/G/Space/Enter@683,384 (2m21s ago), fg ok
2026-06-23 22:04:25Z hc1 (D2R_1): frame CharacterScreen (1m2s ago) [degraded] | last click/Left@1045,475 (1m3s ago), fg ?
2026-06-23 22:04:25Z hc2 (D2R_2): frame DiabloSplash (50s ago) [degraded] | last key/SplashContinue/G/Space/Enter@683,384 (47s ago), fg ok
2026-06-23 22:04:25Z hc3 (D2R_3): frame CharacterScreen (14s ago) [degraded] | last key/SplashContinue/G/Space/Enter@683,384 (2m23s ago), fg ok
2026-06-23 22:04:28Z hc1 (D2R_1): frame CharacterScreen (1m4s ago) [degraded] | last click/Left@1045,475 (1m5s ago), fg ?
2026-06-23 22:04:28Z hc2 (D2R_2): frame DiabloSplash (52s ago) [degraded] | last key/SplashContinue/G/Space/Enter@683,384 (50s ago), fg ok
2026-06-23 22:04:28Z hc3 (D2R_3): frame CharacterScreen (16s ago) [degraded] | last key/SplashContinue/G/Space/Enter@683,384 (2m26s ago), fg ok
2026-06-23 22:04:30Z hc1 (D2R_1): frame CharacterScreen (1m6s ago) [degraded] | last click/Left@1045,475 (1m8s ago), fg ?
2026-06-23 22:04:30Z hc2 (D2R_2): frame DiabloSplash (54s ago) [degraded] | last key/SplashContinue/G/Space/Enter@683,384 (52s ago), fg ok
2026-06-23 22:04:30Z hc3 (D2R_3): frame CharacterScreen (18s ago) [degraded] | last key/SplashContinue/G/Space/Enter@683,384 (2m28s ago), fg ok
2026-06-23 22:04:32Z hc1 (D2R_1): frame CharacterScreen (1m8s ago) [degraded] | last click/Left@1045,475 (1m10s ago), fg ?
2026-06-23 22:04:32Z hc2 (D2R_2): frame DiabloSplash (56s ago) [degraded] | last key/SplashContinue/G/Space/Enter@683,384 (54s ago), fg ok
2026-06-23 22:04:32Z hc3 (D2R_3): frame CharacterScreen (20s ago) [degraded] | last key/SplashContinue/G/Space/Enter@683,384 (2m30s ago), fg ok
2026-06-23 22:04:34Z hc1 (D2R_1): frame CharacterScreen (1m11s ago) [degraded] | last click/Left@1045,475 (1m12s ago), fg ?
2026-06-23 22:04:34Z hc2 (D2R_2): frame DiabloSplash (59s ago) [degraded] | last key/SplashContinue/G/Space/Enter@683,384 (56s ago), fg ok
2026-06-23 22:04:34Z hc3 (D2R_3): frame CharacterScreen (23s ago) [degraded] | last key/SplashContinue/G/Space/Enter@683,384 (2m32s ago), fg ok
2026-06-23 22:04:36Z hc1 (D2R_1): frame CharacterScreen (1m13s ago) [degraded] | last click/Left@1045,475 (1m14s ago), fg ?
2026-06-23 22:04:36Z hc2 (D2R_2): frame DiabloSplash (1m1s ago) [degraded] | last key/SplashContinue/G/Space/Enter@683,384 (59s ago), fg ok
2026-06-23 22:04:36Z hc3 (D2R_3): frame CharacterScreen (25s ago) [degraded] | last key/SplashContinue/G/Space/Enter@683,384 (2m35s ago), fg ok
2026-06-23 22:04:39Z hc1 (D2R_1): frame CharacterScreen (1m15s ago) [degraded] | last click/Left@1045,475 (1m16s ago), fg ?
2026-06-23 22:04:39Z hc2 (D2R_2): frame DiabloSplash (1m3s ago) [degraded] | last key/SplashContinue/G/Space/Enter@683,384 (1m1s ago), fg ok
2026-06-23 22:04:39Z hc3 (D2R_3): frame CharacterScreen (27s ago) [degraded] | last key/SplashContinue/G/Space/Enter@683,384 (2m37s ago), fg ok
2026-06-23 22:04:41Z hc1 (D2R_1): frame CharacterScreen (1m17s ago) [degraded] | last click/Left@1045,475 (1m19s ago), fg ?
2026-06-23 22:04:41Z hc2 (D2R_2): frame DiabloSplash (1m5s ago) [degraded] | last key/SplashContinue/G/Space/Enter@683,384 (1m3s ago), fg ok
2026-06-23 22:04:41Z hc3 (D2R_3): frame CharacterScreen (29s ago) [degraded] | last key/SplashContinue/G/Space/Enter@683,384 (2m39s ago), fg ok
2026-06-23 22:04:43Z hc1 (D2R_1): frame CharacterScreen (1m19s ago) [degraded] | last click/Left@1045,475 (1m21s ago), fg ?
2026-06-23 22:04:43Z hc2 (D2R_2): frame CharacterScreen (0s ago) [degraded] | last key/SplashContinue/G/Space/Enter@683,384 (1m5s ago), fg ok
2026-06-23 22:04:43Z hc3 (D2R_3): frame CharacterScreen (32s ago) [degraded] | last key/SplashContinue/G/Space/Enter@683,384 (2m41s ago), fg ok
2026-06-23 22:04:49Z hc1 (D2R_1): frame CharacterScreen (4s ago) [degraded] | last click/Left@1045,475 (1m27s ago), fg ?
2026-06-23 22:04:49Z hc2 (D2R_2): frame CharacterScreen (2s ago) [degraded] | last key/SplashContinue/G/Space/Enter@683,384 (1m7s ago), fg ok
2026-06-23 22:04:49Z hc3 (D2R_3): frame CharacterScreen (34s ago) [degraded] | last key/SplashContinue/G/Space/Enter@683,384 (2m43s ago), fg ok
2026-06-23 22:04:52Z hc1 (D2R_1): frame CharacterScreen (6s ago) [degraded] | last click/Left@1045,475 (1m29s ago), fg ?
2026-06-23 22:04:52Z hc2 (D2R_2): frame CharacterScreen (8s ago) [degraded] | last key/SplashContinue/G/Space/Enter@683,384 (1m14s ago), fg ok
2026-06-23 22:04:52Z hc3 (D2R_3): frame CharacterScreen (40s ago) [degraded] | last key/SplashContinue/G/Space/Enter@683,384 (2m50s ago), fg ok
2026-06-23 22:04:54Z hc1 (D2R_1): frame CharacterScreen (8s ago) [degraded] | last click/Left@1045,475 (1m32s ago), fg ?
2026-06-23 22:04:54Z hc2 (D2R_2): frame CharacterScreen (10s ago) [degraded] | last key/SplashContinue/G/Space/Enter@683,384 (1m16s ago), fg ok
2026-06-23 22:04:54Z hc3 (D2R_3): frame CharacterScreen (42s ago) [degraded] | last key/SplashContinue/G/Space/Enter@683,384 (2m52s ago), fg ok
2026-06-23 22:04:56Z hc1 (D2R_1): frame CharacterScreen (10s ago) [degraded] | last click/Left@1045,475 (1m34s ago), fg ?
2026-06-23 22:04:56Z hc2 (D2R_2): frame CharacterScreen (13s ago) [degraded] | last key/SplashContinue/G/Space/Enter@683,384 (1m18s ago), fg ok
2026-06-23 22:04:56Z hc3 (D2R_3): frame CharacterScreen (44s ago) [degraded] | last key/SplashContinue/G/Space/Enter@683,384 (2m54s ago), fg ok
2026-06-23 22:04:58Z hc1 (D2R_1): frame CharacterScreen (13s ago) [degraded] | last click/Left@1045,475 (1m36s ago), fg ?
2026-06-23 22:04:58Z hc2 (D2R_2): frame CharacterScreen (15s ago) [degraded] | last key/SplashContinue/G/Space/Enter@683,384 (1m20s ago), fg ok
2026-06-23 22:04:58Z hc3 (D2R_3): frame CharacterScreen (47s ago) [degraded] | last key/SplashContinue/G/Space/Enter@683,384 (2m56s ago), fg ok
2026-06-23 22:05:00Z hc1 (D2R_1): frame CharacterScreen (15s ago) [degraded] | last click/Left@1045,475 (1m38s ago), fg ?
2026-06-23 22:05:00Z hc2 (D2R_2): frame CharacterScreen (17s ago) [degraded] | last key/SplashContinue/G/Space/Enter@683,384 (1m22s ago), fg ok
2026-06-23 22:05:00Z hc3 (D2R_3): frame CharacterScreen (49s ago) [degraded] | last key/SplashContinue/G/Space/Enter@683,384 (2m58s ago), fg ok
2026-06-23 22:05:03Z hc1 (D2R_1): frame CharacterScreen (17s ago) [degraded] | last click/Left@1045,475 (1m40s ago), fg ?
2026-06-23 22:05:03Z hc2 (D2R_2): frame CharacterScreen (19s ago) [degraded] | last key/SplashContinue/G/Space/Enter@683,384 (1m25s ago), fg ok
2026-06-23 22:05:03Z hc3 (D2R_3): frame CharacterScreen (51s ago) [degraded] | last key/SplashContinue/G/Space/Enter@683,384 (3m1s ago), fg ok
2026-06-23 22:05:05Z hc1 (D2R_1): frame CharacterScreen (19s ago) [degraded] | last click/Left@1045,475 (1m43s ago), fg ?
2026-06-23 22:05:05Z hc2 (D2R_2): frame CharacterScreen (22s ago) [degraded] | last key/SplashContinue/G/Space/Enter@683,384 (1m27s ago), fg ok
2026-06-23 22:05:05Z hc3 (D2R_3): frame CharacterScreen (53s ago) [degraded] | last key/SplashContinue/G/Space/Enter@683,384 (3m3s ago), fg ok
2026-06-23 22:05:07Z hc1 (D2R_1): frame CharacterScreen (22s ago) [degraded] | last click/Left@1045,475 (1m45s ago), fg ?
2026-06-23 22:05:07Z hc2 (D2R_2): frame CharacterScreen (24s ago) [degraded] | last key/SplashContinue/G/Space/Enter@683,384 (1m29s ago), fg ok
2026-06-23 22:05:07Z hc3 (D2R_3): frame CharacterScreen (56s ago) [degraded] | last key/SplashContinue/G/Space/Enter@683,384 (3m5s ago), fg ok
2026-06-23 22:05:09Z hc1 (D2R_1): frame CharacterScreen (24s ago) [degraded] | last click/Left@1045,475 (1m47s ago), fg ?
2026-06-23 22:05:09Z hc2 (D2R_2): frame CharacterScreen (26s ago) [degraded] | last key/SplashContinue/G/Space/Enter@683,384 (1m31s ago), fg ok
2026-06-23 22:05:09Z hc3 (D2R_3): frame CharacterScreen (58s ago) [degraded] | last key/SplashContinue/G/Space/Enter@683,384 (3m7s ago), fg ok
2026-06-23 22:05:11Z hc1 (D2R_1): frame CharacterScreen (26s ago) [degraded] | last click/Left@1045,475 (1m49s ago), fg ?
2026-06-23 22:05:11Z hc2 (D2R_2): frame CharacterScreen (28s ago) [degraded] | last key/SplashContinue/G/Space/Enter@683,384 (1m34s ago), fg ok
2026-06-23 22:05:11Z hc3 (D2R_3): frame CharacterScreen (1m0s ago) [degraded] | last key/SplashContinue/G/Space/Enter@683,384 (3m10s ago), fg ok
2026-06-23 22:05:14Z hc1 (D2R_1): frame CharacterScreen (28s ago) [degraded] | last click/Left@1045,475 (1m52s ago), fg ?
2026-06-23 22:05:14Z hc2 (D2R_2): frame CharacterScreen (30s ago) [degraded] | last key/SplashContinue/G/Space/Enter@683,384 (1m36s ago), fg ok
2026-06-23 22:05:14Z hc3 (D2R_3): frame CharacterScreen (1m2s ago) [degraded] | last key/SplashContinue/G/Space/Enter@683,384 (3m12s ago), fg ok
2026-06-23 22:05:16Z hc1 (D2R_1): frame CharacterScreen (31s ago) [degraded] | last click/Left@1045,475 (1m54s ago), fg ?
2026-06-23 22:05:16Z hc2 (D2R_2): frame CharacterScreen (33s ago) [degraded] | last key/SplashContinue/G/Space/Enter@683,384 (1m38s ago), fg ok
2026-06-23 22:05:16Z hc3 (D2R_3): frame CharacterScreen (1m5s ago) [degraded] | last key/SplashContinue/G/Space/Enter@683,384 (3m14s ago), fg ok
2026-06-23 22:05:18Z hc1 (D2R_1): frame CharacterScreen (33s ago) [degraded] | last click/Left@1045,475 (1m56s ago), fg ?
2026-06-23 22:05:18Z hc2 (D2R_2): frame CharacterScreen (35s ago) [degraded] | last key/SplashContinue/G/Space/Enter@683,384 (1m40s ago), fg ok
2026-06-23 22:05:18Z hc3 (D2R_3): frame CharacterScreen (1m7s ago) [degraded] | last key/SplashContinue/G/Space/Enter@683,384 (3m16s ago), fg ok
2026-06-23 22:05:21Z hc1 (D2R_1): frame CharacterScreen (35s ago) [degraded] | last click/Left@1045,475 (1m58s ago), fg ?
2026-06-23 22:05:21Z hc2 (D2R_2): frame CharacterScreen (37s ago) [degraded] | last key/SplashContinue/G/Space/Enter@683,384 (1m43s ago), fg ok
2026-06-23 22:05:21Z hc3 (D2R_3): frame CharacterScreen (1m9s ago) [degraded] | last key/SplashContinue/G/Space/Enter@683,384 (3m19s ago), fg ok
2026-06-23 22:05:23Z hc1 (D2R_1): frame CharacterScreen (37s ago) [degraded] | last click/Left@1045,475 (2m1s ago), fg ?
2026-06-23 22:05:23Z hc2 (D2R_2): frame CharacterScreen (39s ago) [degraded] | last key/SplashContinue/G/Space/Enter@683,384 (1m45s ago), fg ok
2026-06-23 22:05:23Z hc3 (D2R_3): frame CharacterScreen (1m11s ago) [degraded] | last key/SplashContinue/G/Space/Enter@683,384 (3m21s ago), fg ok
2026-06-23 22:05:25Z hc1 (D2R_1): frame CharacterScreen (40s ago) [degraded] | last click/Left@1045,475 (2m3s ago), fg ?
2026-06-23 22:05:25Z hc2 (D2R_2): frame CharacterScreen (42s ago) [degraded] | last key/SplashContinue/G/Space/Enter@683,384 (1m47s ago), fg ok
2026-06-23 22:05:25Z hc3 (D2R_3): frame CharacterScreen (1m13s ago) [degraded] | last key/SplashContinue/G/Space/Enter@683,384 (3m23s ago), fg ok
2026-06-23 22:05:27Z hc1 (D2R_1): frame CharacterScreen (42s ago) [degraded] | last click/Left@1045,475 (2m5s ago), fg ?
2026-06-23 22:05:27Z hc2 (D2R_2): frame CharacterScreen (44s ago) [degraded] | last key/SplashContinue/G/Space/Enter@683,384 (1m50s ago), fg ok
2026-06-23 22:05:27Z hc3 (D2R_3): frame CharacterScreen (1m16s ago) [degraded] | last key/SplashContinue/G/Space/Enter@683,384 (3m26s ago), fg ok
2026-06-23 22:05:30Z hc1 (D2R_1): frame CharacterScreen (44s ago) [degraded] | last click/Left@1045,475 (2m7s ago), fg ?
2026-06-23 22:05:30Z hc2 (D2R_2): frame CharacterScreen (46s ago) [degraded] | last key/SplashContinue/G/Space/Enter@683,384 (1m52s ago), fg ok
2026-06-23 22:05:30Z hc3 (D2R_3): frame CharacterScreen (1m18s ago) [degraded] | last key/SplashContinue/G/Space/Enter@683,384 (3m28s ago), fg ok
2026-06-23 22:05:32Z hc1 (D2R_1): frame CharacterScreen (47s ago) [degraded] | last click/Left@1045,475 (2m10s ago), fg ?
2026-06-23 22:05:32Z hc2 (D2R_2): frame CharacterScreen (49s ago) [degraded] | last key/SplashContinue/G/Space/Enter@683,384 (1m54s ago), fg ok
2026-06-23 22:05:32Z hc3 (D2R_3): frame CharacterScreen (1m20s ago) [degraded] | last key/SplashContinue/G/Space/Enter@683,384 (3m30s ago), fg ok
2026-06-23 22:05:34Z hc1 (D2R_1): frame CharacterScreen (49s ago) [degraded] | last click/Left@1045,475 (2m12s ago), fg ?
2026-06-23 22:05:34Z hc2 (D2R_2): frame CharacterScreen (51s ago) [degraded] | last key/SplashContinue/G/Space/Enter@683,384 (1m56s ago), fg ok
2026-06-23 22:05:34Z hc3 (D2R_3): frame CharacterScreen (1m23s ago) [degraded] | last key/SplashContinue/G/Space/Enter@683,384 (3m32s ago), fg ok
2026-06-23 22:05:36Z hc1 (D2R_1): frame CharacterScreen (51s ago) [degraded] | last click/Left@1045,475 (2m14s ago), fg ?
2026-06-23 22:05:36Z hc2 (D2R_2): frame CharacterScreen (53s ago) [degraded] | last key/SplashContinue/G/Space/Enter@683,384 (1m59s ago), fg ok
2026-06-23 22:05:36Z hc3 (D2R_3): frame CharacterScreen (1m25s ago) [degraded] | last key/SplashContinue/G/Space/Enter@683,384 (3m35s ago), fg ok
2026-06-23 22:05:39Z hc1 (D2R_1): frame CharacterScreen (53s ago) [degraded] | last click/Left@1045,475 (2m17s ago), fg ?
2026-06-23 22:05:39Z hc2 (D2R_2): frame CharacterScreen (55s ago) [degraded] | last key/SplashContinue/G/Space/Enter@683,384 (2m1s ago), fg ok
2026-06-23 22:05:39Z hc3 (D2R_3): frame CharacterScreen (1m27s ago) [degraded] | last key/SplashContinue/G/Space/Enter@683,384 (3m37s ago), fg ok
2026-06-23 22:05:45Z hc1 (D2R_1): frame CharacterScreen (55s ago) [degraded] | last click/Left@799,689 (1s ago), fg ?
2026-06-23 22:05:45Z hc2 (D2R_2): frame CharacterScreen (58s ago) [degraded] | last key/SplashContinue/G/Space/Enter@683,384 (2m3s ago), fg ok
2026-06-23 22:05:45Z hc3 (D2R_3): frame CharacterScreen (5s ago) [degraded] | last key/SplashContinue/G/Space/Enter@683,384 (3m43s ago), fg ok
2026-06-23 22:05:47Z hc1 (D2R_1): frame CharacterScreen (1m2s ago) [degraded] | last click/Left@952,269 (0s ago), fg ?
2026-06-23 22:05:47Z hc2 (D2R_2): frame CharacterScreen (1m4s ago) [degraded] | last key/SplashContinue/G/Space/Enter@683,384 (2m9s ago), fg ok
2026-06-23 22:05:47Z hc3 (D2R_3): frame CharacterScreen (8s ago) [degraded] | last key/SplashContinue/G/Space/Enter@683,384 (3m45s ago), fg ok
2026-06-23 22:05:49Z hc1 (D2R_1): frame CharacterScreen (1m4s ago) [degraded] | last click/Left@952,269 (2s ago), fg ?
2026-06-23 22:05:49Z hc2 (D2R_2): frame CharacterScreen (1m6s ago) [degraded] | last key/SplashContinue/G/Space/Enter@683,384 (2m11s ago), fg ok
2026-06-23 22:05:49Z hc3 (D2R_3): frame CharacterScreen (10s ago) [degraded] | last key/SplashContinue/G/Space/Enter@683,384 (3m47s ago), fg ok
2026-06-23 22:05:52Z hc1 (D2R_1): frame CharacterScreen (1m6s ago) [degraded] | last click/Left@952,269 (4s ago), fg ?
2026-06-23 22:05:52Z hc2 (D2R_2): frame CharacterScreen (1m8s ago) [degraded] | last key/SplashContinue/G/Space/Enter@683,384 (2m14s ago), fg ok
2026-06-23 22:05:52Z hc3 (D2R_3): frame CharacterScreen (12s ago) [degraded] | last key/SplashContinue/G/Space/Enter@683,384 (3m50s ago), fg ok
2026-06-23 22:05:54Z hc1 (D2R_1): frame CharacterScreen (1m8s ago) [degraded] | last click/Left@952,269 (7s ago), fg ?
2026-06-23 22:05:54Z hc2 (D2R_2): frame CharacterScreen (1m11s ago) [degraded] | last key/SplashContinue/G/Space/Enter@683,384 (2m16s ago), fg ok
2026-06-23 22:05:54Z hc3 (D2R_3): frame CharacterScreen (14s ago) [degraded] | last key/SplashContinue/G/Space/Enter@683,384 (3m52s ago), fg ok
2026-06-23 22:05:56Z hc1 (D2R_1): frame CharacterScreen (1m11s ago) [degraded] | last click/Left@952,269 (9s ago), fg ?
2026-06-23 22:05:56Z hc2 (D2R_2): frame CharacterScreen (1m13s ago) [degraded] | last key/SplashContinue/G/Space/Enter@683,384 (2m18s ago), fg ok
2026-06-23 22:05:56Z hc3 (D2R_3): frame CharacterScreen (17s ago) [degraded] | last key/SplashContinue/G/Space/Enter@683,384 (3m54s ago), fg ok
2026-06-23 22:06:02Z hc1 (D2R_1): frame CharacterScreen (5s ago) [degraded] | last click/Left@952,269 (15s ago), fg ?
2026-06-23 22:06:02Z hc2 (D2R_2): frame CharacterScreen (1m15s ago) [degraded] | last key/SplashContinue/G/Space/Enter@683,384 (2m20s ago), fg ok
2026-06-23 22:06:02Z hc3 (D2R_3): frame CharacterScreen (19s ago) [degraded] | last key/SplashContinue/G/Space/Enter@683,384 (3m56s ago), fg ok
2026-06-23 22:06:05Z hc1 (D2R_1): frame CharacterScreen (8s ago) [degraded] | last click/Left@952,269 (17s ago), fg ?
2026-06-23 22:06:05Z hc2 (D2R_2): frame CharacterScreen (1m21s ago) [degraded] | last key/SplashContinue/G/Space/Enter@683,384 (2m27s ago), fg ok
2026-06-23 22:06:05Z hc3 (D2R_3): frame CharacterScreen (25s ago) [degraded] | last key/SplashContinue/G/Space/Enter@683,384 (4m3s ago), fg ok
2026-06-23 22:06:07Z hc1 (D2R_1): frame CharacterScreen (10s ago) [degraded] | last click/Left@952,269 (19s ago), fg ?
2026-06-23 22:06:07Z hc2 (D2R_2): frame CharacterScreen (1m23s ago) [degraded] | last key/SplashContinue/G/Space/Enter@683,384 (2m29s ago), fg ok
2026-06-23 22:06:07Z hc3 (D2R_3): frame CharacterScreen (27s ago) [degraded] | last key/SplashContinue/G/Space/Enter@683,384 (4m5s ago), fg ok
2026-06-23 22:06:09Z hc1 (D2R_1): frame CharacterScreen (12s ago) [degraded] | last click/Left@952,269 (22s ago), fg ?
2026-06-23 22:06:09Z hc2 (D2R_2): frame CharacterScreen (1m26s ago) [degraded] | last key/SplashContinue/G/Space/Enter@683,384 (2m31s ago), fg ok
2026-06-23 22:06:09Z hc3 (D2R_3): frame CharacterScreen (30s ago) [degraded] | last key/SplashContinue/G/Space/Enter@683,384 (4m7s ago), fg ok
2026-06-23 22:06:11Z hc1 (D2R_1): frame CharacterScreen (14s ago) [degraded] | last click/Left@952,269 (24s ago), fg ?
2026-06-23 22:06:11Z hc2 (D2R_2): frame CharacterScreen (1m28s ago) [degraded] | last key/SplashContinue/G/Space/Enter@683,384 (2m33s ago), fg ok
2026-06-23 22:06:11Z hc3 (D2R_3): frame CharacterScreen (32s ago) [degraded] | last key/SplashContinue/G/Space/Enter@683,384 (4m9s ago), fg ok
2026-06-23 22:06:14Z hc1 (D2R_1): frame CharacterScreen (17s ago) [degraded] | last click/Left@952,269 (26s ago), fg ?
2026-06-23 22:06:14Z hc2 (D2R_2): frame CharacterScreen (1m30s ago) [degraded] | last key/SplashContinue/G/Space/Enter@683,384 (2m36s ago), fg ok
2026-06-23 22:06:14Z hc3 (D2R_3): frame CharacterScreen (34s ago) [degraded] | last key/SplashContinue/G/Space/Enter@683,384 (4m12s ago), fg ok
2026-06-23 22:06:20Z hc1 (D2R_1): frame CharacterScreen (19s ago) [degraded] | last click/Left@952,269 (28s ago), fg ?
2026-06-23 22:06:20Z hc2 (D2R_2): frame Unknown (5s ago) [degraded] | last key/SplashContinue/G/Space/Enter@683,384 (2m42s ago), fg ok
2026-06-23 22:06:20Z hc3 (D2R_3): frame CharacterScreen (36s ago) [degraded] | last key/SplashContinue/G/Space/Enter@683,384 (4m14s ago), fg ok
2026-06-23 22:06:22Z hc1 (D2R_1): frame CharacterScreen (25s ago) [degraded] | last click/Left@952,269 (35s ago), fg ?
2026-06-23 22:06:22Z hc2 (D2R_2): frame Unknown (7s ago) [degraded] | last key/SplashContinue/G/Space/Enter@683,384 (2m44s ago), fg ok
2026-06-23 22:06:22Z hc3 (D2R_3): frame CharacterScreen (43s ago) [degraded] | last key/SplashContinue/G/Space/Enter@683,384 (4m20s ago), fg ok
2026-06-23 22:06:24Z hc1 (D2R_1): frame CharacterScreen (27s ago) [degraded] | last click/Left@952,269 (37s ago), fg ?
2026-06-23 22:06:24Z hc2 (D2R_2): frame Unknown (10s ago) [degraded] | last key/SplashContinue/G/Space/Enter@683,384 (2m46s ago), fg ok
2026-06-23 22:06:24Z hc3 (D2R_3): frame CharacterScreen (45s ago) [degraded] | last key/SplashContinue/G/Space/Enter@683,384 (4m22s ago), fg ok
2026-06-23 22:06:26Z hc1 (D2R_1): frame CharacterScreen (29s ago) [degraded] | last click/Left@952,269 (39s ago), fg ?
2026-06-23 22:06:26Z hc2 (D2R_2): frame Unknown (12s ago) [degraded] | last key/SplashContinue/G/Space/Enter@683,384 (2m49s ago), fg ok
2026-06-23 22:06:26Z hc3 (D2R_3): frame CharacterScreen (47s ago) [degraded] | last key/SplashContinue/G/Space/Enter@683,384 (4m25s ago), fg ok
2026-06-23 22:06:29Z hc1 (D2R_1): frame CharacterScreen (32s ago) [degraded] | last click/Left@952,269 (41s ago), fg ?
2026-06-23 22:06:29Z hc2 (D2R_2): frame Unknown (14s ago) [degraded] | last key/SplashContinue/G/Space/Enter@683,384 (2m51s ago), fg ok
2026-06-23 22:06:29Z hc3 (D2R_3): frame CharacterScreen (49s ago) [degraded] | last key/SplashContinue/G/Space/Enter@683,384 (4m27s ago), fg ok
2026-06-23 22:06:31Z hc1 (D2R_1): frame CharacterScreen (34s ago) [degraded] | last click/Left@952,269 (44s ago), fg ?
2026-06-23 22:06:31Z hc2 (D2R_2): frame Unknown (16s ago) [degraded] | last key/SplashContinue/G/Space/Enter@683,384 (2m53s ago), fg ok
2026-06-23 22:06:31Z hc3 (D2R_3): frame CharacterScreen (51s ago) [degraded] | last key/SplashContinue/G/Space/Enter@683,384 (4m29s ago), fg ok
2026-06-23 22:06:33Z hc1 (D2R_1): frame CharacterScreen (36s ago) [degraded] | last click/Left@952,269 (46s ago), fg ?
2026-06-23 22:06:33Z hc2 (D2R_2): frame Unknown (18s ago) [degraded] | last key/SplashContinue/G/Space/Enter@683,384 (2m55s ago), fg ok
2026-06-23 22:06:33Z hc3 (D2R_3): frame CharacterScreen (54s ago) [degraded] | last key/SplashContinue/G/Space/Enter@683,384 (4m31s ago), fg ok
2026-06-23 22:06:35Z hc1 (D2R_1): frame CharacterScreen (38s ago) [degraded] | last click/Left@952,269 (48s ago), fg ?
2026-06-23 22:06:35Z hc2 (D2R_2): frame Unknown (21s ago) [degraded] | last key/SplashContinue/G/Space/Enter@683,384 (2m57s ago), fg ok
2026-06-23 22:06:35Z hc3 (D2R_3): frame CharacterScreen (56s ago) [degraded] | last key/SplashContinue/G/Space/Enter@683,384 (4m33s ago), fg ok
2026-06-23 22:06:38Z hc1 (D2R_1): frame CharacterScreen (41s ago) [degraded] | last click/Left@952,269 (50s ago), fg ?
2026-06-23 22:06:38Z hc2 (D2R_2): frame Unknown (23s ago) [degraded] | last key/SplashContinue/G/Space/Enter@683,384 (3m0s ago), fg ok
2026-06-23 22:06:38Z hc3 (D2R_3): frame CharacterScreen (58s ago) [degraded] | last key/SplashContinue/G/Space/Enter@683,384 (4m36s ago), fg ok
2026-06-23 22:06:44Z hc1 (D2R_1): frame CharacterScreen (43s ago) [degraded] | last click/Left@952,269 (53s ago), fg ?
2026-06-23 22:06:44Z hc2 (D2R_2): frame Unknown (25s ago) [degraded] | last key/SplashContinue/G/Space/Enter@683,384 (3m2s ago), fg ok
2026-06-23 22:06:44Z hc3 (D2R_3): frame CharacterScreen (4s ago) [degraded] | last key/SplashContinue/G/Space/Enter@683,384 (4m42s ago), fg ok
