2026-06-23 23:02:47Z hc1 (D2R_1): frame unknown [degraded] | last no input yet
2026-06-23 23:02:47Z hc2 (D2R_2): frame unknown [degraded] | last no input yet
2026-06-23 23:02:47Z hc3 (D2R_3): frame unknown [degraded] | last no input yet
2026-06-23 23:02:49Z hc1 (D2R_1): frame unknown [degraded] | last no input yet
2026-06-23 23:02:49Z hc2 (D2R_2): frame unknown [degraded] | last no input yet
2026-06-23 23:02:49Z hc3 (D2R_3): frame unknown [degraded] | last no input yet
2026-06-23 23:02:52Z hc1 (D2R_1): frame unknown [degraded] | last no input yet
2026-06-23 23:02:52Z hc2 (D2R_2): frame unknown [degraded] | last no input yet
2026-06-23 23:02:52Z hc3 (D2R_3): frame unknown [degraded] | last no input yet
2026-06-23 23:02:54Z hc1 (D2R_1): frame unknown [degraded] | last no input yet
2026-06-23 23:02:54Z hc2 (D2R_2): frame unknown [degraded] | last no input yet
2026-06-23 23:02:54Z hc3 (D2R_3): frame unknown [degraded] | last no input yet
2026-06-23 23:02:56Z hc1 (D2R_1): frame unknown [degraded] | last no input yet
2026-06-23 23:02:56Z hc2 (D2R_2): frame unknown [degraded] | last no input yet
2026-06-23 23:02:56Z hc3 (D2R_3): frame unknown [degraded] | last no input yet
2026-06-23 23:02:59Z hc1 (D2R_1): frame unknown [degraded] | last no input yet
2026-06-23 23:02:59Z hc2 (D2R_2): frame unknown [degraded] | last no input yet
2026-06-23 23:02:59Z hc3 (D2R_3): frame unknown [degraded] | last no input yet
2026-06-23 23:03:01Z hc1 (D2R_1): frame unknown [degraded] | last no input yet
2026-06-23 23:03:01Z hc2 (D2R_2): frame unknown [degraded] | last no input yet
2026-06-23 23:03:01Z hc3 (D2R_3): frame unknown [degraded] | last no input yet
2026-06-23 23:03:03Z hc1 (D2R_1): frame unknown [degraded] | last no input yet
2026-06-23 23:03:03Z hc2 (D2R_2): frame unknown [degraded] | last no input yet
2026-06-23 23:03:03Z hc3 (D2R_3): frame unknown [degraded] | last no input yet
2026-06-23 23:03:05Z hc1 (D2R_1): frame unknown [degraded] | last no input yet
2026-06-23 23:03:05Z hc2 (D2R_2): frame unknown [degraded] | last no input yet
2026-06-23 23:03:05Z hc3 (D2R_3): frame unknown [degraded] | last no input yet
2026-06-23 23:03:08Z hc1 (D2R_1): frame unknown [degraded] | last no input yet
2026-06-23 23:03:08Z hc2 (D2R_2): frame unknown [degraded] | last no input yet
2026-06-23 23:03:08Z hc3 (D2R_3): frame unknown [degraded] | last no input yet
2026-06-23 23:03:10Z hc1 (D2R_1): frame unknown [degraded] | last no input yet
2026-06-23 23:03:10Z hc2 (D2R_2): frame unknown [degraded] | last no input yet
2026-06-23 23:03:10Z hc3 (D2R_3): frame unknown [degraded] | last no input yet
2026-06-23 23:03:12Z hc1 (D2R_1): frame unknown [degraded] | last no input yet
2026-06-23 23:03:12Z hc2 (D2R_2): frame unknown [degraded] | last no input yet
2026-06-23 23:03:12Z hc3 (D2R_3): frame unknown [degraded] | last no input yet
2026-06-23 23:03:15Z hc1 (D2R_1): frame unknown [degraded] | last no input yet
2026-06-23 23:03:15Z hc2 (D2R_2): frame unknown [degraded] | last no input yet
2026-06-23 23:03:15Z hc3 (D2R_3): frame unknown [degraded] | last no input yet
2026-06-23 23:03:17Z hc1 (D2R_1): frame unknown [degraded] | last no input yet
2026-06-23 23:03:17Z hc2 (D2R_2): frame unknown [degraded] | last no input yet
2026-06-23 23:03:17Z hc3 (D2R_3): frame unknown [degraded] | last no input yet
2026-06-23 23:03:19Z hc1 (D2R_1): frame unknown [degraded] | last no input yet
2026-06-23 23:03:19Z hc2 (D2R_2): frame unknown [degraded] | last no input yet
2026-06-23 23:03:19Z hc3 (D2R_3): frame unknown [degraded] | last no input yet
2026-06-23 23:03:22Z hc1 (D2R_1): frame unknown [degraded] | last no input yet
2026-06-23 23:03:22Z hc2 (D2R_2): frame unknown [degraded] | last no input yet
2026-06-23 23:03:22Z hc3 (D2R_3): frame unknown [degraded] | last no input yet
2026-06-23 23:03:24Z hc1 (D2R_1): frame unknown [degraded] | last no input yet
2026-06-23 23:03:24Z hc2 (D2R_2): frame unknown [degraded] | last no input yet
2026-06-23 23:03:24Z hc3 (D2R_3): frame unknown [degraded] | last no input yet
2026-06-23 23:03:26Z hc1 (D2R_1): frame unknown [degraded] | last no input yet
2026-06-23 23:03:26Z hc2 (D2R_2): frame unknown [degraded] | last no input yet
2026-06-23 23:03:26Z hc3 (D2R_3): frame unknown [degraded] | last no input yet
2026-06-23 23:03:28Z hc1 (D2R_1): frame unknown [degraded] | last no input yet
2026-06-23 23:03:28Z hc2 (D2R_2): frame unknown [degraded] | last no input yet
2026-06-23 23:03:28Z hc3 (D2R_3): frame unknown [degraded] | last no input yet
2026-06-23 23:03:31Z hc1 (D2R_1): frame unknown [degraded] | last no input yet
2026-06-23 23:03:31Z hc2 (D2R_2): frame unknown [degraded] | last no input yet
2026-06-23 23:03:31Z hc3 (D2R_3): frame unknown [degraded] | last no input yet
2026-06-23 23:03:33Z hc1 (D2R_1): frame unknown [degraded] | last no input yet
2026-06-23 23:03:33Z hc2 (D2R_2): frame unknown [degraded] | last no input yet
2026-06-23 23:03:33Z hc3 (D2R_3): frame unknown [degraded] | last no input yet
2026-06-23 23:03:36Z hc1 (D2R_1): frame unknown [degraded] | last no input yet
2026-06-23 23:03:36Z hc2 (D2R_2): frame unknown [degraded] | last no input yet
2026-06-23 23:03:36Z hc3 (D2R_3): frame unknown [degraded] | last no input yet
2026-06-23 23:03:38Z hc1 (D2R_1): frame unknown [degraded] | last no input yet
2026-06-23 23:03:38Z hc2 (D2R_2): frame unknown [degraded] | last no input yet
2026-06-23 23:03:38Z hc3 (D2R_3): frame unknown [degraded] | last no input yet
2026-06-23 23:03:40Z hc1 (D2R_1): frame unknown [degraded] | last no input yet
2026-06-23 23:03:40Z hc2 (D2R_2): frame unknown [degraded] | last no input yet
2026-06-23 23:03:40Z hc3 (D2R_3): frame unknown [degraded] | last no input yet
2026-06-23 23:03:43Z hc1 (D2R_1): frame unknown [degraded] | last no input yet
2026-06-23 23:03:43Z hc2 (D2R_2): frame unknown [degraded] | last no input yet
2026-06-23 23:03:43Z hc3 (D2R_3): frame unknown [degraded] | last no input yet
2026-06-23 23:03:45Z hc1 (D2R_1): frame unknown [degraded] | last no input yet
2026-06-23 23:03:45Z hc2 (D2R_2): frame unknown [degraded] | last no input yet
2026-06-23 23:03:45Z hc3 (D2R_3): frame unknown [degraded] | last no input yet
2026-06-23 23:03:47Z hc1 (D2R_1): frame unknown [degraded] | last no input yet
2026-06-23 23:03:47Z hc2 (D2R_2): frame unknown [degraded] | last no input yet
2026-06-23 23:03:47Z hc3 (D2R_3): frame unknown [degraded] | last no input yet
2026-06-23 23:03:49Z hc1 (D2R_1): frame unknown [degraded] | last no input yet
2026-06-23 23:03:49Z hc2 (D2R_2): frame unknown [degraded] | last no input yet
2026-06-23 23:03:49Z hc3 (D2R_3): frame unknown [degraded] | last no input yet
2026-06-23 23:03:52Z hc1 (D2R_1): frame unknown [degraded] | last no input yet
2026-06-23 23:03:52Z hc2 (D2R_2): frame unknown [degraded] | last no input yet
2026-06-23 23:03:52Z hc3 (D2R_3): frame unknown [degraded] | last no input yet
2026-06-23 23:03:54Z hc1 (D2R_1): frame unknown [degraded] | last no input yet
2026-06-23 23:03:54Z hc2 (D2R_2): frame unknown [degraded] | last no input yet
2026-06-23 23:03:54Z hc3 (D2R_3): frame unknown [degraded] | last no input yet
2026-06-23 23:03:56Z hc1 (D2R_1): frame unknown [degraded] | last no input yet
2026-06-23 23:03:56Z hc2 (D2R_2): frame unknown [degraded] | last no input yet
2026-06-23 23:03:56Z hc3 (D2R_3): frame unknown [degraded] | last no input yet
2026-06-23 23:03:58Z hc1 (D2R_1): frame unknown [degraded] | last no input yet
2026-06-23 23:03:58Z hc2 (D2R_2): frame DiabloSplash (1s ago) [degraded] | last click/Left@683,384 (0s ago), fg ok
2026-06-23 23:03:58Z hc3 (D2R_3): frame unknown [degraded] | last no input yet
2026-06-23 23:04:01Z hc1 (D2R_1): frame unknown [degraded] | last no input yet
2026-06-23 23:04:01Z hc2 (D2R_2): frame DiabloSplash (3s ago) [degraded] | last key/SplashContinue/G/Space/Enter@683,384 (0s ago), fg ok
2026-06-23 23:04:01Z hc3 (D2R_3): frame unknown [degraded] | last no input yet
2026-06-23 23:04:03Z hc1 (D2R_1): frame unknown [degraded] | last no input yet
2026-06-23 23:04:03Z hc2 (D2R_2): frame DiabloSplash (5s ago) [degraded] | last key/SplashContinue/G/Space/Enter@683,384 (2s ago), fg ok
2026-06-23 23:04:03Z hc3 (D2R_3): frame unknown [degraded] | last no input yet
2026-06-23 23:04:05Z hc1 (D2R_1): frame unknown [degraded] | last no input yet
2026-06-23 23:04:05Z hc2 (D2R_2): frame DiabloSplash (8s ago) [degraded] | last key/SplashContinue/G/Space/Enter@683,384 (4s ago), fg ok
2026-06-23 23:04:05Z hc3 (D2R_3): frame unknown [degraded] | last no input yet
2026-06-23 23:04:08Z hc1 (D2R_1): frame unknown [degraded] | last no input yet
2026-06-23 23:04:08Z hc2 (D2R_2): frame DiabloSplash (10s ago) [degraded] | last key/SplashContinue/G/Space/Enter@683,384 (7s ago), fg ok
2026-06-23 23:04:08Z hc3 (D2R_3): frame unknown [degraded] | last no input yet
2026-06-23 23:04:10Z hc1 (D2R_1): frame unknown [degraded] | last no input yet
2026-06-23 23:04:10Z hc2 (D2R_2): frame DiabloSplash (12s ago) [degraded] | last key/SplashContinue/G/Space/Enter@683,384 (9s ago), fg ok
2026-06-23 23:04:10Z hc3 (D2R_3): frame unknown [degraded] | last no input yet
2026-06-23 23:04:12Z hc1 (D2R_1): frame Unknown (1s ago) [degraded] | last no input yet
2026-06-23 23:04:12Z hc2 (D2R_2): frame DiabloSplash (14s ago) [degraded] | last key/SplashContinue/G/Space/Enter@683,384 (11s ago), fg ok
2026-06-23 23:04:12Z hc3 (D2R_3): frame Unknown (1s ago) [degraded] | last no input yet
2026-06-23 23:04:14Z hc1 (D2R_1): frame Unknown (3s ago) [degraded] | last key/Escape/G/Space/Enter@683,384 (0s ago), fg ok
2026-06-23 23:04:14Z hc2 (D2R_2): frame DiabloSplash (17s ago) [degraded] | last key/SplashContinue/G/Space/Enter@683,384 (13s ago), fg ok
2026-06-23 23:04:14Z hc3 (D2R_3): frame Unknown (3s ago) [degraded] | last key/Escape/G/Space/Enter@683,384 (0s ago), fg ok
2026-06-23 23:04:17Z hc1 (D2R_1): frame Unknown (5s ago) [degraded] | last key/Escape/G/Space/Enter@683,384 (2s ago), fg ok
2026-06-23 23:04:17Z hc2 (D2R_2): frame DiabloSplash (19s ago) [degraded] | last key/SplashContinue/G/Space/Enter@683,384 (16s ago), fg ok
2026-06-23 23:04:17Z hc3 (D2R_3): frame Unknown (6s ago) [degraded] | last key/Escape/G/Space/Enter@683,384 (2s ago), fg ok
2026-06-23 23:04:19Z hc1 (D2R_1): frame Unknown (8s ago) [degraded] | last key/Escape/G/Space/Enter@683,384 (4s ago), fg ok
2026-06-23 23:04:19Z hc2 (D2R_2): frame DiabloSplash (21s ago) [degraded] | last key/SplashContinue/G/Space/Enter@683,384 (18s ago), fg ok
2026-06-23 23:04:19Z hc3 (D2R_3): frame Unknown (8s ago) [degraded] | last key/Escape/G/Space/Enter@683,384 (5s ago), fg ok
2026-06-23 23:04:21Z hc1 (D2R_1): frame Unknown (10s ago) [degraded] | last key/Escape/G/Space/Enter@683,384 (6s ago), fg ok
2026-06-23 23:04:21Z hc2 (D2R_2): frame DiabloSplash (23s ago) [degraded] | last key/SplashContinue/G/Space/Enter@683,384 (20s ago), fg ok
2026-06-23 23:04:21Z hc3 (D2R_3): frame Unknown (10s ago) [degraded] | last key/Escape/G/Space/Enter@683,384 (7s ago), fg ok
2026-06-23 23:04:23Z hc1 (D2R_1): frame Unknown (12s ago) [degraded] | last key/Escape/G/Space/Enter@683,384 (9s ago), fg ok
2026-06-23 23:04:23Z hc2 (D2R_2): frame DiabloSplash (26s ago) [degraded] | last key/SplashContinue/G/Space/Enter@683,384 (22s ago), fg ok
2026-06-23 23:04:23Z hc3 (D2R_3): frame Unknown (12s ago) [degraded] | last key/Escape/G/Space/Enter@683,384 (9s ago), fg ok
2026-06-23 23:04:26Z hc1 (D2R_1): frame Unknown (14s ago) [degraded] | last key/Escape/G/Space/Enter@683,384 (11s ago), fg ok
2026-06-23 23:04:26Z hc2 (D2R_2): frame DiabloSplash (28s ago) [degraded] | last key/SplashContinue/G/Space/Enter@683,384 (25s ago), fg ok
2026-06-23 23:04:26Z hc3 (D2R_3): frame Unknown (15s ago) [degraded] | last key/Escape/G/Space/Enter@683,384 (11s ago), fg ok
2026-06-23 23:04:28Z hc1 (D2R_1): frame Unknown (17s ago) [degraded] | last key/Escape/G/Space/Enter@683,384 (13s ago), fg ok
2026-06-23 23:04:28Z hc2 (D2R_2): frame DiabloSplash (30s ago) [degraded] | last key/SplashContinue/G/Space/Enter@683,384 (27s ago), fg ok
2026-06-23 23:04:28Z hc3 (D2R_3): frame Unknown (17s ago) [degraded] | last key/Escape/G/Space/Enter@683,384 (13s ago), fg ok
2026-06-23 23:04:30Z hc1 (D2R_1): frame Unknown (19s ago) [degraded] | last key/Escape/G/Space/Enter@683,384 (15s ago), fg ok
2026-06-23 23:04:30Z hc2 (D2R_2): frame DiabloSplash (33s ago) [degraded] | last key/SplashContinue/G/Space/Enter@683,384 (29s ago), fg ok
2026-06-23 23:04:30Z hc3 (D2R_3): frame Unknown (19s ago) [degraded] | last key/Escape/G/Space/Enter@683,384 (16s ago), fg ok
2026-06-23 23:04:33Z hc1 (D2R_1): frame Unknown (21s ago) [degraded] | last key/Escape/G/Space/Enter@683,384 (18s ago), fg ok
2026-06-23 23:04:33Z hc2 (D2R_2): frame DiabloSplash (35s ago) [degraded] | last key/SplashContinue/G/Space/Enter@683,384 (32s ago), fg ok
2026-06-23 23:04:33Z hc3 (D2R_3): frame Unknown (22s ago) [degraded] | last key/Escape/G/Space/Enter@683,384 (18s ago), fg ok
2026-06-23 23:04:35Z hc1 (D2R_1): frame Unknown (23s ago) [degraded] | last key/Escape/G/Space/Enter@683,384 (20s ago), fg ok
2026-06-23 23:04:35Z hc2 (D2R_2): frame DiabloSplash (37s ago) [degraded] | last key/SplashContinue/G/Space/Enter@683,384 (34s ago), fg ok
2026-06-23 23:04:35Z hc3 (D2R_3): frame Unknown (24s ago) [degraded] | last key/Escape/G/Space/Enter@683,384 (20s ago), fg ok
2026-06-23 23:04:37Z hc1 (D2R_1): frame Unknown (26s ago) [degraded] | last key/Escape/G/Space/Enter@683,384 (22s ago), fg ok
2026-06-23 23:04:37Z hc2 (D2R_2): frame DiabloSplash (39s ago) [degraded] | last key/SplashContinue/G/Space/Enter@683,384 (36s ago), fg ok
2026-06-23 23:04:37Z hc3 (D2R_3): frame Unknown (26s ago) [degraded] | last key/Escape/G/Space/Enter@683,384 (23s ago), fg ok
2026-06-23 23:04:39Z hc1 (D2R_1): frame Unknown (28s ago) [degraded] | last key/Escape/G/Space/Enter@683,384 (25s ago), fg ok
2026-06-23 23:04:39Z hc2 (D2R_2): frame DiabloSplash (42s ago) [degraded] | last key/SplashContinue/G/Space/Enter@683,384 (39s ago), fg ok
2026-06-23 23:04:39Z hc3 (D2R_3): frame Unknown (28s ago) [degraded] | last key/Escape/G/Space/Enter@683,384 (25s ago), fg ok
2026-06-23 23:04:42Z hc1 (D2R_1): frame Unknown (30s ago) [degraded] | last key/Escape/G/Space/Enter@683,384 (27s ago), fg ok
2026-06-23 23:04:42Z hc2 (D2R_2): frame DiabloSplash (44s ago) [degraded] | last key/SplashContinue/G/Space/Enter@683,384 (41s ago), fg ok
2026-06-23 23:04:42Z hc3 (D2R_3): frame Unknown (31s ago) [degraded] | last key/Escape/G/Space/Enter@683,384 (27s ago), fg ok
2026-06-23 23:04:44Z hc1 (D2R_1): frame Unknown (33s ago) [degraded] | last key/Escape/G/Space/Enter@683,384 (29s ago), fg ok
2026-06-23 23:04:44Z hc2 (D2R_2): frame DiabloSplash (47s ago) [degraded] | last key/SplashContinue/G/Space/Enter@683,384 (43s ago), fg ok
2026-06-23 23:04:44Z hc3 (D2R_3): frame Unknown (33s ago) [degraded] | last key/Escape/G/Space/Enter@683,384 (30s ago), fg ok
2026-06-23 23:04:46Z hc1 (D2R_1): frame Unknown (35s ago) [degraded] | last key/Escape/G/Space/Enter@683,384 (32s ago), fg ok
2026-06-23 23:04:46Z hc2 (D2R_2): frame DiabloSplash (49s ago) [degraded] | last key/SplashContinue/G/Space/Enter@683,384 (45s ago), fg ok
2026-06-23 23:04:46Z hc3 (D2R_3): frame Unknown (35s ago) [degraded] | last key/Escape/G/Space/Enter@683,384 (32s ago), fg ok
2026-06-23 23:04:49Z hc1 (D2R_1): frame Unknown (37s ago) [degraded] | last key/Escape/G/Space/Enter@683,384 (34s ago), fg ok
2026-06-23 23:04:49Z hc2 (D2R_2): frame DiabloSplash (51s ago) [degraded] | last key/SplashContinue/G/Space/Enter@683,384 (48s ago), fg ok
2026-06-23 23:04:49Z hc3 (D2R_3): frame Unknown (38s ago) [degraded] | last key/Escape/G/Space/Enter@683,384 (34s ago), fg ok
2026-06-23 23:04:51Z hc1 (D2R_1): frame Unknown (40s ago) [degraded] | last key/Escape/G/Space/Enter@683,384 (36s ago), fg ok
2026-06-23 23:04:51Z hc2 (D2R_2): frame DiabloSplash (53s ago) [degraded] | last key/SplashContinue/G/Space/Enter@683,384 (50s ago), fg ok
2026-06-23 23:04:51Z hc3 (D2R_3): frame Unknown (40s ago) [degraded] | last key/Escape/G/Space/Enter@683,384 (37s ago), fg ok
2026-06-23 23:04:53Z hc1 (D2R_1): frame Unknown (42s ago) [degraded] | last key/Escape/G/Space/Enter@683,384 (38s ago), fg ok
2026-06-23 23:04:53Z hc2 (D2R_2): frame DiabloSplash (55s ago) [degraded] | last key/SplashContinue/G/Space/Enter@683,384 (52s ago), fg ok
2026-06-23 23:04:53Z hc3 (D2R_3): frame Unknown (42s ago) [degraded] | last key/Escape/G/Space/Enter@683,384 (39s ago), fg ok
2026-06-23 23:04:55Z hc1 (D2R_1): frame Unknown (44s ago) [degraded] | last key/Escape/G/Space/Enter@683,384 (41s ago), fg ok
2026-06-23 23:04:55Z hc2 (D2R_2): frame DiabloSplash (58s ago) [degraded] | last key/SplashContinue/G/Space/Enter@683,384 (55s ago), fg ok
2026-06-23 23:04:55Z hc3 (D2R_3): frame Unknown (45s ago) [degraded] | last key/Escape/G/Space/Enter@683,384 (41s ago), fg ok
2026-06-23 23:04:58Z hc1 (D2R_1): frame Unknown (46s ago) [degraded] | last key/Escape/G/Space/Enter@683,384 (43s ago), fg ok
2026-06-23 23:04:58Z hc2 (D2R_2): frame DiabloSplash (1m0s ago) [degraded] | last key/SplashContinue/G/Space/Enter@683,384 (57s ago), fg ok
2026-06-23 23:04:58Z hc3 (D2R_3): frame Unknown (47s ago) [degraded] | last key/Escape/G/Space/Enter@683,384 (43s ago), fg ok
2026-06-23 23:05:00Z hc1 (D2R_1): frame Unknown (49s ago) [degraded] | last key/Escape/G/Space/Enter@683,384 (45s ago), fg ok
2026-06-23 23:05:00Z hc2 (D2R_2): frame DiabloSplash (1m2s ago) [degraded] | last key/SplashContinue/G/Space/Enter@683,384 (59s ago), fg ok
2026-06-23 23:05:00Z hc3 (D2R_3): frame Unknown (49s ago) [degraded] | last key/Escape/G/Space/Enter@683,384 (46s ago), fg ok
2026-06-23 23:05:02Z hc1 (D2R_1): frame CharacterScreen (0s ago) [degraded] | last key/Escape/G/Space/Enter@683,384 (48s ago), fg ok
2026-06-23 23:05:02Z hc2 (D2R_2): frame DiabloSplash (1m5s ago) [degraded] | last key/SplashContinue/G/Space/Enter@683,384 (1m1s ago), fg ok
2026-06-23 23:05:02Z hc3 (D2R_3): frame Unknown (51s ago) [degraded] | last key/Escape/G/Space/Enter@683,384 (48s ago), fg ok
2026-06-23 23:05:04Z hc1 (D2R_1): frame CharacterScreen (2s ago) [degraded] | last key/Escape/G/Space/Enter@683,384 (50s ago), fg ok
2026-06-23 23:05:04Z hc2 (D2R_2): frame DiabloSplash (1m7s ago) [degraded] | last key/SplashContinue/G/Space/Enter@683,384 (1m3s ago), fg ok
2026-06-23 23:05:04Z hc3 (D2R_3): frame Unknown (53s ago) [degraded] | last key/Escape/G/Space/Enter@683,384 (50s ago), fg ok
2026-06-23 23:05:07Z hc1 (D2R_1): frame CharacterScreen (5s ago) [degraded] | last key/Escape/G/Space/Enter@683,384 (52s ago), fg ok
2026-06-23 23:05:07Z hc2 (D2R_2): frame CharacterScreen (1s ago) [degraded] | last key/SplashContinue/G/Space/Enter@683,384 (1m6s ago), fg ok
2026-06-23 23:05:07Z hc3 (D2R_3): frame Unknown (56s ago) [degraded] | last key/Escape/G/Space/Enter@683,384 (52s ago), fg ok
2026-06-23 23:05:09Z hc1 (D2R_1): frame CharacterScreen (7s ago) [degraded] | last key/Escape/G/Space/Enter@683,384 (54s ago), fg ok
2026-06-23 23:05:09Z hc2 (D2R_2): frame CharacterScreen (3s ago) [degraded] | last key/SplashContinue/G/Space/Enter@683,384 (1m8s ago), fg ok
2026-06-23 23:05:09Z hc3 (D2R_3): frame Unknown (58s ago) [degraded] | last key/Escape/G/Space/Enter@683,384 (54s ago), fg ok
2026-06-23 23:05:11Z hc1 (D2R_1): frame CharacterScreen (9s ago) [degraded] | last key/Escape/G/Space/Enter@683,384 (56s ago), fg ok
2026-06-23 23:05:11Z hc2 (D2R_2): frame CharacterScreen (5s ago) [degraded] | last key/SplashContinue/G/Space/Enter@683,384 (1m10s ago), fg ok
2026-06-23 23:05:11Z hc3 (D2R_3): frame Unknown (1m0s ago) [degraded] | last key/Escape/G/Space/Enter@683,384 (57s ago), fg ok
2026-06-23 23:05:13Z hc1 (D2R_1): frame CharacterScreen (11s ago) [degraded] | last key/Escape/G/Space/Enter@683,384 (59s ago), fg ok
2026-06-23 23:05:13Z hc2 (D2R_2): frame CharacterScreen (7s ago) [degraded] | last key/SplashContinue/G/Space/Enter@683,384 (1m12s ago), fg ok
2026-06-23 23:05:13Z hc3 (D2R_3): frame Unknown (1m2s ago) [degraded] | last key/Escape/G/Space/Enter@683,384 (59s ago), fg ok
2026-06-23 23:05:16Z hc1 (D2R_1): frame CharacterScreen (14s ago) [degraded] | last key/Escape/G/Space/Enter@683,384 (1m1s ago), fg ok
2026-06-23 23:05:16Z hc2 (D2R_2): frame CharacterScreen (10s ago) [degraded] | last key/SplashContinue/G/Space/Enter@683,384 (1m15s ago), fg ok
2026-06-23 23:05:16Z hc3 (D2R_3): frame Unknown (1m5s ago) [degraded] | last key/Escape/G/Space/Enter@683,384 (1m1s ago), fg ok
2026-06-23 23:05:18Z hc1 (D2R_1): frame CharacterScreen (16s ago) [degraded] | last key/Escape/G/Space/Enter@683,384 (1m3s ago), fg ok
2026-06-23 23:05:18Z hc2 (D2R_2): frame CharacterScreen (12s ago) [degraded] | last key/SplashContinue/G/Space/Enter@683,384 (1m17s ago), fg ok
2026-06-23 23:05:18Z hc3 (D2R_3): frame Unknown (1m7s ago) [degraded] | last key/Escape/G/Space/Enter@683,384 (1m3s ago), fg ok
2026-06-23 23:05:20Z hc1 (D2R_1): frame CharacterScreen (18s ago) [degraded] | last key/Escape/G/Space/Enter@683,384 (1m5s ago), fg ok
2026-06-23 23:05:20Z hc2 (D2R_2): frame CharacterScreen (14s ago) [degraded] | last key/SplashContinue/G/Space/Enter@683,384 (1m19s ago), fg ok
2026-06-23 23:05:20Z hc3 (D2R_3): frame Unknown (1m9s ago) [degraded] | last key/Escape/G/Space/Enter@683,384 (1m6s ago), fg ok
2026-06-23 23:05:22Z hc1 (D2R_1): frame NotRunning (0s ago) [degraded] | last key/Escape/G/Space/Enter@683,384 (1m8s ago), fg ok
2026-06-23 23:05:22Z hc2 (D2R_2): frame CharacterScreen (16s ago) [degraded] | last key/SplashContinue/G/Space/Enter@683,384 (1m21s ago), fg ok
2026-06-23 23:05:22Z hc3 (D2R_3): frame CharacterScreen (1s ago) [degraded] | last key/Escape/G/Space/Enter@683,384 (1m8s ago), fg ok
2026-06-23 23:05:28Z hc1 (D2R_1): frame NotRunning (5s ago) [degraded] | last click/Left@799,689 (0s ago), fg ok
2026-06-23 23:05:28Z hc2 (D2R_2): frame CharacterScreen (19s ago) [degraded] | last key/SplashContinue/G/Space/Enter@683,384 (1m24s ago), fg ok
2026-06-23 23:05:28Z hc3 (D2R_3): frame CharacterScreen (4s ago) [degraded] | last key/Escape/G/Space/Enter@683,384 (1m10s ago), fg ok
2026-06-23 23:05:31Z hc1 (D2R_1): frame NotRunning (8s ago) [degraded] | last click/Left@799,689 (2s ago), fg ok
2026-06-23 23:05:31Z hc2 (D2R_2): frame CharacterScreen (25s ago) [degraded] | last key/SplashContinue/G/Space/Enter@683,384 (1m30s ago), fg ok
2026-06-23 23:05:31Z hc3 (D2R_3): frame CharacterScreen (10s ago) [degraded] | last key/Escape/G/Space/Enter@683,384 (1m16s ago), fg ok
2026-06-23 23:05:33Z hc1 (D2R_1): frame NotRunning (10s ago) [degraded] | last click/Left@799,689 (5s ago), fg ok
2026-06-23 23:05:33Z hc2 (D2R_2): frame CharacterScreen (27s ago) [degraded] | last key/SplashContinue/G/Space/Enter@683,384 (1m32s ago), fg ok
2026-06-23 23:05:33Z hc3 (D2R_3): frame CharacterScreen (12s ago) [degraded] | last key/Escape/G/Space/Enter@683,384 (1m19s ago), fg ok
2026-06-23 23:05:35Z hc1 (D2R_1): frame NotRunning (12s ago) [degraded] | last click/Left@799,689 (7s ago), fg ok
2026-06-23 23:05:35Z hc2 (D2R_2): frame CharacterScreen (29s ago) [degraded] | last key/SplashContinue/G/Space/Enter@683,384 (1m34s ago), fg ok
2026-06-23 23:05:35Z hc3 (D2R_3): frame CharacterScreen (14s ago) [degraded] | last key/Escape/G/Space/Enter@683,384 (1m21s ago), fg ok
2026-06-23 23:05:37Z hc1 (D2R_1): frame NotRunning (14s ago) [degraded] | last click/Left@799,689 (9s ago), fg ok
2026-06-23 23:05:37Z hc2 (D2R_2): frame CharacterScreen (31s ago) [degraded] | last key/SplashContinue/G/Space/Enter@683,384 (1m36s ago), fg ok
2026-06-23 23:05:37Z hc3 (D2R_3): frame CharacterScreen (16s ago) [degraded] | last key/Escape/G/Space/Enter@683,384 (1m23s ago), fg ok
2026-06-23 23:05:44Z hc1 (D2R_1): frame NotRunning (17s ago) [degraded] | last click/Left@799,689 (11s ago), fg ok
2026-06-23 23:05:44Z hc2 (D2R_2): frame NotRunning (5s ago) [degraded] | last key/SplashContinue/G/Space/Enter@683,384 (1m43s ago), fg ok
2026-06-23 23:05:44Z hc3 (D2R_3): frame CharacterScreen (19s ago) [degraded] | last key/Escape/G/Space/Enter@683,384 (1m25s ago), fg ok
2026-06-23 23:05:46Z hc1 (D2R_1): frame NotRunning (23s ago) [degraded] | last click/Left@799,689 (18s ago), fg ok
2026-06-23 23:05:46Z hc2 (D2R_2): frame NotRunning (7s ago) [degraded] | last key/SplashContinue/G/Space/Enter@683,384 (1m45s ago), fg ok
2026-06-23 23:05:46Z hc3 (D2R_3): frame NotRunning (4s ago) [degraded] | last key/Escape/G/Space/Enter@683,384 (1m32s ago), fg ok
2026-06-23 23:05:48Z hc1 (D2R_1): frame NotRunning (25s ago) [degraded] | last click/Left@799,689 (20s ago), fg ok
2026-06-23 23:05:48Z hc2 (D2R_2): frame NotRunning (10s ago) [degraded] | last key/SplashContinue/G/Space/Enter@683,384 (1m47s ago), fg ok
2026-06-23 23:05:48Z hc3 (D2R_3): frame NotRunning (6s ago) [degraded] | last key/Escape/G/Space/Enter@683,384 (1m34s ago), fg ok
2026-06-23 23:05:50Z hc1 (D2R_1): frame NotRunning (27s ago) [degraded] | last click/Left@799,689 (22s ago), fg ok
2026-06-23 23:05:50Z hc2 (D2R_2): frame NotRunning (12s ago) [degraded] | last key/SplashContinue/G/Space/Enter@683,384 (1m49s ago), fg ok
2026-06-23 23:05:50Z hc3 (D2R_3): frame NotRunning (9s ago) [degraded] | last key/Escape/G/Space/Enter@683,384 (1m36s ago), fg ok
2026-06-23 23:05:53Z hc1 (D2R_1): frame NotRunning (30s ago) [degraded] | last click/Left@799,689 (24s ago), fg ok
2026-06-23 23:05:53Z hc2 (D2R_2): frame NotRunning (14s ago) [degraded] | last key/SplashContinue/G/Space/Enter@683,384 (1m52s ago), fg ok
2026-06-23 23:05:53Z hc3 (D2R_3): frame NotRunning (11s ago) [degraded] | last key/Escape/G/Space/Enter@683,384 (1m38s ago), fg ok
2026-06-23 23:05:55Z hc1 (D2R_1): frame NotRunning (32s ago) [degraded] | last click/Left@799,689 (27s ago), fg ok
2026-06-23 23:05:55Z hc2 (D2R_2): frame NotRunning (16s ago) [degraded] | last key/SplashContinue/G/Space/Enter@683,384 (1m54s ago), fg ok
2026-06-23 23:05:55Z hc3 (D2R_3): frame NotRunning (13s ago) [degraded] | last key/Escape/G/Space/Enter@683,384 (1m40s ago), fg ok
2026-06-23 23:05:57Z hc1 (D2R_1): frame NotRunning (34s ago) [degraded] | last click/Left@799,689 (29s ago), fg ok
2026-06-23 23:05:57Z hc2 (D2R_2): frame NotRunning (19s ago) [degraded] | last key/SplashContinue/G/Space/Enter@683,384 (1m56s ago), fg ok
2026-06-23 23:05:57Z hc3 (D2R_3): frame NotRunning (15s ago) [degraded] | last key/Escape/G/Space/Enter@683,384 (1m43s ago), fg ok
2026-06-23 23:05:59Z hc1 (D2R_1): frame NotRunning (36s ago) [degraded] | last click/Left@799,689 (31s ago), fg ok
2026-06-23 23:05:59Z hc2 (D2R_2): frame NotRunning (21s ago) [degraded] | last key/SplashContinue/G/Space/Enter@683,384 (1m58s ago), fg ok
2026-06-23 23:05:59Z hc3 (D2R_3): frame NotRunning (18s ago) [degraded] | last key/Escape/G/Space/Enter@683,384 (1m45s ago), fg ok
2026-06-23 23:06:02Z hc1 (D2R_1): frame NotRunning (38s ago) [degraded] | last click/Left@799,689 (33s ago), fg ok
2026-06-23 23:06:02Z hc2 (D2R_2): frame NotRunning (23s ago) [degraded] | last key/SplashContinue/G/Space/Enter@683,384 (2m1s ago), fg ok
2026-06-23 23:06:02Z hc3 (D2R_3): frame NotRunning (20s ago) [degraded] | last key/Escape/G/Space/Enter@683,384 (1m47s ago), fg ok
2026-06-23 23:06:04Z hc1 (D2R_1): frame NotRunning (41s ago) [degraded] | last click/Left@799,689 (36s ago), fg ok
2026-06-23 23:06:04Z hc2 (D2R_2): frame NotRunning (25s ago) [degraded] | last key/SplashContinue/G/Space/Enter@683,384 (2m3s ago), fg ok
2026-06-23 23:06:04Z hc3 (D2R_3): frame NotRunning (22s ago) [degraded] | last key/Escape/G/Space/Enter@683,384 (1m49s ago), fg ok
2026-06-23 23:06:06Z hc1 (D2R_1): frame NotRunning (43s ago) [degraded] | last click/Left@799,689 (38s ago), fg ok
2026-06-23 23:06:06Z hc2 (D2R_2): frame NotRunning (28s ago) [degraded] | last key/SplashContinue/G/Space/Enter@683,384 (2m5s ago), fg ok
2026-06-23 23:06:06Z hc3 (D2R_3): frame NotRunning (24s ago) [degraded] | last key/Escape/G/Space/Enter@683,384 (1m52s ago), fg ok
2026-06-23 23:06:08Z hc1 (D2R_1): frame NotRunning (45s ago) [degraded] | last click/Left@799,689 (40s ago), fg ok
2026-06-23 23:06:08Z hc2 (D2R_2): frame NotRunning (30s ago) [degraded] | last key/SplashContinue/G/Space/Enter@683,384 (2m7s ago), fg ok
2026-06-23 23:06:08Z hc3 (D2R_3): frame NotRunning (27s ago) [degraded] | last key/Escape/G/Space/Enter@683,384 (1m54s ago), fg ok
2026-06-23 23:06:10Z hc1 (D2R_1): frame NotRunning (47s ago) [degraded] | last click/Left@799,689 (42s ago), fg ok
2026-06-23 23:06:10Z hc2 (D2R_2): frame NotRunning (32s ago) [degraded] | last key/SplashContinue/G/Space/Enter@683,384 (2m9s ago), fg ok
2026-06-23 23:06:10Z hc3 (D2R_3): frame NotRunning (29s ago) [degraded] | last key/Escape/G/Space/Enter@683,384 (1m56s ago), fg ok
2026-06-23 23:06:13Z hc1 (D2R_1): frame NotRunning (50s ago) [degraded] | last click/Left@799,689 (44s ago), fg ok
2026-06-23 23:06:13Z hc2 (D2R_2): frame NotRunning (34s ago) [degraded] | last key/SplashContinue/G/Space/Enter@683,384 (2m12s ago), fg ok
2026-06-23 23:06:13Z hc3 (D2R_3): frame NotRunning (31s ago) [degraded] | last key/Escape/G/Space/Enter@683,384 (1m58s ago), fg ok
2026-06-23 23:06:15Z hc1 (D2R_1): frame NotRunning (52s ago) [degraded] | last click/Left@799,689 (47s ago), fg ok
2026-06-23 23:06:15Z hc2 (D2R_2): frame NotRunning (37s ago) [degraded] | last key/SplashContinue/G/Space/Enter@683,384 (2m14s ago), fg ok
2026-06-23 23:06:15Z hc3 (D2R_3): frame NotRunning (33s ago) [degraded] | last key/Escape/G/Space/Enter@683,384 (2m1s ago), fg ok
2026-06-23 23:06:17Z hc1 (D2R_1): frame NotRunning (54s ago) [degraded] | last click/Left@799,689 (49s ago), fg ok
2026-06-23 23:06:17Z hc2 (D2R_2): frame NotRunning (39s ago) [degraded] | last key/SplashContinue/G/Space/Enter@683,384 (2m16s ago), fg ok
2026-06-23 23:06:17Z hc3 (D2R_3): frame NotRunning (35s ago) [degraded] | last key/Escape/G/Space/Enter@683,384 (2m3s ago), fg ok
2026-06-23 23:06:19Z hc1 (D2R_1): frame NotRunning (56s ago) [degraded] | last click/Left@799,689 (51s ago), fg ok
2026-06-23 23:06:19Z hc2 (D2R_2): frame NotRunning (41s ago) [degraded] | last key/SplashContinue/G/Space/Enter@683,384 (2m18s ago), fg ok
2026-06-23 23:06:19Z hc3 (D2R_3): frame NotRunning (38s ago) [degraded] | last key/Escape/G/Space/Enter@683,384 (2m5s ago), fg ok
2026-06-23 23:06:22Z hc1 (D2R_1): frame NotRunning (59s ago) [degraded] | last click/Left@799,689 (53s ago), fg ok
2026-06-23 23:06:22Z hc2 (D2R_2): frame NotRunning (43s ago) [degraded] | last key/SplashContinue/G/Space/Enter@683,384 (2m21s ago), fg ok
2026-06-23 23:06:22Z hc3 (D2R_3): frame NotRunning (40s ago) [degraded] | last key/Escape/G/Space/Enter@683,384 (2m7s ago), fg ok
2026-06-23 23:06:24Z hc1 (D2R_1): frame NotRunning (1m1s ago) [degraded] | last click/Left@799,689 (56s ago), fg ok
2026-06-23 23:06:24Z hc2 (D2R_2): frame NotRunning (46s ago) [degraded] | last key/SplashContinue/G/Space/Enter@683,384 (2m23s ago), fg ok
2026-06-23 23:06:24Z hc3 (D2R_3): frame NotRunning (42s ago) [degraded] | last key/Escape/G/Space/Enter@683,384 (2m10s ago), fg ok
2026-06-23 23:06:26Z hc1 (D2R_1): frame NotRunning (1m3s ago) [degraded] | last click/Left@799,689 (58s ago), fg ok
2026-06-23 23:06:26Z hc2 (D2R_2): frame NotRunning (48s ago) [degraded] | last key/SplashContinue/G/Space/Enter@683,384 (2m25s ago), fg ok
2026-06-23 23:06:26Z hc3 (D2R_3): frame NotRunning (45s ago) [degraded] | last key/Escape/G/Space/Enter@683,384 (2m12s ago), fg ok
2026-06-23 23:06:28Z hc1 (D2R_1): frame NotRunning (1m5s ago) [degraded] | last click/Left@799,689 (1m0s ago), fg ok
2026-06-23 23:06:28Z hc2 (D2R_2): frame NotRunning (50s ago) [degraded] | last key/SplashContinue/G/Space/Enter@683,384 (2m27s ago), fg ok
2026-06-23 23:06:28Z hc3 (D2R_3): frame NotRunning (47s ago) [degraded] | last key/Escape/G/Space/Enter@683,384 (2m14s ago), fg ok
2026-06-23 23:06:31Z hc1 (D2R_1): frame NotRunning (1m8s ago) [degraded] | last click/Left@799,689 (1m2s ago), fg ok
2026-06-23 23:06:31Z hc2 (D2R_2): frame NotRunning (52s ago) [degraded] | last key/SplashContinue/G/Space/Enter@683,384 (2m30s ago), fg ok
2026-06-23 23:06:31Z hc3 (D2R_3): frame NotRunning (49s ago) [degraded] | last key/Escape/G/Space/Enter@683,384 (2m16s ago), fg ok
2026-06-23 23:06:33Z hc1 (D2R_1): frame NotRunning (1m10s ago) [degraded] | last click/Left@799,689 (1m5s ago), fg ok
2026-06-23 23:06:33Z hc2 (D2R_2): frame NotRunning (55s ago) [degraded] | last key/SplashContinue/G/Space/Enter@683,384 (2m32s ago), fg ok
2026-06-23 23:06:33Z hc3 (D2R_3): frame NotRunning (51s ago) [degraded] | last key/Escape/G/Space/Enter@683,384 (2m19s ago), fg ok
2026-06-23 23:06:35Z hc1 (D2R_1): frame NotRunning (1m12s ago) [degraded] | last click/Left@799,689 (1m7s ago), fg ok
2026-06-23 23:06:35Z hc2 (D2R_2): frame NotRunning (57s ago) [degraded] | last key/SplashContinue/G/Space/Enter@683,384 (2m34s ago), fg ok
2026-06-23 23:06:35Z hc3 (D2R_3): frame NotRunning (54s ago) [degraded] | last key/Escape/G/Space/Enter@683,384 (2m21s ago), fg ok
2026-06-23 23:06:37Z hc1 (D2R_1): frame NotRunning (1m14s ago) [degraded] | last click/Left@799,689 (1m9s ago), fg ok
2026-06-23 23:06:37Z hc2 (D2R_2): frame NotRunning (59s ago) [degraded] | last key/SplashContinue/G/Space/Enter@683,384 (2m36s ago), fg ok
2026-06-23 23:06:37Z hc3 (D2R_3): frame NotRunning (56s ago) [degraded] | last key/Escape/G/Space/Enter@683,384 (2m23s ago), fg ok
2026-06-23 23:06:40Z hc1 (D2R_1): frame NotRunning (1m17s ago) [degraded] | last click/Left@799,689 (1m11s ago), fg ok
2026-06-23 23:06:40Z hc2 (D2R_2): frame NotRunning (1m1s ago) [degraded] | last key/SplashContinue/G/Space/Enter@683,384 (2m39s ago), fg ok
2026-06-23 23:06:40Z hc3 (D2R_3): frame NotRunning (58s ago) [degraded] | last key/Escape/G/Space/Enter@683,384 (2m25s ago), fg ok
2026-06-23 23:06:42Z hc1 (D2R_1): frame NotRunning (1m19s ago) [degraded] | last click/Left@799,689 (1m14s ago), fg ok
2026-06-23 23:06:42Z hc2 (D2R_2): frame NotRunning (1m3s ago) [degraded] | last key/SplashContinue/G/Space/Enter@683,384 (2m41s ago), fg ok
2026-06-23 23:06:42Z hc3 (D2R_3): frame NotRunning (1m0s ago) [degraded] | last key/Escape/G/Space/Enter@683,384 (2m27s ago), fg ok
2026-06-23 23:06:44Z hc1 (D2R_1): frame NotRunning (1m21s ago) [degraded] | last click/Left@799,689 (1m16s ago), fg ok
2026-06-23 23:06:44Z hc2 (D2R_2): frame NotRunning (1m6s ago) [degraded] | last key/SplashContinue/G/Space/Enter@683,384 (2m43s ago), fg ok
2026-06-23 23:06:44Z hc3 (D2R_3): frame NotRunning (1m3s ago) [degraded] | last key/Escape/G/Space/Enter@683,384 (2m30s ago), fg ok
2026-06-23 23:06:46Z hc1 (D2R_1): frame NotRunning (1m23s ago) [degraded] | last click/Left@799,689 (1m18s ago), fg ok
2026-06-23 23:06:46Z hc2 (D2R_2): frame NotRunning (1m8s ago) [degraded] | last key/SplashContinue/G/Space/Enter@683,384 (2m46s ago), fg ok
2026-06-23 23:06:46Z hc3 (D2R_3): frame NotRunning (1m5s ago) [degraded] | last key/Escape/G/Space/Enter@683,384 (2m32s ago), fg ok
2026-06-23 23:06:49Z hc1 (D2R_1): frame NotRunning (1m26s ago) [degraded] | last click/Left@799,689 (1m20s ago), fg ok
2026-06-23 23:06:49Z hc2 (D2R_2): frame NotRunning (1m10s ago) [degraded] | last key/SplashContinue/G/Space/Enter@683,384 (2m48s ago), fg ok
2026-06-23 23:06:49Z hc3 (D2R_3): frame NotRunning (1m7s ago) [degraded] | last key/Escape/G/Space/Enter@683,384 (2m34s ago), fg ok
2026-06-23 23:06:51Z hc1 (D2R_1): frame NotRunning (1m28s ago) [degraded] | last click/Left@799,689 (1m23s ago), fg ok
2026-06-23 23:06:51Z hc2 (D2R_2): frame NotRunning (1m13s ago) [degraded] | last key/SplashContinue/G/Space/Enter@683,384 (2m50s ago), fg ok
2026-06-23 23:06:51Z hc3 (D2R_3): frame NotRunning (1m9s ago) [degraded] | last key/Escape/G/Space/Enter@683,384 (2m37s ago), fg ok
2026-06-23 23:06:53Z hc1 (D2R_1): frame NotRunning (1m30s ago) [degraded] | last click/Left@799,689 (1m25s ago), fg ok
2026-06-23 23:06:53Z hc2 (D2R_2): frame NotRunning (1m15s ago) [degraded] | last key/SplashContinue/G/Space/Enter@683,384 (2m52s ago), fg ok
2026-06-23 23:06:53Z hc3 (D2R_3): frame NotRunning (1m12s ago) [degraded] | last key/Escape/G/Space/Enter@683,384 (2m39s ago), fg ok
2026-06-23 23:06:56Z hc1 (D2R_1): frame NotRunning (1m33s ago) [degraded] | last click/Left@799,689 (1m27s ago), fg ok
2026-06-23 23:06:56Z hc2 (D2R_2): frame NotRunning (1m17s ago) [degraded] | last key/SplashContinue/G/Space/Enter@683,384 (2m55s ago), fg ok
2026-06-23 23:06:56Z hc3 (D2R_3): frame NotRunning (1m14s ago) [degraded] | last key/Escape/G/Space/Enter@683,384 (2m41s ago), fg ok
2026-06-23 23:06:58Z hc1 (D2R_1): frame NotRunning (1m35s ago) [degraded] | last click/Left@799,689 (1m30s ago), fg ok
2026-06-23 23:06:58Z hc2 (D2R_2): frame NotRunning (1m19s ago) [degraded] | last key/SplashContinue/G/Space/Enter@683,384 (2m57s ago), fg ok
2026-06-23 23:06:58Z hc3 (D2R_3): frame NotRunning (1m16s ago) [degraded] | last key/Escape/G/Space/Enter@683,384 (2m43s ago), fg ok
2026-06-23 23:07:00Z hc1 (D2R_1): frame NotRunning (1m37s ago) [degraded] | last click/Left@799,689 (1m32s ago), fg ok
2026-06-23 23:07:00Z hc2 (D2R_2): frame NotRunning (1m22s ago) [degraded] | last key/SplashContinue/G/Space/Enter@683,384 (2m59s ago), fg ok
2026-06-23 23:07:00Z hc3 (D2R_3): frame NotRunning (1m18s ago) [degraded] | last key/Escape/G/Space/Enter@683,384 (2m46s ago), fg ok
2026-06-23 23:07:02Z hc1 (D2R_1): frame NotRunning (1m39s ago) [degraded] | last click/Left@799,689 (1m34s ago), fg ok
2026-06-23 23:07:02Z hc2 (D2R_2): frame NotRunning (1m24s ago) [degraded] | last key/SplashContinue/G/Space/Enter@683,384 (3m1s ago), fg ok
2026-06-23 23:07:02Z hc3 (D2R_3): frame NotRunning (1m21s ago) [degraded] | last key/Escape/G/Space/Enter@683,384 (2m48s ago), fg ok
2026-06-23 23:07:04Z hc1 (D2R_1): frame NotRunning (1m41s ago) [degraded] | last click/Left@799,689 (1m36s ago), fg ok
2026-06-23 23:07:04Z hc2 (D2R_2): frame NotRunning (1m26s ago) [degraded] | last key/SplashContinue/G/Space/Enter@683,384 (3m3s ago), fg ok
2026-06-23 23:07:04Z hc3 (D2R_3): frame NotRunning (1m23s ago) [degraded] | last key/Escape/G/Space/Enter@683,384 (2m50s ago), fg ok
2026-06-23 23:07:07Z hc1 (D2R_1): frame NotRunning (1m44s ago) [degraded] | last click/Left@799,689 (1m38s ago), fg ok
2026-06-23 23:07:07Z hc2 (D2R_2): frame NotRunning (1m28s ago) [degraded] | last key/SplashContinue/G/Space/Enter@683,384 (3m6s ago), fg ok
2026-06-23 23:07:07Z hc3 (D2R_3): frame NotRunning (1m25s ago) [degraded] | last key/Escape/G/Space/Enter@683,384 (2m52s ago), fg ok
2026-06-23 23:07:09Z hc1 (D2R_1): frame NotRunning (1m46s ago) [degraded] | last click/Left@799,689 (1m41s ago), fg ok
2026-06-23 23:07:09Z hc2 (D2R_2): frame NotRunning (1m30s ago) [degraded] | last key/SplashContinue/G/Space/Enter@683,384 (3m8s ago), fg ok
2026-06-23 23:07:09Z hc3 (D2R_3): frame NotRunning (1m27s ago) [degraded] | last key/Escape/G/Space/Enter@683,384 (2m55s ago), fg ok
2026-06-23 23:07:11Z hc1 (D2R_1): frame NotRunning (1m48s ago) [degraded] | last click/Left@799,689 (1m43s ago), fg ok
2026-06-23 23:07:11Z hc2 (D2R_2): frame NotRunning (1m33s ago) [degraded] | last key/SplashContinue/G/Space/Enter@683,384 (3m10s ago), fg ok
2026-06-23 23:07:11Z hc3 (D2R_3): frame NotRunning (1m30s ago) [degraded] | last key/Escape/G/Space/Enter@683,384 (2m57s ago), fg ok
2026-06-23 23:07:14Z hc1 (D2R_1): frame NotRunning (1m50s ago) [degraded] | last click/Left@799,689 (1m45s ago), fg ok
2026-06-23 23:07:14Z hc2 (D2R_2): frame NotRunning (1m35s ago) [degraded] | last key/SplashContinue/G/Space/Enter@683,384 (3m12s ago), fg ok
2026-06-23 23:07:14Z hc3 (D2R_3): frame NotRunning (1m32s ago) [degraded] | last key/Escape/G/Space/Enter@683,384 (2m59s ago), fg ok
2026-06-23 23:07:16Z hc1 (D2R_1): frame NotRunning (1m53s ago) [degraded] | last click/Left@799,689 (1m48s ago), fg ok
2026-06-23 23:07:16Z hc2 (D2R_2): frame NotRunning (1m37s ago) [degraded] | last key/SplashContinue/G/Space/Enter@683,384 (3m15s ago), fg ok
2026-06-23 23:07:16Z hc3 (D2R_3): frame NotRunning (1m34s ago) [degraded] | last key/Escape/G/Space/Enter@683,384 (3m1s ago), fg ok
2026-06-23 23:07:18Z hc1 (D2R_1): frame NotRunning (1m55s ago) [degraded] | last click/Left@799,689 (1m50s ago), fg ok
2026-06-23 23:07:18Z hc2 (D2R_2): frame NotRunning (1m40s ago) [degraded] | last key/SplashContinue/G/Space/Enter@683,384 (3m17s ago), fg ok
2026-06-23 23:07:18Z hc3 (D2R_3): frame NotRunning (1m36s ago) [degraded] | last key/Escape/G/Space/Enter@683,384 (3m4s ago), fg ok
2026-06-23 23:07:20Z hc1 (D2R_1): frame NotRunning (1m57s ago) [degraded] | last click/Left@799,689 (1m52s ago), fg ok
2026-06-23 23:07:20Z hc2 (D2R_2): frame NotRunning (1m42s ago) [degraded] | last key/SplashContinue/G/Space/Enter@683,384 (3m19s ago), fg ok
2026-06-23 23:07:20Z hc3 (D2R_3): frame NotRunning (1m39s ago) [degraded] | last key/Escape/G/Space/Enter@683,384 (3m6s ago), fg ok
2026-06-23 23:07:23Z hc1 (D2R_1): frame NotRunning (1m59s ago) [degraded] | last click/Left@799,689 (1m54s ago), fg ok
2026-06-23 23:07:23Z hc2 (D2R_2): frame NotRunning (1m44s ago) [degraded] | last key/SplashContinue/G/Space/Enter@683,384 (3m22s ago), fg ok
2026-06-23 23:07:23Z hc3 (D2R_3): frame NotRunning (1m41s ago) [degraded] | last key/Escape/G/Space/Enter@683,384 (3m8s ago), fg ok
2026-06-23 23:07:29Z hc1 (D2R_1): frame NotRunning (2m2s ago) [degraded] | last click/Left@799,689 (1m57s ago), fg ok
2026-06-23 23:07:29Z hc2 (D2R_2): frame CharacterScreen (5s ago) [degraded] | last key/SplashContinue/G/Space/Enter@683,384 (3m28s ago), fg ok
2026-06-23 23:07:29Z hc3 (D2R_3): frame CharacterScreen (4s ago) [degraded] | last key/Escape/G/Space/Enter@683,384 (3m15s ago), fg ok
2026-06-23 23:07:31Z hc1 (D2R_1): frame NotRunning (2m8s ago) [degraded] | last click/Left@799,689 (2m3s ago), fg ok
2026-06-23 23:07:31Z hc2 (D2R_2): frame CharacterScreen (7s ago) [degraded] | last key/SplashContinue/G/Space/Enter@683,384 (3m30s ago), fg ok
2026-06-23 23:07:31Z hc3 (D2R_3): frame CharacterScreen (6s ago) [degraded] | last key/Escape/G/Space/Enter@683,384 (3m17s ago), fg ok
2026-06-23 23:07:33Z hc1 (D2R_1): frame NotRunning (2m10s ago) [degraded] | last click/Left@799,689 (2m5s ago), fg ok
2026-06-23 23:07:33Z hc2 (D2R_2): frame CharacterScreen (10s ago) [degraded] | last key/SplashContinue/G/Space/Enter@683,384 (3m32s ago), fg ok
2026-06-23 23:07:33Z hc3 (D2R_3): frame CharacterScreen (9s ago) [degraded] | last key/Escape/G/Space/Enter@683,384 (3m19s ago), fg ok
2026-06-23 23:07:36Z hc1 (D2R_1): frame NotRunning (2m12s ago) [degraded] | last click/Left@799,689 (2m7s ago), fg ok
2026-06-23 23:07:36Z hc2 (D2R_2): frame CharacterScreen (12s ago) [degraded] | last key/SplashContinue/G/Space/Enter@683,384 (3m35s ago), fg ok
2026-06-23 23:07:36Z hc3 (D2R_3): frame CharacterScreen (11s ago) [degraded] | last key/Escape/G/Space/Enter@683,384 (3m21s ago), fg ok
2026-06-23 23:07:38Z hc1 (D2R_1): frame NotRunning (2m15s ago) [degraded] | last click/Left@799,689 (2m10s ago), fg ok
2026-06-23 23:07:38Z hc2 (D2R_2): frame CharacterScreen (15s ago) [degraded] | last key/SplashContinue/G/Space/Enter@683,384 (3m37s ago), fg ok
2026-06-23 23:07:38Z hc3 (D2R_3): frame CharacterScreen (14s ago) [degraded] | last key/Escape/G/Space/Enter@683,384 (3m24s ago), fg ok
2026-06-23 23:07:41Z hc1 (D2R_1): frame NotRunning (2m18s ago) [degraded] | last click/Left@799,689 (2m12s ago), fg ok
2026-06-23 23:07:41Z hc2 (D2R_2): frame CharacterScreen (17s ago) [degraded] | last key/SplashContinue/G/Space/Enter@683,384 (3m40s ago), fg ok
2026-06-23 23:07:41Z hc3 (D2R_3): frame CharacterScreen (16s ago) [degraded] | last key/Escape/G/Space/Enter@683,384 (3m26s ago), fg ok
2026-06-23 23:07:43Z hc1 (D2R_1): frame NotRunning (2m20s ago) [degraded] | last click/Left@799,689 (2m15s ago), fg ok
2026-06-23 23:07:43Z hc2 (D2R_2): frame CharacterScreen (19s ago) [degraded] | last key/SplashContinue/G/Space/Enter@683,384 (3m42s ago), fg ok
2026-06-23 23:07:43Z hc3 (D2R_3): frame CharacterScreen (18s ago) [degraded] | last key/Escape/G/Space/Enter@683,384 (3m28s ago), fg ok
2026-06-23 23:07:45Z hc1 (D2R_1): frame NotRunning (2m22s ago) [degraded] | last click/Left@799,689 (2m17s ago), fg ok
2026-06-23 23:07:45Z hc2 (D2R_2): frame CharacterScreen (21s ago) [degraded] | last key/SplashContinue/G/Space/Enter@683,384 (3m44s ago), fg ok
2026-06-23 23:07:45Z hc3 (D2R_3): frame CharacterScreen (20s ago) [degraded] | last key/Escape/G/Space/Enter@683,384 (3m31s ago), fg ok
2026-06-23 23:07:47Z hc1 (D2R_1): frame NotRunning (2m24s ago) [degraded] | last click/Left@799,689 (2m19s ago), fg ok
2026-06-23 23:07:47Z hc2 (D2R_2): frame CharacterScreen (24s ago) [degraded] | last key/SplashContinue/G/Space/Enter@683,384 (3m46s ago), fg ok
2026-06-23 23:07:47Z hc3 (D2R_3): frame CharacterScreen (23s ago) [degraded] | last key/Escape/G/Space/Enter@683,384 (3m33s ago), fg ok
2026-06-23 23:07:49Z hc1 (D2R_1): frame NotRunning (2m26s ago) [degraded] | last click/Left@799,689 (2m21s ago), fg ok
2026-06-23 23:07:49Z hc2 (D2R_2): frame CharacterScreen (26s ago) [degraded] | last key/SplashContinue/G/Space/Enter@683,384 (3m49s ago), fg ok
2026-06-23 23:07:49Z hc3 (D2R_3): frame CharacterScreen (25s ago) [degraded] | last key/Escape/G/Space/Enter@683,384 (3m35s ago), fg ok
2026-06-23 23:07:52Z hc1 (D2R_1): frame NotRunning (2m29s ago) [degraded] | last click/Left@799,689 (2m23s ago), fg ok
2026-06-23 23:07:52Z hc2 (D2R_2): frame CharacterScreen (28s ago) [degraded] | last key/SplashContinue/G/Space/Enter@683,384 (3m51s ago), fg ok
2026-06-23 23:07:52Z hc3 (D2R_3): frame CharacterScreen (27s ago) [degraded] | last key/Escape/G/Space/Enter@683,384 (3m37s ago), fg ok
2026-06-23 23:07:54Z hc1 (D2R_1): frame NotRunning (2m31s ago) [degraded] | last click/Left@799,689 (2m26s ago), fg ok
2026-06-23 23:07:54Z hc2 (D2R_2): frame CharacterScreen (30s ago) [degraded] | last key/SplashContinue/G/Space/Enter@683,384 (3m53s ago), fg ok
2026-06-23 23:07:54Z hc3 (D2R_3): frame CharacterScreen (29s ago) [degraded] | last key/Escape/G/Space/Enter@683,384 (3m40s ago), fg ok
2026-06-23 23:07:56Z hc1 (D2R_1): frame NotRunning (2m33s ago) [degraded] | last click/Left@799,689 (2m28s ago), fg ok
2026-06-23 23:07:56Z hc2 (D2R_2): frame CharacterScreen (33s ago) [degraded] | last key/SplashContinue/G/Space/Enter@683,384 (3m55s ago), fg ok
2026-06-23 23:07:56Z hc3 (D2R_3): frame CharacterScreen (32s ago) [degraded] | last key/Escape/G/Space/Enter@683,384 (3m42s ago), fg ok
2026-06-23 23:07:59Z hc1 (D2R_1): frame NotRunning (2m35s ago) [degraded] | last click/Left@799,689 (2m30s ago), fg ok
2026-06-23 23:07:59Z hc2 (D2R_2): frame CharacterScreen (35s ago) [degraded] | last key/SplashContinue/G/Space/Enter@683,384 (3m57s ago), fg ok
2026-06-23 23:07:59Z hc3 (D2R_3): frame CharacterScreen (34s ago) [degraded] | last key/Escape/G/Space/Enter@683,384 (3m44s ago), fg ok
2026-06-23 23:08:01Z hc1 (D2R_1): frame NotRunning (2m38s ago) [degraded] | last click/Left@799,689 (2m33s ago), fg ok
2026-06-23 23:08:01Z hc2 (D2R_2): frame CharacterScreen (37s ago) [degraded] | last key/SplashContinue/G/Space/Enter@683,384 (4m0s ago), fg ok
2026-06-23 23:08:01Z hc3 (D2R_3): frame CharacterScreen (36s ago) [degraded] | last key/Escape/G/Space/Enter@683,384 (3m46s ago), fg ok
2026-06-23 23:08:03Z hc1 (D2R_1): frame NotRunning (2m40s ago) [degraded] | last click/Left@799,689 (2m35s ago), fg ok
2026-06-23 23:08:03Z hc2 (D2R_2): frame CharacterScreen (39s ago) [degraded] | last key/SplashContinue/G/Space/Enter@683,384 (4m2s ago), fg ok
2026-06-23 23:08:03Z hc3 (D2R_3): frame CharacterScreen (38s ago) [degraded] | last key/Escape/G/Space/Enter@683,384 (3m49s ago), fg ok
2026-06-23 23:08:05Z hc1 (D2R_1): frame NotRunning (2m42s ago) [degraded] | last click/Left@799,689 (2m37s ago), fg ok
2026-06-23 23:08:05Z hc2 (D2R_2): frame CharacterScreen (42s ago) [degraded] | last key/SplashContinue/G/Space/Enter@683,384 (4m4s ago), fg ok
2026-06-23 23:08:05Z hc3 (D2R_3): frame CharacterScreen (41s ago) [degraded] | last key/Escape/G/Space/Enter@683,384 (3m51s ago), fg ok
2026-06-23 23:08:07Z hc1 (D2R_1): frame NotRunning (2m44s ago) [degraded] | last click/Left@799,689 (2m39s ago), fg ok
2026-06-23 23:08:07Z hc2 (D2R_2): frame CharacterScreen (44s ago) [degraded] | last key/SplashContinue/G/Space/Enter@683,384 (4m7s ago), fg ok
2026-06-23 23:08:07Z hc3 (D2R_3): frame CharacterScreen (43s ago) [degraded] | last key/Escape/G/Space/Enter@683,384 (3m53s ago), fg ok
2026-06-23 23:08:10Z hc1 (D2R_1): frame NotRunning (2m47s ago) [degraded] | last click/Left@799,689 (2m41s ago), fg ok
2026-06-23 23:08:10Z hc2 (D2R_2): frame CharacterScreen (46s ago) [degraded] | last key/SplashContinue/G/Space/Enter@683,384 (4m9s ago), fg ok
2026-06-23 23:08:10Z hc3 (D2R_3): frame CharacterScreen (45s ago) [degraded] | last key/Escape/G/Space/Enter@683,384 (3m55s ago), fg ok
2026-06-23 23:08:16Z hc1 (D2R_1): frame NotRunning (2m49s ago) [degraded] | last click/Left@799,689 (2m44s ago), fg ok
2026-06-23 23:08:16Z hc2 (D2R_2): frame CharacterScreen (4s ago) [degraded] | last key/SplashContinue/G/Space/Enter@683,384 (4m15s ago), fg ok
2026-06-23 23:08:16Z hc3 (D2R_3): frame CharacterScreen (47s ago) [degraded] | last key/Escape/G/Space/Enter@683,384 (3m58s ago), fg ok
2026-06-23 23:08:18Z hc1 (D2R_1): frame NotRunning (2m55s ago) [degraded] | last click/Left@799,689 (2m50s ago), fg ok
2026-06-23 23:08:18Z hc2 (D2R_2): frame CharacterScreen (6s ago) [degraded] | last key/SplashContinue/G/Space/Enter@683,384 (4m17s ago), fg ok
2026-06-23 23:08:18Z hc3 (D2R_3): frame CharacterScreen (53s ago) [degraded] | last key/Escape/G/Space/Enter@683,384 (4m4s ago), fg ok
2026-06-23 23:08:20Z hc1 (D2R_1): frame NotRunning (2m57s ago) [degraded] | last click/Left@799,689 (2m52s ago), fg ok
2026-06-23 23:08:20Z hc2 (D2R_2): frame CharacterScreen (9s ago) [degraded] | last key/SplashContinue/G/Space/Enter@683,384 (4m19s ago), fg ok
2026-06-23 23:08:20Z hc3 (D2R_3): frame CharacterScreen (56s ago) [degraded] | last key/Escape/G/Space/Enter@683,384 (4m6s ago), fg ok
2026-06-23 23:08:23Z hc1 (D2R_1): frame NotRunning (3m0s ago) [degraded] | last click/Left@799,689 (2m54s ago), fg ok
2026-06-23 23:08:23Z hc2 (D2R_2): frame CharacterScreen (11s ago) [degraded] | last key/SplashContinue/G/Space/Enter@683,384 (4m22s ago), fg ok
2026-06-23 23:08:23Z hc3 (D2R_3): frame CharacterScreen (58s ago) [degraded] | last key/Escape/G/Space/Enter@683,384 (4m8s ago), fg ok
2026-06-23 23:08:25Z hc1 (D2R_1): frame NotRunning (3m2s ago) [degraded] | last click/Left@799,689 (2m57s ago), fg ok
2026-06-23 23:08:25Z hc2 (D2R_2): frame CharacterScreen (13s ago) [degraded] | last key/SplashContinue/G/Space/Enter@683,384 (4m24s ago), fg ok
2026-06-23 23:08:25Z hc3 (D2R_3): frame CharacterScreen (1m0s ago) [degraded] | last key/Escape/G/Space/Enter@683,384 (4m11s ago), fg ok
2026-06-23 23:08:31Z hc1 (D2R_1): frame NotRunning (3m4s ago) [degraded] | last click/Left@799,689 (2m59s ago), fg ok
2026-06-23 23:08:31Z hc2 (D2R_2): frame CharacterScreen (15s ago) [degraded] | last key/SplashContinue/G/Space/Enter@683,384 (4m26s ago), fg ok
2026-06-23 23:08:31Z hc3 (D2R_3): frame CharacterScreen (5s ago) [degraded] | last key/Escape/G/Space/Enter@683,384 (4m17s ago), fg ok
2026-06-23 23:08:33Z hc1 (D2R_1): frame NotRunning (3m10s ago) [degraded] | last click/Left@799,689 (3m5s ago), fg ok
2026-06-23 23:08:33Z hc2 (D2R_2): frame CharacterScreen (22s ago) [degraded] | last key/SplashContinue/G/Space/Enter@683,384 (4m32s ago), fg ok
2026-06-23 23:08:33Z hc3 (D2R_3): frame CharacterScreen (7s ago) [degraded] | last key/Escape/G/Space/Enter@683,384 (4m19s ago), fg ok
2026-06-23 23:08:36Z hc1 (D2R_1): frame NotRunning (3m13s ago) [degraded] | last click/Left@799,689 (3m7s ago), fg ok
2026-06-23 23:08:36Z hc2 (D2R_2): frame CharacterScreen (24s ago) [degraded] | last key/SplashContinue/G/Space/Enter@683,384 (4m35s ago), fg ok
2026-06-23 23:08:36Z hc3 (D2R_3): frame CharacterScreen (9s ago) [degraded] | last key/Escape/G/Space/Enter@683,384 (4m21s ago), fg ok
2026-06-23 23:08:38Z hc1 (D2R_1): frame NotRunning (3m15s ago) [degraded] | last click/Left@799,689 (3m10s ago), fg ok
2026-06-23 23:08:38Z hc2 (D2R_2): frame CharacterScreen (26s ago) [degraded] | last key/SplashContinue/G/Space/Enter@683,384 (4m37s ago), fg ok
2026-06-23 23:08:38Z hc3 (D2R_3): frame CharacterScreen (12s ago) [degraded] | last key/Escape/G/Space/Enter@683,384 (4m23s ago), fg ok
2026-06-23 23:08:40Z hc1 (D2R_1): frame NotRunning (3m17s ago) [degraded] | last click/Left@799,689 (3m12s ago), fg ok
2026-06-23 23:08:40Z hc2 (D2R_2): frame CharacterScreen (28s ago) [degraded] | last key/SplashContinue/G/Space/Enter@683,384 (4m39s ago), fg ok
2026-06-23 23:08:40Z hc3 (D2R_3): frame CharacterScreen (14s ago) [degraded] | last key/Escape/G/Space/Enter@683,384 (4m26s ago), fg ok
2026-06-23 23:08:42Z hc1 (D2R_1): frame NotRunning (3m19s ago) [degraded] | last click/Left@799,689 (3m14s ago), fg ok
2026-06-23 23:08:42Z hc2 (D2R_2): frame CharacterScreen (30s ago) [degraded] | last key/SplashContinue/G/Space/Enter@683,384 (4m41s ago), fg ok
2026-06-23 23:08:42Z hc3 (D2R_3): frame CharacterScreen (16s ago) [degraded] | last key/Escape/G/Space/Enter@683,384 (4m28s ago), fg ok
2026-06-23 23:08:44Z hc1 (D2R_1): frame NotRunning (3m21s ago) [degraded] | last click/Left@799,689 (3m16s ago), fg ok
2026-06-23 23:08:44Z hc2 (D2R_2): frame CharacterScreen (33s ago) [degraded] | last key/SplashContinue/G/Space/Enter@683,384 (4m44s ago), fg ok
2026-06-23 23:08:44Z hc3 (D2R_3): frame CharacterScreen (18s ago) [degraded] | last key/Escape/G/Space/Enter@683,384 (4m30s ago), fg ok
2026-06-23 23:08:47Z hc1 (D2R_1): frame NotRunning (3m24s ago) [degraded] | last click/Left@799,689 (3m18s ago), fg ok
2026-06-23 23:08:47Z hc2 (D2R_2): frame CharacterScreen (35s ago) [degraded] | last key/SplashContinue/G/Space/Enter@683,384 (4m46s ago), fg ok
2026-06-23 23:08:47Z hc3 (D2R_3): frame CharacterScreen (21s ago) [degraded] | last key/Escape/G/Space/Enter@683,384 (4m32s ago), fg ok
2026-06-23 23:08:49Z hc1 (D2R_1): frame NotRunning (3m26s ago) [degraded] | last click/Left@799,689 (3m21s ago), fg ok
2026-06-23 23:08:49Z hc2 (D2R_2): frame CharacterScreen (37s ago) [degraded] | last key/SplashContinue/G/Space/Enter@683,384 (4m48s ago), fg ok
2026-06-23 23:08:49Z hc3 (D2R_3): frame CharacterScreen (23s ago) [degraded] | last key/Escape/G/Space/Enter@683,384 (4m35s ago), fg ok
2026-06-23 23:08:51Z hc1 (D2R_1): frame NotRunning (3m28s ago) [degraded] | last click/Left@799,689 (3m23s ago), fg ok
2026-06-23 23:08:51Z hc2 (D2R_2): frame CharacterScreen (40s ago) [degraded] | last key/SplashContinue/G/Space/Enter@683,384 (4m50s ago), fg ok
2026-06-23 23:08:51Z hc3 (D2R_3): frame CharacterScreen (25s ago) [degraded] | last key/Escape/G/Space/Enter@683,384 (4m37s ago), fg ok
2026-06-23 23:08:54Z hc1 (D2R_1): frame NotRunning (3m31s ago) [degraded] | last click/Left@799,689 (3m25s ago), fg ok
2026-06-23 23:08:54Z hc2 (D2R_2): frame CharacterScreen (42s ago) [degraded] | last key/SplashContinue/G/Space/Enter@683,384 (4m53s ago), fg ok
2026-06-23 23:08:54Z hc3 (D2R_3): frame CharacterScreen (27s ago) [degraded] | last key/Escape/G/Space/Enter@683,384 (4m39s ago), fg ok
