2026-06-25 19:19:07Z hc1 (D2R_1): frame unknown [degraded: UI command is active; using process-only status so diagnostics cannot starve menu input.] | last no input yet | pool threads=6,pending=0
2026-06-25 19:19:07Z hc2 (D2R_2): frame unknown [degraded: UI command is active; using process-only status so diagnostics cannot starve menu input.] | last no input yet | pool threads=6,pending=0
2026-06-25 19:19:07Z hc3 (D2R_3): frame unknown [degraded: UI command is active; using process-only status so diagnostics cannot starve menu input.] | last no input yet | pool threads=6,pending=0
2026-06-25 19:19:09Z hc1 (D2R_1): frame unknown [degraded: UI command is active; using process-only status so diagnostics cannot starve menu input.] | last no input yet | pool threads=6,pending=0
2026-06-25 19:19:09Z hc2 (D2R_2): frame unknown [degraded: UI command is active; using process-only status so diagnostics cannot starve menu input.] | last no input yet | pool threads=6,pending=0
2026-06-25 19:19:09Z hc3 (D2R_3): frame unknown [degraded: UI command is active; using process-only status so diagnostics cannot starve menu input.] | last no input yet | pool threads=6,pending=0
2026-06-25 19:19:12Z hc1 (D2R_1): frame unknown [degraded: UI command is active; using process-only status so diagnostics cannot starve menu input.] | last no input yet | pool threads=6,pending=0
2026-06-25 19:19:12Z hc2 (D2R_2): frame unknown [degraded: UI command is active; using process-only status so diagnostics cannot starve menu input.] | last no input yet | pool threads=7,pending=0
2026-06-25 19:19:12Z hc3 (D2R_3): frame unknown [degraded: UI command is active; using process-only status so diagnostics cannot starve menu input.] | last no input yet | pool threads=6,pending=0
2026-06-25 19:19:14Z hc1 (D2R_1): frame unknown [degraded: UI command is active; using process-only status so diagnostics cannot starve menu input.] | last no input yet | pool threads=6,pending=0
2026-06-25 19:19:14Z hc2 (D2R_2): frame unknown [degraded: UI command is active; using process-only status so diagnostics cannot starve menu input.] | last no input yet | pool threads=7,pending=0
2026-06-25 19:19:14Z hc3 (D2R_3): frame unknown [degraded: UI command is active; using process-only status so diagnostics cannot starve menu input.] | last no input yet | pool threads=7,pending=0
2026-06-25 19:19:17Z hc1 (D2R_1): frame unknown [degraded: UI command is active; using process-only status so diagnostics cannot starve menu input.] | last no input yet | pool threads=7,pending=0
2026-06-25 19:19:17Z hc2 (D2R_2): frame unknown [degraded: UI command is active; using process-only status so diagnostics cannot starve menu input.] | last no input yet | pool threads=7,pending=0
2026-06-25 19:19:17Z hc3 (D2R_3): frame unknown [degraded: UI command is active; using process-only status so diagnostics cannot starve menu input.] | last no input yet | pool threads=7,pending=0
2026-06-25 19:19:19Z hc1 (D2R_1): frame unknown [degraded: UI command is active; using process-only status so diagnostics cannot starve menu input.] | last no input yet | pool threads=7,pending=0
2026-06-25 19:19:19Z hc2 (D2R_2): frame unknown [degraded: UI command is active; using process-only status so diagnostics cannot starve menu input.] | last no input yet | pool threads=7,pending=0
2026-06-25 19:19:19Z hc3 (D2R_3): frame unknown [degraded: UI command is active; using process-only status so diagnostics cannot starve menu input.] | last no input yet | pool threads=7,pending=0
2026-06-25 19:19:21Z hc1 (D2R_1): frame unknown [degraded: UI command is active; using process-only status so diagnostics cannot starve menu input.] | last no input yet | pool threads=7,pending=0
2026-06-25 19:19:21Z hc2 (D2R_2): frame unknown [degraded: UI command is active; using process-only status so diagnostics cannot starve menu input.] | last no input yet | pool threads=7,pending=0
2026-06-25 19:19:21Z hc3 (D2R_3): frame unknown [degraded: UI command is active; using process-only status so diagnostics cannot starve menu input.] | last no input yet | pool threads=7,pending=0
2026-06-25 19:19:24Z hc1 (D2R_1): frame unknown [degraded: UI command is active; using process-only status so diagnostics cannot starve menu input.] | last no input yet | pool threads=7,pending=0
2026-06-25 19:19:24Z hc2 (D2R_2): frame unknown [degraded: UI command is active; using process-only status so diagnostics cannot starve menu input.] | last no input yet | pool threads=7,pending=0
2026-06-25 19:19:24Z hc3 (D2R_3): frame unknown [degraded: UI command is active; using process-only status so diagnostics cannot starve menu input.] | last no input yet | pool threads=7,pending=0
2026-06-25 19:19:26Z hc1 (D2R_1): frame Unknown (0s ago) [degraded: UI command is active; using process-only status so diagnostics cannot starve menu input.] | last no input yet | pool threads=7,pending=0
2026-06-25 19:19:26Z hc2 (D2R_2): frame Unknown (0s ago) [degraded: UI command is active; using process-only status so diagnostics cannot starve menu input.] | last no input yet | pool threads=7,pending=0
2026-06-25 19:19:26Z hc3 (D2R_3): frame Unknown (0s ago) [degraded: UI command is active; using process-only status so diagnostics cannot starve menu input.] | last no input yet | pool threads=7,pending=0
2026-06-25 19:19:28Z hc1 (D2R_1): frame Unknown (2s ago) [degraded: UI command is active; using process-only status so diagnostics cannot starve menu input.] | last no input yet | pool threads=7,pending=0
2026-06-25 19:19:28Z hc2 (D2R_2): frame Unknown (2s ago) [degraded: UI command is active; using process-only status so diagnostics cannot starve menu input.] | last no input yet | pool threads=7,pending=0
2026-06-25 19:19:28Z hc3 (D2R_3): frame Unknown (2s ago) [degraded: UI command is active; using process-only status so diagnostics cannot starve menu input.] | last no input yet | pool threads=7,pending=0
2026-06-25 19:19:30Z hc1 (D2R_1): frame Unknown (5s ago) [degraded: UI command is active; using process-only status so diagnostics cannot starve menu input.] | last key/Escape/G/Space/Enter@683,384 (1s ago), fg ? | pool threads=7,pending=0
2026-06-25 19:19:30Z hc2 (D2R_2): frame Unknown (4s ago) [degraded: UI command is active; using process-only status so diagnostics cannot starve menu input.] | last key/Escape/G/Space/Enter@683,384 (1s ago), fg ? | pool threads=7,pending=0
2026-06-25 19:19:30Z hc3 (D2R_3): frame Unknown (5s ago) [degraded: UI command is active; using process-only status so diagnostics cannot starve menu input.] | last key/Escape/G/Space/Enter@683,384 (2s ago), fg ? | pool threads=7,pending=0
2026-06-25 19:19:33Z hc1 (D2R_1): frame Unknown (7s ago) [degraded: UI command is active; using process-only status so diagnostics cannot starve menu input.] | last key/Escape/G/Space/Enter@683,384 (4s ago), fg ? | pool threads=7,pending=0
2026-06-25 19:19:33Z hc2 (D2R_2): frame Unknown (6s ago) [degraded: UI command is active; using process-only status so diagnostics cannot starve menu input.] | last key/Escape/G/Space/Enter@683,384 (3s ago), fg ? | pool threads=7,pending=0
2026-06-25 19:19:33Z hc3 (D2R_3): frame Unknown (7s ago) [degraded: UI command is active; using process-only status so diagnostics cannot starve menu input.] | last key/Escape/G/Space/Enter@683,384 (4s ago), fg ? | pool threads=7,pending=0
2026-06-25 19:19:37Z hc1 (D2R_1): frame Unknown (9s ago) [degraded: UI command is active; using process-only status so diagnostics cannot starve menu input.] | last key/Escape/G/Space/Enter@683,384 (6s ago), fg ? | pool threads=7,pending=0
2026-06-25 19:19:37Z hc2 (D2R_2): frame Unknown (9s ago) [degraded: UI command is active; using process-only status so diagnostics cannot starve menu input.] | last key/Escape/G/Space/Enter@683,384 (5s ago), fg ? | pool threads=7,pending=0
2026-06-25 19:19:37Z hc3 (D2R_3): frame Unknown (9s ago) [degraded: UI command is active; using process-only status so diagnostics cannot starve menu input.] | last key/Escape/G/Space/Enter@683,384 (6s ago), fg ? | pool threads=7,pending=0
2026-06-25 19:19:39Z hc1 (D2R_1): frame Unknown (13s ago) [degraded: UI command is active; using process-only status so diagnostics cannot starve menu input.] | last key/Escape/G/Space/Enter@683,384 (10s ago), fg ? | pool threads=7,pending=0
2026-06-25 19:19:39Z hc2 (D2R_2): frame Unknown (13s ago) [degraded: UI command is active; using process-only status so diagnostics cannot starve menu input.] | last key/Escape/G/Space/Enter@683,384 (9s ago), fg ? | pool threads=7,pending=0
2026-06-25 19:19:39Z hc3 (D2R_3): frame Unknown (13s ago) [degraded: UI command is active; using process-only status so diagnostics cannot starve menu input.] | last key/Escape/G/Space/Enter@683,384 (10s ago), fg ? | pool threads=7,pending=0
2026-06-25 19:19:41Z hc1 (D2R_1): frame Unknown (15s ago) [degraded: UI command is active; using process-only status so diagnostics cannot starve menu input.] | last key/Escape/G/Space/Enter@683,384 (12s ago), fg ? | pool threads=7,pending=0
2026-06-25 19:19:41Z hc2 (D2R_2): frame Unknown (15s ago) [degraded: UI command is active; using process-only status so diagnostics cannot starve menu input.] | last key/Escape/G/Space/Enter@683,384 (12s ago), fg ? | pool threads=7,pending=0
2026-06-25 19:19:41Z hc3 (D2R_3): frame Unknown (16s ago) [degraded: UI command is active; using process-only status so diagnostics cannot starve menu input.] | last key/Escape/G/Space/Enter@683,384 (12s ago), fg ? | pool threads=7,pending=0
2026-06-25 19:19:44Z hc1 (D2R_1): frame Unknown (18s ago) [degraded: UI command is active; using process-only status so diagnostics cannot starve menu input.] | last key/Escape/G/Space/Enter@683,384 (15s ago), fg ? | pool threads=7,pending=0
2026-06-25 19:19:44Z hc2 (D2R_2): frame Unknown (17s ago) [degraded: UI command is active; using process-only status so diagnostics cannot starve menu input.] | last key/Escape/G/Space/Enter@683,384 (14s ago), fg ? | pool threads=7,pending=0
2026-06-25 19:19:44Z hc3 (D2R_3): frame Unknown (18s ago) [degraded: UI command is active; using process-only status so diagnostics cannot starve menu input.] | last key/Escape/G/Space/Enter@683,384 (15s ago), fg ? | pool threads=7,pending=0
2026-06-25 19:19:46Z hc1 (D2R_1): frame Unknown (20s ago) [degraded: UI command is active; using process-only status so diagnostics cannot starve menu input.] | last key/Escape/G/Space/Enter@683,384 (17s ago), fg ? | pool threads=7,pending=0
2026-06-25 19:19:46Z hc2 (D2R_2): frame Unknown (20s ago) [degraded: UI command is active; using process-only status so diagnostics cannot starve menu input.] | last key/Escape/G/Space/Enter@683,384 (16s ago), fg ? | pool threads=7,pending=0
2026-06-25 19:19:46Z hc3 (D2R_3): frame Unknown (20s ago) [degraded: UI command is active; using process-only status so diagnostics cannot starve menu input.] | last key/Escape/G/Space/Enter@683,384 (17s ago), fg ? | pool threads=7,pending=0
2026-06-25 19:19:48Z hc1 (D2R_1): frame Unknown (22s ago) [degraded: UI command is active; using process-only status so diagnostics cannot starve menu input.] | last key/Escape/G/Space/Enter@683,384 (19s ago), fg ? | pool threads=7,pending=0
2026-06-25 19:19:48Z hc2 (D2R_2): frame Unknown (22s ago) [degraded: UI command is active; using process-only status so diagnostics cannot starve menu input.] | last key/Escape/G/Space/Enter@683,384 (19s ago), fg ? | pool threads=7,pending=0
2026-06-25 19:19:48Z hc3 (D2R_3): frame Unknown (22s ago) [degraded: UI command is active; using process-only status so diagnostics cannot starve menu input.] | last key/Escape/G/Space/Enter@683,384 (19s ago), fg ? | pool threads=7,pending=0
2026-06-25 19:19:50Z hc1 (D2R_1): frame Unknown (25s ago) [degraded: UI command is active; using process-only status so diagnostics cannot starve menu input.] | last key/Escape/G/Space/Enter@683,384 (21s ago), fg ? | pool threads=7,pending=0
2026-06-25 19:19:50Z hc2 (D2R_2): frame Unknown (24s ago) [degraded: UI command is active; using process-only status so diagnostics cannot starve menu input.] | last key/Escape/G/Space/Enter@683,384 (21s ago), fg ? | pool threads=7,pending=0
2026-06-25 19:19:50Z hc3 (D2R_3): frame Unknown (25s ago) [degraded: UI command is active; using process-only status so diagnostics cannot starve menu input.] | last key/Escape/G/Space/Enter@683,384 (22s ago), fg ? | pool threads=7,pending=1
2026-06-25 19:19:53Z hc1 (D2R_1): frame Unknown (0s ago) [degraded: UI command is active; using process-only status so diagnostics cannot starve menu input.] | last key/Escape/G/Space/Enter@683,384 (24s ago), fg ? | pool threads=7,pending=1
2026-06-25 19:19:53Z hc2 (D2R_2): frame Unknown (26s ago) [degraded: UI command is active; using process-only status so diagnostics cannot starve menu input.] | last key/Escape/G/Space/Enter@683,384 (23s ago), fg ? | pool threads=7,pending=1
2026-06-25 19:19:53Z hc3 (D2R_3): frame Unknown (0s ago) [degraded: UI command is active; using process-only status so diagnostics cannot starve menu input.] | last key/Escape/G/Space/Enter@683,384 (24s ago), fg ? | pool threads=7,pending=1
2026-06-25 19:19:55Z hc1 (D2R_1): frame Unknown (2s ago) [degraded: UI command is active; using process-only status so diagnostics cannot starve menu input.] | last key/Escape/G/Space/Enter@683,384 (26s ago), fg ? | pool threads=7,pending=1
2026-06-25 19:19:55Z hc2 (D2R_2): frame Unknown (1s ago) [degraded: UI command is active; using process-only status so diagnostics cannot starve menu input.] | last key/Escape/G/Space/Enter@683,384 (25s ago), fg ? | pool threads=7,pending=1
2026-06-25 19:19:55Z hc3 (D2R_3): frame Unknown (2s ago) [degraded: UI command is active; using process-only status so diagnostics cannot starve menu input.] | last key/Escape/G/Space/Enter@683,384 (26s ago), fg ? | pool threads=7,pending=1
2026-06-25 19:19:57Z hc1 (D2R_1): frame Unknown (4s ago) [degraded: UI command is active; using process-only status so diagnostics cannot starve menu input.] | last key/Escape/G/Space/Enter@683,384 (1s ago), fg ? | pool threads=7,pending=1
2026-06-25 19:19:57Z hc2 (D2R_2): frame Unknown (4s ago) [degraded: UI command is active; using process-only status so diagnostics cannot starve menu input.] | last key/Escape/G/Space/Enter@683,384 (1s ago), fg ? | pool threads=7,pending=1
2026-06-25 19:19:57Z hc3 (D2R_3): frame Unknown (5s ago) [degraded: UI command is active; using process-only status so diagnostics cannot starve menu input.] | last key/Escape/G/Space/Enter@683,384 (1s ago), fg ? | pool threads=7,pending=1
2026-06-25 19:20:00Z hc1 (D2R_1): frame Unknown (7s ago) [degraded: UI command is active; using process-only status so diagnostics cannot starve menu input.] | last key/Escape/G/Space/Enter@683,384 (4s ago), fg ? | pool threads=7,pending=1
2026-06-25 19:20:00Z hc2 (D2R_2): frame Unknown (6s ago) [degraded: UI command is active; using process-only status so diagnostics cannot starve menu input.] | last key/Escape/G/Space/Enter@683,384 (3s ago), fg ? | pool threads=7,pending=1
2026-06-25 19:20:00Z hc3 (D2R_3): frame Unknown (7s ago) [degraded: UI command is active; using process-only status so diagnostics cannot starve menu input.] | last key/Escape/G/Space/Enter@683,384 (4s ago), fg ? | pool threads=7,pending=1
2026-06-25 19:20:02Z hc1 (D2R_1): frame Unknown (9s ago) [degraded: UI command is active; using process-only status so diagnostics cannot starve menu input.] | last key/Escape/G/Space/Enter@683,384 (6s ago), fg ? | pool threads=7,pending=1
2026-06-25 19:20:02Z hc2 (D2R_2): frame Unknown (8s ago) [degraded: UI command is active; using process-only status so diagnostics cannot starve menu input.] | last key/Escape/G/Space/Enter@683,384 (5s ago), fg ? | pool threads=7,pending=1
2026-06-25 19:20:02Z hc3 (D2R_3): frame Unknown (9s ago) [degraded: UI command is active; using process-only status so diagnostics cannot starve menu input.] | last key/Escape/G/Space/Enter@683,384 (6s ago), fg ? | pool threads=7,pending=1
2026-06-25 19:20:04Z hc1 (D2R_1): frame Unknown (11s ago) [degraded: UI command is active; using process-only status so diagnostics cannot starve menu input.] | last key/Escape/G/Space/Enter@683,384 (8s ago), fg ? | pool threads=7,pending=1
2026-06-25 19:20:04Z hc2 (D2R_2): frame Unknown (11s ago) [degraded: UI command is active; using process-only status so diagnostics cannot starve menu input.] | last key/Escape/G/Space/Enter@683,384 (7s ago), fg ? | pool threads=7,pending=1
2026-06-25 19:20:04Z hc3 (D2R_3): frame Unknown (12s ago) [degraded: UI command is active; using process-only status so diagnostics cannot starve menu input.] | last key/Escape/G/Space/Enter@683,384 (8s ago), fg ? | pool threads=7,pending=0
2026-06-25 19:20:06Z hc1 (D2R_1): frame Unknown (13s ago) [degraded: UI command is active; using process-only status so diagnostics cannot starve menu input.] | last key/Escape/G/Space/Enter@683,384 (10s ago), fg ? | pool threads=7,pending=0
2026-06-25 19:20:06Z hc2 (D2R_2): frame Unknown (13s ago) [degraded: UI command is active; using process-only status so diagnostics cannot starve menu input.] | last key/Escape/G/Space/Enter@683,384 (10s ago), fg ? | pool threads=7,pending=0
2026-06-25 19:20:06Z hc3 (D2R_3): frame Unknown (14s ago) [degraded: UI command is active; using process-only status so diagnostics cannot starve menu input.] | last key/Escape/G/Space/Enter@683,384 (11s ago), fg ? | pool threads=7,pending=0
2026-06-25 19:20:09Z hc1 (D2R_1): frame Unknown (16s ago) [degraded: UI command is active; using process-only status so diagnostics cannot starve menu input.] | last key/Escape/G/Space/Enter@683,384 (13s ago), fg ? | pool threads=7,pending=0
2026-06-25 19:20:09Z hc2 (D2R_2): frame Unknown (15s ago) [degraded: UI command is active; using process-only status so diagnostics cannot starve menu input.] | last key/Escape/G/Space/Enter@683,384 (12s ago), fg ? | pool threads=7,pending=0
2026-06-25 19:20:09Z hc3 (D2R_3): frame Unknown (16s ago) [degraded: UI command is active; using process-only status so diagnostics cannot starve menu input.] | last key/Escape/G/Space/Enter@683,384 (13s ago), fg ? | pool threads=7,pending=0
2026-06-25 19:20:11Z hc1 (D2R_1): frame Unknown (18s ago) [degraded: UI command is active; using process-only status so diagnostics cannot starve menu input.] | last key/Escape/G/Space/Enter@683,384 (15s ago), fg ? | pool threads=7,pending=0
2026-06-25 19:20:11Z hc2 (D2R_2): frame Unknown (17s ago) [degraded: UI command is active; using process-only status so diagnostics cannot starve menu input.] | last key/Escape/G/Space/Enter@683,384 (14s ago), fg ? | pool threads=7,pending=1
2026-06-25 19:20:11Z hc3 (D2R_3): frame Unknown (18s ago) [degraded: UI command is active; using process-only status so diagnostics cannot starve menu input.] | last key/Escape/G/Space/Enter@683,384 (15s ago), fg ? | pool threads=7,pending=1
2026-06-25 19:20:13Z hc1 (D2R_1): frame Unknown (20s ago) [degraded: UI command is active; using process-only status so diagnostics cannot starve menu input.] | last key/Escape/G/Space/Enter@683,384 (17s ago), fg ? | pool threads=7,pending=0
2026-06-25 19:20:13Z hc2 (D2R_2): frame Unknown (20s ago) [degraded: UI command is active; using process-only status so diagnostics cannot starve menu input.] | last key/Escape/G/Space/Enter@683,384 (16s ago), fg ? | pool threads=7,pending=1
2026-06-25 19:20:13Z hc3 (D2R_3): frame Unknown (21s ago) [degraded: UI command is active; using process-only status so diagnostics cannot starve menu input.] | last key/Escape/G/Space/Enter@683,384 (17s ago), fg ? | pool threads=7,pending=0
2026-06-25 19:20:15Z hc1 (D2R_1): frame Unknown (22s ago) [degraded: UI command is active; using process-only status so diagnostics cannot starve menu input.] | last key/Escape/G/Space/Enter@683,384 (19s ago), fg ? | pool threads=7,pending=0
2026-06-25 19:20:15Z hc2 (D2R_2): frame Unknown (22s ago) [degraded: UI command is active; using process-only status so diagnostics cannot starve menu input.] | last key/Escape/G/Space/Enter@683,384 (19s ago), fg ? | pool threads=7,pending=1
2026-06-25 19:20:15Z hc3 (D2R_3): frame Unknown (23s ago) [degraded: UI command is active; using process-only status so diagnostics cannot starve menu input.] | last key/Escape/G/Space/Enter@683,384 (20s ago), fg ? | pool threads=7,pending=0
2026-06-25 19:20:18Z hc1 (D2R_1): frame Unknown (25s ago) [degraded: UI command is active; using process-only status so diagnostics cannot starve menu input.] | last key/Escape/G/Space/Enter@683,384 (22s ago), fg ? | pool threads=7,pending=0
2026-06-25 19:20:18Z hc2 (D2R_2): frame Unknown (24s ago) [degraded: UI command is active; using process-only status so diagnostics cannot starve menu input.] | last key/Escape/G/Space/Enter@683,384 (21s ago), fg ? | pool threads=7,pending=0
2026-06-25 19:20:18Z hc3 (D2R_3): frame Unknown (25s ago) [degraded: UI command is active; using process-only status so diagnostics cannot starve menu input.] | last key/Escape/G/Space/Enter@683,384 (22s ago), fg ? | pool threads=7,pending=0
2026-06-25 19:20:20Z hc1 (D2R_1): frame CharacterScreen (1s ago) [degraded: Detailed status collection is still running; using process-only fallback.] | last key/Escape/G/Space/Enter@683,384 (24s ago), fg ? | at EnsureReadyCharacterScreenOnlineAsync: online character screen accepted (0s ago) | pool threads=7,pending=0
2026-06-25 19:20:20Z hc2 (D2R_2): frame Unknown (26s ago) [degraded: UI command is active; using process-only status so diagnostics cannot starve menu input.] | last key/Escape/G/Space/Enter@683,384 (23s ago), fg ? | pool threads=7,pending=0
2026-06-25 19:20:20Z hc3 (D2R_3): frame CharacterScreen (0s ago) [degraded: UI command is active; using process-only status so diagnostics cannot starve menu input.] | last key/Escape/G/Space/Enter@683,384 (24s ago), fg ? | at EnsureReadyCharacterScreenOnlineAsync: ready loop detected CharacterScreen (0s ago) | pool threads=7,pending=0
2026-06-25 19:20:22Z hc1 (D2R_1): frame CharacterScreen (3s ago) [degraded: UI command is active; using process-only status so diagnostics cannot starve menu input.] | last click/Left@799,689 (0s ago), fg ? | at EnsureLobbyOpenedAsync: remembered-character-screen click (1s ago) | pool threads=7,pending=0
2026-06-25 19:20:22Z hc2 (D2R_2): frame Unknown (29s ago) [degraded: UI command is active; using process-only status so diagnostics cannot starve menu input.] | last key/Escape/G/Space/Enter@683,384 (25s ago), fg ? | pool threads=7,pending=0
2026-06-25 19:20:22Z hc3 (D2R_3): frame CharacterScreen (3s ago) [degraded: UI command is active; using process-only status so diagnostics cannot starve menu input.] | last click/Left@799,689 (1s ago), fg ? | at EnsureLobbyOpenedAsync: remembered-character-screen click (2s ago) | pool threads=7,pending=0
2026-06-25 19:20:25Z hc1 (D2R_1): frame CharacterScreen (6s ago) [degraded: UI command is active; using process-only status so diagnostics cannot starve menu input.] | last click/Left@919,55 (0s ago), fg ? | at ClickLobbyTabDirectAsync: second ClickD2R (0s ago) | pool threads=7,pending=1
2026-06-25 19:20:25Z hc2 (D2R_2): frame Unknown (31s ago) [degraded: UI command is active; using process-only status so diagnostics cannot starve menu input.] | last key/Escape/G/Space/Enter@683,384 (28s ago), fg ? | pool threads=8,pending=1
2026-06-25 19:20:25Z hc3 (D2R_3): frame CharacterScreen (5s ago) [degraded: UI command is active; using process-only status so diagnostics cannot starve menu input.] | last click/Left@952,106 (0s ago), fg ? | at FillTextFieldAsync: first click (0s ago) | pool threads=7,pending=1
2026-06-25 19:20:28Z hc1 (D2R_1): frame CharacterScreen (8s ago) [degraded: UI command is active; using process-only status so diagnostics cannot starve menu input.] | last click/Left@1046,123 (0s ago), fg ? | at FillTextFieldAsync: select all (0s ago) | pool threads=9,pending=1
2026-06-25 19:20:28Z hc2 (D2R_2): frame CharacterMenu (0s ago) [degraded: UI command is active; using process-only status so diagnostics cannot starve menu input.] | last key/Escape/G/Space/Enter@683,384 (30s ago), fg ? | at EnsureReadyCharacterScreenOnlineAsync: ready loop detected CharacterMenu (0s ago) | pool threads=8,pending=0
2026-06-25 19:20:28Z hc3 (D2R_3): frame CharacterScreen (8s ago) [degraded: UI command is active; using process-only status so diagnostics cannot starve menu input.] | last click/Left@952,106 (1s ago), fg ? | at FillTextFieldAsync: type text (0s ago) | pool threads=8,pending=3
2026-06-25 19:20:31Z hc1 (D2R_1): frame CharacterScreen (12s ago) [degraded: UI command is active; using process-only status so diagnostics cannot starve menu input.] | last click/Left@952,269 (0s ago), fg ? | at FillTextFieldAsync: type text (0s ago) | pool threads=12,pending=0
2026-06-25 19:20:31Z hc2 (D2R_2): frame CharacterMenu (3s ago) [degraded: UI command is active; using process-only status so diagnostics cannot starve menu input.] | last click/Left@1046,55 (0s ago), fg ? | at ClickLobbyTabDirectAsync: first ClickD2R (0s ago) | pool threads=9,pending=1
2026-06-25 19:20:31Z hc3 (D2R_3): frame CharacterScreen (11s ago) [degraded: UI command is active; using process-only status so diagnostics cannot starve menu input.] | last click/Left@1143,106 (1s ago), fg ? | at FillTextFieldAsync: select all (0s ago) | pool threads=10,pending=3
2026-06-25 19:20:33Z hc1 (D2R_1): frame CharacterScreen (14s ago) [degraded: UI command is active; using process-only status so diagnostics cannot starve menu input.] | last click/Left@1045,475 (1s ago), fg ? | at ClickMenuEntryButtonUntilEnteredGameAsync: loop iteration 5, waiting entry grace before HUD check (0s ago) | pool threads=13,pending=1
2026-06-25 19:20:33Z hc2 (D2R_2): frame CharacterMenu (6s ago) [degraded: UI command is active; using process-only status so diagnostics cannot starve menu input.] | last click/Left@952,106 (0s ago), fg ? | at FillTextFieldAsync: second click (0s ago) | pool threads=11,pending=1
2026-06-25 19:20:33Z hc3 (D2R_3): frame CharacterScreen (13s ago) [degraded: Detailed status collection is still running; using process-only fallback.] | last click/Left@1143,106 (3s ago), fg ? | at FillTextFieldAsync: type text (1s ago) | pool threads=12,pending=2
2026-06-25 19:20:36Z hc1 (D2R_1): frame CharacterScreen (16s ago) [degraded: UI command is active; using process-only status so diagnostics cannot starve menu input.] | last click/Left@1045,475 (4s ago), fg ? | at ClickMenuEntryButtonUntilEnteredGameAsync: loop iteration 15, waiting entry grace before HUD check (0s ago) | pool threads=13,pending=2
2026-06-25 19:20:36Z hc2 (D2R_2): frame CharacterMenu (10s ago) [degraded: UI command is active; using process-only status so diagnostics cannot starve menu input.] | last click/Left@1143,106 (1s ago), fg ? | at FillTextFieldAsync: second click (0s ago) | pool threads=14,pending=1
2026-06-25 19:20:36Z hc3 (D2R_3): frame CharacterScreen (16s ago) [degraded: Detailed status collection is still running; using process-only fallback.] | last click/Left@1143,106 (5s ago), fg ? | at FillTextFieldAsync: type text (3s ago) | pool threads=13,pending=1
2026-06-25 19:20:39Z hc1 (D2R_1): frame CharacterScreen (20s ago) [degraded: UI command is active; using process-only status so diagnostics cannot starve menu input.] | last click/Left@1045,475 (7s ago), fg ? | at ClickMenuEntryButtonUntilEnteredGameAsync: entry grace elapsed (iteration 27), blind re-clicking entry button (1s ago) | pool threads=15,pending=1
2026-06-25 19:20:39Z hc2 (D2R_2): frame CharacterMenu (12s ago) [degraded: Detailed status collection is still running; using process-only fallback.] | last click/Left@1143,106 (2s ago), fg ? | at FillTextFieldAsync: type text (1s ago) | pool threads=14,pending=0
2026-06-25 19:20:39Z hc3 (D2R_3): frame CharacterScreen (19s ago) [degraded: Detailed status collection is still running; using process-only fallback.] | last click/Left@1143,106 (8s ago), fg ? | at FillTextFieldAsync: type text (7s ago) | pool threads=13,pending=1
2026-06-25 19:20:41Z hc1 (D2R_1): frame CharacterScreen (22s ago) [degraded: UI command is active; using process-only status so diagnostics cannot starve menu input.] | last click/Left@1045,475 (9s ago), fg ? | at ClickMenuEntryButtonUntilEnteredGameAsync: loop iteration 32, waiting entry grace before HUD check (0s ago) | pool threads=15,pending=0
2026-06-25 19:20:41Z hc2 (D2R_2): frame CharacterMenu (14s ago) [degraded: Detailed status collection is still running; using process-only fallback.] | last click/Left@1143,106 (4s ago), fg ? | at FillTextFieldAsync: type text (3s ago) | pool threads=14,pending=0
2026-06-25 19:20:41Z hc3 (D2R_3): frame CharacterScreen (21s ago) [degraded: Detailed status collection is still running; using process-only fallback.] | last click/Left@1143,106 (11s ago), fg ? | at FillTextFieldAsync: type text (9s ago) | pool threads=13,pending=1
2026-06-25 19:20:43Z hc1 (D2R_1): frame CharacterScreen (24s ago) [degraded: UI command is active; using process-only status so diagnostics cannot starve menu input.] | last click/Left@1045,475 (11s ago), fg ? | at ClickMenuEntryButtonUntilEnteredGameAsync: loop iteration 43, waiting entry grace before HUD check (0s ago) | pool threads=15,pending=0
2026-06-25 19:20:43Z hc2 (D2R_2): frame CharacterMenu (17s ago) [degraded: Detailed status collection is still running; using process-only fallback.] | last click/Left@1143,106 (6s ago), fg ? | at FillTextFieldAsync: type text (6s ago) | pool threads=14,pending=0
2026-06-25 19:20:43Z hc3 (D2R_3): frame CharacterScreen (24s ago) [degraded: Detailed status collection is still running; using process-only fallback.] | last click/Left@1143,106 (13s ago), fg ? | at FillTextFieldAsync: type text (11s ago) | pool threads=13,pending=1
2026-06-25 19:20:46Z hc1 (D2R_1): frame CharacterScreen (27s ago) [degraded: UI command is active; using process-only status so diagnostics cannot starve menu input.] | last click/Left@1045,475 (14s ago), fg ? | at ClickMenuEntryButtonUntilEnteredGameAsync: loop iteration 55, waiting entry grace before HUD check (0s ago) | pool threads=15,pending=0
2026-06-25 19:20:46Z hc2 (D2R_2): frame CharacterMenu (19s ago) [degraded: Detailed status collection is still running; using process-only fallback.] | last click/Left@1143,106 (9s ago), fg ? | at FillTextFieldAsync: type text (8s ago) | pool threads=14,pending=0
2026-06-25 19:20:46Z hc3 (D2R_3): frame CharacterScreen (26s ago) [degraded: Detailed status collection is still running; using process-only fallback.] | last click/Left@1143,106 (16s ago), fg ? | at FillTextFieldAsync: type text (14s ago) | pool threads=13,pending=1
2026-06-25 19:20:48Z hc1 (D2R_1): frame CharacterScreen (29s ago) [degraded: UI command is active; using process-only status so diagnostics cannot starve menu input.] | last click/Left@1045,475 (16s ago), fg ? | at ClickMenuEntryButtonUntilEnteredGameAsync: loop iteration 58, checking entry (1s ago) | pool threads=15,pending=1
2026-06-25 19:20:48Z hc2 (D2R_2): frame CharacterMenu (21s ago) [degraded: Detailed status collection is still running; using process-only fallback.] | last click/Left@1143,106 (11s ago), fg ? | at FillTextFieldAsync: type text (10s ago) | pool threads=14,pending=0
2026-06-25 19:20:48Z hc3 (D2R_3): frame CharacterScreen (28s ago) [degraded: Detailed status collection is still running; using process-only fallback.] | last click/Left@1143,106 (18s ago), fg ? | at FillTextFieldAsync: type text (16s ago) | pool threads=13,pending=1
2026-06-25 19:20:50Z hc1 (D2R_1): frame CharacterScreen (31s ago) [degraded: UI command is active; using process-only status so diagnostics cannot starve menu input.] | last click/Left@1045,475 (18s ago), fg ? | at ClickMenuEntryButtonUntilEnteredGameAsync: loop iteration 58, checking game-entry error dialog (0s ago) | hud F(scr:hpR=0.00,mpB=0.00,lhpR=0.00,lmpB=0.00,bar(l=0,sd=0,d=0.00,br=0.00,g=0.00),bot(sd=0,d=0.00),ctr(sd=0,d=0.00,br=0.00,g=0.00),win:hpR=0.00,mpB=0.00,lhpR=0.00,lmpB=0.00,bar(l=0,sd=0,d=0.00,br=0.00,g=0.00),bot(sd=0,d=0.00),ctr(sd=0,d=0.00,br=0.00,g=0.00)) (2s ago) | pool threads=15,pending=2
2026-06-25 19:20:50Z hc2 (D2R_2): frame CharacterMenu (23s ago) [degraded: Detailed status collection is still running; using process-only fallback.] | last click/Left@1143,106 (13s ago), fg ? | at FillTextFieldAsync: type text (13s ago) | pool threads=14,pending=0
2026-06-25 19:20:50Z hc3 (D2R_3): frame CharacterScreen (31s ago) [degraded: Detailed status collection is still running; using process-only fallback.] | last click/Left@1143,106 (20s ago), fg ? | at FillTextFieldAsync: type text (18s ago) | pool threads=13,pending=0
2026-06-25 19:20:52Z hc1 (D2R_1): frame CharacterScreen (33s ago) [degraded: UI command is active; using process-only status so diagnostics cannot starve menu input.] | last click/Left@1045,475 (20s ago), fg ? | at ClickMenuEntryButtonUntilEnteredGameAsync: loop iteration 58, checking connection interruption (0s ago) | hud F(scr:hpR=0.00,mpB=0.00,lhpR=0.00,lmpB=0.00,bar(l=0,sd=0,d=0.00,br=0.00,g=0.00),bot(sd=0,d=0.00),ctr(sd=0,d=0.00,br=0.00,g=0.00),win:hpR=0.00,mpB=0.00,lhpR=0.00,lmpB=0.00,bar(l=0,sd=0,d=0.00,br=0.00,g=0.00),bot(sd=0,d=0.00),ctr(sd=0,d=0.00,br=0.00,g=0.00)) (4s ago) | pool threads=16,pending=1
2026-06-25 19:20:52Z hc2 (D2R_2): frame CharacterMenu (26s ago) [degraded: Detailed status collection is still running; using process-only fallback.] | last click/Left@1143,106 (15s ago), fg ? | at FillTextFieldAsync: type text (15s ago) | pool threads=14,pending=0
2026-06-25 19:20:52Z hc3 (D2R_3): frame CharacterScreen (33s ago) [degraded: Detailed status collection is still running; using process-only fallback.] | last click/Left@1143,106 (22s ago), fg ? | at FillTextFieldAsync: type text (20s ago) | pool threads=13,pending=0
2026-06-25 19:20:55Z hc1 (D2R_1): frame CharacterScreen (36s ago) [degraded: UI command is active; using process-only status so diagnostics cannot starve menu input.] | last click/Left@1045,475 (23s ago), fg ? | at ClickMenuEntryButtonUntilEnteredGameAsync: loop iteration 58, checking offline character screen (1s ago) | hud F(scr:hpR=0.00,mpB=0.00,lhpR=0.00,lmpB=0.00,bar(l=0,sd=0,d=0.00,br=0.00,g=0.00),bot(sd=0,d=0.00),ctr(sd=0,d=0.00,br=0.00,g=0.00),win:hpR=0.00,mpB=0.00,lhpR=0.00,lmpB=0.00,bar(l=0,sd=0,d=0.00,br=0.00,g=0.00),bot(sd=0,d=0.00),ctr(sd=0,d=0.00,br=0.00,g=0.00)) (6s ago) | pool threads=17,pending=1
2026-06-25 19:20:55Z hc2 (D2R_2): frame CharacterMenu (28s ago) [degraded: Detailed status collection is still running; using process-only fallback.] | last click/Left@1143,106 (18s ago), fg ? | at FillTextFieldAsync: type text (17s ago) | pool threads=14,pending=0
2026-06-25 19:20:55Z hc3 (D2R_3): frame CharacterScreen (35s ago) [degraded: Detailed status collection is still running; using process-only fallback.] | last click/Left@1143,106 (25s ago), fg ? | at FillTextFieldAsync: type text (23s ago) | pool threads=13,pending=0
2026-06-25 19:20:57Z hc1 (D2R_1): frame CharacterScreen (38s ago) [degraded: UI command is active; using process-only status so diagnostics cannot starve menu input.] | last click/Left@1045,475 (25s ago), fg ? | at WaitForGameEntryAsync: polling for HUD/menu/connection state (0s ago) | hud F(scr:hpR=0.00,mpB=0.00,lhpR=0.00,lmpB=0.00,bar(l=0,sd=0,d=0.00,br=0.00,g=0.00),bot(sd=0,d=0.00),ctr(sd=0,d=0.00,br=0.00,g=0.00),win:hpR=0.00,mpB=0.00,lhpR=0.00,lmpB=0.00,bar(l=0,sd=0,d=0.00,br=0.00,g=0.00),bot(sd=0,d=0.00),ctr(sd=0,d=0.00,br=0.00,g=0.00)) (8s ago) | pool threads=19,pending=1
2026-06-25 19:20:57Z hc2 (D2R_2): frame CharacterMenu (30s ago) [degraded: Detailed status collection is still running; using process-only fallback.] | last click/Left@1143,106 (20s ago), fg ? | at FillTextFieldAsync: type text (19s ago) | pool threads=14,pending=0
2026-06-25 19:20:57Z hc3 (D2R_3): frame CharacterScreen (37s ago) [degraded: Detailed status collection is still running; using process-only fallback.] | last click/Left@1143,106 (27s ago), fg ? | at FillTextFieldAsync: type text (25s ago) | pool threads=13,pending=0
2026-06-25 19:20:59Z hc1 (D2R_1): frame CharacterScreen (40s ago) [degraded: UI command is active; using process-only status so diagnostics cannot starve menu input.] | last click/Left@1045,475 (27s ago), fg ? | at WaitForGameEntryAsync: poll iteration 1: sampling process-relative HUD (0s ago) | hud F(scr:hpR=0.00,mpB=0.00,lhpR=0.00,lmpB=0.00,bar(l=0,sd=0,d=0.00,br=0.00,g=0.00),bot(sd=0,d=0.00),ctr(sd=0,d=0.00,br=0.00,g=0.00),win:hpR=0.00,mpB=0.00,lhpR=0.00,lmpB=0.00,bar(l=0,sd=0,d=0.00,br=0.00,g=0.00),bot(sd=0,d=0.00),ctr(sd=0,d=0.00,br=0.00,g=0.00)) (0s ago) | pool threads=21,pending=1
2026-06-25 19:20:59Z hc2 (D2R_2): frame CharacterMenu (32s ago) [degraded: Detailed status collection is still running; using process-only fallback.] | last click/Left@1143,106 (22s ago), fg ? | at FillTextFieldAsync: type text (22s ago) | pool threads=14,pending=0
2026-06-25 19:20:59Z hc3 (D2R_3): frame CharacterScreen (39s ago) [degraded: Detailed status collection is still running; using process-only fallback.] | last click/Left@1143,106 (29s ago), fg ? | at FillTextFieldAsync: type text (27s ago) | pool threads=13,pending=0
2026-06-25 19:21:01Z hc1 (D2R_1): frame CharacterScreen (42s ago) [degraded: UI command is active; using process-only status so diagnostics cannot starve menu input.] | last click/Left@1045,475 (29s ago), fg ? | at WaitForGameEntryAsync: poll iteration 1, checking connection interruption (1s ago) | hud F(scr:hpR=0.00,mpB=0.00,lhpR=0.00,lmpB=0.00,bar(l=0,sd=0,d=0.00,br=0.00,g=0.00),bot(sd=0,d=0.00),ctr(sd=0,d=0.00,br=0.00,g=0.00),win:hpR=0.00,mpB=0.00,lhpR=0.00,lmpB=0.00,bar(l=0,sd=0,d=0.00,br=0.00,g=0.00),bot(sd=0,d=0.00),ctr(sd=0,d=0.00,br=0.00,g=0.00)) (3s ago) | pool threads=23,pending=1
2026-06-25 19:21:01Z hc2 (D2R_2): frame CharacterMenu (35s ago) [degraded: Detailed status collection is still running; using process-only fallback.] | last click/Left@1143,106 (24s ago), fg ? | at FillTextFieldAsync: type text (24s ago) | pool threads=14,pending=0
2026-06-25 19:21:01Z hc3 (D2R_3): frame CharacterScreen (42s ago) [degraded: Detailed status collection is still running; using process-only fallback.] | last click/Left@1143,106 (31s ago), fg ? | at FillTextFieldAsync: type text (29s ago) | pool threads=13,pending=0
2026-06-25 19:21:04Z hc1 (D2R_1): frame CharacterScreen (45s ago) [degraded: UI command is active; using process-only status so diagnostics cannot starve menu input.] | last click/Left@1045,475 (32s ago), fg ? | at WaitForGameEntryAsync: poll iteration 1, checking offline character screen (0s ago) | hud F(scr:hpR=0.00,mpB=0.00,lhpR=0.00,lmpB=0.00,bar(l=0,sd=0,d=0.00,br=0.00,g=0.00),bot(sd=0,d=0.00),ctr(sd=0,d=0.00,br=0.00,g=0.00),win:hpR=0.00,mpB=0.00,lhpR=0.00,lmpB=0.00,bar(l=0,sd=0,d=0.00,br=0.00,g=0.00),bot(sd=0,d=0.00),ctr(sd=0,d=0.00,br=0.00,g=0.00)) (5s ago) | pool threads=25,pending=1
2026-06-25 19:21:04Z hc2 (D2R_2): frame CharacterMenu (37s ago) [degraded: Detailed status collection is still running; using process-only fallback.] | last click/Left@1143,106 (27s ago), fg ? | at FillTextFieldAsync: type text (26s ago) | pool threads=14,pending=0
2026-06-25 19:21:04Z hc3 (D2R_3): frame CharacterScreen (44s ago) [degraded: Detailed status collection is still running; using process-only fallback.] | last click/Left@1143,106 (34s ago), fg ? | at FillTextFieldAsync: type text (32s ago) | pool threads=13,pending=0
2026-06-25 19:21:07Z hc1 (D2R_1): frame CharacterScreen (48s ago) [degraded: UI command is active; using process-only status so diagnostics cannot starve menu input.] | last click/Left@1045,475 (35s ago), fg ? | at WaitForGameEntryAsync: poll iteration 1, checking offline character screen (3s ago) | hud F(scr:hpR=0.00,mpB=0.00,lhpR=0.00,lmpB=0.00,bar(l=0,sd=0,d=0.00,br=0.00,g=0.00),bot(sd=0,d=0.00),ctr(sd=0,d=0.00,br=0.00,g=0.00),win:hpR=0.00,mpB=0.00,lhpR=0.00,lmpB=0.00,bar(l=0,sd=0,d=0.00,br=0.00,g=0.00),bot(sd=0,d=0.00),ctr(sd=0,d=0.00,br=0.00,g=0.00)) (8s ago) | pool threads=27,pending=1
2026-06-25 19:21:07Z hc2 (D2R_2): frame CharacterMenu (39s ago) [degraded: Detailed status collection is still running; using process-only fallback.] | last click/Left@1143,106 (29s ago), fg ? | at FillTextFieldAsync: type text (29s ago) | pool threads=14,pending=0
2026-06-25 19:21:07Z hc3 (D2R_3): frame CharacterScreen (46s ago) [degraded: Detailed status collection is still running; using process-only fallback.] | last click/Left@1143,106 (36s ago), fg ? | at FillTextFieldAsync: type text (34s ago) | pool threads=13,pending=0
2026-06-25 19:21:09Z hc1 (D2R_1): frame CharacterScreen (50s ago) [degraded: UI command is active; using process-only status so diagnostics cannot starve menu input.] | last click/Left@1045,475 (37s ago), fg ? | at WaitForGameEntryAsync: poll iteration 2: sampling screen-relative HUD (0s ago) | hud F(scr:hpR=0.00,mpB=0.00,lhpR=0.00,lmpB=0.00,bar(l=0,sd=0,d=0.00,br=0.00,g=0.00),bot(sd=0,d=0.00),ctr(sd=0,d=0.00,br=0.00,g=0.00),win:hpR=0.00,mpB=0.00,lhpR=0.00,lmpB=0.00,bar(l=0,sd=0,d=0.00,br=0.00,g=0.00),bot(sd=0,d=0.00),ctr(sd=0,d=0.00,br=0.00,g=0.00)) (1s ago) | pool threads=29,pending=1
2026-06-25 19:21:09Z hc2 (D2R_2): frame CharacterMenu (42s ago) [degraded: Detailed status collection is still running; using process-only fallback.] | last click/Left@1143,106 (32s ago), fg ? | at FillTextFieldAsync: type text (31s ago) | pool threads=14,pending=0
2026-06-25 19:21:09Z hc3 (D2R_3): frame CharacterScreen (49s ago) [degraded: Detailed status collection is still running; using process-only fallback.] | last click/Left@1143,106 (39s ago), fg ? | at FillTextFieldAsync: type text (37s ago) | pool threads=13,pending=0
2026-06-25 19:21:11Z hc1 (D2R_1): frame CharacterScreen (52s ago) [degraded: UI command is active; using process-only status so diagnostics cannot starve menu input.] | last click/Left@1045,475 (39s ago), fg ? | at WaitForGameEntryAsync: poll iteration 2, checking game-entry error dialog (0s ago) | hud F(scr:hpR=0.00,mpB=0.00,lhpR=0.00,lmpB=0.00,bar(l=0,sd=0,d=0.00,br=0.00,g=0.00),bot(sd=0,d=0.00),ctr(sd=0,d=0.00,br=0.00,g=0.00),win:hpR=0.00,mpB=0.00,lhpR=0.00,lmpB=0.00,bar(l=0,sd=0,d=0.00,br=0.00,g=0.00),bot(sd=0,d=0.00),ctr(sd=0,d=0.00,br=0.00,g=0.00)) (4s ago) | pool threads=31,pending=1
2026-06-25 19:21:11Z hc2 (D2R_2): frame CharacterMenu (44s ago) [degraded: Detailed status collection is still running; using process-only fallback.] | last click/Left@1143,106 (34s ago), fg ? | at FillTextFieldAsync: type text (34s ago) | pool threads=13,pending=0
2026-06-25 19:21:11Z hc3 (D2R_3): frame CharacterScreen (51s ago) [degraded: Detailed status collection is still running; using process-only fallback.] | last click/Left@1143,106 (41s ago), fg ? | at FillTextFieldAsync: type text (39s ago) | pool threads=11,pending=0
2026-06-25 19:21:14Z hc1 (D2R_1): frame CharacterScreen (54s ago) [degraded: UI command is active; using process-only status so diagnostics cannot starve menu input.] | last click/Left@1045,475 (42s ago), fg ? | at WaitForGameEntryAsync: poll iteration 2, checking offline character screen (1s ago) | hud F(scr:hpR=0.00,mpB=0.00,lhpR=0.00,lmpB=0.00,bar(l=0,sd=0,d=0.00,br=0.00,g=0.00),bot(sd=0,d=0.00),ctr(sd=0,d=0.00,br=0.00,g=0.00),win:hpR=0.00,mpB=0.00,lhpR=0.00,lmpB=0.00,bar(l=0,sd=0,d=0.00,br=0.00,g=0.00),bot(sd=0,d=0.00),ctr(sd=0,d=0.00,br=0.00,g=0.00)) (6s ago) | pool threads=32,pending=1
2026-06-25 19:21:14Z hc2 (D2R_2): frame CharacterMenu (47s ago) [degraded: Detailed status collection is still running; using process-only fallback.] | last click/Left@1143,106 (36s ago), fg ? | at FillTextFieldAsync: type text (36s ago) | pool threads=10,pending=0
2026-06-25 19:21:14Z hc3 (D2R_3): frame CharacterScreen (54s ago) [degraded: Detailed status collection is still running; using process-only fallback.] | last click/Left@1143,106 (43s ago), fg ? | at FillTextFieldAsync: type text (42s ago) | pool threads=10,pending=0
2026-06-25 19:21:16Z hc1 (D2R_1): frame CharacterScreen (57s ago) [degraded: UI command is active; using process-only status so diagnostics cannot starve menu input.] | last click/Left@1045,475 (44s ago), fg ? | at WaitForGameEntryAsync: poll iteration 2, checking lobby menu return (1s ago) | hud F(scr:hpR=0.00,mpB=0.00,lhpR=0.00,lmpB=0.00,bar(l=0,sd=0,d=0.00,br=0.00,g=0.00),bot(sd=0,d=0.00),ctr(sd=0,d=0.00,br=0.00,g=0.00),win:hpR=0.00,mpB=0.00,lhpR=0.00,lmpB=0.00,bar(l=0,sd=0,d=0.00,br=0.00,g=0.00),bot(sd=0,d=0.00),ctr(sd=0,d=0.00,br=0.00,g=0.00)) (9s ago) | pool threads=35,pending=1
2026-06-25 19:21:16Z hc2 (D2R_2): frame CharacterMenu (49s ago) [degraded: Detailed status collection is still running; using process-only fallback.] | last click/Left@1143,106 (39s ago), fg ? | at FillTextFieldAsync: type text (38s ago) | pool threads=10,pending=0
2026-06-25 19:21:16Z hc3 (D2R_3): frame CharacterScreen (56s ago) [degraded: Detailed status collection is still running; using process-only fallback.] | last click/Left@1143,106 (46s ago), fg ? | at FillTextFieldAsync: type text (44s ago) | pool threads=10,pending=0
2026-06-25 19:21:19Z hc1 (D2R_1): frame CharacterScreen (1m0s ago) [degraded: UI command is active; using process-only status so diagnostics cannot starve menu input.] | last click/Left@1045,475 (47s ago), fg ? | at WaitForGameEntryAsync: poll iteration 2, lobby menu absent; waiting for HUD confirmation (2s ago) | hud F(scr:hpR=0.00,mpB=0.00,lhpR=0.00,lmpB=0.00,bar(l=0,sd=0,d=0.00,br=0.00,g=0.00),bot(sd=0,d=0.00),ctr(sd=0,d=0.00,br=0.00,g=0.00),win:hpR=0.00,mpB=0.00,lhpR=0.00,lmpB=0.00,bar(l=0,sd=0,d=0.00,br=0.00,g=0.00),bot(sd=0,d=0.00),ctr(sd=0,d=0.00,br=0.00,g=0.00)) (11s ago) | pool threads=38,pending=2
2026-06-25 19:21:19Z hc2 (D2R_2): frame CharacterMenu (52s ago) [degraded: Detailed status collection is still running; using process-only fallback.] | last click/Left@1143,106 (41s ago), fg ? | at FillTextFieldAsync: type text (41s ago) | pool threads=10,pending=0
2026-06-25 19:21:19Z hc3 (D2R_3): frame CharacterScreen (59s ago) [degraded: Detailed status collection is still running; using process-only fallback.] | last click/Left@1143,106 (48s ago), fg ? | at FillTextFieldAsync: type text (47s ago) | pool threads=10,pending=0
2026-06-25 19:21:21Z hc1 (D2R_1): frame CharacterScreen (1m2s ago) [degraded: UI command is active; using process-only status so diagnostics cannot starve menu input.] | last click/Left@1045,475 (49s ago), fg ? | at WaitForGameEntryAsync: poll iteration 3, checking connection interruption (0s ago) | hud F(scr:hpR=0.00,mpB=0.00,lhpR=0.00,lmpB=0.00,bar(l=0,sd=0,d=0.00,br=0.00,g=0.00),bot(sd=0,d=0.00),ctr(sd=0,d=0.00,br=0.00,g=0.00),win:hpR=0.00,mpB=0.00,lhpR=0.00,lmpB=0.00,bar(l=0,sd=0,d=0.00,br=0.00,g=0.00),bot(sd=0,d=0.00),ctr(sd=0,d=0.00,br=0.00,g=0.00)) (2s ago) | pool threads=41,pending=4
2026-06-25 19:21:21Z hc2 (D2R_2): frame CharacterMenu (54s ago) [degraded: Detailed status collection is still running; using process-only fallback.] | last click/Left@1143,106 (44s ago), fg ? | at FillTextFieldAsync: type text (43s ago) | pool threads=10,pending=0
2026-06-25 19:21:21Z hc3 (D2R_3): frame CharacterScreen (1m1s ago) [degraded: Detailed status collection is still running; using process-only fallback.] | last click/Left@1143,106 (51s ago), fg ? | at FillTextFieldAsync: type text (49s ago) | pool threads=10,pending=0
2026-06-25 19:21:24Z hc1 (D2R_1): frame CharacterScreen (1m5s ago) [degraded: UI command is active; using process-only status so diagnostics cannot starve menu input.] | last click/Left@1045,475 (52s ago), fg ? | at WaitForGameEntryAsync: poll iteration 3, checking offline character screen (0s ago) | hud F(scr:hpR=0.00,mpB=0.00,lhpR=0.00,lmpB=0.00,bar(l=0,sd=0,d=0.00,br=0.00,g=0.00),bot(sd=0,d=0.00),ctr(sd=0,d=0.00,br=0.00,g=0.00),win:hpR=0.00,mpB=0.00,lhpR=0.00,lmpB=0.00,bar(l=0,sd=0,d=0.00,br=0.00,g=0.00),bot(sd=0,d=0.00),ctr(sd=0,d=0.00,br=0.00,g=0.00)) (5s ago) | pool threads=43,pending=4
2026-06-25 19:21:24Z hc2 (D2R_2): frame CharacterMenu (57s ago) [degraded: Detailed status collection is still running; using process-only fallback.] | last click/Left@1143,106 (46s ago), fg ? | at FillTextFieldAsync: type text (46s ago) | pool threads=10,pending=0
2026-06-25 19:21:24Z hc3 (D2R_3): frame CharacterScreen (1m4s ago) [degraded: Detailed status collection is still running; using process-only fallback.] | last click/Left@1143,106 (53s ago), fg ? | at FillTextFieldAsync: type text (52s ago) | pool threads=10,pending=0
2026-06-25 19:21:27Z hc1 (D2R_1): frame CharacterScreen (1m8s ago) [degraded: UI command is active; using process-only status so diagnostics cannot starve menu input.] | last click/Left@1045,475 (55s ago), fg ? | at WaitForGameEntryAsync: poll iteration 3, checking lobby menu return (0s ago) | hud F(scr:hpR=0.00,mpB=0.00,lhpR=0.00,lmpB=0.00,bar(l=0,sd=0,d=0.00,br=0.00,g=0.00),bot(sd=0,d=0.00),ctr(sd=0,d=0.00,br=0.00,g=0.00),win:hpR=0.00,mpB=0.00,lhpR=0.00,lmpB=0.00,bar(l=0,sd=0,d=0.00,br=0.00,g=0.00),bot(sd=0,d=0.00),ctr(sd=0,d=0.00,br=0.00,g=0.00)) (8s ago) | pool threads=47,pending=2
2026-06-25 19:21:27Z hc2 (D2R_2): frame CharacterMenu (1m0s ago) [degraded: Detailed status collection is still running; using process-only fallback.] | last click/Left@1143,106 (49s ago), fg ? | at FillTextFieldAsync: type text (49s ago) | pool threads=10,pending=0
2026-06-25 19:21:27Z hc3 (D2R_3): frame CharacterScreen (1m7s ago) [degraded: Detailed status collection is still running; using process-only fallback.] | last click/Left@1143,106 (56s ago), fg ? | at FillTextFieldAsync: type text (54s ago) | pool threads=10,pending=0
2026-06-25 19:21:30Z hc1 (D2R_1): frame CharacterScreen (1m11s ago) [degraded: UI command is active; using process-only status so diagnostics cannot starve menu input.] | last click/Left@1045,475 (58s ago), fg ? | at WaitForGameEntryAsync: deadline: sampling process-relative HUD (0s ago) | hud F(scr:hpR=0.00,mpB=0.00,lhpR=0.00,lmpB=0.00,bar(l=0,sd=0,d=0.00,br=0.00,g=0.00),bot(sd=0,d=0.00),ctr(sd=0,d=0.00,br=0.00,g=0.00),win:hpR=0.00,mpB=0.00,lhpR=0.00,lmpB=0.00,bar(l=0,sd=0,d=0.00,br=0.00,g=0.00),bot(sd=0,d=0.00),ctr(sd=0,d=0.00,br=0.00,g=0.00)) (0s ago) | pool threads=51,pending=5
2026-06-25 19:21:30Z hc2 (D2R_2): frame CharacterMenu (1m3s ago) [degraded: Detailed status collection is still running; using process-only fallback.] | last click/Left@1143,106 (53s ago), fg ? | at FillTextFieldAsync: type text (52s ago) | pool threads=10,pending=0
2026-06-25 19:21:30Z hc3 (D2R_3): frame CharacterScreen (1m10s ago) [degraded: Detailed status collection is still running; using process-only fallback.] | last click/Left@1143,106 (1m0s ago), fg ? | at FillTextFieldAsync: type text (58s ago) | pool threads=10,pending=0
2026-06-25 19:21:33Z hc1 (D2R_1): frame CharacterScreen (1m14s ago) [degraded: UI command is active; using process-only status so diagnostics cannot starve menu input.] | last click/Left@1045,475 (1m2s ago), fg ? | at WaitForGameEntryAsync: deadline, checking game-entry error dialog (1s ago) | hud F(scr:hpR=0.00,mpB=0.00,lhpR=0.00,lmpB=0.00,bar(l=0,sd=0,d=0.00,br=0.00,g=0.00),bot(sd=0,d=0.00),ctr(sd=0,d=0.00,br=0.00,g=0.00),win:hpR=0.00,mpB=0.00,lhpR=0.00,lmpB=0.00,bar(l=0,sd=0,d=0.00,br=0.00,g=0.00),bot(sd=0,d=0.00),ctr(sd=0,d=0.00,br=0.00,g=0.00)) (3s ago) | pool threads=54,pending=6
2026-06-25 19:21:33Z hc2 (D2R_2): frame CharacterMenu (1m6s ago) [degraded: Detailed status collection is still running; using process-only fallback.] | last click/Left@1143,106 (56s ago), fg ? | at FillTextFieldAsync: type text (55s ago) | pool threads=10,pending=0
2026-06-25 19:21:33Z hc3 (D2R_3): frame CharacterScreen (1m13s ago) [degraded: Detailed status collection is still running; using process-only fallback.] | last click/Left@1143,106 (1m3s ago), fg ? | at FillTextFieldAsync: type text (1m1s ago) | pool threads=10,pending=0
2026-06-25 19:21:37Z hc1 (D2R_1): frame CharacterScreen (1m18s ago) [degraded: UI command is active; using process-only status so diagnostics cannot starve menu input.] | last click/Left@1045,475 (1m6s ago), fg ? | at WaitForGameEntryAsync: deadline, checking character screen return (0s ago) | hud F(scr:hpR=0.00,mpB=0.00,lhpR=0.00,lmpB=0.00,bar(l=0,sd=0,d=0.00,br=0.00,g=0.00),bot(sd=0,d=0.00),ctr(sd=0,d=0.00,br=0.00,g=0.00),win:hpR=0.00,mpB=0.00,lhpR=0.00,lmpB=0.00,bar(l=0,sd=0,d=0.00,br=0.00,g=0.00),bot(sd=0,d=0.00),ctr(sd=0,d=0.00,br=0.00,g=0.00)) (7s ago) | pool threads=57,pending=5
2026-06-25 19:21:37Z hc2 (D2R_2): frame CharacterMenu (1m9s ago) [degraded: Detailed status collection is still running; using process-only fallback.] | last click/Left@1143,106 (59s ago), fg ? | at FillTextFieldAsync: type text (58s ago) | pool threads=10,pending=0
2026-06-25 19:21:37Z hc3 (D2R_3): frame CharacterScreen (1m16s ago) [degraded: Detailed status collection is still running; using process-only fallback.] | last click/Left@1143,106 (1m6s ago), fg ? | at FillTextFieldAsync: type text (1m4s ago) | pool threads=10,pending=0
2026-06-25 19:21:40Z hc1 (D2R_1): frame CharacterScreen (1m21s ago) [degraded: UI command is active; using process-only status so diagnostics cannot starve menu input.] | last click/Left@1045,475 (1m8s ago), fg ? | at WaitForGameEntryAsync: deadline, checking character screen return (3s ago) | hud F(scr:hpR=0.00,mpB=0.00,lhpR=0.00,lmpB=0.00,bar(l=0,sd=0,d=0.00,br=0.00,g=0.00),bot(sd=0,d=0.00),ctr(sd=0,d=0.00,br=0.00,g=0.00),win:hpR=0.00,mpB=0.00,lhpR=0.00,lmpB=0.00,bar(l=0,sd=0,d=0.00,br=0.00,g=0.00),bot(sd=0,d=0.00),ctr(sd=0,d=0.00,br=0.00,g=0.00)) (9s ago) | pool threads=60,pending=6
2026-06-25 19:21:40Z hc2 (D2R_2): frame CharacterMenu (1m13s ago) [degraded: Detailed status collection is still running; using process-only fallback.] | last click/Left@1143,106 (1m3s ago), fg ? | at FillTextFieldAsync: type text (1m2s ago) | pool threads=10,pending=0
2026-06-25 19:21:40Z hc3 (D2R_3): frame CharacterScreen (1m20s ago) [degraded: Detailed status collection is still running; using process-only fallback.] | last click/Left@1143,106 (1m10s ago), fg ? | at FillTextFieldAsync: type text (1m8s ago) | pool threads=10,pending=0
2026-06-25 19:21:43Z hc1 (D2R_1): frame CharacterScreen (1m24s ago) [degraded: UI command is active; using process-only status so diagnostics cannot starve menu input.] | last click/Left@1045,475 (1m11s ago), fg ? | at ClickMenuEntryButtonUntilEnteredGameAsync: loop iteration 59, checking entry (0s ago) | hud F(scr:hpR=0.00,mpB=0.00,lhpR=0.00,lmpB=0.00,bar(l=0,sd=0,d=0.00,br=0.00,g=0.00),bot(sd=0,d=0.00),ctr(sd=0,d=0.00,br=0.00,g=0.00),win:hpR=0.00,mpB=0.00,lhpR=0.00,lmpB=0.00,bar(l=0,sd=0,d=0.00,br=0.00,g=0.00),bot(sd=0,d=0.00),ctr(sd=0,d=0.00,br=0.00,g=0.00)) (2s ago) | pool threads=63,pending=8
2026-06-25 19:21:43Z hc2 (D2R_2): frame CharacterMenu (1m16s ago) [degraded: Detailed status collection is still running; using process-only fallback.] | last click/Left@1143,106 (1m5s ago), fg ? | at FillTextFieldAsync: type text (1m5s ago) | pool threads=10,pending=0
2026-06-25 19:21:43Z hc3 (D2R_3): frame CharacterScreen (1m23s ago) [degraded: Detailed status collection is still running; using process-only fallback.] | last click/Left@1143,106 (1m12s ago), fg ? | at FillTextFieldAsync: type text (1m10s ago) | pool threads=10,pending=0
2026-06-25 19:21:46Z hc1 (D2R_1): frame CharacterScreen (1m27s ago) [degraded: UI command is active; using process-only status so diagnostics cannot starve menu input.] | last click/Left@1045,475 (1m14s ago), fg ? | at ClickMenuEntryButtonUntilEnteredGameAsync: loop iteration 59: sampling screen-relative HUD (0s ago) | hud F(scr:hpR=0.00,mpB=0.00,lhpR=0.00,lmpB=0.00,bar(l=0,sd=0,d=0.00,br=0.00,g=0.00),bot(sd=0,d=0.00),ctr(sd=0,d=0.00,br=0.00,g=0.00),win:hpR=0.00,mpB=0.00,lhpR=0.00,lmpB=0.00,bar(l=0,sd=0,d=0.00,br=0.00,g=0.00),bot(sd=0,d=0.00),ctr(sd=0,d=0.00,br=0.00,g=0.00)) (1s ago) | pool threads=66,pending=11
2026-06-25 19:21:46Z hc2 (D2R_2): frame CharacterMenu (1m19s ago) [degraded: Detailed status collection is still running; using process-only fallback.] | last click/Left@1143,106 (1m8s ago), fg ? | at FillTextFieldAsync: type text (1m8s ago) | pool threads=10,pending=0
2026-06-25 19:21:46Z hc3 (D2R_3): frame CharacterScreen (1m26s ago) [degraded: Detailed status collection is still running; using process-only fallback.] | last click/Left@1143,106 (1m15s ago), fg ? | at FillTextFieldAsync: type text (1m13s ago) | pool threads=10,pending=0
2026-06-25 19:21:49Z hc1 (D2R_1): frame CharacterScreen (1m30s ago) [degraded: UI command is active; using process-only status so diagnostics cannot starve menu input.] | last click/Left@1045,475 (1m17s ago), fg ? | at ClickMenuEntryButtonUntilEnteredGameAsync: loop iteration 59, checking connection interruption (0s ago) | hud F(scr:hpR=0.00,mpB=0.00,lhpR=0.00,lmpB=0.00,bar(l=0,sd=0,d=0.00,br=0.00,g=0.00),bot(sd=0,d=0.00),ctr(sd=0,d=0.00,br=0.00,g=0.00),win:hpR=0.00,mpB=0.00,lhpR=0.00,lmpB=0.00,bar(l=0,sd=0,d=0.00,br=0.00,g=0.00),bot(sd=0,d=0.00),ctr(sd=0,d=0.00,br=0.00,g=0.00)) (4s ago) | pool threads=68,pending=9
2026-06-25 19:21:49Z hc2 (D2R_2): frame CharacterMenu (1m22s ago) [degraded: Detailed status collection is still running; using process-only fallback.] | last click/Left@1143,106 (1m11s ago), fg ? | at FillTextFieldAsync: type text (1m11s ago) | pool threads=10,pending=0
2026-06-25 19:21:49Z hc3 (D2R_3): frame CharacterScreen (1m29s ago) [degraded: Detailed status collection is still running; using process-only fallback.] | last click/Left@1143,106 (1m18s ago), fg ? | at FillTextFieldAsync: type text (1m16s ago) | pool threads=10,pending=0
2026-06-25 19:21:51Z hc1 (D2R_1): frame CharacterScreen (1m32s ago) [degraded: UI command is active; using process-only status so diagnostics cannot starve menu input.] | last click/Left@1045,475 (1m19s ago), fg ? | at ClickMenuEntryButtonUntilEnteredGameAsync: loop iteration 59, checking connection interruption (3s ago) | hud F(scr:hpR=0.00,mpB=0.00,lhpR=0.00,lmpB=0.00,bar(l=0,sd=0,d=0.00,br=0.00,g=0.00),bot(sd=0,d=0.00),ctr(sd=0,d=0.00,br=0.00,g=0.00),win:hpR=0.00,mpB=0.00,lhpR=0.00,lmpB=0.00,bar(l=0,sd=0,d=0.00,br=0.00,g=0.00),bot(sd=0,d=0.00),ctr(sd=0,d=0.00,br=0.00,g=0.00)) (6s ago) | pool threads=71,pending=8
2026-06-25 19:21:51Z hc2 (D2R_2): frame CharacterMenu (1m24s ago) [degraded: Detailed status collection is still running; using process-only fallback.] | last click/Left@1143,106 (1m14s ago), fg ? | at FillTextFieldAsync: type text (1m13s ago) | pool threads=10,pending=0
2026-06-25 19:21:51Z hc3 (D2R_3): frame CharacterScreen (1m31s ago) [degraded: Detailed status collection is still running; using process-only fallback.] | last click/Left@1143,106 (1m21s ago), fg ? | at FillTextFieldAsync: type text (1m19s ago) | pool threads=10,pending=0
2026-06-25 19:21:54Z hc1 (D2R_1): frame CharacterScreen (1m35s ago) [degraded: UI command is active; using process-only status so diagnostics cannot starve menu input.] | last click/Left@1045,475 (1m22s ago), fg ? | at ClickMenuEntryButtonUntilEnteredGameAsync: timeout boundary after connection check (iteration 59): HUD not ready (0s ago) | hud F(scr:hpR=0.00,mpB=0.00,lhpR=0.00,lmpB=0.00,bar(l=0,sd=0,d=0.00,br=0.00,g=0.00),bot(sd=0,d=0.00),ctr(sd=0,d=0.00,br=0.00,g=0.00),win:hpR=0.00,mpB=0.00,lhpR=0.00,lmpB=0.00,bar(l=0,sd=0,d=0.00,br=0.00,g=0.00),bot(sd=0,d=0.00),ctr(sd=0,d=0.00,br=0.00,g=0.00)) (2s ago) | pool threads=74,pending=8
2026-06-25 19:21:54Z hc2 (D2R_2): frame CharacterMenu (1m27s ago) [degraded: Detailed status collection is still running; using process-only fallback.] | last click/Left@1143,106 (1m16s ago), fg ? | at FillTextFieldAsync: type text (1m16s ago) | pool threads=10,pending=0
2026-06-25 19:21:54Z hc3 (D2R_3): frame CharacterScreen (1m34s ago) [degraded: Detailed status collection is still running; using process-only fallback.] | last click/Left@1143,106 (1m23s ago), fg ? | at FillTextFieldAsync: type text (1m21s ago) | pool threads=10,pending=0
2026-06-25 19:21:57Z hc1 (D2R_1): frame CharacterScreen (1m38s ago) [degraded: UI command is active; using process-only status so diagnostics cannot starve menu input.] | last click/Left@1045,475 (1m25s ago), fg ? | at ClickMenuEntryButtonUntilEnteredGameAsync: loop iteration 59, checking offline character screen (1s ago) | hud F(scr:hpR=0.00,mpB=0.00,lhpR=0.00,lmpB=0.00,bar(l=0,sd=0,d=0.00,br=0.00,g=0.00),bot(sd=0,d=0.00),ctr(sd=0,d=0.00,br=0.00,g=0.00),win:hpR=0.00,mpB=0.00,lhpR=0.00,lmpB=0.00,bar(l=0,sd=0,d=0.00,br=0.00,g=0.00),bot(sd=0,d=0.00),ctr(sd=0,d=0.00,br=0.00,g=0.00)) (5s ago) | pool threads=77,pending=7
2026-06-25 19:21:57Z hc2 (D2R_2): frame CharacterMenu (1m30s ago) [degraded: Detailed status collection is still running; using process-only fallback.] | last click/Left@1143,106 (1m19s ago), fg ? | at FillTextFieldAsync: type text (1m19s ago) | pool threads=10,pending=0
2026-06-25 19:21:57Z hc3 (D2R_3): frame CharacterScreen (1m37s ago) [degraded: Detailed status collection is still running; using process-only fallback.] | last click/Left@1143,106 (1m26s ago), fg ? | at FillTextFieldAsync: type text (1m24s ago) | pool threads=6,pending=0
2026-06-25 19:22:00Z hc1 (D2R_1): frame CharacterScreen (1m41s ago) [degraded: UI command is active; using process-only status so diagnostics cannot starve menu input.] | last click/Left@1045,475 (1m28s ago), fg ? | at ClickMenuEntryButtonUntilEnteredGameAsync: timeout boundary after offline-screen check (iteration 59): sampling process-relative HUD (0s ago) | hud F(scr:hpR=0.00,mpB=0.00,lhpR=0.00,lmpB=0.00,bar(l=0,sd=0,d=0.00,br=0.00,g=0.00),bot(sd=0,d=0.00),ctr(sd=0,d=0.00,br=0.00,g=0.00),win:hpR=0.00,mpB=0.00,lhpR=0.00,lmpB=0.00,bar(l=0,sd=0,d=0.00,br=0.00,g=0.00),bot(sd=0,d=0.00),ctr(sd=0,d=0.00,br=0.00,g=0.00)) (0s ago) | pool threads=81,pending=5
2026-06-25 19:22:00Z hc2 (D2R_2): frame CharacterMenu (1m33s ago) [degraded: Detailed status collection is still running; using process-only fallback.] | last click/Left@1143,106 (1m22s ago), fg ? | at FillTextFieldAsync: type text (1m22s ago) | pool threads=10,pending=0
2026-06-25 19:22:00Z hc3 (D2R_3): frame CharacterScreen (1m40s ago) [degraded: Detailed status collection is still running; using process-only fallback.] | last click/Left@1143,106 (1m29s ago), fg ? | at FillTextFieldAsync: type text (1m27s ago) | pool threads=6,pending=0
2026-06-25 19:22:03Z hc1 (D2R_1): frame CharacterScreen (1m44s ago) [degraded: UI command is active; using process-only status so diagnostics cannot starve menu input.] | last click/Left@1045,475 (1m31s ago), fg ? | at ClickMenuEntryButtonUntilEnteredGameAsync: timeout boundary after offline-screen check (iteration 59): HUD not ready (1s ago) | hud F(scr:hpR=0.00,mpB=0.00,lhpR=0.00,lmpB=0.00,bar(l=0,sd=0,d=0.00,br=0.00,g=0.00),bot(sd=0,d=0.00),ctr(sd=0,d=0.00,br=0.00,g=0.00),win:hpR=0.00,mpB=0.00,lhpR=0.00,lmpB=0.00,bar(l=0,sd=0,d=0.00,br=0.00,g=0.00),bot(sd=0,d=0.00),ctr(sd=0,d=0.00,br=0.00,g=0.00)) (3s ago) | pool threads=84,pending=5
2026-06-25 19:22:03Z hc2 (D2R_2): frame CharacterMenu (1m35s ago) [degraded: Detailed status collection is still running; using process-only fallback.] | last click/Left@1143,106 (1m25s ago), fg ? | at FillTextFieldAsync: type text (1m24s ago) | pool threads=10,pending=0
2026-06-25 19:22:03Z hc3 (D2R_3): frame CharacterScreen (1m42s ago) [degraded: Detailed status collection is still running; using process-only fallback.] | last click/Left@1143,106 (1m32s ago), fg ? | at FillTextFieldAsync: type text (1m30s ago) | pool threads=5,pending=0
2026-06-25 19:22:06Z hc1 (D2R_1): frame CharacterScreen (1m47s ago) [degraded: UI command is active; using process-only status so diagnostics cannot starve menu input.] | last click/Left@1045,475 (1m34s ago), fg ? | at ClickMenuEntryButtonUntilEnteredGameAsync: loop iteration 59, checking character select (2s ago) | hud F(scr:hpR=0.00,mpB=0.00,lhpR=0.00,lmpB=0.00,bar(l=0,sd=0,d=0.00,br=0.00,g=0.00),bot(sd=0,d=0.00),ctr(sd=0,d=0.00,br=0.00,g=0.00),win:hpR=0.00,mpB=0.00,lhpR=0.00,lmpB=0.00,bar(l=0,sd=0,d=0.00,br=0.00,g=0.00),bot(sd=0,d=0.00),ctr(sd=0,d=0.00,br=0.00,g=0.00)) (6s ago) | pool threads=87,pending=5
2026-06-25 19:22:06Z hc2 (D2R_2): frame CharacterMenu (1m38s ago) [degraded: Detailed status collection is still running; using process-only fallback.] | last click/Left@1143,106 (1m28s ago), fg ? | at FillTextFieldAsync: type text (1m27s ago) | pool threads=5,pending=0
2026-06-25 19:22:06Z hc3 (D2R_3): frame CharacterScreen (1m45s ago) [degraded: Detailed status collection is still running; using process-only fallback.] | last click/Left@1143,106 (1m35s ago), fg ? | at FillTextFieldAsync: type text (1m33s ago) | pool threads=5,pending=0
2026-06-25 19:22:08Z hc1 (D2R_1): frame CharacterScreen (1m49s ago) [degraded: UI command is active; using process-only status so diagnostics cannot starve menu input.] | last click/Left@1045,475 (1m36s ago), fg ? | at ClickMenuEntryButtonUntilEnteredGameAsync: timeout boundary (iteration 59): sampling screen-relative HUD (0s ago) | hud F(scr:hpR=0.00,mpB=0.00,lhpR=0.00,lmpB=0.00,bar(l=0,sd=0,d=0.00,br=0.00,g=0.00),bot(sd=0,d=0.00),ctr(sd=0,d=0.00,br=0.00,g=0.00),win:hpR=0.00,mpB=0.00,lhpR=0.00,lmpB=0.00,bar(l=0,sd=0,d=0.00,br=0.00,g=0.00),bot(sd=0,d=0.00),ctr(sd=0,d=0.00,br=0.00,g=0.00)) (1s ago) | pool threads=90,pending=3
2026-06-25 19:22:08Z hc2 (D2R_2): frame CharacterMenu (1m41s ago) [degraded: Detailed status collection is still running; using process-only fallback.] | last click/Left@1143,106 (1m31s ago), fg ? | at FillTextFieldAsync: type text (1m30s ago) | pool threads=6,pending=0
2026-06-25 19:22:08Z hc3 (D2R_3): frame CharacterScreen (1m48s ago) [degraded: Detailed status collection is still running; using process-only fallback.] | last click/Left@1143,106 (1m38s ago), fg ? | at FillTextFieldAsync: type text (1m36s ago) | pool threads=5,pending=0
2026-06-25 19:22:15Z hc1 (D2R_1): frame CharacterScreen (1m52s ago) [degraded: UI command is active; using process-only status so diagnostics cannot starve menu input.] | last click/Left@1045,475 (1m39s ago), fg ? | at FormatGameEntryMenuDiagnostics: checking lobby tab (2s ago) | hud F(scr:hpR=0.00,mpB=0.00,lhpR=0.00,lmpB=0.00,bar(l=0,sd=0,d=0.00,br=0.00,g=0.00),bot(sd=0,d=0.00),ctr(sd=0,d=0.00,br=0.00,g=0.00),win:hpR=0.00,mpB=0.00,lhpR=0.00,lmpB=0.00,bar(l=0,sd=0,d=0.00,br=0.00,g=0.00),bot(sd=0,d=0.00),ctr(sd=0,d=0.00,br=0.00,g=0.00)) (4s ago) | pool threads=93,pending=2
2026-06-25 19:22:15Z hc2 (D2R_2): frame CharacterMenu (1m44s ago) [degraded: Detailed status collection is still running; using process-only fallback.] | last click/Left@1143,106 (1m33s ago), fg ? | at FillTextFieldAsync: type text (1m33s ago) | pool threads=6,pending=0
2026-06-25 19:22:15Z hc3 (D2R_3): frame InGame (5s ago) [degraded: Detailed status collection did not return within 4s; using process-only fallback.] | last click/Left@1143,106 (1m44s ago), fg ? | at FillTextFieldAsync: type text (1m43s ago) | pool threads=5,pending=0
2026-06-25 19:22:21Z hc1 (D2R_1): frame CharacterScreen (1m58s ago) [degraded: UI command is active; using process-only status so diagnostics cannot starve menu input.] | last click/Left@1045,475 (1m45s ago), fg ? | at FormatGameEntryMenuDiagnostics: checking form panel (window-relative) (0s ago) | hud F(scr:hpR=0.00,mpB=0.00,lhpR=0.00,lmpB=0.00,bar(l=0,sd=0,d=0.00,br=0.00,g=0.00),bot(sd=0,d=0.00),ctr(sd=0,d=0.00,br=0.00,g=0.00),win:hpR=0.00,mpB=0.00,lhpR=0.00,lmpB=0.00,bar(l=0,sd=0,d=0.00,br=0.00,g=0.00),bot(sd=0,d=0.00),ctr(sd=0,d=0.00,br=0.00,g=0.00)) (10s ago) | pool threads=98,pending=1
2026-06-25 19:22:21Z hc2 (D2R_2): frame NotRunning (5s ago) [degraded: Detailed status collection did not return within 4s; using process-only fallback.] | last click/Left@1143,106 (1m44s ago), fg ? | at FillTextFieldAsync: type text (1m43s ago) | pool threads=6,pending=0
2026-06-25 19:22:21Z hc3 (D2R_3): frame InGame (8s ago) [degraded: Detailed status collection recently exceeded its budget; using process-only fallback.] | last click/Left@1143,106 (1m47s ago), fg ? | at FillTextFieldAsync: type text (1m45s ago) | pool threads=5,pending=0
