2026-06-23 22:26:38Z hc1 (D2R_1): frame CharacterScreen (1m26s ago) [degraded] | last click/Left@952,269 (20m51s ago), fg ?
2026-06-23 22:26:38Z hc2 (D2R_2): frame CharacterScreen (1m28s ago) [degraded] | last key/SplashContinue/G/Space/Enter@683,384 (23m0s ago), fg ok
2026-06-23 22:26:38Z hc3 (D2R_3): frame CharacterScreen (1m22s ago) [degraded] | last key/SplashContinue/G/Space/Enter@683,384 (24m36s ago), fg ok
2026-06-23 22:26:40Z hc1 (D2R_1): frame CharacterScreen (1m28s ago) [degraded] | last click/Left@952,269 (20m53s ago), fg ?
2026-06-23 22:26:40Z hc2 (D2R_2): frame CharacterScreen (1m30s ago) [degraded] | last key/SplashContinue/G/Space/Enter@683,384 (23m2s ago), fg ok
2026-06-23 22:26:40Z hc3 (D2R_3): frame CharacterScreen (1m24s ago) [degraded] | last key/SplashContinue/G/Space/Enter@683,384 (24m38s ago), fg ok
2026-06-23 22:26:42Z hc1 (D2R_1): frame CharacterScreen (1m30s ago) [degraded] | last click/Left@952,269 (20m55s ago), fg ?
2026-06-23 22:26:42Z hc2 (D2R_2): frame CharacterScreen (1m33s ago) [degraded] | last key/SplashContinue/G/Space/Enter@683,384 (23m4s ago), fg ok
2026-06-23 22:26:42Z hc3 (D2R_3): frame CharacterScreen (1m26s ago) [degraded] | last key/SplashContinue/G/Space/Enter@683,384 (24m40s ago), fg ok
2026-06-23 22:26:44Z hc1 (D2R_1): frame CharacterScreen (1m32s ago) [degraded] | last click/Left@952,269 (20m57s ago), fg ?
2026-06-23 22:26:44Z hc2 (D2R_2): frame CharacterScreen (1m35s ago) [degraded] | last key/SplashContinue/G/Space/Enter@683,384 (23m7s ago), fg ok
2026-06-23 22:26:44Z hc3 (D2R_3): frame CharacterScreen (1m29s ago) [degraded] | last key/SplashContinue/G/Space/Enter@683,384 (24m43s ago), fg ok
2026-06-23 22:26:47Z hc1 (D2R_1): frame CharacterScreen (1m34s ago) [degraded] | last click/Left@952,269 (20m59s ago), fg ?
2026-06-23 22:26:47Z hc2 (D2R_2): frame CharacterScreen (1m37s ago) [degraded] | last key/SplashContinue/G/Space/Enter@683,384 (23m9s ago), fg ok
2026-06-23 22:26:47Z hc3 (D2R_3): frame CharacterScreen (1m31s ago) [degraded] | last key/SplashContinue/G/Space/Enter@683,384 (24m45s ago), fg ok
2026-06-23 22:26:49Z hc1 (D2R_1): frame CharacterScreen (1m37s ago) [degraded] | last click/Left@952,269 (21m1s ago), fg ?
2026-06-23 22:26:49Z hc2 (D2R_2): frame CharacterScreen (1m39s ago) [degraded] | last key/SplashContinue/G/Space/Enter@683,384 (23m11s ago), fg ok
2026-06-23 22:26:49Z hc3 (D2R_3): frame CharacterScreen (1m33s ago) [degraded] | last key/SplashContinue/G/Space/Enter@683,384 (24m47s ago), fg ok
2026-06-23 22:26:51Z hc1 (D2R_1): frame CharacterScreen (1m39s ago) [degraded] | last click/Left@952,269 (21m4s ago), fg ?
2026-06-23 22:26:51Z hc2 (D2R_2): frame CharacterScreen (1m41s ago) [degraded] | last key/SplashContinue/G/Space/Enter@683,384 (23m13s ago), fg ok
2026-06-23 22:26:51Z hc3 (D2R_3): frame CharacterScreen (1m35s ago) [degraded] | last key/SplashContinue/G/Space/Enter@683,384 (24m49s ago), fg ok
2026-06-23 22:26:53Z hc1 (D2R_1): frame CharacterScreen (1m41s ago) [degraded] | last click/Left@952,269 (21m6s ago), fg ?
2026-06-23 22:26:53Z hc2 (D2R_2): frame CharacterScreen (1m43s ago) [degraded] | last key/SplashContinue/G/Space/Enter@683,384 (23m15s ago), fg ok
2026-06-23 22:26:53Z hc3 (D2R_3): frame CharacterScreen (1m37s ago) [degraded] | last key/SplashContinue/G/Space/Enter@683,384 (24m51s ago), fg ok
2026-06-23 22:26:55Z hc1 (D2R_1): frame CharacterScreen (1m43s ago) [degraded] | last click/Left@952,269 (21m8s ago), fg ?
2026-06-23 22:26:55Z hc2 (D2R_2): frame CharacterScreen (1m45s ago) [degraded] | last key/SplashContinue/G/Space/Enter@683,384 (23m17s ago), fg ok
2026-06-23 22:26:55Z hc3 (D2R_3): frame CharacterScreen (1m39s ago) [degraded] | last key/SplashContinue/G/Space/Enter@683,384 (24m53s ago), fg ok
2026-06-23 22:26:57Z hc1 (D2R_1): frame CharacterScreen (1m45s ago) [degraded] | last click/Left@952,269 (21m10s ago), fg ?
2026-06-23 22:26:57Z hc2 (D2R_2): frame CharacterScreen (1m48s ago) [degraded] | last key/SplashContinue/G/Space/Enter@683,384 (23m19s ago), fg ok
2026-06-23 22:26:57Z hc3 (D2R_3): frame CharacterScreen (1m41s ago) [degraded] | last key/SplashContinue/G/Space/Enter@683,384 (24m55s ago), fg ok
2026-06-23 22:26:59Z hc1 (D2R_1): frame CharacterScreen (1m47s ago) [degraded] | last click/Left@952,269 (21m12s ago), fg ?
2026-06-23 22:26:59Z hc2 (D2R_2): frame CharacterScreen (1m50s ago) [degraded] | last key/SplashContinue/G/Space/Enter@683,384 (23m22s ago), fg ok
2026-06-23 22:26:59Z hc3 (D2R_3): frame CharacterScreen (1m44s ago) [degraded] | last key/SplashContinue/G/Space/Enter@683,384 (24m58s ago), fg ok
2026-06-23 22:27:02Z hc1 (D2R_1): frame CharacterScreen (1m49s ago) [degraded] | last click/Left@952,269 (21m14s ago), fg ?
2026-06-23 22:27:02Z hc2 (D2R_2): frame CharacterScreen (1m52s ago) [degraded] | last key/SplashContinue/G/Space/Enter@683,384 (23m24s ago), fg ok
2026-06-23 22:27:02Z hc3 (D2R_3): frame CharacterScreen (1m46s ago) [degraded] | last key/SplashContinue/G/Space/Enter@683,384 (25m0s ago), fg ok
2026-06-23 22:27:04Z hc1 (D2R_1): frame CharacterScreen (1m52s ago) [degraded] | last click/Left@952,269 (21m16s ago), fg ?
2026-06-23 22:27:04Z hc2 (D2R_2): frame CharacterScreen (1m54s ago) [degraded] | last key/SplashContinue/G/Space/Enter@683,384 (23m26s ago), fg ok
2026-06-23 22:27:04Z hc3 (D2R_3): frame CharacterScreen (1m48s ago) [degraded] | last key/SplashContinue/G/Space/Enter@683,384 (25m2s ago), fg ok
2026-06-23 22:27:06Z hc1 (D2R_1): frame CharacterScreen (1m54s ago) [degraded] | last click/Left@952,269 (21m19s ago), fg ?
2026-06-23 22:27:06Z hc2 (D2R_2): frame CharacterScreen (1m56s ago) [degraded] | last key/SplashContinue/G/Space/Enter@683,384 (23m28s ago), fg ok
2026-06-23 22:27:06Z hc3 (D2R_3): frame CharacterScreen (1m50s ago) [degraded] | last key/SplashContinue/G/Space/Enter@683,384 (25m4s ago), fg ok
2026-06-23 22:27:08Z hc1 (D2R_1): frame CharacterScreen (1m56s ago) [degraded] | last click/Left@952,269 (21m21s ago), fg ?
2026-06-23 22:27:08Z hc2 (D2R_2): frame CharacterScreen (1m58s ago) [degraded] | last key/SplashContinue/G/Space/Enter@683,384 (23m30s ago), fg ok
2026-06-23 22:27:08Z hc3 (D2R_3): frame CharacterScreen (1m52s ago) [degraded] | last key/SplashContinue/G/Space/Enter@683,384 (25m6s ago), fg ok
2026-06-23 22:27:11Z hc1 (D2R_1): frame CharacterScreen (1m58s ago) [degraded] | last click/Left@952,269 (21m23s ago), fg ?
2026-06-23 22:27:11Z hc2 (D2R_2): frame CharacterScreen (2m0s ago) [degraded] | last key/SplashContinue/G/Space/Enter@683,384 (23m32s ago), fg ok
2026-06-23 22:27:11Z hc3 (D2R_3): frame CharacterScreen (1m54s ago) [degraded] | last key/SplashContinue/G/Space/Enter@683,384 (25m8s ago), fg ok
2026-06-23 22:27:13Z hc1 (D2R_1): frame CharacterScreen (2m0s ago) [degraded] | last click/Left@952,269 (21m25s ago), fg ?
2026-06-23 22:27:13Z hc2 (D2R_2): frame CharacterScreen (2m3s ago) [degraded] | last key/SplashContinue/G/Space/Enter@683,384 (23m35s ago), fg ok
2026-06-23 22:27:13Z hc3 (D2R_3): frame CharacterScreen (1m57s ago) [degraded] | last key/SplashContinue/G/Space/Enter@683,384 (25m11s ago), fg ok
2026-06-23 22:27:15Z hc1 (D2R_1): frame CharacterScreen (2m3s ago) [degraded] | last click/Left@952,269 (21m28s ago), fg ?
2026-06-23 22:27:15Z hc2 (D2R_2): frame CharacterScreen (2m5s ago) [degraded] | last key/SplashContinue/G/Space/Enter@683,384 (23m37s ago), fg ok
2026-06-23 22:27:15Z hc3 (D2R_3): frame CharacterScreen (1m59s ago) [degraded] | last key/SplashContinue/G/Space/Enter@683,384 (25m13s ago), fg ok
2026-06-23 22:27:17Z hc1 (D2R_1): frame CharacterScreen (2m5s ago) [degraded] | last click/Left@952,269 (21m30s ago), fg ?
2026-06-23 22:27:17Z hc2 (D2R_2): frame CharacterScreen (2m7s ago) [degraded] | last key/SplashContinue/G/Space/Enter@683,384 (23m39s ago), fg ok
2026-06-23 22:27:17Z hc3 (D2R_3): frame CharacterScreen (2m1s ago) [degraded] | last key/SplashContinue/G/Space/Enter@683,384 (25m15s ago), fg ok
2026-06-23 22:27:19Z hc1 (D2R_1): frame CharacterScreen (2m7s ago) [degraded] | last click/Left@952,269 (21m32s ago), fg ?
2026-06-23 22:27:19Z hc2 (D2R_2): frame CharacterScreen (2m10s ago) [degraded] | last key/SplashContinue/G/Space/Enter@683,384 (23m41s ago), fg ok
2026-06-23 22:27:19Z hc3 (D2R_3): frame CharacterScreen (2m3s ago) [degraded] | last key/SplashContinue/G/Space/Enter@683,384 (25m17s ago), fg ok
2026-06-23 22:27:21Z hc1 (D2R_1): frame Unknown (0s ago) [degraded] | last key/Escape/G/Space/Enter@683,384 (0s ago), fg lost
2026-06-23 22:27:21Z hc2 (D2R_2): frame Unknown (1s ago) [degraded] | last key/Escape/G/Space/Enter@683,384 (0s ago), fg lost
2026-06-23 22:27:21Z hc3 (D2R_3): frame Unknown (0s ago) [degraded] | last key/Escape/G/Space/Enter@683,384 (0s ago), fg lost
2026-06-23 22:27:24Z hc1 (D2R_1): frame Unknown (3s ago) [degraded] | last key/Escape/G/Space/Enter@683,384 (2s ago), fg lost
2026-06-23 22:27:24Z hc2 (D2R_2): frame Unknown (3s ago) [degraded] | last key/Escape/G/Space/Enter@683,384 (2s ago), fg lost
2026-06-23 22:27:24Z hc3 (D2R_3): frame Unknown (3s ago) [degraded] | last key/Escape/G/Space/Enter@683,384 (2s ago), fg lost
2026-06-23 22:27:26Z hc1 (D2R_1): frame Unknown (5s ago) [degraded] | last key/Escape/G/Space/Enter@683,384 (4s ago), fg lost
2026-06-23 22:27:26Z hc2 (D2R_2): frame Unknown (5s ago) [degraded] | last key/Escape/G/Space/Enter@683,384 (4s ago), fg lost
2026-06-23 22:27:26Z hc3 (D2R_3): frame Unknown (5s ago) [degraded] | last key/Escape/G/Space/Enter@683,384 (4s ago), fg lost
2026-06-23 22:27:28Z hc1 (D2R_1): frame Unknown (7s ago) [degraded] | last key/Escape/G/Space/Enter@683,384 (6s ago), fg lost
2026-06-23 22:27:28Z hc2 (D2R_2): frame Unknown (8s ago) [degraded] | last key/Escape/G/Space/Enter@683,384 (7s ago), fg lost
2026-06-23 22:27:28Z hc3 (D2R_3): frame Unknown (7s ago) [degraded] | last key/Escape/G/Space/Enter@683,384 (6s ago), fg lost
2026-06-23 22:27:31Z hc1 (D2R_1): frame Unknown (10s ago) [degraded] | last key/Escape/G/Space/Enter@683,384 (9s ago), fg lost
2026-06-23 22:27:31Z hc2 (D2R_2): frame Unknown (10s ago) [degraded] | last key/Escape/G/Space/Enter@683,384 (9s ago), fg lost
2026-06-23 22:27:31Z hc3 (D2R_3): frame Unknown (10s ago) [degraded] | last key/Escape/G/Space/Enter@683,384 (9s ago), fg lost
2026-06-23 22:27:33Z hc1 (D2R_1): frame Unknown (12s ago) [degraded] | last key/Escape/G/Space/Enter@683,384 (11s ago), fg lost
2026-06-23 22:27:33Z hc2 (D2R_2): frame Unknown (12s ago) [degraded] | last key/Escape/G/Space/Enter@683,384 (11s ago), fg lost
2026-06-23 22:27:33Z hc3 (D2R_3): frame Unknown (12s ago) [degraded] | last key/Escape/G/Space/Enter@683,384 (11s ago), fg lost
2026-06-23 22:27:35Z hc1 (D2R_1): frame Unknown (14s ago) [degraded] | last key/Escape/G/Space/Enter@683,384 (13s ago), fg lost
2026-06-23 22:27:35Z hc2 (D2R_2): frame Unknown (15s ago) [degraded] | last key/Escape/G/Space/Enter@683,384 (14s ago), fg lost
2026-06-23 22:27:35Z hc3 (D2R_3): frame Unknown (14s ago) [degraded] | last key/Escape/G/Space/Enter@683,384 (13s ago), fg lost
2026-06-23 22:27:38Z hc1 (D2R_1): frame Unknown (17s ago) [degraded] | last key/Escape/G/Space/Enter@683,384 (16s ago), fg lost
2026-06-23 22:27:38Z hc2 (D2R_2): frame Unknown (17s ago) [degraded] | last key/Escape/G/Space/Enter@683,384 (16s ago), fg lost
2026-06-23 22:27:38Z hc3 (D2R_3): frame Unknown (17s ago) [degraded] | last key/Escape/G/Space/Enter@683,384 (16s ago), fg lost
2026-06-23 22:27:40Z hc1 (D2R_1): frame Unknown (19s ago) [degraded] | last key/Escape/G/Space/Enter@683,384 (18s ago), fg lost
2026-06-23 22:27:40Z hc2 (D2R_2): frame Unknown (19s ago) [degraded] | last key/Escape/G/Space/Enter@683,384 (18s ago), fg lost
2026-06-23 22:27:40Z hc3 (D2R_3): frame Unknown (19s ago) [degraded] | last key/Escape/G/Space/Enter@683,384 (18s ago), fg lost
2026-06-23 22:27:42Z hc1 (D2R_1): frame Unknown (21s ago) [degraded] | last key/Escape/G/Space/Enter@683,384 (20s ago), fg lost
2026-06-23 22:27:42Z hc2 (D2R_2): frame Unknown (21s ago) [degraded] | last key/Escape/G/Space/Enter@683,384 (21s ago), fg lost
2026-06-23 22:27:42Z hc3 (D2R_3): frame Unknown (21s ago) [degraded] | last key/Escape/G/Space/Enter@683,384 (20s ago), fg lost
2026-06-23 22:27:44Z hc1 (D2R_1): frame Unknown (23s ago) [degraded] | last key/Escape/G/Space/Enter@683,384 (22s ago), fg lost
2026-06-23 22:27:44Z hc2 (D2R_2): frame Unknown (24s ago) [degraded] | last key/Escape/G/Space/Enter@683,384 (23s ago), fg lost
2026-06-23 22:27:44Z hc3 (D2R_3): frame Unknown (23s ago) [degraded] | last key/Escape/G/Space/Enter@683,384 (22s ago), fg lost
2026-06-23 22:27:47Z hc1 (D2R_1): frame Unknown (25s ago) [degraded] | last key/Escape/G/Space/Enter@683,384 (25s ago), fg lost
2026-06-23 22:27:47Z hc2 (D2R_2): frame Unknown (26s ago) [degraded] | last key/Escape/G/Space/Enter@683,384 (25s ago), fg lost
2026-06-23 22:27:47Z hc3 (D2R_3): frame Unknown (26s ago) [degraded] | last key/Escape/G/Space/Enter@683,384 (25s ago), fg lost
2026-06-23 22:27:49Z hc1 (D2R_1): frame Unknown (28s ago) [degraded] | last key/Escape/G/Space/Enter@683,384 (27s ago), fg lost
2026-06-23 22:27:49Z hc2 (D2R_2): frame Unknown (28s ago) [degraded] | last key/Escape/G/Space/Enter@683,384 (27s ago), fg lost
2026-06-23 22:27:49Z hc3 (D2R_3): frame Unknown (28s ago) [degraded] | last key/Escape/G/Space/Enter@683,384 (27s ago), fg lost
2026-06-23 22:27:51Z hc1 (D2R_1): frame Unknown (30s ago) [degraded] | last key/Escape/G/Space/Enter@683,384 (29s ago), fg lost
2026-06-23 22:27:51Z hc2 (D2R_2): frame Unknown (30s ago) [degraded] | last key/Escape/G/Space/Enter@683,384 (30s ago), fg lost
2026-06-23 22:27:51Z hc3 (D2R_3): frame Unknown (30s ago) [degraded] | last key/Escape/G/Space/Enter@683,384 (29s ago), fg lost
2026-06-23 22:27:53Z hc1 (D2R_1): frame Unknown (32s ago) [degraded] | last key/Escape/G/Space/Enter@683,384 (31s ago), fg lost
2026-06-23 22:27:53Z hc2 (D2R_2): frame Unknown (33s ago) [degraded] | last key/Escape/G/Space/Enter@683,384 (32s ago), fg lost
2026-06-23 22:27:53Z hc3 (D2R_3): frame Unknown (32s ago) [degraded] | last key/Escape/G/Space/Enter@683,384 (31s ago), fg lost
2026-06-23 22:27:56Z hc1 (D2R_1): frame Unknown (35s ago) [degraded] | last key/Escape/G/Space/Enter@683,384 (34s ago), fg lost
2026-06-23 22:27:56Z hc2 (D2R_2): frame Unknown (35s ago) [degraded] | last key/Escape/G/Space/Enter@683,384 (34s ago), fg lost
2026-06-23 22:27:56Z hc3 (D2R_3): frame Unknown (35s ago) [degraded] | last key/Escape/G/Space/Enter@683,384 (34s ago), fg lost
2026-06-23 22:27:58Z hc1 (D2R_1): frame Unknown (37s ago) [degraded] | last key/Escape/G/Space/Enter@683,384 (36s ago), fg lost
2026-06-23 22:27:58Z hc2 (D2R_2): frame Unknown (37s ago) [degraded] | last key/Escape/G/Space/Enter@683,384 (36s ago), fg lost
2026-06-23 22:27:58Z hc3 (D2R_3): frame Unknown (37s ago) [degraded] | last key/Escape/G/Space/Enter@683,384 (36s ago), fg lost
2026-06-23 22:28:00Z hc1 (D2R_1): frame Unknown (39s ago) [degraded] | last key/Escape/G/Space/Enter@683,384 (38s ago), fg lost
2026-06-23 22:28:00Z hc2 (D2R_2): frame Unknown (39s ago) [degraded] | last key/Escape/G/Space/Enter@683,384 (39s ago), fg lost
2026-06-23 22:28:00Z hc3 (D2R_3): frame Unknown (39s ago) [degraded] | last key/Escape/G/Space/Enter@683,384 (38s ago), fg lost
2026-06-23 22:28:03Z hc1 (D2R_1): frame Unknown (41s ago) [degraded] | last key/Escape/G/Space/Enter@683,384 (40s ago), fg lost
2026-06-23 22:28:03Z hc2 (D2R_2): frame Unknown (42s ago) [degraded] | last key/Escape/G/Space/Enter@683,384 (41s ago), fg lost
2026-06-23 22:28:03Z hc3 (D2R_3): frame Unknown (42s ago) [degraded] | last key/Escape/G/Space/Enter@683,384 (41s ago), fg lost
2026-06-23 22:28:05Z hc1 (D2R_1): frame Unknown (44s ago) [degraded] | last key/Escape/G/Space/Enter@683,384 (43s ago), fg lost
2026-06-23 22:28:05Z hc2 (D2R_2): frame Unknown (44s ago) [degraded] | last key/Escape/G/Space/Enter@683,384 (43s ago), fg lost
2026-06-23 22:28:05Z hc3 (D2R_3): frame Unknown (44s ago) [degraded] | last key/Escape/G/Space/Enter@683,384 (43s ago), fg lost
2026-06-23 22:28:07Z hc1 (D2R_1): frame Unknown (46s ago) [degraded] | last key/Escape/G/Space/Enter@683,384 (45s ago), fg lost
2026-06-23 22:28:07Z hc2 (D2R_2): frame Unknown (47s ago) [degraded] | last key/Escape/G/Space/Enter@683,384 (46s ago), fg lost
2026-06-23 22:28:07Z hc3 (D2R_3): frame Unknown (46s ago) [degraded] | last key/Escape/G/Space/Enter@683,384 (45s ago), fg lost
2026-06-23 22:28:10Z hc1 (D2R_1): frame Unknown (48s ago) [degraded] | last key/Escape/G/Space/Enter@683,384 (48s ago), fg lost
2026-06-23 22:28:10Z hc2 (D2R_2): frame Unknown (49s ago) [degraded] | last key/Escape/G/Space/Enter@683,384 (48s ago), fg lost
2026-06-23 22:28:10Z hc3 (D2R_3): frame Unknown (49s ago) [degraded] | last key/Escape/G/Space/Enter@683,384 (48s ago), fg lost
2026-06-23 22:28:12Z hc1 (D2R_1): frame Unknown (51s ago) [degraded] | last key/Escape/G/Space/Enter@683,384 (50s ago), fg lost
2026-06-23 22:28:12Z hc2 (D2R_2): frame Unknown (51s ago) [degraded] | last key/Escape/G/Space/Enter@683,384 (50s ago), fg lost
2026-06-23 22:28:12Z hc3 (D2R_3): frame Unknown (51s ago) [degraded] | last key/Escape/G/Space/Enter@683,384 (50s ago), fg lost
2026-06-23 22:28:14Z hc1 (D2R_1): frame Unknown (53s ago) [degraded] | last key/Escape/G/Space/Enter@683,384 (52s ago), fg lost
2026-06-23 22:28:14Z hc2 (D2R_2): frame Unknown (53s ago) [degraded] | last key/Escape/G/Space/Enter@683,384 (53s ago), fg lost
2026-06-23 22:28:14Z hc3 (D2R_3): frame Unknown (53s ago) [degraded] | last key/Escape/G/Space/Enter@683,384 (52s ago), fg lost
2026-06-23 22:28:16Z hc1 (D2R_1): frame Unknown (55s ago) [degraded] | last key/Escape/G/Space/Enter@683,384 (54s ago), fg lost
2026-06-23 22:28:16Z hc2 (D2R_2): frame Unknown (56s ago) [degraded] | last key/Escape/G/Space/Enter@683,384 (55s ago), fg lost
2026-06-23 22:28:16Z hc3 (D2R_3): frame Unknown (55s ago) [degraded] | last key/Escape/G/Space/Enter@683,384 (55s ago), fg lost
2026-06-23 22:28:19Z hc1 (D2R_1): frame Unknown (58s ago) [degraded] | last key/Escape/G/Space/Enter@683,384 (57s ago), fg lost
2026-06-23 22:28:19Z hc2 (D2R_2): frame Unknown (58s ago) [degraded] | last key/Escape/G/Space/Enter@683,384 (57s ago), fg lost
2026-06-23 22:28:19Z hc3 (D2R_3): frame Unknown (58s ago) [degraded] | last key/Escape/G/Space/Enter@683,384 (57s ago), fg lost
2026-06-23 22:28:21Z hc1 (D2R_1): frame Unknown (1m0s ago) [degraded] | last key/Escape/G/Space/Enter@683,384 (59s ago), fg lost
2026-06-23 22:28:21Z hc2 (D2R_2): frame Unknown (1m0s ago) [degraded] | last key/Escape/G/Space/Enter@683,384 (59s ago), fg lost
2026-06-23 22:28:21Z hc3 (D2R_3): frame Unknown (1m0s ago) [degraded] | last key/Escape/G/Space/Enter@683,384 (59s ago), fg lost
2026-06-23 22:28:23Z hc1 (D2R_1): frame Unknown (1m2s ago) [degraded] | last key/Escape/G/Space/Enter@683,384 (1m1s ago), fg lost
2026-06-23 22:28:23Z hc2 (D2R_2): frame Unknown (1m3s ago) [degraded] | last key/Escape/G/Space/Enter@683,384 (1m2s ago), fg lost
2026-06-23 22:28:23Z hc3 (D2R_3): frame Unknown (1m2s ago) [degraded] | last key/Escape/G/Space/Enter@683,384 (1m1s ago), fg lost
2026-06-23 22:28:25Z hc1 (D2R_1): frame DiabloSplash (1s ago) [degraded] | last click/Left@683,384 (0s ago), fg ?
2026-06-23 22:28:25Z hc2 (D2R_2): frame Unknown (1m5s ago) [degraded] | last key/Escape/G/Space/Enter@683,384 (1m4s ago), fg lost
2026-06-23 22:28:25Z hc3 (D2R_3): frame Unknown (1m5s ago) [degraded] | last key/Escape/G/Space/Enter@683,384 (1m4s ago), fg lost
2026-06-23 22:28:28Z hc1 (D2R_1): frame DiabloSplash (3s ago) [degraded] | last key/SplashContinue/G/Space/Enter@683,384 (1s ago), fg ok
2026-06-23 22:28:28Z hc2 (D2R_2): frame Unknown (1m7s ago) [degraded] | last key/Escape/G/Space/Enter@683,384 (1m6s ago), fg lost
2026-06-23 22:28:28Z hc3 (D2R_3): frame Unknown (1m7s ago) [degraded] | last key/Escape/G/Space/Enter@683,384 (1m6s ago), fg lost
2026-06-23 22:28:30Z hc1 (D2R_1): frame DiabloSplash (5s ago) [degraded] | last key/SplashContinue/G/Space/Enter@683,384 (3s ago), fg ok
2026-06-23 22:28:30Z hc2 (D2R_2): frame Unknown (1m9s ago) [degraded] | last key/Escape/G/Space/Enter@683,384 (1m8s ago), fg lost
2026-06-23 22:28:30Z hc3 (D2R_3): frame Unknown (1m9s ago) [degraded] | last key/Escape/G/Space/Enter@683,384 (1m8s ago), fg lost
2026-06-23 22:28:32Z hc1 (D2R_1): frame DiabloSplash (8s ago) [degraded] | last key/SplashContinue/G/Space/Enter@683,384 (5s ago), fg ok
2026-06-23 22:28:32Z hc2 (D2R_2): frame Unknown (1m11s ago) [degraded] | last key/Escape/G/Space/Enter@683,384 (1m11s ago), fg lost
2026-06-23 22:28:32Z hc3 (D2R_3): frame DiabloSplash (1s ago) [degraded] | last click/Left@683,384 (0s ago), fg ?
2026-06-23 22:28:35Z hc1 (D2R_1): frame DiabloSplash (10s ago) [degraded] | last key/SplashContinue/G/Space/Enter@683,384 (8s ago), fg ok
2026-06-23 22:28:35Z hc2 (D2R_2): frame Unknown (1m14s ago) [degraded] | last key/Escape/G/Space/Enter@683,384 (1m13s ago), fg lost
2026-06-23 22:28:35Z hc3 (D2R_3): frame DiabloSplash (3s ago) [degraded] | last key/SplashContinue/G/Space/Enter@683,384 (1s ago), fg ok
2026-06-23 22:28:37Z hc1 (D2R_1): frame DiabloSplash (12s ago) [degraded] | last key/SplashContinue/G/Space/Enter@683,384 (10s ago), fg ok
2026-06-23 22:28:37Z hc2 (D2R_2): frame Unknown (1m16s ago) [degraded] | last key/Escape/G/Space/Enter@683,384 (1m15s ago), fg lost
2026-06-23 22:28:37Z hc3 (D2R_3): frame DiabloSplash (6s ago) [degraded] | last key/SplashContinue/G/Space/Enter@683,384 (3s ago), fg ok
2026-06-23 22:28:43Z hc1 (D2R_1): frame NotRunning (4s ago) [degraded] | last key/SplashContinue/G/Space/Enter@683,384 (16s ago), fg ok
2026-06-23 22:28:43Z hc2 (D2R_2): frame Unknown (1m18s ago) [degraded] | last key/Escape/G/Space/Enter@683,384 (1m17s ago), fg lost
2026-06-23 22:28:43Z hc3 (D2R_3): frame DiabloSplash (8s ago) [degraded] | last key/SplashContinue/G/Space/Enter@683,384 (6s ago), fg ok
2026-06-23 22:28:45Z hc1 (D2R_1): frame NotRunning (6s ago) [degraded] | last key/SplashContinue/G/Space/Enter@683,384 (18s ago), fg ok
2026-06-23 22:28:45Z hc2 (D2R_2): frame Unknown (0s ago) [degraded] | last key/Escape/G/Space/Enter@683,384 (1m24s ago), fg lost
2026-06-23 22:28:45Z hc3 (D2R_3): frame DiabloSplash (14s ago) [degraded] | last key/SplashContinue/G/Space/Enter@683,384 (12s ago), fg ok
2026-06-23 22:28:52Z hc1 (D2R_1): frame NotRunning (9s ago) [degraded] | last key/SplashContinue/G/Space/Enter@683,384 (21s ago), fg ok
2026-06-23 22:28:52Z hc2 (D2R_2): frame Unknown (3s ago) [degraded] | last key/Escape/G/Space/Enter@683,384 (0s ago), fg ok
2026-06-23 22:28:52Z hc3 (D2R_3): frame NotRunning (5s ago) [degraded] | last key/SplashContinue/G/Space/Enter@683,384 (18s ago), fg ok
2026-06-23 22:28:54Z hc1 (D2R_1): frame NotRunning (15s ago) [degraded] | last key/SplashContinue/G/Space/Enter@683,384 (27s ago), fg ok
2026-06-23 22:28:54Z hc2 (D2R_2): frame Unknown (9s ago) [degraded] | last key/Escape/G/Space/Enter@683,384 (7s ago), fg ok
2026-06-23 22:28:54Z hc3 (D2R_3): frame NotRunning (7s ago) [degraded] | last key/SplashContinue/G/Space/Enter@683,384 (20s ago), fg ok
2026-06-23 22:28:56Z hc1 (D2R_1): frame NotRunning (17s ago) [degraded] | last key/SplashContinue/G/Space/Enter@683,384 (29s ago), fg ok
2026-06-23 22:28:56Z hc2 (D2R_2): frame Unknown (11s ago) [degraded] | last key/Escape/G/Space/Enter@683,384 (9s ago), fg ok
2026-06-23 22:28:56Z hc3 (D2R_3): frame NotRunning (10s ago) [degraded] | last key/SplashContinue/G/Space/Enter@683,384 (23s ago), fg ok
2026-06-23 22:28:58Z hc1 (D2R_1): frame NotRunning (19s ago) [degraded] | last key/SplashContinue/G/Space/Enter@683,384 (31s ago), fg ok
2026-06-23 22:28:58Z hc2 (D2R_2): frame Unknown (13s ago) [degraded] | last key/Escape/G/Space/Enter@683,384 (11s ago), fg ok
2026-06-23 22:28:58Z hc3 (D2R_3): frame NotRunning (12s ago) [degraded] | last key/SplashContinue/G/Space/Enter@683,384 (25s ago), fg ok
2026-06-23 22:29:00Z hc1 (D2R_1): frame NotRunning (22s ago) [degraded] | last key/SplashContinue/G/Space/Enter@683,384 (34s ago), fg ok
2026-06-23 22:29:00Z hc2 (D2R_2): frame Unknown (15s ago) [degraded] | last key/Escape/G/Space/Enter@683,384 (13s ago), fg ok
2026-06-23 22:29:00Z hc3 (D2R_3): frame NotRunning (14s ago) [degraded] | last key/SplashContinue/G/Space/Enter@683,384 (27s ago), fg ok
2026-06-23 22:29:03Z hc1 (D2R_1): frame NotRunning (24s ago) [degraded] | last key/SplashContinue/G/Space/Enter@683,384 (36s ago), fg ok
2026-06-23 22:29:03Z hc2 (D2R_2): frame Unknown (18s ago) [degraded] | last key/Escape/G/Space/Enter@683,384 (15s ago), fg ok
2026-06-23 22:29:03Z hc3 (D2R_3): frame NotRunning (16s ago) [degraded] | last key/SplashContinue/G/Space/Enter@683,384 (29s ago), fg ok
2026-06-23 22:29:05Z hc1 (D2R_1): frame NotRunning (26s ago) [degraded] | last key/SplashContinue/G/Space/Enter@683,384 (38s ago), fg ok
2026-06-23 22:29:05Z hc2 (D2R_2): frame Unknown (20s ago) [degraded] | last key/Escape/G/Space/Enter@683,384 (18s ago), fg ok
2026-06-23 22:29:05Z hc3 (D2R_3): frame NotRunning (19s ago) [degraded] | last key/SplashContinue/G/Space/Enter@683,384 (32s ago), fg ok
2026-06-23 22:29:07Z hc1 (D2R_1): frame NotRunning (28s ago) [degraded] | last key/SplashContinue/G/Space/Enter@683,384 (40s ago), fg ok
2026-06-23 22:29:07Z hc2 (D2R_2): frame Unknown (22s ago) [degraded] | last key/Escape/G/Space/Enter@683,384 (20s ago), fg ok
2026-06-23 22:29:07Z hc3 (D2R_3): frame NotRunning (21s ago) [degraded] | last key/SplashContinue/G/Space/Enter@683,384 (34s ago), fg ok
2026-06-23 22:29:09Z hc1 (D2R_1): frame CharacterScreen (0s ago) [degraded] | last key/SplashContinue/G/Space/Enter@683,384 (43s ago), fg ok
2026-06-23 22:29:09Z hc2 (D2R_2): frame Unknown (24s ago) [degraded] | last key/Escape/G/Space/Enter@683,384 (22s ago), fg ok
2026-06-23 22:29:09Z hc3 (D2R_3): frame NotRunning (23s ago) [degraded] | last key/SplashContinue/G/Space/Enter@683,384 (36s ago), fg ok
2026-06-23 22:29:12Z hc1 (D2R_1): frame CharacterScreen (2s ago) [degraded] | last key/SplashContinue/G/Space/Enter@683,384 (45s ago), fg ok
2026-06-23 22:29:12Z hc2 (D2R_2): frame Unknown (27s ago) [degraded] | last key/Escape/G/Space/Enter@683,384 (25s ago), fg ok
2026-06-23 22:29:12Z hc3 (D2R_3): frame NotRunning (25s ago) [degraded] | last key/SplashContinue/G/Space/Enter@683,384 (38s ago), fg ok
2026-06-23 22:29:14Z hc1 (D2R_1): frame CharacterScreen (4s ago) [degraded] | last key/SplashContinue/G/Space/Enter@683,384 (47s ago), fg ok
2026-06-23 22:29:14Z hc2 (D2R_2): frame Unknown (29s ago) [degraded] | last key/Escape/G/Space/Enter@683,384 (27s ago), fg ok
2026-06-23 22:29:14Z hc3 (D2R_3): frame NotRunning (28s ago) [degraded] | last key/SplashContinue/G/Space/Enter@683,384 (41s ago), fg ok
2026-06-23 22:29:16Z hc1 (D2R_1): frame CharacterScreen (7s ago) [degraded] | last key/SplashContinue/G/Space/Enter@683,384 (49s ago), fg ok
2026-06-23 22:29:16Z hc2 (D2R_2): frame Unknown (31s ago) [degraded] | last key/Escape/G/Space/Enter@683,384 (29s ago), fg ok
2026-06-23 22:29:16Z hc3 (D2R_3): frame NotRunning (30s ago) [degraded] | last key/SplashContinue/G/Space/Enter@683,384 (43s ago), fg ok
2026-06-23 22:29:18Z hc1 (D2R_1): frame CharacterScreen (9s ago) [degraded] | last key/SplashContinue/G/Space/Enter@683,384 (52s ago), fg ok
2026-06-23 22:29:18Z hc2 (D2R_2): frame Unknown (33s ago) [degraded] | last key/Escape/G/Space/Enter@683,384 (31s ago), fg ok
2026-06-23 22:29:18Z hc3 (D2R_3): frame NotRunning (32s ago) [degraded] | last key/SplashContinue/G/Space/Enter@683,384 (45s ago), fg ok
2026-06-23 22:29:21Z hc1 (D2R_1): frame CharacterScreen (11s ago) [degraded] | last key/SplashContinue/G/Space/Enter@683,384 (54s ago), fg ok
2026-06-23 22:29:21Z hc2 (D2R_2): frame Unknown (36s ago) [degraded] | last key/Escape/G/Space/Enter@683,384 (33s ago), fg ok
2026-06-23 22:29:21Z hc3 (D2R_3): frame NotRunning (34s ago) [degraded] | last key/SplashContinue/G/Space/Enter@683,384 (47s ago), fg ok
2026-06-23 22:29:23Z hc1 (D2R_1): frame CharacterScreen (13s ago) [degraded] | last key/SplashContinue/G/Space/Enter@683,384 (56s ago), fg ok
2026-06-23 22:29:23Z hc2 (D2R_2): frame Unknown (38s ago) [degraded] | last key/Escape/G/Space/Enter@683,384 (36s ago), fg ok
2026-06-23 22:29:23Z hc3 (D2R_3): frame NotRunning (36s ago) [degraded] | last key/SplashContinue/G/Space/Enter@683,384 (50s ago), fg ok
2026-06-23 22:29:25Z hc1 (D2R_1): frame CharacterScreen (16s ago) [degraded] | last key/SplashContinue/G/Space/Enter@683,384 (58s ago), fg ok
2026-06-23 22:29:25Z hc2 (D2R_2): frame Unknown (40s ago) [degraded] | last key/Escape/G/Space/Enter@683,384 (38s ago), fg ok
2026-06-23 22:29:25Z hc3 (D2R_3): frame NotRunning (39s ago) [degraded] | last key/SplashContinue/G/Space/Enter@683,384 (52s ago), fg ok
2026-06-23 22:29:28Z hc1 (D2R_1): frame CharacterScreen (18s ago) [degraded] | last key/SplashContinue/G/Space/Enter@683,384 (1m1s ago), fg ok
2026-06-23 22:29:28Z hc2 (D2R_2): frame Unknown (42s ago) [degraded] | last key/Escape/G/Space/Enter@683,384 (40s ago), fg ok
2026-06-23 22:29:28Z hc3 (D2R_3): frame NotRunning (41s ago) [degraded] | last key/SplashContinue/G/Space/Enter@683,384 (54s ago), fg ok
2026-06-23 22:29:30Z hc1 (D2R_1): frame CharacterScreen (20s ago) [degraded] | last key/SplashContinue/G/Space/Enter@683,384 (1m3s ago), fg ok
2026-06-23 22:29:30Z hc2 (D2R_2): frame Unknown (45s ago) [degraded] | last key/Escape/G/Space/Enter@683,384 (43s ago), fg ok
2026-06-23 22:29:30Z hc3 (D2R_3): frame NotRunning (43s ago) [degraded] | last key/SplashContinue/G/Space/Enter@683,384 (56s ago), fg ok
2026-06-23 22:29:32Z hc1 (D2R_1): frame CharacterScreen (22s ago) [degraded] | last key/SplashContinue/G/Space/Enter@683,384 (1m5s ago), fg ok
2026-06-23 22:29:32Z hc2 (D2R_2): frame Unknown (47s ago) [degraded] | last key/Escape/G/Space/Enter@683,384 (45s ago), fg ok
2026-06-23 22:29:32Z hc3 (D2R_3): frame NotRunning (46s ago) [degraded] | last key/SplashContinue/G/Space/Enter@683,384 (59s ago), fg ok
2026-06-23 22:29:34Z hc1 (D2R_1): frame CharacterScreen (25s ago) [degraded] | last key/SplashContinue/G/Space/Enter@683,384 (1m7s ago), fg ok
2026-06-23 22:29:34Z hc2 (D2R_2): frame Unknown (49s ago) [degraded] | last key/Escape/G/Space/Enter@683,384 (47s ago), fg ok
2026-06-23 22:29:34Z hc3 (D2R_3): frame NotRunning (48s ago) [degraded] | last key/SplashContinue/G/Space/Enter@683,384 (1m1s ago), fg ok
2026-06-23 22:29:36Z hc1 (D2R_1): frame CharacterScreen (27s ago) [degraded] | last key/SplashContinue/G/Space/Enter@683,384 (1m10s ago), fg ok
2026-06-23 22:29:36Z hc2 (D2R_2): frame Unknown (51s ago) [degraded] | last key/Escape/G/Space/Enter@683,384 (49s ago), fg ok
2026-06-23 22:29:36Z hc3 (D2R_3): frame CharacterScreen (0s ago) [degraded] | last key/SplashContinue/G/Space/Enter@683,384 (1m3s ago), fg ok
2026-06-23 22:29:39Z hc1 (D2R_1): frame CharacterScreen (29s ago) [degraded] | last key/SplashContinue/G/Space/Enter@683,384 (1m12s ago), fg ok
2026-06-23 22:29:39Z hc2 (D2R_2): frame Unknown (54s ago) [degraded] | last key/Escape/G/Space/Enter@683,384 (52s ago), fg ok
2026-06-23 22:29:39Z hc3 (D2R_3): frame CharacterScreen (2s ago) [degraded] | last key/SplashContinue/G/Space/Enter@683,384 (1m5s ago), fg ok
2026-06-23 22:29:41Z hc1 (D2R_1): frame CharacterScreen (31s ago) [degraded] | last click/Left@799,689 (0s ago), fg ?
2026-06-23 22:29:41Z hc2 (D2R_2): frame Unknown (56s ago) [degraded] | last key/Escape/G/Space/Enter@683,384 (54s ago), fg ok
2026-06-23 22:29:41Z hc3 (D2R_3): frame CharacterScreen (4s ago) [degraded] | last key/SplashContinue/G/Space/Enter@683,384 (1m8s ago), fg ok
2026-06-23 22:29:43Z hc1 (D2R_1): frame CharacterScreen (33s ago) [degraded] | last click/Left@1046,123 (0s ago), fg ?
2026-06-23 22:29:43Z hc2 (D2R_2): frame Unknown (58s ago) [degraded] | last key/Escape/G/Space/Enter@683,384 (56s ago), fg ok
2026-06-23 22:29:43Z hc3 (D2R_3): frame CharacterScreen (7s ago) [degraded] | last key/SplashContinue/G/Space/Enter@683,384 (1m10s ago), fg ok
2026-06-23 22:29:45Z hc1 (D2R_1): frame CharacterScreen (36s ago) [degraded] | last click/Left@1046,172 (0s ago), fg ?
2026-06-23 22:29:45Z hc2 (D2R_2): frame Unknown (1m0s ago) [degraded] | last key/Escape/G/Space/Enter@683,384 (58s ago), fg ok
2026-06-23 22:29:45Z hc3 (D2R_3): frame CharacterScreen (9s ago) [degraded] | last key/SplashContinue/G/Space/Enter@683,384 (1m12s ago), fg ok
2026-06-23 22:29:47Z hc1 (D2R_1): frame CharacterScreen (38s ago) [degraded] | last click/Left@1045,475 (0s ago), fg ?
2026-06-23 22:29:47Z hc2 (D2R_2): frame Unknown (1m2s ago) [degraded] | last key/Escape/G/Space/Enter@683,384 (1m0s ago), fg ok
2026-06-23 22:29:47Z hc3 (D2R_3): frame CharacterScreen (11s ago) [degraded] | last key/SplashContinue/G/Space/Enter@683,384 (1m14s ago), fg ok
2026-06-23 22:29:50Z hc1 (D2R_1): frame CharacterScreen (0s ago) [degraded] | last click/Left@1045,475 (2s ago), fg ?
2026-06-23 22:29:50Z hc2 (D2R_2): frame Unknown (1m5s ago) [degraded] | last key/Escape/G/Space/Enter@683,384 (1m3s ago), fg ok
2026-06-23 22:29:50Z hc3 (D2R_3): frame CharacterScreen (13s ago) [degraded] | last key/SplashContinue/G/Space/Enter@683,384 (1m16s ago), fg ok
2026-06-23 22:29:56Z hc1 (D2R_1): frame CharacterScreen (6s ago) [degraded] | last click/Left@1045,475 (9s ago), fg ?
2026-06-23 22:29:56Z hc2 (D2R_2): frame Unknown (1m7s ago) [degraded] | last key/Escape/G/Space/Enter@683,384 (1m5s ago), fg ok
2026-06-23 22:29:56Z hc3 (D2R_3): frame CharacterScreen (15s ago) [degraded] | last key/SplashContinue/G/Space/Enter@683,384 (1m19s ago), fg ok
2026-06-23 22:29:58Z hc1 (D2R_1): frame CharacterScreen (8s ago) [degraded] | last click/Left@1045,475 (11s ago), fg ?
2026-06-23 22:29:58Z hc2 (D2R_2): frame CharacterScreen (4s ago) [degraded] | last key/Escape/G/Space/Enter@683,384 (1m11s ago), fg ok
2026-06-23 22:29:58Z hc3 (D2R_3): frame CharacterScreen (22s ago) [degraded] | last key/SplashContinue/G/Space/Enter@683,384 (1m25s ago), fg ok
2026-06-23 22:30:01Z hc1 (D2R_1): frame CharacterScreen (10s ago) [degraded] | last click/Left@1045,475 (13s ago), fg ?
2026-06-23 22:30:01Z hc2 (D2R_2): frame CharacterScreen (6s ago) [degraded] | last key/Escape/G/Space/Enter@683,384 (1m13s ago), fg ok
2026-06-23 22:30:01Z hc3 (D2R_3): frame CharacterScreen (24s ago) [degraded] | last key/SplashContinue/G/Space/Enter@683,384 (1m27s ago), fg ok
2026-06-23 22:30:03Z hc1 (D2R_1): frame CharacterScreen (12s ago) [degraded] | last click/Left@1045,475 (15s ago), fg ?
2026-06-23 22:30:03Z hc2 (D2R_2): frame CharacterScreen (8s ago) [degraded] | last key/Escape/G/Space/Enter@683,384 (1m16s ago), fg ok
2026-06-23 22:30:03Z hc3 (D2R_3): frame CharacterScreen (26s ago) [degraded] | last key/SplashContinue/G/Space/Enter@683,384 (1m29s ago), fg ok
2026-06-23 22:30:05Z hc1 (D2R_1): frame CharacterScreen (15s ago) [degraded] | last click/Left@1045,475 (18s ago), fg ?
2026-06-23 22:30:05Z hc2 (D2R_2): frame CharacterScreen (10s ago) [degraded] | last key/Escape/G/Space/Enter@683,384 (1m18s ago), fg ok
2026-06-23 22:30:05Z hc3 (D2R_3): frame CharacterScreen (29s ago) [degraded] | last key/SplashContinue/G/Space/Enter@683,384 (1m32s ago), fg ok
2026-06-23 22:30:07Z hc1 (D2R_1): frame CharacterScreen (17s ago) [degraded] | last click/Left@1045,475 (20s ago), fg ?
2026-06-23 22:30:07Z hc2 (D2R_2): frame CharacterScreen (13s ago) [degraded] | last key/Escape/G/Space/Enter@683,384 (1m20s ago), fg ok
2026-06-23 22:30:07Z hc3 (D2R_3): frame CharacterScreen (31s ago) [degraded] | last key/SplashContinue/G/Space/Enter@683,384 (1m34s ago), fg ok
2026-06-23 22:30:10Z hc1 (D2R_1): frame CharacterScreen (19s ago) [degraded] | last click/Left@1045,475 (22s ago), fg ?
2026-06-23 22:30:10Z hc2 (D2R_2): frame CharacterScreen (15s ago) [degraded] | last key/Escape/G/Space/Enter@683,384 (1m22s ago), fg ok
2026-06-23 22:30:10Z hc3 (D2R_3): frame CharacterScreen (33s ago) [degraded] | last key/SplashContinue/G/Space/Enter@683,384 (1m36s ago), fg ok
2026-06-23 22:30:12Z hc1 (D2R_1): frame CharacterScreen (21s ago) [degraded] | last click/Left@1045,475 (24s ago), fg ?
2026-06-23 22:30:12Z hc2 (D2R_2): frame CharacterScreen (17s ago) [degraded] | last key/Escape/G/Space/Enter@683,384 (1m25s ago), fg ok
2026-06-23 22:30:12Z hc3 (D2R_3): frame CharacterScreen (35s ago) [degraded] | last key/SplashContinue/G/Space/Enter@683,384 (1m38s ago), fg ok
2026-06-23 22:30:14Z hc1 (D2R_1): frame CharacterScreen (24s ago) [degraded] | last click/Left@1045,475 (27s ago), fg ?
2026-06-23 22:30:14Z hc2 (D2R_2): frame CharacterScreen (19s ago) [degraded] | last key/Escape/G/Space/Enter@683,384 (1m27s ago), fg ok
2026-06-23 22:30:14Z hc3 (D2R_3): frame CharacterScreen (37s ago) [degraded] | last key/SplashContinue/G/Space/Enter@683,384 (1m41s ago), fg ok
2026-06-23 22:30:16Z hc1 (D2R_1): frame CharacterScreen (26s ago) [degraded] | last click/Left@1045,475 (29s ago), fg ?
2026-06-23 22:30:16Z hc2 (D2R_2): frame CharacterScreen (22s ago) [degraded] | last key/Escape/G/Space/Enter@683,384 (1m29s ago), fg ok
2026-06-23 22:30:16Z hc3 (D2R_3): frame CharacterScreen (40s ago) [degraded] | last key/SplashContinue/G/Space/Enter@683,384 (1m43s ago), fg ok
2026-06-23 22:30:18Z hc1 (D2R_1): frame CharacterScreen (28s ago) [degraded] | last click/Left@1045,475 (31s ago), fg ?
2026-06-23 22:30:18Z hc2 (D2R_2): frame CharacterScreen (24s ago) [degraded] | last key/Escape/G/Space/Enter@683,384 (1m31s ago), fg ok
2026-06-23 22:30:18Z hc3 (D2R_3): frame CharacterScreen (42s ago) [degraded] | last key/SplashContinue/G/Space/Enter@683,384 (1m45s ago), fg ok
2026-06-23 22:30:21Z hc1 (D2R_1): frame CharacterScreen (30s ago) [degraded] | last click/Left@1045,475 (33s ago), fg ?
2026-06-23 22:30:21Z hc2 (D2R_2): frame CharacterScreen (26s ago) [degraded] | last key/Escape/G/Space/Enter@683,384 (1m33s ago), fg ok
2026-06-23 22:30:21Z hc3 (D2R_3): frame CharacterScreen (44s ago) [degraded] | last key/SplashContinue/G/Space/Enter@683,384 (1m47s ago), fg ok
2026-06-23 22:30:23Z hc1 (D2R_1): frame CharacterScreen (32s ago) [degraded] | last click/Left@1045,475 (35s ago), fg ?
2026-06-23 22:30:23Z hc2 (D2R_2): frame CharacterScreen (28s ago) [degraded] | last key/Escape/G/Space/Enter@683,384 (1m36s ago), fg ok
2026-06-23 22:30:23Z hc3 (D2R_3): frame CharacterScreen (46s ago) [degraded] | last key/SplashContinue/G/Space/Enter@683,384 (1m49s ago), fg ok
2026-06-23 22:30:25Z hc1 (D2R_1): frame CharacterScreen (35s ago) [degraded] | last click/Left@1045,475 (38s ago), fg ?
2026-06-23 22:30:25Z hc2 (D2R_2): frame CharacterScreen (30s ago) [degraded] | last key/Escape/G/Space/Enter@683,384 (1m38s ago), fg ok
2026-06-23 22:30:25Z hc3 (D2R_3): frame CharacterScreen (49s ago) [degraded] | last key/SplashContinue/G/Space/Enter@683,384 (1m52s ago), fg ok
2026-06-23 22:30:27Z hc1 (D2R_1): frame CharacterScreen (37s ago) [degraded] | last click/Left@1045,475 (40s ago), fg ?
2026-06-23 22:30:27Z hc2 (D2R_2): frame CharacterScreen (33s ago) [degraded] | last key/Escape/G/Space/Enter@683,384 (1m40s ago), fg ok
2026-06-23 22:30:27Z hc3 (D2R_3): frame CharacterScreen (51s ago) [degraded] | last key/SplashContinue/G/Space/Enter@683,384 (1m54s ago), fg ok
2026-06-23 22:30:33Z hc1 (D2R_1): frame CharacterScreen (39s ago) [degraded] | last click/Left@1045,475 (42s ago), fg ?
2026-06-23 22:30:33Z hc2 (D2R_2): frame CharacterScreen (35s ago) [degraded] | last key/Escape/G/Space/Enter@683,384 (1m42s ago), fg ok
2026-06-23 22:30:33Z hc3 (D2R_3): frame CharacterScreen (4s ago) [degraded] | last key/SplashContinue/G/Space/Enter@683,384 (2m0s ago), fg ok
2026-06-23 22:30:36Z hc1 (D2R_1): frame CharacterScreen (45s ago) [degraded] | last click/Left@1045,475 (48s ago), fg ?
2026-06-23 22:30:36Z hc2 (D2R_2): frame CharacterScreen (41s ago) [degraded] | last key/Escape/G/Space/Enter@683,384 (1m48s ago), fg ok
2026-06-23 22:30:36Z hc3 (D2R_3): frame CharacterScreen (6s ago) [degraded] | last key/SplashContinue/G/Space/Enter@683,384 (2m2s ago), fg ok
2026-06-23 22:30:38Z hc1 (D2R_1): frame CharacterScreen (48s ago) [degraded] | last click/Left@1045,475 (51s ago), fg ?
2026-06-23 22:30:38Z hc2 (D2R_2): frame CharacterScreen (43s ago) [degraded] | last key/Escape/G/Space/Enter@683,384 (1m51s ago), fg ok
2026-06-23 22:30:38Z hc3 (D2R_3): frame CharacterScreen (8s ago) [degraded] | last key/SplashContinue/G/Space/Enter@683,384 (2m5s ago), fg ok
2026-06-23 22:30:40Z hc1 (D2R_1): frame CharacterScreen (50s ago) [degraded] | last click/Left@1045,475 (53s ago), fg ?
2026-06-23 22:30:40Z hc2 (D2R_2): frame CharacterScreen (45s ago) [degraded] | last key/Escape/G/Space/Enter@683,384 (1m53s ago), fg ok
2026-06-23 22:30:40Z hc3 (D2R_3): frame CharacterScreen (11s ago) [degraded] | last key/SplashContinue/G/Space/Enter@683,384 (2m7s ago), fg ok
2026-06-23 22:30:42Z hc1 (D2R_1): frame CharacterScreen (52s ago) [degraded] | last click/Left@1045,475 (55s ago), fg ?
2026-06-23 22:30:42Z hc2 (D2R_2): frame CharacterScreen (48s ago) [degraded] | last key/Escape/G/Space/Enter@683,384 (1m55s ago), fg ok
2026-06-23 22:30:42Z hc3 (D2R_3): frame CharacterScreen (13s ago) [degraded] | last key/SplashContinue/G/Space/Enter@683,384 (2m9s ago), fg ok
2026-06-23 22:30:45Z hc1 (D2R_1): frame CharacterScreen (54s ago) [degraded] | last click/Left@1045,475 (57s ago), fg ?
2026-06-23 22:30:45Z hc2 (D2R_2): frame CharacterScreen (50s ago) [degraded] | last key/Escape/G/Space/Enter@683,384 (1m57s ago), fg ok
2026-06-23 22:30:45Z hc3 (D2R_3): frame CharacterScreen (15s ago) [degraded] | last key/SplashContinue/G/Space/Enter@683,384 (2m11s ago), fg ok
2026-06-23 22:30:47Z hc1 (D2R_1): frame CharacterScreen (57s ago) [degraded] | last click/Left@1045,475 (1m0s ago), fg ?
2026-06-23 22:30:47Z hc2 (D2R_2): frame CharacterScreen (52s ago) [degraded] | last key/Escape/G/Space/Enter@683,384 (2m0s ago), fg ok
2026-06-23 22:30:47Z hc3 (D2R_3): frame CharacterScreen (17s ago) [degraded] | last key/SplashContinue/G/Space/Enter@683,384 (2m14s ago), fg ok
2026-06-23 22:30:49Z hc1 (D2R_1): frame CharacterScreen (59s ago) [degraded] | last click/Left@1045,475 (1m2s ago), fg ?
2026-06-23 22:30:49Z hc2 (D2R_2): frame CharacterScreen (54s ago) [degraded] | last key/Escape/G/Space/Enter@683,384 (2m2s ago), fg ok
2026-06-23 22:30:49Z hc3 (D2R_3): frame CharacterScreen (20s ago) [degraded] | last key/SplashContinue/G/Space/Enter@683,384 (2m16s ago), fg ok
2026-06-23 22:30:51Z hc1 (D2R_1): frame CharacterScreen (1m1s ago) [degraded] | last click/Left@1045,475 (1m4s ago), fg ?
2026-06-23 22:30:51Z hc2 (D2R_2): frame CharacterScreen (57s ago) [degraded] | last key/Escape/G/Space/Enter@683,384 (2m4s ago), fg ok
2026-06-23 22:30:51Z hc3 (D2R_3): frame CharacterScreen (22s ago) [degraded] | last key/SplashContinue/G/Space/Enter@683,384 (2m18s ago), fg ok
2026-06-23 22:30:54Z hc1 (D2R_1): frame CharacterScreen (1m3s ago) [degraded] | last click/Left@1045,475 (1m6s ago), fg ?
2026-06-23 22:30:54Z hc2 (D2R_2): frame CharacterScreen (59s ago) [degraded] | last key/Escape/G/Space/Enter@683,384 (2m6s ago), fg ok
2026-06-23 22:30:54Z hc3 (D2R_3): frame CharacterScreen (24s ago) [degraded] | last key/SplashContinue/G/Space/Enter@683,384 (2m20s ago), fg ok
2026-06-23 22:30:56Z hc1 (D2R_1): frame CharacterScreen (1m5s ago) [degraded] | last click/Left@1045,475 (1m9s ago), fg ?
2026-06-23 22:30:56Z hc2 (D2R_2): frame CharacterScreen (1m1s ago) [degraded] | last key/Escape/G/Space/Enter@683,384 (2m9s ago), fg ok
2026-06-23 22:30:56Z hc3 (D2R_3): frame CharacterScreen (26s ago) [degraded] | last key/SplashContinue/G/Space/Enter@683,384 (2m22s ago), fg ok
2026-06-23 22:30:58Z hc1 (D2R_1): frame CharacterScreen (1m8s ago) [degraded] | last click/Left@1045,475 (1m11s ago), fg ?
2026-06-23 22:30:58Z hc2 (D2R_2): frame CharacterScreen (1m3s ago) [degraded] | last key/Escape/G/Space/Enter@683,384 (2m11s ago), fg ok
2026-06-23 22:30:58Z hc3 (D2R_3): frame CharacterScreen (29s ago) [degraded] | last key/SplashContinue/G/Space/Enter@683,384 (2m25s ago), fg ok
2026-06-23 22:31:00Z hc1 (D2R_1): frame CharacterScreen (1m10s ago) [degraded] | last click/Left@1045,475 (1m13s ago), fg ?
2026-06-23 22:31:00Z hc2 (D2R_2): frame CharacterScreen (1m6s ago) [degraded] | last key/Escape/G/Space/Enter@683,384 (2m13s ago), fg ok
2026-06-23 22:31:00Z hc3 (D2R_3): frame CharacterScreen (31s ago) [degraded] | last key/SplashContinue/G/Space/Enter@683,384 (2m27s ago), fg ok
2026-06-23 22:31:03Z hc1 (D2R_1): frame CharacterScreen (1m12s ago) [degraded] | last click/Left@1045,475 (1m15s ago), fg ?
2026-06-23 22:31:03Z hc2 (D2R_2): frame CharacterScreen (1m8s ago) [degraded] | last key/Escape/G/Space/Enter@683,384 (2m15s ago), fg ok
2026-06-23 22:31:03Z hc3 (D2R_3): frame CharacterScreen (33s ago) [degraded] | last key/SplashContinue/G/Space/Enter@683,384 (2m29s ago), fg ok
2026-06-23 22:31:05Z hc1 (D2R_1): frame CharacterScreen (1m14s ago) [degraded] | last click/Left@1045,475 (1m17s ago), fg ?
2026-06-23 22:31:05Z hc2 (D2R_2): frame CharacterScreen (1m10s ago) [degraded] | last key/Escape/G/Space/Enter@683,384 (2m18s ago), fg ok
2026-06-23 22:31:05Z hc3 (D2R_3): frame CharacterScreen (35s ago) [degraded] | last key/SplashContinue/G/Space/Enter@683,384 (2m31s ago), fg ok
2026-06-23 22:31:07Z hc1 (D2R_1): frame CharacterScreen (1m17s ago) [degraded] | last click/Left@1045,475 (1m20s ago), fg ?
2026-06-23 22:31:07Z hc2 (D2R_2): frame CharacterScreen (1m12s ago) [degraded] | last key/Escape/G/Space/Enter@683,384 (2m20s ago), fg ok
2026-06-23 22:31:07Z hc3 (D2R_3): frame CharacterScreen (38s ago) [degraded] | last key/SplashContinue/G/Space/Enter@683,384 (2m34s ago), fg ok
2026-06-23 22:31:09Z hc1 (D2R_1): frame CharacterScreen (1m19s ago) [degraded] | last click/Left@1045,475 (1m22s ago), fg ?
2026-06-23 22:31:09Z hc2 (D2R_2): frame CharacterScreen (1m15s ago) [degraded] | last key/Escape/G/Space/Enter@683,384 (2m22s ago), fg ok
2026-06-23 22:31:09Z hc3 (D2R_3): frame CharacterScreen (40s ago) [degraded] | last key/SplashContinue/G/Space/Enter@683,384 (2m36s ago), fg ok
2026-06-23 22:31:15Z hc1 (D2R_1): frame CharacterScreen (1m21s ago) [degraded] | last click/Left@1045,475 (1m24s ago), fg ?
2026-06-23 22:31:15Z hc2 (D2R_2): frame NotRunning (4s ago) [degraded] | last key/Escape/G/Space/Enter@683,384 (2m28s ago), fg ok
2026-06-23 22:31:15Z hc3 (D2R_3): frame CharacterScreen (42s ago) [degraded] | last key/SplashContinue/G/Space/Enter@683,384 (2m38s ago), fg ok
2026-06-23 22:31:22Z hc1 (D2R_1): frame CharacterScreen (9s ago) [degraded] | last click/Left@1045,475 (1m34s ago), fg ?
2026-06-23 22:31:22Z hc2 (D2R_2): frame NotRunning (6s ago) [degraded] | last key/Escape/G/Space/Enter@683,384 (2m30s ago), fg ok
2026-06-23 22:31:22Z hc3 (D2R_3): frame CharacterScreen (48s ago) [degraded] | last key/SplashContinue/G/Space/Enter@683,384 (2m44s ago), fg ok
2026-06-23 22:31:24Z hc1 (D2R_1): frame CharacterScreen (11s ago) [degraded] | last click/Left@1045,475 (1m37s ago), fg ?
2026-06-23 22:31:24Z hc2 (D2R_2): frame NotRunning (12s ago) [degraded] | last key/Escape/G/Space/Enter@683,384 (2m37s ago), fg ok
2026-06-23 22:31:24Z hc3 (D2R_3): frame CharacterScreen (54s ago) [degraded] | last key/SplashContinue/G/Space/Enter@683,384 (2m51s ago), fg ok
2026-06-23 22:31:26Z hc1 (D2R_1): frame CharacterScreen (13s ago) [degraded] | last click/Left@1045,475 (1m39s ago), fg ?
2026-06-23 22:31:26Z hc2 (D2R_2): frame NotRunning (14s ago) [degraded] | last key/Escape/G/Space/Enter@683,384 (2m39s ago), fg ok
2026-06-23 22:31:26Z hc3 (D2R_3): frame CharacterScreen (57s ago) [degraded] | last key/SplashContinue/G/Space/Enter@683,384 (2m53s ago), fg ok
2026-06-23 22:31:28Z hc1 (D2R_1): frame CharacterScreen (15s ago) [degraded] | last click/Left@1045,475 (1m41s ago), fg ?
2026-06-23 22:31:28Z hc2 (D2R_2): frame NotRunning (17s ago) [degraded] | last key/Escape/G/Space/Enter@683,384 (2m41s ago), fg ok
2026-06-23 22:31:28Z hc3 (D2R_3): frame CharacterScreen (59s ago) [degraded] | last key/SplashContinue/G/Space/Enter@683,384 (2m55s ago), fg ok
2026-06-23 22:31:31Z hc1 (D2R_1): frame CharacterScreen (18s ago) [degraded] | last click/Left@1045,475 (1m43s ago), fg ?
2026-06-23 22:31:31Z hc2 (D2R_2): frame NotRunning (19s ago) [degraded] | last key/Escape/G/Space/Enter@683,384 (2m43s ago), fg ok
2026-06-23 22:31:31Z hc3 (D2R_3): frame CharacterScreen (1m1s ago) [degraded] | last key/SplashContinue/G/Space/Enter@683,384 (2m57s ago), fg ok
2026-06-23 22:31:33Z hc1 (D2R_1): frame CharacterScreen (20s ago) [degraded] | last click/Left@1045,475 (1m46s ago), fg ?
2026-06-23 22:31:33Z hc2 (D2R_2): frame NotRunning (21s ago) [degraded] | last key/Escape/G/Space/Enter@683,384 (2m46s ago), fg ok
2026-06-23 22:31:33Z hc3 (D2R_3): frame CharacterScreen (1m3s ago) [degraded] | last key/SplashContinue/G/Space/Enter@683,384 (3m0s ago), fg ok
2026-06-23 22:31:35Z hc1 (D2R_1): frame CharacterScreen (22s ago) [degraded] | last click/Left@1045,475 (1m48s ago), fg ?
2026-06-23 22:31:35Z hc2 (D2R_2): frame NotRunning (23s ago) [degraded] | last key/Escape/G/Space/Enter@683,384 (2m48s ago), fg ok
2026-06-23 22:31:35Z hc3 (D2R_3): frame CharacterScreen (1m6s ago) [degraded] | last key/SplashContinue/G/Space/Enter@683,384 (3m2s ago), fg ok
2026-06-23 22:31:37Z hc1 (D2R_1): frame CharacterScreen (24s ago) [degraded] | last click/Left@1045,475 (1m50s ago), fg ?
2026-06-23 22:31:37Z hc2 (D2R_2): frame NotRunning (26s ago) [degraded] | last key/Escape/G/Space/Enter@683,384 (2m50s ago), fg ok
2026-06-23 22:31:37Z hc3 (D2R_3): frame CharacterScreen (1m8s ago) [degraded] | last key/SplashContinue/G/Space/Enter@683,384 (3m4s ago), fg ok
2026-06-23 22:31:39Z hc1 (D2R_1): frame CharacterScreen (27s ago) [degraded] | last click/Left@1045,475 (1m52s ago), fg ?
2026-06-23 22:31:39Z hc2 (D2R_2): frame NotRunning (28s ago) [degraded] | last key/Escape/G/Space/Enter@683,384 (2m52s ago), fg ok
2026-06-23 22:31:39Z hc3 (D2R_3): frame CharacterScreen (1m10s ago) [degraded] | last key/SplashContinue/G/Space/Enter@683,384 (3m6s ago), fg ok
2026-06-23 22:31:42Z hc1 (D2R_1): frame CharacterScreen (29s ago) [degraded] | last click/Left@1045,475 (1m54s ago), fg ?
2026-06-23 22:31:42Z hc2 (D2R_2): frame NotRunning (30s ago) [degraded] | last key/Escape/G/Space/Enter@683,384 (2m54s ago), fg ok
2026-06-23 22:31:42Z hc3 (D2R_3): frame CharacterScreen (1m12s ago) [degraded] | last key/SplashContinue/G/Space/Enter@683,384 (3m8s ago), fg ok
2026-06-23 22:31:44Z hc1 (D2R_1): frame CharacterScreen (31s ago) [degraded] | last click/Left@1045,475 (1m57s ago), fg ?
2026-06-23 22:31:44Z hc2 (D2R_2): frame NotRunning (32s ago) [degraded] | last key/Escape/G/Space/Enter@683,384 (2m57s ago), fg ok
2026-06-23 22:31:44Z hc3 (D2R_3): frame CharacterScreen (1m15s ago) [degraded] | last key/SplashContinue/G/Space/Enter@683,384 (3m11s ago), fg ok
2026-06-23 22:31:46Z hc1 (D2R_1): frame CharacterScreen (33s ago) [degraded] | last click/Left@1045,475 (1m59s ago), fg ?
2026-06-23 22:31:46Z hc2 (D2R_2): frame NotRunning (34s ago) [degraded] | last key/Escape/G/Space/Enter@683,384 (2m59s ago), fg ok
2026-06-23 22:31:46Z hc3 (D2R_3): frame CharacterScreen (1m17s ago) [degraded] | last key/SplashContinue/G/Space/Enter@683,384 (3m13s ago), fg ok
2026-06-23 22:31:48Z hc1 (D2R_1): frame CharacterScreen (35s ago) [degraded] | last click/Left@1045,475 (2m1s ago), fg ?
2026-06-23 22:31:48Z hc2 (D2R_2): frame NotRunning (37s ago) [degraded] | last key/Escape/G/Space/Enter@683,384 (3m1s ago), fg ok
2026-06-23 22:31:48Z hc3 (D2R_3): frame CharacterScreen (1m19s ago) [degraded] | last key/SplashContinue/G/Space/Enter@683,384 (3m15s ago), fg ok
2026-06-23 22:31:51Z hc1 (D2R_1): frame CharacterScreen (38s ago) [degraded] | last click/Left@1045,475 (2m3s ago), fg ?
2026-06-23 22:31:51Z hc2 (D2R_2): frame NotRunning (39s ago) [degraded] | last key/Escape/G/Space/Enter@683,384 (3m3s ago), fg ok
2026-06-23 22:31:51Z hc3 (D2R_3): frame CharacterScreen (1m21s ago) [degraded] | last key/SplashContinue/G/Space/Enter@683,384 (3m17s ago), fg ok
2026-06-23 22:31:53Z hc1 (D2R_1): frame CharacterScreen (40s ago) [degraded] | last click/Left@1045,475 (2m6s ago), fg ?
2026-06-23 22:31:53Z hc2 (D2R_2): frame NotRunning (41s ago) [degraded] | last key/Escape/G/Space/Enter@683,384 (3m6s ago), fg ok
2026-06-23 22:31:53Z hc3 (D2R_3): frame CharacterScreen (1m23s ago) [degraded] | last key/SplashContinue/G/Space/Enter@683,384 (3m19s ago), fg ok
2026-06-23 22:31:55Z hc1 (D2R_1): frame CharacterScreen (42s ago) [degraded] | last click/Left@1045,475 (2m8s ago), fg ?
2026-06-23 22:31:55Z hc2 (D2R_2): frame NotRunning (43s ago) [degraded] | last key/Escape/G/Space/Enter@683,384 (3m8s ago), fg ok
2026-06-23 22:31:55Z hc3 (D2R_3): frame CharacterScreen (1m26s ago) [degraded] | last key/SplashContinue/G/Space/Enter@683,384 (3m22s ago), fg ok
2026-06-23 22:31:57Z hc1 (D2R_1): frame CharacterScreen (44s ago) [degraded] | last click/Left@1045,475 (2m10s ago), fg ?
2026-06-23 22:31:57Z hc2 (D2R_2): frame NotRunning (46s ago) [degraded] | last key/Escape/G/Space/Enter@683,384 (3m10s ago), fg ok
2026-06-23 22:31:57Z hc3 (D2R_3): frame CharacterScreen (1m28s ago) [degraded] | last key/SplashContinue/G/Space/Enter@683,384 (3m24s ago), fg ok
2026-06-23 22:32:00Z hc1 (D2R_1): frame CharacterScreen (47s ago) [degraded] | last click/Left@799,689 (0s ago), fg ?
2026-06-23 22:32:00Z hc2 (D2R_2): frame NotRunning (48s ago) [degraded] | last key/Escape/G/Space/Enter@683,384 (3m12s ago), fg ok
2026-06-23 22:32:00Z hc3 (D2R_3): frame CharacterScreen (1m30s ago) [degraded] | last key/SplashContinue/G/Space/Enter@683,384 (3m26s ago), fg ok
2026-06-23 22:32:02Z hc1 (D2R_1): frame CharacterScreen (49s ago) [degraded] | last click/Left@799,689 (2s ago), fg ?
2026-06-23 22:32:02Z hc2 (D2R_2): frame NotRunning (50s ago) [degraded] | last key/Escape/G/Space/Enter@683,384 (3m15s ago), fg ok
2026-06-23 22:32:02Z hc3 (D2R_3): frame CharacterScreen (1m32s ago) [degraded] | last key/SplashContinue/G/Space/Enter@683,384 (3m28s ago), fg ok
2026-06-23 22:32:04Z hc1 (D2R_1): frame CharacterScreen (51s ago) [degraded] | last click/Left@1046,123 (0s ago), fg ?
2026-06-23 22:32:04Z hc2 (D2R_2): frame NotRunning (52s ago) [degraded] | last key/Escape/G/Space/Enter@683,384 (3m17s ago), fg ok
2026-06-23 22:32:04Z hc3 (D2R_3): frame CharacterScreen (0s ago) [degraded] | last key/SplashContinue/G/Space/Enter@683,384 (3m31s ago), fg ok
2026-06-23 22:32:10Z hc1 (D2R_1): frame CharacterScreen (53s ago) [degraded] | last click/Left@1046,172 (0s ago), fg ?
2026-06-23 22:32:10Z hc2 (D2R_2): frame NotRunning (55s ago) [degraded] | last key/Escape/G/Space/Enter@683,384 (3m19s ago), fg ok
2026-06-23 22:32:10Z hc3 (D2R_3): frame CharacterScreen (6s ago) [degraded] | last key/SplashContinue/G/Space/Enter@683,384 (3m37s ago), fg ok
2026-06-23 22:32:13Z hc1 (D2R_1): frame CharacterScreen (59s ago) [degraded] | last click/Left@952,269 (5s ago), fg ?
2026-06-23 22:32:13Z hc2 (D2R_2): frame NotRunning (1m1s ago) [degraded] | last key/Escape/G/Space/Enter@683,384 (3m25s ago), fg ok
2026-06-23 22:32:13Z hc3 (D2R_3): frame CharacterScreen (8s ago) [degraded] | last key/SplashContinue/G/Space/Enter@683,384 (3m39s ago), fg ok
2026-06-23 22:32:15Z hc1 (D2R_1): frame CharacterScreen (1m2s ago) [degraded] | last click/Left@952,269 (8s ago), fg ?
2026-06-23 22:32:15Z hc2 (D2R_2): frame NotRunning (1m3s ago) [degraded] | last key/Escape/G/Space/Enter@683,384 (3m28s ago), fg ok
2026-06-23 22:32:15Z hc3 (D2R_3): frame CharacterScreen (10s ago) [degraded] | last key/SplashContinue/G/Space/Enter@683,384 (3m41s ago), fg ok
2026-06-23 22:32:17Z hc1 (D2R_1): frame CharacterScreen (1m4s ago) [degraded] | last click/Left@952,269 (10s ago), fg ?
2026-06-23 22:32:17Z hc2 (D2R_2): frame NotRunning (1m5s ago) [degraded] | last key/Escape/G/Space/Enter@683,384 (3m30s ago), fg ok
2026-06-23 22:32:17Z hc3 (D2R_3): frame CharacterScreen (12s ago) [degraded] | last key/SplashContinue/G/Space/Enter@683,384 (3m44s ago), fg ok
2026-06-23 22:32:19Z hc1 (D2R_1): frame CharacterScreen (1m6s ago) [degraded] | last click/Left@952,269 (12s ago), fg ?
2026-06-23 22:32:19Z hc2 (D2R_2): frame NotRunning (1m8s ago) [degraded] | last key/Escape/G/Space/Enter@683,384 (3m32s ago), fg ok
2026-06-23 22:32:19Z hc3 (D2R_3): frame CharacterScreen (15s ago) [degraded] | last key/SplashContinue/G/Space/Enter@683,384 (3m46s ago), fg ok
2026-06-23 22:32:21Z hc1 (D2R_1): frame CharacterScreen (1m8s ago) [degraded] | last click/Left@952,269 (14s ago), fg ?
2026-06-23 22:32:21Z hc2 (D2R_2): frame NotRunning (1m10s ago) [degraded] | last key/Escape/G/Space/Enter@683,384 (3m34s ago), fg ok
2026-06-23 22:32:21Z hc3 (D2R_3): frame CharacterScreen (17s ago) [degraded] | last key/SplashContinue/G/Space/Enter@683,384 (3m48s ago), fg ok
2026-06-23 22:32:24Z hc1 (D2R_1): frame CharacterScreen (1m11s ago) [degraded] | last click/Left@952,269 (17s ago), fg ?
2026-06-23 22:32:24Z hc2 (D2R_2): frame NotRunning (1m12s ago) [degraded] | last key/Escape/G/Space/Enter@683,384 (3m37s ago), fg ok
2026-06-23 22:32:24Z hc3 (D2R_3): frame CharacterScreen (19s ago) [degraded] | last key/SplashContinue/G/Space/Enter@683,384 (3m50s ago), fg ok
2026-06-23 22:32:26Z hc1 (D2R_1): frame CharacterScreen (1m13s ago) [degraded] | last click/Left@952,269 (19s ago), fg ?
2026-06-23 22:32:26Z hc2 (D2R_2): frame NotRunning (1m14s ago) [degraded] | last key/Escape/G/Space/Enter@683,384 (3m39s ago), fg ok
2026-06-23 22:32:26Z hc3 (D2R_3): frame CharacterScreen (21s ago) [degraded] | last key/SplashContinue/G/Space/Enter@683,384 (3m53s ago), fg ok
2026-06-23 22:32:28Z hc1 (D2R_1): frame CharacterScreen (1m15s ago) [degraded] | last click/Left@952,269 (21s ago), fg ?
2026-06-23 22:32:28Z hc2 (D2R_2): frame NotRunning (1m16s ago) [degraded] | last key/Escape/G/Space/Enter@683,384 (3m41s ago), fg ok
2026-06-23 22:32:28Z hc3 (D2R_3): frame CharacterScreen (23s ago) [degraded] | last key/SplashContinue/G/Space/Enter@683,384 (3m55s ago), fg ok
2026-06-23 22:32:34Z hc1 (D2R_1): frame CharacterScreen (4s ago) [degraded] | last click/Left@952,269 (27s ago), fg ?
2026-06-23 22:32:34Z hc2 (D2R_2): frame NotRunning (1m19s ago) [degraded] | last key/Escape/G/Space/Enter@683,384 (3m43s ago), fg ok
2026-06-23 22:32:34Z hc3 (D2R_3): frame CharacterScreen (26s ago) [degraded] | last key/SplashContinue/G/Space/Enter@683,384 (3m57s ago), fg ok
2026-06-23 22:32:41Z hc1 (D2R_1): frame CharacterScreen (7s ago) [degraded] | last click/Left@952,269 (30s ago), fg ?
2026-06-23 22:32:41Z hc2 (D2R_2): frame CharacterScreen (6s ago) [degraded] | last key/Escape/G/Space/Enter@683,384 (3m53s ago), fg ok
2026-06-23 22:32:41Z hc3 (D2R_3): frame CharacterScreen (32s ago) [degraded] | last key/SplashContinue/G/Space/Enter@683,384 (4m3s ago), fg ok
2026-06-23 22:32:43Z hc1 (D2R_1): frame CharacterScreen (13s ago) [degraded] | last click/Left@952,269 (36s ago), fg ?
2026-06-23 22:32:43Z hc2 (D2R_2): frame CharacterScreen (8s ago) [degraded] | last key/Escape/G/Space/Enter@683,384 (3m56s ago), fg ok
2026-06-23 22:32:43Z hc3 (D2R_3): frame CharacterScreen (38s ago) [degraded] | last key/SplashContinue/G/Space/Enter@683,384 (4m9s ago), fg ok
2026-06-23 22:32:45Z hc1 (D2R_1): frame CharacterScreen (15s ago) [degraded] | last click/Left@952,269 (38s ago), fg ?
2026-06-23 22:32:45Z hc2 (D2R_2): frame CharacterScreen (10s ago) [degraded] | last key/Escape/G/Space/Enter@683,384 (3m58s ago), fg ok
2026-06-23 22:32:45Z hc3 (D2R_3): frame CharacterScreen (40s ago) [degraded] | last key/SplashContinue/G/Space/Enter@683,384 (4m12s ago), fg ok
2026-06-23 22:32:47Z hc1 (D2R_1): frame CharacterScreen (17s ago) [degraded] | last click/Left@952,269 (40s ago), fg ?
2026-06-23 22:32:47Z hc2 (D2R_2): frame CharacterScreen (13s ago) [degraded] | last key/Escape/G/Space/Enter@683,384 (4m0s ago), fg ok
2026-06-23 22:32:47Z hc3 (D2R_3): frame CharacterScreen (43s ago) [degraded] | last key/SplashContinue/G/Space/Enter@683,384 (4m14s ago), fg ok
2026-06-23 22:32:50Z hc1 (D2R_1): frame CharacterScreen (20s ago) [degraded] | last click/Left@952,269 (43s ago), fg ?
2026-06-23 22:32:50Z hc2 (D2R_2): frame CharacterScreen (15s ago) [degraded] | last key/Escape/G/Space/Enter@683,384 (4m2s ago), fg ok
2026-06-23 22:32:50Z hc3 (D2R_3): frame CharacterScreen (45s ago) [degraded] | last key/SplashContinue/G/Space/Enter@683,384 (4m16s ago), fg ok
2026-06-23 22:32:52Z hc1 (D2R_1): frame CharacterScreen (22s ago) [degraded] | last click/Left@952,269 (45s ago), fg ?
2026-06-23 22:32:52Z hc2 (D2R_2): frame CharacterScreen (17s ago) [degraded] | last key/Escape/G/Space/Enter@683,384 (4m5s ago), fg ok
2026-06-23 22:32:52Z hc3 (D2R_3): frame CharacterScreen (47s ago) [degraded] | last key/SplashContinue/G/Space/Enter@683,384 (4m18s ago), fg ok
2026-06-23 22:32:54Z hc1 (D2R_1): frame CharacterScreen (24s ago) [degraded] | last click/Left@952,269 (47s ago), fg ?
2026-06-23 22:32:54Z hc2 (D2R_2): frame CharacterScreen (19s ago) [degraded] | last key/Escape/G/Space/Enter@683,384 (4m7s ago), fg ok
2026-06-23 22:32:54Z hc3 (D2R_3): frame CharacterScreen (49s ago) [degraded] | last key/SplashContinue/G/Space/Enter@683,384 (4m21s ago), fg ok
2026-06-23 22:33:00Z hc1 (D2R_1): frame CharacterScreen (26s ago) [degraded] | last click/Left@952,269 (49s ago), fg ?
2026-06-23 22:33:00Z hc2 (D2R_2): frame CharacterScreen (21s ago) [degraded] | last key/Escape/G/Space/Enter@683,384 (4m9s ago), fg ok
2026-06-23 22:33:00Z hc3 (D2R_3): frame CharacterScreen (4s ago) [degraded] | last key/SplashContinue/G/Space/Enter@683,384 (4m27s ago), fg ok
2026-06-23 22:33:03Z hc1 (D2R_1): frame CharacterScreen (33s ago) [degraded] | last click/Left@952,269 (56s ago), fg ?
2026-06-23 22:33:03Z hc2 (D2R_2): frame CharacterScreen (28s ago) [degraded] | last key/Escape/G/Space/Enter@683,384 (4m15s ago), fg ok
2026-06-23 22:33:03Z hc3 (D2R_3): frame CharacterScreen (6s ago) [degraded] | last key/SplashContinue/G/Space/Enter@683,384 (4m29s ago), fg ok
2026-06-23 22:33:05Z hc1 (D2R_1): frame CharacterScreen (35s ago) [degraded] | last click/Left@952,269 (58s ago), fg ?
2026-06-23 22:33:05Z hc2 (D2R_2): frame CharacterScreen (30s ago) [degraded] | last key/Escape/G/Space/Enter@683,384 (4m18s ago), fg ok
2026-06-23 22:33:05Z hc3 (D2R_3): frame CharacterScreen (8s ago) [degraded] | last key/SplashContinue/G/Space/Enter@683,384 (4m31s ago), fg ok
2026-06-23 22:33:07Z hc1 (D2R_1): frame CharacterScreen (37s ago) [degraded] | last click/Left@952,269 (1m0s ago), fg ?
2026-06-23 22:33:07Z hc2 (D2R_2): frame CharacterScreen (32s ago) [degraded] | last key/Escape/G/Space/Enter@683,384 (4m20s ago), fg ok
2026-06-23 22:33:07Z hc3 (D2R_3): frame CharacterScreen (11s ago) [degraded] | last key/SplashContinue/G/Space/Enter@683,384 (4m34s ago), fg ok
2026-06-23 22:33:09Z hc1 (D2R_1): frame CharacterScreen (39s ago) [degraded] | last click/Left@952,269 (1m2s ago), fg ?
2026-06-23 22:33:09Z hc2 (D2R_2): frame CharacterScreen (35s ago) [degraded] | last key/Escape/G/Space/Enter@683,384 (4m22s ago), fg ok
2026-06-23 22:33:09Z hc3 (D2R_3): frame CharacterScreen (13s ago) [degraded] | last key/SplashContinue/G/Space/Enter@683,384 (4m36s ago), fg ok
