2026-06-25 14:17:01Z hc1 (D2R_1): frame unknown [degraded: UI command is active; using process-only status so diagnostics cannot starve menu input.] | last no input yet
2026-06-25 14:17:01Z hc2 (D2R_2): frame unknown [degraded: UI command is active; using process-only status so diagnostics cannot starve menu input.] | last no input yet
2026-06-25 14:17:01Z hc3 (D2R_3): frame unknown [degraded: UI command is active; using process-only status so diagnostics cannot starve menu input.] | last no input yet
2026-06-25 14:17:04Z hc1 (D2R_1): frame unknown [degraded: UI command is active; using process-only status so diagnostics cannot starve menu input.] | last no input yet
2026-06-25 14:17:04Z hc2 (D2R_2): frame unknown [degraded: UI command is active; using process-only status so diagnostics cannot starve menu input.] | last no input yet
2026-06-25 14:17:04Z hc3 (D2R_3): frame unknown [degraded: UI command is active; using process-only status so diagnostics cannot starve menu input.] | last no input yet
2026-06-25 14:17:06Z hc1 (D2R_1): frame unknown [degraded: UI command is active; using process-only status so diagnostics cannot starve menu input.] | last no input yet
2026-06-25 14:17:06Z hc2 (D2R_2): frame unknown [degraded: UI command is active; using process-only status so diagnostics cannot starve menu input.] | last no input yet
2026-06-25 14:17:06Z hc3 (D2R_3): frame unknown [degraded: UI command is active; using process-only status so diagnostics cannot starve menu input.] | last no input yet
2026-06-25 14:17:09Z hc1 (D2R_1): frame unknown [degraded: UI command is active; using process-only status so diagnostics cannot starve menu input.] | last no input yet
2026-06-25 14:17:09Z hc2 (D2R_2): frame unknown [degraded: UI command is active; using process-only status so diagnostics cannot starve menu input.] | last no input yet
2026-06-25 14:17:09Z hc3 (D2R_3): frame unknown [degraded: UI command is active; using process-only status so diagnostics cannot starve menu input.] | last no input yet
2026-06-25 14:17:11Z hc1 (D2R_1): frame unknown [degraded: UI command is active; using process-only status so diagnostics cannot starve menu input.] | last no input yet
2026-06-25 14:17:11Z hc2 (D2R_2): frame unknown [degraded: UI command is active; using process-only status so diagnostics cannot starve menu input.] | last no input yet
2026-06-25 14:17:11Z hc3 (D2R_3): frame unknown [degraded: UI command is active; using process-only status so diagnostics cannot starve menu input.] | last no input yet
2026-06-25 14:17:13Z hc1 (D2R_1): frame Unknown (0s ago) [degraded: UI command is active; using process-only status so diagnostics cannot starve menu input.] | last no input yet
2026-06-25 14:17:13Z hc2 (D2R_2): frame Unknown (0s ago) [degraded: UI command is active; using process-only status so diagnostics cannot starve menu input.] | last no input yet
2026-06-25 14:17:13Z hc3 (D2R_3): frame Unknown (0s ago) [degraded: UI command is active; using process-only status so diagnostics cannot starve menu input.] | last no input yet
2026-06-25 14:17:16Z hc1 (D2R_1): frame Unknown (2s ago) [degraded: UI command is active; using process-only status so diagnostics cannot starve menu input.] | last no input yet
2026-06-25 14:17:16Z hc2 (D2R_2): frame Unknown (2s ago) [degraded: UI command is active; using process-only status so diagnostics cannot starve menu input.] | last no input yet
2026-06-25 14:17:16Z hc3 (D2R_3): frame Unknown (2s ago) [degraded: UI command is active; using process-only status so diagnostics cannot starve menu input.] | last no input yet
2026-06-25 14:17:18Z hc1 (D2R_1): frame Unknown (4s ago) [degraded: UI command is active; using process-only status so diagnostics cannot starve menu input.] | last key/Escape/G/Space/Enter@683,384 (1s ago), fg ?
2026-06-25 14:17:18Z hc2 (D2R_2): frame Unknown (4s ago) [degraded: UI command is active; using process-only status so diagnostics cannot starve menu input.] | last key/Escape/G/Space/Enter@683,384 (1s ago), fg ?
2026-06-25 14:17:18Z hc3 (D2R_3): frame Unknown (4s ago) [degraded: UI command is active; using process-only status so diagnostics cannot starve menu input.] | last key/Escape/G/Space/Enter@683,384 (1s ago), fg ?
2026-06-25 14:17:20Z hc1 (D2R_1): frame Unknown (6s ago) [degraded: UI command is active; using process-only status so diagnostics cannot starve menu input.] | last key/Escape/G/Space/Enter@683,384 (3s ago), fg ?
2026-06-25 14:17:20Z hc2 (D2R_2): frame Unknown (6s ago) [degraded: UI command is active; using process-only status so diagnostics cannot starve menu input.] | last key/Escape/G/Space/Enter@683,384 (3s ago), fg ?
2026-06-25 14:17:20Z hc3 (D2R_3): frame Unknown (6s ago) [degraded: UI command is active; using process-only status so diagnostics cannot starve menu input.] | last key/Escape/G/Space/Enter@683,384 (3s ago), fg ?
2026-06-25 14:17:23Z hc1 (D2R_1): frame Unknown (9s ago) [degraded: UI command is active; using process-only status so diagnostics cannot starve menu input.] | last key/Escape/G/Space/Enter@683,384 (6s ago), fg ?
2026-06-25 14:17:23Z hc2 (D2R_2): frame Unknown (9s ago) [degraded: UI command is active; using process-only status so diagnostics cannot starve menu input.] | last key/Escape/G/Space/Enter@683,384 (5s ago), fg ?
2026-06-25 14:17:23Z hc3 (D2R_3): frame Unknown (9s ago) [degraded: UI command is active; using process-only status so diagnostics cannot starve menu input.] | last key/Escape/G/Space/Enter@683,384 (6s ago), fg ?
2026-06-25 14:17:25Z hc1 (D2R_1): frame Unknown (11s ago) [degraded: UI command is active; using process-only status so diagnostics cannot starve menu input.] | last key/Escape/G/Space/Enter@683,384 (8s ago), fg ?
2026-06-25 14:17:25Z hc2 (D2R_2): frame Unknown (11s ago) [degraded: UI command is active; using process-only status so diagnostics cannot starve menu input.] | last key/Escape/G/Space/Enter@683,384 (8s ago), fg ?
2026-06-25 14:17:25Z hc3 (D2R_3): frame Unknown (11s ago) [degraded: UI command is active; using process-only status so diagnostics cannot starve menu input.] | last key/Escape/G/Space/Enter@683,384 (8s ago), fg ?
2026-06-25 14:17:27Z hc1 (D2R_1): frame Unknown (13s ago) [degraded: UI command is active; using process-only status so diagnostics cannot starve menu input.] | last key/Escape/G/Space/Enter@683,384 (10s ago), fg ?
2026-06-25 14:17:27Z hc2 (D2R_2): frame Unknown (13s ago) [degraded: UI command is active; using process-only status so diagnostics cannot starve menu input.] | last key/Escape/G/Space/Enter@683,384 (10s ago), fg ?
2026-06-25 14:17:27Z hc3 (D2R_3): frame Unknown (13s ago) [degraded: UI command is active; using process-only status so diagnostics cannot starve menu input.] | last key/Escape/G/Space/Enter@683,384 (10s ago), fg ?
2026-06-25 14:17:29Z hc1 (D2R_1): frame Unknown (16s ago) [degraded: UI command is active; using process-only status so diagnostics cannot starve menu input.] | last key/Escape/G/Space/Enter@683,384 (13s ago), fg ?
2026-06-25 14:17:29Z hc2 (D2R_2): frame Unknown (16s ago) [degraded: UI command is active; using process-only status so diagnostics cannot starve menu input.] | last key/Escape/G/Space/Enter@683,384 (12s ago), fg ?
2026-06-25 14:17:29Z hc3 (D2R_3): frame Unknown (16s ago) [degraded: UI command is active; using process-only status so diagnostics cannot starve menu input.] | last key/Escape/G/Space/Enter@683,384 (13s ago), fg ?
2026-06-25 14:17:32Z hc1 (D2R_1): frame Unknown (18s ago) [degraded: UI command is active; using process-only status so diagnostics cannot starve menu input.] | last key/Escape/G/Space/Enter@683,384 (15s ago), fg ?
2026-06-25 14:17:32Z hc2 (D2R_2): frame Unknown (18s ago) [degraded: UI command is active; using process-only status so diagnostics cannot starve menu input.] | last key/Escape/G/Space/Enter@683,384 (15s ago), fg ?
2026-06-25 14:17:32Z hc3 (D2R_3): frame Unknown (18s ago) [degraded: UI command is active; using process-only status so diagnostics cannot starve menu input.] | last key/Escape/G/Space/Enter@683,384 (15s ago), fg ?
2026-06-25 14:17:34Z hc1 (D2R_1): frame Unknown (20s ago) [degraded: UI command is active; using process-only status so diagnostics cannot starve menu input.] | last key/Escape/G/Space/Enter@683,384 (17s ago), fg ?
2026-06-25 14:17:34Z hc2 (D2R_2): frame Unknown (20s ago) [degraded: UI command is active; using process-only status so diagnostics cannot starve menu input.] | last key/Escape/G/Space/Enter@683,384 (17s ago), fg ?
2026-06-25 14:17:34Z hc3 (D2R_3): frame Unknown (20s ago) [degraded: UI command is active; using process-only status so diagnostics cannot starve menu input.] | last key/Escape/G/Space/Enter@683,384 (17s ago), fg ?
2026-06-25 14:17:36Z hc1 (D2R_1): frame Unknown (1s ago) [degraded: UI command is active; using process-only status so diagnostics cannot starve menu input.] | last key/Escape/G/Space/Enter@683,384 (19s ago), fg ?
2026-06-25 14:17:36Z hc2 (D2R_2): frame Unknown (1s ago) [degraded: UI command is active; using process-only status so diagnostics cannot starve menu input.] | last key/Escape/G/Space/Enter@683,384 (19s ago), fg ?
2026-06-25 14:17:36Z hc3 (D2R_3): frame Unknown (0s ago) [degraded: UI command is active; using process-only status so diagnostics cannot starve menu input.] | last key/Escape/G/Space/Enter@683,384 (19s ago), fg ?
2026-06-25 14:17:38Z hc1 (D2R_1): frame Unknown (3s ago) [degraded: UI command is active; using process-only status so diagnostics cannot starve menu input.] | last key/Escape/G/Space/Enter@683,384 (0s ago), fg ?
2026-06-25 14:17:38Z hc2 (D2R_2): frame Unknown (3s ago) [degraded: UI command is active; using process-only status so diagnostics cannot starve menu input.] | last key/Escape/G/Space/Enter@683,384 (0s ago), fg ?
2026-06-25 14:17:38Z hc3 (D2R_3): frame Unknown (3s ago) [degraded: UI command is active; using process-only status so diagnostics cannot starve menu input.] | last key/Escape/G/Space/Enter@683,384 (0s ago), fg ?
2026-06-25 14:17:41Z hc1 (D2R_1): frame Unknown (5s ago) [degraded: UI command is active; using process-only status so diagnostics cannot starve menu input.] | last key/Escape/G/Space/Enter@683,384 (2s ago), fg ?
2026-06-25 14:17:41Z hc2 (D2R_2): frame Unknown (5s ago) [degraded: UI command is active; using process-only status so diagnostics cannot starve menu input.] | last key/Escape/G/Space/Enter@683,384 (2s ago), fg ?
2026-06-25 14:17:41Z hc3 (D2R_3): frame Unknown (5s ago) [degraded: UI command is active; using process-only status so diagnostics cannot starve menu input.] | last key/Escape/G/Space/Enter@683,384 (2s ago), fg ?
2026-06-25 14:17:43Z hc1 (D2R_1): frame Unknown (7s ago) [degraded: UI command is active; using process-only status so diagnostics cannot starve menu input.] | last key/Escape/G/Space/Enter@683,384 (4s ago), fg ?
2026-06-25 14:17:43Z hc2 (D2R_2): frame Unknown (7s ago) [degraded: UI command is active; using process-only status so diagnostics cannot starve menu input.] | last key/Escape/G/Space/Enter@683,384 (4s ago), fg ?
2026-06-25 14:17:43Z hc3 (D2R_3): frame Unknown (7s ago) [degraded: UI command is active; using process-only status so diagnostics cannot starve menu input.] | last key/Escape/G/Space/Enter@683,384 (4s ago), fg ?
2026-06-25 14:17:45Z hc1 (D2R_1): frame Unknown (10s ago) [degraded: UI command is active; using process-only status so diagnostics cannot starve menu input.] | last key/Escape/G/Space/Enter@683,384 (7s ago), fg ?
2026-06-25 14:17:45Z hc2 (D2R_2): frame Unknown (10s ago) [degraded: UI command is active; using process-only status so diagnostics cannot starve menu input.] | last key/Escape/G/Space/Enter@683,384 (6s ago), fg ?
2026-06-25 14:17:45Z hc3 (D2R_3): frame Unknown (9s ago) [degraded: UI command is active; using process-only status so diagnostics cannot starve menu input.] | last key/Escape/G/Space/Enter@683,384 (6s ago), fg ?
2026-06-25 14:17:47Z hc1 (D2R_1): frame Unknown (12s ago) [degraded: UI command is active; using process-only status so diagnostics cannot starve menu input.] | last key/Escape/G/Space/Enter@683,384 (9s ago), fg ?
2026-06-25 14:17:47Z hc2 (D2R_2): frame Unknown (12s ago) [degraded: UI command is active; using process-only status so diagnostics cannot starve menu input.] | last key/Escape/G/Space/Enter@683,384 (9s ago), fg ?
2026-06-25 14:17:47Z hc3 (D2R_3): frame Unknown (12s ago) [degraded: UI command is active; using process-only status so diagnostics cannot starve menu input.] | last key/Escape/G/Space/Enter@683,384 (8s ago), fg ?
2026-06-25 14:17:50Z hc1 (D2R_1): frame Unknown (14s ago) [degraded: UI command is active; using process-only status so diagnostics cannot starve menu input.] | last key/Escape/G/Space/Enter@683,384 (11s ago), fg ?
2026-06-25 14:17:50Z hc2 (D2R_2): frame Unknown (14s ago) [degraded: UI command is active; using process-only status so diagnostics cannot starve menu input.] | last key/Escape/G/Space/Enter@683,384 (11s ago), fg ?
2026-06-25 14:17:50Z hc3 (D2R_3): frame Unknown (14s ago) [degraded: UI command is active; using process-only status so diagnostics cannot starve menu input.] | last key/Escape/G/Space/Enter@683,384 (11s ago), fg ?
2026-06-25 14:17:52Z hc1 (D2R_1): frame Unknown (17s ago) [degraded: UI command is active; using process-only status so diagnostics cannot starve menu input.] | last key/Escape/G/Space/Enter@683,384 (13s ago), fg ?
2026-06-25 14:17:52Z hc2 (D2R_2): frame Unknown (16s ago) [degraded: UI command is active; using process-only status so diagnostics cannot starve menu input.] | last key/Escape/G/Space/Enter@683,384 (13s ago), fg ?
2026-06-25 14:17:52Z hc3 (D2R_3): frame Unknown (16s ago) [degraded: UI command is active; using process-only status so diagnostics cannot starve menu input.] | last key/Escape/G/Space/Enter@683,384 (13s ago), fg ?
2026-06-25 14:17:54Z hc1 (D2R_1): frame Unknown (19s ago) [degraded: UI command is active; using process-only status so diagnostics cannot starve menu input.] | last key/Escape/G/Space/Enter@683,384 (16s ago), fg ?
2026-06-25 14:17:54Z hc2 (D2R_2): frame Unknown (19s ago) [degraded: UI command is active; using process-only status so diagnostics cannot starve menu input.] | last key/Escape/G/Space/Enter@683,384 (16s ago), fg ?
2026-06-25 14:17:54Z hc3 (D2R_3): frame Unknown (18s ago) [degraded: UI command is active; using process-only status so diagnostics cannot starve menu input.] | last key/Escape/G/Space/Enter@683,384 (15s ago), fg ?
2026-06-25 14:17:56Z hc1 (D2R_1): frame Unknown (21s ago) [degraded: UI command is active; using process-only status so diagnostics cannot starve menu input.] | last key/Escape/G/Space/Enter@683,384 (18s ago), fg ?
2026-06-25 14:17:56Z hc2 (D2R_2): frame Unknown (21s ago) [degraded: UI command is active; using process-only status so diagnostics cannot starve menu input.] | last key/Escape/G/Space/Enter@683,384 (18s ago), fg ?
2026-06-25 14:17:56Z hc3 (D2R_3): frame Unknown (21s ago) [degraded: UI command is active; using process-only status so diagnostics cannot starve menu input.] | last key/Escape/G/Space/Enter@683,384 (17s ago), fg ?
2026-06-25 14:17:59Z hc1 (D2R_1): frame Unknown (0s ago) [degraded: UI command is active; using process-only status so diagnostics cannot starve menu input.] | last key/Escape/G/Space/Enter@683,384 (20s ago), fg ?
2026-06-25 14:17:59Z hc2 (D2R_2): frame Unknown (0s ago) [degraded: UI command is active; using process-only status so diagnostics cannot starve menu input.] | last key/Escape/G/Space/Enter@683,384 (20s ago), fg ?
2026-06-25 14:17:59Z hc3 (D2R_3): frame Unknown (0s ago) [degraded: UI command is active; using process-only status so diagnostics cannot starve menu input.] | last key/Escape/G/Space/Enter@683,384 (20s ago), fg ?
2026-06-25 14:18:01Z hc1 (D2R_1): frame Unknown (2s ago) [degraded: UI command is active; using process-only status so diagnostics cannot starve menu input.] | last key/Escape/G/Space/Enter@683,384 (22s ago), fg ?
2026-06-25 14:18:01Z hc2 (D2R_2): frame Unknown (2s ago) [degraded: UI command is active; using process-only status so diagnostics cannot starve menu input.] | last key/Escape/G/Space/Enter@683,384 (22s ago), fg ?
2026-06-25 14:18:01Z hc3 (D2R_3): frame Unknown (2s ago) [degraded: UI command is active; using process-only status so diagnostics cannot starve menu input.] | last key/Escape/G/Space/Enter@683,384 (22s ago), fg ?
2026-06-25 14:18:03Z hc1 (D2R_1): frame Unknown (4s ago) [degraded: UI command is active; using process-only status so diagnostics cannot starve menu input.] | last key/Escape/G/Space/Enter@683,384 (1s ago), fg ?
2026-06-25 14:18:03Z hc2 (D2R_2): frame Unknown (4s ago) [degraded: UI command is active; using process-only status so diagnostics cannot starve menu input.] | last key/Escape/G/Space/Enter@683,384 (1s ago), fg ?
2026-06-25 14:18:03Z hc3 (D2R_3): frame Unknown (4s ago) [degraded: UI command is active; using process-only status so diagnostics cannot starve menu input.] | last key/Escape/G/Space/Enter@683,384 (1s ago), fg ?
2026-06-25 14:18:06Z hc1 (D2R_1): frame Unknown (7s ago) [degraded: UI command is active; using process-only status so diagnostics cannot starve menu input.] | last key/Escape/G/Space/Enter@683,384 (4s ago), fg ?
2026-06-25 14:18:06Z hc2 (D2R_2): frame Unknown (6s ago) [degraded: UI command is active; using process-only status so diagnostics cannot starve menu input.] | last key/Escape/G/Space/Enter@683,384 (3s ago), fg ?
2026-06-25 14:18:06Z hc3 (D2R_3): frame Unknown (6s ago) [degraded: UI command is active; using process-only status so diagnostics cannot starve menu input.] | last key/Escape/G/Space/Enter@683,384 (3s ago), fg ?
2026-06-25 14:18:08Z hc1 (D2R_1): frame Unknown (9s ago) [degraded: UI command is active; using process-only status so diagnostics cannot starve menu input.] | last key/Escape/G/Space/Enter@683,384 (6s ago), fg ?
2026-06-25 14:18:08Z hc2 (D2R_2): frame Unknown (9s ago) [degraded: UI command is active; using process-only status so diagnostics cannot starve menu input.] | last key/Escape/G/Space/Enter@683,384 (6s ago), fg ?
2026-06-25 14:18:08Z hc3 (D2R_3): frame Unknown (8s ago) [degraded: UI command is active; using process-only status so diagnostics cannot starve menu input.] | last key/Escape/G/Space/Enter@683,384 (5s ago), fg ?
2026-06-25 14:18:10Z hc1 (D2R_1): frame Unknown (11s ago) [degraded: UI command is active; using process-only status so diagnostics cannot starve menu input.] | last key/Escape/G/Space/Enter@683,384 (8s ago), fg ?
2026-06-25 14:18:10Z hc2 (D2R_2): frame Unknown (11s ago) [degraded: UI command is active; using process-only status so diagnostics cannot starve menu input.] | last key/Escape/G/Space/Enter@683,384 (8s ago), fg ?
2026-06-25 14:18:10Z hc3 (D2R_3): frame Unknown (11s ago) [degraded: UI command is active; using process-only status so diagnostics cannot starve menu input.] | last key/Escape/G/Space/Enter@683,384 (7s ago), fg ?
2026-06-25 14:18:12Z hc1 (D2R_1): frame Unknown (13s ago) [degraded: UI command is active; using process-only status so diagnostics cannot starve menu input.] | last key/Escape/G/Space/Enter@683,384 (10s ago), fg ?
2026-06-25 14:18:12Z hc2 (D2R_2): frame Unknown (13s ago) [degraded: UI command is active; using process-only status so diagnostics cannot starve menu input.] | last key/Escape/G/Space/Enter@683,384 (10s ago), fg ?
2026-06-25 14:18:12Z hc3 (D2R_3): frame Unknown (13s ago) [degraded: UI command is active; using process-only status so diagnostics cannot starve menu input.] | last key/Escape/G/Space/Enter@683,384 (10s ago), fg ?
2026-06-25 14:18:14Z hc1 (D2R_1): frame Unknown (16s ago) [degraded: UI command is active; using process-only status so diagnostics cannot starve menu input.] | last key/Escape/G/Space/Enter@683,384 (12s ago), fg ?
2026-06-25 14:18:14Z hc2 (D2R_2): frame Unknown (15s ago) [degraded: UI command is active; using process-only status so diagnostics cannot starve menu input.] | last key/Escape/G/Space/Enter@683,384 (12s ago), fg ?
2026-06-25 14:18:14Z hc3 (D2R_3): frame Unknown (15s ago) [degraded: UI command is active; using process-only status so diagnostics cannot starve menu input.] | last key/Escape/G/Space/Enter@683,384 (12s ago), fg ?
2026-06-25 14:18:17Z hc1 (D2R_1): frame Unknown (18s ago) [degraded: UI command is active; using process-only status so diagnostics cannot starve menu input.] | last key/Escape/G/Space/Enter@683,384 (15s ago), fg ?
2026-06-25 14:18:17Z hc2 (D2R_2): frame Unknown (18s ago) [degraded: UI command is active; using process-only status so diagnostics cannot starve menu input.] | last key/Escape/G/Space/Enter@683,384 (14s ago), fg ?
2026-06-25 14:18:17Z hc3 (D2R_3): frame Unknown (17s ago) [degraded: UI command is active; using process-only status so diagnostics cannot starve menu input.] | last key/Escape/G/Space/Enter@683,384 (14s ago), fg ?
2026-06-25 14:18:19Z hc1 (D2R_1): frame CharacterScreen (0s ago) [degraded: UI command is active; using process-only status so diagnostics cannot starve menu input.] | last key/Escape/G/Space/Enter@683,384 (17s ago), fg ? | at EnsureReadyCharacterScreenOnlineAsync: ready loop detected CharacterScreen (0s ago)
2026-06-25 14:18:19Z hc2 (D2R_2): frame Unknown (20s ago) [degraded: UI command is active; using process-only status so diagnostics cannot starve menu input.] | last key/Escape/G/Space/Enter@683,384 (17s ago), fg ?
2026-06-25 14:18:19Z hc3 (D2R_3): frame CharacterScreen (0s ago) [degraded: UI command is active; using process-only status so diagnostics cannot starve menu input.] | last key/Escape/G/Space/Enter@683,384 (16s ago), fg ? | at EnsureReadyCharacterScreenOnlineAsync: ready loop detected CharacterScreen (0s ago)
2026-06-25 14:18:21Z hc1 (D2R_1): frame CharacterScreen (2s ago) [degraded: UI command is active; using process-only status so diagnostics cannot starve menu input.] | last click/Left@799,689 (0s ago), fg ? | at EnsureLobbyOpenedAsync: remembered-character-screen click (1s ago)
2026-06-25 14:18:21Z hc2 (D2R_2): frame Unknown (22s ago) [degraded: UI command is active; using process-only status so diagnostics cannot starve menu input.] | last key/Escape/G/Space/Enter@683,384 (19s ago), fg ?
2026-06-25 14:18:21Z hc3 (D2R_3): frame CharacterScreen (2s ago) [degraded: UI command is active; using process-only status so diagnostics cannot starve menu input.] | last click/Left@799,689 (0s ago), fg ? | at EnsureLobbyOpenedAsync: remembered-character-screen click (1s ago)
2026-06-25 14:18:23Z hc1 (D2R_1): frame CharacterScreen (5s ago) [degraded: UI command is active; using process-only status so diagnostics cannot starve menu input.] | last click/Left@919,55 (0s ago), fg ? | at FillTextFieldAsync: first click (0s ago)
2026-06-25 14:18:23Z hc2 (D2R_2): frame CharacterMenu (0s ago) [degraded: UI command is active; using process-only status so diagnostics cannot starve menu input.] | last key/Escape/G/Space/Enter@683,384 (21s ago), fg ? | at EnsureLobbyOpenedAsync: remembered-character-screen click (0s ago)
2026-06-25 14:18:23Z hc3 (D2R_3): frame CharacterScreen (4s ago) [degraded: UI command is active; using process-only status so diagnostics cannot starve menu input.] | last click/Left@1046,55 (0s ago), fg ? | at FillTextFieldAsync: first click (0s ago)
2026-06-25 14:18:26Z hc1 (D2R_1): frame CharacterScreen (7s ago) [degraded: UI command is active; using process-only status so diagnostics cannot starve menu input.] | last click/Left@1046,123 (0s ago), fg ? | at FillTextFieldAsync: first click (0s ago)
2026-06-25 14:18:26Z hc2 (D2R_2): frame CharacterMenu (3s ago) [degraded: UI command is active; using process-only status so diagnostics cannot starve menu input.] | last click/Left@799,689 (1s ago), fg ? | at ClickLobbyTabDirectAsync: first ClickD2R (0s ago)
2026-06-25 14:18:26Z hc3 (D2R_3): frame CharacterScreen (7s ago) [degraded: UI command is active; using process-only status so diagnostics cannot starve menu input.] | last click/Left@1143,106 (0s ago), fg ? | at FillTextFieldAsync: first click (0s ago)
2026-06-25 14:18:28Z hc1 (D2R_1): frame CharacterScreen (9s ago) [degraded: UI command is active; using process-only status so diagnostics cannot starve menu input.] | last click/Left@952,269 (0s ago), fg ? | at FillTextFieldAsync: type text (0s ago)
2026-06-25 14:18:28Z hc2 (D2R_2): frame CharacterMenu (5s ago) [degraded: UI command is active; using process-only status so diagnostics cannot starve menu input.] | last click/Left@952,106 (0s ago), fg ? | at FillTextFieldAsync: second click (0s ago)
2026-06-25 14:18:28Z hc3 (D2R_3): frame CharacterScreen (9s ago) [degraded: Detailed status collection is still running; using process-only fallback.] | last click/Left@1143,106 (1s ago), fg ? | at FillTextFieldAsync: type text (0s ago)
2026-06-25 14:18:30Z hc1 (D2R_1): frame CharacterScreen (11s ago) [degraded: UI command is active; using process-only status so diagnostics cannot starve menu input.] | last click/Left@1045,475 (1s ago), fg ? | at ClickMenuEntryButtonUntilEnteredGameAsync: loop iteration 7, waiting entry grace before HUD check (0s ago)
2026-06-25 14:18:30Z hc2 (D2R_2): frame CharacterMenu (7s ago) [degraded: UI command is active; using process-only status so diagnostics cannot starve menu input.] | last click/Left@1143,106 (0s ago), fg ? | at FillTextFieldAsync: second click (0s ago)
2026-06-25 14:18:30Z hc3 (D2R_3): frame CharacterScreen (11s ago) [degraded: Detailed status collection is still running; using process-only fallback.] | last click/Left@1143,106 (3s ago), fg ? | at FillTextFieldAsync: type text (2s ago)
2026-06-25 14:18:33Z hc1 (D2R_1): frame CharacterScreen (14s ago) [degraded: UI command is active; using process-only status so diagnostics cannot starve menu input.] | last click/Left@1045,475 (3s ago), fg ? | at ClickMenuEntryButtonUntilEnteredGameAsync: loop iteration 19, waiting entry grace before HUD check (0s ago)
2026-06-25 14:18:33Z hc2 (D2R_2): frame CharacterMenu (9s ago) [degraded: Detailed status collection is still running; using process-only fallback.] | last click/Left@1143,106 (1s ago), fg ? | at FillTextFieldAsync: type text (1s ago)
2026-06-25 14:18:33Z hc3 (D2R_3): frame CharacterScreen (13s ago) [degraded: Detailed status collection is still running; using process-only fallback.] | last click/Left@1143,106 (5s ago), fg ? | at FillTextFieldAsync: type text (5s ago)
2026-06-25 14:18:35Z hc1 (D2R_1): frame CharacterScreen (16s ago) [degraded: UI command is active; using process-only status so diagnostics cannot starve menu input.] | last click/Left@1045,475 (5s ago), fg ? | at ClickMenuEntryButtonUntilEnteredGameAsync: entry grace elapsed (iteration 31), blind re-clicking entry button (0s ago)
2026-06-25 14:18:35Z hc2 (D2R_2): frame CharacterMenu (12s ago) [degraded: Detailed status collection is still running; using process-only fallback.] | last click/Left@1143,106 (4s ago), fg ? | at FillTextFieldAsync: type text (3s ago)
2026-06-25 14:18:35Z hc3 (D2R_3): frame CharacterScreen (16s ago) [degraded: Detailed status collection is still running; using process-only fallback.] | last click/Left@1143,106 (7s ago), fg ? | at FillTextFieldAsync: type text (7s ago)
2026-06-25 14:18:37Z hc1 (D2R_1): frame CharacterScreen (18s ago) [degraded: UI command is active; using process-only status so diagnostics cannot starve menu input.] | last click/Left@1045,475 (1s ago), fg ? | at ClickMenuEntryButtonUntilEnteredGameAsync: loop iteration 39, waiting entry grace before HUD check (0s ago)
2026-06-25 14:18:37Z hc2 (D2R_2): frame CharacterMenu (14s ago) [degraded: Detailed status collection is still running; using process-only fallback.] | last click/Left@1143,106 (6s ago), fg ? | at FillTextFieldAsync: type text (5s ago)
2026-06-25 14:18:37Z hc3 (D2R_3): frame CharacterScreen (18s ago) [degraded: Detailed status collection is still running; using process-only fallback.] | last click/Left@1143,106 (10s ago), fg ? | at FillTextFieldAsync: type text (9s ago)
2026-06-25 14:18:39Z hc1 (D2R_1): frame CharacterScreen (20s ago) [degraded: UI command is active; using process-only status so diagnostics cannot starve menu input.] | last click/Left@1045,475 (3s ago), fg ? | at ClickMenuEntryButtonUntilEnteredGameAsync: loop iteration 50, waiting entry grace before HUD check (0s ago)
2026-06-25 14:18:39Z hc2 (D2R_2): frame CharacterMenu (16s ago) [degraded: Detailed status collection is still running; using process-only fallback.] | last click/Left@1143,106 (8s ago), fg ? | at FillTextFieldAsync: type text (8s ago)
2026-06-25 14:18:39Z hc3 (D2R_3): frame CharacterScreen (20s ago) [degraded: Detailed status collection is still running; using process-only fallback.] | last click/Left@1143,106 (12s ago), fg ? | at FillTextFieldAsync: type text (12s ago)
2026-06-25 14:18:42Z hc1 (D2R_1): frame CharacterScreen (23s ago) [degraded: UI command is active; using process-only status so diagnostics cannot starve menu input.] | last click/Left@1045,475 (5s ago), fg ? | at ClickMenuEntryButtonUntilEnteredGameAsync: loop iteration 62: sampling process-relative HUD (0s ago)
2026-06-25 14:18:42Z hc2 (D2R_2): frame CharacterMenu (19s ago) [degraded: Detailed status collection is still running; using process-only fallback.] | last click/Left@1143,106 (10s ago), fg ? | at FillTextFieldAsync: type text (10s ago)
2026-06-25 14:18:42Z hc3 (D2R_3): frame CharacterScreen (23s ago) [degraded: Detailed status collection is still running; using process-only fallback.] | last click/Left@1143,106 (14s ago), fg ? | at FillTextFieldAsync: type text (14s ago)
2026-06-25 14:18:44Z hc1 (D2R_1): frame CharacterScreen (25s ago) [degraded: UI command is active; using process-only status so diagnostics cannot starve menu input.] | last click/Left@1045,475 (7s ago), fg ? | at ClickMenuEntryButtonUntilEnteredGameAsync: loop iteration 62, checking game-entry error dialog (0s ago)
2026-06-25 14:18:44Z hc2 (D2R_2): frame CharacterMenu (21s ago) [degraded: Detailed status collection is still running; using process-only fallback.] | last click/Left@1143,106 (13s ago), fg ? | at FillTextFieldAsync: type text (12s ago)
2026-06-25 14:18:44Z hc3 (D2R_3): frame CharacterScreen (25s ago) [degraded: Detailed status collection is still running; using process-only fallback.] | last click/Left@1143,106 (17s ago), fg ? | at FillTextFieldAsync: type text (16s ago)
2026-06-25 14:18:46Z hc1 (D2R_1): frame CharacterScreen (27s ago) [degraded: UI command is active; using process-only status so diagnostics cannot starve menu input.] | last click/Left@1045,475 (10s ago), fg ? | at ClickMenuEntryButtonUntilEnteredGameAsync: loop iteration 62, checking game-entry error dialog (2s ago)
2026-06-25 14:18:46Z hc2 (D2R_2): frame CharacterMenu (23s ago) [degraded: Detailed status collection is still running; using process-only fallback.] | last click/Left@1143,106 (15s ago), fg ? | at FillTextFieldAsync: type text (14s ago)
2026-06-25 14:18:46Z hc3 (D2R_3): frame CharacterScreen (27s ago) [degraded: Detailed status collection is still running; using process-only fallback.] | last click/Left@1143,106 (19s ago), fg ? | at FillTextFieldAsync: type text (18s ago)
2026-06-25 14:18:48Z hc1 (D2R_1): frame CharacterScreen (29s ago) [degraded: UI command is active; using process-only status so diagnostics cannot starve menu input.] | last click/Left@1045,475 (12s ago), fg ? | at ClickMenuEntryButtonUntilEnteredGameAsync: loop iteration 62, checking game-entry error dialog (4s ago)
2026-06-25 14:18:48Z hc2 (D2R_2): frame CharacterMenu (25s ago) [degraded: Detailed status collection is still running; using process-only fallback.] | last click/Left@1143,106 (17s ago), fg ? | at FillTextFieldAsync: type text (17s ago)
2026-06-25 14:18:48Z hc3 (D2R_3): frame CharacterScreen (29s ago) [degraded: Detailed status collection is still running; using process-only fallback.] | last click/Left@1143,106 (21s ago), fg ? | at FillTextFieldAsync: type text (21s ago)
2026-06-25 14:18:51Z hc1 (D2R_1): frame CharacterScreen (32s ago) [degraded: UI command is active; using process-only status so diagnostics cannot starve menu input.] | last click/Left@1045,475 (14s ago), fg ? | at ClickMenuEntryButtonUntilEnteredGameAsync: loop iteration 62, checking game-entry error dialog (6s ago)
2026-06-25 14:18:51Z hc2 (D2R_2): frame CharacterMenu (28s ago) [degraded: Detailed status collection is still running; using process-only fallback.] | last click/Left@1143,106 (19s ago), fg ? | at FillTextFieldAsync: type text (19s ago)
2026-06-25 14:18:51Z hc3 (D2R_3): frame CharacterScreen (32s ago) [degraded: Detailed status collection is still running; using process-only fallback.] | last click/Left@1143,106 (23s ago), fg ? | at FillTextFieldAsync: type text (23s ago)
2026-06-25 14:18:53Z hc1 (D2R_1): frame CharacterScreen (34s ago) [degraded: UI command is active; using process-only status so diagnostics cannot starve menu input.] | last click/Left@1045,475 (17s ago), fg ? | at ClickMenuEntryButtonUntilEnteredGameAsync: loop iteration 62, checking game-entry error dialog (8s ago)
2026-06-25 14:18:53Z hc2 (D2R_2): frame CharacterMenu (30s ago) [degraded: Detailed status collection is still running; using process-only fallback.] | last click/Left@1143,106 (22s ago), fg ? | at FillTextFieldAsync: type text (21s ago)
2026-06-25 14:18:53Z hc3 (D2R_3): frame CharacterScreen (34s ago) [degraded: Detailed status collection is still running; using process-only fallback.] | last click/Left@1143,106 (26s ago), fg ? | at FillTextFieldAsync: type text (25s ago)
2026-06-25 14:18:55Z hc1 (D2R_1): frame CharacterScreen (36s ago) [degraded: UI command is active; using process-only status so diagnostics cannot starve menu input.] | last click/Left@1045,475 (19s ago), fg ? | at ClickMenuEntryButtonUntilEnteredGameAsync: loop iteration 62, checking game-entry error dialog (11s ago)
2026-06-25 14:18:55Z hc2 (D2R_2): frame CharacterMenu (32s ago) [degraded: Detailed status collection is still running; using process-only fallback.] | last click/Left@1143,106 (24s ago), fg ? | at FillTextFieldAsync: type text (24s ago)
2026-06-25 14:18:55Z hc3 (D2R_3): frame CharacterScreen (36s ago) [degraded: Detailed status collection is still running; using process-only fallback.] | last click/Left@1143,106 (28s ago), fg ? | at FillTextFieldAsync: type text (27s ago)
2026-06-25 14:18:57Z hc1 (D2R_1): frame CharacterScreen (39s ago) [degraded: UI command is active; using process-only status so diagnostics cannot starve menu input.] | last click/Left@1045,475 (21s ago), fg ? | at ClickMenuEntryButtonUntilEnteredGameAsync: loop iteration 62, checking game-entry error dialog (13s ago)
2026-06-25 14:18:57Z hc2 (D2R_2): frame CharacterMenu (34s ago) [degraded: Detailed status collection is still running; using process-only fallback.] | last click/Left@1143,106 (26s ago), fg ? | at FillTextFieldAsync: type text (26s ago)
2026-06-25 14:18:57Z hc3 (D2R_3): frame CharacterScreen (38s ago) [degraded: Detailed status collection is still running; using process-only fallback.] | last click/Left@1143,106 (30s ago), fg ? | at FillTextFieldAsync: type text (30s ago)
2026-06-25 14:19:00Z hc1 (D2R_1): frame CharacterScreen (41s ago) [degraded: UI command is active; using process-only status so diagnostics cannot starve menu input.] | last click/Left@1045,475 (23s ago), fg ? | at ClickMenuEntryButtonUntilEnteredGameAsync: loop iteration 62, checking game-entry error dialog (15s ago)
2026-06-25 14:19:00Z hc2 (D2R_2): frame CharacterMenu (37s ago) [degraded: Detailed status collection is still running; using process-only fallback.] | last click/Left@1143,106 (28s ago), fg ? | at FillTextFieldAsync: type text (28s ago)
2026-06-25 14:19:00Z hc3 (D2R_3): frame CharacterScreen (41s ago) [degraded: Detailed status collection is still running; using process-only fallback.] | last click/Left@1143,106 (32s ago), fg ? | at FillTextFieldAsync: type text (32s ago)
2026-06-25 14:19:02Z hc1 (D2R_1): frame CharacterScreen (43s ago) [degraded: UI command is active; using process-only status so diagnostics cannot starve menu input.] | last click/Left@1045,475 (26s ago), fg ? | at ClickMenuEntryButtonUntilEnteredGameAsync: loop iteration 62, checking game-entry error dialog (17s ago)
2026-06-25 14:19:02Z hc2 (D2R_2): frame CharacterMenu (39s ago) [degraded: Detailed status collection is still running; using process-only fallback.] | last click/Left@1143,106 (31s ago), fg ? | at FillTextFieldAsync: type text (30s ago)
2026-06-25 14:19:02Z hc3 (D2R_3): frame CharacterScreen (43s ago) [degraded: Detailed status collection is still running; using process-only fallback.] | last click/Left@1143,106 (35s ago), fg ? | at FillTextFieldAsync: type text (34s ago)
2026-06-25 14:19:04Z hc1 (D2R_1): frame CharacterScreen (45s ago) [degraded: UI command is active; using process-only status so diagnostics cannot starve menu input.] | last click/Left@1045,475 (28s ago), fg ? | at ClickMenuEntryButtonUntilEnteredGameAsync: loop iteration 62, checking game-entry error dialog (20s ago)
2026-06-25 14:19:04Z hc2 (D2R_2): frame CharacterMenu (41s ago) [degraded: Detailed status collection is still running; using process-only fallback.] | last click/Left@1143,106 (33s ago), fg ? | at FillTextFieldAsync: type text (33s ago)
2026-06-25 14:19:04Z hc3 (D2R_3): frame CharacterScreen (45s ago) [degraded: Detailed status collection is still running; using process-only fallback.] | last click/Left@1143,106 (37s ago), fg ? | at FillTextFieldAsync: type text (36s ago)
2026-06-25 14:19:06Z hc1 (D2R_1): frame CharacterScreen (48s ago) [degraded: UI command is active; using process-only status so diagnostics cannot starve menu input.] | last click/Left@1045,475 (30s ago), fg ? | at ClickMenuEntryButtonUntilEnteredGameAsync: loop iteration 62, checking connection interruption (1s ago)
2026-06-25 14:19:06Z hc2 (D2R_2): frame CharacterMenu (43s ago) [degraded: Detailed status collection is still running; using process-only fallback.] | last click/Left@1143,106 (35s ago), fg ? | at FillTextFieldAsync: type text (35s ago)
2026-06-25 14:19:06Z hc3 (D2R_3): frame CharacterScreen (47s ago) [degraded: Detailed status collection is still running; using process-only fallback.] | last click/Left@1143,106 (39s ago), fg ? | at FillTextFieldAsync: type text (39s ago)
2026-06-25 14:19:09Z hc1 (D2R_1): frame CharacterScreen (50s ago) [degraded: UI command is active; using process-only status so diagnostics cannot starve menu input.] | last click/Left@1045,475 (32s ago), fg ? | at ClickMenuEntryButtonUntilEnteredGameAsync: loop iteration 62, checking connection interruption (4s ago)
2026-06-25 14:19:09Z hc2 (D2R_2): frame CharacterMenu (46s ago) [degraded: Detailed status collection is still running; using process-only fallback.] | last click/Left@1143,106 (37s ago), fg ? | at FillTextFieldAsync: type text (37s ago)
2026-06-25 14:19:09Z hc3 (D2R_3): frame CharacterScreen (50s ago) [degraded: Detailed status collection is still running; using process-only fallback.] | last click/Left@1143,106 (41s ago), fg ? | at FillTextFieldAsync: type text (41s ago)
2026-06-25 14:19:11Z hc1 (D2R_1): frame CharacterScreen (52s ago) [degraded: UI command is active; using process-only status so diagnostics cannot starve menu input.] | last click/Left@1045,475 (35s ago), fg ? | at ClickMenuEntryButtonUntilEnteredGameAsync: loop iteration 62, checking connection interruption (6s ago)
2026-06-25 14:19:11Z hc2 (D2R_2): frame CharacterMenu (48s ago) [degraded: Detailed status collection is still running; using process-only fallback.] | last click/Left@1143,106 (40s ago), fg ? | at FillTextFieldAsync: type text (39s ago)
2026-06-25 14:19:11Z hc3 (D2R_3): frame CharacterScreen (52s ago) [degraded: Detailed status collection is still running; using process-only fallback.] | last click/Left@1143,106 (44s ago), fg ? | at FillTextFieldAsync: type text (43s ago)
2026-06-25 14:19:13Z hc1 (D2R_1): frame CharacterScreen (54s ago) [degraded: UI command is active; using process-only status so diagnostics cannot starve menu input.] | last click/Left@1045,475 (37s ago), fg ? | at ClickMenuEntryButtonUntilEnteredGameAsync: loop iteration 62, checking connection interruption (8s ago)
2026-06-25 14:19:13Z hc2 (D2R_2): frame CharacterMenu (50s ago) [degraded: Detailed status collection is still running; using process-only fallback.] | last click/Left@1143,106 (42s ago), fg ? | at FillTextFieldAsync: type text (42s ago)
2026-06-25 14:19:13Z hc3 (D2R_3): frame CharacterScreen (54s ago) [degraded: Detailed status collection is still running; using process-only fallback.] | last click/Left@1143,106 (46s ago), fg ? | at FillTextFieldAsync: type text (45s ago)
2026-06-25 14:19:15Z hc1 (D2R_1): frame CharacterScreen (56s ago) [degraded: UI command is active; using process-only status so diagnostics cannot starve menu input.] | last click/Left@1045,475 (39s ago), fg ? | at ClickMenuEntryButtonUntilEnteredGameAsync: loop iteration 62, checking connection interruption (10s ago)
2026-06-25 14:19:15Z hc2 (D2R_2): frame CharacterMenu (52s ago) [degraded: Detailed status collection is still running; using process-only fallback.] | last click/Left@1143,106 (44s ago), fg ? | at FillTextFieldAsync: type text (44s ago)
2026-06-25 14:19:15Z hc3 (D2R_3): frame CharacterScreen (56s ago) [degraded: Detailed status collection is still running; using process-only fallback.] | last click/Left@1143,106 (48s ago), fg ? | at FillTextFieldAsync: type text (48s ago)
2026-06-25 14:19:18Z hc1 (D2R_1): frame CharacterScreen (59s ago) [degraded: UI command is active; using process-only status so diagnostics cannot starve menu input.] | last click/Left@1045,475 (41s ago), fg ? | at ClickMenuEntryButtonUntilEnteredGameAsync: loop iteration 62, checking connection interruption (13s ago)
2026-06-25 14:19:18Z hc2 (D2R_2): frame CharacterMenu (55s ago) [degraded: Detailed status collection is still running; using process-only fallback.] | last click/Left@1143,106 (46s ago), fg ? | at FillTextFieldAsync: type text (46s ago)
2026-06-25 14:19:18Z hc3 (D2R_3): frame CharacterScreen (59s ago) [degraded: Detailed status collection is still running; using process-only fallback.] | last click/Left@1143,106 (50s ago), fg ? | at FillTextFieldAsync: type text (50s ago)
2026-06-25 14:19:20Z hc1 (D2R_1): frame CharacterScreen (1m1s ago) [degraded: UI command is active; using process-only status so diagnostics cannot starve menu input.] | last click/Left@1045,475 (44s ago), fg ? | at ClickMenuEntryButtonUntilEnteredGameAsync: timeout boundary after connection check (iteration 62): HUD not ready (0s ago)
2026-06-25 14:19:20Z hc2 (D2R_2): frame CharacterMenu (57s ago) [degraded: Detailed status collection is still running; using process-only fallback.] | last click/Left@1143,106 (49s ago), fg ? | at FillTextFieldAsync: type text (48s ago)
2026-06-25 14:19:20Z hc3 (D2R_3): frame CharacterScreen (1m1s ago) [degraded: Detailed status collection is still running; using process-only fallback.] | last click/Left@1143,106 (53s ago), fg ? | at FillTextFieldAsync: type text (52s ago)
2026-06-25 14:19:23Z hc1 (D2R_1): frame CharacterScreen (1m4s ago) [degraded: UI command is active; using process-only status so diagnostics cannot starve menu input.] | last click/Left@1045,475 (46s ago), fg ? | at ClickMenuEntryButtonUntilEnteredGameAsync: loop iteration 62, checking offline character screen (0s ago)
2026-06-25 14:19:23Z hc2 (D2R_2): frame CharacterMenu (59s ago) [degraded: Detailed status collection is still running; using process-only fallback.] | last click/Left@1143,106 (51s ago), fg ? | at FillTextFieldAsync: type text (51s ago)
2026-06-25 14:19:23Z hc3 (D2R_3): frame CharacterScreen (1m3s ago) [degraded: Detailed status collection is still running; using process-only fallback.] | last click/Left@1143,106 (55s ago), fg ? | at FillTextFieldAsync: type text (54s ago)
2026-06-25 14:19:25Z hc1 (D2R_1): frame CharacterScreen (1m6s ago) [degraded: UI command is active; using process-only status so diagnostics cannot starve menu input.] | last click/Left@1045,475 (48s ago), fg ? | at ClickMenuEntryButtonUntilEnteredGameAsync: loop iteration 62, checking offline character screen (2s ago)
2026-06-25 14:19:25Z hc2 (D2R_2): frame CharacterMenu (1m2s ago) [degraded: Detailed status collection is still running; using process-only fallback.] | last click/Left@1143,106 (54s ago), fg ? | at FillTextFieldAsync: type text (53s ago)
2026-06-25 14:19:25Z hc3 (D2R_3): frame CharacterScreen (1m6s ago) [degraded: Detailed status collection is still running; using process-only fallback.] | last click/Left@1143,106 (58s ago), fg ? | at FillTextFieldAsync: type text (57s ago)
2026-06-25 14:19:27Z hc1 (D2R_1): frame CharacterScreen (1m8s ago) [degraded: UI command is active; using process-only status so diagnostics cannot starve menu input.] | last click/Left@1045,475 (51s ago), fg ? | at ClickMenuEntryButtonUntilEnteredGameAsync: loop iteration 62, checking offline character screen (4s ago)
2026-06-25 14:19:27Z hc2 (D2R_2): frame CharacterMenu (1m4s ago) [degraded: Detailed status collection is still running; using process-only fallback.] | last click/Left@1143,106 (56s ago), fg ? | at FillTextFieldAsync: type text (55s ago)
2026-06-25 14:19:27Z hc3 (D2R_3): frame CharacterScreen (1m8s ago) [degraded: Detailed status collection is still running; using process-only fallback.] | last click/Left@1143,106 (1m0s ago), fg ? | at FillTextFieldAsync: type text (59s ago)
2026-06-25 14:19:29Z hc1 (D2R_1): frame CharacterScreen (1m10s ago) [degraded: UI command is active; using process-only status so diagnostics cannot starve menu input.] | last click/Left@1045,475 (53s ago), fg ? | at ClickMenuEntryButtonUntilEnteredGameAsync: loop iteration 62, checking offline character screen (6s ago)
2026-06-25 14:19:29Z hc2 (D2R_2): frame CharacterMenu (1m6s ago) [degraded: Detailed status collection is still running; using process-only fallback.] | last click/Left@1143,106 (58s ago), fg ? | at FillTextFieldAsync: type text (58s ago)
2026-06-25 14:19:29Z hc3 (D2R_3): frame CharacterScreen (1m10s ago) [degraded: Detailed status collection is still running; using process-only fallback.] | last click/Left@1143,106 (1m2s ago), fg ? | at FillTextFieldAsync: type text (1m1s ago)
2026-06-25 14:19:32Z hc1 (D2R_1): frame CharacterScreen (1m13s ago) [degraded: UI command is active; using process-only status so diagnostics cannot starve menu input.] | last click/Left@1045,475 (55s ago), fg ? | at ClickMenuEntryButtonUntilEnteredGameAsync: loop iteration 62, checking offline character screen (9s ago)
2026-06-25 14:19:32Z hc2 (D2R_2): frame CharacterMenu (1m9s ago) [degraded: Detailed status collection is still running; using process-only fallback.] | last click/Left@1143,106 (1m0s ago), fg ? | at FillTextFieldAsync: type text (1m0s ago)
2026-06-25 14:19:32Z hc3 (D2R_3): frame CharacterScreen (1m13s ago) [degraded: Detailed status collection is still running; using process-only fallback.] | last click/Left@1143,106 (1m4s ago), fg ? | at FillTextFieldAsync: type text (1m4s ago)
2026-06-25 14:19:38Z hc1 (D2R_1): frame CharacterScreen (1m15s ago) [degraded: UI command is active; using process-only status so diagnostics cannot starve menu input.] | last click/Left@1045,475 (57s ago), fg ? | at ClickMenuEntryButtonUntilEnteredGameAsync: loop iteration 62, checking offline character screen (11s ago)
2026-06-25 14:19:38Z hc2 (D2R_2): frame CharacterMenu (1m11s ago) [degraded: Detailed status collection is still running; using process-only fallback.] | last click/Left@1143,106 (1m3s ago), fg ? | at FillTextFieldAsync: type text (1m2s ago)
2026-06-25 14:19:38Z hc3 (D2R_3): frame LobbyOrGame (5s ago) [degraded: Detailed status collection did not return within 4s; using process-only fallback.] | last click/Left@1143,106 (1m10s ago), fg ? | at FillTextFieldAsync: type text (1m10s ago)
2026-06-25 14:19:44Z hc1 (D2R_1): frame CharacterScreen (1m21s ago) [degraded: UI command is active; using process-only status so diagnostics cannot starve menu input.] | last click/Left@1045,475 (1m4s ago), fg ? | at ClickMenuEntryButtonUntilEnteredGameAsync: loop iteration 62, checking offline character screen (17s ago)
2026-06-25 14:19:44Z hc2 (D2R_2): frame LobbyOrGame (9s ago) [degraded: Detailed status collection did not return within 4s; using process-only fallback.] | last click/Left@1143,106 (1m13s ago), fg ? | at FillTextFieldAsync: type text (1m12s ago)
2026-06-25 14:19:44Z hc3 (D2R_3): frame LobbyOrGame (7s ago) [degraded: Detailed status collection recently exceeded its budget; using process-only fallback.] | last click/Left@1143,106 (1m13s ago), fg ? | at FillTextFieldAsync: type text (1m12s ago)
2026-06-25 14:19:46Z hc1 (D2R_1): frame CharacterScreen (1m27s ago) [degraded: UI command is active; using process-only status so diagnostics cannot starve menu input.] | last click/Left@1045,475 (1m10s ago), fg ? | at ClickMenuEntryButtonUntilEnteredGameAsync: loop iteration 62, checking offline character screen (23s ago)
2026-06-25 14:19:46Z hc2 (D2R_2): frame LobbyOrGame (11s ago) [degraded: Detailed status collection recently exceeded its budget; using process-only fallback.] | last click/Left@1143,106 (1m15s ago), fg ? | at FillTextFieldAsync: type text (1m15s ago)
2026-06-25 14:19:46Z hc3 (D2R_3): frame LobbyOrGame (13s ago) [degraded: Detailed status collection recently exceeded its budget; using process-only fallback.] | last click/Left@1143,106 (1m19s ago), fg ? | at FillTextFieldAsync: type text (1m19s ago)
2026-06-25 14:19:49Z hc1 (D2R_1): frame CharacterScreen (1m30s ago) [degraded: UI command is active; using process-only status so diagnostics cannot starve menu input.] | last click/Left@1045,475 (1m12s ago), fg ? | at ClickMenuEntryButtonUntilEnteredGameAsync: loop iteration 62, checking offline character screen (26s ago)
2026-06-25 14:19:49Z hc2 (D2R_2): frame LobbyOrGame (13s ago) [degraded: Detailed status collection recently exceeded its budget; using process-only fallback.] | last click/Left@1143,106 (1m17s ago), fg ? | at FillTextFieldAsync: type text (1m17s ago)
2026-06-25 14:19:49Z hc3 (D2R_3): frame LobbyOrGame (16s ago) [degraded: Detailed status collection recently exceeded its budget; using process-only fallback.] | last click/Left@1143,106 (1m21s ago), fg ? | at FillTextFieldAsync: type text (1m21s ago)
2026-06-25 14:19:51Z hc1 (D2R_1): frame CharacterScreen (1m32s ago) [degraded: UI command is active; using process-only status so diagnostics cannot starve menu input.] | last click/Left@1045,475 (1m14s ago), fg ? | at ClickMenuEntryButtonUntilEnteredGameAsync: loop iteration 62, checking offline character screen (28s ago)
2026-06-25 14:19:51Z hc2 (D2R_2): frame LobbyOrGame (15s ago) [degraded: Detailed status collection recently exceeded its budget; using process-only fallback.] | last click/Left@1143,106 (1m20s ago), fg ? | at FillTextFieldAsync: type text (1m19s ago)
2026-06-25 14:19:51Z hc3 (D2R_3): frame LobbyOrGame (18s ago) [degraded: Detailed status collection recently exceeded its budget; using process-only fallback.] | last click/Left@1143,106 (1m23s ago), fg ? | at FillTextFieldAsync: type text (1m23s ago)
2026-06-25 14:19:53Z hc1 (D2R_1): frame CharacterScreen (1m34s ago) [degraded: UI command is active; using process-only status so diagnostics cannot starve menu input.] | last click/Left@1045,475 (1m17s ago), fg ? | at ClickMenuEntryButtonUntilEnteredGameAsync: loop iteration 62, checking offline character screen (30s ago)
2026-06-25 14:19:53Z hc2 (D2R_2): frame LobbyOrGame (18s ago) [degraded: Detailed status collection recently exceeded its budget; using process-only fallback.] | last click/Left@1143,106 (1m22s ago), fg ? | at FillTextFieldAsync: type text (1m21s ago)
2026-06-25 14:19:53Z hc3 (D2R_3): frame LobbyOrGame (20s ago) [degraded: Detailed status collection is still running; using process-only fallback.] | last click/Left@1143,106 (1m26s ago), fg ? | at FillTextFieldAsync: type text (1m25s ago)
2026-06-25 14:19:55Z hc1 (D2R_1): frame CharacterScreen (1m36s ago) [degraded: UI command is active; using process-only status so diagnostics cannot starve menu input.] | last click/Left@1045,475 (1m19s ago), fg ? | at ClickMenuEntryButtonUntilEnteredGameAsync: loop iteration 62, checking offline character screen (32s ago)
2026-06-25 14:19:55Z hc2 (D2R_2): frame LobbyOrGame (20s ago) [degraded: Detailed status collection recently exceeded its budget; using process-only fallback.] | last click/Left@1143,106 (1m24s ago), fg ? | at FillTextFieldAsync: type text (1m24s ago)
2026-06-25 14:19:55Z hc3 (D2R_3): frame LobbyOrGame (22s ago) [degraded: Detailed status collection is still running; using process-only fallback.] | last click/Left@1143,106 (1m28s ago), fg ? | at FillTextFieldAsync: type text (1m27s ago)
2026-06-25 14:19:58Z hc1 (D2R_1): frame CharacterScreen (1m39s ago) [degraded: UI command is active; using process-only status so diagnostics cannot starve menu input.] | last click/Left@1045,475 (1m21s ago), fg ? | at ClickMenuEntryButtonUntilEnteredGameAsync: loop iteration 62, checking offline character screen (35s ago)
2026-06-25 14:19:58Z hc2 (D2R_2): frame LobbyOrGame (22s ago) [degraded: Detailed status collection recently exceeded its budget; using process-only fallback.] | last click/Left@1143,106 (1m26s ago), fg ? | at FillTextFieldAsync: type text (1m26s ago)
2026-06-25 14:19:58Z hc3 (D2R_3): frame LobbyOrGame (25s ago) [degraded: Detailed status collection is still running; using process-only fallback.] | last click/Left@1143,106 (1m30s ago), fg ? | at FillTextFieldAsync: type text (1m30s ago)
2026-06-25 14:20:00Z hc1 (D2R_1): frame CharacterScreen (1m41s ago) [degraded: UI command is active; using process-only status so diagnostics cannot starve menu input.] | last click/Left@1045,475 (1m23s ago), fg ? | at ClickMenuEntryButtonUntilEnteredGameAsync: loop iteration 62, checking offline character screen (37s ago)
2026-06-25 14:20:00Z hc2 (D2R_2): frame LobbyOrGame (24s ago) [degraded: Detailed status collection is still running; using process-only fallback.] | last click/Left@1143,106 (1m29s ago), fg ? | at FillTextFieldAsync: type text (1m28s ago)
2026-06-25 14:20:00Z hc3 (D2R_3): frame LobbyOrGame (27s ago) [degraded: Detailed status collection is still running; using process-only fallback.] | last click/Left@1143,106 (1m32s ago), fg ? | at FillTextFieldAsync: type text (1m32s ago)
2026-06-25 14:20:02Z hc1 (D2R_1): frame CharacterScreen (1m43s ago) [degraded: UI command is active; using process-only status so diagnostics cannot starve menu input.] | last click/Left@1045,475 (1m26s ago), fg ? | at ClickMenuEntryButtonUntilEnteredGameAsync: loop iteration 62, checking offline character screen (39s ago)
2026-06-25 14:20:02Z hc2 (D2R_2): frame LobbyOrGame (27s ago) [degraded: Detailed status collection is still running; using process-only fallback.] | last click/Left@1143,106 (1m31s ago), fg ? | at FillTextFieldAsync: type text (1m30s ago)
2026-06-25 14:20:02Z hc3 (D2R_3): frame LobbyOrGame (29s ago) [degraded: Detailed status collection is still running; using process-only fallback.] | last click/Left@1143,106 (1m35s ago), fg ? | at FillTextFieldAsync: type text (1m34s ago)
2026-06-25 14:20:04Z hc1 (D2R_1): frame CharacterScreen (1m45s ago) [degraded: UI command is active; using process-only status so diagnostics cannot starve menu input.] | last click/Left@1045,475 (1m28s ago), fg ? | at ClickMenuEntryButtonUntilEnteredGameAsync: timeout boundary after offline-screen check (iteration 62): sampling process-relative HUD (0s ago)
2026-06-25 14:20:04Z hc2 (D2R_2): frame LobbyOrGame (29s ago) [degraded: Detailed status collection is still running; using process-only fallback.] | last click/Left@1143,106 (1m33s ago), fg ? | at FillTextFieldAsync: type text (1m33s ago)
2026-06-25 14:20:04Z hc3 (D2R_3): frame LobbyOrGame (31s ago) [degraded: Detailed status collection is still running; using process-only fallback.] | last click/Left@1143,106 (1m37s ago), fg ? | at FillTextFieldAsync: type text (1m37s ago)
2026-06-25 14:20:07Z hc1 (D2R_1): frame CharacterScreen (1m48s ago) [degraded: UI command is active; using process-only status so diagnostics cannot starve menu input.] | last click/Left@1045,475 (1m30s ago), fg ? | at ClickMenuEntryButtonUntilEnteredGameAsync: timeout boundary after offline-screen check (iteration 62): HUD not ready (0s ago)
2026-06-25 14:20:07Z hc2 (D2R_2): frame LobbyOrGame (31s ago) [degraded: Detailed status collection is still running; using process-only fallback.] | last click/Left@1143,106 (1m35s ago), fg ? | at FillTextFieldAsync: type text (1m35s ago)
2026-06-25 14:20:07Z hc3 (D2R_3): frame LobbyOrGame (34s ago) [degraded: Detailed status collection is still running; using process-only fallback.] | last click/Left@1143,106 (1m39s ago), fg ? | at FillTextFieldAsync: type text (1m39s ago)
2026-06-25 14:20:09Z hc1 (D2R_1): frame CharacterScreen (1m51s ago) [degraded: UI command is active; using process-only status so diagnostics cannot starve menu input.] | last click/Left@1045,475 (1m33s ago), fg ? | at ClickMenuEntryButtonUntilEnteredGameAsync: loop iteration 62, checking character select (1s ago)
2026-06-25 14:20:09Z hc2 (D2R_2): frame LobbyOrGame (34s ago) [degraded: Detailed status collection is still running; using process-only fallback.] | last click/Left@1143,106 (1m38s ago), fg ? | at FillTextFieldAsync: type text (1m37s ago)
2026-06-25 14:20:09Z hc3 (D2R_3): frame LobbyOrGame (36s ago) [degraded: Detailed status collection is still running; using process-only fallback.] | last click/Left@1143,106 (1m42s ago), fg ? | at FillTextFieldAsync: type text (1m41s ago)
2026-06-25 14:20:12Z hc1 (D2R_1): frame CharacterScreen (1m53s ago) [degraded: UI command is active; using process-only status so diagnostics cannot starve menu input.] | last click/Left@1045,475 (1m35s ago), fg ? | at ClickMenuEntryButtonUntilEnteredGameAsync: loop iteration 62, checking character select (3s ago)
2026-06-25 14:20:12Z hc2 (D2R_2): frame LobbyOrGame (36s ago) [degraded: Detailed status collection is still running; using process-only fallback.] | last click/Left@1143,106 (1m40s ago), fg ? | at FillTextFieldAsync: type text (1m40s ago)
2026-06-25 14:20:12Z hc3 (D2R_3): frame LobbyOrGame (39s ago) [degraded: Detailed status collection is still running; using process-only fallback.] | last click/Left@1143,106 (1m44s ago), fg ? | at FillTextFieldAsync: type text (1m44s ago)
2026-06-25 14:20:14Z hc1 (D2R_1): frame CharacterScreen (1m55s ago) [degraded: UI command is active; using process-only status so diagnostics cannot starve menu input.] | last click/Left@1045,475 (1m38s ago), fg ? | at ClickMenuEntryButtonUntilEnteredGameAsync: loop iteration 62, checking character select (5s ago)
2026-06-25 14:20:14Z hc2 (D2R_2): frame LobbyOrGame (39s ago) [degraded: Detailed status collection is still running; using process-only fallback.] | last click/Left@1143,106 (1m43s ago), fg ? | at FillTextFieldAsync: type text (1m42s ago)
2026-06-25 14:20:14Z hc3 (D2R_3): frame LobbyOrGame (41s ago) [degraded: Detailed status collection is still running; using process-only fallback.] | last click/Left@1143,106 (1m47s ago), fg ? | at FillTextFieldAsync: type text (1m46s ago)
2026-06-25 14:20:16Z hc1 (D2R_1): frame CharacterScreen (1m57s ago) [degraded: UI command is active; using process-only status so diagnostics cannot starve menu input.] | last click/Left@1045,475 (1m40s ago), fg ? | at ClickMenuEntryButtonUntilEnteredGameAsync: loop iteration 62, checking character select (8s ago)
2026-06-25 14:20:16Z hc2 (D2R_2): frame LobbyOrGame (41s ago) [degraded: Detailed status collection is still running; using process-only fallback.] | last click/Left@1143,106 (1m45s ago), fg ? | at FillTextFieldAsync: type text (1m45s ago)
2026-06-25 14:20:16Z hc3 (D2R_3): frame LobbyOrGame (43s ago) [degraded: Detailed status collection is still running; using process-only fallback.] | last click/Left@1143,106 (1m49s ago), fg ? | at FillTextFieldAsync: type text (1m49s ago)
2026-06-25 14:20:19Z hc1 (D2R_1): frame CharacterScreen (2m0s ago) [degraded: UI command is active; using process-only status so diagnostics cannot starve menu input.] | last click/Left@1045,475 (1m42s ago), fg ? | at ClickMenuEntryButtonUntilEnteredGameAsync: loop iteration 62, checking character select (10s ago)
2026-06-25 14:20:19Z hc2 (D2R_2): frame LobbyOrGame (43s ago) [degraded: Detailed status collection is still running; using process-only fallback.] | last click/Left@1143,106 (1m47s ago), fg ? | at FillTextFieldAsync: type text (1m47s ago)
2026-06-25 14:20:19Z hc3 (D2R_3): frame LobbyOrGame (46s ago) [degraded: Detailed status collection is still running; using process-only fallback.] | last click/Left@1143,106 (1m51s ago), fg ? | at FillTextFieldAsync: type text (1m51s ago)
2026-06-25 14:20:21Z hc1 (D2R_1): frame CharacterScreen (2m2s ago) [degraded: UI command is active; using process-only status so diagnostics cannot starve menu input.] | last click/Left@1045,475 (1m45s ago), fg ? | at ClickMenuEntryButtonUntilEnteredGameAsync: loop iteration 62, checking character select (12s ago)
2026-06-25 14:20:21Z hc2 (D2R_2): frame LobbyOrGame (46s ago) [degraded: Detailed status collection is still running; using process-only fallback.] | last click/Left@1143,106 (1m50s ago), fg ? | at FillTextFieldAsync: type text (1m49s ago)
2026-06-25 14:20:21Z hc3 (D2R_3): frame LobbyOrGame (48s ago) [degraded: Detailed status collection is still running; using process-only fallback.] | last click/Left@1143,106 (1m54s ago), fg ? | at FillTextFieldAsync: type text (1m53s ago)
2026-06-25 14:20:23Z hc1 (D2R_1): frame CharacterScreen (2m4s ago) [degraded: UI command is active; using process-only status so diagnostics cannot starve menu input.] | last click/Left@1045,475 (1m47s ago), fg ? | at ClickMenuEntryButtonUntilEnteredGameAsync: loop iteration 62, checking character select (15s ago)
2026-06-25 14:20:23Z hc2 (D2R_2): frame LobbyOrGame (48s ago) [degraded: Detailed status collection is still running; using process-only fallback.] | last click/Left@1143,106 (1m52s ago), fg ? | at FillTextFieldAsync: type text (1m52s ago)
2026-06-25 14:20:23Z hc3 (D2R_3): frame LobbyOrGame (50s ago) [degraded: Detailed status collection is still running; using process-only fallback.] | last click/Left@1143,106 (1m56s ago), fg ? | at FillTextFieldAsync: type text (1m55s ago)
2026-06-25 14:20:25Z hc1 (D2R_1): frame CharacterScreen (2m7s ago) [degraded: UI command is active; using process-only status so diagnostics cannot starve menu input.] | last click/Left@1045,475 (1m49s ago), fg ? | at ClickMenuEntryButtonUntilEnteredGameAsync: loop iteration 62, checking character select (17s ago)
2026-06-25 14:20:25Z hc2 (D2R_2): frame LobbyOrGame (50s ago) [degraded: Detailed status collection is still running; using process-only fallback.] | last click/Left@1143,106 (1m54s ago), fg ? | at FillTextFieldAsync: type text (1m54s ago)
2026-06-25 14:20:25Z hc3 (D2R_3): frame LobbyOrGame (53s ago) [degraded: Detailed status collection is still running; using process-only fallback.] | last click/Left@1143,106 (1m58s ago), fg ? | at FillTextFieldAsync: type text (1m58s ago)
2026-06-25 14:20:28Z hc1 (D2R_1): frame CharacterScreen (2m9s ago) [degraded: UI command is active; using process-only status so diagnostics cannot starve menu input.] | last click/Left@1045,475 (1m51s ago), fg ? | at ClickMenuEntryButtonUntilEnteredGameAsync: loop iteration 62, checking character select (19s ago)
2026-06-25 14:20:28Z hc2 (D2R_2): frame LobbyOrGame (52s ago) [degraded: Detailed status collection is still running; using process-only fallback.] | last click/Left@1143,106 (1m56s ago), fg ? | at FillTextFieldAsync: type text (1m56s ago)
2026-06-25 14:20:28Z hc3 (D2R_3): frame LobbyOrGame (55s ago) [degraded: Detailed status collection is still running; using process-only fallback.] | last click/Left@1143,106 (2m0s ago), fg ? | at FillTextFieldAsync: type text (2m0s ago)
2026-06-25 14:20:30Z hc1 (D2R_1): frame CharacterScreen (2m11s ago) [degraded: UI command is active; using process-only status so diagnostics cannot starve menu input.] | last click/Left@1045,475 (1m54s ago), fg ? | at ClickMenuEntryButtonUntilEnteredGameAsync: loop iteration 62, checking character select (21s ago)
2026-06-25 14:20:30Z hc2 (D2R_2): frame LobbyOrGame (55s ago) [degraded: Detailed status collection is still running; using process-only fallback.] | last click/Left@1143,106 (1m59s ago), fg ? | at FillTextFieldAsync: type text (1m58s ago)
2026-06-25 14:20:30Z hc3 (D2R_3): frame LobbyOrGame (57s ago) [degraded: Detailed status collection is still running; using process-only fallback.] | last click/Left@1143,106 (2m3s ago), fg ? | at FillTextFieldAsync: type text (2m2s ago)
2026-06-25 14:20:32Z hc1 (D2R_1): frame CharacterScreen (2m13s ago) [degraded: UI command is active; using process-only status so diagnostics cannot starve menu input.] | last click/Left@1045,475 (1m56s ago), fg ? | at ClickMenuEntryButtonUntilEnteredGameAsync: loop iteration 62, checking character select (24s ago)
2026-06-25 14:20:32Z hc2 (D2R_2): frame LobbyOrGame (57s ago) [degraded: Detailed status collection is still running; using process-only fallback.] | last click/Left@1143,106 (2m1s ago), fg ? | at FillTextFieldAsync: type text (2m1s ago)
2026-06-25 14:20:32Z hc3 (D2R_3): frame LobbyOrGame (59s ago) [degraded: Detailed status collection is still running; using process-only fallback.] | last click/Left@1143,106 (2m5s ago), fg ? | at FillTextFieldAsync: type text (2m5s ago)
2026-06-25 14:20:34Z hc1 (D2R_1): frame CharacterScreen (2m16s ago) [degraded: UI command is active; using process-only status so diagnostics cannot starve menu input.] | last click/Left@1045,475 (1m58s ago), fg ? | at ClickMenuEntryButtonUntilEnteredGameAsync: loop iteration 62, checking character select (26s ago)
2026-06-25 14:20:34Z hc2 (D2R_2): frame LobbyOrGame (59s ago) [degraded: Detailed status collection is still running; using process-only fallback.] | last click/Left@1143,106 (2m3s ago), fg ? | at FillTextFieldAsync: type text (2m3s ago)
2026-06-25 14:20:34Z hc3 (D2R_3): frame LobbyOrGame (1m2s ago) [degraded: Detailed status collection is still running; using process-only fallback.] | last click/Left@1143,106 (2m7s ago), fg ? | at FillTextFieldAsync: type text (2m7s ago)
2026-06-25 14:20:37Z hc1 (D2R_1): frame CharacterScreen (2m18s ago) [degraded: UI command is active; using process-only status so diagnostics cannot starve menu input.] | last click/Left@1045,475 (2m0s ago), fg ? | at ClickMenuEntryButtonUntilEnteredGameAsync: loop iteration 62, checking character select (28s ago)
2026-06-25 14:20:37Z hc2 (D2R_2): frame LobbyOrGame (1m1s ago) [degraded: Detailed status collection is still running; using process-only fallback.] | last click/Left@1143,106 (2m6s ago), fg ? | at FillTextFieldAsync: type text (2m5s ago)
2026-06-25 14:20:37Z hc3 (D2R_3): frame LobbyOrGame (1m4s ago) [degraded: Detailed status collection is still running; using process-only fallback.] | last click/Left@1143,106 (2m9s ago), fg ? | at FillTextFieldAsync: type text (2m9s ago)
2026-06-25 14:20:39Z hc1 (D2R_1): frame CharacterScreen (2m20s ago) [degraded: UI command is active; using process-only status so diagnostics cannot starve menu input.] | last click/Left@1045,475 (2m3s ago), fg ? | at ClickMenuEntryButtonUntilEnteredGameAsync: loop iteration 62, checking character select (30s ago)
2026-06-25 14:20:39Z hc2 (D2R_2): frame LobbyOrGame (1m4s ago) [degraded: Detailed status collection is still running; using process-only fallback.] | last click/Left@1143,106 (2m8s ago), fg ? | at FillTextFieldAsync: type text (2m7s ago)
2026-06-25 14:20:39Z hc3 (D2R_3): frame LobbyOrGame (1m6s ago) [degraded: Detailed status collection is still running; using process-only fallback.] | last click/Left@1143,106 (2m12s ago), fg ? | at FillTextFieldAsync: type text (2m11s ago)
2026-06-25 14:20:42Z hc1 (D2R_1): frame CharacterScreen (2m22s ago) [degraded: UI command is active; using process-only status so diagnostics cannot starve menu input.] | last click/Left@1045,475 (2m5s ago), fg ? | at ClickMenuEntryButtonUntilEnteredGameAsync: loop iteration 62, checking character select (33s ago)
2026-06-25 14:20:42Z hc2 (D2R_2): frame LobbyOrGame (1m6s ago) [degraded: Detailed status collection is still running; using process-only fallback.] | last click/Left@1143,106 (2m10s ago), fg ? | at FillTextFieldAsync: type text (2m10s ago)
2026-06-25 14:20:42Z hc3 (D2R_3): frame LobbyOrGame (1m9s ago) [degraded: Detailed status collection is still running; using process-only fallback.] | last click/Left@1143,106 (2m14s ago), fg ? | at FillTextFieldAsync: type text (2m14s ago)
2026-06-25 14:20:44Z hc1 (D2R_1): frame CharacterScreen (2m25s ago) [degraded: UI command is active; using process-only status so diagnostics cannot starve menu input.] | last click/Left@1045,475 (2m7s ago), fg ? | at ClickMenuEntryButtonUntilEnteredGameAsync: loop iteration 62, checking character select (35s ago)
2026-06-25 14:20:44Z hc2 (D2R_2): frame LobbyOrGame (1m8s ago) [degraded: Detailed status collection is still running; using process-only fallback.] | last click/Left@1143,106 (2m13s ago), fg ? | at FillTextFieldAsync: type text (2m12s ago)
2026-06-25 14:20:44Z hc3 (D2R_3): frame LobbyOrGame (1m11s ago) [degraded: Detailed status collection is still running; using process-only fallback.] | last click/Left@1143,106 (2m16s ago), fg ? | at FillTextFieldAsync: type text (2m16s ago)
2026-06-25 14:20:46Z hc1 (D2R_1): frame CharacterScreen (2m27s ago) [degraded: UI command is active; using process-only status so diagnostics cannot starve menu input.] | last click/Left@1045,475 (2m10s ago), fg ? | at ClickMenuEntryButtonUntilEnteredGameAsync: loop iteration 62, checking character select (37s ago)
2026-06-25 14:20:46Z hc2 (D2R_2): frame LobbyOrGame (1m11s ago) [degraded: Detailed status collection is still running; using process-only fallback.] | last click/Left@1143,106 (2m15s ago), fg ? | at FillTextFieldAsync: type text (2m14s ago)
2026-06-25 14:20:46Z hc3 (D2R_3): frame LobbyOrGame (1m13s ago) [degraded: Detailed status collection is still running; using process-only fallback.] | last click/Left@1143,106 (2m19s ago), fg ? | at FillTextFieldAsync: type text (2m18s ago)
2026-06-25 14:20:48Z hc1 (D2R_1): frame CharacterScreen (2m29s ago) [degraded: UI command is active; using process-only status so diagnostics cannot starve menu input.] | last click/Left@1045,475 (2m12s ago), fg ? | at ClickMenuEntryButtonUntilEnteredGameAsync: loop iteration 62, checking character select (40s ago)
2026-06-25 14:20:48Z hc2 (D2R_2): frame LobbyOrGame (1m13s ago) [degraded: Detailed status collection is still running; using process-only fallback.] | last click/Left@1143,106 (2m17s ago), fg ? | at FillTextFieldAsync: type text (2m17s ago)
2026-06-25 14:20:48Z hc3 (D2R_3): frame LobbyOrGame (1m15s ago) [degraded: Detailed status collection is still running; using process-only fallback.] | last click/Left@1143,106 (2m21s ago), fg ? | at FillTextFieldAsync: type text (2m20s ago)
2026-06-25 14:20:51Z hc1 (D2R_1): frame CharacterScreen (2m32s ago) [degraded: UI command is active; using process-only status so diagnostics cannot starve menu input.] | last click/Left@1045,475 (2m14s ago), fg ? | at ClickMenuEntryButtonUntilEnteredGameAsync: loop iteration 62, checking character select (42s ago)
2026-06-25 14:20:51Z hc2 (D2R_2): frame LobbyOrGame (1m15s ago) [degraded: Detailed status collection is still running; using process-only fallback.] | last click/Left@1143,106 (2m19s ago), fg ? | at FillTextFieldAsync: type text (2m19s ago)
2026-06-25 14:20:51Z hc3 (D2R_3): frame LobbyOrGame (1m18s ago) [degraded: Detailed status collection is still running; using process-only fallback.] | last click/Left@1143,106 (2m23s ago), fg ? | at FillTextFieldAsync: type text (2m23s ago)
2026-06-25 14:20:53Z hc1 (D2R_1): frame CharacterScreen (2m34s ago) [degraded: UI command is active; using process-only status so diagnostics cannot starve menu input.] | last click/Left@1045,475 (2m16s ago), fg ? | at ClickMenuEntryButtonUntilEnteredGameAsync: loop iteration 62, checking character select (44s ago)
2026-06-25 14:20:53Z hc2 (D2R_2): frame LobbyOrGame (1m17s ago) [degraded: Detailed status collection is still running; using process-only fallback.] | last click/Left@1143,106 (2m22s ago), fg ? | at FillTextFieldAsync: type text (2m21s ago)
2026-06-25 14:20:53Z hc3 (D2R_3): frame LobbyOrGame (1m20s ago) [degraded: Detailed status collection is still running; using process-only fallback.] | last click/Left@1143,106 (2m25s ago), fg ? | at FillTextFieldAsync: type text (2m25s ago)
2026-06-25 14:20:55Z hc1 (D2R_1): frame CharacterScreen (2m36s ago) [degraded: UI command is active; using process-only status so diagnostics cannot starve menu input.] | last click/Left@1045,475 (2m19s ago), fg ? | at ClickMenuEntryButtonUntilEnteredGameAsync: loop iteration 62, checking character select (46s ago)
2026-06-25 14:20:55Z hc2 (D2R_2): frame LobbyOrGame (1m20s ago) [degraded: Detailed status collection is still running; using process-only fallback.] | last click/Left@1143,106 (2m24s ago), fg ? | at FillTextFieldAsync: type text (2m23s ago)
2026-06-25 14:20:55Z hc3 (D2R_3): frame LobbyOrGame (1m22s ago) [degraded: Detailed status collection is still running; using process-only fallback.] | last click/Left@1143,106 (2m28s ago), fg ? | at FillTextFieldAsync: type text (2m27s ago)
2026-06-25 14:20:57Z hc1 (D2R_1): frame CharacterScreen (2m38s ago) [degraded: UI command is active; using process-only status so diagnostics cannot starve menu input.] | last click/Left@1045,475 (2m21s ago), fg ? | at ClickMenuEntryButtonUntilEnteredGameAsync: loop iteration 62, checking character select (49s ago)
2026-06-25 14:20:57Z hc2 (D2R_2): frame LobbyOrGame (1m22s ago) [degraded: Detailed status collection is still running; using process-only fallback.] | last click/Left@1143,106 (2m26s ago), fg ? | at FillTextFieldAsync: type text (2m26s ago)
2026-06-25 14:20:57Z hc3 (D2R_3): frame LobbyOrGame (1m24s ago) [degraded: Detailed status collection is still running; using process-only fallback.] | last click/Left@1143,106 (2m30s ago), fg ? | at FillTextFieldAsync: type text (2m29s ago)
2026-06-25 14:21:00Z hc1 (D2R_1): frame CharacterScreen (2m41s ago) [degraded: UI command is active; using process-only status so diagnostics cannot starve menu input.] | last click/Left@1045,475 (2m23s ago), fg ? | at ClickMenuEntryButtonUntilEnteredGameAsync: loop iteration 62, checking character select (51s ago)
2026-06-25 14:21:00Z hc2 (D2R_2): frame LobbyOrGame (1m24s ago) [degraded: Detailed status collection is still running; using process-only fallback.] | last click/Left@1143,106 (2m28s ago), fg ? | at FillTextFieldAsync: type text (2m28s ago)
2026-06-25 14:21:00Z hc3 (D2R_3): frame LobbyOrGame (1m27s ago) [degraded: Detailed status collection is still running; using process-only fallback.] | last click/Left@1143,106 (2m32s ago), fg ? | at FillTextFieldAsync: type text (2m32s ago)
2026-06-25 14:21:02Z hc1 (D2R_1): frame CharacterScreen (2m43s ago) [degraded: UI command is active; using process-only status so diagnostics cannot starve menu input.] | last click/Left@1045,475 (2m25s ago), fg ? | at ClickMenuEntryButtonUntilEnteredGameAsync: loop iteration 62, checking character select (53s ago)
2026-06-25 14:21:02Z hc2 (D2R_2): frame LobbyOrGame (1m26s ago) [degraded: Detailed status collection is still running; using process-only fallback.] | last click/Left@1143,106 (2m31s ago), fg ? | at FillTextFieldAsync: type text (2m30s ago)
2026-06-25 14:21:02Z hc3 (D2R_3): frame LobbyOrGame (1m29s ago) [degraded: Detailed status collection is still running; using process-only fallback.] | last click/Left@1143,106 (2m34s ago), fg ? | at FillTextFieldAsync: type text (2m34s ago)
2026-06-25 14:21:04Z hc1 (D2R_1): frame CharacterScreen (2m45s ago) [degraded: UI command is active; using process-only status so diagnostics cannot starve menu input.] | last click/Left@1045,475 (2m28s ago), fg ? | at ClickMenuEntryButtonUntilEnteredGameAsync: loop iteration 62, checking character select (55s ago)
2026-06-25 14:21:04Z hc2 (D2R_2): frame LobbyOrGame (1m29s ago) [degraded: Detailed status collection is still running; using process-only fallback.] | last click/Left@1143,106 (2m33s ago), fg ? | at FillTextFieldAsync: type text (2m32s ago)
2026-06-25 14:21:04Z hc3 (D2R_3): frame LobbyOrGame (1m31s ago) [degraded: Detailed status collection is still running; using process-only fallback.] | last click/Left@1143,106 (2m37s ago), fg ? | at FillTextFieldAsync: type text (2m36s ago)
2026-06-25 14:21:06Z hc1 (D2R_1): frame CharacterScreen (2m47s ago) [degraded: UI command is active; using process-only status so diagnostics cannot starve menu input.] | last click/Left@1045,475 (2m30s ago), fg ? | at ClickMenuEntryButtonUntilEnteredGameAsync: loop iteration 62, checking character select (58s ago)
2026-06-25 14:21:06Z hc2 (D2R_2): frame LobbyOrGame (1m31s ago) [degraded: Detailed status collection is still running; using process-only fallback.] | last click/Left@1143,106 (2m35s ago), fg ? | at FillTextFieldAsync: type text (2m35s ago)
2026-06-25 14:21:06Z hc3 (D2R_3): frame LobbyOrGame (1m33s ago) [degraded: Detailed status collection is still running; using process-only fallback.] | last click/Left@1143,106 (2m39s ago), fg ? | at FillTextFieldAsync: type text (2m39s ago)
2026-06-25 14:21:09Z hc1 (D2R_1): frame CharacterScreen (2m50s ago) [degraded: UI command is active; using process-only status so diagnostics cannot starve menu input.] | last click/Left@1045,475 (2m32s ago), fg ? | at ClickMenuEntryButtonUntilEnteredGameAsync: loop iteration 62, checking character select (1m0s ago)
2026-06-25 14:21:09Z hc2 (D2R_2): frame LobbyOrGame (1m33s ago) [degraded: Detailed status collection is still running; using process-only fallback.] | last click/Left@1143,106 (2m37s ago), fg ? | at FillTextFieldAsync: type text (2m37s ago)
2026-06-25 14:21:09Z hc3 (D2R_3): frame LobbyOrGame (1m36s ago) [degraded: Detailed status collection is still running; using process-only fallback.] | last click/Left@1143,106 (2m41s ago), fg ? | at FillTextFieldAsync: type text (2m41s ago)
2026-06-25 14:21:11Z hc1 (D2R_1): frame CharacterScreen (2m52s ago) [degraded: UI command is active; using process-only status so diagnostics cannot starve menu input.] | last click/Left@1045,475 (2m34s ago), fg ? | at ClickMenuEntryButtonUntilEnteredGameAsync: loop iteration 62, checking character select (1m2s ago)
2026-06-25 14:21:11Z hc2 (D2R_2): frame LobbyOrGame (1m35s ago) [degraded: Detailed status collection is still running; using process-only fallback.] | last click/Left@1143,106 (2m40s ago), fg ? | at FillTextFieldAsync: type text (2m39s ago)
2026-06-25 14:21:11Z hc3 (D2R_3): frame LobbyOrGame (1m38s ago) [degraded: Detailed status collection is still running; using process-only fallback.] | last click/Left@1143,106 (2m43s ago), fg ? | at FillTextFieldAsync: type text (2m43s ago)
2026-06-25 14:21:13Z hc1 (D2R_1): frame CharacterScreen (2m54s ago) [degraded: UI command is active; using process-only status so diagnostics cannot starve menu input.] | last click/Left@1045,475 (2m37s ago), fg ? | at ClickMenuEntryButtonUntilEnteredGameAsync: loop iteration 62, checking character select (1m4s ago)
2026-06-25 14:21:13Z hc2 (D2R_2): frame LobbyOrGame (1m38s ago) [degraded: Detailed status collection is still running; using process-only fallback.] | last click/Left@1143,106 (2m42s ago), fg ? | at FillTextFieldAsync: type text (2m41s ago)
2026-06-25 14:21:13Z hc3 (D2R_3): frame LobbyOrGame (1m40s ago) [degraded: Detailed status collection is still running; using process-only fallback.] | last click/Left@1143,106 (2m46s ago), fg ? | at FillTextFieldAsync: type text (2m45s ago)
2026-06-25 14:21:15Z hc1 (D2R_1): frame CharacterScreen (2m56s ago) [degraded: UI command is active; using process-only status so diagnostics cannot starve menu input.] | last click/Left@1045,475 (2m39s ago), fg ? | at ClickMenuEntryButtonUntilEnteredGameAsync: loop iteration 62, checking character select (1m7s ago)
2026-06-25 14:21:15Z hc2 (D2R_2): frame LobbyOrGame (1m40s ago) [degraded: Detailed status collection is still running; using process-only fallback.] | last click/Left@1143,106 (2m44s ago), fg ? | at FillTextFieldAsync: type text (2m44s ago)
2026-06-25 14:21:15Z hc3 (D2R_3): frame LobbyOrGame (1m42s ago) [degraded: Detailed status collection is still running; using process-only fallback.] | last click/Left@1143,106 (2m48s ago), fg ? | at FillTextFieldAsync: type text (2m48s ago)
2026-06-25 14:21:18Z hc1 (D2R_1): frame CharacterScreen (2m59s ago) [degraded: UI command is active; using process-only status so diagnostics cannot starve menu input.] | last click/Left@1045,475 (2m41s ago), fg ? | at ClickMenuEntryButtonUntilEnteredGameAsync: loop iteration 62, checking character select (1m9s ago)
2026-06-25 14:21:18Z hc2 (D2R_2): frame LobbyOrGame (1m42s ago) [degraded: Detailed status collection is still running; using process-only fallback.] | last click/Left@1143,106 (2m46s ago), fg ? | at FillTextFieldAsync: type text (2m46s ago)
2026-06-25 14:21:18Z hc3 (D2R_3): frame LobbyOrGame (1m45s ago) [degraded: Detailed status collection is still running; using process-only fallback.] | last click/Left@1143,106 (2m50s ago), fg ? | at FillTextFieldAsync: type text (2m50s ago)
2026-06-25 14:21:20Z hc1 (D2R_1): frame InGame (0s ago) [degraded: UI command is active; using process-only status so diagnostics cannot starve menu input.] | last click/Left@1045,475 (2m43s ago), fg ? | at ClickMenuEntryButtonUntilEnteredGameAsync: loop iteration 62, checking character select (1m11s ago)
2026-06-25 14:21:20Z hc2 (D2R_2): frame LobbyOrGame (1m44s ago) [degraded: Detailed status collection is still running; using process-only fallback.] | last click/Left@1143,106 (2m49s ago), fg ? | at FillTextFieldAsync: type text (2m48s ago)
2026-06-25 14:21:20Z hc3 (D2R_3): frame LobbyOrGame (1m47s ago) [degraded: Detailed status collection is still running; using process-only fallback.] | last click/Left@1143,106 (2m52s ago), fg ? | at FillTextFieldAsync: type text (2m52s ago)
2026-06-25 14:21:22Z hc1 (D2R_1): frame InGame (2s ago) [degraded: UI command is active; using process-only status so diagnostics cannot starve menu input.] | last click/Left@1045,475 (2m46s ago), fg ? | at ClickMenuEntryButtonUntilEnteredGameAsync: loop iteration 62, checking character select (1m13s ago)
2026-06-25 14:21:22Z hc2 (D2R_2): frame LobbyOrGame (1m47s ago) [degraded: Detailed status collection is still running; using process-only fallback.] | last click/Left@1143,106 (2m51s ago), fg ? | at FillTextFieldAsync: type text (2m50s ago)
2026-06-25 14:21:22Z hc3 (D2R_3): frame LobbyOrGame (1m49s ago) [degraded: Detailed status collection is still running; using process-only fallback.] | last click/Left@1143,106 (2m55s ago), fg ? | at FillTextFieldAsync: type text (2m54s ago)
2026-06-25 14:21:24Z hc1 (D2R_1): frame InGame (5s ago) [degraded: UI command is active; using process-only status so diagnostics cannot starve menu input.] | last click/Left@1045,475 (2m48s ago), fg ? | at ClickMenuEntryButtonUntilEnteredGameAsync: loop iteration 62, checking character select (1m16s ago)
2026-06-25 14:21:24Z hc2 (D2R_2): frame LobbyOrGame (1m49s ago) [degraded: Detailed status collection is still running; using process-only fallback.] | last click/Left@1143,106 (2m53s ago), fg ? | at FillTextFieldAsync: type text (2m53s ago)
2026-06-25 14:21:24Z hc3 (D2R_3): frame LobbyOrGame (1m52s ago) [degraded: Detailed status collection is still running; using process-only fallback.] | last click/Left@1143,106 (2m57s ago), fg ? | at FillTextFieldAsync: type text (2m57s ago)
2026-06-25 14:21:27Z hc1 (D2R_1): frame InGame (7s ago) [degraded: UI command is active; using process-only status so diagnostics cannot starve menu input.] | last click/Left@1045,475 (2m50s ago), fg ? | at ClickMenuEntryButtonUntilEnteredGameAsync: loop iteration 62, checking character select (1m18s ago)
2026-06-25 14:21:27Z hc2 (D2R_2): frame LobbyOrGame (1m51s ago) [degraded: Detailed status collection is still running; using process-only fallback.] | last click/Left@1143,106 (2m55s ago), fg ? | at FillTextFieldAsync: type text (2m55s ago)
2026-06-25 14:21:27Z hc3 (D2R_3): frame LobbyOrGame (1m54s ago) [degraded: Detailed status collection is still running; using process-only fallback.] | last click/Left@1143,106 (2m59s ago), fg ? | at FillTextFieldAsync: type text (2m59s ago)
2026-06-25 14:21:29Z hc1 (D2R_1): frame InGame (9s ago) [degraded: UI command is active; using process-only status so diagnostics cannot starve menu input.] | last click/Left@1045,475 (2m53s ago), fg ? | at ClickMenuEntryButtonUntilEnteredGameAsync: loop iteration 62, checking character select (1m20s ago)
2026-06-25 14:21:29Z hc2 (D2R_2): frame LobbyOrGame (1m54s ago) [degraded: Detailed status collection is still running; using process-only fallback.] | last click/Left@1143,106 (2m58s ago), fg ? | at FillTextFieldAsync: type text (2m57s ago)
2026-06-25 14:21:29Z hc3 (D2R_3): frame LobbyOrGame (1m56s ago) [degraded: Detailed status collection is still running; using process-only fallback.] | last click/Left@1143,106 (3m2s ago), fg ? | at FillTextFieldAsync: type text (3m1s ago)
2026-06-25 14:21:31Z hc1 (D2R_1): frame InGame (11s ago) [degraded: UI command is active; using process-only status so diagnostics cannot starve menu input.] | last click/Left@1045,475 (2m55s ago), fg ? | at ClickMenuEntryButtonUntilEnteredGameAsync: loop iteration 62, checking character select (1m23s ago)
2026-06-25 14:21:31Z hc2 (D2R_2): frame LobbyOrGame (1m56s ago) [degraded: Detailed status collection is still running; using process-only fallback.] | last click/Left@1143,106 (3m0s ago), fg ? | at FillTextFieldAsync: type text (3m0s ago)
2026-06-25 14:21:31Z hc3 (D2R_3): frame LobbyOrGame (1m58s ago) [degraded: Detailed status collection is still running; using process-only fallback.] | last click/Left@1143,106 (3m4s ago), fg ? | at FillTextFieldAsync: type text (3m3s ago)
2026-06-25 14:21:37Z hc1 (D2R_1): frame InGame (14s ago) [degraded: UI command is active; using process-only status so diagnostics cannot starve menu input.] | last click/Left@1045,475 (2m57s ago), fg ? | at ClickMenuEntryButtonUntilEnteredGameAsync: loop iteration 62, checking character select (1m25s ago)
2026-06-25 14:21:37Z hc2 (D2R_2): frame LobbyOrGame (1m58s ago) [degraded: Detailed status collection is still running; using process-only fallback.] | last click/Left@1143,106 (3m2s ago), fg ? | at FillTextFieldAsync: type text (3m2s ago)
2026-06-25 14:21:37Z hc3 (D2R_3): frame LobbyOrGame (5s ago) [degraded: Detailed status collection did not return within 4s; using process-only fallback.] | last click/Left@1143,106 (3m10s ago), fg ? | at FillTextFieldAsync: type text (3m10s ago)
2026-06-25 14:21:40Z hc1 (D2R_1): frame InGame (20s ago) [degraded: UI command is active; using process-only status so diagnostics cannot starve menu input.] | last click/Left@1045,475 (3m3s ago), fg ? | at ClickMenuEntryButtonUntilEnteredGameAsync: loop iteration 62, checking character select (1m31s ago)
2026-06-25 14:21:40Z hc2 (D2R_2): frame LobbyOrGame (0s ago) [degraded: Detailed status collection is still running; using process-only fallback.] | last click/Left@1143,106 (3m8s ago), fg ? | at FillTextFieldAsync: type text (3m8s ago)
2026-06-25 14:21:40Z hc3 (D2R_3): frame LobbyOrGame (7s ago) [degraded: Detailed status collection recently exceeded its budget; using process-only fallback.] | last click/Left@1143,106 (3m12s ago), fg ? | at FillTextFieldAsync: type text (3m12s ago)
2026-06-25 14:21:46Z hc1 (D2R_1): frame InGame (22s ago) [degraded: UI command is active; using process-only status so diagnostics cannot starve menu input.] | last click/Left@1045,475 (3m6s ago), fg ? | at ClickMenuEntryButtonUntilEnteredGameAsync: loop iteration 62, checking character select (1m33s ago)
2026-06-25 14:21:46Z hc2 (D2R_2): frame LobbyOrGame (6s ago) [degraded: Detailed status collection did not return within 4s; using process-only fallback.] | last click/Left@1143,106 (3m15s ago), fg ? | at FillTextFieldAsync: type text (3m14s ago)
2026-06-25 14:21:46Z hc3 (D2R_3): frame LobbyOrGame (9s ago) [degraded: Detailed status collection recently exceeded its budget; using process-only fallback.] | last click/Left@1143,106 (3m15s ago), fg ? | at FillTextFieldAsync: type text (3m14s ago)
2026-06-25 14:21:48Z hc1 (D2R_1): frame InGame (28s ago) [degraded: UI command is active; using process-only status so diagnostics cannot starve menu input.] | last click/Left@1045,475 (3m12s ago), fg ? | at ClickMenuEntryButtonUntilEnteredGameAsync: loop iteration 62, checking character select (1m40s ago)
2026-06-25 14:21:48Z hc2 (D2R_2): frame LobbyOrGame (8s ago) [degraded: Detailed status collection recently exceeded its budget; using process-only fallback.] | last click/Left@1143,106 (3m17s ago), fg ? | at FillTextFieldAsync: type text (3m17s ago)
2026-06-25 14:21:48Z hc3 (D2R_3): frame LobbyOrGame (15s ago) [degraded: Detailed status collection recently exceeded its budget; using process-only fallback.] | last click/Left@1143,106 (3m21s ago), fg ? | at FillTextFieldAsync: type text (3m20s ago)
