2026-06-25 16:55:53Z hc1 (D2R_1): frame unknown [degraded: UI command is active; using process-only status so diagnostics cannot starve menu input.] | last no input yet
2026-06-25 16:55:53Z hc2 (D2R_2): frame unknown [degraded: UI command is active; using process-only status so diagnostics cannot starve menu input.] | last no input yet
2026-06-25 16:55:53Z hc3 (D2R_3): frame unknown [degraded: UI command is active; using process-only status so diagnostics cannot starve menu input.] | last no input yet
2026-06-25 16:55:56Z hc1 (D2R_1): frame unknown [degraded: UI command is active; using process-only status so diagnostics cannot starve menu input.] | last no input yet
2026-06-25 16:55:56Z hc2 (D2R_2): frame unknown [degraded: UI command is active; using process-only status so diagnostics cannot starve menu input.] | last no input yet
2026-06-25 16:55:56Z hc3 (D2R_3): frame unknown [degraded: UI command is active; using process-only status so diagnostics cannot starve menu input.] | last no input yet
2026-06-25 16:55:58Z hc1 (D2R_1): frame unknown [degraded: UI command is active; using process-only status so diagnostics cannot starve menu input.] | last no input yet
2026-06-25 16:55:58Z hc2 (D2R_2): frame unknown [degraded: UI command is active; using process-only status so diagnostics cannot starve menu input.] | last no input yet
2026-06-25 16:55:58Z hc3 (D2R_3): frame unknown [degraded: UI command is active; using process-only status so diagnostics cannot starve menu input.] | last no input yet
2026-06-25 16:56:01Z hc1 (D2R_1): frame unknown [degraded: UI command is active; using process-only status so diagnostics cannot starve menu input.] | last no input yet
2026-06-25 16:56:01Z hc2 (D2R_2): frame unknown [degraded: UI command is active; using process-only status so diagnostics cannot starve menu input.] | last no input yet
2026-06-25 16:56:01Z hc3 (D2R_3): frame unknown [degraded: UI command is active; using process-only status so diagnostics cannot starve menu input.] | last no input yet
2026-06-25 16:56:03Z hc1 (D2R_1): frame unknown [degraded: UI command is active; using process-only status so diagnostics cannot starve menu input.] | last no input yet
2026-06-25 16:56:03Z hc2 (D2R_2): frame unknown [degraded: UI command is active; using process-only status so diagnostics cannot starve menu input.] | last no input yet
2026-06-25 16:56:03Z hc3 (D2R_3): frame unknown [degraded: UI command is active; using process-only status so diagnostics cannot starve menu input.] | last no input yet
2026-06-25 16:56:05Z hc1 (D2R_1): frame unknown [degraded: UI command is active; using process-only status so diagnostics cannot starve menu input.] | last no input yet
2026-06-25 16:56:05Z hc2 (D2R_2): frame unknown [degraded: UI command is active; using process-only status so diagnostics cannot starve menu input.] | last no input yet
2026-06-25 16:56:05Z hc3 (D2R_3): frame unknown [degraded: UI command is active; using process-only status so diagnostics cannot starve menu input.] | last no input yet
2026-06-25 16:56:07Z hc1 (D2R_1): frame unknown [degraded: UI command is active; using process-only status so diagnostics cannot starve menu input.] | last no input yet
2026-06-25 16:56:07Z hc2 (D2R_2): frame unknown [degraded: UI command is active; using process-only status so diagnostics cannot starve menu input.] | last no input yet
2026-06-25 16:56:07Z hc3 (D2R_3): frame unknown [degraded: UI command is active; using process-only status so diagnostics cannot starve menu input.] | last no input yet
2026-06-25 16:56:10Z hc1 (D2R_1): frame unknown [degraded: UI command is active; using process-only status so diagnostics cannot starve menu input.] | last no input yet
2026-06-25 16:56:10Z hc2 (D2R_2): frame unknown [degraded: UI command is active; using process-only status so diagnostics cannot starve menu input.] | last no input yet
2026-06-25 16:56:10Z hc3 (D2R_3): frame unknown [degraded: UI command is active; using process-only status so diagnostics cannot starve menu input.] | last no input yet
2026-06-25 16:56:12Z hc1 (D2R_1): frame unknown [degraded: UI command is active; using process-only status so diagnostics cannot starve menu input.] | last no input yet
2026-06-25 16:56:12Z hc2 (D2R_2): frame unknown [degraded: UI command is active; using process-only status so diagnostics cannot starve menu input.] | last no input yet
2026-06-25 16:56:12Z hc3 (D2R_3): frame unknown [degraded: UI command is active; using process-only status so diagnostics cannot starve menu input.] | last no input yet
2026-06-25 16:56:14Z hc1 (D2R_1): frame unknown [degraded: UI command is active; using process-only status so diagnostics cannot starve menu input.] | last no input yet
2026-06-25 16:56:14Z hc2 (D2R_2): frame unknown [degraded: UI command is active; using process-only status so diagnostics cannot starve menu input.] | last no input yet
2026-06-25 16:56:14Z hc3 (D2R_3): frame unknown [degraded: UI command is active; using process-only status so diagnostics cannot starve menu input.] | last no input yet
2026-06-25 16:56:17Z hc1 (D2R_1): frame unknown [degraded: UI command is active; using process-only status so diagnostics cannot starve menu input.] | last no input yet
2026-06-25 16:56:17Z hc2 (D2R_2): frame unknown [degraded: UI command is active; using process-only status so diagnostics cannot starve menu input.] | last no input yet
2026-06-25 16:56:17Z hc3 (D2R_3): frame unknown [degraded: UI command is active; using process-only status so diagnostics cannot starve menu input.] | last no input yet
2026-06-25 16:56:19Z hc1 (D2R_1): frame unknown [degraded: UI command is active; using process-only status so diagnostics cannot starve menu input.] | last no input yet
2026-06-25 16:56:19Z hc2 (D2R_2): frame unknown [degraded: UI command is active; using process-only status so diagnostics cannot starve menu input.] | last no input yet
2026-06-25 16:56:19Z hc3 (D2R_3): frame unknown [degraded: UI command is active; using process-only status so diagnostics cannot starve menu input.] | last no input yet
2026-06-25 16:56:21Z hc1 (D2R_1): frame unknown [degraded: UI command is active; using process-only status so diagnostics cannot starve menu input.] | last no input yet
2026-06-25 16:56:21Z hc2 (D2R_2): frame unknown [degraded: UI command is active; using process-only status so diagnostics cannot starve menu input.] | last no input yet
2026-06-25 16:56:21Z hc3 (D2R_3): frame unknown [degraded: UI command is active; using process-only status so diagnostics cannot starve menu input.] | last no input yet
2026-06-25 16:56:24Z hc1 (D2R_1): frame unknown [degraded: UI command is active; using process-only status so diagnostics cannot starve menu input.] | last no input yet
2026-06-25 16:56:24Z hc2 (D2R_2): frame unknown [degraded: UI command is active; using process-only status so diagnostics cannot starve menu input.] | last no input yet
2026-06-25 16:56:24Z hc3 (D2R_3): frame unknown [degraded: UI command is active; using process-only status so diagnostics cannot starve menu input.] | last no input yet
2026-06-25 16:56:26Z hc1 (D2R_1): frame Unknown (1s ago) [degraded: UI command is active; using process-only status so diagnostics cannot starve menu input.] | last no input yet
2026-06-25 16:56:26Z hc2 (D2R_2): frame Unknown (1s ago) [degraded: UI command is active; using process-only status so diagnostics cannot starve menu input.] | last no input yet
2026-06-25 16:56:26Z hc3 (D2R_3): frame Unknown (2s ago) [degraded: UI command is active; using process-only status so diagnostics cannot starve menu input.] | last no input yet
2026-06-25 16:56:28Z hc1 (D2R_1): frame Unknown (3s ago) [degraded: UI command is active; using process-only status so diagnostics cannot starve menu input.] | last key/Escape/G/Space/Enter@683,384 (0s ago), fg ?
2026-06-25 16:56:28Z hc2 (D2R_2): frame Unknown (3s ago) [degraded: UI command is active; using process-only status so diagnostics cannot starve menu input.] | last key/Escape/G/Space/Enter@683,384 (0s ago), fg ?
2026-06-25 16:56:28Z hc3 (D2R_3): frame Unknown (4s ago) [degraded: UI command is active; using process-only status so diagnostics cannot starve menu input.] | last key/Escape/G/Space/Enter@683,384 (0s ago), fg ?
2026-06-25 16:56:30Z hc1 (D2R_1): frame Unknown (5s ago) [degraded: UI command is active; using process-only status so diagnostics cannot starve menu input.] | last key/Escape/G/Space/Enter@683,384 (2s ago), fg ?
2026-06-25 16:56:30Z hc2 (D2R_2): frame Unknown (5s ago) [degraded: UI command is active; using process-only status so diagnostics cannot starve menu input.] | last key/Escape/G/Space/Enter@683,384 (2s ago), fg ?
2026-06-25 16:56:30Z hc3 (D2R_3): frame Unknown (6s ago) [degraded: UI command is active; using process-only status so diagnostics cannot starve menu input.] | last key/Escape/G/Space/Enter@683,384 (3s ago), fg ?
2026-06-25 16:56:33Z hc1 (D2R_1): frame Unknown (8s ago) [degraded: UI command is active; using process-only status so diagnostics cannot starve menu input.] | last key/Escape/G/Space/Enter@683,384 (4s ago), fg ?
2026-06-25 16:56:33Z hc2 (D2R_2): frame Unknown (8s ago) [degraded: UI command is active; using process-only status so diagnostics cannot starve menu input.] | last key/Escape/G/Space/Enter@683,384 (4s ago), fg ?
2026-06-25 16:56:33Z hc3 (D2R_3): frame Unknown (8s ago) [degraded: UI command is active; using process-only status so diagnostics cannot starve menu input.] | last key/Escape/G/Space/Enter@683,384 (5s ago), fg ?
2026-06-25 16:56:35Z hc1 (D2R_1): frame Unknown (10s ago) [degraded: UI command is active; using process-only status so diagnostics cannot starve menu input.] | last key/Escape/G/Space/Enter@683,384 (7s ago), fg ?
2026-06-25 16:56:35Z hc2 (D2R_2): frame Unknown (10s ago) [degraded: UI command is active; using process-only status so diagnostics cannot starve menu input.] | last key/Escape/G/Space/Enter@683,384 (7s ago), fg ?
2026-06-25 16:56:35Z hc3 (D2R_3): frame Unknown (11s ago) [degraded: UI command is active; using process-only status so diagnostics cannot starve menu input.] | last key/Escape/G/Space/Enter@683,384 (7s ago), fg ?
2026-06-25 16:56:37Z hc1 (D2R_1): frame Unknown (12s ago) [degraded: UI command is active; using process-only status so diagnostics cannot starve menu input.] | last key/Escape/G/Space/Enter@683,384 (9s ago), fg ?
2026-06-25 16:56:37Z hc2 (D2R_2): frame Unknown (12s ago) [degraded: UI command is active; using process-only status so diagnostics cannot starve menu input.] | last key/Escape/G/Space/Enter@683,384 (9s ago), fg ?
2026-06-25 16:56:37Z hc3 (D2R_3): frame Unknown (13s ago) [degraded: UI command is active; using process-only status so diagnostics cannot starve menu input.] | last key/Escape/G/Space/Enter@683,384 (10s ago), fg ?
2026-06-25 16:56:39Z hc1 (D2R_1): frame Unknown (15s ago) [degraded: UI command is active; using process-only status so diagnostics cannot starve menu input.] | last key/Escape/G/Space/Enter@683,384 (11s ago), fg ?
2026-06-25 16:56:39Z hc2 (D2R_2): frame Unknown (14s ago) [degraded: UI command is active; using process-only status so diagnostics cannot starve menu input.] | last key/Escape/G/Space/Enter@683,384 (11s ago), fg ?
2026-06-25 16:56:39Z hc3 (D2R_3): frame Unknown (15s ago) [degraded: UI command is active; using process-only status so diagnostics cannot starve menu input.] | last key/Escape/G/Space/Enter@683,384 (12s ago), fg ?
2026-06-25 16:56:42Z hc1 (D2R_1): frame Unknown (17s ago) [degraded: UI command is active; using process-only status so diagnostics cannot starve menu input.] | last key/Escape/G/Space/Enter@683,384 (14s ago), fg ?
2026-06-25 16:56:42Z hc2 (D2R_2): frame Unknown (17s ago) [degraded: UI command is active; using process-only status so diagnostics cannot starve menu input.] | last key/Escape/G/Space/Enter@683,384 (14s ago), fg ?
2026-06-25 16:56:42Z hc3 (D2R_3): frame Unknown (18s ago) [degraded: UI command is active; using process-only status so diagnostics cannot starve menu input.] | last key/Escape/G/Space/Enter@683,384 (14s ago), fg ?
2026-06-25 16:56:44Z hc1 (D2R_1): frame Unknown (19s ago) [degraded: UI command is active; using process-only status so diagnostics cannot starve menu input.] | last key/Escape/G/Space/Enter@683,384 (16s ago), fg ?
2026-06-25 16:56:44Z hc2 (D2R_2): frame Unknown (19s ago) [degraded: UI command is active; using process-only status so diagnostics cannot starve menu input.] | last key/Escape/G/Space/Enter@683,384 (16s ago), fg ?
2026-06-25 16:56:44Z hc3 (D2R_3): frame Unknown (20s ago) [degraded: UI command is active; using process-only status so diagnostics cannot starve menu input.] | last key/Escape/G/Space/Enter@683,384 (17s ago), fg ?
2026-06-25 16:56:46Z hc1 (D2R_1): frame Unknown (21s ago) [degraded: UI command is active; using process-only status so diagnostics cannot starve menu input.] | last key/Escape/G/Space/Enter@683,384 (18s ago), fg ?
2026-06-25 16:56:46Z hc2 (D2R_2): frame Unknown (21s ago) [degraded: UI command is active; using process-only status so diagnostics cannot starve menu input.] | last key/Escape/G/Space/Enter@683,384 (18s ago), fg ?
2026-06-25 16:56:46Z hc3 (D2R_3): frame Unknown (22s ago) [degraded: UI command is active; using process-only status so diagnostics cannot starve menu input.] | last key/Escape/G/Space/Enter@683,384 (19s ago), fg ?
2026-06-25 16:56:49Z hc1 (D2R_1): frame Unknown (24s ago) [degraded: UI command is active; using process-only status so diagnostics cannot starve menu input.] | last key/Escape/G/Space/Enter@683,384 (21s ago), fg ?
2026-06-25 16:56:49Z hc2 (D2R_2): frame Unknown (24s ago) [degraded: UI command is active; using process-only status so diagnostics cannot starve menu input.] | last key/Escape/G/Space/Enter@683,384 (20s ago), fg ?
2026-06-25 16:56:49Z hc3 (D2R_3): frame Unknown (24s ago) [degraded: UI command is active; using process-only status so diagnostics cannot starve menu input.] | last key/Escape/G/Space/Enter@683,384 (21s ago), fg ?
2026-06-25 16:56:51Z hc1 (D2R_1): frame Unknown (26s ago) [degraded: UI command is active; using process-only status so diagnostics cannot starve menu input.] | last key/Escape/G/Space/Enter@683,384 (23s ago), fg ?
2026-06-25 16:56:51Z hc2 (D2R_2): frame Unknown (26s ago) [degraded: UI command is active; using process-only status so diagnostics cannot starve menu input.] | last key/Escape/G/Space/Enter@683,384 (23s ago), fg ?
2026-06-25 16:56:51Z hc3 (D2R_3): frame Unknown (27s ago) [degraded: UI command is active; using process-only status so diagnostics cannot starve menu input.] | last key/Escape/G/Space/Enter@683,384 (23s ago), fg ?
2026-06-25 16:56:53Z hc1 (D2R_1): frame Unknown (28s ago) [degraded: UI command is active; using process-only status so diagnostics cannot starve menu input.] | last key/Escape/G/Space/Enter@683,384 (25s ago), fg ?
2026-06-25 16:56:53Z hc2 (D2R_2): frame Unknown (28s ago) [degraded: UI command is active; using process-only status so diagnostics cannot starve menu input.] | last key/Escape/G/Space/Enter@683,384 (25s ago), fg ?
2026-06-25 16:56:53Z hc3 (D2R_3): frame Unknown (29s ago) [degraded: UI command is active; using process-only status so diagnostics cannot starve menu input.] | last key/Escape/G/Space/Enter@683,384 (26s ago), fg ?
2026-06-25 16:56:55Z hc1 (D2R_1): frame Unknown (31s ago) [degraded: UI command is active; using process-only status so diagnostics cannot starve menu input.] | last key/Escape/G/Space/Enter@683,384 (27s ago), fg ?
2026-06-25 16:56:55Z hc2 (D2R_2): frame Unknown (30s ago) [degraded: UI command is active; using process-only status so diagnostics cannot starve menu input.] | last key/Escape/G/Space/Enter@683,384 (27s ago), fg ?
2026-06-25 16:56:55Z hc3 (D2R_3): frame Unknown (31s ago) [degraded: UI command is active; using process-only status so diagnostics cannot starve menu input.] | last key/Escape/G/Space/Enter@683,384 (28s ago), fg ?
2026-06-25 16:56:58Z hc1 (D2R_1): frame Unknown (33s ago) [degraded: UI command is active; using process-only status so diagnostics cannot starve menu input.] | last key/Escape/G/Space/Enter@683,384 (30s ago), fg ?
2026-06-25 16:56:58Z hc2 (D2R_2): frame Unknown (33s ago) [degraded: UI command is active; using process-only status so diagnostics cannot starve menu input.] | last key/Escape/G/Space/Enter@683,384 (29s ago), fg ?
2026-06-25 16:56:58Z hc3 (D2R_3): frame Unknown (33s ago) [degraded: UI command is active; using process-only status so diagnostics cannot starve menu input.] | last key/Escape/G/Space/Enter@683,384 (30s ago), fg ?
2026-06-25 16:57:00Z hc1 (D2R_1): frame Unknown (35s ago) [degraded: UI command is active; using process-only status so diagnostics cannot starve menu input.] | last key/Escape/G/Space/Enter@683,384 (32s ago), fg ?
2026-06-25 16:57:00Z hc2 (D2R_2): frame Unknown (35s ago) [degraded: UI command is active; using process-only status so diagnostics cannot starve menu input.] | last key/Escape/G/Space/Enter@683,384 (32s ago), fg ?
2026-06-25 16:57:00Z hc3 (D2R_3): frame Unknown (0s ago) [degraded: UI command is active; using process-only status so diagnostics cannot starve menu input.] | last key/Escape/G/Space/Enter@683,384 (32s ago), fg ?
2026-06-25 16:57:02Z hc1 (D2R_1): frame Unknown (2s ago) [degraded: UI command is active; using process-only status so diagnostics cannot starve menu input.] | last key/Escape/G/Space/Enter@683,384 (34s ago), fg ?
2026-06-25 16:57:02Z hc2 (D2R_2): frame Unknown (2s ago) [degraded: UI command is active; using process-only status so diagnostics cannot starve menu input.] | last key/Escape/G/Space/Enter@683,384 (34s ago), fg ?
2026-06-25 16:57:02Z hc3 (D2R_3): frame Unknown (3s ago) [degraded: UI command is active; using process-only status so diagnostics cannot starve menu input.] | last key/Escape/G/Space/Enter@683,384 (35s ago), fg ?
2026-06-25 16:57:05Z hc1 (D2R_1): frame Unknown (4s ago) [degraded: UI command is active; using process-only status so diagnostics cannot starve menu input.] | last key/Escape/G/Space/Enter@683,384 (1s ago), fg ?
2026-06-25 16:57:05Z hc2 (D2R_2): frame Unknown (4s ago) [degraded: UI command is active; using process-only status so diagnostics cannot starve menu input.] | last key/Escape/G/Space/Enter@683,384 (1s ago), fg ?
2026-06-25 16:57:05Z hc3 (D2R_3): frame Unknown (5s ago) [degraded: UI command is active; using process-only status so diagnostics cannot starve menu input.] | last key/Escape/G/Space/Enter@683,384 (2s ago), fg ?
2026-06-25 16:57:07Z hc1 (D2R_1): frame Unknown (6s ago) [degraded: UI command is active; using process-only status so diagnostics cannot starve menu input.] | last key/Escape/G/Space/Enter@683,384 (3s ago), fg ?
2026-06-25 16:57:07Z hc2 (D2R_2): frame Unknown (6s ago) [degraded: UI command is active; using process-only status so diagnostics cannot starve menu input.] | last key/Escape/G/Space/Enter@683,384 (3s ago), fg ?
2026-06-25 16:57:07Z hc3 (D2R_3): frame Unknown (7s ago) [degraded: UI command is active; using process-only status so diagnostics cannot starve menu input.] | last key/Escape/G/Space/Enter@683,384 (4s ago), fg ?
2026-06-25 16:57:09Z hc1 (D2R_1): frame Unknown (9s ago) [degraded: UI command is active; using process-only status so diagnostics cannot starve menu input.] | last key/Escape/G/Space/Enter@683,384 (6s ago), fg ?
2026-06-25 16:57:09Z hc2 (D2R_2): frame Unknown (9s ago) [degraded: UI command is active; using process-only status so diagnostics cannot starve menu input.] | last key/Escape/G/Space/Enter@683,384 (5s ago), fg ?
2026-06-25 16:57:09Z hc3 (D2R_3): frame Unknown (10s ago) [degraded: UI command is active; using process-only status so diagnostics cannot starve menu input.] | last key/Escape/G/Space/Enter@683,384 (6s ago), fg ?
2026-06-25 16:57:12Z hc1 (D2R_1): frame Unknown (11s ago) [degraded: UI command is active; using process-only status so diagnostics cannot starve menu input.] | last key/Escape/G/Space/Enter@683,384 (8s ago), fg ?
2026-06-25 16:57:12Z hc2 (D2R_2): frame Unknown (11s ago) [degraded: UI command is active; using process-only status so diagnostics cannot starve menu input.] | last key/Escape/G/Space/Enter@683,384 (8s ago), fg ?
2026-06-25 16:57:12Z hc3 (D2R_3): frame Unknown (12s ago) [degraded: UI command is active; using process-only status so diagnostics cannot starve menu input.] | last key/Escape/G/Space/Enter@683,384 (9s ago), fg ?
2026-06-25 16:57:14Z hc1 (D2R_1): frame Unknown (13s ago) [degraded: UI command is active; using process-only status so diagnostics cannot starve menu input.] | last key/Escape/G/Space/Enter@683,384 (10s ago), fg ?
2026-06-25 16:57:14Z hc2 (D2R_2): frame Unknown (13s ago) [degraded: UI command is active; using process-only status so diagnostics cannot starve menu input.] | last key/Escape/G/Space/Enter@683,384 (10s ago), fg ?
2026-06-25 16:57:14Z hc3 (D2R_3): frame Unknown (14s ago) [degraded: UI command is active; using process-only status so diagnostics cannot starve menu input.] | last key/Escape/G/Space/Enter@683,384 (11s ago), fg ?
2026-06-25 16:57:17Z hc1 (D2R_1): frame Unknown (16s ago) [degraded: UI command is active; using process-only status so diagnostics cannot starve menu input.] | last key/Escape/G/Space/Enter@683,384 (13s ago), fg ?
2026-06-25 16:57:17Z hc2 (D2R_2): frame Unknown (16s ago) [degraded: UI command is active; using process-only status so diagnostics cannot starve menu input.] | last key/Escape/G/Space/Enter@683,384 (13s ago), fg ?
2026-06-25 16:57:17Z hc3 (D2R_3): frame Unknown (17s ago) [degraded: UI command is active; using process-only status so diagnostics cannot starve menu input.] | last key/Escape/G/Space/Enter@683,384 (14s ago), fg ?
2026-06-25 16:57:19Z hc1 (D2R_1): frame Unknown (18s ago) [degraded: UI command is active; using process-only status so diagnostics cannot starve menu input.] | last key/Escape/G/Space/Enter@683,384 (15s ago), fg ?
2026-06-25 16:57:19Z hc2 (D2R_2): frame Unknown (18s ago) [degraded: UI command is active; using process-only status so diagnostics cannot starve menu input.] | last key/Escape/G/Space/Enter@683,384 (15s ago), fg ?
2026-06-25 16:57:19Z hc3 (D2R_3): frame Unknown (19s ago) [degraded: UI command is active; using process-only status so diagnostics cannot starve menu input.] | last key/Escape/G/Space/Enter@683,384 (16s ago), fg ?
2026-06-25 16:57:21Z hc1 (D2R_1): frame Unknown (21s ago) [degraded: UI command is active; using process-only status so diagnostics cannot starve menu input.] | last key/Escape/G/Space/Enter@683,384 (17s ago), fg ?
2026-06-25 16:57:21Z hc2 (D2R_2): frame Unknown (20s ago) [degraded: UI command is active; using process-only status so diagnostics cannot starve menu input.] | last key/Escape/G/Space/Enter@683,384 (17s ago), fg ?
2026-06-25 16:57:21Z hc3 (D2R_3): frame Unknown (21s ago) [degraded: UI command is active; using process-only status so diagnostics cannot starve menu input.] | last key/Escape/G/Space/Enter@683,384 (18s ago), fg ?
2026-06-25 16:57:23Z hc1 (D2R_1): frame Unknown (23s ago) [degraded: UI command is active; using process-only status so diagnostics cannot starve menu input.] | last key/Escape/G/Space/Enter@683,384 (20s ago), fg ?
2026-06-25 16:57:23Z hc2 (D2R_2): frame Unknown (23s ago) [degraded: UI command is active; using process-only status so diagnostics cannot starve menu input.] | last key/Escape/G/Space/Enter@683,384 (20s ago), fg ?
2026-06-25 16:57:23Z hc3 (D2R_3): frame Unknown (24s ago) [degraded: UI command is active; using process-only status so diagnostics cannot starve menu input.] | last key/Escape/G/Space/Enter@683,384 (21s ago), fg ?
2026-06-25 16:57:26Z hc1 (D2R_1): frame Unknown (25s ago) [degraded: UI command is active; using process-only status so diagnostics cannot starve menu input.] | last key/Escape/G/Space/Enter@683,384 (22s ago), fg ?
2026-06-25 16:57:26Z hc2 (D2R_2): frame Unknown (25s ago) [degraded: UI command is active; using process-only status so diagnostics cannot starve menu input.] | last key/Escape/G/Space/Enter@683,384 (22s ago), fg ?
2026-06-25 16:57:26Z hc3 (D2R_3): frame Unknown (26s ago) [degraded: UI command is active; using process-only status so diagnostics cannot starve menu input.] | last key/Escape/G/Space/Enter@683,384 (23s ago), fg ?
2026-06-25 16:57:28Z hc1 (D2R_1): frame Unknown (27s ago) [degraded: UI command is active; using process-only status so diagnostics cannot starve menu input.] | last key/Escape/G/Space/Enter@683,384 (24s ago), fg ?
2026-06-25 16:57:28Z hc2 (D2R_2): frame Unknown (27s ago) [degraded: UI command is active; using process-only status so diagnostics cannot starve menu input.] | last key/Escape/G/Space/Enter@683,384 (24s ago), fg ?
2026-06-25 16:57:28Z hc3 (D2R_3): frame CharacterScreen (0s ago) [degraded: UI command is active; using process-only status so diagnostics cannot starve menu input.] | last key/Escape/G/Space/Enter@683,384 (25s ago), fg ? | at EnsureReadyCharacterScreenOnlineAsync: ready loop detected CharacterScreen (0s ago)
2026-06-25 16:57:30Z hc1 (D2R_1): frame Unknown (30s ago) [degraded: UI command is active; using process-only status so diagnostics cannot starve menu input.] | last key/Escape/G/Space/Enter@683,384 (27s ago), fg ?
2026-06-25 16:57:30Z hc2 (D2R_2): frame Unknown (30s ago) [degraded: UI command is active; using process-only status so diagnostics cannot starve menu input.] | last key/Escape/G/Space/Enter@683,384 (26s ago), fg ?
2026-06-25 16:57:30Z hc3 (D2R_3): frame CharacterScreen (3s ago) [degraded: UI command is active; using process-only status so diagnostics cannot starve menu input.] | last click/Left@799,689 (1s ago), fg ? | at EnsureLobbyOpenedAsync: remembered-character-screen click (2s ago)
2026-06-25 16:57:33Z hc1 (D2R_1): frame CharacterScreen (2s ago) [degraded: UI command is active; using process-only status so diagnostics cannot starve menu input.] | last key/Escape/G/Space/Enter@683,384 (29s ago), fg ? | at EnsureLobbyOpenedAsync: remembered-character-screen click (0s ago)
2026-06-25 16:57:33Z hc2 (D2R_2): frame Unknown (32s ago) [degraded: UI command is active; using process-only status so diagnostics cannot starve menu input.] | last key/Escape/G/Space/Enter@683,384 (29s ago), fg ?
2026-06-25 16:57:33Z hc3 (D2R_3): frame CharacterScreen (5s ago) [degraded: UI command is active; using process-only status so diagnostics cannot starve menu input.] | last click/Left@1046,55 (0s ago), fg ? | at FillTextFieldAsync: first click (0s ago)
2026-06-25 16:57:35Z hc1 (D2R_1): frame CharacterScreen (4s ago) [degraded: UI command is active; using process-only status so diagnostics cannot starve menu input.] | last click/Left@919,55 (0s ago), fg ? | at ClickLobbyTabDirectAsync: first ClickD2R (0s ago)
2026-06-25 16:57:35Z hc2 (D2R_2): frame Unknown (34s ago) [degraded: UI command is active; using process-only status so diagnostics cannot starve menu input.] | last key/Escape/G/Space/Enter@683,384 (31s ago), fg ?
2026-06-25 16:57:35Z hc3 (D2R_3): frame CharacterScreen (7s ago) [degraded: UI command is active; using process-only status so diagnostics cannot starve menu input.] | last click/Left@1143,106 (0s ago), fg ? | at FillTextFieldAsync: second click (0s ago)
2026-06-25 16:57:37Z hc1 (D2R_1): frame CharacterScreen (6s ago) [degraded: UI command is active; using process-only status so diagnostics cannot starve menu input.] | last click/Left@1046,123 (0s ago), fg ? | at FillTextFieldAsync: second click (0s ago)
2026-06-25 16:57:37Z hc2 (D2R_2): frame Unknown (37s ago) [degraded: UI command is active; using process-only status so diagnostics cannot starve menu input.] | last key/Escape/G/Space/Enter@683,384 (33s ago), fg ?
2026-06-25 16:57:37Z hc3 (D2R_3): frame CharacterScreen (10s ago) [degraded: Detailed status collection is still running; using process-only fallback.] | last click/Left@1143,106 (1s ago), fg ? | at FillTextFieldAsync: type text (1s ago)
2026-06-25 16:57:40Z hc1 (D2R_1): frame CharacterScreen (8s ago) [degraded: UI command is active; using process-only status so diagnostics cannot starve menu input.] | last click/Left@1046,172 (0s ago), fg ? | at FillTextFieldAsync: second click (0s ago)
2026-06-25 16:57:40Z hc2 (D2R_2): frame Unknown (39s ago) [degraded: UI command is active; using process-only status so diagnostics cannot starve menu input.] | last key/Escape/G/Space/Enter@683,384 (36s ago), fg ?
2026-06-25 16:57:40Z hc3 (D2R_3): frame CharacterScreen (12s ago) [degraded: Detailed status collection is still running; using process-only fallback.] | last click/Left@1143,106 (4s ago), fg ? | at FillTextFieldAsync: type text (3s ago)
2026-06-25 16:57:43Z hc1 (D2R_1): frame CharacterScreen (11s ago) [degraded: UI command is active; using process-only status so diagnostics cannot starve menu input.] | last click/Left@1045,475 (0s ago), fg ? | at ClickMenuEntryButtonUntilEnteredGameAsync: loop iteration 4, waiting entry grace before HUD check (0s ago)
2026-06-25 16:57:43Z hc2 (D2R_2): frame CharacterMenu (2s ago) [degraded: UI command is active; using process-only status so diagnostics cannot starve menu input.] | last click/Left@799,689 (0s ago), fg ? | at EnsureLobbyOpenedAsync: remembered-character-screen click (1s ago)
2026-06-25 16:57:43Z hc3 (D2R_3): frame CharacterScreen (15s ago) [degraded: Detailed status collection is still running; using process-only fallback.] | last click/Left@1143,106 (7s ago), fg ? | at FillTextFieldAsync: type text (6s ago)
2026-06-25 16:57:45Z hc1 (D2R_1): frame CharacterScreen (14s ago) [degraded: UI command is active; using process-only status so diagnostics cannot starve menu input.] | last click/Left@1045,475 (3s ago), fg ? | at ClickMenuEntryButtonUntilEnteredGameAsync: loop iteration 16, waiting entry grace before HUD check (0s ago)
2026-06-25 16:57:45Z hc2 (D2R_2): frame CharacterMenu (4s ago) [degraded: UI command is active; using process-only status so diagnostics cannot starve menu input.] | last click/Left@1046,55 (0s ago), fg ? | at ClickLobbyTabDirectAsync: second ClickD2R (0s ago)
2026-06-25 16:57:45Z hc3 (D2R_3): frame CharacterScreen (17s ago) [degraded: Detailed status collection is still running; using process-only fallback.] | last click/Left@1143,106 (9s ago), fg ? | at FillTextFieldAsync: type text (8s ago)
2026-06-25 16:57:47Z hc1 (D2R_1): frame CharacterScreen (16s ago) [degraded: UI command is active; using process-only status so diagnostics cannot starve menu input.] | last click/Left@1045,475 (5s ago), fg ? | at ClickMenuEntryButtonUntilEnteredGameAsync: loop iteration 27, waiting entry grace before HUD check (0s ago)
2026-06-25 16:57:47Z hc2 (D2R_2): frame CharacterMenu (7s ago) [degraded: UI command is active; using process-only status so diagnostics cannot starve menu input.] | last click/Left@952,106 (0s ago), fg ? | at FillTextFieldAsync: type text (0s ago)
2026-06-25 16:57:47Z hc3 (D2R_3): frame CharacterScreen (20s ago) [degraded: Detailed status collection is still running; using process-only fallback.] | last click/Left@1143,106 (11s ago), fg ? | at FillTextFieldAsync: type text (11s ago)
2026-06-25 16:57:50Z hc1 (D2R_1): frame CharacterScreen (19s ago) [degraded: UI command is active; using process-only status so diagnostics cannot starve menu input.] | last click/Left@1045,475 (7s ago), fg ? | at ClickMenuEntryButtonUntilEnteredGameAsync: entry grace elapsed (iteration 31), blind re-clicking entry button (1s ago)
2026-06-25 16:57:50Z hc2 (D2R_2): frame CharacterMenu (9s ago) [degraded: Detailed status collection is still running; using process-only fallback.] | last click/Left@1143,106 (1s ago), fg ? | at FillTextFieldAsync: type text (0s ago)
2026-06-25 16:57:50Z hc3 (D2R_3): frame CharacterScreen (22s ago) [degraded: Detailed status collection is still running; using process-only fallback.] | last click/Left@1143,106 (14s ago), fg ? | at FillTextFieldAsync: type text (13s ago)
2026-06-25 16:57:52Z hc1 (D2R_1): frame CharacterScreen (21s ago) [degraded: UI command is active; using process-only status so diagnostics cannot starve menu input.] | last click/Left@1045,475 (10s ago), fg ? | at ClickMenuEntryButtonUntilEnteredGameAsync: loop iteration 39, waiting entry grace before HUD check (0s ago)
2026-06-25 16:57:52Z hc2 (D2R_2): frame CharacterMenu (11s ago) [degraded: Detailed status collection is still running; using process-only fallback.] | last click/Left@1143,106 (3s ago), fg ? | at FillTextFieldAsync: type text (2s ago)
2026-06-25 16:57:52Z hc3 (D2R_3): frame CharacterScreen (24s ago) [degraded: Detailed status collection is still running; using process-only fallback.] | last click/Left@1143,106 (16s ago), fg ? | at FillTextFieldAsync: type text (16s ago)
2026-06-25 16:57:54Z hc1 (D2R_1): frame CharacterScreen (23s ago) [degraded: UI command is active; using process-only status so diagnostics cannot starve menu input.] | last click/Left@1045,475 (12s ago), fg ? | at ClickMenuEntryButtonUntilEnteredGameAsync: loop iteration 50, waiting entry grace before HUD check (0s ago)
2026-06-25 16:57:54Z hc2 (D2R_2): frame CharacterMenu (14s ago) [degraded: Detailed status collection is still running; using process-only fallback.] | last click/Left@1143,106 (5s ago), fg ? | at FillTextFieldAsync: type text (5s ago)
2026-06-25 16:57:54Z hc3 (D2R_3): frame CharacterScreen (27s ago) [degraded: Detailed status collection is still running; using process-only fallback.] | last click/Left@1143,106 (18s ago), fg ? | at FillTextFieldAsync: type text (18s ago)
2026-06-25 16:57:57Z hc1 (D2R_1): frame CharacterScreen (25s ago) [degraded: UI command is active; using process-only status so diagnostics cannot starve menu input.] | last click/Left@1045,475 (14s ago), fg ? | at ClickMenuEntryButtonUntilEnteredGameAsync: loop iteration 62: sampling process-relative HUD (0s ago)
2026-06-25 16:57:57Z hc2 (D2R_2): frame CharacterMenu (16s ago) [degraded: Detailed status collection is still running; using process-only fallback.] | last click/Left@1143,106 (7s ago), fg ? | at FillTextFieldAsync: type text (7s ago)
2026-06-25 16:57:57Z hc3 (D2R_3): frame CharacterScreen (29s ago) [degraded: Detailed status collection is still running; using process-only fallback.] | last click/Left@1143,106 (20s ago), fg ? | at FillTextFieldAsync: type text (20s ago)
2026-06-25 16:57:59Z hc1 (D2R_1): frame CharacterScreen (28s ago) [degraded: UI command is active; using process-only status so diagnostics cannot starve menu input.] | last click/Left@1045,475 (17s ago), fg ? | at ClickMenuEntryButtonUntilEnteredGameAsync: loop iteration 62, checking game-entry error dialog (0s ago)
2026-06-25 16:57:59Z hc2 (D2R_2): frame CharacterMenu (18s ago) [degraded: Detailed status collection is still running; using process-only fallback.] | last click/Left@1143,106 (10s ago), fg ? | at FillTextFieldAsync: type text (9s ago)
2026-06-25 16:57:59Z hc3 (D2R_3): frame CharacterScreen (31s ago) [degraded: Detailed status collection is still running; using process-only fallback.] | last click/Left@1143,106 (23s ago), fg ? | at FillTextFieldAsync: type text (22s ago)
2026-06-25 16:58:01Z hc1 (D2R_1): frame CharacterScreen (30s ago) [degraded: UI command is active; using process-only status so diagnostics cannot starve menu input.] | last click/Left@1045,475 (19s ago), fg ? | at ClickMenuEntryButtonUntilEnteredGameAsync: loop iteration 62, checking connection interruption (1s ago)
2026-06-25 16:58:01Z hc2 (D2R_2): frame CharacterMenu (20s ago) [degraded: Detailed status collection is still running; using process-only fallback.] | last click/Left@1143,106 (12s ago), fg ? | at FillTextFieldAsync: type text (11s ago)
2026-06-25 16:58:01Z hc3 (D2R_3): frame CharacterScreen (34s ago) [degraded: Detailed status collection is still running; using process-only fallback.] | last click/Left@1143,106 (25s ago), fg ? | at FillTextFieldAsync: type text (25s ago)
2026-06-25 16:58:04Z hc1 (D2R_1): frame CharacterScreen (32s ago) [degraded: UI command is active; using process-only status so diagnostics cannot starve menu input.] | last click/Left@1045,475 (21s ago), fg ? | at ClickMenuEntryButtonUntilEnteredGameAsync: loop iteration 62, checking character select (0s ago)
2026-06-25 16:58:04Z hc2 (D2R_2): frame CharacterMenu (23s ago) [degraded: Detailed status collection is still running; using process-only fallback.] | last click/Left@1143,106 (14s ago), fg ? | at FillTextFieldAsync: type text (14s ago)
2026-06-25 16:58:04Z hc3 (D2R_3): frame CharacterScreen (36s ago) [degraded: Detailed status collection is still running; using process-only fallback.] | last click/Left@1143,106 (27s ago), fg ? | at FillTextFieldAsync: type text (27s ago)
2026-06-25 16:58:06Z hc1 (D2R_1): frame CharacterScreen (35s ago) [degraded: UI command is active; using process-only status so diagnostics cannot starve menu input.] | last click/Left@1045,475 (24s ago), fg ? | at WaitForGameEntryAsync: poll iteration 1: sampling screen-relative HUD (0s ago)
2026-06-25 16:58:06Z hc2 (D2R_2): frame CharacterMenu (25s ago) [degraded: Detailed status collection is still running; using process-only fallback.] | last click/Left@1143,106 (17s ago), fg ? | at FillTextFieldAsync: type text (16s ago)
2026-06-25 16:58:06Z hc3 (D2R_3): frame CharacterScreen (38s ago) [degraded: Detailed status collection is still running; using process-only fallback.] | last click/Left@1143,106 (30s ago), fg ? | at FillTextFieldAsync: type text (29s ago)
2026-06-25 16:58:09Z hc1 (D2R_1): frame CharacterScreen (37s ago) [degraded: UI command is active; using process-only status so diagnostics cannot starve menu input.] | last click/Left@1045,475 (26s ago), fg ? | at WaitForGameEntryAsync: poll iteration 1, checking game-entry error dialog (0s ago)
2026-06-25 16:58:09Z hc2 (D2R_2): frame CharacterMenu (28s ago) [degraded: Detailed status collection is still running; using process-only fallback.] | last click/Left@1143,106 (19s ago), fg ? | at FillTextFieldAsync: type text (19s ago)
2026-06-25 16:58:09Z hc3 (D2R_3): frame CharacterScreen (41s ago) [degraded: Detailed status collection is still running; using process-only fallback.] | last click/Left@1143,106 (32s ago), fg ? | at FillTextFieldAsync: type text (32s ago)
2026-06-25 16:58:11Z hc1 (D2R_1): frame CharacterScreen (40s ago) [degraded: UI command is active; using process-only status so diagnostics cannot starve menu input.] | last click/Left@1045,475 (29s ago), fg ? | at WaitForGameEntryAsync: poll iteration 1, checking offline character screen (1s ago)
2026-06-25 16:58:11Z hc2 (D2R_2): frame CharacterMenu (30s ago) [degraded: Detailed status collection is still running; using process-only fallback.] | last click/Left@1143,106 (22s ago), fg ? | at FillTextFieldAsync: type text (21s ago)
2026-06-25 16:58:11Z hc3 (D2R_3): frame CharacterScreen (43s ago) [degraded: Detailed status collection is still running; using process-only fallback.] | last click/Left@1143,106 (35s ago), fg ? | at FillTextFieldAsync: type text (34s ago)
2026-06-25 16:58:13Z hc1 (D2R_1): frame CharacterScreen (42s ago) [degraded: UI command is active; using process-only status so diagnostics cannot starve menu input.] | last click/Left@1045,475 (31s ago), fg ? | at WaitForGameEntryAsync: poll iteration 2, checking connection interruption (0s ago)
2026-06-25 16:58:13Z hc2 (D2R_2): frame CharacterMenu (33s ago) [degraded: Detailed status collection is still running; using process-only fallback.] | last click/Left@1143,106 (24s ago), fg ? | at FillTextFieldAsync: type text (24s ago)
2026-06-25 16:58:13Z hc3 (D2R_3): frame CharacterScreen (46s ago) [degraded: Detailed status collection is still running; using process-only fallback.] | last click/Left@1143,106 (37s ago), fg ? | at FillTextFieldAsync: type text (37s ago)
2026-06-25 16:58:20Z hc1 (D2R_1): frame CharacterScreen (45s ago) [degraded: UI command is active; using process-only status so diagnostics cannot starve menu input.] | last click/Left@1045,475 (34s ago), fg ? | at WaitForGameEntryAsync: poll iteration 2, checking game-entry error dialog (1s ago)
2026-06-25 16:58:20Z hc2 (D2R_2): frame CharacterMenu (35s ago) [degraded: Detailed status collection is still running; using process-only fallback.] | last click/Left@1143,106 (26s ago), fg ? | at FillTextFieldAsync: type text (26s ago)
2026-06-25 16:58:20Z hc3 (D2R_3): frame LobbyOrGame (4s ago) [degraded: Detailed status collection did not return within 4s; using process-only fallback.] | last click/Left@1143,106 (43s ago), fg ? | at FillTextFieldAsync: type text (43s ago)
2026-06-25 16:58:26Z hc1 (D2R_1): frame CharacterScreen (51s ago) [degraded: UI command is active; using process-only status so diagnostics cannot starve menu input.] | last click/Left@1045,475 (40s ago), fg ? | at WaitForGameEntryAsync: poll iteration 2, checking lobby menu return (2s ago)
2026-06-25 16:58:26Z hc2 (D2R_2): frame LobbyOrGame (7s ago) [degraded: Detailed status collection did not return within 4s; using process-only fallback.] | last click/Left@1143,106 (37s ago), fg ? | at FillTextFieldAsync: type text (36s ago)
2026-06-25 16:58:26Z hc3 (D2R_3): frame LobbyOrGame (7s ago) [degraded: Detailed status collection recently exceeded its budget; using process-only fallback.] | last click/Left@1143,106 (46s ago), fg ? | at FillTextFieldAsync: type text (45s ago)
2026-06-25 16:58:28Z hc1 (D2R_1): frame CharacterScreen (57s ago) [degraded: UI command is active; using process-only status so diagnostics cannot starve menu input.] | last click/Left@1045,475 (46s ago), fg ? | at WaitForGameEntryAsync: poll iteration 2, checking lobby menu return (8s ago)
2026-06-25 16:58:28Z hc2 (D2R_2): frame LobbyOrGame (9s ago) [degraded: Detailed status collection recently exceeded its budget; using process-only fallback.] | last click/Left@1143,106 (39s ago), fg ? | at FillTextFieldAsync: type text (39s ago)
2026-06-25 16:58:28Z hc3 (D2R_3): frame LobbyOrGame (13s ago) [degraded: Detailed status collection recently exceeded its budget; using process-only fallback.] | last click/Left@1143,106 (52s ago), fg ? | at FillTextFieldAsync: type text (52s ago)
2026-06-25 16:58:31Z hc1 (D2R_1): frame CharacterScreen (59s ago) [degraded: UI command is active; using process-only status so diagnostics cannot starve menu input.] | last click/Left@1045,475 (48s ago), fg ? | at WaitForGameEntryAsync: poll iteration 2, checking lobby menu return (11s ago)
2026-06-25 16:58:31Z hc2 (D2R_2): frame LobbyOrGame (11s ago) [degraded: Detailed status collection recently exceeded its budget; using process-only fallback.] | last click/Left@1143,106 (41s ago), fg ? | at FillTextFieldAsync: type text (41s ago)
2026-06-25 16:58:31Z hc3 (D2R_3): frame LobbyOrGame (15s ago) [degraded: Detailed status collection recently exceeded its budget; using process-only fallback.] | last click/Left@1143,106 (54s ago), fg ? | at FillTextFieldAsync: type text (54s ago)
2026-06-25 16:58:33Z hc1 (D2R_1): frame CharacterScreen (1m2s ago) [degraded: UI command is active; using process-only status so diagnostics cannot starve menu input.] | last click/Left@1045,475 (51s ago), fg ? | at WaitForGameEntryAsync: poll iteration 2, checking lobby menu return (13s ago)
2026-06-25 16:58:33Z hc2 (D2R_2): frame LobbyOrGame (14s ago) [degraded: Detailed status collection recently exceeded its budget; using process-only fallback.] | last click/Left@1143,106 (44s ago), fg ? | at FillTextFieldAsync: type text (43s ago)
2026-06-25 16:58:33Z hc3 (D2R_3): frame LobbyOrGame (18s ago) [degraded: Detailed status collection recently exceeded its budget; using process-only fallback.] | last click/Left@1143,106 (57s ago), fg ? | at FillTextFieldAsync: type text (56s ago)
2026-06-25 16:58:35Z hc1 (D2R_1): frame CharacterScreen (1m4s ago) [degraded: UI command is active; using process-only status so diagnostics cannot starve menu input.] | last click/Left@1045,475 (53s ago), fg ? | at WaitForGameEntryAsync: poll iteration 2, checking lobby menu return (15s ago)
2026-06-25 16:58:35Z hc2 (D2R_2): frame LobbyOrGame (16s ago) [degraded: Detailed status collection recently exceeded its budget; using process-only fallback.] | last click/Left@1143,106 (46s ago), fg ? | at FillTextFieldAsync: type text (46s ago)
2026-06-25 16:58:35Z hc3 (D2R_3): frame LobbyOrGame (20s ago) [degraded: Detailed status collection is still running; using process-only fallback.] | last click/Left@1143,106 (59s ago), fg ? | at FillTextFieldAsync: type text (59s ago)
2026-06-25 16:58:37Z hc1 (D2R_1): frame CharacterScreen (1m6s ago) [degraded: UI command is active; using process-only status so diagnostics cannot starve menu input.] | last click/Left@1045,475 (55s ago), fg ? | at WaitForGameEntryAsync: poll iteration 2, checking lobby menu return (18s ago)
2026-06-25 16:58:37Z hc2 (D2R_2): frame LobbyOrGame (18s ago) [degraded: Detailed status collection recently exceeded its budget; using process-only fallback.] | last click/Left@1143,106 (48s ago), fg ? | at FillTextFieldAsync: type text (48s ago)
2026-06-25 16:58:37Z hc3 (D2R_3): frame LobbyOrGame (22s ago) [degraded: Detailed status collection is still running; using process-only fallback.] | last click/Left@1143,106 (1m1s ago), fg ? | at FillTextFieldAsync: type text (1m1s ago)
2026-06-25 16:58:40Z hc1 (D2R_1): frame CharacterScreen (1m9s ago) [degraded: UI command is active; using process-only status so diagnostics cannot starve menu input.] | last click/Left@1045,475 (58s ago), fg ? | at WaitForGameEntryAsync: poll iteration 2, checking lobby menu return (20s ago)
2026-06-25 16:58:40Z hc2 (D2R_2): frame LobbyOrGame (21s ago) [degraded: Detailed status collection recently exceeded its budget; using process-only fallback.] | last click/Left@1143,106 (51s ago), fg ? | at FillTextFieldAsync: type text (50s ago)
2026-06-25 16:58:40Z hc3 (D2R_3): frame LobbyOrGame (25s ago) [degraded: Detailed status collection is still running; using process-only fallback.] | last click/Left@1143,106 (1m4s ago), fg ? | at FillTextFieldAsync: type text (1m3s ago)
2026-06-25 16:58:42Z hc1 (D2R_1): frame CharacterScreen (1m11s ago) [degraded: UI command is active; using process-only status so diagnostics cannot starve menu input.] | last click/Left@1045,475 (1m0s ago), fg ? | at WaitForGameEntryAsync: poll iteration 2, checking lobby menu return (22s ago)
2026-06-25 16:58:42Z hc2 (D2R_2): frame LobbyOrGame (23s ago) [degraded: Detailed status collection is still running; using process-only fallback.] | last click/Left@1143,106 (53s ago), fg ? | at FillTextFieldAsync: type text (53s ago)
2026-06-25 16:58:42Z hc3 (D2R_3): frame LobbyOrGame (27s ago) [degraded: Detailed status collection is still running; using process-only fallback.] | last click/Left@1143,106 (1m6s ago), fg ? | at FillTextFieldAsync: type text (1m6s ago)
2026-06-25 16:58:44Z hc1 (D2R_1): frame CharacterScreen (1m13s ago) [degraded: UI command is active; using process-only status so diagnostics cannot starve menu input.] | last click/Left@1045,475 (1m2s ago), fg ? | at WaitForGameEntryAsync: poll iteration 2, checking lobby menu return (25s ago)
2026-06-25 16:58:44Z hc2 (D2R_2): frame LobbyOrGame (25s ago) [degraded: Detailed status collection is still running; using process-only fallback.] | last click/Left@1143,106 (55s ago), fg ? | at FillTextFieldAsync: type text (55s ago)
2026-06-25 16:58:44Z hc3 (D2R_3): frame LobbyOrGame (29s ago) [degraded: Detailed status collection is still running; using process-only fallback.] | last click/Left@1143,106 (1m8s ago), fg ? | at FillTextFieldAsync: type text (1m8s ago)
2026-06-25 16:58:47Z hc1 (D2R_1): frame CharacterScreen (1m15s ago) [degraded: UI command is active; using process-only status so diagnostics cannot starve menu input.] | last click/Left@1045,475 (1m4s ago), fg ? | at WaitForGameEntryAsync: poll iteration 2, checking lobby menu return (27s ago)
2026-06-25 16:58:47Z hc2 (D2R_2): frame LobbyOrGame (28s ago) [degraded: Detailed status collection is still running; using process-only fallback.] | last click/Left@1143,106 (57s ago), fg ? | at FillTextFieldAsync: type text (57s ago)
2026-06-25 16:58:47Z hc3 (D2R_3): frame LobbyOrGame (32s ago) [degraded: Detailed status collection is still running; using process-only fallback.] | last click/Left@1143,106 (1m11s ago), fg ? | at FillTextFieldAsync: type text (1m10s ago)
2026-06-25 16:58:49Z hc1 (D2R_1): frame CharacterScreen (1m18s ago) [degraded: UI command is active; using process-only status so diagnostics cannot starve menu input.] | last click/Left@1045,475 (1m7s ago), fg ? | at WaitForGameEntryAsync: poll iteration 2, checking lobby menu return (29s ago)
2026-06-25 16:58:49Z hc2 (D2R_2): frame LobbyOrGame (30s ago) [degraded: Detailed status collection is still running; using process-only fallback.] | last click/Left@1143,106 (1m0s ago), fg ? | at FillTextFieldAsync: type text (59s ago)
2026-06-25 16:58:49Z hc3 (D2R_3): frame LobbyOrGame (34s ago) [degraded: Detailed status collection is still running; using process-only fallback.] | last click/Left@1143,106 (1m13s ago), fg ? | at FillTextFieldAsync: type text (1m12s ago)
2026-06-25 16:58:51Z hc1 (D2R_1): frame CharacterScreen (1m20s ago) [degraded: UI command is active; using process-only status so diagnostics cannot starve menu input.] | last click/Left@1045,475 (1m9s ago), fg ? | at WaitForGameEntryAsync: poll iteration 2, checking lobby menu return (31s ago)
2026-06-25 16:58:51Z hc2 (D2R_2): frame LobbyOrGame (32s ago) [degraded: Detailed status collection is still running; using process-only fallback.] | last click/Left@1143,106 (1m2s ago), fg ? | at FillTextFieldAsync: type text (1m2s ago)
2026-06-25 16:58:51Z hc3 (D2R_3): frame LobbyOrGame (36s ago) [degraded: Detailed status collection is still running; using process-only fallback.] | last click/Left@1143,106 (1m15s ago), fg ? | at FillTextFieldAsync: type text (1m15s ago)
2026-06-25 16:58:53Z hc1 (D2R_1): frame CharacterScreen (1m22s ago) [degraded: UI command is active; using process-only status so diagnostics cannot starve menu input.] | last click/Left@1045,475 (1m11s ago), fg ? | at WaitForGameEntryAsync: poll iteration 2, checking lobby menu return (34s ago)
2026-06-25 16:58:53Z hc2 (D2R_2): frame LobbyOrGame (34s ago) [degraded: Detailed status collection is still running; using process-only fallback.] | last click/Left@1143,106 (1m4s ago), fg ? | at FillTextFieldAsync: type text (1m4s ago)
2026-06-25 16:58:53Z hc3 (D2R_3): frame LobbyOrGame (38s ago) [degraded: Detailed status collection is still running; using process-only fallback.] | last click/Left@1143,106 (1m17s ago), fg ? | at FillTextFieldAsync: type text (1m17s ago)
2026-06-25 16:58:56Z hc1 (D2R_1): frame CharacterScreen (1m24s ago) [degraded: UI command is active; using process-only status so diagnostics cannot starve menu input.] | last click/Left@1045,475 (1m13s ago), fg ? | at WaitForGameEntryAsync: poll iteration 2, checking lobby menu return (36s ago)
2026-06-25 16:58:56Z hc2 (D2R_2): frame LobbyOrGame (37s ago) [degraded: Detailed status collection is still running; using process-only fallback.] | last click/Left@1143,106 (1m6s ago), fg ? | at FillTextFieldAsync: type text (1m6s ago)
2026-06-25 16:58:56Z hc3 (D2R_3): frame LobbyOrGame (41s ago) [degraded: Detailed status collection is still running; using process-only fallback.] | last click/Left@1143,106 (1m20s ago), fg ? | at FillTextFieldAsync: type text (1m19s ago)
2026-06-25 16:58:58Z hc1 (D2R_1): frame CharacterScreen (1m27s ago) [degraded: UI command is active; using process-only status so diagnostics cannot starve menu input.] | last click/Left@1045,475 (1m16s ago), fg ? | at WaitForGameEntryAsync: poll iteration 2, checking lobby menu return (38s ago)
2026-06-25 16:58:58Z hc2 (D2R_2): frame LobbyOrGame (39s ago) [degraded: Detailed status collection is still running; using process-only fallback.] | last click/Left@1143,106 (1m9s ago), fg ? | at FillTextFieldAsync: type text (1m8s ago)
2026-06-25 16:58:58Z hc3 (D2R_3): frame LobbyOrGame (43s ago) [degraded: Detailed status collection is still running; using process-only fallback.] | last click/Left@1143,106 (1m22s ago), fg ? | at FillTextFieldAsync: type text (1m21s ago)
2026-06-25 16:59:00Z hc1 (D2R_1): frame CharacterScreen (1m29s ago) [degraded: UI command is active; using process-only status so diagnostics cannot starve menu input.] | last click/Left@1045,475 (1m18s ago), fg ? | at WaitForGameEntryAsync: poll iteration 2, checking lobby menu return (40s ago)
2026-06-25 16:59:00Z hc2 (D2R_2): frame LobbyOrGame (41s ago) [degraded: Detailed status collection is still running; using process-only fallback.] | last click/Left@1143,106 (1m11s ago), fg ? | at FillTextFieldAsync: type text (1m11s ago)
2026-06-25 16:59:00Z hc3 (D2R_3): frame LobbyOrGame (45s ago) [degraded: Detailed status collection is still running; using process-only fallback.] | last click/Left@1143,106 (1m24s ago), fg ? | at FillTextFieldAsync: type text (1m24s ago)
2026-06-25 16:59:02Z hc1 (D2R_1): frame CharacterScreen (1m31s ago) [degraded: UI command is active; using process-only status so diagnostics cannot starve menu input.] | last click/Left@1045,475 (1m20s ago), fg ? | at WaitForGameEntryAsync: poll iteration 2, checking lobby menu return (43s ago)
2026-06-25 16:59:02Z hc2 (D2R_2): frame LobbyOrGame (44s ago) [degraded: Detailed status collection is still running; using process-only fallback.] | last click/Left@1143,106 (1m13s ago), fg ? | at FillTextFieldAsync: type text (1m13s ago)
2026-06-25 16:59:02Z hc3 (D2R_3): frame LobbyOrGame (47s ago) [degraded: Detailed status collection is still running; using process-only fallback.] | last click/Left@1143,106 (1m26s ago), fg ? | at FillTextFieldAsync: type text (1m26s ago)
2026-06-25 16:59:05Z hc1 (D2R_1): frame CharacterScreen (1m34s ago) [degraded: UI command is active; using process-only status so diagnostics cannot starve menu input.] | last click/Left@1045,475 (1m22s ago), fg ? | at WaitForGameEntryAsync: poll iteration 2, checking lobby menu return (45s ago)
2026-06-25 16:59:05Z hc2 (D2R_2): frame LobbyOrGame (46s ago) [degraded: Detailed status collection is still running; using process-only fallback.] | last click/Left@1143,106 (1m16s ago), fg ? | at FillTextFieldAsync: type text (1m15s ago)
2026-06-25 16:59:05Z hc3 (D2R_3): frame LobbyOrGame (50s ago) [degraded: Detailed status collection is still running; using process-only fallback.] | last click/Left@1143,106 (1m29s ago), fg ? | at FillTextFieldAsync: type text (1m28s ago)
2026-06-25 16:59:07Z hc1 (D2R_1): frame CharacterScreen (1m36s ago) [degraded: UI command is active; using process-only status so diagnostics cannot starve menu input.] | last click/Left@1045,475 (1m25s ago), fg ? | at WaitForGameEntryAsync: poll iteration 2, checking lobby menu return (47s ago)
2026-06-25 16:59:07Z hc2 (D2R_2): frame LobbyOrGame (48s ago) [degraded: Detailed status collection is still running; using process-only fallback.] | last click/Left@1143,106 (1m18s ago), fg ? | at FillTextFieldAsync: type text (1m17s ago)
2026-06-25 16:59:07Z hc3 (D2R_3): frame LobbyOrGame (52s ago) [degraded: Detailed status collection is still running; using process-only fallback.] | last click/Left@1143,106 (1m31s ago), fg ? | at FillTextFieldAsync: type text (1m30s ago)
2026-06-25 16:59:09Z hc1 (D2R_1): frame CharacterScreen (1m38s ago) [degraded: UI command is active; using process-only status so diagnostics cannot starve menu input.] | last click/Left@1045,475 (1m27s ago), fg ? | at WaitForGameEntryAsync: poll iteration 2, checking lobby menu return (49s ago)
2026-06-25 16:59:09Z hc2 (D2R_2): frame LobbyOrGame (50s ago) [degraded: Detailed status collection is still running; using process-only fallback.] | last click/Left@1143,106 (1m20s ago), fg ? | at FillTextFieldAsync: type text (1m20s ago)
2026-06-25 16:59:09Z hc3 (D2R_3): frame LobbyOrGame (54s ago) [degraded: Detailed status collection is still running; using process-only fallback.] | last click/Left@1143,106 (1m33s ago), fg ? | at FillTextFieldAsync: type text (1m33s ago)
2026-06-25 16:59:12Z hc1 (D2R_1): frame CharacterScreen (1m40s ago) [degraded: UI command is active; using process-only status so diagnostics cannot starve menu input.] | last click/Left@1045,475 (1m29s ago), fg ? | at WaitForGameEntryAsync: poll iteration 2, checking lobby menu return (52s ago)
2026-06-25 16:59:12Z hc2 (D2R_2): frame LobbyOrGame (53s ago) [degraded: Detailed status collection is still running; using process-only fallback.] | last click/Left@1143,106 (1m22s ago), fg ? | at FillTextFieldAsync: type text (1m22s ago)
2026-06-25 16:59:12Z hc3 (D2R_3): frame LobbyOrGame (56s ago) [degraded: Detailed status collection is still running; using process-only fallback.] | last click/Left@1143,106 (1m35s ago), fg ? | at FillTextFieldAsync: type text (1m35s ago)
2026-06-25 16:59:14Z hc1 (D2R_1): frame CharacterScreen (1m43s ago) [degraded: UI command is active; using process-only status so diagnostics cannot starve menu input.] | last click/Left@1045,475 (1m32s ago), fg ? | at WaitForGameEntryAsync: poll iteration 2, checking lobby menu return (54s ago)
2026-06-25 16:59:14Z hc2 (D2R_2): frame LobbyOrGame (55s ago) [degraded: Detailed status collection is still running; using process-only fallback.] | last click/Left@1143,106 (1m25s ago), fg ? | at FillTextFieldAsync: type text (1m24s ago)
2026-06-25 16:59:14Z hc3 (D2R_3): frame LobbyOrGame (59s ago) [degraded: Detailed status collection is still running; using process-only fallback.] | last click/Left@1143,106 (1m38s ago), fg ? | at FillTextFieldAsync: type text (1m37s ago)
2026-06-25 16:59:16Z hc1 (D2R_1): frame CharacterScreen (1m45s ago) [degraded: UI command is active; using process-only status so diagnostics cannot starve menu input.] | last click/Left@1045,475 (1m34s ago), fg ? | at WaitForGameEntryAsync: poll iteration 2, checking lobby menu return (56s ago)
2026-06-25 16:59:16Z hc2 (D2R_2): frame LobbyOrGame (57s ago) [degraded: Detailed status collection is still running; using process-only fallback.] | last click/Left@1143,106 (1m27s ago), fg ? | at FillTextFieldAsync: type text (1m26s ago)
2026-06-25 16:59:16Z hc3 (D2R_3): frame LobbyOrGame (1m1s ago) [degraded: Detailed status collection is still running; using process-only fallback.] | last click/Left@1143,106 (1m40s ago), fg ? | at FillTextFieldAsync: type text (1m40s ago)
2026-06-25 16:59:18Z hc1 (D2R_1): frame CharacterScreen (1m47s ago) [degraded: UI command is active; using process-only status so diagnostics cannot starve menu input.] | last click/Left@1045,475 (1m36s ago), fg ? | at WaitForGameEntryAsync: poll iteration 2, checking lobby menu return (58s ago)
2026-06-25 16:59:18Z hc2 (D2R_2): frame LobbyOrGame (59s ago) [degraded: Detailed status collection is still running; using process-only fallback.] | last click/Left@1143,106 (1m29s ago), fg ? | at FillTextFieldAsync: type text (1m29s ago)
2026-06-25 16:59:18Z hc3 (D2R_3): frame LobbyOrGame (1m3s ago) [degraded: Detailed status collection is still running; using process-only fallback.] | last click/Left@1143,106 (1m42s ago), fg ? | at FillTextFieldAsync: type text (1m42s ago)
2026-06-25 16:59:21Z hc1 (D2R_1): frame CharacterScreen (1m49s ago) [degraded: UI command is active; using process-only status so diagnostics cannot starve menu input.] | last click/Left@1045,475 (1m38s ago), fg ? | at WaitForGameEntryAsync: poll iteration 2, checking lobby menu return (1m1s ago)
2026-06-25 16:59:21Z hc2 (D2R_2): frame LobbyOrGame (1m2s ago) [degraded: Detailed status collection is still running; using process-only fallback.] | last click/Left@1143,106 (1m31s ago), fg ? | at FillTextFieldAsync: type text (1m31s ago)
2026-06-25 16:59:21Z hc3 (D2R_3): frame LobbyOrGame (1m5s ago) [degraded: Detailed status collection is still running; using process-only fallback.] | last click/Left@1143,106 (1m44s ago), fg ? | at FillTextFieldAsync: type text (1m44s ago)
2026-06-25 16:59:23Z hc1 (D2R_1): frame CharacterScreen (1m52s ago) [degraded: UI command is active; using process-only status so diagnostics cannot starve menu input.] | last click/Left@1045,475 (1m41s ago), fg ? | at WaitForGameEntryAsync: poll iteration 2, checking lobby menu return (1m3s ago)
2026-06-25 16:59:23Z hc2 (D2R_2): frame LobbyOrGame (1m4s ago) [degraded: Detailed status collection is still running; using process-only fallback.] | last click/Left@1143,106 (1m34s ago), fg ? | at FillTextFieldAsync: type text (1m33s ago)
2026-06-25 16:59:23Z hc3 (D2R_3): frame LobbyOrGame (1m8s ago) [degraded: Detailed status collection is still running; using process-only fallback.] | last click/Left@1143,106 (1m47s ago), fg ? | at FillTextFieldAsync: type text (1m46s ago)
2026-06-25 16:59:25Z hc1 (D2R_1): frame CharacterScreen (1m54s ago) [degraded: UI command is active; using process-only status so diagnostics cannot starve menu input.] | last click/Left@1045,475 (1m43s ago), fg ? | at WaitForGameEntryAsync: poll iteration 2, checking lobby menu return (1m5s ago)
2026-06-25 16:59:25Z hc2 (D2R_2): frame LobbyOrGame (1m6s ago) [degraded: Detailed status collection is still running; using process-only fallback.] | last click/Left@1143,106 (1m36s ago), fg ? | at FillTextFieldAsync: type text (1m35s ago)
2026-06-25 16:59:25Z hc3 (D2R_3): frame LobbyOrGame (1m10s ago) [degraded: Detailed status collection is still running; using process-only fallback.] | last click/Left@1143,106 (1m49s ago), fg ? | at FillTextFieldAsync: type text (1m49s ago)
2026-06-25 16:59:27Z hc1 (D2R_1): frame CharacterScreen (1m56s ago) [degraded: UI command is active; using process-only status so diagnostics cannot starve menu input.] | last click/Left@1045,475 (1m45s ago), fg ? | at WaitForGameEntryAsync: poll iteration 2, checking lobby menu return (1m8s ago)
2026-06-25 16:59:27Z hc2 (D2R_2): frame LobbyOrGame (1m8s ago) [degraded: Detailed status collection is still running; using process-only fallback.] | last click/Left@1143,106 (1m38s ago), fg ? | at FillTextFieldAsync: type text (1m38s ago)
2026-06-25 16:59:27Z hc3 (D2R_3): frame LobbyOrGame (1m12s ago) [degraded: Detailed status collection is still running; using process-only fallback.] | last click/Left@1143,106 (1m51s ago), fg ? | at FillTextFieldAsync: type text (1m51s ago)
2026-06-25 16:59:30Z hc1 (D2R_1): frame CharacterScreen (1m58s ago) [degraded: UI command is active; using process-only status so diagnostics cannot starve menu input.] | last click/Left@1045,475 (1m47s ago), fg ? | at WaitForGameEntryAsync: poll iteration 2, checking lobby menu return (1m10s ago)
2026-06-25 16:59:30Z hc2 (D2R_2): frame LobbyOrGame (1m11s ago) [degraded: Detailed status collection is still running; using process-only fallback.] | last click/Left@1143,106 (1m40s ago), fg ? | at FillTextFieldAsync: type text (1m40s ago)
2026-06-25 16:59:30Z hc3 (D2R_3): frame LobbyOrGame (1m15s ago) [degraded: Detailed status collection is still running; using process-only fallback.] | last click/Left@1143,106 (1m54s ago), fg ? | at FillTextFieldAsync: type text (1m53s ago)
2026-06-25 16:59:32Z hc1 (D2R_1): frame CharacterScreen (2m1s ago) [degraded: UI command is active; using process-only status so diagnostics cannot starve menu input.] | last click/Left@1045,475 (1m50s ago), fg ? | at WaitForGameEntryAsync: poll iteration 2, checking lobby menu return (1m12s ago)
2026-06-25 16:59:32Z hc2 (D2R_2): frame LobbyOrGame (1m13s ago) [degraded: Detailed status collection is still running; using process-only fallback.] | last click/Left@1143,106 (1m43s ago), fg ? | at FillTextFieldAsync: type text (1m42s ago)
2026-06-25 16:59:32Z hc3 (D2R_3): frame LobbyOrGame (1m17s ago) [degraded: Detailed status collection is still running; using process-only fallback.] | last click/Left@1143,106 (1m56s ago), fg ? | at FillTextFieldAsync: type text (1m55s ago)
2026-06-25 16:59:34Z hc1 (D2R_1): frame CharacterScreen (2m3s ago) [degraded: UI command is active; using process-only status so diagnostics cannot starve menu input.] | last click/Left@1045,475 (1m52s ago), fg ? | at WaitForGameEntryAsync: poll iteration 2, checking lobby menu return (1m14s ago)
2026-06-25 16:59:34Z hc2 (D2R_2): frame LobbyOrGame (1m15s ago) [degraded: Detailed status collection is still running; using process-only fallback.] | last click/Left@1143,106 (1m45s ago), fg ? | at FillTextFieldAsync: type text (1m45s ago)
2026-06-25 16:59:34Z hc3 (D2R_3): frame LobbyOrGame (1m19s ago) [degraded: Detailed status collection is still running; using process-only fallback.] | last click/Left@1143,106 (1m58s ago), fg ? | at FillTextFieldAsync: type text (1m58s ago)
2026-06-25 16:59:36Z hc1 (D2R_1): frame CharacterScreen (2m5s ago) [degraded: UI command is active; using process-only status so diagnostics cannot starve menu input.] | last click/Left@1045,475 (1m54s ago), fg ? | at WaitForGameEntryAsync: poll iteration 2, checking lobby menu return (1m17s ago)
2026-06-25 16:59:36Z hc2 (D2R_2): frame LobbyOrGame (1m17s ago) [degraded: Detailed status collection is still running; using process-only fallback.] | last click/Left@1143,106 (1m47s ago), fg ? | at FillTextFieldAsync: type text (1m47s ago)
2026-06-25 16:59:36Z hc3 (D2R_3): frame LobbyOrGame (1m21s ago) [degraded: Detailed status collection is still running; using process-only fallback.] | last click/Left@1143,106 (2m0s ago), fg ? | at FillTextFieldAsync: type text (2m0s ago)
2026-06-25 16:59:39Z hc1 (D2R_1): frame CharacterScreen (2m7s ago) [degraded: UI command is active; using process-only status so diagnostics cannot starve menu input.] | last click/Left@1045,475 (1m56s ago), fg ? | at WaitForGameEntryAsync: poll iteration 2, checking lobby menu return (1m19s ago)
2026-06-25 16:59:39Z hc2 (D2R_2): frame LobbyOrGame (1m20s ago) [degraded: Detailed status collection is still running; using process-only fallback.] | last click/Left@1143,106 (1m49s ago), fg ? | at FillTextFieldAsync: type text (1m49s ago)
2026-06-25 16:59:39Z hc3 (D2R_3): frame LobbyOrGame (1m24s ago) [degraded: Detailed status collection is still running; using process-only fallback.] | last click/Left@1143,106 (2m3s ago), fg ? | at FillTextFieldAsync: type text (2m2s ago)
2026-06-25 16:59:41Z hc1 (D2R_1): frame CharacterScreen (2m10s ago) [degraded: UI command is active; using process-only status so diagnostics cannot starve menu input.] | last click/Left@1045,475 (1m59s ago), fg ? | at WaitForGameEntryAsync: poll iteration 2, checking lobby menu return (1m21s ago)
2026-06-25 16:59:41Z hc2 (D2R_2): frame LobbyOrGame (1m22s ago) [degraded: Detailed status collection is still running; using process-only fallback.] | last click/Left@1143,106 (1m52s ago), fg ? | at FillTextFieldAsync: type text (1m51s ago)
2026-06-25 16:59:41Z hc3 (D2R_3): frame LobbyOrGame (1m26s ago) [degraded: Detailed status collection is still running; using process-only fallback.] | last click/Left@1143,106 (2m5s ago), fg ? | at FillTextFieldAsync: type text (2m4s ago)
2026-06-25 16:59:43Z hc1 (D2R_1): frame CharacterScreen (2m12s ago) [degraded: UI command is active; using process-only status so diagnostics cannot starve menu input.] | last click/Left@1045,475 (2m1s ago), fg ? | at WaitForGameEntryAsync: poll iteration 2, checking lobby menu return (1m23s ago)
2026-06-25 16:59:43Z hc2 (D2R_2): frame LobbyOrGame (1m24s ago) [degraded: Detailed status collection is still running; using process-only fallback.] | last click/Left@1143,106 (1m54s ago), fg ? | at FillTextFieldAsync: type text (1m54s ago)
2026-06-25 16:59:43Z hc3 (D2R_3): frame LobbyOrGame (1m28s ago) [degraded: Detailed status collection is still running; using process-only fallback.] | last click/Left@1143,106 (2m7s ago), fg ? | at FillTextFieldAsync: type text (2m7s ago)
2026-06-25 16:59:45Z hc1 (D2R_1): frame CharacterScreen (2m14s ago) [degraded: UI command is active; using process-only status so diagnostics cannot starve menu input.] | last click/Left@1045,475 (2m3s ago), fg ? | at WaitForGameEntryAsync: poll iteration 2, checking lobby menu return (1m26s ago)
2026-06-25 16:59:45Z hc2 (D2R_2): frame LobbyOrGame (1m27s ago) [degraded: Detailed status collection is still running; using process-only fallback.] | last click/Left@1143,106 (1m56s ago), fg ? | at FillTextFieldAsync: type text (1m56s ago)
2026-06-25 16:59:45Z hc3 (D2R_3): frame LobbyOrGame (1m30s ago) [degraded: Detailed status collection is still running; using process-only fallback.] | last click/Left@1143,106 (2m9s ago), fg ? | at FillTextFieldAsync: type text (2m9s ago)
2026-06-25 16:59:48Z hc1 (D2R_1): frame CharacterScreen (2m16s ago) [degraded: UI command is active; using process-only status so diagnostics cannot starve menu input.] | last click/Left@1045,475 (2m5s ago), fg ? | at WaitForGameEntryAsync: poll iteration 2, checking lobby menu return (1m28s ago)
2026-06-25 16:59:48Z hc2 (D2R_2): frame LobbyOrGame (1m29s ago) [degraded: Detailed status collection is still running; using process-only fallback.] | last click/Left@1143,106 (1m59s ago), fg ? | at FillTextFieldAsync: type text (1m58s ago)
2026-06-25 16:59:48Z hc3 (D2R_3): frame LobbyOrGame (1m33s ago) [degraded: Detailed status collection is still running; using process-only fallback.] | last click/Left@1143,106 (2m12s ago), fg ? | at FillTextFieldAsync: type text (2m11s ago)
2026-06-25 16:59:50Z hc1 (D2R_1): frame CharacterScreen (2m19s ago) [degraded: UI command is active; using process-only status so diagnostics cannot starve menu input.] | last click/Left@1045,475 (2m8s ago), fg ? | at WaitForGameEntryAsync: poll iteration 2, checking lobby menu return (1m30s ago)
2026-06-25 16:59:50Z hc2 (D2R_2): frame LobbyOrGame (1m31s ago) [degraded: Detailed status collection is still running; using process-only fallback.] | last click/Left@1143,106 (2m1s ago), fg ? | at FillTextFieldAsync: type text (2m0s ago)
2026-06-25 16:59:50Z hc3 (D2R_3): frame LobbyOrGame (1m35s ago) [degraded: Detailed status collection is still running; using process-only fallback.] | last click/Left@1143,106 (2m14s ago), fg ? | at FillTextFieldAsync: type text (2m13s ago)
2026-06-25 16:59:52Z hc1 (D2R_1): frame CharacterScreen (2m21s ago) [degraded: UI command is active; using process-only status so diagnostics cannot starve menu input.] | last click/Left@1045,475 (2m10s ago), fg ? | at WaitForGameEntryAsync: poll iteration 2, checking lobby menu return (1m32s ago)
2026-06-25 16:59:52Z hc2 (D2R_2): frame LobbyOrGame (1m33s ago) [degraded: Detailed status collection is still running; using process-only fallback.] | last click/Left@1143,106 (2m3s ago), fg ? | at FillTextFieldAsync: type text (2m3s ago)
2026-06-25 16:59:52Z hc3 (D2R_3): frame LobbyOrGame (1m37s ago) [degraded: Detailed status collection is still running; using process-only fallback.] | last click/Left@1143,106 (2m16s ago), fg ? | at FillTextFieldAsync: type text (2m16s ago)
2026-06-25 16:59:54Z hc1 (D2R_1): frame CharacterScreen (2m23s ago) [degraded: UI command is active; using process-only status so diagnostics cannot starve menu input.] | last click/Left@1045,475 (2m12s ago), fg ? | at WaitForGameEntryAsync: poll iteration 2, checking lobby menu return (1m35s ago)
2026-06-25 16:59:54Z hc2 (D2R_2): frame LobbyOrGame (1m36s ago) [degraded: Detailed status collection is still running; using process-only fallback.] | last click/Left@1143,106 (2m5s ago), fg ? | at FillTextFieldAsync: type text (2m5s ago)
2026-06-25 16:59:54Z hc3 (D2R_3): frame LobbyOrGame (1m39s ago) [degraded: Detailed status collection is still running; using process-only fallback.] | last click/Left@1143,106 (2m18s ago), fg ? | at FillTextFieldAsync: type text (2m18s ago)
2026-06-25 16:59:57Z hc1 (D2R_1): frame CharacterScreen (2m26s ago) [degraded: UI command is active; using process-only status so diagnostics cannot starve menu input.] | last click/Left@1045,475 (2m15s ago), fg ? | at WaitForGameEntryAsync: poll iteration 2, checking lobby menu return (1m37s ago)
2026-06-25 16:59:57Z hc2 (D2R_2): frame LobbyOrGame (1m38s ago) [degraded: Detailed status collection is still running; using process-only fallback.] | last click/Left@1143,106 (2m8s ago), fg ? | at FillTextFieldAsync: type text (2m7s ago)
2026-06-25 16:59:57Z hc3 (D2R_3): frame LobbyOrGame (1m42s ago) [degraded: Detailed status collection is still running; using process-only fallback.] | last click/Left@1143,106 (2m21s ago), fg ? | at FillTextFieldAsync: type text (2m20s ago)
2026-06-25 16:59:59Z hc1 (D2R_1): frame CharacterScreen (2m28s ago) [degraded: UI command is active; using process-only status so diagnostics cannot starve menu input.] | last click/Left@1045,475 (2m17s ago), fg ? | at WaitForGameEntryAsync: poll iteration 2, checking lobby menu return (1m39s ago)
2026-06-25 16:59:59Z hc2 (D2R_2): frame LobbyOrGame (1m40s ago) [degraded: Detailed status collection is still running; using process-only fallback.] | last click/Left@1143,106 (2m10s ago), fg ? | at FillTextFieldAsync: type text (2m9s ago)
2026-06-25 16:59:59Z hc3 (D2R_3): frame LobbyOrGame (1m44s ago) [degraded: Detailed status collection is still running; using process-only fallback.] | last click/Left@1143,106 (2m23s ago), fg ? | at FillTextFieldAsync: type text (2m23s ago)
2026-06-25 17:00:01Z hc1 (D2R_1): frame CharacterScreen (2m30s ago) [degraded: UI command is active; using process-only status so diagnostics cannot starve menu input.] | last click/Left@1045,475 (2m19s ago), fg ? | at WaitForGameEntryAsync: poll iteration 2, checking lobby menu return (1m42s ago)
2026-06-25 17:00:01Z hc2 (D2R_2): frame LobbyOrGame (1m42s ago) [degraded: Detailed status collection is still running; using process-only fallback.] | last click/Left@1143,106 (2m12s ago), fg ? | at FillTextFieldAsync: type text (2m12s ago)
2026-06-25 17:00:01Z hc3 (D2R_3): frame LobbyOrGame (1m46s ago) [degraded: Detailed status collection is still running; using process-only fallback.] | last click/Left@1143,106 (2m25s ago), fg ? | at FillTextFieldAsync: type text (2m25s ago)
2026-06-25 17:00:04Z hc1 (D2R_1): frame CharacterScreen (2m32s ago) [degraded: UI command is active; using process-only status so diagnostics cannot starve menu input.] | last click/Left@1045,475 (2m21s ago), fg ? | at WaitForGameEntryAsync: poll iteration 2, checking lobby menu return (1m44s ago)
2026-06-25 17:00:04Z hc2 (D2R_2): frame LobbyOrGame (1m45s ago) [degraded: Detailed status collection is still running; using process-only fallback.] | last click/Left@1143,106 (2m14s ago), fg ? | at FillTextFieldAsync: type text (2m14s ago)
2026-06-25 17:00:04Z hc3 (D2R_3): frame LobbyOrGame (1m48s ago) [degraded: Detailed status collection is still running; using process-only fallback.] | last click/Left@1143,106 (2m28s ago), fg ? | at FillTextFieldAsync: type text (2m27s ago)
2026-06-25 17:00:06Z hc1 (D2R_1): frame CharacterScreen (2m35s ago) [degraded: UI command is active; using process-only status so diagnostics cannot starve menu input.] | last click/Left@1045,475 (2m24s ago), fg ? | at WaitForGameEntryAsync: poll iteration 2, checking lobby menu return (1m46s ago)
2026-06-25 17:00:06Z hc2 (D2R_2): frame LobbyOrGame (1m47s ago) [degraded: Detailed status collection is still running; using process-only fallback.] | last click/Left@1143,106 (2m17s ago), fg ? | at FillTextFieldAsync: type text (2m17s ago)
2026-06-25 17:00:06Z hc3 (D2R_3): frame LobbyOrGame (1m51s ago) [degraded: Detailed status collection is still running; using process-only fallback.] | last click/Left@1143,106 (2m30s ago), fg ? | at FillTextFieldAsync: type text (2m30s ago)
2026-06-25 17:00:09Z hc1 (D2R_1): frame CharacterScreen (2m37s ago) [degraded: UI command is active; using process-only status so diagnostics cannot starve menu input.] | last click/Left@1045,475 (2m26s ago), fg ? | at WaitForGameEntryAsync: poll iteration 2, checking lobby menu return (1m49s ago)
2026-06-25 17:00:09Z hc2 (D2R_2): frame LobbyOrGame (1m49s ago) [degraded: Detailed status collection is still running; using process-only fallback.] | last click/Left@1143,106 (2m19s ago), fg ? | at FillTextFieldAsync: type text (2m19s ago)
2026-06-25 17:00:09Z hc3 (D2R_3): frame LobbyOrGame (1m53s ago) [degraded: Detailed status collection is still running; using process-only fallback.] | last click/Left@1143,106 (2m32s ago), fg ? | at FillTextFieldAsync: type text (2m32s ago)
2026-06-25 17:00:11Z hc1 (D2R_1): frame CharacterScreen (2m40s ago) [degraded: UI command is active; using process-only status so diagnostics cannot starve menu input.] | last click/Left@1045,475 (2m29s ago), fg ? | at WaitForGameEntryAsync: poll iteration 2, checking lobby menu return (1m52s ago)
2026-06-25 17:00:11Z hc2 (D2R_2): frame LobbyOrGame (1m52s ago) [degraded: Detailed status collection is still running; using process-only fallback.] | last click/Left@1143,106 (2m22s ago), fg ? | at FillTextFieldAsync: type text (2m22s ago)
2026-06-25 17:00:11Z hc3 (D2R_3): frame LobbyOrGame (1m56s ago) [degraded: Detailed status collection is still running; using process-only fallback.] | last click/Left@1143,106 (2m35s ago), fg ? | at FillTextFieldAsync: type text (2m35s ago)
2026-06-25 17:00:14Z hc1 (D2R_1): frame CharacterScreen (2m43s ago) [degraded: UI command is active; using process-only status so diagnostics cannot starve menu input.] | last click/Left@1045,475 (2m31s ago), fg ? | at WaitForGameEntryAsync: poll iteration 2, checking lobby menu return (1m54s ago)
2026-06-25 17:00:14Z hc2 (D2R_2): frame LobbyOrGame (1m55s ago) [degraded: Detailed status collection is still running; using process-only fallback.] | last click/Left@1143,106 (2m25s ago), fg ? | at FillTextFieldAsync: type text (2m24s ago)
2026-06-25 17:00:14Z hc3 (D2R_3): frame LobbyOrGame (0s ago) [degraded: Detailed status collection is still running; using process-only fallback.] | last click/Left@1143,106 (2m38s ago), fg ? | at FillTextFieldAsync: type text (2m37s ago)
2026-06-25 17:00:20Z hc1 (D2R_1): frame CharacterScreen (2m45s ago) [degraded: UI command is active; using process-only status so diagnostics cannot starve menu input.] | last click/Left@1045,475 (2m34s ago), fg ? | at WaitForGameEntryAsync: poll iteration 2, checking lobby menu return (1m56s ago)
2026-06-25 17:00:20Z hc2 (D2R_2): frame LobbyOrGame (1m57s ago) [degraded: Detailed status collection is still running; using process-only fallback.] | last click/Left@1143,106 (2m27s ago), fg ? | at FillTextFieldAsync: type text (2m26s ago)
2026-06-25 17:00:20Z hc3 (D2R_3): frame LobbyOrGame (6s ago) [degraded: Detailed status collection did not return within 4s; using process-only fallback.] | last click/Left@1143,106 (2m44s ago), fg ? | at FillTextFieldAsync: type text (2m43s ago)
2026-06-25 17:00:22Z hc1 (D2R_1): frame CharacterScreen (2m51s ago) [degraded: UI command is active; using process-only status so diagnostics cannot starve menu input.] | last click/Left@1045,475 (2m40s ago), fg ? | at WaitForGameEntryAsync: poll iteration 2, checking lobby menu return (2m2s ago)
2026-06-25 17:00:22Z hc2 (D2R_2): frame LobbyOrGame (2m3s ago) [degraded: Detailed status collection is still running; using process-only fallback.] | last click/Left@1143,106 (2m33s ago), fg ? | at FillTextFieldAsync: type text (2m33s ago)
2026-06-25 17:00:22Z hc3 (D2R_3): frame LobbyOrGame (8s ago) [degraded: Detailed status collection recently exceeded its budget; using process-only fallback.] | last click/Left@1143,106 (2m46s ago), fg ? | at FillTextFieldAsync: type text (2m46s ago)
2026-06-25 17:00:24Z hc1 (D2R_1): frame CharacterScreen (2m53s ago) [degraded: UI command is active; using process-only status so diagnostics cannot starve menu input.] | last click/Left@1045,475 (2m42s ago), fg ? | at WaitForGameEntryAsync: poll iteration 2, checking lobby menu return (2m5s ago)
2026-06-25 17:00:24Z hc2 (D2R_2): frame LobbyOrGame (0s ago) [degraded: Detailed status collection is still running; using process-only fallback.] | last click/Left@1143,106 (2m35s ago), fg ? | at FillTextFieldAsync: type text (2m35s ago)
2026-06-25 17:00:24Z hc3 (D2R_3): frame LobbyOrGame (10s ago) [degraded: Detailed status collection recently exceeded its budget; using process-only fallback.] | last click/Left@1143,106 (2m48s ago), fg ? | at FillTextFieldAsync: type text (2m48s ago)
2026-06-25 17:00:31Z hc1 (D2R_1): frame CharacterScreen (2m56s ago) [degraded: UI command is active; using process-only status so diagnostics cannot starve menu input.] | last click/Left@1045,475 (2m45s ago), fg ? | at WaitForGameEntryAsync: poll iteration 2, checking lobby menu return (2m7s ago)
2026-06-25 17:00:31Z hc2 (D2R_2): frame LobbyOrGame (6s ago) [degraded: Detailed status collection did not return within 4s; using process-only fallback.] | last click/Left@1143,106 (2m42s ago), fg ? | at FillTextFieldAsync: type text (2m41s ago)
2026-06-25 17:00:31Z hc3 (D2R_3): frame LobbyOrGame (13s ago) [degraded: Detailed status collection recently exceeded its budget; using process-only fallback.] | last click/Left@1143,106 (2m51s ago), fg ? | at FillTextFieldAsync: type text (2m50s ago)
2026-06-25 17:00:33Z hc1 (D2R_1): frame CharacterScreen (3m2s ago) [degraded: UI command is active; using process-only status so diagnostics cannot starve menu input.] | last click/Left@1045,475 (2m51s ago), fg ? | at WaitForGameEntryAsync: poll iteration 2, checking lobby menu return (2m13s ago)
2026-06-25 17:00:33Z hc2 (D2R_2): frame LobbyOrGame (8s ago) [degraded: Detailed status collection recently exceeded its budget; using process-only fallback.] | last click/Left@1143,106 (2m44s ago), fg ? | at FillTextFieldAsync: type text (2m43s ago)
2026-06-25 17:00:33Z hc3 (D2R_3): frame LobbyOrGame (19s ago) [degraded: Detailed status collection recently exceeded its budget; using process-only fallback.] | last click/Left@1143,106 (2m57s ago), fg ? | at FillTextFieldAsync: type text (2m57s ago)
2026-06-25 17:00:35Z hc1 (D2R_1): frame CharacterScreen (3m4s ago) [degraded: UI command is active; using process-only status so diagnostics cannot starve menu input.] | last click/Left@1045,475 (2m53s ago), fg ? | at WaitForGameEntryAsync: poll iteration 2, checking lobby menu return (2m16s ago)
2026-06-25 17:00:35Z hc2 (D2R_2): frame LobbyOrGame (11s ago) [degraded: Detailed status collection recently exceeded its budget; using process-only fallback.] | last click/Left@1143,106 (2m46s ago), fg ? | at FillTextFieldAsync: type text (2m46s ago)
2026-06-25 17:00:35Z hc3 (D2R_3): frame LobbyOrGame (21s ago) [degraded: Detailed status collection is still running; using process-only fallback.] | last click/Left@1143,106 (2m59s ago), fg ? | at FillTextFieldAsync: type text (2m59s ago)
2026-06-25 17:00:38Z hc1 (D2R_1): frame CharacterScreen (3m6s ago) [degraded: UI command is active; using process-only status so diagnostics cannot starve menu input.] | last click/Left@1045,475 (2m55s ago), fg ? | at WaitForGameEntryAsync: poll iteration 2, checking lobby menu return (2m18s ago)
2026-06-25 17:00:38Z hc2 (D2R_2): frame LobbyOrGame (13s ago) [degraded: Detailed status collection recently exceeded its budget; using process-only fallback.] | last click/Left@1143,106 (2m48s ago), fg ? | at FillTextFieldAsync: type text (2m48s ago)
2026-06-25 17:00:38Z hc3 (D2R_3): frame LobbyOrGame (23s ago) [degraded: Detailed status collection is still running; using process-only fallback.] | last click/Left@1143,106 (3m2s ago), fg ? | at FillTextFieldAsync: type text (3m1s ago)
2026-06-25 17:00:40Z hc1 (D2R_1): frame CharacterScreen (3m9s ago) [degraded: UI command is active; using process-only status so diagnostics cannot starve menu input.] | last click/Left@1045,475 (2m58s ago), fg ? | at WaitForGameEntryAsync: poll iteration 2, checking lobby menu return (2m20s ago)
2026-06-25 17:00:40Z hc2 (D2R_2): frame LobbyOrGame (15s ago) [degraded: Detailed status collection recently exceeded its budget; using process-only fallback.] | last click/Left@1143,106 (2m51s ago), fg ? | at FillTextFieldAsync: type text (2m50s ago)
2026-06-25 17:00:40Z hc3 (D2R_3): frame LobbyOrGame (26s ago) [degraded: Detailed status collection is still running; using process-only fallback.] | last click/Left@1143,106 (3m4s ago), fg ? | at FillTextFieldAsync: type text (3m3s ago)
2026-06-25 17:00:42Z hc1 (D2R_1): frame CharacterScreen (3m11s ago) [degraded: UI command is active; using process-only status so diagnostics cannot starve menu input.] | last click/Left@1045,475 (3m0s ago), fg ? | at WaitForGameEntryAsync: poll iteration 2, checking lobby menu return (2m22s ago)
2026-06-25 17:00:42Z hc2 (D2R_2): frame LobbyOrGame (17s ago) [degraded: Detailed status collection recently exceeded its budget; using process-only fallback.] | last click/Left@1143,106 (2m53s ago), fg ? | at FillTextFieldAsync: type text (2m52s ago)
2026-06-25 17:00:42Z hc3 (D2R_3): frame LobbyOrGame (28s ago) [degraded: Detailed status collection is still running; using process-only fallback.] | last click/Left@1143,106 (3m6s ago), fg ? | at FillTextFieldAsync: type text (3m6s ago)
2026-06-25 17:00:44Z hc1 (D2R_1): frame CharacterScreen (3m13s ago) [degraded: UI command is active; using process-only status so diagnostics cannot starve menu input.] | last click/Left@1045,475 (3m2s ago), fg ? | at WaitForGameEntryAsync: poll iteration 2, checking lobby menu return (2m25s ago)
2026-06-25 17:00:44Z hc2 (D2R_2): frame LobbyOrGame (20s ago) [degraded: Detailed status collection recently exceeded its budget; using process-only fallback.] | last click/Left@1143,106 (2m55s ago), fg ? | at FillTextFieldAsync: type text (2m55s ago)
2026-06-25 17:00:44Z hc3 (D2R_3): frame LobbyOrGame (30s ago) [degraded: Detailed status collection is still running; using process-only fallback.] | last click/Left@1143,106 (3m8s ago), fg ? | at FillTextFieldAsync: type text (3m8s ago)
2026-06-25 17:00:47Z hc1 (D2R_1): frame CharacterScreen (3m15s ago) [degraded: UI command is active; using process-only status so diagnostics cannot starve menu input.] | last click/Left@1045,475 (3m4s ago), fg ? | at WaitForGameEntryAsync: poll iteration 2, checking lobby menu return (2m27s ago)
2026-06-25 17:00:47Z hc2 (D2R_2): frame LobbyOrGame (22s ago) [degraded: Detailed status collection is still running; using process-only fallback.] | last click/Left@1143,106 (2m57s ago), fg ? | at FillTextFieldAsync: type text (2m57s ago)
2026-06-25 17:00:47Z hc3 (D2R_3): frame LobbyOrGame (32s ago) [degraded: Detailed status collection is still running; using process-only fallback.] | last click/Left@1143,106 (3m11s ago), fg ? | at FillTextFieldAsync: type text (3m10s ago)
2026-06-25 17:00:49Z hc1 (D2R_1): frame CharacterScreen (3m18s ago) [degraded: UI command is active; using process-only status so diagnostics cannot starve menu input.] | last click/Left@1045,475 (3m7s ago), fg ? | at WaitForGameEntryAsync: poll iteration 2, checking lobby menu return (2m29s ago)
2026-06-25 17:00:49Z hc2 (D2R_2): frame LobbyOrGame (24s ago) [degraded: Detailed status collection is still running; using process-only fallback.] | last click/Left@1143,106 (3m0s ago), fg ? | at FillTextFieldAsync: type text (2m59s ago)
2026-06-25 17:00:49Z hc3 (D2R_3): frame LobbyOrGame (35s ago) [degraded: Detailed status collection is still running; using process-only fallback.] | last click/Left@1143,106 (3m13s ago), fg ? | at FillTextFieldAsync: type text (3m12s ago)
2026-06-25 17:00:51Z hc1 (D2R_1): frame CharacterScreen (3m20s ago) [degraded: UI command is active; using process-only status so diagnostics cannot starve menu input.] | last click/Left@1045,475 (3m9s ago), fg ? | at WaitForGameEntryAsync: poll iteration 2, checking lobby menu return (2m31s ago)
2026-06-25 17:00:51Z hc2 (D2R_2): frame LobbyOrGame (26s ago) [degraded: Detailed status collection is still running; using process-only fallback.] | last click/Left@1143,106 (3m2s ago), fg ? | at FillTextFieldAsync: type text (3m2s ago)
2026-06-25 17:00:51Z hc3 (D2R_3): frame LobbyOrGame (37s ago) [degraded: Detailed status collection is still running; using process-only fallback.] | last click/Left@1143,106 (3m15s ago), fg ? | at FillTextFieldAsync: type text (3m15s ago)
2026-06-25 17:00:54Z hc1 (D2R_1): frame CharacterScreen (3m22s ago) [degraded: UI command is active; using process-only status so diagnostics cannot starve menu input.] | last click/Left@1045,475 (3m11s ago), fg ? | at WaitForGameEntryAsync: poll iteration 2, checking lobby menu return (2m34s ago)
2026-06-25 17:00:54Z hc2 (D2R_2): frame LobbyOrGame (29s ago) [degraded: Detailed status collection is still running; using process-only fallback.] | last click/Left@1143,106 (3m4s ago), fg ? | at FillTextFieldAsync: type text (3m4s ago)
2026-06-25 17:00:54Z hc3 (D2R_3): frame LobbyOrGame (39s ago) [degraded: Detailed status collection is still running; using process-only fallback.] | last click/Left@1143,106 (3m17s ago), fg ? | at FillTextFieldAsync: type text (3m17s ago)
2026-06-25 17:00:56Z hc1 (D2R_1): frame CharacterScreen (3m25s ago) [degraded: UI command is active; using process-only status so diagnostics cannot starve menu input.] | last click/Left@1045,475 (3m14s ago), fg ? | at WaitForGameEntryAsync: poll iteration 2, checking lobby menu return (2m36s ago)
2026-06-25 17:00:56Z hc2 (D2R_2): frame LobbyOrGame (31s ago) [degraded: Detailed status collection is still running; using process-only fallback.] | last click/Left@1143,106 (3m7s ago), fg ? | at FillTextFieldAsync: type text (3m6s ago)
2026-06-25 17:00:56Z hc3 (D2R_3): frame LobbyOrGame (42s ago) [degraded: Detailed status collection is still running; using process-only fallback.] | last click/Left@1143,106 (3m20s ago), fg ? | at FillTextFieldAsync: type text (3m19s ago)
2026-06-25 17:00:58Z hc1 (D2R_1): frame CharacterScreen (3m27s ago) [degraded: UI command is active; using process-only status so diagnostics cannot starve menu input.] | last click/Left@1045,475 (3m16s ago), fg ? | at WaitForGameEntryAsync: poll iteration 2, checking lobby menu return (2m38s ago)
2026-06-25 17:00:58Z hc2 (D2R_2): frame LobbyOrGame (33s ago) [degraded: Detailed status collection is still running; using process-only fallback.] | last click/Left@1143,106 (3m9s ago), fg ? | at FillTextFieldAsync: type text (3m9s ago)
2026-06-25 17:00:58Z hc3 (D2R_3): frame LobbyOrGame (44s ago) [degraded: Detailed status collection is still running; using process-only fallback.] | last click/Left@1143,106 (3m22s ago), fg ? | at FillTextFieldAsync: type text (3m22s ago)
2026-06-25 17:01:01Z hc1 (D2R_1): frame CharacterScreen (3m29s ago) [degraded: UI command is active; using process-only status so diagnostics cannot starve menu input.] | last click/Left@1045,475 (3m18s ago), fg ? | at WaitForGameEntryAsync: poll iteration 2, checking lobby menu return (2m41s ago)
2026-06-25 17:01:01Z hc2 (D2R_2): frame LobbyOrGame (36s ago) [degraded: Detailed status collection is still running; using process-only fallback.] | last click/Left@1143,106 (3m11s ago), fg ? | at FillTextFieldAsync: type text (3m11s ago)
2026-06-25 17:01:01Z hc3 (D2R_3): frame LobbyOrGame (46s ago) [degraded: Detailed status collection is still running; using process-only fallback.] | last click/Left@1143,106 (3m24s ago), fg ? | at FillTextFieldAsync: type text (3m24s ago)
