2026-06-23 23:15:46Z hc1 (D2R_1): frame unknown [degraded] | last no input yet
2026-06-23 23:15:46Z hc2 (D2R_2): frame unknown [degraded] | last no input yet
2026-06-23 23:15:46Z hc3 (D2R_3): frame unknown [degraded] | last no input yet
2026-06-23 23:15:48Z hc1 (D2R_1): frame unknown [degraded] | last no input yet
2026-06-23 23:15:48Z hc2 (D2R_2): frame unknown [degraded] | last no input yet
2026-06-23 23:15:48Z hc3 (D2R_3): frame unknown [degraded] | last no input yet
2026-06-23 23:15:51Z hc1 (D2R_1): frame unknown [degraded] | last no input yet
2026-06-23 23:15:51Z hc2 (D2R_2): frame unknown [degraded] | last no input yet
2026-06-23 23:15:51Z hc3 (D2R_3): frame unknown [degraded] | last no input yet
2026-06-23 23:15:53Z hc1 (D2R_1): frame unknown [degraded] | last no input yet
2026-06-23 23:15:53Z hc2 (D2R_2): frame unknown [degraded] | last no input yet
2026-06-23 23:15:53Z hc3 (D2R_3): frame unknown [degraded] | last no input yet
2026-06-23 23:15:55Z hc1 (D2R_1): frame unknown [degraded] | last no input yet
2026-06-23 23:15:55Z hc2 (D2R_2): frame unknown [degraded] | last no input yet
2026-06-23 23:15:55Z hc3 (D2R_3): frame unknown [degraded] | last no input yet
2026-06-23 23:15:58Z hc1 (D2R_1): frame unknown [degraded] | last no input yet
2026-06-23 23:15:58Z hc2 (D2R_2): frame unknown [degraded] | last no input yet
2026-06-23 23:15:58Z hc3 (D2R_3): frame unknown [degraded] | last no input yet
2026-06-23 23:16:00Z hc1 (D2R_1): frame unknown [degraded] | last no input yet
2026-06-23 23:16:00Z hc2 (D2R_2): frame unknown [degraded] | last no input yet
2026-06-23 23:16:00Z hc3 (D2R_3): frame unknown [degraded] | last no input yet
2026-06-23 23:16:02Z hc1 (D2R_1): frame unknown [degraded] | last no input yet
2026-06-23 23:16:02Z hc2 (D2R_2): frame unknown [degraded] | last no input yet
2026-06-23 23:16:02Z hc3 (D2R_3): frame unknown [degraded] | last no input yet
2026-06-23 23:16:04Z hc1 (D2R_1): frame unknown [degraded] | last no input yet
2026-06-23 23:16:04Z hc2 (D2R_2): frame unknown [degraded] | last no input yet
2026-06-23 23:16:04Z hc3 (D2R_3): frame unknown [degraded] | last no input yet
2026-06-23 23:16:07Z hc1 (D2R_1): frame unknown [degraded] | last no input yet
2026-06-23 23:16:07Z hc2 (D2R_2): frame unknown [degraded] | last no input yet
2026-06-23 23:16:07Z hc3 (D2R_3): frame unknown [degraded] | last no input yet
2026-06-23 23:16:09Z hc1 (D2R_1): frame unknown [degraded] | last no input yet
2026-06-23 23:16:09Z hc2 (D2R_2): frame unknown [degraded] | last no input yet
2026-06-23 23:16:09Z hc3 (D2R_3): frame unknown [degraded] | last no input yet
2026-06-23 23:16:11Z hc1 (D2R_1): frame unknown [degraded] | last no input yet
2026-06-23 23:16:11Z hc2 (D2R_2): frame unknown [degraded] | last no input yet
2026-06-23 23:16:11Z hc3 (D2R_3): frame unknown [degraded] | last no input yet
2026-06-23 23:16:14Z hc1 (D2R_1): frame unknown [degraded] | last no input yet
2026-06-23 23:16:14Z hc2 (D2R_2): frame unknown [degraded] | last no input yet
2026-06-23 23:16:14Z hc3 (D2R_3): frame unknown [degraded] | last no input yet
2026-06-23 23:16:16Z hc1 (D2R_1): frame unknown [degraded] | last no input yet
2026-06-23 23:16:16Z hc2 (D2R_2): frame unknown [degraded] | last no input yet
2026-06-23 23:16:16Z hc3 (D2R_3): frame unknown [degraded] | last no input yet
2026-06-23 23:16:18Z hc1 (D2R_1): frame unknown [degraded] | last no input yet
2026-06-23 23:16:18Z hc2 (D2R_2): frame unknown [degraded] | last no input yet
2026-06-23 23:16:18Z hc3 (D2R_3): frame unknown [degraded] | last no input yet
2026-06-23 23:16:20Z hc1 (D2R_1): frame unknown [degraded] | last no input yet
2026-06-23 23:16:20Z hc2 (D2R_2): frame unknown [degraded] | last no input yet
2026-06-23 23:16:20Z hc3 (D2R_3): frame unknown [degraded] | last no input yet
2026-06-23 23:16:22Z hc1 (D2R_1): frame unknown [degraded] | last no input yet
2026-06-23 23:16:22Z hc2 (D2R_2): frame unknown [degraded] | last no input yet
2026-06-23 23:16:22Z hc3 (D2R_3): frame unknown [degraded] | last no input yet
2026-06-23 23:16:25Z hc1 (D2R_1): frame unknown [degraded] | last no input yet
2026-06-23 23:16:25Z hc2 (D2R_2): frame unknown [degraded] | last no input yet
2026-06-23 23:16:25Z hc3 (D2R_3): frame unknown [degraded] | last no input yet
2026-06-23 23:16:27Z hc1 (D2R_1): frame unknown [degraded] | last no input yet
2026-06-23 23:16:27Z hc2 (D2R_2): frame unknown [degraded] | last no input yet
2026-06-23 23:16:27Z hc3 (D2R_3): frame unknown [degraded] | last no input yet
2026-06-23 23:16:29Z hc1 (D2R_1): frame unknown [degraded] | last no input yet
2026-06-23 23:16:29Z hc2 (D2R_2): frame unknown [degraded] | last no input yet
2026-06-23 23:16:29Z hc3 (D2R_3): frame unknown [degraded] | last no input yet
2026-06-23 23:16:32Z hc1 (D2R_1): frame unknown [degraded] | last no input yet
2026-06-23 23:16:32Z hc2 (D2R_2): frame unknown [degraded] | last no input yet
2026-06-23 23:16:32Z hc3 (D2R_3): frame unknown [degraded] | last no input yet
2026-06-23 23:16:34Z hc1 (D2R_1): frame unknown [degraded] | last no input yet
2026-06-23 23:16:34Z hc2 (D2R_2): frame unknown [degraded] | last no input yet
2026-06-23 23:16:34Z hc3 (D2R_3): frame unknown [degraded] | last no input yet
2026-06-23 23:16:36Z hc1 (D2R_1): frame unknown [degraded] | last no input yet
2026-06-23 23:16:36Z hc2 (D2R_2): frame unknown [degraded] | last no input yet
2026-06-23 23:16:36Z hc3 (D2R_3): frame unknown [degraded] | last no input yet
2026-06-23 23:16:39Z hc1 (D2R_1): frame unknown [degraded] | last no input yet
2026-06-23 23:16:39Z hc2 (D2R_2): frame unknown [degraded] | last no input yet
2026-06-23 23:16:39Z hc3 (D2R_3): frame unknown [degraded] | last no input yet
2026-06-23 23:16:41Z hc1 (D2R_1): frame unknown [degraded] | last no input yet
2026-06-23 23:16:41Z hc2 (D2R_2): frame unknown [degraded] | last no input yet
2026-06-23 23:16:41Z hc3 (D2R_3): frame unknown [degraded] | last no input yet
2026-06-23 23:16:43Z hc1 (D2R_1): frame unknown [degraded] | last no input yet
2026-06-23 23:16:43Z hc2 (D2R_2): frame unknown [degraded] | last no input yet
2026-06-23 23:16:43Z hc3 (D2R_3): frame unknown [degraded] | last no input yet
2026-06-23 23:16:45Z hc1 (D2R_1): frame unknown [degraded] | last no input yet
2026-06-23 23:16:45Z hc2 (D2R_2): frame unknown [degraded] | last no input yet
2026-06-23 23:16:45Z hc3 (D2R_3): frame unknown [degraded] | last no input yet
2026-06-23 23:16:48Z hc1 (D2R_1): frame unknown [degraded] | last no input yet
2026-06-23 23:16:48Z hc2 (D2R_2): frame unknown [degraded] | last no input yet
2026-06-23 23:16:48Z hc3 (D2R_3): frame unknown [degraded] | last no input yet
2026-06-23 23:16:50Z hc1 (D2R_1): frame unknown [degraded] | last no input yet
2026-06-23 23:16:50Z hc2 (D2R_2): frame unknown [degraded] | last no input yet
2026-06-23 23:16:50Z hc3 (D2R_3): frame unknown [degraded] | last no input yet
2026-06-23 23:16:52Z hc1 (D2R_1): frame unknown [degraded] | last no input yet
2026-06-23 23:16:52Z hc2 (D2R_2): frame unknown [degraded] | last no input yet
2026-06-23 23:16:52Z hc3 (D2R_3): frame unknown [degraded] | last no input yet
2026-06-23 23:16:54Z hc1 (D2R_1): frame unknown [degraded] | last no input yet
2026-06-23 23:16:54Z hc2 (D2R_2): frame unknown [degraded] | last no input yet
2026-06-23 23:16:54Z hc3 (D2R_3): frame unknown [degraded] | last no input yet
2026-06-23 23:16:57Z hc1 (D2R_1): frame DiabloSplash (0s ago) [degraded] | last no input yet
2026-06-23 23:16:57Z hc2 (D2R_2): frame unknown [degraded] | last no input yet
2026-06-23 23:16:57Z hc3 (D2R_3): frame DiabloSplash (1s ago) [degraded] | last click/Left@683,384 (0s ago), fg ok
2026-06-23 23:16:59Z hc1 (D2R_1): frame DiabloSplash (3s ago) [degraded] | last key/SplashContinue/G/Space/Enter@683,384 (0s ago), fg ok
2026-06-23 23:16:59Z hc2 (D2R_2): frame unknown [degraded] | last no input yet
2026-06-23 23:16:59Z hc3 (D2R_3): frame DiabloSplash (3s ago) [degraded] | last key/SplashContinue/G/Space/Enter@683,384 (0s ago), fg ok
2026-06-23 23:17:01Z hc1 (D2R_1): frame DiabloSplash (5s ago) [degraded] | last key/SplashContinue/G/Space/Enter@683,384 (2s ago), fg ok
2026-06-23 23:17:01Z hc2 (D2R_2): frame unknown [degraded] | last no input yet
2026-06-23 23:17:01Z hc3 (D2R_3): frame DiabloSplash (6s ago) [degraded] | last key/SplashContinue/G/Space/Enter@683,384 (2s ago), fg ok
2026-06-23 23:17:03Z hc1 (D2R_1): frame DiabloSplash (7s ago) [degraded] | last key/SplashContinue/G/Space/Enter@683,384 (4s ago), fg ok
2026-06-23 23:17:03Z hc2 (D2R_2): frame unknown [degraded] | last no input yet
2026-06-23 23:17:03Z hc3 (D2R_3): frame DiabloSplash (8s ago) [degraded] | last key/SplashContinue/G/Space/Enter@683,384 (5s ago), fg ok
2026-06-23 23:17:06Z hc1 (D2R_1): frame DiabloSplash (10s ago) [degraded] | last key/SplashContinue/G/Space/Enter@683,384 (6s ago), fg ok
2026-06-23 23:17:06Z hc2 (D2R_2): frame unknown [degraded] | last no input yet
2026-06-23 23:17:06Z hc3 (D2R_3): frame DiabloSplash (10s ago) [degraded] | last key/SplashContinue/G/Space/Enter@683,384 (7s ago), fg ok
2026-06-23 23:17:08Z hc1 (D2R_1): frame DiabloSplash (12s ago) [degraded] | last key/SplashContinue/G/Space/Enter@683,384 (8s ago), fg ok
2026-06-23 23:17:08Z hc2 (D2R_2): frame unknown [degraded] | last no input yet
2026-06-23 23:17:08Z hc3 (D2R_3): frame DiabloSplash (13s ago) [degraded] | last key/SplashContinue/G/Space/Enter@683,384 (9s ago), fg ok
2026-06-23 23:17:10Z hc1 (D2R_1): frame DiabloSplash (14s ago) [degraded] | last key/SplashContinue/G/Space/Enter@683,384 (11s ago), fg ok
2026-06-23 23:17:10Z hc2 (D2R_2): frame Unknown (0s ago) [degraded] | last no input yet
2026-06-23 23:17:10Z hc3 (D2R_3): frame DiabloSplash (15s ago) [degraded] | last key/SplashContinue/G/Space/Enter@683,384 (11s ago), fg ok
2026-06-23 23:17:13Z hc1 (D2R_1): frame DiabloSplash (16s ago) [degraded] | last key/SplashContinue/G/Space/Enter@683,384 (13s ago), fg ok
2026-06-23 23:17:13Z hc2 (D2R_2): frame Unknown (3s ago) [degraded] | last key/Escape/G/Space/Enter@683,384 (0s ago), fg ok
2026-06-23 23:17:13Z hc3 (D2R_3): frame DiabloSplash (17s ago) [degraded] | last key/SplashContinue/G/Space/Enter@683,384 (14s ago), fg ok
2026-06-23 23:17:15Z hc1 (D2R_1): frame DiabloSplash (19s ago) [degraded] | last key/SplashContinue/G/Space/Enter@683,384 (16s ago), fg ok
2026-06-23 23:17:15Z hc2 (D2R_2): frame Unknown (5s ago) [degraded] | last key/Escape/G/Space/Enter@683,384 (2s ago), fg ok
2026-06-23 23:17:15Z hc3 (D2R_3): frame DiabloSplash (20s ago) [degraded] | last key/SplashContinue/G/Space/Enter@683,384 (16s ago), fg ok
2026-06-23 23:17:17Z hc1 (D2R_1): frame DiabloSplash (21s ago) [degraded] | last key/SplashContinue/G/Space/Enter@683,384 (18s ago), fg ok
2026-06-23 23:17:17Z hc2 (D2R_2): frame Unknown (8s ago) [degraded] | last key/Escape/G/Space/Enter@683,384 (4s ago), fg ok
2026-06-23 23:17:17Z hc3 (D2R_3): frame DiabloSplash (22s ago) [degraded] | last key/SplashContinue/G/Space/Enter@683,384 (19s ago), fg ok
2026-06-23 23:17:20Z hc1 (D2R_1): frame DiabloSplash (23s ago) [degraded] | last key/SplashContinue/G/Space/Enter@683,384 (20s ago), fg ok
2026-06-23 23:17:20Z hc2 (D2R_2): frame Unknown (10s ago) [degraded] | last key/Escape/G/Space/Enter@683,384 (6s ago), fg ok
2026-06-23 23:17:20Z hc3 (D2R_3): frame DiabloSplash (24s ago) [degraded] | last key/SplashContinue/G/Space/Enter@683,384 (21s ago), fg ok
2026-06-23 23:17:22Z hc1 (D2R_1): frame DiabloSplash (26s ago) [degraded] | last key/SplashContinue/G/Space/Enter@683,384 (22s ago), fg ok
2026-06-23 23:17:22Z hc2 (D2R_2): frame Unknown (12s ago) [degraded] | last key/Escape/G/Space/Enter@683,384 (9s ago), fg ok
2026-06-23 23:17:22Z hc3 (D2R_3): frame DiabloSplash (26s ago) [degraded] | last key/SplashContinue/G/Space/Enter@683,384 (23s ago), fg ok
2026-06-23 23:17:24Z hc1 (D2R_1): frame DiabloSplash (28s ago) [degraded] | last key/SplashContinue/G/Space/Enter@683,384 (25s ago), fg ok
2026-06-23 23:17:24Z hc2 (D2R_2): frame Unknown (14s ago) [degraded] | last key/Escape/G/Space/Enter@683,384 (11s ago), fg ok
2026-06-23 23:17:24Z hc3 (D2R_3): frame DiabloSplash (29s ago) [degraded] | last key/SplashContinue/G/Space/Enter@683,384 (25s ago), fg ok
2026-06-23 23:17:26Z hc1 (D2R_1): frame DiabloSplash (30s ago) [degraded] | last key/SplashContinue/G/Space/Enter@683,384 (27s ago), fg ok
2026-06-23 23:17:26Z hc2 (D2R_2): frame Unknown (17s ago) [degraded] | last key/Escape/G/Space/Enter@683,384 (13s ago), fg ok
2026-06-23 23:17:26Z hc3 (D2R_3): frame DiabloSplash (31s ago) [degraded] | last key/SplashContinue/G/Space/Enter@683,384 (28s ago), fg ok
2026-06-23 23:17:29Z hc1 (D2R_1): frame DiabloSplash (32s ago) [degraded] | last key/SplashContinue/G/Space/Enter@683,384 (29s ago), fg ok
2026-06-23 23:17:29Z hc2 (D2R_2): frame Unknown (19s ago) [degraded] | last key/Escape/G/Space/Enter@683,384 (15s ago), fg ok
2026-06-23 23:17:29Z hc3 (D2R_3): frame DiabloSplash (33s ago) [degraded] | last key/SplashContinue/G/Space/Enter@683,384 (30s ago), fg ok
2026-06-23 23:17:31Z hc1 (D2R_1): frame DiabloSplash (35s ago) [degraded] | last key/SplashContinue/G/Space/Enter@683,384 (31s ago), fg ok
2026-06-23 23:17:31Z hc2 (D2R_2): frame Unknown (21s ago) [degraded] | last key/Escape/G/Space/Enter@683,384 (18s ago), fg ok
2026-06-23 23:17:31Z hc3 (D2R_3): frame DiabloSplash (35s ago) [degraded] | last key/SplashContinue/G/Space/Enter@683,384 (32s ago), fg ok
2026-06-23 23:17:33Z hc1 (D2R_1): frame DiabloSplash (37s ago) [degraded] | last key/SplashContinue/G/Space/Enter@683,384 (34s ago), fg ok
2026-06-23 23:17:33Z hc2 (D2R_2): frame Unknown (23s ago) [degraded] | last key/Escape/G/Space/Enter@683,384 (20s ago), fg ok
2026-06-23 23:17:33Z hc3 (D2R_3): frame DiabloSplash (38s ago) [degraded] | last key/SplashContinue/G/Space/Enter@683,384 (34s ago), fg ok
2026-06-23 23:17:35Z hc1 (D2R_1): frame DiabloSplash (39s ago) [degraded] | last key/SplashContinue/G/Space/Enter@683,384 (36s ago), fg ok
2026-06-23 23:17:35Z hc2 (D2R_2): frame Unknown (26s ago) [degraded] | last key/Escape/G/Space/Enter@683,384 (22s ago), fg ok
2026-06-23 23:17:35Z hc3 (D2R_3): frame DiabloSplash (40s ago) [degraded] | last key/SplashContinue/G/Space/Enter@683,384 (37s ago), fg ok
2026-06-23 23:17:38Z hc1 (D2R_1): frame DiabloSplash (42s ago) [degraded] | last key/SplashContinue/G/Space/Enter@683,384 (38s ago), fg ok
2026-06-23 23:17:38Z hc2 (D2R_2): frame Unknown (28s ago) [degraded] | last key/Escape/G/Space/Enter@683,384 (25s ago), fg ok
2026-06-23 23:17:38Z hc3 (D2R_3): frame DiabloSplash (42s ago) [degraded] | last key/SplashContinue/G/Space/Enter@683,384 (39s ago), fg ok
2026-06-23 23:17:40Z hc1 (D2R_1): frame DiabloSplash (44s ago) [degraded] | last key/SplashContinue/G/Space/Enter@683,384 (40s ago), fg ok
2026-06-23 23:17:40Z hc2 (D2R_2): frame Unknown (30s ago) [degraded] | last key/Escape/G/Space/Enter@683,384 (27s ago), fg ok
2026-06-23 23:17:40Z hc3 (D2R_3): frame DiabloSplash (45s ago) [degraded] | last key/SplashContinue/G/Space/Enter@683,384 (41s ago), fg ok
2026-06-23 23:17:42Z hc1 (D2R_1): frame DiabloSplash (46s ago) [degraded] | last key/SplashContinue/G/Space/Enter@683,384 (43s ago), fg ok
2026-06-23 23:17:42Z hc2 (D2R_2): frame Unknown (32s ago) [degraded] | last key/Escape/G/Space/Enter@683,384 (29s ago), fg ok
2026-06-23 23:17:42Z hc3 (D2R_3): frame DiabloSplash (47s ago) [degraded] | last key/SplashContinue/G/Space/Enter@683,384 (43s ago), fg ok
2026-06-23 23:17:44Z hc1 (D2R_1): frame CharacterScreen (0s ago) [degraded] | last key/SplashContinue/G/Space/Enter@683,384 (45s ago), fg ok
2026-06-23 23:17:44Z hc2 (D2R_2): frame Unknown (35s ago) [degraded] | last key/Escape/G/Space/Enter@683,384 (31s ago), fg ok
2026-06-23 23:17:44Z hc3 (D2R_3): frame DiabloSplash (49s ago) [degraded] | last key/SplashContinue/G/Space/Enter@683,384 (46s ago), fg ok
2026-06-23 23:17:47Z hc1 (D2R_1): frame CharacterScreen (2s ago) [degraded] | last key/SplashContinue/G/Space/Enter@683,384 (47s ago), fg ok
2026-06-23 23:17:47Z hc2 (D2R_2): frame Unknown (37s ago) [degraded] | last key/Escape/G/Space/Enter@683,384 (34s ago), fg ok
2026-06-23 23:17:47Z hc3 (D2R_3): frame DiabloSplash (51s ago) [degraded] | last key/SplashContinue/G/Space/Enter@683,384 (48s ago), fg ok
2026-06-23 23:17:49Z hc1 (D2R_1): frame CharacterScreen (5s ago) [degraded] | last key/SplashContinue/G/Space/Enter@683,384 (49s ago), fg ok
2026-06-23 23:17:49Z hc2 (D2R_2): frame Unknown (39s ago) [degraded] | last key/Escape/G/Space/Enter@683,384 (36s ago), fg ok
2026-06-23 23:17:49Z hc3 (D2R_3): frame DiabloSplash (53s ago) [degraded] | last key/SplashContinue/G/Space/Enter@683,384 (50s ago), fg ok
2026-06-23 23:17:51Z hc1 (D2R_1): frame CharacterScreen (7s ago) [degraded] | last key/SplashContinue/G/Space/Enter@683,384 (52s ago), fg ok
2026-06-23 23:17:51Z hc2 (D2R_2): frame Unknown (41s ago) [degraded] | last key/Escape/G/Space/Enter@683,384 (38s ago), fg ok
2026-06-23 23:17:51Z hc3 (D2R_3): frame DiabloSplash (56s ago) [degraded] | last key/SplashContinue/G/Space/Enter@683,384 (52s ago), fg ok
2026-06-23 23:17:53Z hc1 (D2R_1): frame CharacterScreen (9s ago) [degraded] | last key/SplashContinue/G/Space/Enter@683,384 (54s ago), fg ok
2026-06-23 23:17:53Z hc2 (D2R_2): frame Unknown (44s ago) [degraded] | last key/Escape/G/Space/Enter@683,384 (40s ago), fg ok
2026-06-23 23:17:53Z hc3 (D2R_3): frame DiabloSplash (58s ago) [degraded] | last key/SplashContinue/G/Space/Enter@683,384 (55s ago), fg ok
2026-06-23 23:17:56Z hc1 (D2R_1): frame CharacterScreen (12s ago) [degraded] | last key/SplashContinue/G/Space/Enter@683,384 (56s ago), fg ok
2026-06-23 23:17:56Z hc2 (D2R_2): frame Unknown (46s ago) [degraded] | last key/Escape/G/Space/Enter@683,384 (43s ago), fg ok
2026-06-23 23:17:56Z hc3 (D2R_3): frame DiabloSplash (1m0s ago) [degraded] | last key/SplashContinue/G/Space/Enter@683,384 (57s ago), fg ok
2026-06-23 23:17:58Z hc1 (D2R_1): frame CharacterScreen (14s ago) [degraded] | last key/SplashContinue/G/Space/Enter@683,384 (58s ago), fg ok
2026-06-23 23:17:58Z hc2 (D2R_2): frame Unknown (48s ago) [degraded] | last key/Escape/G/Space/Enter@683,384 (45s ago), fg ok
2026-06-23 23:17:58Z hc3 (D2R_3): frame DiabloSplash (1m3s ago) [degraded] | last key/SplashContinue/G/Space/Enter@683,384 (59s ago), fg ok
2026-06-23 23:18:00Z hc1 (D2R_1): frame CharacterScreen (16s ago) [degraded] | last key/SplashContinue/G/Space/Enter@683,384 (1m1s ago), fg ok
2026-06-23 23:18:00Z hc2 (D2R_2): frame Unknown (50s ago) [degraded] | last key/Escape/G/Space/Enter@683,384 (47s ago), fg ok
2026-06-23 23:18:00Z hc3 (D2R_3): frame DiabloSplash (1m5s ago) [degraded] | last key/SplashContinue/G/Space/Enter@683,384 (1m1s ago), fg ok
2026-06-23 23:18:02Z hc1 (D2R_1): frame CharacterScreen (18s ago) [degraded] | last key/SplashContinue/G/Space/Enter@683,384 (1m3s ago), fg ok
2026-06-23 23:18:02Z hc2 (D2R_2): frame Unknown (53s ago) [degraded] | last key/Escape/G/Space/Enter@683,384 (49s ago), fg ok
2026-06-23 23:18:02Z hc3 (D2R_3): frame DiabloSplash (1m7s ago) [degraded] | last key/SplashContinue/G/Space/Enter@683,384 (1m4s ago), fg ok
2026-06-23 23:18:05Z hc1 (D2R_1): frame CharacterScreen (20s ago) [degraded] | last key/SplashContinue/G/Space/Enter@683,384 (1m5s ago), fg ok
2026-06-23 23:18:05Z hc2 (D2R_2): frame Unknown (55s ago) [degraded] | last key/Escape/G/Space/Enter@683,384 (51s ago), fg ok
2026-06-23 23:18:05Z hc3 (D2R_3): frame DiabloSplash (1m9s ago) [degraded] | last key/SplashContinue/G/Space/Enter@683,384 (1m6s ago), fg ok
2026-06-23 23:18:07Z hc1 (D2R_1): frame CharacterScreen (23s ago) [degraded] | last key/SplashContinue/G/Space/Enter@683,384 (1m8s ago), fg ok
2026-06-23 23:18:07Z hc2 (D2R_2): frame Unknown (57s ago) [degraded] | last key/Escape/G/Space/Enter@683,384 (54s ago), fg ok
2026-06-23 23:18:07Z hc3 (D2R_3): frame CharacterScreen (1s ago) [degraded] | last key/SplashContinue/G/Space/Enter@683,384 (1m8s ago), fg ok
2026-06-23 23:18:09Z hc1 (D2R_1): frame CharacterScreen (25s ago) [degraded] | last key/SplashContinue/G/Space/Enter@683,384 (1m10s ago), fg ok
2026-06-23 23:18:09Z hc2 (D2R_2): frame Unknown (1m0s ago) [degraded] | last key/Escape/G/Space/Enter@683,384 (56s ago), fg ok
2026-06-23 23:18:09Z hc3 (D2R_3): frame CharacterScreen (4s ago) [degraded] | last key/SplashContinue/G/Space/Enter@683,384 (1m11s ago), fg ok
2026-06-23 23:18:12Z hc1 (D2R_1): frame CharacterScreen (27s ago) [degraded] | last key/SplashContinue/G/Space/Enter@683,384 (1m12s ago), fg ok
2026-06-23 23:18:12Z hc2 (D2R_2): frame Unknown (1m2s ago) [degraded] | last key/Escape/G/Space/Enter@683,384 (58s ago), fg ok
2026-06-23 23:18:12Z hc3 (D2R_3): frame CharacterScreen (6s ago) [degraded] | last key/SplashContinue/G/Space/Enter@683,384 (1m13s ago), fg ok
2026-06-23 23:18:14Z hc1 (D2R_1): frame CharacterScreen (30s ago) [degraded] | last key/SplashContinue/G/Space/Enter@683,384 (1m14s ago), fg ok
2026-06-23 23:18:14Z hc2 (D2R_2): frame Unknown (1m4s ago) [degraded] | last key/Escape/G/Space/Enter@683,384 (1m1s ago), fg ok
2026-06-23 23:18:14Z hc3 (D2R_3): frame CharacterScreen (8s ago) [degraded] | last key/SplashContinue/G/Space/Enter@683,384 (1m15s ago), fg ok
2026-06-23 23:18:16Z hc1 (D2R_1): frame CharacterScreen (32s ago) [degraded] | last click/Left@799,689 (0s ago), fg ok
2026-06-23 23:18:16Z hc2 (D2R_2): frame Unknown (1m6s ago) [degraded] | last key/Escape/G/Space/Enter@683,384 (1m3s ago), fg ok
2026-06-23 23:18:16Z hc3 (D2R_3): frame CharacterScreen (10s ago) [degraded] | last key/SplashContinue/G/Space/Enter@683,384 (1m17s ago), fg ok
2026-06-23 23:18:18Z hc1 (D2R_1): frame CharacterScreen (34s ago) [degraded] | last click/Left@799,689 (2s ago), fg ok
2026-06-23 23:18:18Z hc2 (D2R_2): frame Unknown (1m9s ago) [degraded] | last key/Escape/G/Space/Enter@683,384 (1m5s ago), fg ok
2026-06-23 23:18:18Z hc3 (D2R_3): frame CharacterScreen (13s ago) [degraded] | last key/SplashContinue/G/Space/Enter@683,384 (1m19s ago), fg ok
2026-06-23 23:18:21Z hc1 (D2R_1): frame CharacterScreen (36s ago) [degraded] | last click/Left@799,689 (4s ago), fg ok
2026-06-23 23:18:21Z hc2 (D2R_2): frame CharacterScreen (0s ago) [degraded] | last key/Escape/G/Space/Enter@683,384 (1m7s ago), fg ok
2026-06-23 23:18:21Z hc3 (D2R_3): frame CharacterScreen (15s ago) [degraded] | last key/SplashContinue/G/Space/Enter@683,384 (1m22s ago), fg ok
2026-06-23 23:18:23Z hc1 (D2R_1): frame CharacterScreen (39s ago) [degraded] | last click/Left@799,689 (6s ago), fg ok
2026-06-23 23:18:23Z hc2 (D2R_2): frame CharacterScreen (2s ago) [degraded] | last key/Escape/G/Space/Enter@683,384 (1m10s ago), fg ok
2026-06-23 23:18:23Z hc3 (D2R_3): frame CharacterScreen (17s ago) [degraded] | last key/SplashContinue/G/Space/Enter@683,384 (1m24s ago), fg ok
2026-06-23 23:18:25Z hc1 (D2R_1): frame CharacterScreen (41s ago) [degraded] | last click/Left@799,689 (9s ago), fg ok
2026-06-23 23:18:25Z hc2 (D2R_2): frame CharacterScreen (4s ago) [degraded] | last key/Escape/G/Space/Enter@683,384 (1m12s ago), fg ok
2026-06-23 23:18:25Z hc3 (D2R_3): frame CharacterScreen (19s ago) [degraded] | last key/SplashContinue/G/Space/Enter@683,384 (1m26s ago), fg ok
2026-06-23 23:18:27Z hc1 (D2R_1): frame CharacterScreen (43s ago) [degraded] | last click/Left@799,689 (11s ago), fg ok
2026-06-23 23:18:27Z hc2 (D2R_2): frame CharacterScreen (7s ago) [degraded] | last key/Escape/G/Space/Enter@683,384 (1m14s ago), fg ok
2026-06-23 23:18:27Z hc3 (D2R_3): frame CharacterScreen (22s ago) [degraded] | last key/SplashContinue/G/Space/Enter@683,384 (1m28s ago), fg ok
2026-06-23 23:18:30Z hc1 (D2R_1): frame CharacterScreen (45s ago) [degraded] | last click/Left@799,689 (13s ago), fg ok
2026-06-23 23:18:30Z hc2 (D2R_2): frame CharacterScreen (9s ago) [degraded] | last key/Escape/G/Space/Enter@683,384 (1m16s ago), fg ok
2026-06-23 23:18:30Z hc3 (D2R_3): frame CharacterScreen (24s ago) [degraded] | last key/SplashContinue/G/Space/Enter@683,384 (1m31s ago), fg ok
2026-06-23 23:18:32Z hc1 (D2R_1): frame CharacterScreen (48s ago) [degraded] | last click/Left@799,689 (16s ago), fg ok
2026-06-23 23:18:32Z hc2 (D2R_2): frame CharacterScreen (11s ago) [degraded] | last key/Escape/G/Space/Enter@683,384 (1m19s ago), fg ok
2026-06-23 23:18:32Z hc3 (D2R_3): frame CharacterScreen (26s ago) [degraded] | last key/SplashContinue/G/Space/Enter@683,384 (1m33s ago), fg ok
2026-06-23 23:18:34Z hc1 (D2R_1): frame CharacterScreen (50s ago) [degraded] | last click/Left@799,689 (18s ago), fg ok
2026-06-23 23:18:34Z hc2 (D2R_2): frame CharacterScreen (13s ago) [degraded] | last key/Escape/G/Space/Enter@683,384 (1m21s ago), fg ok
2026-06-23 23:18:34Z hc3 (D2R_3): frame CharacterScreen (28s ago) [degraded] | last key/SplashContinue/G/Space/Enter@683,384 (1m35s ago), fg ok
2026-06-23 23:18:36Z hc1 (D2R_1): frame CharacterScreen (52s ago) [degraded] | last click/Left@799,689 (20s ago), fg ok
2026-06-23 23:18:36Z hc2 (D2R_2): frame CharacterScreen (16s ago) [degraded] | last key/Escape/G/Space/Enter@683,384 (1m23s ago), fg ok
2026-06-23 23:18:36Z hc3 (D2R_3): frame CharacterScreen (31s ago) [degraded] | last key/SplashContinue/G/Space/Enter@683,384 (1m37s ago), fg ok
2026-06-23 23:18:39Z hc1 (D2R_1): frame CharacterScreen (54s ago) [degraded] | last click/Left@799,689 (22s ago), fg ok
2026-06-23 23:18:39Z hc2 (D2R_2): frame CharacterScreen (18s ago) [degraded] | last key/Escape/G/Space/Enter@683,384 (1m25s ago), fg ok
2026-06-23 23:18:39Z hc3 (D2R_3): frame CharacterScreen (33s ago) [degraded] | last key/SplashContinue/G/Space/Enter@683,384 (1m40s ago), fg ok
2026-06-23 23:18:41Z hc1 (D2R_1): frame CharacterScreen (57s ago) [degraded] | last click/Left@799,689 (24s ago), fg ok
2026-06-23 23:18:41Z hc2 (D2R_2): frame CharacterScreen (20s ago) [degraded] | last key/Escape/G/Space/Enter@683,384 (1m28s ago), fg ok
2026-06-23 23:18:41Z hc3 (D2R_3): frame CharacterScreen (35s ago) [degraded] | last key/SplashContinue/G/Space/Enter@683,384 (1m42s ago), fg ok
2026-06-23 23:18:43Z hc1 (D2R_1): frame CharacterScreen (59s ago) [degraded] | last click/Left@799,689 (27s ago), fg ok
2026-06-23 23:18:43Z hc2 (D2R_2): frame CharacterScreen (22s ago) [degraded] | last key/Escape/G/Space/Enter@683,384 (1m30s ago), fg ok
2026-06-23 23:18:43Z hc3 (D2R_3): frame CharacterScreen (37s ago) [degraded] | last key/SplashContinue/G/Space/Enter@683,384 (1m44s ago), fg ok
2026-06-23 23:18:45Z hc1 (D2R_1): frame CharacterScreen (1m1s ago) [degraded] | last click/Left@799,689 (29s ago), fg ok
2026-06-23 23:18:45Z hc2 (D2R_2): frame CharacterScreen (25s ago) [degraded] | last key/Escape/G/Space/Enter@683,384 (1m32s ago), fg ok
2026-06-23 23:18:45Z hc3 (D2R_3): frame CharacterScreen (40s ago) [degraded] | last key/SplashContinue/G/Space/Enter@683,384 (1m46s ago), fg ok
2026-06-23 23:18:48Z hc1 (D2R_1): frame CharacterScreen (1m4s ago) [degraded] | last click/Left@799,689 (31s ago), fg ok
2026-06-23 23:18:48Z hc2 (D2R_2): frame CharacterScreen (27s ago) [degraded] | last key/Escape/G/Space/Enter@683,384 (1m35s ago), fg ok
2026-06-23 23:18:48Z hc3 (D2R_3): frame CharacterScreen (42s ago) [degraded] | last key/SplashContinue/G/Space/Enter@683,384 (1m49s ago), fg ok
2026-06-23 23:18:50Z hc1 (D2R_1): frame CharacterScreen (1m6s ago) [degraded] | last click/Left@799,689 (34s ago), fg ok
2026-06-23 23:18:50Z hc2 (D2R_2): frame CharacterScreen (29s ago) [degraded] | last key/Escape/G/Space/Enter@683,384 (1m37s ago), fg ok
2026-06-23 23:18:50Z hc3 (D2R_3): frame CharacterScreen (44s ago) [degraded] | last key/SplashContinue/G/Space/Enter@683,384 (1m51s ago), fg ok
2026-06-23 23:18:52Z hc1 (D2R_1): frame CharacterScreen (1m8s ago) [degraded] | last click/Left@799,689 (36s ago), fg ok
2026-06-23 23:18:52Z hc2 (D2R_2): frame CharacterScreen (32s ago) [degraded] | last key/Escape/G/Space/Enter@683,384 (1m39s ago), fg ok
2026-06-23 23:18:52Z hc3 (D2R_3): frame CharacterScreen (46s ago) [degraded] | last key/SplashContinue/G/Space/Enter@683,384 (1m53s ago), fg ok
2026-06-23 23:18:58Z hc1 (D2R_1): frame CharacterScreen (1m10s ago) [degraded] | last click/Left@799,689 (38s ago), fg ok
2026-06-23 23:18:58Z hc2 (D2R_2): frame NotRunning (4s ago) [degraded] | last key/Escape/G/Space/Enter@683,384 (1m45s ago), fg ok
2026-06-23 23:18:58Z hc3 (D2R_3): frame CharacterScreen (49s ago) [degraded] | last key/SplashContinue/G/Space/Enter@683,384 (1m56s ago), fg ok
2026-06-23 23:19:05Z hc1 (D2R_1): frame CharacterScreen (1m17s ago) [degraded] | last click/Left@799,689 (44s ago), fg ok
2026-06-23 23:19:05Z hc2 (D2R_2): frame NotRunning (7s ago) [degraded] | last key/Escape/G/Space/Enter@683,384 (1m48s ago), fg ok
2026-06-23 23:19:05Z hc3 (D2R_3): frame NotRunning (7s ago) [degraded] | last key/SplashContinue/G/Space/Enter@683,384 (2m6s ago), fg ok
2026-06-23 23:19:07Z hc1 (D2R_1): frame CharacterScreen (1m23s ago) [degraded] | last click/Left@799,689 (51s ago), fg ok
2026-06-23 23:19:07Z hc2 (D2R_2): frame NotRunning (13s ago) [degraded] | last key/Escape/G/Space/Enter@683,384 (1m54s ago), fg ok
2026-06-23 23:19:07Z hc3 (D2R_3): frame NotRunning (9s ago) [degraded] | last key/SplashContinue/G/Space/Enter@683,384 (2m8s ago), fg ok
2026-06-23 23:19:09Z hc1 (D2R_1): frame CharacterScreen (1m25s ago) [degraded] | last click/Left@799,689 (53s ago), fg ok
2026-06-23 23:19:09Z hc2 (D2R_2): frame NotRunning (15s ago) [degraded] | last key/Escape/G/Space/Enter@683,384 (1m56s ago), fg ok
2026-06-23 23:19:09Z hc3 (D2R_3): frame NotRunning (12s ago) [degraded] | last key/SplashContinue/G/Space/Enter@683,384 (2m10s ago), fg ok
2026-06-23 23:19:11Z hc1 (D2R_1): frame CharacterScreen (1m27s ago) [degraded] | last click/Left@799,689 (55s ago), fg ok
2026-06-23 23:19:11Z hc2 (D2R_2): frame NotRunning (17s ago) [degraded] | last key/Escape/G/Space/Enter@683,384 (1m58s ago), fg ok
2026-06-23 23:19:11Z hc3 (D2R_3): frame NotRunning (14s ago) [degraded] | last key/SplashContinue/G/Space/Enter@683,384 (2m13s ago), fg ok
2026-06-23 23:19:13Z hc1 (D2R_1): frame CharacterScreen (1m29s ago) [degraded] | last click/Left@799,689 (57s ago), fg ok
2026-06-23 23:19:13Z hc2 (D2R_2): frame NotRunning (19s ago) [degraded] | last key/Escape/G/Space/Enter@683,384 (2m0s ago), fg ok
2026-06-23 23:19:13Z hc3 (D2R_3): frame NotRunning (16s ago) [degraded] | last key/SplashContinue/G/Space/Enter@683,384 (2m15s ago), fg ok
2026-06-23 23:19:16Z hc1 (D2R_1): frame CharacterScreen (1m32s ago) [degraded] | last click/Left@799,689 (59s ago), fg ok
2026-06-23 23:19:16Z hc2 (D2R_2): frame NotRunning (22s ago) [degraded] | last key/Escape/G/Space/Enter@683,384 (2m3s ago), fg ok
2026-06-23 23:19:16Z hc3 (D2R_3): frame NotRunning (18s ago) [degraded] | last key/SplashContinue/G/Space/Enter@683,384 (2m17s ago), fg ok
2026-06-23 23:19:18Z hc1 (D2R_1): frame CharacterScreen (1m34s ago) [degraded] | last click/Left@799,689 (1m2s ago), fg ok
2026-06-23 23:19:18Z hc2 (D2R_2): frame NotRunning (24s ago) [degraded] | last key/Escape/G/Space/Enter@683,384 (2m5s ago), fg ok
2026-06-23 23:19:18Z hc3 (D2R_3): frame NotRunning (20s ago) [degraded] | last key/SplashContinue/G/Space/Enter@683,384 (2m19s ago), fg ok
2026-06-23 23:19:20Z hc1 (D2R_1): frame CharacterScreen (1m36s ago) [degraded] | last click/Left@799,689 (1m4s ago), fg ok
2026-06-23 23:19:20Z hc2 (D2R_2): frame NotRunning (26s ago) [degraded] | last key/Escape/G/Space/Enter@683,384 (2m7s ago), fg ok
2026-06-23 23:19:20Z hc3 (D2R_3): frame NotRunning (23s ago) [degraded] | last key/SplashContinue/G/Space/Enter@683,384 (2m21s ago), fg ok
2026-06-23 23:19:22Z hc1 (D2R_1): frame CharacterScreen (1m38s ago) [degraded] | last click/Left@799,689 (1m6s ago), fg ok
2026-06-23 23:19:22Z hc2 (D2R_2): frame NotRunning (28s ago) [degraded] | last key/Escape/G/Space/Enter@683,384 (2m9s ago), fg ok
2026-06-23 23:19:22Z hc3 (D2R_3): frame NotRunning (25s ago) [degraded] | last key/SplashContinue/G/Space/Enter@683,384 (2m24s ago), fg ok
2026-06-23 23:19:25Z hc1 (D2R_1): frame CharacterScreen (1m41s ago) [degraded] | last click/Left@799,689 (1m8s ago), fg ok
2026-06-23 23:19:25Z hc2 (D2R_2): frame NotRunning (31s ago) [degraded] | last key/Escape/G/Space/Enter@683,384 (2m12s ago), fg ok
2026-06-23 23:19:25Z hc3 (D2R_3): frame NotRunning (27s ago) [degraded] | last key/SplashContinue/G/Space/Enter@683,384 (2m26s ago), fg ok
2026-06-23 23:19:27Z hc1 (D2R_1): frame CharacterScreen (1m43s ago) [degraded] | last click/Left@799,689 (1m11s ago), fg ok
2026-06-23 23:19:27Z hc2 (D2R_2): frame NotRunning (33s ago) [degraded] | last key/Escape/G/Space/Enter@683,384 (2m14s ago), fg ok
2026-06-23 23:19:27Z hc3 (D2R_3): frame NotRunning (29s ago) [degraded] | last key/SplashContinue/G/Space/Enter@683,384 (2m28s ago), fg ok
2026-06-23 23:19:29Z hc1 (D2R_1): frame CharacterScreen (1m45s ago) [degraded] | last click/Left@799,689 (1m13s ago), fg ok
2026-06-23 23:19:29Z hc2 (D2R_2): frame NotRunning (35s ago) [degraded] | last key/Escape/G/Space/Enter@683,384 (2m16s ago), fg ok
2026-06-23 23:19:29Z hc3 (D2R_3): frame NotRunning (32s ago) [degraded] | last key/SplashContinue/G/Space/Enter@683,384 (2m30s ago), fg ok
2026-06-23 23:19:31Z hc1 (D2R_1): frame CharacterScreen (1m47s ago) [degraded] | last click/Left@799,689 (1m15s ago), fg ok
2026-06-23 23:19:31Z hc2 (D2R_2): frame NotRunning (37s ago) [degraded] | last key/Escape/G/Space/Enter@683,384 (2m18s ago), fg ok
2026-06-23 23:19:31Z hc3 (D2R_3): frame NotRunning (34s ago) [degraded] | last key/SplashContinue/G/Space/Enter@683,384 (2m33s ago), fg ok
2026-06-23 23:19:34Z hc1 (D2R_1): frame CharacterScreen (1m50s ago) [degraded] | last click/Left@799,689 (1m17s ago), fg ok
2026-06-23 23:19:34Z hc2 (D2R_2): frame NotRunning (40s ago) [degraded] | last key/Escape/G/Space/Enter@683,384 (2m21s ago), fg ok
2026-06-23 23:19:34Z hc3 (D2R_3): frame NotRunning (36s ago) [degraded] | last key/SplashContinue/G/Space/Enter@683,384 (2m35s ago), fg ok
2026-06-23 23:19:36Z hc1 (D2R_1): frame CharacterScreen (1m52s ago) [degraded] | last click/Left@799,689 (1m20s ago), fg ok
2026-06-23 23:19:36Z hc2 (D2R_2): frame NotRunning (42s ago) [degraded] | last key/Escape/G/Space/Enter@683,384 (2m23s ago), fg ok
2026-06-23 23:19:36Z hc3 (D2R_3): frame NotRunning (38s ago) [degraded] | last key/SplashContinue/G/Space/Enter@683,384 (2m37s ago), fg ok
2026-06-23 23:19:38Z hc1 (D2R_1): frame CharacterScreen (1m54s ago) [degraded] | last click/Left@799,689 (1m22s ago), fg ok
2026-06-23 23:19:38Z hc2 (D2R_2): frame NotRunning (44s ago) [degraded] | last key/Escape/G/Space/Enter@683,384 (2m25s ago), fg ok
2026-06-23 23:19:38Z hc3 (D2R_3): frame NotRunning (41s ago) [degraded] | last key/SplashContinue/G/Space/Enter@683,384 (2m39s ago), fg ok
2026-06-23 23:19:40Z hc1 (D2R_1): frame CharacterScreen (1m56s ago) [degraded] | last click/Left@799,689 (1m24s ago), fg ok
2026-06-23 23:19:40Z hc2 (D2R_2): frame NotRunning (46s ago) [degraded] | last key/Escape/G/Space/Enter@683,384 (2m27s ago), fg ok
2026-06-23 23:19:40Z hc3 (D2R_3): frame NotRunning (43s ago) [degraded] | last key/SplashContinue/G/Space/Enter@683,384 (2m42s ago), fg ok
2026-06-23 23:19:43Z hc1 (D2R_1): frame CharacterScreen (1m58s ago) [degraded] | last click/Left@799,689 (1m26s ago), fg ok
2026-06-23 23:19:43Z hc2 (D2R_2): frame NotRunning (48s ago) [degraded] | last key/Escape/G/Space/Enter@683,384 (2m29s ago), fg ok
2026-06-23 23:19:43Z hc3 (D2R_3): frame NotRunning (45s ago) [degraded] | last key/SplashContinue/G/Space/Enter@683,384 (2m44s ago), fg ok
2026-06-23 23:19:45Z hc1 (D2R_1): frame CharacterScreen (2m1s ago) [degraded] | last click/Left@799,689 (1m28s ago), fg ok
2026-06-23 23:19:45Z hc2 (D2R_2): frame NotRunning (51s ago) [degraded] | last key/Escape/G/Space/Enter@683,384 (2m32s ago), fg ok
2026-06-23 23:19:45Z hc3 (D2R_3): frame NotRunning (47s ago) [degraded] | last key/SplashContinue/G/Space/Enter@683,384 (2m46s ago), fg ok
2026-06-23 23:19:47Z hc1 (D2R_1): frame CharacterScreen (2m3s ago) [degraded] | last click/Left@799,689 (1m31s ago), fg ok
2026-06-23 23:19:47Z hc2 (D2R_2): frame NotRunning (53s ago) [degraded] | last key/Escape/G/Space/Enter@683,384 (2m34s ago), fg ok
2026-06-23 23:19:47Z hc3 (D2R_3): frame NotRunning (49s ago) [degraded] | last key/SplashContinue/G/Space/Enter@683,384 (2m48s ago), fg ok
2026-06-23 23:19:49Z hc1 (D2R_1): frame CharacterScreen (2m5s ago) [degraded] | last click/Left@799,689 (1m33s ago), fg ok
2026-06-23 23:19:49Z hc2 (D2R_2): frame NotRunning (55s ago) [degraded] | last key/Escape/G/Space/Enter@683,384 (2m36s ago), fg ok
2026-06-23 23:19:49Z hc3 (D2R_3): frame NotRunning (52s ago) [degraded] | last key/SplashContinue/G/Space/Enter@683,384 (2m50s ago), fg ok
2026-06-23 23:19:52Z hc1 (D2R_1): frame CharacterScreen (2m7s ago) [degraded] | last click/Left@799,689 (1m35s ago), fg ok
2026-06-23 23:19:52Z hc2 (D2R_2): frame NotRunning (58s ago) [degraded] | last key/Escape/G/Space/Enter@683,384 (2m38s ago), fg ok
2026-06-23 23:19:52Z hc3 (D2R_3): frame NotRunning (54s ago) [degraded] | last key/SplashContinue/G/Space/Enter@683,384 (2m53s ago), fg ok
2026-06-23 23:19:54Z hc1 (D2R_1): frame CharacterScreen (2m10s ago) [degraded] | last click/Left@799,689 (1m38s ago), fg ok
2026-06-23 23:19:54Z hc2 (D2R_2): frame NotRunning (1m0s ago) [degraded] | last key/Escape/G/Space/Enter@683,384 (2m41s ago), fg ok
2026-06-23 23:19:54Z hc3 (D2R_3): frame NotRunning (56s ago) [degraded] | last key/SplashContinue/G/Space/Enter@683,384 (2m55s ago), fg ok
2026-06-23 23:19:56Z hc1 (D2R_1): frame CharacterScreen (2m12s ago) [degraded] | last click/Left@799,689 (1m40s ago), fg ok
2026-06-23 23:19:56Z hc2 (D2R_2): frame NotRunning (1m2s ago) [degraded] | last key/Escape/G/Space/Enter@683,384 (2m43s ago), fg ok
2026-06-23 23:19:56Z hc3 (D2R_3): frame NotRunning (58s ago) [degraded] | last key/SplashContinue/G/Space/Enter@683,384 (2m57s ago), fg ok
2026-06-23 23:19:58Z hc1 (D2R_1): frame CharacterScreen (2m14s ago) [degraded] | last click/Left@799,689 (1m42s ago), fg ok
2026-06-23 23:19:58Z hc2 (D2R_2): frame NotRunning (1m4s ago) [degraded] | last key/Escape/G/Space/Enter@683,384 (2m45s ago), fg ok
2026-06-23 23:19:58Z hc3 (D2R_3): frame NotRunning (1m1s ago) [degraded] | last key/SplashContinue/G/Space/Enter@683,384 (3m0s ago), fg ok
2026-06-23 23:20:01Z hc1 (D2R_1): frame CharacterScreen (2m16s ago) [degraded] | last click/Left@799,689 (1m44s ago), fg ok
2026-06-23 23:20:01Z hc2 (D2R_2): frame NotRunning (1m7s ago) [degraded] | last key/Escape/G/Space/Enter@683,384 (2m47s ago), fg ok
2026-06-23 23:20:01Z hc3 (D2R_3): frame NotRunning (1m3s ago) [degraded] | last key/SplashContinue/G/Space/Enter@683,384 (3m2s ago), fg ok
2026-06-23 23:20:03Z hc1 (D2R_1): frame CharacterScreen (2m19s ago) [degraded] | last click/Left@799,689 (1m47s ago), fg ok
2026-06-23 23:20:03Z hc2 (D2R_2): frame NotRunning (1m9s ago) [degraded] | last key/Escape/G/Space/Enter@683,384 (2m50s ago), fg ok
2026-06-23 23:20:03Z hc3 (D2R_3): frame NotRunning (1m5s ago) [degraded] | last key/SplashContinue/G/Space/Enter@683,384 (3m4s ago), fg ok
2026-06-23 23:20:05Z hc1 (D2R_1): frame CharacterScreen (2m21s ago) [degraded] | last click/Left@799,689 (1m49s ago), fg ok
2026-06-23 23:20:05Z hc2 (D2R_2): frame NotRunning (1m11s ago) [degraded] | last key/Escape/G/Space/Enter@683,384 (2m52s ago), fg ok
2026-06-23 23:20:05Z hc3 (D2R_3): frame NotRunning (1m8s ago) [degraded] | last key/SplashContinue/G/Space/Enter@683,384 (3m6s ago), fg ok
2026-06-23 23:20:07Z hc1 (D2R_1): frame CharacterScreen (2m23s ago) [degraded] | last click/Left@799,689 (1m51s ago), fg ok
2026-06-23 23:20:07Z hc2 (D2R_2): frame NotRunning (1m13s ago) [degraded] | last key/Escape/G/Space/Enter@683,384 (2m54s ago), fg ok
2026-06-23 23:20:07Z hc3 (D2R_3): frame NotRunning (1m10s ago) [degraded] | last key/SplashContinue/G/Space/Enter@683,384 (3m9s ago), fg ok
2026-06-23 23:20:10Z hc1 (D2R_1): frame CharacterScreen (2m26s ago) [degraded] | last click/Left@799,689 (1m53s ago), fg ok
2026-06-23 23:20:10Z hc2 (D2R_2): frame NotRunning (1m16s ago) [degraded] | last key/Escape/G/Space/Enter@683,384 (2m57s ago), fg ok
2026-06-23 23:20:10Z hc3 (D2R_3): frame NotRunning (1m12s ago) [degraded] | last key/SplashContinue/G/Space/Enter@683,384 (3m11s ago), fg ok
2026-06-23 23:20:12Z hc1 (D2R_1): frame CharacterScreen (2m28s ago) [degraded] | last click/Left@799,689 (1m56s ago), fg ok
2026-06-23 23:20:12Z hc2 (D2R_2): frame NotRunning (1m18s ago) [degraded] | last key/Escape/G/Space/Enter@683,384 (2m59s ago), fg ok
2026-06-23 23:20:12Z hc3 (D2R_3): frame NotRunning (1m14s ago) [degraded] | last key/SplashContinue/G/Space/Enter@683,384 (3m13s ago), fg ok
2026-06-23 23:20:14Z hc1 (D2R_1): frame CharacterScreen (2m30s ago) [degraded] | last click/Left@799,689 (1m58s ago), fg ok
2026-06-23 23:20:14Z hc2 (D2R_2): frame NotRunning (1m20s ago) [degraded] | last key/Escape/G/Space/Enter@683,384 (3m1s ago), fg ok
2026-06-23 23:20:14Z hc3 (D2R_3): frame NotRunning (1m17s ago) [degraded] | last key/SplashContinue/G/Space/Enter@683,384 (3m15s ago), fg ok
2026-06-23 23:20:17Z hc1 (D2R_1): frame CharacterScreen (2m32s ago) [degraded] | last click/Left@799,689 (2m0s ago), fg ok
2026-06-23 23:20:17Z hc2 (D2R_2): frame NotRunning (1m22s ago) [degraded] | last key/Escape/G/Space/Enter@683,384 (3m3s ago), fg ok
2026-06-23 23:20:17Z hc3 (D2R_3): frame NotRunning (1m19s ago) [degraded] | last key/SplashContinue/G/Space/Enter@683,384 (3m18s ago), fg ok
2026-06-23 23:20:19Z hc1 (D2R_1): frame CharacterScreen (2m35s ago) [degraded] | last click/Left@799,689 (2m3s ago), fg ok
2026-06-23 23:20:19Z hc2 (D2R_2): frame NotRunning (1m25s ago) [degraded] | last key/Escape/G/Space/Enter@683,384 (3m6s ago), fg ok
2026-06-23 23:20:19Z hc3 (D2R_3): frame NotRunning (1m21s ago) [degraded] | last key/SplashContinue/G/Space/Enter@683,384 (3m20s ago), fg ok
2026-06-23 23:20:21Z hc1 (D2R_1): frame CharacterScreen (2m37s ago) [degraded] | last click/Left@799,689 (2m5s ago), fg ok
2026-06-23 23:20:21Z hc2 (D2R_2): frame NotRunning (1m27s ago) [degraded] | last key/Escape/G/Space/Enter@683,384 (3m8s ago), fg ok
2026-06-23 23:20:21Z hc3 (D2R_3): frame NotRunning (1m24s ago) [degraded] | last key/SplashContinue/G/Space/Enter@683,384 (3m22s ago), fg ok
2026-06-23 23:20:23Z hc1 (D2R_1): frame CharacterScreen (2m39s ago) [degraded] | last click/Left@799,689 (2m7s ago), fg ok
2026-06-23 23:20:23Z hc2 (D2R_2): frame NotRunning (1m29s ago) [degraded] | last key/Escape/G/Space/Enter@683,384 (3m10s ago), fg ok
2026-06-23 23:20:23Z hc3 (D2R_3): frame NotRunning (1m26s ago) [degraded] | last key/SplashContinue/G/Space/Enter@683,384 (3m25s ago), fg ok
2026-06-23 23:20:26Z hc1 (D2R_1): frame CharacterScreen (2m41s ago) [degraded] | last click/Left@799,689 (2m9s ago), fg ok
2026-06-23 23:20:26Z hc2 (D2R_2): frame NotRunning (1m32s ago) [degraded] | last key/Escape/G/Space/Enter@683,384 (3m12s ago), fg ok
2026-06-23 23:20:26Z hc3 (D2R_3): frame NotRunning (1m28s ago) [degraded] | last key/SplashContinue/G/Space/Enter@683,384 (3m27s ago), fg ok
2026-06-23 23:20:28Z hc1 (D2R_1): frame CharacterScreen (2m44s ago) [degraded] | last click/Left@799,689 (2m12s ago), fg ok
2026-06-23 23:20:28Z hc2 (D2R_2): frame NotRunning (1m34s ago) [degraded] | last key/Escape/G/Space/Enter@683,384 (3m15s ago), fg ok
2026-06-23 23:20:28Z hc3 (D2R_3): frame NotRunning (1m30s ago) [degraded] | last key/SplashContinue/G/Space/Enter@683,384 (3m29s ago), fg ok
2026-06-23 23:20:30Z hc1 (D2R_1): frame CharacterScreen (2m46s ago) [degraded] | last click/Left@799,689 (2m14s ago), fg ok
2026-06-23 23:20:30Z hc2 (D2R_2): frame NotRunning (1m36s ago) [degraded] | last key/Escape/G/Space/Enter@683,384 (3m17s ago), fg ok
2026-06-23 23:20:30Z hc3 (D2R_3): frame NotRunning (1m33s ago) [degraded] | last key/SplashContinue/G/Space/Enter@683,384 (3m31s ago), fg ok
2026-06-23 23:20:36Z hc1 (D2R_1): frame LobbyOrGame (5s ago) [degraded] | last click/Left@799,689 (2m20s ago), fg ok
2026-06-23 23:20:36Z hc2 (D2R_2): frame NotRunning (1m38s ago) [degraded] | last key/Escape/G/Space/Enter@683,384 (3m19s ago), fg ok
2026-06-23 23:20:36Z hc3 (D2R_3): frame NotRunning (1m35s ago) [degraded] | last key/SplashContinue/G/Space/Enter@683,384 (3m34s ago), fg ok
2026-06-23 23:20:43Z hc1 (D2R_1): frame LobbyOrGame (7s ago) [degraded] | last click/Left@799,689 (2m22s ago), fg ok
2026-06-23 23:20:43Z hc2 (D2R_2): frame CharacterScreen (8s ago) [degraded] | last key/Escape/G/Space/Enter@683,384 (3m29s ago), fg ok
2026-06-23 23:20:43Z hc3 (D2R_3): frame CharacterScreen (8s ago) [degraded] | last key/SplashContinue/G/Space/Enter@683,384 (3m44s ago), fg ok
2026-06-23 23:20:45Z hc1 (D2R_1): frame LobbyOrGame (14s ago) [degraded] | last click/Left@799,689 (2m29s ago), fg ok
2026-06-23 23:20:45Z hc2 (D2R_2): frame CharacterScreen (11s ago) [degraded] | last key/Escape/G/Space/Enter@683,384 (3m32s ago), fg ok
2026-06-23 23:20:45Z hc3 (D2R_3): frame CharacterScreen (10s ago) [degraded] | last key/SplashContinue/G/Space/Enter@683,384 (3m46s ago), fg ok
2026-06-23 23:20:47Z hc1 (D2R_1): frame LobbyOrGame (16s ago) [degraded] | last click/Left@799,689 (2m31s ago), fg ok
2026-06-23 23:20:47Z hc2 (D2R_2): frame CharacterScreen (13s ago) [degraded] | last key/Escape/G/Space/Enter@683,384 (3m34s ago), fg ok
2026-06-23 23:20:47Z hc3 (D2R_3): frame CharacterScreen (12s ago) [degraded] | last key/SplashContinue/G/Space/Enter@683,384 (3m48s ago), fg ok
2026-06-23 23:20:49Z hc1 (D2R_1): frame LobbyOrGame (18s ago) [degraded] | last click/Left@799,689 (2m33s ago), fg ok
2026-06-23 23:20:49Z hc2 (D2R_2): frame CharacterScreen (15s ago) [degraded] | last key/Escape/G/Space/Enter@683,384 (3m36s ago), fg ok
2026-06-23 23:20:49Z hc3 (D2R_3): frame CharacterScreen (14s ago) [degraded] | last key/SplashContinue/G/Space/Enter@683,384 (3m51s ago), fg ok
2026-06-23 23:20:52Z hc1 (D2R_1): frame LobbyOrGame (20s ago) [degraded] | last click/Left@799,689 (2m35s ago), fg ok
2026-06-23 23:20:52Z hc2 (D2R_2): frame CharacterScreen (17s ago) [degraded] | last key/Escape/G/Space/Enter@683,384 (3m38s ago), fg ok
2026-06-23 23:20:52Z hc3 (D2R_3): frame CharacterScreen (17s ago) [degraded] | last key/SplashContinue/G/Space/Enter@683,384 (3m53s ago), fg ok
2026-06-23 23:20:54Z hc1 (D2R_1): frame LobbyOrGame (23s ago) [degraded] | last click/Left@799,689 (2m37s ago), fg ok
2026-06-23 23:20:54Z hc2 (D2R_2): frame CharacterScreen (20s ago) [degraded] | last key/Escape/G/Space/Enter@683,384 (3m41s ago), fg ok
2026-06-23 23:20:54Z hc3 (D2R_3): frame CharacterScreen (19s ago) [degraded] | last key/SplashContinue/G/Space/Enter@683,384 (3m55s ago), fg ok
2026-06-23 23:20:56Z hc1 (D2R_1): frame LobbyOrGame (25s ago) [degraded] | last click/Left@799,689 (2m40s ago), fg ok
2026-06-23 23:20:56Z hc2 (D2R_2): frame CharacterScreen (22s ago) [degraded] | last key/Escape/G/Space/Enter@683,384 (3m43s ago), fg ok
2026-06-23 23:20:56Z hc3 (D2R_3): frame CharacterScreen (21s ago) [degraded] | last key/SplashContinue/G/Space/Enter@683,384 (3m57s ago), fg ok
2026-06-23 23:20:58Z hc1 (D2R_1): frame LobbyOrGame (27s ago) [degraded] | last click/Left@799,689 (2m42s ago), fg ok
2026-06-23 23:20:58Z hc2 (D2R_2): frame CharacterScreen (24s ago) [degraded] | last key/Escape/G/Space/Enter@683,384 (3m45s ago), fg ok
2026-06-23 23:20:58Z hc3 (D2R_3): frame CharacterScreen (23s ago) [degraded] | last key/SplashContinue/G/Space/Enter@683,384 (3m59s ago), fg ok
2026-06-23 23:21:00Z hc1 (D2R_1): frame LobbyOrGame (29s ago) [degraded] | last click/Left@799,689 (2m44s ago), fg ok
2026-06-23 23:21:00Z hc2 (D2R_2): frame CharacterScreen (26s ago) [degraded] | last key/Escape/G/Space/Enter@683,384 (3m47s ago), fg ok
2026-06-23 23:21:00Z hc3 (D2R_3): frame CharacterScreen (25s ago) [degraded] | last key/SplashContinue/G/Space/Enter@683,384 (4m2s ago), fg ok
2026-06-23 23:21:03Z hc1 (D2R_1): frame LobbyOrGame (32s ago) [degraded] | last click/Left@799,689 (2m46s ago), fg ok
2026-06-23 23:21:03Z hc2 (D2R_2): frame CharacterScreen (29s ago) [degraded] | last key/Escape/G/Space/Enter@683,384 (3m50s ago), fg ok
2026-06-23 23:21:03Z hc3 (D2R_3): frame CharacterScreen (28s ago) [degraded] | last key/SplashContinue/G/Space/Enter@683,384 (4m4s ago), fg ok
2026-06-23 23:21:05Z hc1 (D2R_1): frame LobbyOrGame (34s ago) [degraded] | last click/Left@799,689 (2m49s ago), fg ok
2026-06-23 23:21:05Z hc2 (D2R_2): frame CharacterScreen (31s ago) [degraded] | last key/Escape/G/Space/Enter@683,384 (3m52s ago), fg ok
2026-06-23 23:21:05Z hc3 (D2R_3): frame CharacterScreen (30s ago) [degraded] | last key/SplashContinue/G/Space/Enter@683,384 (4m6s ago), fg ok
2026-06-23 23:21:07Z hc1 (D2R_1): frame LobbyOrGame (36s ago) [degraded] | last click/Left@799,689 (2m51s ago), fg ok
2026-06-23 23:21:07Z hc2 (D2R_2): frame CharacterScreen (33s ago) [degraded] | last key/Escape/G/Space/Enter@683,384 (3m54s ago), fg ok
2026-06-23 23:21:07Z hc3 (D2R_3): frame CharacterScreen (32s ago) [degraded] | last key/SplashContinue/G/Space/Enter@683,384 (4m8s ago), fg ok
2026-06-23 23:21:09Z hc1 (D2R_1): frame LobbyOrGame (38s ago) [degraded] | last click/Left@799,689 (2m53s ago), fg ok
2026-06-23 23:21:09Z hc2 (D2R_2): frame CharacterScreen (35s ago) [degraded] | last key/Escape/G/Space/Enter@683,384 (3m56s ago), fg ok
2026-06-23 23:21:09Z hc3 (D2R_3): frame CharacterScreen (34s ago) [degraded] | last key/SplashContinue/G/Space/Enter@683,384 (4m11s ago), fg ok
2026-06-23 23:21:12Z hc1 (D2R_1): frame LobbyOrGame (41s ago) [degraded] | last click/Left@799,689 (2m55s ago), fg ok
2026-06-23 23:21:12Z hc2 (D2R_2): frame CharacterScreen (38s ago) [degraded] | last key/Escape/G/Space/Enter@683,384 (3m59s ago), fg ok
2026-06-23 23:21:12Z hc3 (D2R_3): frame CharacterScreen (37s ago) [degraded] | last key/SplashContinue/G/Space/Enter@683,384 (4m13s ago), fg ok
2026-06-23 23:21:14Z hc1 (D2R_1): frame LobbyOrGame (43s ago) [degraded] | last click/Left@799,689 (2m58s ago), fg ok
2026-06-23 23:21:14Z hc2 (D2R_2): frame CharacterScreen (40s ago) [degraded] | last key/Escape/G/Space/Enter@683,384 (4m1s ago), fg ok
2026-06-23 23:21:14Z hc3 (D2R_3): frame CharacterScreen (39s ago) [degraded] | last key/SplashContinue/G/Space/Enter@683,384 (4m15s ago), fg ok
2026-06-23 23:21:16Z hc1 (D2R_1): frame LobbyOrGame (45s ago) [degraded] | last click/Left@799,689 (3m0s ago), fg ok
2026-06-23 23:21:16Z hc2 (D2R_2): frame CharacterScreen (42s ago) [degraded] | last key/Escape/G/Space/Enter@683,384 (4m3s ago), fg ok
2026-06-23 23:21:16Z hc3 (D2R_3): frame CharacterScreen (41s ago) [degraded] | last key/SplashContinue/G/Space/Enter@683,384 (4m17s ago), fg ok
2026-06-23 23:21:19Z hc1 (D2R_1): frame LobbyOrGame (47s ago) [degraded] | last click/Left@799,689 (3m2s ago), fg ok
2026-06-23 23:21:19Z hc2 (D2R_2): frame CharacterScreen (44s ago) [degraded] | last key/Escape/G/Space/Enter@683,384 (4m5s ago), fg ok
2026-06-23 23:21:19Z hc3 (D2R_3): frame CharacterScreen (44s ago) [degraded] | last key/SplashContinue/G/Space/Enter@683,384 (4m20s ago), fg ok
2026-06-23 23:21:21Z hc1 (D2R_1): frame LobbyOrGame (50s ago) [degraded] | last click/Left@799,689 (3m5s ago), fg ok
2026-06-23 23:21:21Z hc2 (D2R_2): frame CharacterScreen (47s ago) [degraded] | last key/Escape/G/Space/Enter@683,384 (4m8s ago), fg ok
2026-06-23 23:21:21Z hc3 (D2R_3): frame CharacterScreen (46s ago) [degraded] | last key/SplashContinue/G/Space/Enter@683,384 (4m22s ago), fg ok
2026-06-23 23:21:23Z hc1 (D2R_1): frame LobbyOrGame (52s ago) [degraded] | last click/Left@799,689 (3m7s ago), fg ok
2026-06-23 23:21:23Z hc2 (D2R_2): frame CharacterScreen (49s ago) [degraded] | last key/Escape/G/Space/Enter@683,384 (4m10s ago), fg ok
2026-06-23 23:21:23Z hc3 (D2R_3): frame CharacterScreen (48s ago) [degraded] | last key/SplashContinue/G/Space/Enter@683,384 (4m24s ago), fg ok
2026-06-23 23:21:25Z hc1 (D2R_1): frame LobbyOrGame (54s ago) [degraded] | last click/Left@799,689 (3m9s ago), fg ok
2026-06-23 23:21:25Z hc2 (D2R_2): frame CharacterScreen (51s ago) [degraded] | last key/Escape/G/Space/Enter@683,384 (4m12s ago), fg ok
2026-06-23 23:21:25Z hc3 (D2R_3): frame CharacterScreen (50s ago) [degraded] | last key/SplashContinue/G/Space/Enter@683,384 (4m27s ago), fg ok
2026-06-23 23:21:28Z hc1 (D2R_1): frame LobbyOrGame (57s ago) [degraded] | last click/Left@799,689 (3m11s ago), fg ok
2026-06-23 23:21:28Z hc2 (D2R_2): frame CharacterScreen (53s ago) [degraded] | last key/Escape/G/Space/Enter@683,384 (4m14s ago), fg ok
2026-06-23 23:21:28Z hc3 (D2R_3): frame CharacterScreen (53s ago) [degraded] | last key/SplashContinue/G/Space/Enter@683,384 (4m29s ago), fg ok
2026-06-23 23:21:34Z hc1 (D2R_1): frame LobbyOrGame (59s ago) [degraded] | last click/Left@799,689 (3m14s ago), fg ok
2026-06-23 23:21:34Z hc2 (D2R_2): frame CharacterScreen (56s ago) [degraded] | last key/Escape/G/Space/Enter@683,384 (4m17s ago), fg ok
2026-06-23 23:21:34Z hc3 (D2R_3): frame CharacterScreen (6s ago) [degraded] | last key/SplashContinue/G/Space/Enter@683,384 (4m35s ago), fg ok
2026-06-23 23:21:40Z hc1 (D2R_1): frame LobbyOrGame (1m5s ago) [degraded] | last click/Left@799,689 (3m20s ago), fg ok
2026-06-23 23:21:40Z hc2 (D2R_2): frame CharacterScreen (9s ago) [degraded] | last key/Escape/G/Space/Enter@683,384 (4m27s ago), fg ok
2026-06-23 23:21:40Z hc3 (D2R_3): frame CharacterScreen (8s ago) [degraded] | last key/SplashContinue/G/Space/Enter@683,384 (4m37s ago), fg ok
