2026-06-25 18:39:37Z hc1 (D2R_1): frame unknown [degraded: UI command is active; using process-only status so diagnostics cannot starve menu input.] | last no input yet
2026-06-25 18:39:37Z hc2 (D2R_2): frame unknown [degraded: UI command is active; using process-only status so diagnostics cannot starve menu input.] | last no input yet
2026-06-25 18:39:37Z hc3 (D2R_3): frame unknown [degraded: UI command is active; using process-only status so diagnostics cannot starve menu input.] | last no input yet
2026-06-25 18:39:39Z hc1 (D2R_1): frame unknown [degraded: UI command is active; using process-only status so diagnostics cannot starve menu input.] | last no input yet
2026-06-25 18:39:39Z hc2 (D2R_2): frame unknown [degraded: UI command is active; using process-only status so diagnostics cannot starve menu input.] | last no input yet
2026-06-25 18:39:39Z hc3 (D2R_3): frame unknown [degraded: UI command is active; using process-only status so diagnostics cannot starve menu input.] | last no input yet
2026-06-25 18:39:42Z hc1 (D2R_1): frame unknown [degraded: UI command is active; using process-only status so diagnostics cannot starve menu input.] | last no input yet
2026-06-25 18:39:42Z hc2 (D2R_2): frame unknown [degraded: UI command is active; using process-only status so diagnostics cannot starve menu input.] | last no input yet
2026-06-25 18:39:42Z hc3 (D2R_3): frame unknown [degraded: UI command is active; using process-only status so diagnostics cannot starve menu input.] | last no input yet
2026-06-25 18:39:44Z hc1 (D2R_1): frame unknown [degraded: UI command is active; using process-only status so diagnostics cannot starve menu input.] | last no input yet
2026-06-25 18:39:44Z hc2 (D2R_2): frame unknown [degraded: UI command is active; using process-only status so diagnostics cannot starve menu input.] | last no input yet
2026-06-25 18:39:44Z hc3 (D2R_3): frame unknown [degraded: UI command is active; using process-only status so diagnostics cannot starve menu input.] | last no input yet
2026-06-25 18:39:46Z hc1 (D2R_1): frame unknown [degraded: UI command is active; using process-only status so diagnostics cannot starve menu input.] | last no input yet
2026-06-25 18:39:46Z hc2 (D2R_2): frame unknown [degraded: UI command is active; using process-only status so diagnostics cannot starve menu input.] | last no input yet
2026-06-25 18:39:46Z hc3 (D2R_3): frame unknown [degraded: UI command is active; using process-only status so diagnostics cannot starve menu input.] | last no input yet
2026-06-25 18:39:48Z hc1 (D2R_1): frame unknown [degraded: UI command is active; using process-only status so diagnostics cannot starve menu input.] | last no input yet
2026-06-25 18:39:48Z hc2 (D2R_2): frame unknown [degraded: UI command is active; using process-only status so diagnostics cannot starve menu input.] | last no input yet
2026-06-25 18:39:48Z hc3 (D2R_3): frame unknown [degraded: UI command is active; using process-only status so diagnostics cannot starve menu input.] | last no input yet
2026-06-25 18:39:51Z hc1 (D2R_1): frame unknown [degraded: UI command is active; using process-only status so diagnostics cannot starve menu input.] | last no input yet
2026-06-25 18:39:51Z hc2 (D2R_2): frame unknown [degraded: UI command is active; using process-only status so diagnostics cannot starve menu input.] | last no input yet
2026-06-25 18:39:51Z hc3 (D2R_3): frame unknown [degraded: UI command is active; using process-only status so diagnostics cannot starve menu input.] | last no input yet
2026-06-25 18:39:53Z hc1 (D2R_1): frame unknown [degraded: UI command is active; using process-only status so diagnostics cannot starve menu input.] | last no input yet
2026-06-25 18:39:53Z hc2 (D2R_2): frame unknown [degraded: UI command is active; using process-only status so diagnostics cannot starve menu input.] | last no input yet
2026-06-25 18:39:53Z hc3 (D2R_3): frame unknown [degraded: UI command is active; using process-only status so diagnostics cannot starve menu input.] | last no input yet
2026-06-25 18:39:55Z hc1 (D2R_1): frame unknown [degraded: UI command is active; using process-only status so diagnostics cannot starve menu input.] | last no input yet
2026-06-25 18:39:55Z hc2 (D2R_2): frame unknown [degraded: UI command is active; using process-only status so diagnostics cannot starve menu input.] | last no input yet
2026-06-25 18:39:55Z hc3 (D2R_3): frame unknown [degraded: UI command is active; using process-only status so diagnostics cannot starve menu input.] | last no input yet
2026-06-25 18:39:58Z hc1 (D2R_1): frame Unknown (2s ago) [degraded: UI command is active; using process-only status so diagnostics cannot starve menu input.] | last no input yet
2026-06-25 18:39:58Z hc2 (D2R_2): frame Unknown (1s ago) [degraded: UI command is active; using process-only status so diagnostics cannot starve menu input.] | last no input yet
2026-06-25 18:39:58Z hc3 (D2R_3): frame Unknown (1s ago) [degraded: UI command is active; using process-only status so diagnostics cannot starve menu input.] | last no input yet
2026-06-25 18:40:00Z hc1 (D2R_1): frame Unknown (4s ago) [degraded: UI command is active; using process-only status so diagnostics cannot starve menu input.] | last key/Escape/G/Space/Enter@683,384 (1s ago), fg ?
2026-06-25 18:40:00Z hc2 (D2R_2): frame Unknown (3s ago) [degraded: UI command is active; using process-only status so diagnostics cannot starve menu input.] | last key/Escape/G/Space/Enter@683,384 (0s ago), fg ?
2026-06-25 18:40:00Z hc3 (D2R_3): frame Unknown (3s ago) [degraded: UI command is active; using process-only status so diagnostics cannot starve menu input.] | last key/Escape/G/Space/Enter@683,384 (0s ago), fg ?
2026-06-25 18:40:02Z hc1 (D2R_1): frame Unknown (6s ago) [degraded: UI command is active; using process-only status so diagnostics cannot starve menu input.] | last key/Escape/G/Space/Enter@683,384 (3s ago), fg ?
2026-06-25 18:40:02Z hc2 (D2R_2): frame Unknown (6s ago) [degraded: UI command is active; using process-only status so diagnostics cannot starve menu input.] | last key/Escape/G/Space/Enter@683,384 (2s ago), fg ?
2026-06-25 18:40:02Z hc3 (D2R_3): frame Unknown (5s ago) [degraded: UI command is active; using process-only status so diagnostics cannot starve menu input.] | last key/Escape/G/Space/Enter@683,384 (2s ago), fg ?
2026-06-25 18:40:05Z hc1 (D2R_1): frame Unknown (9s ago) [degraded: UI command is active; using process-only status so diagnostics cannot starve menu input.] | last key/Escape/G/Space/Enter@683,384 (5s ago), fg ?
2026-06-25 18:40:05Z hc2 (D2R_2): frame Unknown (8s ago) [degraded: UI command is active; using process-only status so diagnostics cannot starve menu input.] | last key/Escape/G/Space/Enter@683,384 (5s ago), fg ?
2026-06-25 18:40:05Z hc3 (D2R_3): frame Unknown (8s ago) [degraded: UI command is active; using process-only status so diagnostics cannot starve menu input.] | last key/Escape/G/Space/Enter@683,384 (5s ago), fg ?
2026-06-25 18:40:07Z hc1 (D2R_1): frame Unknown (11s ago) [degraded: UI command is active; using process-only status so diagnostics cannot starve menu input.] | last key/Escape/G/Space/Enter@683,384 (8s ago), fg ?
2026-06-25 18:40:07Z hc2 (D2R_2): frame Unknown (10s ago) [degraded: UI command is active; using process-only status so diagnostics cannot starve menu input.] | last key/Escape/G/Space/Enter@683,384 (7s ago), fg ?
2026-06-25 18:40:07Z hc3 (D2R_3): frame Unknown (10s ago) [degraded: UI command is active; using process-only status so diagnostics cannot starve menu input.] | last key/Escape/G/Space/Enter@683,384 (7s ago), fg ?
2026-06-25 18:40:09Z hc1 (D2R_1): frame Unknown (13s ago) [degraded: UI command is active; using process-only status so diagnostics cannot starve menu input.] | last key/Escape/G/Space/Enter@683,384 (10s ago), fg ?
2026-06-25 18:40:09Z hc2 (D2R_2): frame Unknown (12s ago) [degraded: UI command is active; using process-only status so diagnostics cannot starve menu input.] | last key/Escape/G/Space/Enter@683,384 (9s ago), fg ?
2026-06-25 18:40:09Z hc3 (D2R_3): frame Unknown (12s ago) [degraded: UI command is active; using process-only status so diagnostics cannot starve menu input.] | last key/Escape/G/Space/Enter@683,384 (9s ago), fg ?
2026-06-25 18:40:12Z hc1 (D2R_1): frame Unknown (16s ago) [degraded: UI command is active; using process-only status so diagnostics cannot starve menu input.] | last key/Escape/G/Space/Enter@683,384 (12s ago), fg ?
2026-06-25 18:40:12Z hc2 (D2R_2): frame Unknown (15s ago) [degraded: UI command is active; using process-only status so diagnostics cannot starve menu input.] | last key/Escape/G/Space/Enter@683,384 (12s ago), fg ?
2026-06-25 18:40:12Z hc3 (D2R_3): frame Unknown (15s ago) [degraded: UI command is active; using process-only status so diagnostics cannot starve menu input.] | last key/Escape/G/Space/Enter@683,384 (11s ago), fg ?
2026-06-25 18:40:14Z hc1 (D2R_1): frame Unknown (18s ago) [degraded: UI command is active; using process-only status so diagnostics cannot starve menu input.] | last key/Escape/G/Space/Enter@683,384 (15s ago), fg ?
2026-06-25 18:40:14Z hc2 (D2R_2): frame Unknown (17s ago) [degraded: UI command is active; using process-only status so diagnostics cannot starve menu input.] | last key/Escape/G/Space/Enter@683,384 (14s ago), fg ?
2026-06-25 18:40:14Z hc3 (D2R_3): frame Unknown (17s ago) [degraded: UI command is active; using process-only status so diagnostics cannot starve menu input.] | last key/Escape/G/Space/Enter@683,384 (14s ago), fg ?
2026-06-25 18:40:16Z hc1 (D2R_1): frame Unknown (20s ago) [degraded: UI command is active; using process-only status so diagnostics cannot starve menu input.] | last key/Escape/G/Space/Enter@683,384 (17s ago), fg ?
2026-06-25 18:40:16Z hc2 (D2R_2): frame Unknown (20s ago) [degraded: UI command is active; using process-only status so diagnostics cannot starve menu input.] | last key/Escape/G/Space/Enter@683,384 (16s ago), fg ?
2026-06-25 18:40:16Z hc3 (D2R_3): frame Unknown (19s ago) [degraded: UI command is active; using process-only status so diagnostics cannot starve menu input.] | last key/Escape/G/Space/Enter@683,384 (16s ago), fg ?
2026-06-25 18:40:19Z hc1 (D2R_1): frame Unknown (23s ago) [degraded: UI command is active; using process-only status so diagnostics cannot starve menu input.] | last key/Escape/G/Space/Enter@683,384 (19s ago), fg ?
2026-06-25 18:40:19Z hc2 (D2R_2): frame Unknown (22s ago) [degraded: UI command is active; using process-only status so diagnostics cannot starve menu input.] | last key/Escape/G/Space/Enter@683,384 (19s ago), fg ?
2026-06-25 18:40:19Z hc3 (D2R_3): frame Unknown (22s ago) [degraded: UI command is active; using process-only status so diagnostics cannot starve menu input.] | last key/Escape/G/Space/Enter@683,384 (19s ago), fg ?
2026-06-25 18:40:21Z hc1 (D2R_1): frame Unknown (25s ago) [degraded: UI command is active; using process-only status so diagnostics cannot starve menu input.] | last key/Escape/G/Space/Enter@683,384 (22s ago), fg ?
2026-06-25 18:40:21Z hc2 (D2R_2): frame Unknown (24s ago) [degraded: UI command is active; using process-only status so diagnostics cannot starve menu input.] | last key/Escape/G/Space/Enter@683,384 (21s ago), fg ?
2026-06-25 18:40:21Z hc3 (D2R_3): frame Unknown (24s ago) [degraded: UI command is active; using process-only status so diagnostics cannot starve menu input.] | last key/Escape/G/Space/Enter@683,384 (21s ago), fg ?
2026-06-25 18:40:23Z hc1 (D2R_1): frame Unknown (0s ago) [degraded: UI command is active; using process-only status so diagnostics cannot starve menu input.] | last key/Escape/G/Space/Enter@683,384 (24s ago), fg ?
2026-06-25 18:40:23Z hc2 (D2R_2): frame Unknown (26s ago) [degraded: UI command is active; using process-only status so diagnostics cannot starve menu input.] | last key/Escape/G/Space/Enter@683,384 (23s ago), fg ?
2026-06-25 18:40:23Z hc3 (D2R_3): frame Unknown (26s ago) [degraded: UI command is active; using process-only status so diagnostics cannot starve menu input.] | last key/Escape/G/Space/Enter@683,384 (23s ago), fg ?
2026-06-25 18:40:25Z hc1 (D2R_1): frame Unknown (2s ago) [degraded: UI command is active; using process-only status so diagnostics cannot starve menu input.] | last key/Escape/G/Space/Enter@683,384 (26s ago), fg ?
2026-06-25 18:40:25Z hc2 (D2R_2): frame Unknown (1s ago) [degraded: UI command is active; using process-only status so diagnostics cannot starve menu input.] | last key/Escape/G/Space/Enter@683,384 (26s ago), fg ?
2026-06-25 18:40:25Z hc3 (D2R_3): frame Unknown (1s ago) [degraded: UI command is active; using process-only status so diagnostics cannot starve menu input.] | last key/Escape/G/Space/Enter@683,384 (25s ago), fg ?
2026-06-25 18:40:28Z hc1 (D2R_1): frame Unknown (4s ago) [degraded: UI command is active; using process-only status so diagnostics cannot starve menu input.] | last key/Escape/G/Space/Enter@683,384 (1s ago), fg ?
2026-06-25 18:40:28Z hc2 (D2R_2): frame Unknown (4s ago) [degraded: UI command is active; using process-only status so diagnostics cannot starve menu input.] | last key/Escape/G/Space/Enter@683,384 (1s ago), fg ?
2026-06-25 18:40:28Z hc3 (D2R_3): frame Unknown (3s ago) [degraded: UI command is active; using process-only status so diagnostics cannot starve menu input.] | last key/Escape/G/Space/Enter@683,384 (0s ago), fg ?
2026-06-25 18:40:30Z hc1 (D2R_1): frame Unknown (7s ago) [degraded: UI command is active; using process-only status so diagnostics cannot starve menu input.] | last key/Escape/G/Space/Enter@683,384 (3s ago), fg ?
2026-06-25 18:40:30Z hc2 (D2R_2): frame Unknown (6s ago) [degraded: UI command is active; using process-only status so diagnostics cannot starve menu input.] | last key/Escape/G/Space/Enter@683,384 (3s ago), fg ?
2026-06-25 18:40:30Z hc3 (D2R_3): frame Unknown (6s ago) [degraded: UI command is active; using process-only status so diagnostics cannot starve menu input.] | last key/Escape/G/Space/Enter@683,384 (2s ago), fg ?
2026-06-25 18:40:32Z hc1 (D2R_1): frame Unknown (9s ago) [degraded: UI command is active; using process-only status so diagnostics cannot starve menu input.] | last key/Escape/G/Space/Enter@683,384 (6s ago), fg ?
2026-06-25 18:40:32Z hc2 (D2R_2): frame Unknown (8s ago) [degraded: UI command is active; using process-only status so diagnostics cannot starve menu input.] | last key/Escape/G/Space/Enter@683,384 (5s ago), fg ?
2026-06-25 18:40:32Z hc3 (D2R_3): frame Unknown (8s ago) [degraded: UI command is active; using process-only status so diagnostics cannot starve menu input.] | last key/Escape/G/Space/Enter@683,384 (5s ago), fg ?
2026-06-25 18:40:35Z hc1 (D2R_1): frame Unknown (11s ago) [degraded: UI command is active; using process-only status so diagnostics cannot starve menu input.] | last key/Escape/G/Space/Enter@683,384 (8s ago), fg ?
2026-06-25 18:40:35Z hc2 (D2R_2): frame Unknown (11s ago) [degraded: UI command is active; using process-only status so diagnostics cannot starve menu input.] | last key/Escape/G/Space/Enter@683,384 (8s ago), fg ?
2026-06-25 18:40:35Z hc3 (D2R_3): frame Unknown (10s ago) [degraded: UI command is active; using process-only status so diagnostics cannot starve menu input.] | last key/Escape/G/Space/Enter@683,384 (7s ago), fg ?
2026-06-25 18:40:37Z hc1 (D2R_1): frame Unknown (14s ago) [degraded: UI command is active; using process-only status so diagnostics cannot starve menu input.] | last key/Escape/G/Space/Enter@683,384 (10s ago), fg ?
2026-06-25 18:40:37Z hc2 (D2R_2): frame Unknown (13s ago) [degraded: UI command is active; using process-only status so diagnostics cannot starve menu input.] | last key/Escape/G/Space/Enter@683,384 (10s ago), fg ?
2026-06-25 18:40:37Z hc3 (D2R_3): frame Unknown (13s ago) [degraded: UI command is active; using process-only status so diagnostics cannot starve menu input.] | last key/Escape/G/Space/Enter@683,384 (9s ago), fg ?
2026-06-25 18:40:39Z hc1 (D2R_1): frame Unknown (16s ago) [degraded: UI command is active; using process-only status so diagnostics cannot starve menu input.] | last key/Escape/G/Space/Enter@683,384 (13s ago), fg ?
2026-06-25 18:40:39Z hc2 (D2R_2): frame Unknown (15s ago) [degraded: UI command is active; using process-only status so diagnostics cannot starve menu input.] | last key/Escape/G/Space/Enter@683,384 (12s ago), fg ?
2026-06-25 18:40:39Z hc3 (D2R_3): frame Unknown (15s ago) [degraded: UI command is active; using process-only status so diagnostics cannot starve menu input.] | last key/Escape/G/Space/Enter@683,384 (12s ago), fg ?
2026-06-25 18:40:42Z hc1 (D2R_1): frame Unknown (18s ago) [degraded: UI command is active; using process-only status so diagnostics cannot starve menu input.] | last key/Escape/G/Space/Enter@683,384 (15s ago), fg ?
2026-06-25 18:40:42Z hc2 (D2R_2): frame Unknown (18s ago) [degraded: UI command is active; using process-only status so diagnostics cannot starve menu input.] | last key/Escape/G/Space/Enter@683,384 (14s ago), fg ?
2026-06-25 18:40:42Z hc3 (D2R_3): frame Unknown (17s ago) [degraded: UI command is active; using process-only status so diagnostics cannot starve menu input.] | last key/Escape/G/Space/Enter@683,384 (14s ago), fg ?
2026-06-25 18:40:44Z hc1 (D2R_1): frame Unknown (21s ago) [degraded: UI command is active; using process-only status so diagnostics cannot starve menu input.] | last key/Escape/G/Space/Enter@683,384 (17s ago), fg ?
2026-06-25 18:40:44Z hc2 (D2R_2): frame Unknown (20s ago) [degraded: UI command is active; using process-only status so diagnostics cannot starve menu input.] | last key/Escape/G/Space/Enter@683,384 (17s ago), fg ?
2026-06-25 18:40:44Z hc3 (D2R_3): frame Unknown (20s ago) [degraded: UI command is active; using process-only status so diagnostics cannot starve menu input.] | last key/Escape/G/Space/Enter@683,384 (16s ago), fg ?
2026-06-25 18:40:46Z hc1 (D2R_1): frame Unknown (23s ago) [degraded: UI command is active; using process-only status so diagnostics cannot starve menu input.] | last key/Escape/G/Space/Enter@683,384 (20s ago), fg ?
2026-06-25 18:40:46Z hc2 (D2R_2): frame Unknown (22s ago) [degraded: UI command is active; using process-only status so diagnostics cannot starve menu input.] | last key/Escape/G/Space/Enter@683,384 (19s ago), fg ?
2026-06-25 18:40:46Z hc3 (D2R_3): frame Unknown (22s ago) [degraded: UI command is active; using process-only status so diagnostics cannot starve menu input.] | last key/Escape/G/Space/Enter@683,384 (19s ago), fg ?
2026-06-25 18:40:48Z hc1 (D2R_1): frame Unknown (25s ago) [degraded: UI command is active; using process-only status so diagnostics cannot starve menu input.] | last key/Escape/G/Space/Enter@683,384 (22s ago), fg ?
2026-06-25 18:40:48Z hc2 (D2R_2): frame Unknown (25s ago) [degraded: UI command is active; using process-only status so diagnostics cannot starve menu input.] | last key/Escape/G/Space/Enter@683,384 (22s ago), fg ?
2026-06-25 18:40:48Z hc3 (D2R_3): frame Unknown (24s ago) [degraded: UI command is active; using process-only status so diagnostics cannot starve menu input.] | last key/Escape/G/Space/Enter@683,384 (21s ago), fg ?
2026-06-25 18:40:51Z hc1 (D2R_1): frame CharacterScreen (2s ago) [degraded: UI command is active; using process-only status so diagnostics cannot starve menu input.] | last click/Left@799,689 (0s ago), fg ? | at EnsureLobbyOpenedAsync: remembered-character-screen click (1s ago)
2026-06-25 18:40:51Z hc2 (D2R_2): frame Unknown (27s ago) [degraded: UI command is active; using process-only status so diagnostics cannot starve menu input.] | last key/Escape/G/Space/Enter@683,384 (24s ago), fg ?
2026-06-25 18:40:51Z hc3 (D2R_3): frame CharacterScreen (0s ago) [degraded: UI command is active; using process-only status so diagnostics cannot starve menu input.] | last key/Escape/G/Space/Enter@683,384 (23s ago), fg ? | at EnsureReadyCharacterScreenOnlineAsync: ready loop detected CharacterScreen (0s ago)
2026-06-25 18:40:53Z hc1 (D2R_1): frame CharacterScreen (4s ago) [degraded: UI command is active; using process-only status so diagnostics cannot starve menu input.] | last click/Left@919,55 (0s ago), fg ? | at ClickLobbyTabDirectAsync: second ClickD2R (0s ago)
2026-06-25 18:40:53Z hc2 (D2R_2): frame Unknown (29s ago) [degraded: UI command is active; using process-only status so diagnostics cannot starve menu input.] | last key/Escape/G/Space/Enter@683,384 (26s ago), fg ?
2026-06-25 18:40:53Z hc3 (D2R_3): frame CharacterScreen (3s ago) [degraded: UI command is active; using process-only status so diagnostics cannot starve menu input.] | last click/Left@799,689 (1s ago), fg ? | at ClickLobbyTabDirectAsync: first ClickD2R (0s ago)
2026-06-25 18:40:56Z hc1 (D2R_1): frame CharacterScreen (7s ago) [degraded: UI command is active; using process-only status so diagnostics cannot starve menu input.] | last click/Left@1046,123 (1s ago), fg ? | at FillTextFieldAsync: select all (0s ago)
2026-06-25 18:40:56Z hc2 (D2R_2): frame CharacterMenu (2s ago) [degraded: UI command is active; using process-only status so diagnostics cannot starve menu input.] | last click/Left@799,689 (0s ago), fg ? | at EnsureLobbyOpenedAsync: remembered-character-screen click (1s ago)
2026-06-25 18:40:56Z hc3 (D2R_3): frame CharacterScreen (5s ago) [degraded: UI command is active; using process-only status so diagnostics cannot starve menu input.] | last click/Left@952,106 (0s ago), fg ? | at FillTextFieldAsync: first click (0s ago)
2026-06-25 18:40:59Z hc1 (D2R_1): frame CharacterScreen (10s ago) [degraded: UI command is active; using process-only status so diagnostics cannot starve menu input.] | last click/Left@1046,172 (0s ago), fg ? | at FillTextFieldAsync: second click (0s ago)
2026-06-25 18:40:59Z hc2 (D2R_2): frame CharacterMenu (5s ago) [degraded: UI command is active; using process-only status so diagnostics cannot starve menu input.] | last click/Left@952,106 (0s ago), fg ? | at FillTextFieldAsync: first click (0s ago)
2026-06-25 18:40:59Z hc3 (D2R_3): frame CharacterScreen (9s ago) [degraded: UI command is active; using process-only status so diagnostics cannot starve menu input.] | last click/Left@1143,106 (1s ago), fg ? | at FillTextFieldAsync: second click (0s ago)
2026-06-25 18:41:03Z hc1 (D2R_1): frame CharacterScreen (14s ago) [degraded: UI command is active; using process-only status so diagnostics cannot starve menu input.] | last click/Left@952,269 (0s ago), fg ? | at FillTextFieldAsync: type text (1s ago)
2026-06-25 18:41:03Z hc2 (D2R_2): frame CharacterMenu (8s ago) [degraded: UI command is active; using process-only status so diagnostics cannot starve menu input.] | last click/Left@1143,106 (1s ago), fg ? | at FillTextFieldAsync: second click (0s ago)
2026-06-25 18:41:03Z hc3 (D2R_3): frame CharacterScreen (11s ago) [degraded: Detailed status collection is still running; using process-only fallback.] | last click/Left@1143,106 (2s ago), fg ? | at FillTextFieldAsync: type text (1s ago)
2026-06-25 18:41:05Z hc1 (D2R_1): frame CharacterScreen (16s ago) [degraded: UI command is active; using process-only status so diagnostics cannot starve menu input.] | last click/Left@1045,475 (0s ago), fg ? | at ClickMenuEntryButtonUntilEnteredGameAsync: loop iteration 4, waiting entry grace before HUD check (0s ago)
2026-06-25 18:41:05Z hc2 (D2R_2): frame CharacterMenu (11s ago) [degraded: Detailed status collection is still running; using process-only fallback.] | last click/Left@1143,106 (2s ago), fg ? | at FillTextFieldAsync: type text (2s ago)
2026-06-25 18:41:05Z hc3 (D2R_3): frame CharacterScreen (15s ago) [degraded: Detailed status collection is still running; using process-only fallback.] | last click/Left@1143,106 (5s ago), fg ? | at FillTextFieldAsync: type text (4s ago)
2026-06-25 18:41:07Z hc1 (D2R_1): frame CharacterScreen (18s ago) [degraded: UI command is active; using process-only status so diagnostics cannot starve menu input.] | last click/Left@1045,475 (2s ago), fg ? | at ClickMenuEntryButtonUntilEnteredGameAsync: loop iteration 14, waiting entry grace before HUD check (0s ago)
2026-06-25 18:41:07Z hc2 (D2R_2): frame CharacterMenu (13s ago) [degraded: Detailed status collection is still running; using process-only fallback.] | last click/Left@1143,106 (5s ago), fg ? | at FillTextFieldAsync: type text (4s ago)
2026-06-25 18:41:07Z hc3 (D2R_3): frame CharacterScreen (17s ago) [degraded: Detailed status collection is still running; using process-only fallback.] | last click/Left@1143,106 (7s ago), fg ? | at FillTextFieldAsync: type text (7s ago)
2026-06-25 18:41:10Z hc1 (D2R_1): frame CharacterScreen (21s ago) [degraded: UI command is active; using process-only status so diagnostics cannot starve menu input.] | last click/Left@1045,475 (5s ago), fg ? | at ClickMenuEntryButtonUntilEnteredGameAsync: loop iteration 26, waiting entry grace before HUD check (0s ago)
2026-06-25 18:41:10Z hc2 (D2R_2): frame CharacterMenu (16s ago) [degraded: Detailed status collection is still running; using process-only fallback.] | last click/Left@1143,106 (7s ago), fg ? | at FillTextFieldAsync: type text (6s ago)
2026-06-25 18:41:10Z hc3 (D2R_3): frame CharacterScreen (19s ago) [degraded: Detailed status collection is still running; using process-only fallback.] | last click/Left@1143,106 (10s ago), fg ? | at FillTextFieldAsync: type text (9s ago)
2026-06-25 18:41:12Z hc1 (D2R_1): frame CharacterScreen (23s ago) [degraded: UI command is active; using process-only status so diagnostics cannot starve menu input.] | last click/Left@1045,475 (7s ago), fg ? | at ClickMenuEntryButtonUntilEnteredGameAsync: entry grace elapsed (iteration 31), blind re-clicking entry button (1s ago)
2026-06-25 18:41:12Z hc2 (D2R_2): frame CharacterMenu (18s ago) [degraded: Detailed status collection is still running; using process-only fallback.] | last click/Left@1143,106 (9s ago), fg ? | at FillTextFieldAsync: type text (9s ago)
2026-06-25 18:41:12Z hc3 (D2R_3): frame CharacterScreen (21s ago) [degraded: Detailed status collection is still running; using process-only fallback.] | last click/Left@1143,106 (12s ago), fg ? | at FillTextFieldAsync: type text (11s ago)
2026-06-25 18:41:14Z hc1 (D2R_1): frame CharacterScreen (25s ago) [degraded: UI command is active; using process-only status so diagnostics cannot starve menu input.] | last click/Left@1045,475 (9s ago), fg ? | at ClickMenuEntryButtonUntilEnteredGameAsync: loop iteration 38, waiting entry grace before HUD check (0s ago)
2026-06-25 18:41:14Z hc2 (D2R_2): frame CharacterMenu (20s ago) [degraded: Detailed status collection is still running; using process-only fallback.] | last click/Left@1143,106 (11s ago), fg ? | at FillTextFieldAsync: type text (11s ago)
2026-06-25 18:41:14Z hc3 (D2R_3): frame CharacterScreen (24s ago) [degraded: Detailed status collection is still running; using process-only fallback.] | last click/Left@1143,106 (14s ago), fg ? | at FillTextFieldAsync: type text (13s ago)
2026-06-25 18:41:16Z hc1 (D2R_1): frame CharacterScreen (27s ago) [degraded: UI command is active; using process-only status so diagnostics cannot starve menu input.] | last click/Left@1045,475 (12s ago), fg ? | at ClickMenuEntryButtonUntilEnteredGameAsync: loop iteration 48, waiting entry grace before HUD check (0s ago)
2026-06-25 18:41:16Z hc2 (D2R_2): frame CharacterMenu (23s ago) [degraded: Detailed status collection is still running; using process-only fallback.] | last click/Left@1143,106 (14s ago), fg ? | at FillTextFieldAsync: type text (13s ago)
2026-06-25 18:41:16Z hc3 (D2R_3): frame CharacterScreen (26s ago) [degraded: Detailed status collection is still running; using process-only fallback.] | last click/Left@1143,106 (17s ago), fg ? | at FillTextFieldAsync: type text (16s ago)
2026-06-25 18:41:19Z hc1 (D2R_1): frame CharacterScreen (30s ago) [degraded: UI command is active; using process-only status so diagnostics cannot starve menu input.] | last click/Left@1045,475 (14s ago), fg ? | at ClickMenuEntryButtonUntilEnteredGameAsync: loop iteration 60, waiting entry grace before HUD check (0s ago)
2026-06-25 18:41:19Z hc2 (D2R_2): frame CharacterMenu (25s ago) [degraded: Detailed status collection is still running; using process-only fallback.] | last click/Left@1143,106 (16s ago), fg ? | at FillTextFieldAsync: type text (16s ago)
2026-06-25 18:41:19Z hc3 (D2R_3): frame CharacterScreen (28s ago) [degraded: Detailed status collection is still running; using process-only fallback.] | last click/Left@1143,106 (19s ago), fg ? | at FillTextFieldAsync: type text (18s ago)
2026-06-25 18:41:21Z hc1 (D2R_1): frame CharacterScreen (32s ago) [degraded: UI command is active; using process-only status so diagnostics cannot starve menu input.] | last click/Left@1045,475 (16s ago), fg ? | at ClickMenuEntryButtonUntilEnteredGameAsync: loop iteration 62, checking game-entry error dialog (0s ago)
2026-06-25 18:41:21Z hc2 (D2R_2): frame CharacterMenu (27s ago) [degraded: Detailed status collection is still running; using process-only fallback.] | last click/Left@1143,106 (18s ago), fg ? | at FillTextFieldAsync: type text (18s ago)
2026-06-25 18:41:21Z hc3 (D2R_3): frame CharacterScreen (31s ago) [degraded: Detailed status collection is still running; using process-only fallback.] | last click/Left@1143,106 (21s ago), fg ? | at FillTextFieldAsync: type text (20s ago)
2026-06-25 18:41:23Z hc1 (D2R_1): frame CharacterScreen (34s ago) [degraded: UI command is active; using process-only status so diagnostics cannot starve menu input.] | last click/Left@1045,475 (19s ago), fg ? | at ClickMenuEntryButtonUntilEnteredGameAsync: loop iteration 62, checking connection interruption (0s ago)
2026-06-25 18:41:23Z hc2 (D2R_2): frame CharacterMenu (30s ago) [degraded: Detailed status collection is still running; using process-only fallback.] | last click/Left@1143,106 (21s ago), fg ? | at FillTextFieldAsync: type text (20s ago)
2026-06-25 18:41:23Z hc3 (D2R_3): frame CharacterScreen (33s ago) [degraded: Detailed status collection is still running; using process-only fallback.] | last click/Left@1143,106 (23s ago), fg ? | at FillTextFieldAsync: type text (23s ago)
2026-06-25 18:41:26Z hc1 (D2R_1): frame CharacterScreen (37s ago) [degraded: UI command is active; using process-only status so diagnostics cannot starve menu input.] | last click/Left@1045,475 (22s ago), fg ? | at ClickMenuEntryButtonUntilEnteredGameAsync: loop iteration 62, checking character select (1s ago)
2026-06-25 18:41:26Z hc2 (D2R_2): frame CharacterMenu (32s ago) [degraded: Detailed status collection is still running; using process-only fallback.] | last click/Left@1143,106 (23s ago), fg ? | at FillTextFieldAsync: type text (23s ago)
2026-06-25 18:41:26Z hc3 (D2R_3): frame CharacterScreen (35s ago) [degraded: Detailed status collection is still running; using process-only fallback.] | last click/Left@1143,106 (26s ago), fg ? | at FillTextFieldAsync: type text (25s ago)
2026-06-25 18:41:29Z hc1 (D2R_1): frame CharacterScreen (40s ago) [degraded: UI command is active; using process-only status so diagnostics cannot starve menu input.] | last click/Left@1045,475 (24s ago), fg ? | at WaitForGameEntryAsync: poll iteration 1: sampling screen-relative HUD (0s ago)
2026-06-25 18:41:29Z hc2 (D2R_2): frame CharacterMenu (35s ago) [degraded: Detailed status collection is still running; using process-only fallback.] | last click/Left@1143,106 (26s ago), fg ? | at FillTextFieldAsync: type text (26s ago)
2026-06-25 18:41:29Z hc3 (D2R_3): frame CharacterScreen (38s ago) [degraded: Detailed status collection is still running; using process-only fallback.] | last click/Left@1143,106 (29s ago), fg ? | at FillTextFieldAsync: type text (28s ago)
2026-06-25 18:41:31Z hc1 (D2R_1): frame CharacterScreen (42s ago) [degraded: UI command is active; using process-only status so diagnostics cannot starve menu input.] | last click/Left@1045,475 (26s ago), fg ? | at WaitForGameEntryAsync: poll iteration 1, checking game-entry error dialog (0s ago)
2026-06-25 18:41:31Z hc2 (D2R_2): frame CharacterMenu (37s ago) [degraded: Detailed status collection is still running; using process-only fallback.] | last click/Left@1143,106 (28s ago), fg ? | at FillTextFieldAsync: type text (28s ago)
2026-06-25 18:41:31Z hc3 (D2R_3): frame CharacterScreen (41s ago) [degraded: Detailed status collection is still running; using process-only fallback.] | last click/Left@1143,106 (31s ago), fg ? | at FillTextFieldAsync: type text (30s ago)
2026-06-25 18:41:33Z hc1 (D2R_1): frame CharacterScreen (44s ago) [degraded: UI command is active; using process-only status so diagnostics cannot starve menu input.] | last click/Left@1045,475 (29s ago), fg ? | at WaitForGameEntryAsync: poll iteration 1, checking offline character screen (1s ago)
2026-06-25 18:41:33Z hc2 (D2R_2): frame CharacterMenu (40s ago) [degraded: Detailed status collection is still running; using process-only fallback.] | last click/Left@1143,106 (31s ago), fg ? | at FillTextFieldAsync: type text (30s ago)
2026-06-25 18:41:33Z hc3 (D2R_3): frame CharacterScreen (43s ago) [degraded: Detailed status collection is still running; using process-only fallback.] | last click/Left@1143,106 (34s ago), fg ? | at FillTextFieldAsync: type text (33s ago)
2026-06-25 18:41:36Z hc1 (D2R_1): frame CharacterScreen (47s ago) [degraded: UI command is active; using process-only status so diagnostics cannot starve menu input.] | last click/Left@1045,475 (31s ago), fg ? | at WaitForGameEntryAsync: poll iteration 2: sampling screen-relative HUD (0s ago)
2026-06-25 18:41:36Z hc2 (D2R_2): frame CharacterMenu (42s ago) [degraded: Detailed status collection is still running; using process-only fallback.] | last click/Left@1143,106 (33s ago), fg ? | at FillTextFieldAsync: type text (33s ago)
2026-06-25 18:41:36Z hc3 (D2R_3): frame CharacterScreen (45s ago) [degraded: Detailed status collection is still running; using process-only fallback.] | last click/Left@1143,106 (36s ago), fg ? | at FillTextFieldAsync: type text (35s ago)
2026-06-25 18:41:38Z hc1 (D2R_1): frame CharacterScreen (49s ago) [degraded: UI command is active; using process-only status so diagnostics cannot starve menu input.] | last click/Left@1045,475 (33s ago), fg ? | at WaitForGameEntryAsync: poll iteration 2, checking game-entry error dialog (0s ago)
2026-06-25 18:41:38Z hc2 (D2R_2): frame CharacterMenu (44s ago) [degraded: Detailed status collection is still running; using process-only fallback.] | last click/Left@1143,106 (35s ago), fg ? | at FillTextFieldAsync: type text (35s ago)
2026-06-25 18:41:38Z hc3 (D2R_3): frame CharacterScreen (48s ago) [degraded: Detailed status collection is still running; using process-only fallback.] | last click/Left@1143,106 (38s ago), fg ? | at FillTextFieldAsync: type text (37s ago)
2026-06-25 18:41:41Z hc1 (D2R_1): frame CharacterScreen (52s ago) [degraded: UI command is active; using process-only status so diagnostics cannot starve menu input.] | last click/Left@1045,475 (37s ago), fg ? | at WaitForGameEntryAsync: poll iteration 2, checking character screen return (1s ago)
2026-06-25 18:41:41Z hc2 (D2R_2): frame CharacterMenu (47s ago) [degraded: Detailed status collection is still running; using process-only fallback.] | last click/Left@1143,106 (38s ago), fg ? | at FillTextFieldAsync: type text (37s ago)
2026-06-25 18:41:41Z hc3 (D2R_3): frame CharacterScreen (50s ago) [degraded: Detailed status collection is still running; using process-only fallback.] | last click/Left@1143,106 (41s ago), fg ? | at FillTextFieldAsync: type text (40s ago)
2026-06-25 18:41:44Z hc1 (D2R_1): frame CharacterScreen (55s ago) [degraded: UI command is active; using process-only status so diagnostics cannot starve menu input.] | last click/Left@1045,475 (40s ago), fg ? | at WaitForGameEntryAsync: poll iteration 2, lobby menu absent; waiting for HUD confirmation (1s ago)
2026-06-25 18:41:44Z hc2 (D2R_2): frame CharacterMenu (50s ago) [degraded: Detailed status collection is still running; using process-only fallback.] | last click/Left@1143,106 (41s ago), fg ? | at FillTextFieldAsync: type text (40s ago)
2026-06-25 18:41:44Z hc3 (D2R_3): frame CharacterScreen (53s ago) [degraded: Detailed status collection is still running; using process-only fallback.] | last click/Left@1143,106 (44s ago), fg ? | at FillTextFieldAsync: type text (43s ago)
2026-06-25 18:41:47Z hc1 (D2R_1): frame CharacterScreen (58s ago) [degraded: UI command is active; using process-only status so diagnostics cannot starve menu input.] | last click/Left@1045,475 (42s ago), fg ? | at WaitForGameEntryAsync: poll iteration 3, checking connection interruption (0s ago)
2026-06-25 18:41:47Z hc2 (D2R_2): frame CharacterMenu (53s ago) [degraded: Detailed status collection is still running; using process-only fallback.] | last click/Left@1143,106 (44s ago), fg ? | at FillTextFieldAsync: type text (43s ago)
2026-06-25 18:41:47Z hc3 (D2R_3): frame CharacterScreen (56s ago) [degraded: Detailed status collection is still running; using process-only fallback.] | last click/Left@1143,106 (47s ago), fg ? | at FillTextFieldAsync: type text (46s ago)
2026-06-25 18:41:50Z hc1 (D2R_1): frame CharacterScreen (1m1s ago) [degraded: UI command is active; using process-only status so diagnostics cannot starve menu input.] | last click/Left@1045,475 (45s ago), fg ? | at WaitForGameEntryAsync: poll iteration 3, checking offline character screen (0s ago)
2026-06-25 18:41:50Z hc2 (D2R_2): frame CharacterMenu (55s ago) [degraded: Detailed status collection is still running; using process-only fallback.] | last click/Left@1143,106 (46s ago), fg ? | at FillTextFieldAsync: type text (46s ago)
2026-06-25 18:41:50Z hc3 (D2R_3): frame CharacterScreen (59s ago) [degraded: Detailed status collection is still running; using process-only fallback.] | last click/Left@1143,106 (49s ago), fg ? | at FillTextFieldAsync: type text (48s ago)
2026-06-25 18:41:52Z hc1 (D2R_1): frame CharacterScreen (1m3s ago) [degraded: UI command is active; using process-only status so diagnostics cannot starve menu input.] | last click/Left@1045,475 (48s ago), fg ? | at WaitForGameEntryAsync: poll iteration 3, checking lobby menu return (0s ago)
2026-06-25 18:41:52Z hc2 (D2R_2): frame CharacterMenu (58s ago) [degraded: Detailed status collection is still running; using process-only fallback.] | last click/Left@1143,106 (49s ago), fg ? | at FillTextFieldAsync: type text (49s ago)
2026-06-25 18:41:52Z hc3 (D2R_3): frame CharacterScreen (1m2s ago) [degraded: Detailed status collection is still running; using process-only fallback.] | last click/Left@1143,106 (52s ago), fg ? | at FillTextFieldAsync: type text (51s ago)
2026-06-25 18:41:56Z hc1 (D2R_1): frame CharacterScreen (1m7s ago) [degraded: UI command is active; using process-only status so diagnostics cannot starve menu input.] | last click/Left@1045,475 (51s ago), fg ? | at WaitForGameEntryAsync: poll iteration 4: sampling screen-relative HUD (0s ago)
2026-06-25 18:41:56Z hc2 (D2R_2): frame CharacterMenu (1m1s ago) [degraded: Detailed status collection is still running; using process-only fallback.] | last click/Left@1143,106 (52s ago), fg ? | at FillTextFieldAsync: type text (52s ago)
2026-06-25 18:41:56Z hc3 (D2R_3): frame CharacterScreen (1m4s ago) [degraded: Detailed status collection is still running; using process-only fallback.] | last click/Left@1143,106 (55s ago), fg ? | at FillTextFieldAsync: type text (54s ago)
2026-06-25 18:41:59Z hc1 (D2R_1): frame CharacterScreen (1m10s ago) [degraded: UI command is active; using process-only status so diagnostics cannot starve menu input.] | last click/Left@1045,475 (54s ago), fg ? | at WaitForGameEntryAsync: poll iteration 4, checking game-entry error dialog (0s ago)
2026-06-25 18:41:59Z hc2 (D2R_2): frame CharacterMenu (1m4s ago) [degraded: Detailed status collection is still running; using process-only fallback.] | last click/Left@1143,106 (56s ago), fg ? | at FillTextFieldAsync: type text (55s ago)
2026-06-25 18:41:59Z hc3 (D2R_3): frame CharacterScreen (1m8s ago) [degraded: Detailed status collection is still running; using process-only fallback.] | last click/Left@1143,106 (58s ago), fg ? | at FillTextFieldAsync: type text (58s ago)
2026-06-25 18:42:01Z hc1 (D2R_1): frame CharacterScreen (1m13s ago) [degraded: UI command is active; using process-only status so diagnostics cannot starve menu input.] | last click/Left@1045,475 (57s ago), fg ? | at WaitForGameEntryAsync: poll iteration 4, checking character screen return (0s ago)
2026-06-25 18:42:01Z hc2 (D2R_2): frame CharacterMenu (1m8s ago) [degraded: Detailed status collection is still running; using process-only fallback.] | last click/Left@1143,106 (59s ago), fg ? | at FillTextFieldAsync: type text (58s ago)
2026-06-25 18:42:01Z hc3 (D2R_3): frame CharacterScreen (1m11s ago) [degraded: Detailed status collection is still running; using process-only fallback.] | last click/Left@1143,106 (1m2s ago), fg ? | at FillTextFieldAsync: type text (1m1s ago)
2026-06-25 18:42:04Z hc1 (D2R_1): frame CharacterScreen (1m15s ago) [degraded: UI command is active; using process-only status so diagnostics cannot starve menu input.] | last click/Left@1045,475 (59s ago), fg ? | at WaitForGameEntryAsync: poll iteration 4, checking lobby menu return (1s ago)
2026-06-25 18:42:04Z hc2 (D2R_2): frame CharacterMenu (1m10s ago) [degraded: Detailed status collection is still running; using process-only fallback.] | last click/Left@1143,106 (1m1s ago), fg ? | at FillTextFieldAsync: type text (1m1s ago)
2026-06-25 18:42:04Z hc3 (D2R_3): frame CharacterScreen (1m13s ago) [degraded: Detailed status collection is still running; using process-only fallback.] | last click/Left@1143,106 (1m4s ago), fg ? | at FillTextFieldAsync: type text (1m3s ago)
2026-06-25 18:42:07Z hc1 (D2R_1): frame CharacterScreen (1m18s ago) [degraded: UI command is active; using process-only status so diagnostics cannot starve menu input.] | last click/Left@1045,475 (1m2s ago), fg ? | at WaitForGameEntryAsync: deadline, checking game-entry error dialog (0s ago)
2026-06-25 18:42:07Z hc2 (D2R_2): frame CharacterMenu (1m13s ago) [degraded: Detailed status collection is still running; using process-only fallback.] | last click/Left@1143,106 (1m4s ago), fg ? | at FillTextFieldAsync: type text (1m3s ago)
2026-06-25 18:42:07Z hc3 (D2R_3): frame CharacterScreen (1m16s ago) [degraded: Detailed status collection is still running; using process-only fallback.] | last click/Left@1143,106 (1m7s ago), fg ? | at FillTextFieldAsync: type text (1m6s ago)
2026-06-25 18:42:10Z hc1 (D2R_1): frame CharacterScreen (1m21s ago) [degraded: UI command is active; using process-only status so diagnostics cannot starve menu input.] | last click/Left@1045,475 (1m5s ago), fg ? | at WaitForGameEntryAsync: deadline, checking offline character screen (0s ago)
2026-06-25 18:42:10Z hc2 (D2R_2): frame CharacterMenu (1m15s ago) [degraded: Detailed status collection is still running; using process-only fallback.] | last click/Left@1143,106 (1m6s ago), fg ? | at FillTextFieldAsync: type text (1m6s ago)
2026-06-25 18:42:10Z hc3 (D2R_3): frame CharacterScreen (1m18s ago) [degraded: Detailed status collection is still running; using process-only fallback.] | last click/Left@1143,106 (1m9s ago), fg ? | at FillTextFieldAsync: type text (1m8s ago)
2026-06-25 18:42:13Z hc1 (D2R_1): frame CharacterScreen (1m24s ago) [degraded: UI command is active; using process-only status so diagnostics cannot starve menu input.] | last click/Left@1045,475 (1m8s ago), fg ? | at ClickMenuEntryButtonUntilEnteredGameAsync: after wait result (iteration 62): sampling process-relative HUD (0s ago)
2026-06-25 18:42:13Z hc2 (D2R_2): frame CharacterMenu (1m18s ago) [degraded: Detailed status collection is still running; using process-only fallback.] | last click/Left@1143,106 (1m9s ago), fg ? | at FillTextFieldAsync: type text (1m9s ago)
2026-06-25 18:42:13Z hc3 (D2R_3): frame CharacterScreen (1m21s ago) [degraded: Detailed status collection is still running; using process-only fallback.] | last click/Left@1143,106 (1m12s ago), fg ? | at FillTextFieldAsync: type text (1m11s ago)
2026-06-25 18:42:16Z hc1 (D2R_1): frame CharacterScreen (1m27s ago) [degraded: UI command is active; using process-only status so diagnostics cannot starve menu input.] | last click/Left@1045,475 (1m11s ago), fg ? | at ClickMenuEntryButtonUntilEnteredGameAsync: loop iteration 63: sampling screen-relative HUD (0s ago)
2026-06-25 18:42:16Z hc2 (D2R_2): frame CharacterMenu (1m21s ago) [degraded: Detailed status collection is still running; using process-only fallback.] | last click/Left@1143,106 (1m12s ago), fg ? | at FillTextFieldAsync: type text (1m12s ago)
2026-06-25 18:42:16Z hc3 (D2R_3): frame CharacterScreen (1m25s ago) [degraded: Detailed status collection is still running; using process-only fallback.] | last click/Left@1143,106 (1m15s ago), fg ? | at FillTextFieldAsync: type text (1m14s ago)
2026-06-25 18:42:18Z hc1 (D2R_1): frame CharacterScreen (1m29s ago) [degraded: UI command is active; using process-only status so diagnostics cannot starve menu input.] | last click/Left@1045,475 (1m14s ago), fg ? | at ClickMenuEntryButtonUntilEnteredGameAsync: loop iteration 63, checking connection interruption (0s ago)
2026-06-25 18:42:18Z hc2 (D2R_2): frame CharacterMenu (1m24s ago) [degraded: Detailed status collection is still running; using process-only fallback.] | last click/Left@1143,106 (1m15s ago), fg ? | at FillTextFieldAsync: type text (1m15s ago)
2026-06-25 18:42:18Z hc3 (D2R_3): frame CharacterScreen (1m28s ago) [degraded: Detailed status collection is still running; using process-only fallback.] | last click/Left@1143,106 (1m18s ago), fg ? | at FillTextFieldAsync: type text (1m17s ago)
2026-06-25 18:42:21Z hc1 (D2R_1): frame CharacterScreen (1m32s ago) [degraded: UI command is active; using process-only status so diagnostics cannot starve menu input.] | last click/Left@1045,475 (1m16s ago), fg ? | at ClickMenuEntryButtonUntilEnteredGameAsync: timeout boundary after connection check (iteration 63): sampling screen-relative HUD (0s ago)
2026-06-25 18:42:21Z hc2 (D2R_2): frame CharacterMenu (1m27s ago) [degraded: Detailed status collection is still running; using process-only fallback.] | last click/Left@1143,106 (1m18s ago), fg ? | at FillTextFieldAsync: type text (1m17s ago)
2026-06-25 18:42:21Z hc3 (D2R_3): frame CharacterScreen (1m30s ago) [degraded: Detailed status collection is still running; using process-only fallback.] | last click/Left@1143,106 (1m21s ago), fg ? | at FillTextFieldAsync: type text (1m20s ago)
2026-06-25 18:42:23Z hc1 (D2R_1): frame CharacterScreen (1m34s ago) [degraded: UI command is active; using process-only status so diagnostics cannot starve menu input.] | last click/Left@1045,475 (1m19s ago), fg ? | at ClickMenuEntryButtonUntilEnteredGameAsync: timeout boundary after connection check (iteration 63): HUD not ready (1s ago)
2026-06-25 18:42:23Z hc2 (D2R_2): frame CharacterMenu (1m29s ago) [degraded: Detailed status collection is still running; using process-only fallback.] | last click/Left@1143,106 (1m20s ago), fg ? | at FillTextFieldAsync: type text (1m20s ago)
2026-06-25 18:42:23Z hc3 (D2R_3): frame CharacterScreen (1m33s ago) [degraded: Detailed status collection is still running; using process-only fallback.] | last click/Left@1143,106 (1m23s ago), fg ? | at FillTextFieldAsync: type text (1m22s ago)
2026-06-25 18:42:26Z hc1 (D2R_1): frame CharacterScreen (1m37s ago) [degraded: UI command is active; using process-only status so diagnostics cannot starve menu input.] | last click/Left@1045,475 (1m21s ago), fg ? | at ClickMenuEntryButtonUntilEnteredGameAsync: timeout boundary after offline-screen check (iteration 63): sampling process-relative HUD (0s ago)
2026-06-25 18:42:26Z hc2 (D2R_2): frame CharacterMenu (1m32s ago) [degraded: Detailed status collection is still running; using process-only fallback.] | last click/Left@1143,106 (1m23s ago), fg ? | at FillTextFieldAsync: type text (1m22s ago)
2026-06-25 18:42:26Z hc3 (D2R_3): frame CharacterScreen (1m35s ago) [degraded: Detailed status collection is still running; using process-only fallback.] | last click/Left@1143,106 (1m26s ago), fg ? | at FillTextFieldAsync: type text (1m25s ago)
2026-06-25 18:42:29Z hc1 (D2R_1): frame CharacterScreen (1m40s ago) [degraded: UI command is active; using process-only status so diagnostics cannot starve menu input.] | last click/Left@1045,475 (1m24s ago), fg ? | at ClickMenuEntryButtonUntilEnteredGameAsync: timeout boundary after offline-screen check (iteration 63): HUD not ready (1s ago)
2026-06-25 18:42:29Z hc2 (D2R_2): frame CharacterMenu (1m34s ago) [degraded: Detailed status collection is still running; using process-only fallback.] | last click/Left@1143,106 (1m25s ago), fg ? | at FillTextFieldAsync: type text (1m25s ago)
2026-06-25 18:42:29Z hc3 (D2R_3): frame CharacterScreen (1m38s ago) [degraded: Detailed status collection is still running; using process-only fallback.] | last click/Left@1143,106 (1m28s ago), fg ? | at FillTextFieldAsync: type text (1m27s ago)
2026-06-25 18:42:31Z hc1 (D2R_1): frame CharacterScreen (1m42s ago) [degraded: UI command is active; using process-only status so diagnostics cannot starve menu input.] | last click/Left@1045,475 (1m27s ago), fg ? | at ClickMenuEntryButtonUntilEnteredGameAsync: timeout boundary (iteration 63): sampling process-relative HUD (0s ago)
2026-06-25 18:42:31Z hc2 (D2R_2): frame CharacterMenu (1m37s ago) [degraded: Detailed status collection is still running; using process-only fallback.] | last click/Left@1143,106 (1m28s ago), fg ? | at FillTextFieldAsync: type text (1m28s ago)
2026-06-25 18:42:31Z hc3 (D2R_3): frame CharacterScreen (1m41s ago) [degraded: Detailed status collection is still running; using process-only fallback.] | last click/Left@1143,106 (1m31s ago), fg ? | at FillTextFieldAsync: type text (1m30s ago)
2026-06-25 18:42:35Z hc1 (D2R_1): frame CharacterScreen (1m45s ago) [degraded: UI command is active; using process-only status so diagnostics cannot starve menu input.] | last click/Left@1045,475 (1m30s ago), fg ? | at FormatGameEntryMenuDiagnostics: checking lobby tab (2s ago)
2026-06-25 18:42:35Z hc2 (D2R_2): frame CharacterMenu (1m40s ago) [degraded: Detailed status collection is still running; using process-only fallback.] | last click/Left@1143,106 (1m31s ago), fg ? | at FillTextFieldAsync: type text (1m31s ago)
2026-06-25 18:42:35Z hc3 (D2R_3): frame CharacterScreen (1m43s ago) [degraded: Detailed status collection is still running; using process-only fallback.] | last click/Left@1143,106 (1m34s ago), fg ? | at FillTextFieldAsync: type text (1m33s ago)
2026-06-25 18:42:37Z hc1 (D2R_1): frame CharacterScreen (1m48s ago) [degraded: UI command is active; using process-only status so diagnostics cannot starve menu input.] | last click/Left@1045,475 (1m32s ago), fg ? | at FormatGameEntryMenuDiagnostics: checking entry button (1s ago)
2026-06-25 18:42:37Z hc2 (D2R_2): frame CharacterMenu (1m43s ago) [degraded: Detailed status collection is still running; using process-only fallback.] | last click/Left@1143,106 (1m34s ago), fg ? | at FillTextFieldAsync: type text (1m34s ago)
2026-06-25 18:42:37Z hc3 (D2R_3): frame CharacterScreen (1m46s ago) [degraded: Detailed status collection is still running; using process-only fallback.] | last click/Left@1143,106 (1m37s ago), fg ? | at FillTextFieldAsync: type text (1m36s ago)
2026-06-25 18:42:40Z hc1 (D2R_1): frame CharacterScreen (1m51s ago) [degraded: UI command is active; using process-only status so diagnostics cannot starve menu input.] | last click/Left@1045,475 (1m35s ago), fg ? | at FormatGameEntryMenuDiagnostics: checking form panel (window-relative) (0s ago)
2026-06-25 18:42:40Z hc2 (D2R_2): frame CharacterMenu (1m46s ago) [degraded: Detailed status collection is still running; using process-only fallback.] | last click/Left@1143,106 (1m37s ago), fg ? | at FillTextFieldAsync: type text (1m36s ago)
2026-06-25 18:42:40Z hc3 (D2R_3): frame CharacterScreen (1m49s ago) [degraded: Detailed status collection is still running; using process-only fallback.] | last click/Left@1143,106 (1m40s ago), fg ? | at FillTextFieldAsync: type text (1m39s ago)
2026-06-25 18:42:42Z hc1 (D2R_1): frame CharacterScreen (1m53s ago) [degraded: Detailed status collection is still running; using process-only fallback.] | last click/Left@1045,475 (1m38s ago), fg ? | at FormatEntryTimeoutMessage: diagnostics formatted (0s ago)
2026-06-25 18:42:42Z hc2 (D2R_2): frame CharacterMenu (1m49s ago) [degraded: Detailed status collection is still running; using process-only fallback.] | last click/Left@1143,106 (1m40s ago), fg ? | at FillTextFieldAsync: type text (1m39s ago)
2026-06-25 18:42:42Z hc3 (D2R_3): frame CharacterScreen (1m52s ago) [degraded: Detailed status collection is still running; using process-only fallback.] | last click/Left@1143,106 (1m42s ago), fg ? | at FillTextFieldAsync: type text (1m42s ago)
